========================================================================
pseudopotential program version  7.3.6   date:  5 - 11 -   14
========================================================================

 ifae =   1    ifpsp =   0    ifprt =   0    ifplw =   0    ilogd =   3
 rlogd=   1.50000     emin=  -2.40000     emax=   1.60000     nnt=   80
 thresh, tol =   1.000E-11   1.000E-09    damp = 0.500    maxit = 250

          *************************************************************
          oxygen               PBE - GGA           exchange-correlation
          *************************************************************

 z =  8.00    xion = 0.00    exfact =   5.00000    irel=   0
 ncspvs =    3
 rmax =  80.00000    aasf =   6.00000    bbsf =  59.00000

 value of mesh generated in rinit is   737
 irel = 0 so all electron calculations use schroedinger equations


                         the system has converged with
                                 delta= 0.8079346D-09


                             the eigenvalues are


          orbital          occupation          energy
           100                   2.00             -37.79633
           200                   2.00              -1.75765
           210                   4.00              -0.66426
 etot=   -149.88797 ryd ;      -2039.22574 ev            ebsr,ehar,emvxc=    -81.76501     72.82073      4.69778

 subroutine lderiv: pass   1

 leaving lderiv
