========================================================================
pseudopotential program version  7.3.6   date: 28 -  4 -   17
========================================================================

 ifae =   1    ifpsp =   0    ifprt =   0    ifplw =   0    ilogd =   3
 rlogd=   2.60000     emin=  -2.00000     emax=   2.00000     nnt=   60
 thresh, tol =   1.000E-10   1.000E-09    damp = 0.500    maxit = 400

          *************************************************************
          Ir                   PBE - GGA           exchange-correlation
          *************************************************************

 z = 77.00    xion = 0.00    exfact =   5.00000    irel=   2
 ncspvs =   15
 rmax = 150.00000    aasf =   7.00000    bbsf =  60.00000

 value of mesh generated in rinit is   983
 irel = 2 so all electron calculations use koelling-harmon equations


                         the system has converged with
                                 delta= 0.7605517D-09


                             the eigenvalues are


          orbital          occupation          energy
           100                   2.00           -5595.71452
           200                   2.00            -978.70176
           210                   6.00            -850.12462
           300                   2.00            -228.76274
           310                   6.00            -191.17135
           320                  10.00            -149.82472
           400                   2.00             -48.65028
           410                   6.00             -36.32351
           420                  10.00             -21.19221
           430                  14.00              -4.37646
           500                   2.00              -7.01352
           510                   6.00              -3.84422
           520                   8.00              -0.39815
           600                   1.00              -0.40788
           610                   0.00              -0.06710
 etot= -35654.60240 ryd ;    -485080.84928 ev            ebsr,ehar,emvxc= -21981.50072  13886.79845    213.69677

 subroutine lderiv: pass   1

 leaving lderiv
