========================================================================
pseudopotential program version  7.3.6   date: 10 - 29 -   15
========================================================================

 ifae =   1    ifpsp =   0    ifprt =   0    ifplw =   0    ilogd =   3
 rlogd=   1.50000     emin=  -2.40000     emax=   1.60000     nnt=   80
 thresh, tol =   1.000E-11   1.000E-09    damp = 0.500    maxit = 250
 z, xion, exfact   8.00000000000000       0.500000000000000     
   5.00000000000000     

          *************************************************************
          oxygen               PBE - GGA           exchange-correlation
          *************************************************************

 z =  8.00    xion = 0.50    exfact =   5.00000    irel=   0
 ncspvs =    3
 rmax =  80.00000    aasf =   6.00000    bbsf =  59.00000

 value of mesh generated in rinit is   737
 irel = 0 so all electron calculations use schroedinger equations


                         the system has converged with
                                 delta= 0.5988872D-09


                             the eigenvalues are


          orbital          occupation          energy
           100                   1.50             -40.72850
           200                   2.00              -2.43093
           210                   4.00              -1.32507
 etot=   -130.26181 ryd ;      -1772.21188 ev            ebsr,ehar,emvxc=    -71.25488     63.11531      4.10837
  davegp - begin printing all-electron states
           3
         737           0         100
  0.000000000000E+00  0.000000000000E+00
  0.529635113499E-05  0.231927948288E-03
  0.106832360010E-04  0.467819842928E-03
  0.161622021457E-04  0.707742876757E-03
  0.217348235702E-04  0.951765357443E-03
  0.274027011807E-04  0.119995672658E-02
  0.331674632488E-04  0.145238757788E-02
  0.390307658791E-04  0.170912967559E-02
  0.449942934849E-04  0.197025597327E-02
  0.510597592724E-04  0.223584063287E-02
  0.572289057325E-04  0.250595904407E-02
  0.635035051415E-04  0.278068784398E-02
  0.698853600706E-04  0.306010493714E-02
  0.763763039030E-04  0.334428951585E-02
  0.829782013614E-04  0.363332208085E-02
  0.896929490432E-04  0.392728446226E-02
  0.965224759654E-04  0.422625984098E-02
  0.103468744119E-03  0.453033277031E-02
  0.110533749032E-03  0.483958919797E-02
  0.117719520345E-03  0.515411648852E-02
  0.125028122389E-03  0.547400344604E-02
  0.132461654785E-03  0.579934033726E-02
  0.140022253043E-03  0.613021891497E-02
  0.147712089177E-03  0.646673244193E-02
  0.155533372328E-03  0.680897571503E-02
  0.163488349398E-03  0.715704508989E-02
  0.171579305700E-03  0.751103850587E-02
  0.179808565607E-03  0.787105551145E-02
  0.188178493228E-03  0.823719729001E-02
  0.196691493080E-03  0.860956668603E-02
  0.205350010784E-03  0.898826823167E-02
  0.214156533764E-03  0.937340817383E-02
  0.223113591964E-03  0.976509450158E-02
  0.232223758573E-03  0.101634369740E-01
  0.241489650766E-03  0.105685471486E-01
  0.250913930455E-03  0.109805384099E-01
  0.260499305052E-03  0.113995259987E-01
  0.270248528251E-03  0.118256270418E-01
  0.280164400814E-03  0.122589605819E-01
  0.290249771379E-03  0.126996476084E-01
  0.300507537280E-03  0.131478110881E-01
  0.310940645372E-03  0.136035759970E-01
  0.321552092887E-03  0.140670693519E-01
  0.332344928287E-03  0.145384202431E-01
  0.343322252146E-03  0.150177598673E-01
  0.354487218036E-03  0.155052215606E-01
  0.365843033437E-03  0.160009408328E-01
  0.377392960653E-03  0.165050554015E-01
  0.389140317755E-03  0.170177052272E-01
  0.401088479533E-03  0.175390325481E-01
  0.413240878461E-03  0.180691819165E-01
  0.425601005689E-03  0.186083002349E-01
  0.438172412041E-03  0.191565367925E-01
  0.450958709041E-03  0.197140433031E-01
  0.463963569943E-03  0.202809739427E-01
  0.477190730792E-03  0.208574853875E-01
  0.490643991496E-03  0.214437368532E-01
  0.504327216916E-03  0.220398901341E-01
  0.518244337978E-03  0.226461096431E-01
  0.532399352802E-03  0.232625624520E-01
  0.546796327850E-03  0.238894183321E-01
  0.561439399093E-03  0.245268497961E-01
  0.576332773203E-03  0.251750321397E-01
  0.591480728758E-03  0.258341434840E-01
  0.606887617473E-03  0.265043648184E-01
  0.622557865448E-03  0.271858800442E-01
  0.638495974442E-03  0.278788760184E-01
  0.654706523167E-03  0.285835425982E-01
  0.671194168598E-03  0.293000726860E-01
  0.687963647318E-03  0.300286622748E-01
  0.705019776872E-03  0.307695104942E-01
  0.722367457158E-03  0.315228196570E-01
  0.740011671827E-03  0.322887953060E-01
  0.757957489721E-03  0.330676462617E-01
  0.776210066327E-03  0.338595846704E-01
  0.794774645257E-03  0.346648260525E-01
  0.813656559754E-03  0.354835893514E-01
  0.832861234228E-03  0.363160969837E-01
  0.852394185810E-03  0.371625748884E-01
  0.872261025938E-03  0.380232525780E-01
  0.892467461973E-03  0.388983631893E-01
  0.913019298830E-03  0.397881435352E-01
  0.933922440657E-03  0.406928341562E-01
  0.955182892520E-03  0.416126793735E-01
  0.976806762136E-03  0.425479273418E-01
  0.998800261625E-03  0.434988301025E-01
  0.102116970929E-02  0.444656436383E-01
  0.104392153145E-02  0.454486279269E-01
  0.106706226425E-02  0.464480469968E-01
  0.109059855559E-02  0.474641689819E-01
  0.111453716698E-02  0.484972661780E-01
  0.113888497552E-02  0.495476150988E-01
  0.116364897587E-02  0.506154965329E-01
  0.118883628224E-02  0.517011956008E-01
  0.121445413047E-02  0.528050018130E-01
  0.124050988005E-02  0.539272091278E-01
  0.126701101631E-02  0.550681160099E-01
  0.129396515252E-02  0.562280254898E-01
  0.132138003206E-02  0.574072452225E-01
  0.134926353070E-02  0.586060875479E-01
  0.137762365885E-02  0.598248695510E-01
  0.140646856380E-02  0.610639131219E-01
  0.143580653215E-02  0.623235450174E-01
  0.146564599212E-02  0.636040969219E-01
  0.149599551601E-02  0.649059055093E-01
  0.152686382266E-02  0.662293125045E-01
  0.155825977993E-02  0.675746647463E-01
  0.159019240728E-02  0.689423142495E-01
  0.162267087832E-02  0.703326182677E-01
  0.165570452350E-02  0.717459393566E-01
  0.168930283274E-02  0.731826454370E-01
  0.172347545819E-02  0.746431098585E-01
  0.175823221697E-02  0.761277114631E-01
  0.179358309404E-02  0.776368346487E-01
  0.182953824502E-02  0.791708694335E-01
  0.186610799913E-02  0.807302115196E-01
  0.190330286214E-02  0.823152623572E-01
  0.194113351943E-02  0.839264292086E-01
  0.197961083901E-02  0.855641252125E-01
  0.201874587466E-02  0.872287694477E-01
  0.205854986914E-02  0.889207869973E-01
  0.209903425735E-02  0.906406090123E-01
  0.214021066967E-02  0.923886727754E-01
  0.218209093530E-02  0.941654217644E-01
  0.222468708561E-02  0.959713057155E-01
  0.226801135767E-02  0.978067806859E-01
  0.231207619770E-02  0.996723091165E-01
  0.235689426467E-02  0.101568359894E+00
  0.240247843395E-02  0.103495408413E+00
  0.244884180098E-02  0.105453936637E+00
  0.249599768506E-02  0.107444433157E+00
  0.254395963318E-02  0.109467393255E+00
  0.259274142386E-02  0.111523318960E+00
  0.264235707117E-02  0.113612719110E+00
  0.269282082872E-02  0.115736109407E+00
  0.274414719379E-02  0.117894012471E+00
  0.279635091143E-02  0.120086957904E+00
  0.284944697877E-02  0.122315482338E+00
  0.290345064928E-02  0.124580129488E+00
  0.295837743717E-02  0.126881450210E+00
  0.301424312185E-02  0.129220002548E+00
  0.307106375243E-02  0.131596351783E+00
  0.312885565239E-02  0.134011070484E+00
  0.318763542423E-02  0.136464738553E+00
  0.324741995424E-02  0.138957943270E+00
  0.330822641735E-02  0.141491279336E+00
  0.337007228208E-02  0.144065348913E+00
  0.343297531556E-02  0.146680761666E+00
  0.349695358861E-02  0.149338134800E+00
  0.356202548094E-02  0.152038093089E+00
  0.362820968646E-02  0.154781268916E+00
  0.369552521861E-02  0.157568302299E+00
  0.376399141583E-02  0.160399840918E+00
  0.383362794714E-02  0.163276540140E+00
  0.390445481777E-02  0.166199063042E+00
  0.397649237491E-02  0.169168080428E+00
  0.404976131354E-02  0.172184270842E+00
  0.412428268243E-02  0.175248320587E+00
  0.420007789012E-02  0.178360923724E+00
  0.427716871110E-02  0.181522782085E+00
  0.435557729208E-02  0.184734605266E+00
  0.443532615832E-02  0.187997110631E+00
  0.451643822013E-02  0.191311023299E+00
  0.459893677943E-02  0.194677076134E+00
  0.468284553647E-02  0.198096009729E+00
  0.476818859661E-02  0.201568572381E+00
  0.485499047726E-02  0.205095520069E+00
  0.494327611491E-02  0.208677616418E+00
  0.503307087233E-02  0.212315632663E+00
  0.512440054580E-02  0.216010347607E+00
  0.521729137258E-02  0.219762547570E+00
  0.531177003841E-02  0.223573026333E+00
  0.540786368517E-02  0.227442585077E+00
  0.550559991872E-02  0.231372032314E+00
  0.560500681678E-02  0.235362183813E+00
  0.570611293702E-02  0.239413862512E+00
  0.580894732528E-02  0.243527898433E+00
  0.591353952390E-02  0.247705128578E+00
  0.601991958018E-02  0.251946396828E+00
  0.612811805506E-02  0.256252553821E+00
  0.623816603186E-02  0.260624456833E+00
  0.635009512524E-02  0.265062969643E+00
  0.646393749026E-02  0.269568962388E+00
  0.657972583163E-02  0.274143311416E+00
  0.669749341310E-02  0.278786899115E+00
  0.681727406702E-02  0.283500613747E+00
  0.693910220405E-02  0.288285349257E+00
  0.706301282306E-02  0.293142005085E+00
  0.718904152117E-02  0.298071485949E+00
  0.731722450399E-02  0.303074701635E+00
  0.744759859600E-02  0.308152566756E+00
  0.758020125116E-02  0.313306000513E+00
  0.771507056366E-02  0.318535926435E+00
  0.785224527882E-02  0.323843272103E+00
  0.799176480430E-02  0.329228968868E+00
  0.813366922135E-02  0.334693951547E+00
  0.827799929636E-02  0.340239158105E+00
  0.842479649258E-02  0.345865529325E+00
  0.857410298199E-02  0.351574008457E+00
  0.872596165747E-02  0.357365540853E+00
  0.888041614507E-02  0.363241073586E+00
  0.903751081658E-02  0.369201555043E+00
  0.919729080225E-02  0.375247934515E+00
  0.935980200378E-02  0.381381161750E+00
  0.952509110751E-02  0.387602186502E+00
  0.969320559778E-02  0.393911958050E+00
  0.986419377064E-02  0.400311424699E+00
  0.100381047477E-01  0.406801533265E+00
  0.102149884902E-01  0.413383228529E+00
  0.103948958134E-01  0.420057452674E+00
  0.105778784012E-01  0.426825144701E+00
  0.107639888209E-01  0.433687239816E+00
  0.109532805386E-01  0.440644668796E+00
  0.111458079340E-01  0.447698357328E+00
  0.113416263165E-01  0.454849225327E+00
  0.115407919410E-01  0.462098186218E+00
  0.117433620239E-01  0.469446146204E+00
  0.119493947596E-01  0.476894003497E+00
  0.121589493374E-01  0.484442647519E+00
  0.123720859583E-01  0.492092958086E+00
  0.125888658522E-01  0.499845804549E+00
  0.128093512959E-01  0.507702044912E+00
  0.130336056306E-01  0.515662524918E+00
  0.132616932801E-01  0.523728077100E+00
  0.134936797696E-01  0.531899519802E+00
  0.137296317445E-01  0.540177656167E+00
  0.139696169890E-01  0.548563273094E+00
  0.142137044464E-01  0.557057140150E+00
  0.144619642382E-01  0.565660008458E+00
  0.147144676847E-01  0.574372609545E+00
  0.149712873252E-01  0.583195654149E+00
  0.152324969390E-01  0.592129830997E+00
  0.154981715666E-01  0.601175805538E+00
  0.157683875312E-01  0.610334218637E+00
  0.160432224606E-01  0.619605685238E+00
  0.163227553096E-01  0.628990792976E+00
  0.166070663825E-01  0.638490100754E+00
  0.168962373564E-01  0.648104137283E+00
  0.171903513045E-01  0.657833399567E+00
  0.174894927201E-01  0.667678351359E+00
  0.177937475407E-01  0.677639421571E+00
  0.181032031729E-01  0.687717002631E+00
  0.184179485172E-01  0.697911448809E+00
  0.187380739939E-01  0.708223074491E+00
  0.190636715688E-01  0.718652152407E+00
  0.193948347799E-01  0.729198911823E+00
  0.197316587639E-01  0.739863536673E+00
  0.200742402838E-01  0.750646163660E+00
  0.204226777567E-01  0.761546880298E+00
  0.207770712820E-01  0.772565722916E+00
  0.211375226699E-01  0.783702674615E+00
  0.215041354713E-01  0.794957663169E+00
  0.218770150068E-01  0.806330558894E+00
  0.222562683976E-01  0.817821172459E+00
  0.226420045959E-01  0.829429252654E+00
  0.230343344161E-01  0.841154484112E+00
  0.234333705670E-01  0.852996484987E+00
  0.238392276841E-01  0.864954804578E+00
  0.242520223621E-01  0.877028920922E+00
  0.246718731891E-01  0.889218238326E+00
  0.250989007800E-01  0.901522084867E+00
  0.255332278116E-01  0.913939709842E+00
  0.259749790577E-01  0.926470281179E+00
  0.264242814248E-01  0.939112882804E+00
  0.268812639888E-01  0.951866511970E+00
  0.273460580319E-01  0.964730076540E+00
  0.278187970806E-01  0.977702392243E+00
  0.282996169435E-01  0.990782179886E+00
  0.287886557510E-01  0.100396806253E+01
  0.292860539943E-01  0.101725856264E+01
  0.297919545665E-01  0.103065209918E+01
  0.303065028029E-01  0.104414698476E+01
  0.308298465233E-01  0.105774142259E+01
  0.313621360742E-01  0.107143350363E+01
  0.319035243721E-01  0.108522120351E+01
  0.324541669474E-01  0.109910237958E+01
  0.330142219890E-01  0.111307476787E+01
  0.335838503899E-01  0.112713598007E+01
  0.341632157934E-01  0.114128350046E+01
  0.347524846399E-01  0.115551468289E+01
  0.353518262149E-01  0.116982674771E+01
  0.359614126977E-01  0.118421677877E+01
  0.365814192106E-01  0.119868172032E+01
  0.372120238697E-01  0.121321837403E+01
  0.378534078352E-01  0.122782339599E+01
  0.385057553646E-01  0.124249329366E+01
  0.391692538645E-01  0.125722442301E+01
  0.398440939453E-01  0.127201298553E+01
  0.405304694755E-01  0.128685502535E+01
  0.412285776375E-01  0.130174642647E+01
  0.419386189841E-01  0.131668290988E+01
  0.426607974967E-01  0.133166003093E+01
  0.433953206431E-01  0.134667317661E+01
  0.441423994375E-01  0.136171756303E+01
  0.449022485013E-01  0.137678823288E+01
  0.456750861243E-01  0.139188005304E+01
  0.464611343280E-01  0.140698771229E+01
  0.472606189287E-01  0.142210571911E+01
  0.480737696029E-01  0.143722839960E+01
  0.489008199529E-01  0.145234989556E+01
  0.497420075745E-01  0.146746416264E+01
  0.505975741245E-01  0.148256496873E+01
  0.514677653907E-01  0.149764589241E+01
  0.523528313620E-01  0.151270032167E+01
  0.532530263010E-01  0.152772145274E+01
  0.541686088161E-01  0.154270228914E+01
  0.550998419365E-01  0.155763564091E+01
  0.560469931874E-01  0.157251412413E+01
  0.570103346672E-01  0.158733016056E+01
  0.579901431250E-01  0.160207597762E+01
  0.589867000411E-01  0.161674360859E+01
  0.600002917068E-01  0.163132489303E+01
  0.610312093074E-01  0.164581147760E+01
  0.620797490057E-01  0.166019481703E+01
  0.631462120267E-01  0.167446617552E+01
  0.642309047447E-01  0.168861662844E+01
  0.653341387710E-01  0.170263706427E+01
  0.664562310432E-01  0.171651818706E+01
  0.675975039168E-01  0.173025051909E+01
  0.687582852574E-01  0.174382440406E+01
  0.699389085350E-01  0.175723001056E+01
  0.711397129198E-01  0.177045733602E+01
  0.723610433798E-01  0.178349621103E+01
  0.736032507795E-01  0.179633630418E+01
  0.748666919810E-01  0.180896712730E+01
  0.761517299466E-01  0.182137804113E+01
  0.774587338427E-01  0.183355826155E+01
  0.787880791465E-01  0.184549686630E+01
  0.801401477529E-01  0.185718280213E+01
  0.815153280852E-01  0.186860489253E+01
  0.829140152060E-01  0.187975184603E+01
  0.843366109312E-01  0.189061226496E+01
  0.857835239449E-01  0.190117465481E+01
  0.872551699172E-01  0.191142743417E+01
  0.887519716236E-01  0.192135894522E+01
  0.902743590662E-01  0.193095746483E+01
  0.918227695974E-01  0.194021121621E+01
  0.933976480457E-01  0.194910838123E+01
  0.949994468432E-01  0.195763711326E+01
  0.966286261556E-01  0.196578555071E+01
  0.982856540146E-01  0.197354183108E+01
  0.999710064523E-01  0.198089410576E+01
  0.101685167638E+00  0.198783055530E+01
  0.103428630017E+00  0.199433940541E+01
  0.105201894451E+00  0.200040894351E+01
  0.107005470367E+00  0.200602753589E+01
  0.108839875896E+00  0.201118364551E+01
  0.110705638027E+00  0.201586585039E+01
  0.112603292758E+00  0.202006286247E+01
  0.114533385248E+00  0.202376354724E+01
  0.116496469976E+00  0.202695694374E+01
  0.118493110897E+00  0.202963228519E+01
  0.120523881608E+00  0.203177902012E+01
  0.122589365511E+00  0.203338683398E+01
  0.124690155978E+00  0.203444567125E+01
  0.126826856526E+00  0.203494575792E+01
  0.129000080988E+00  0.203487762447E+01
  0.131210453690E+00  0.203423212914E+01
  0.133458609628E+00  0.203300048162E+01
  0.135745194654E+00  0.203117426690E+01
  0.138070865660E+00  0.202874546957E+01
  0.140436290766E+00  0.202570649810E+01
  0.142842149513E+00  0.202205020944E+01
  0.145289133057E+00  0.201776993364E+01
  0.147777944370E+00  0.201285949851E+01
  0.150309298440E+00  0.200731325426E+01
  0.152883922474E+00  0.200112609810E+01
  0.155502556113E+00  0.199429349854E+01
  0.158165951639E+00  0.198681151966E+01
  0.160874874195E+00  0.197867684487E+01
  0.163630102002E+00  0.196988680041E+01
  0.166432426582E+00  0.196043937833E+01
  0.169282652990E+00  0.195033325891E+01
  0.172181600041E+00  0.193956783245E+01
  0.175130100546E+00  0.192814322029E+01
  0.178129001552E+00  0.191606029502E+01
  0.181179164585E+00  0.190332069978E+01
  0.184281465899E+00  0.188992686644E+01
  0.187436796724E+00  0.187588203280E+01
  0.190646063526E+00  0.186119025842E+01
  0.193910188265E+00  0.184585643925E+01
  0.197230108660E+00  0.182988632075E+01
  0.200606778462E+00  0.181328650954E+01
  0.204041167722E+00  0.179606448345E+01
  0.207534263072E+00  0.177822859986E+01
  0.211087068013E+00  0.175978810226E+01
  0.214700603196E+00  0.174075312499E+01
  0.218375906719E+00  0.172113469598E+01
  0.222114034428E+00  0.170094473761E+01
  0.225916060212E+00  0.168019606544E+01
  0.229783076321E+00  0.165890238492E+01
  0.233716193673E+00  0.163707828593E+01
  0.237716542178E+00  0.161473923531E+01
  0.241785271057E+00  0.159190156713E+01
  0.245923549178E+00  0.156858247091E+01
  0.250132565388E+00  0.154479997779E+01
  0.254413528856E+00  0.152057294457E+01
  0.258767669420E+00  0.149592103585E+01
  0.263196237940E+00  0.147086470412E+01
  0.267700506659E+00  0.144542516812E+01
  0.272281769565E+00  0.141962438926E+01
  0.276941342767E+00  0.139348504641E+01
  0.281680564869E+00  0.136703050886E+01
  0.286500797360E+00  0.134028480757E+01
  0.291403424997E+00  0.131327260457E+01
  0.296389856212E+00  0.128601916031E+01
  0.301461523510E+00  0.125855029870E+01
  0.306619883881E+00  0.123089236937E+01
  0.311866419224E+00  0.120307220648E+01
  0.317202636767E+00  0.117511708350E+01
  0.322630069502E+00  0.114705466280E+01
  0.328150276624E+00  0.111891293922E+01
  0.333764843983E+00  0.109072017660E+01
  0.339475384535E+00  0.106250483646E+01
  0.345283538809E+00  0.103429549829E+01
  0.351190975373E+00  0.100612077160E+01
  0.357199391322E+00  0.978009200324E+00
  0.363310512755E+00  0.949989161272E+00
  0.369526095281E+00  0.922088758920E+00
  0.375847924515E+00  0.894335719731E+00
  0.382277816597E+00  0.866757289547E+00
  0.388817618711E+00  0.839380137942E+00
  0.395469209615E+00  0.812230272943E+00
  0.402234500182E+00  0.785332969067E+00
  0.409115433950E+00  0.758712710229E+00
  0.416113987677E+00  0.732393147915E+00
  0.423232171914E+00  0.706397073138E+00
  0.430472031575E+00  0.680746399507E+00
  0.437835646533E+00  0.655462153407E+00
  0.445325132213E+00  0.630564467111E+00
  0.452942640197E+00  0.606072570674E+00
  0.460690358849E+00  0.582004779708E+00
  0.468570513939E+00  0.558378477195E+00
  0.476585369283E+00  0.535210089170E+00
  0.484737227393E+00  0.512515055067E+00
  0.493028430141E+00  0.490307794502E+00
  0.501461359428E+00  0.468601672413E+00
  0.510038437872E+00  0.447408964645E+00
  0.518762129502E+00  0.426740825615E+00
  0.527634940466E+00  0.406607259475E+00
  0.536659419750E+00  0.387017095665E+00
  0.545838159912E+00  0.367977969519E+00
  0.555173797828E+00  0.349496308196E+00
  0.564669015445E+00  0.331577322126E+00
  0.574326540555E+00  0.314225001911E+00
  0.584149147579E+00  0.297442120626E+00
  0.594139658362E+00  0.281230241366E+00
  0.604300942983E+00  0.265589729863E+00
  0.614635920584E+00  0.250519772012E+00
  0.625147560203E+00  0.236018396091E+00
  0.635838881632E+00  0.222082499520E+00
  0.646712956279E+00  0.208707879929E+00
  0.657772908056E+00  0.195889270365E+00
  0.669021914274E+00  0.183620378396E+00
  0.680463206553E+00  0.171893928926E+00
  0.692100071757E+00  0.160701710435E+00
  0.703935852930E+00  0.150034624428E+00
  0.715973950265E+00  0.139882737783E+00
  0.728217822073E+00  0.130235337732E+00
  0.740670985782E+00  0.121080989114E+00
  0.753337018944E+00  0.112407593636E+00
  0.766219560267E+00  0.104202450715E+00
  0.779322310655E+00  0.964523196168E-01
  0.792649034274E+00  0.891434824623E-01
  0.806203559634E+00  0.822618077775E-01
  0.819989780688E+00  0.757928141615E-01
  0.834011657951E+00  0.697217337531E-01
  0.848273219637E+00  0.640335750668E-01
  0.862778562816E+00  0.587131848965E-01
  0.877531854593E+00  0.537453088805E-01
  0.892537333304E+00  0.491146504489E-01
  0.907799309730E+00  0.448059277860E-01
  0.923322168344E+00  0.408039285625E-01
  0.939110368562E+00  0.370935621198E-01
  0.955168446029E+00  0.336599089069E-01
  0.971501013919E+00  0.304882669088E-01
  0.988112764263E+00  0.275641949209E-01
  0.100500846930E+01  0.248735524711E-01
  0.102219298283E+01  0.224025363013E-01
  0.103967124163E+01  0.201377132790E-01
  0.105744826688E+01  0.180660497070E-01
  0.107552916556E+01  0.161749369719E-01
  0.109391913198E+01  0.144522135556E-01
  0.111262344920E+01  0.128861834162E-01
  0.113164749062E+01  0.114656308166E-01
  0.115099672148E+01  0.101798316668E-01
  0.117067670044E+01  0.901856150654E-02
  0.119069308118E+01  0.797210024565E-02
  0.121105161400E+01  0.703123382956E-02
  0.123175814753E+01  0.618725299047E-02
  0.125281863036E+01  0.543194928116E-02
  0.127423911275E+01  0.475760858525E-02
  0.129602574838E+01  0.415700232116E-02
  0.131818479615E+01  0.362337655424E-02
  0.134072262192E+01  0.315043924534E-02
  0.136364570036E+01  0.273234585927E-02
  0.138696061684E+01  0.236368356251E-02
  0.141067406927E+01  0.203945423220E-02
  0.143479287008E+01  0.175505649753E-02
  0.145932394813E+01  0.150626702495E-02
  0.148427435072E+01  0.128922125215E-02
  0.150965124562E+01  0.110039376372E-02
  0.153546192313E+01  0.936578490992E-03
  0.156171379815E+01  0.794868904810E-03
  0.158841441233E+01  0.672638356416E-03
  0.161557143624E+01  0.567520707182E-03
  0.164319267158E+01  0.477391372578E-03
  0.167128605339E+01  0.400348890941E-03
  0.169985965236E+01  0.334697111865E-03
  0.172892167712E+01  0.278928084496E-03
  0.175848047663E+01  0.231705710767E-03
  0.178854454257E+01  0.191850215050E-03
  0.181912251176E+01  0.158323467702E-03
  0.185022316866E+01  0.130215187900E-03
  0.188185544788E+01  0.106730038969E-03
  0.191402843677E+01  0.871756191648E-04
  0.194675137801E+01  0.709513408535E-04
  0.198003367225E+01  0.575381828039E-04
  0.201388488087E+01  0.464892925818E-04
  0.204831472865E+01  0.374214099178E-04
  0.208333310664E+01  0.300070763961E-04
  0.211895007492E+01  0.239675927008E-04
  0.215517586556E+01  0.190666811368E-04
  0.219202088554E+01  0.151048087773E-04
  0.222949571972E+01  0.119141247340E-04
  0.226761113389E+01  0.935396402779E-05
  0.230637807786E+01  0.730686985280E-05
  0.234580768864E+01  0.567508579170E-05
  0.238591129359E+01  0.437746931603E-05
  0.242670041369E+01  0.334677761034E-05
  0.246818676688E+01  0.252727589727E-05
  0.251038227138E+01  0.187261666711E-05
  0.255329904913E+01  0.134393478627E-05
  0.259694942931E+01  0.908097531674E-06
  0.264134595182E+01  0.536038783670E-06
  0.268650137092E+01  0.201090995253E-06
  0.273242865889E+01  0.000000000000E+00
  0.277914100975E+01  0.000000000000E+00
  0.282665184305E+01  0.000000000000E+00
  0.287497480775E+01  0.000000000000E+00
  0.292412378608E+01  0.000000000000E+00
  0.297411289761E+01  0.000000000000E+00
  0.302495650323E+01  0.000000000000E+00
  0.307666920934E+01  0.000000000000E+00
  0.312926587198E+01  0.000000000000E+00
  0.318276160117E+01  0.000000000000E+00
  0.323717176519E+01  0.000000000000E+00
  0.329251199502E+01  0.000000000000E+00
  0.334879818885E+01  0.000000000000E+00
  0.340604651661E+01  0.000000000000E+00
  0.346427342464E+01  0.000000000000E+00
  0.352349564040E+01  0.000000000000E+00
  0.358373017729E+01  0.000000000000E+00
  0.364499433952E+01  0.000000000000E+00
  0.370730572710E+01  0.000000000000E+00
  0.377068224089E+01  0.000000000000E+00
  0.383514208773E+01  0.000000000000E+00
  0.390070378570E+01  0.000000000000E+00
  0.396738616939E+01  0.000000000000E+00
  0.403520839537E+01  0.000000000000E+00
  0.410418994764E+01  0.000000000000E+00
  0.417435064329E+01  0.000000000000E+00
  0.424571063811E+01  0.000000000000E+00
  0.431829043244E+01  0.000000000000E+00
  0.439211087707E+01  0.000000000000E+00
  0.446719317918E+01  0.000000000000E+00
  0.454355890845E+01  0.000000000000E+00
  0.462123000329E+01  0.000000000000E+00
  0.470022877710E+01  0.000000000000E+00
  0.478057792469E+01  0.000000000000E+00
  0.486230052882E+01  0.000000000000E+00
  0.494542006682E+01  0.000000000000E+00
  0.502996041732E+01  0.000000000000E+00
  0.511594586712E+01  0.000000000000E+00
  0.520340111819E+01  0.000000000000E+00
  0.529235129472E+01  0.000000000000E+00
  0.538282195038E+01  0.000000000000E+00
  0.547483907563E+01  0.000000000000E+00
  0.556842910522E+01  0.000000000000E+00
  0.566361892575E+01  0.000000000000E+00
  0.576043588341E+01  0.000000000000E+00
  0.585890779185E+01  0.000000000000E+00
  0.595906294013E+01  0.000000000000E+00
  0.606093010089E+01  0.000000000000E+00
  0.616453853860E+01  0.000000000000E+00
  0.626991801796E+01  0.000000000000E+00
  0.637709881244E+01  0.000000000000E+00
  0.648611171303E+01  0.000000000000E+00
  0.659698803701E+01  0.000000000000E+00
  0.670975963701E+01  0.000000000000E+00
  0.682445891012E+01  0.000000000000E+00
  0.694111880723E+01  0.000000000000E+00
  0.705977284247E+01  0.000000000000E+00
  0.718045510285E+01  0.000000000000E+00
  0.730320025805E+01  0.000000000000E+00
  0.742804357036E+01  0.000000000000E+00
  0.755502090487E+01  0.000000000000E+00
  0.768416873970E+01  0.000000000000E+00
  0.781552417653E+01  0.000000000000E+00
  0.794912495123E+01  0.000000000000E+00
  0.808500944471E+01  0.000000000000E+00
  0.822321669397E+01  0.000000000000E+00
  0.836378640327E+01  0.000000000000E+00
  0.850675895557E+01  0.000000000000E+00
  0.865217542412E+01  0.000000000000E+00
  0.880007758426E+01  0.000000000000E+00
  0.895050792540E+01  0.000000000000E+00
  0.910350966329E+01  0.000000000000E+00
  0.925912675235E+01  0.000000000000E+00
  0.941740389837E+01  0.000000000000E+00
  0.957838657131E+01  0.000000000000E+00
  0.974212101837E+01  0.000000000000E+00
  0.990865427729E+01  0.000000000000E+00
  0.100780341899E+02  0.000000000000E+00
  0.102503094156E+02  0.000000000000E+00
  0.104255294460E+02  0.000000000000E+00
  0.106037446182E+02  0.000000000000E+00
  0.107850061301E+02  0.000000000000E+00
  0.109693660545E+02  0.000000000000E+00
  0.111568773546E+02  0.000000000000E+00
  0.113475938986E+02  0.000000000000E+00
  0.115415704758E+02  0.000000000000E+00
  0.117388628119E+02  0.000000000000E+00
  0.119395275851E+02  0.000000000000E+00
  0.121436224425E+02  0.000000000000E+00
  0.123512060167E+02  0.000000000000E+00
  0.125623379424E+02  0.000000000000E+00
  0.127770788737E+02  0.000000000000E+00
  0.129954905016E+02  0.000000000000E+00
  0.132176355714E+02  0.000000000000E+00
  0.134435779011E+02  0.000000000000E+00
  0.136733823996E+02  0.000000000000E+00
  0.139071150853E+02  0.000000000000E+00
  0.141448431051E+02  0.000000000000E+00
  0.143866347536E+02  0.000000000000E+00
  0.146325594929E+02  0.000000000000E+00
  0.148826879724E+02  0.000000000000E+00
  0.151370920491E+02  0.000000000000E+00
  0.153958448085E+02  0.000000000000E+00
  0.156590205852E+02  0.000000000000E+00
  0.159266949846E+02  0.000000000000E+00
  0.161989449042E+02  0.000000000000E+00
  0.164758485562E+02  0.000000000000E+00
  0.167574854897E+02  0.000000000000E+00
  0.170439366135E+02  0.000000000000E+00
  0.173352842195E+02  0.000000000000E+00
  0.176316120062E+02  0.000000000000E+00
  0.179330051029E+02  0.000000000000E+00
  0.182395500940E+02  0.000000000000E+00
  0.185513350438E+02  0.000000000000E+00
  0.188684495222E+02  0.000000000000E+00
  0.191909846301E+02  0.000000000000E+00
  0.195190330255E+02  0.000000000000E+00
  0.198526889504E+02  0.000000000000E+00
  0.201920482577E+02  0.000000000000E+00
  0.205372084387E+02  0.000000000000E+00
  0.208882686513E+02  0.000000000000E+00
  0.212453297483E+02  0.000000000000E+00
  0.216084943064E+02  0.000000000000E+00
  0.219778666558E+02  0.000000000000E+00
  0.223535529101E+02  0.000000000000E+00
  0.227356609965E+02  0.000000000000E+00
  0.231243006874E+02  0.000000000000E+00
  0.235195836314E+02  0.000000000000E+00
  0.239216233857E+02  0.000000000000E+00
  0.243305354485E+02  0.000000000000E+00
  0.247464372923E+02  0.000000000000E+00
  0.251694483977E+02  0.000000000000E+00
  0.255996902876E+02  0.000000000000E+00
  0.260372865621E+02  0.000000000000E+00
  0.264823629342E+02  0.000000000000E+00
  0.269350472658E+02  0.000000000000E+00
  0.273954696042E+02  0.000000000000E+00
  0.278637622200E+02  0.000000000000E+00
  0.283400596445E+02  0.000000000000E+00
  0.288244987087E+02  0.000000000000E+00
  0.293172185826E+02  0.000000000000E+00
  0.298183608151E+02  0.000000000000E+00
  0.303280693747E+02  0.000000000000E+00
  0.308464906907E+02  0.000000000000E+00
  0.313737736956E+02  0.000000000000E+00
  0.319100698676E+02  0.000000000000E+00
  0.324555332743E+02  0.000000000000E+00
  0.330103206165E+02  0.000000000000E+00
  0.335745912742E+02  0.000000000000E+00
  0.341485073512E+02  0.000000000000E+00
  0.347322337226E+02  0.000000000000E+00
  0.353259380817E+02  0.000000000000E+00
  0.359297909882E+02  0.000000000000E+00
  0.365439659174E+02  0.000000000000E+00
  0.371686393098E+02  0.000000000000E+00
  0.378039906221E+02  0.000000000000E+00
  0.384502023784E+02  0.000000000000E+00
  0.391074602228E+02  0.000000000000E+00
  0.397759529727E+02  0.000000000000E+00
  0.404558726733E+02  0.000000000000E+00
  0.411474146522E+02  0.000000000000E+00
  0.418507775762E+02  0.000000000000E+00
  0.425661635077E+02  0.000000000000E+00
  0.432937779633E+02  0.000000000000E+00
  0.440338299725E+02  0.000000000000E+00
  0.447865321380E+02  0.000000000000E+00
  0.455521006966E+02  0.000000000000E+00
  0.463307555812E+02  0.000000000000E+00
  0.471227204844E+02  0.000000000000E+00
  0.479282229223E+02  0.000000000000E+00
  0.487474943003E+02  0.000000000000E+00
  0.495807699790E+02  0.000000000000E+00
  0.504282893426E+02  0.000000000000E+00
  0.512902958668E+02  0.000000000000E+00
  0.521670371896E+02  0.000000000000E+00
  0.530587651817E+02  0.000000000000E+00
  0.539657360193E+02  0.000000000000E+00
  0.548882102576E+02  0.000000000000E+00
  0.558264529055E+02  0.000000000000E+00
  0.567807335021E+02  0.000000000000E+00
  0.577513261938E+02  0.000000000000E+00
  0.587385098129E+02  0.000000000000E+00
  0.597425679582E+02  0.000000000000E+00
  0.607637890763E+02  0.000000000000E+00
  0.618024665441E+02  0.000000000000E+00
  0.628588987537E+02  0.000000000000E+00
  0.639333891975E+02  0.000000000000E+00
  0.650262465558E+02  0.000000000000E+00
  0.661377847856E+02  0.000000000000E+00
  0.672683232100E+02  0.000000000000E+00
  0.684181866111E+02  0.000000000000E+00
  0.695877053222E+02  0.000000000000E+00
  0.707772153235E+02  0.000000000000E+00
  0.719870583381E+02  0.000000000000E+00
  0.732175819307E+02  0.000000000000E+00
  0.744691396067E+02  0.000000000000E+00
  0.757420909145E+02  0.000000000000E+00
  0.770368015483E+02  0.000000000000E+00
  0.783536434535E+02  0.000000000000E+00
  0.796929949333E+02  0.000000000000E+00
  0.810552407574E+02  0.000000000000E+00
         737           0         200
  0.000000000000E+00  0.000000000000E+00
  0.529635113499E-05  0.567462528287E-04
  0.106832360010E-04  0.114462371898E-03
  0.161622021457E-04  0.173164797339E-03
  0.217348235702E-04  0.232870242041E-03
  0.274027011807E-04  0.293595696331E-03
  0.331674632488E-04  0.355358432411E-03
  0.390307658791E-04  0.418176008878E-03
  0.449942934849E-04  0.482066275312E-03
  0.510597592724E-04  0.547047376937E-03
  0.572289057325E-04  0.613137759360E-03
  0.635035051415E-04  0.680356173388E-03
  0.698853600706E-04  0.748721679922E-03
  0.763763039030E-04  0.818253654929E-03
  0.829782013614E-04  0.888971794496E-03
  0.896929490432E-04  0.960896119967E-03
  0.965224759654E-04  0.103404698316E-02
  0.103468744119E-03  0.110844507166E-02
  0.110533749032E-03  0.118411141423E-02
  0.117719520345E-03  0.126106738625E-02
  0.125028122389E-03  0.133933471532E-02
  0.132461654785E-03  0.141893548685E-02
  0.140022253043E-03  0.149989214986E-02
  0.147712089177E-03  0.158222752277E-02
  0.155533372328E-03  0.166596479935E-02
  0.163488349398E-03  0.175112755470E-02
  0.171579305700E-03  0.183773975142E-02
  0.179808565607E-03  0.192582574576E-02
  0.188178493228E-03  0.201541029396E-02
  0.196691493080E-03  0.210651855863E-02
  0.205350010784E-03  0.219917611532E-02
  0.214156533764E-03  0.229340895904E-02
  0.223113591964E-03  0.238924351104E-02
  0.232223758573E-03  0.248670662562E-02
  0.241489650766E-03  0.258582559700E-02
  0.250913930455E-03  0.268662816644E-02
  0.260499305052E-03  0.278914252928E-02
  0.270248528251E-03  0.289339734226E-02
  0.280164400814E-03  0.299942173087E-02
  0.290249771379E-03  0.310724529677E-02
  0.300507537280E-03  0.321689812544E-02
  0.310940645372E-03  0.332841079382E-02
  0.321552092887E-03  0.344181437818E-02
  0.332344928287E-03  0.355714046198E-02
  0.343322252146E-03  0.367442114396E-02
  0.354487218036E-03  0.379368904630E-02
  0.365843033437E-03  0.391497732287E-02
  0.377392960653E-03  0.403831966766E-02
  0.389140317755E-03  0.416375032327E-02
  0.401088479533E-03  0.429130408957E-02
  0.413240878461E-03  0.442101633245E-02
  0.425601005689E-03  0.455292299271E-02
  0.438172412041E-03  0.468706059502E-02
  0.450958709041E-03  0.482346625711E-02
  0.463963569943E-03  0.496217769896E-02
  0.477190730792E-03  0.510323325221E-02
  0.490643991496E-03  0.524667186964E-02
  0.504327216916E-03  0.539253313476E-02
  0.518244337978E-03  0.554085727160E-02
  0.532399352802E-03  0.569168515455E-02
  0.546796327850E-03  0.584505831835E-02
  0.561439399093E-03  0.600101896819E-02
  0.576332773203E-03  0.615960999000E-02
  0.591480728758E-03  0.632087496074E-02
  0.606887617473E-03  0.648485815896E-02
  0.622557865448E-03  0.665160457535E-02
  0.638495974442E-03  0.682115992354E-02
  0.654706523167E-03  0.699357065089E-02
  0.671194168598E-03  0.716888394955E-02
  0.687963647318E-03  0.734714776750E-02
  0.705019776872E-03  0.752841081982E-02
  0.722367457158E-03  0.771272260007E-02
  0.740011671827E-03  0.790013339171E-02
  0.757957489721E-03  0.809069427976E-02
  0.776210066327E-03  0.828445716249E-02
  0.794774645257E-03  0.848147476327E-02
  0.813656559754E-03  0.868180064259E-02
  0.832861234228E-03  0.888548921008E-02
  0.852394185810E-03  0.909259573678E-02
  0.872261025938E-03  0.930317636745E-02
  0.892467461973E-03  0.951728813303E-02
  0.913019298830E-03  0.973498896323E-02
  0.933922440657E-03  0.995633769920E-02
  0.955182892520E-03  0.101813941064E-01
  0.976806762136E-03  0.104102188874E-01
  0.998800261625E-03  0.106428736951E-01
  0.102116970929E-02  0.108794211457E-01
  0.104392153145E-02  0.111199248324E-01
  0.106706226425E-02  0.113644493381E-01
  0.109059855559E-02  0.116130602495E-01
  0.111453716698E-02  0.118658241706E-01
  0.113888497552E-02  0.121228087361E-01
  0.116364897587E-02  0.123840826257E-01
  0.118883628224E-02  0.126497155779E-01
  0.121445413047E-02  0.129197784038E-01
  0.124050988005E-02  0.131943430015E-01
  0.126701101631E-02  0.134734823703E-01
  0.129396515252E-02  0.137572706253E-01
  0.132138003206E-02  0.140457830113E-01
  0.134926353070E-02  0.143390959179E-01
  0.137762365885E-02  0.146372868938E-01
  0.140646856380E-02  0.149404346617E-01
  0.143580653215E-02  0.152486191331E-01
  0.146564599212E-02  0.155619214230E-01
  0.149599551601E-02  0.158804238652E-01
  0.152686382266E-02  0.162042100270E-01
  0.155825977993E-02  0.165333647247E-01
  0.159019240728E-02  0.168679740384E-01
  0.162267087832E-02  0.172081253274E-01
  0.165570452350E-02  0.175539072455E-01
  0.168930283274E-02  0.179054097563E-01
  0.172347545819E-02  0.182627241485E-01
  0.175823221697E-02  0.186259430517E-01
  0.179358309404E-02  0.189951604511E-01
  0.182953824502E-02  0.193704717037E-01
  0.186610799913E-02  0.197519735532E-01
  0.190330286214E-02  0.201397641459E-01
  0.194113351943E-02  0.205339430461E-01
  0.197961083901E-02  0.209346112510E-01
  0.201874587466E-02  0.213418712070E-01
  0.205854986914E-02  0.217558268244E-01
  0.209903425735E-02  0.221765834933E-01
  0.214021066967E-02  0.226042480982E-01
  0.218209093530E-02  0.230389290341E-01
  0.222468708561E-02  0.234807362209E-01
  0.226801135767E-02  0.239297811190E-01
  0.231207619770E-02  0.243861767438E-01
  0.235689426467E-02  0.248500376811E-01
  0.240247843395E-02  0.253214801012E-01
  0.244884180098E-02  0.258006217741E-01
  0.249599768506E-02  0.262875820834E-01
  0.254395963318E-02  0.267824820408E-01
  0.259274142386E-02  0.272854443002E-01
  0.264235707117E-02  0.277965931711E-01
  0.269282082872E-02  0.283160546329E-01
  0.274414719379E-02  0.288439563477E-01
  0.279635091143E-02  0.293804276737E-01
  0.284944697877E-02  0.299255996776E-01
  0.290345064928E-02  0.304796051478E-01
  0.295837743717E-02  0.310425786057E-01
  0.301424312185E-02  0.316146563183E-01
  0.307106375243E-02  0.321959763092E-01
  0.312885565239E-02  0.327866783696E-01
  0.318763542423E-02  0.333869040690E-01
  0.324741995424E-02  0.339967967658E-01
  0.330822641735E-02  0.346165016159E-01
  0.337007228208E-02  0.352461655831E-01
  0.343297531556E-02  0.358859374467E-01
  0.349695358861E-02  0.365359678102E-01
  0.356202548094E-02  0.371964091085E-01
  0.362820968646E-02  0.378674156146E-01
  0.369552521861E-02  0.385491434460E-01
  0.376399141583E-02  0.392417505698E-01
  0.383362794714E-02  0.399453968079E-01
  0.390445481777E-02  0.406602438403E-01
  0.397649237491E-02  0.413864552085E-01
  0.404976131354E-02  0.421241963178E-01
  0.412428268243E-02  0.428736344384E-01
  0.420007789012E-02  0.436349387058E-01
  0.427716871110E-02  0.444082801205E-01
  0.435557729208E-02  0.451938315458E-01
  0.443532615832E-02  0.459917677054E-01
  0.451643822013E-02  0.468022651794E-01
  0.459893677943E-02  0.476255023990E-01
  0.468284553647E-02  0.484616596408E-01
  0.476818859661E-02  0.493109190181E-01
  0.485499047726E-02  0.501734644729E-01
  0.494327611491E-02  0.510494817650E-01
  0.503307087233E-02  0.519391584599E-01
  0.512440054580E-02  0.528426839158E-01
  0.521729137258E-02  0.537602492683E-01
  0.531177003841E-02  0.546920474133E-01
  0.540786368517E-02  0.556382729892E-01
  0.550559991872E-02  0.565991223561E-01
  0.560500681678E-02  0.575747935735E-01
  0.570611293702E-02  0.585654863765E-01
  0.580894732528E-02  0.595714021492E-01
  0.591353952390E-02  0.605927438965E-01
  0.601991958018E-02  0.616297162133E-01
  0.612811805506E-02  0.626825252519E-01
  0.623816603186E-02  0.637513786864E-01
  0.635009512524E-02  0.648364856750E-01
  0.646393749026E-02  0.659380568198E-01
  0.657972583163E-02  0.670563041235E-01
  0.669749341310E-02  0.681914409435E-01
  0.681727406702E-02  0.693436819435E-01
  0.693910220405E-02  0.705132430417E-01
  0.706301282306E-02  0.717003413556E-01
  0.718904152117E-02  0.729051951445E-01
  0.731722450399E-02  0.741280237479E-01
  0.744759859600E-02  0.753690475208E-01
  0.758020125116E-02  0.766284877649E-01
  0.771507056366E-02  0.779065666572E-01
  0.785224527882E-02  0.792035071737E-01
  0.799176480430E-02  0.805195330096E-01
  0.813366922135E-02  0.818548684952E-01
  0.827799929636E-02  0.832097385083E-01
  0.842479649258E-02  0.845843683807E-01
  0.857410298199E-02  0.859789838021E-01
  0.872596165747E-02  0.873938107176E-01
  0.888041614507E-02  0.888290752214E-01
  0.903751081658E-02  0.902850034455E-01
  0.919729080225E-02  0.917618214422E-01
  0.935980200378E-02  0.932597550629E-01
  0.952509110751E-02  0.947790298301E-01
  0.969320559778E-02  0.963198708044E-01
  0.986419377064E-02  0.978825024452E-01
  0.100381047477E-01  0.994671484661E-01
  0.102149884902E-01  0.101074031683E+00
  0.103948958134E-01  0.102703373858E+00
  0.105778784012E-01  0.104355395531E+00
  0.107639888209E-01  0.106030315856E+00
  0.109532805386E-01  0.107728352416E+00
  0.111458079340E-01  0.109449721041E+00
  0.113416263165E-01  0.111194635615E+00
  0.115407919410E-01  0.112963307875E+00
  0.117433620239E-01  0.114755947206E+00
  0.119493947596E-01  0.116572760420E+00
  0.121589493374E-01  0.118413951535E+00
  0.123720859583E-01  0.120279721542E+00
  0.125888658522E-01  0.122170268161E+00
  0.128093512959E-01  0.124085785593E+00
  0.130336056306E-01  0.126026464258E+00
  0.132616932801E-01  0.127992490528E+00
  0.134936797696E-01  0.129984046445E+00
  0.137296317445E-01  0.132001309434E+00
  0.139696169890E-01  0.134044452003E+00
  0.142137044464E-01  0.136113641435E+00
  0.144619642382E-01  0.138209039463E+00
  0.147144676847E-01  0.140330801944E+00
  0.149712873252E-01  0.142479078512E+00
  0.152324969390E-01  0.144654012227E+00
  0.154981715666E-01  0.146855739207E+00
  0.157683875312E-01  0.149084388249E+00
  0.160432224606E-01  0.151340080441E+00
  0.163227553096E-01  0.153622928758E+00
  0.166070663825E-01  0.155933037643E+00
  0.168962373564E-01  0.158270502583E+00
  0.171903513045E-01  0.160635409664E+00
  0.174894927201E-01  0.163027835113E+00
  0.177937475407E-01  0.165447844831E+00
  0.181032031729E-01  0.167895493904E+00
  0.184179485172E-01  0.170370826112E+00
  0.187380739939E-01  0.172873873404E+00
  0.190636715688E-01  0.175404655379E+00
  0.193948347799E-01  0.177963178738E+00
  0.197316587639E-01  0.180549436723E+00
  0.200742402838E-01  0.183163408543E+00
  0.204226777567E-01  0.185805058782E+00
  0.207770712820E-01  0.188474336793E+00
  0.211375226699E-01  0.191171176071E+00
  0.215041354713E-01  0.193895493612E+00
  0.218770150068E-01  0.196647189257E+00
  0.222562683976E-01  0.199426145017E+00
  0.226420045959E-01  0.202232224375E+00
  0.230343344161E-01  0.205065271584E+00
  0.234333705670E-01  0.207925110933E+00
  0.238392276841E-01  0.210811546005E+00
  0.242520223621E-01  0.213724358910E+00
  0.246718731891E-01  0.216663309506E+00
  0.250989007800E-01  0.219628134600E+00
  0.255332278116E-01  0.222618547124E+00
  0.259749790577E-01  0.225634235305E+00
  0.264242814248E-01  0.228674861807E+00
  0.268812639888E-01  0.231740062857E+00
  0.273460580319E-01  0.234829447355E+00
  0.278187970806E-01  0.237942595961E+00
  0.282996169435E-01  0.241079060169E+00
  0.287886557510E-01  0.244238361360E+00
  0.292860539943E-01  0.247419989836E+00
  0.297919545665E-01  0.250623403838E+00
  0.303065028029E-01  0.253848028544E+00
  0.308298465233E-01  0.257093255054E+00
  0.313621360742E-01  0.260358439354E+00
  0.319035243721E-01  0.263642901259E+00
  0.324541669474E-01  0.266945923352E+00
  0.330142219890E-01  0.270266749894E+00
  0.335838503899E-01  0.273604585727E+00
  0.341632157934E-01  0.276958595155E+00
  0.347524846399E-01  0.280327900817E+00
  0.353518262149E-01  0.283711582540E+00
  0.359614126977E-01  0.287108676186E+00
  0.365814192106E-01  0.290518172478E+00
  0.372120238697E-01  0.293939015822E+00
  0.378534078352E-01  0.297370103112E+00
  0.385057553646E-01  0.300810282530E+00
  0.391692538645E-01  0.304258352335E+00
  0.398440939453E-01  0.307713059646E+00
  0.405304694755E-01  0.311173099211E+00
  0.412285776375E-01  0.314637112187E+00
  0.419386189841E-01  0.318103684898E+00
  0.426607974967E-01  0.321571347600E+00
  0.433953206431E-01  0.325038573250E+00
  0.441423994375E-01  0.328503776263E+00
  0.449022485013E-01  0.331965311281E+00
  0.456750861243E-01  0.335421471945E+00
  0.464611343280E-01  0.338870489671E+00
  0.472606189287E-01  0.342310532438E+00
  0.480737696029E-01  0.345739703580E+00
  0.489008199529E-01  0.349156040603E+00
  0.497420075745E-01  0.352557514004E+00
  0.505975741245E-01  0.355942026115E+00
  0.514677653907E-01  0.359307409970E+00
  0.523528313620E-01  0.362651428189E+00
  0.532530263010E-01  0.365971771893E+00
  0.541686088161E-01  0.369266059646E+00
  0.550998419365E-01  0.372531836435E+00
  0.560469931874E-01  0.375766572675E+00
  0.570103346672E-01  0.378967663267E+00
  0.579901431250E-01  0.382132426691E+00
  0.589867000411E-01  0.385258104145E+00
  0.600002917068E-01  0.388341858742E+00
  0.610312093074E-01  0.391380774755E+00
  0.620797490057E-01  0.394371856927E+00
  0.631462120267E-01  0.397312029838E+00
  0.642309047447E-01  0.400198137349E+00
  0.653341387710E-01  0.403026942111E+00
  0.664562310432E-01  0.405795125159E+00
  0.675975039168E-01  0.408499285579E+00
  0.687582852574E-01  0.411135940278E+00
  0.699389085350E-01  0.413701523830E+00
  0.711397129198E-01  0.416192388439E+00
  0.723610433798E-01  0.418604803989E+00
  0.736032507795E-01  0.420934958219E+00
  0.748666919810E-01  0.423178957006E+00
  0.761517299466E-01  0.425332824773E+00
  0.774587338427E-01  0.427392505026E+00
  0.787880791465E-01  0.429353861026E+00
  0.801401477529E-01  0.431212676602E+00
  0.815153280852E-01  0.432964657109E+00
  0.829140152060E-01  0.434605430552E+00
  0.843366109312E-01  0.436130548854E+00
  0.857835239449E-01  0.437535489310E+00
  0.872551699172E-01  0.438815656205E+00
  0.887519716236E-01  0.439966382620E+00
  0.902743590662E-01  0.440982932425E+00
  0.918227695974E-01  0.441860502474E+00
  0.933976480457E-01  0.442594224994E+00
  0.949994468432E-01  0.443179170197E+00
  0.966286261556E-01  0.443610349104E+00
  0.982856540146E-01  0.443882716597E+00
  0.999710064523E-01  0.443991174698E+00
  0.101685167638E+00  0.443930576101E+00
  0.103428630017E+00  0.443695727937E+00
  0.105201894451E+00  0.443281395803E+00
  0.107005470367E+00  0.442682308043E+00
  0.108839875896E+00  0.441893160307E+00
  0.110705638027E+00  0.440908620373E+00
  0.112603292758E+00  0.439723333254E+00
  0.114533385248E+00  0.438331926592E+00
  0.116496469976E+00  0.436729016341E+00
  0.118493110897E+00  0.434909212743E+00
  0.120523881608E+00  0.432867126615E+00
  0.122589365511E+00  0.430597375930E+00
  0.124690155978E+00  0.428094592716E+00
  0.126826856526E+00  0.425353430266E+00
  0.129000080988E+00  0.422368570664E+00
  0.131210453690E+00  0.419134732622E+00
  0.133458609628E+00  0.415646679655E+00
  0.135745194654E+00  0.411899228554E+00
  0.138070865660E+00  0.407887258196E+00
  0.140436290766E+00  0.403605718667E+00
  0.142842149513E+00  0.399049640707E+00
  0.145289133057E+00  0.394214145466E+00
  0.147777944370E+00  0.389094454577E+00
  0.150309298440E+00  0.383685900531E+00
  0.152883922474E+00  0.377983937363E+00
  0.155502556113E+00  0.371984151621E+00
  0.158165951639E+00  0.365682273634E+00
  0.160874874195E+00  0.359074189047E+00
  0.163630102002E+00  0.352155950632E+00
  0.166432426582E+00  0.344923790351E+00
  0.169282652990E+00  0.337374131657E+00
  0.172181600041E+00  0.329503602028E+00
  0.175130100546E+00  0.321309045717E+00
  0.178129001552E+00  0.312787536681E+00
  0.181179164585E+00  0.303936391705E+00
  0.184281465899E+00  0.294753183667E+00
  0.187436796724E+00  0.285235754951E+00
  0.190646063526E+00  0.275382230958E+00
  0.193910188265E+00  0.265191033720E+00
  0.197230108660E+00  0.254660895565E+00
  0.200606778462E+00  0.243790872830E+00
  0.204041167722E+00  0.232580359576E+00
  0.207534263072E+00  0.221029101286E+00
  0.211087068013E+00  0.209137208513E+00
  0.214700603196E+00  0.196905170453E+00
  0.218375906719E+00  0.184333868390E+00
  0.222114034428E+00  0.171424589008E+00
  0.225916060212E+00  0.158179037506E+00
  0.229783076321E+00  0.144599350494E+00
  0.233716193673E+00  0.130688108616E+00
  0.237716542178E+00  0.116448348865E+00
  0.241785271057E+00  0.101883576532E+00
  0.245923549178E+00  0.869977767384E-01
  0.250132565388E+00  0.717954254834E-01
  0.254413528856E+00  0.562815001438E-01
  0.258767669420E+00  0.404614893427E-01
  0.263196237940E+00  0.243414020968E-01
  0.267700506659E+00  0.792777614060E-02
  0.272281769565E+00 -0.877231469040E-02
  0.276941342767E+00 -0.257512541477E-01
  0.281680564869E+00 -0.430008784750E-01
  0.286500797360E+00 -0.605124726883E-01
  0.291403424997E+00 -0.782767683913E-01
  0.296389856212E+00 -0.962839432931E-01
  0.301461523510E+00 -0.114523622566E+00
  0.306619883881E+00 -0.132984882164E+00
  0.311866419224E+00 -0.151656254129E+00
  0.317202636767E+00 -0.170525733870E+00
  0.322630069502E+00 -0.189580789203E+00
  0.328150276624E+00 -0.208808370841E+00
  0.333764843983E+00 -0.228194923790E+00
  0.339475384535E+00 -0.247726398948E+00
  0.345283538809E+00 -0.267388264000E+00
  0.351190975373E+00 -0.287165512643E+00
  0.357199391322E+00 -0.307042671125E+00
  0.363310512755E+00 -0.327003801279E+00
  0.369526095281E+00 -0.347032499494E+00
  0.375847924515E+00 -0.367111891612E+00
  0.382277816597E+00 -0.387224624275E+00
  0.388817618711E+00 -0.407352854047E+00
  0.395469209615E+00 -0.427478236195E+00
  0.402234500182E+00 -0.447581915685E+00
  0.409115433950E+00 -0.467644523112E+00
  0.416113987677E+00 -0.487646178325E+00
  0.423232171914E+00 -0.507566503859E+00
  0.430472031575E+00 -0.527384649520E+00
  0.437835646533E+00 -0.547079328066E+00
  0.445325132213E+00 -0.566628860921E+00
  0.452942640197E+00 -0.586011231601E+00
  0.460690358849E+00 -0.605204144217E+00
  0.468570513939E+00 -0.624185084148E+00
  0.476585369283E+00 -0.642931378647E+00
  0.484737227393E+00 -0.661420255638E+00
  0.493028430141E+00 -0.679628900008E+00
  0.501461359428E+00 -0.697534507142E+00
  0.510038437872E+00 -0.715114334208E+00
  0.518762129502E+00 -0.732345749736E+00
  0.527634940466E+00 -0.749206282340E+00
  0.536659419750E+00 -0.765673669151E+00
  0.545838159912E+00 -0.781725904632E+00
  0.555173797828E+00 -0.797341290048E+00
  0.564669015445E+00 -0.812498483890E+00
  0.574326540555E+00 -0.827176553249E+00
  0.584149147579E+00 -0.841355026118E+00
  0.594139658362E+00 -0.855013944407E+00
  0.604300942983E+00 -0.868133917459E+00
  0.614635920584E+00 -0.880696175735E+00
  0.625147560203E+00 -0.892682624344E+00
  0.635838881632E+00 -0.904075896070E+00
  0.646712956279E+00 -0.914859403516E+00
  0.657772908056E+00 -0.925017390073E+00
  0.669021914274E+00 -0.934534979280E+00
  0.680463206553E+00 -0.943398222422E+00
  0.692100071757E+00 -0.951594143875E+00
  0.703935852930E+00 -0.959110784182E+00
  0.715973950265E+00 -0.965937240352E+00
  0.728217822073E+00 -0.972063703483E+00
  0.740670985782E+00 -0.977481493169E+00
  0.753337018944E+00 -0.982183088947E+00
  0.766219560267E+00 -0.986162158173E+00
  0.779322310655E+00 -0.989413580729E+00
  0.792649034274E+00 -0.991933469905E+00
  0.806203559634E+00 -0.993719189967E+00
  0.819989780688E+00 -0.994769369728E+00
  0.834011657951E+00 -0.995083912733E+00
  0.848273219637E+00 -0.994664003333E+00
  0.862778562816E+00 -0.993512109382E+00
  0.877531854593E+00 -0.991631980770E+00
  0.892537333304E+00 -0.989028644644E+00
  0.907799309730E+00 -0.985708396491E+00
  0.923322168344E+00 -0.981678788027E+00
  0.939110368562E+00 -0.976948611026E+00
  0.955168446029E+00 -0.971527878142E+00
  0.971501013919E+00 -0.965427799813E+00
  0.988112764263E+00 -0.958660758368E+00
  0.100500846930E+01 -0.951240278426E+00
  0.102219298283E+01 -0.943180994758E+00
  0.103967124163E+01 -0.934498616686E+00
  0.105744826688E+01 -0.925209890222E+00
  0.107552916556E+01 -0.915332557056E+00
  0.109391913198E+01 -0.904885311566E+00
  0.111262344920E+01 -0.893887755003E+00
  0.113164749062E+01 -0.882360348015E+00
  0.115099672148E+01 -0.870324360677E+00
  0.117067670044E+01 -0.857801821167E+00
  0.119069308118E+01 -0.844815462300E+00
  0.121105161400E+01 -0.831388667001E+00
  0.123175814753E+01 -0.817545411975E+00
  0.125281863036E+01 -0.803310210589E+00
  0.127423911275E+01 -0.788708054294E+00
  0.129602574838E+01 -0.773764353484E+00
  0.131818479615E+01 -0.758504877230E+00
  0.134072262192E+01 -0.742955692635E+00
  0.136364570036E+01 -0.727143103384E+00
  0.138696061684E+01 -0.711093588066E+00
  0.141067406927E+01 -0.694833737976E+00
  0.143479287008E+01 -0.678390194835E+00
  0.145932394813E+01 -0.661789588240E+00
  0.148427435072E+01 -0.645058473170E+00
  0.150965124562E+01 -0.628223267477E+00
  0.153546192313E+01 -0.611310189572E+00
  0.156171379815E+01 -0.594345196376E+00
  0.158841441233E+01 -0.577353921644E+00
  0.161557143624E+01 -0.560361614883E+00
  0.164319267158E+01 -0.543393080890E+00
  0.167128605339E+01 -0.526472620304E+00
  0.169985965236E+01 -0.509623971124E+00
  0.172892167712E+01 -0.492870251771E+00
  0.175848047663E+01 -0.476233905598E+00
  0.178854454257E+01 -0.459736647573E+00
  0.181912251176E+01 -0.443399413036E+00
  0.185022316866E+01 -0.427242309355E+00
  0.188185544788E+01 -0.411284570369E+00
  0.191402843677E+01 -0.395544514513E+00
  0.194675137801E+01 -0.380039506472E+00
  0.198003367225E+01 -0.364785923275E+00
  0.201388488087E+01 -0.349799124591E+00
  0.204831472865E+01 -0.335093428099E+00
  0.208333310664E+01 -0.320682089578E+00
  0.211895007492E+01 -0.306577288483E+00
  0.215517586556E+01 -0.292790118510E+00
  0.219202088554E+01 -0.279330583771E+00
  0.222949571972E+01 -0.266207599921E+00
  0.226761113389E+01 -0.253429000699E+00
  0.230637807786E+01 -0.241001549087E+00
  0.234580768864E+01 -0.228930953356E+00
  0.238591129359E+01 -0.217221887134E+00
  0.242670041369E+01 -0.205878013599E+00
  0.246818676688E+01 -0.194902012877E+00
  0.251038227138E+01 -0.184295612654E+00
  0.255329904913E+01 -0.174059621096E+00
  0.259694942931E+01 -0.164193962006E+00
  0.264134595182E+01 -0.154697711397E+00
  0.268650137092E+01 -0.145569135412E+00
  0.273242865889E+01 -0.136805728871E+00
  0.277914100975E+01 -0.128404254421E+00
  0.282665184305E+01 -0.120360781729E+00
  0.287497480775E+01 -0.112670726750E+00
  0.292412378608E+01 -0.105328890683E+00
  0.297411289761E+01 -0.983294987246E-01
  0.302495650323E+01 -0.916662383709E-01
  0.307666920934E+01 -0.853322974639E-01
  0.312926587198E+01 -0.793204018349E-01
  0.318276160117E+01 -0.736228527760E-01
  0.323717176519E+01 -0.682315642669E-01
  0.329251199502E+01 -0.631381001724E-01
  0.334879818885E+01 -0.583337113606E-01
  0.340604651661E+01 -0.538093729025E-01
  0.346427342464E+01 -0.495558212796E-01
  0.352349564040E+01 -0.455635916793E-01
  0.358373017729E+01 -0.418230552541E-01
  0.364499433952E+01 -0.383244563301E-01
  0.370730572710E+01 -0.350579493870E-01
  0.377068224089E+01 -0.320136357077E-01
  0.383514208773E+01 -0.291815994746E-01
  0.390070378570E+01 -0.265519431488E-01
  0.396738616939E+01 -0.241148218860E-01
  0.403520839537E+01 -0.218604767932E-01
  0.410418994764E+01 -0.197792667826E-01
  0.417435064329E+01 -0.178616988291E-01
  0.424571063811E+01 -0.160984564120E-01
  0.431829043244E+01 -0.144804259757E-01
  0.439211087707E+01 -0.129987212385E-01
  0.446719317918E+01 -0.116447052260E-01
  0.454355890845E+01 -0.104100099192E-01
  0.462123000329E+01 -0.928655344939E-02
  0.470022877710E+01 -0.826655479174E-02
  0.478057792469E+01 -0.734254594895E-02
  0.486230052882E+01 -0.650738163706E-02
  0.494542006682E+01 -0.575424651979E-02
  0.502996041732E+01 -0.507666005750E-02
  0.511594586712E+01 -0.446847906429E-02
  0.520340111819E+01 -0.392389808321E-02
  0.529235129472E+01 -0.343744771019E-02
  0.538282195038E+01 -0.300399100899E-02
  0.547483907563E+01 -0.261871817348E-02
  0.556842910522E+01 -0.227713960010E-02
  0.566361892575E+01 -0.197507754113E-02
  0.576043588341E+01 -0.170865651098E-02
  0.585890779185E+01 -0.147429261976E-02
  0.595906294013E+01 -0.126868200576E-02
  0.606093010089E+01 -0.108878853566E-02
  0.616453853860E+01 -0.931830934932E-03
  0.626991801796E+01 -0.795269504492E-03
  0.637709881244E+01 -0.676792570391E-03
  0.648611171303E+01 -0.574302804128E-03
  0.659698803701E+01 -0.485903540231E-03
  0.670975963701E+01 -0.409885206568E-03
  0.682445891012E+01 -0.344711971022E-03
  0.694111880723E+01 -0.289008696162E-03
  0.705977284247E+01 -0.241548281446E-03
  0.718045510285E+01 -0.201239460554E-03
  0.730320025805E+01 -0.167115109756E-03
  0.742804357036E+01 -0.138321112014E-03
  0.755502090487E+01 -0.114105810797E-03
  0.768416873970E+01 -0.938100775809E-04
  0.781552417653E+01 -0.768580076761E-04
  0.794912495123E+01 -0.627482505752E-04
  0.808500944471E+01 -0.510459733137E-04
  0.822321669397E+01 -0.413754485834E-04
  0.836378640327E+01 -0.334132534248E-04
  0.850675895557E+01 -0.268820592906E-04
  0.865217542412E+01 -0.215449900931E-04
  0.880007758426E+01 -0.172005214831E-04
  0.895050792540E+01 -0.136778920174E-04
  0.910350966329E+01 -0.108329950006E-04
  0.925912675235E+01 -0.854471855385E-05
  0.941740389837E+01 -0.671170071823E-05
  0.957838657131E+01 -0.524946741030E-05
  0.974212101837E+01 -0.408791890382E-05
  0.990865427729E+01 -0.316913390891E-05
  0.100780341899E+02 -0.244546012439E-05
  0.102503094156E+02 -0.187786159998E-05
  0.104255294460E+02 -0.143449474476E-05
  0.106037446182E+02 -0.108948637085E-05
  0.107850061301E+02 -0.821888718958E-06
  0.109693660545E+02 -0.614787883904E-06
  0.111568773546E+02 -0.454543336684E-06
  0.113475938986E+02 -0.330137190050E-06
  0.115415704758E+02 -0.232612293842E-06
  0.117388628119E+02 -0.154577918144E-06
  0.119395275851E+02 -0.897603097134E-07
  0.121436224425E+02 -0.325722246381E-07
  0.123512060167E+02  0.000000000000E+00
  0.125623379424E+02  0.000000000000E+00
  0.127770788737E+02  0.000000000000E+00
  0.129954905016E+02  0.000000000000E+00
  0.132176355714E+02  0.000000000000E+00
  0.134435779011E+02  0.000000000000E+00
  0.136733823996E+02  0.000000000000E+00
  0.139071150853E+02  0.000000000000E+00
  0.141448431051E+02  0.000000000000E+00
  0.143866347536E+02  0.000000000000E+00
  0.146325594929E+02  0.000000000000E+00
  0.148826879724E+02  0.000000000000E+00
  0.151370920491E+02  0.000000000000E+00
  0.153958448085E+02  0.000000000000E+00
  0.156590205852E+02  0.000000000000E+00
  0.159266949846E+02  0.000000000000E+00
  0.161989449042E+02  0.000000000000E+00
  0.164758485562E+02  0.000000000000E+00
  0.167574854897E+02  0.000000000000E+00
  0.170439366135E+02  0.000000000000E+00
  0.173352842195E+02  0.000000000000E+00
  0.176316120062E+02  0.000000000000E+00
  0.179330051029E+02  0.000000000000E+00
  0.182395500940E+02  0.000000000000E+00
  0.185513350438E+02  0.000000000000E+00
  0.188684495222E+02  0.000000000000E+00
  0.191909846301E+02  0.000000000000E+00
  0.195190330255E+02  0.000000000000E+00
  0.198526889504E+02  0.000000000000E+00
  0.201920482577E+02  0.000000000000E+00
  0.205372084387E+02  0.000000000000E+00
  0.208882686513E+02  0.000000000000E+00
  0.212453297483E+02  0.000000000000E+00
  0.216084943064E+02  0.000000000000E+00
  0.219778666558E+02  0.000000000000E+00
  0.223535529101E+02  0.000000000000E+00
  0.227356609965E+02  0.000000000000E+00
  0.231243006874E+02  0.000000000000E+00
  0.235195836314E+02  0.000000000000E+00
  0.239216233857E+02  0.000000000000E+00
  0.243305354485E+02  0.000000000000E+00
  0.247464372923E+02  0.000000000000E+00
  0.251694483977E+02  0.000000000000E+00
  0.255996902876E+02  0.000000000000E+00
  0.260372865621E+02  0.000000000000E+00
  0.264823629342E+02  0.000000000000E+00
  0.269350472658E+02  0.000000000000E+00
  0.273954696042E+02  0.000000000000E+00
  0.278637622200E+02  0.000000000000E+00
  0.283400596445E+02  0.000000000000E+00
  0.288244987087E+02  0.000000000000E+00
  0.293172185826E+02  0.000000000000E+00
  0.298183608151E+02  0.000000000000E+00
  0.303280693747E+02  0.000000000000E+00
  0.308464906907E+02  0.000000000000E+00
  0.313737736956E+02  0.000000000000E+00
  0.319100698676E+02  0.000000000000E+00
  0.324555332743E+02  0.000000000000E+00
  0.330103206165E+02  0.000000000000E+00
  0.335745912742E+02  0.000000000000E+00
  0.341485073512E+02  0.000000000000E+00
  0.347322337226E+02  0.000000000000E+00
  0.353259380817E+02  0.000000000000E+00
  0.359297909882E+02  0.000000000000E+00
  0.365439659174E+02  0.000000000000E+00
  0.371686393098E+02  0.000000000000E+00
  0.378039906221E+02  0.000000000000E+00
  0.384502023784E+02  0.000000000000E+00
  0.391074602228E+02  0.000000000000E+00
  0.397759529727E+02  0.000000000000E+00
  0.404558726733E+02  0.000000000000E+00
  0.411474146522E+02  0.000000000000E+00
  0.418507775762E+02  0.000000000000E+00
  0.425661635077E+02  0.000000000000E+00
  0.432937779633E+02  0.000000000000E+00
  0.440338299725E+02  0.000000000000E+00
  0.447865321380E+02  0.000000000000E+00
  0.455521006966E+02  0.000000000000E+00
  0.463307555812E+02  0.000000000000E+00
  0.471227204844E+02  0.000000000000E+00
  0.479282229223E+02  0.000000000000E+00
  0.487474943003E+02  0.000000000000E+00
  0.495807699790E+02  0.000000000000E+00
  0.504282893426E+02  0.000000000000E+00
  0.512902958668E+02  0.000000000000E+00
  0.521670371896E+02  0.000000000000E+00
  0.530587651817E+02  0.000000000000E+00
  0.539657360193E+02  0.000000000000E+00
  0.548882102576E+02  0.000000000000E+00
  0.558264529055E+02  0.000000000000E+00
  0.567807335021E+02  0.000000000000E+00
  0.577513261938E+02  0.000000000000E+00
  0.587385098129E+02  0.000000000000E+00
  0.597425679582E+02  0.000000000000E+00
  0.607637890763E+02  0.000000000000E+00
  0.618024665441E+02  0.000000000000E+00
  0.628588987537E+02  0.000000000000E+00
  0.639333891975E+02  0.000000000000E+00
  0.650262465558E+02  0.000000000000E+00
  0.661377847856E+02  0.000000000000E+00
  0.672683232100E+02  0.000000000000E+00
  0.684181866111E+02  0.000000000000E+00
  0.695877053222E+02  0.000000000000E+00
  0.707772153235E+02  0.000000000000E+00
  0.719870583381E+02  0.000000000000E+00
  0.732175819307E+02  0.000000000000E+00
  0.744691396067E+02  0.000000000000E+00
  0.757420909145E+02  0.000000000000E+00
  0.770368015483E+02  0.000000000000E+00
  0.783536434535E+02  0.000000000000E+00
  0.796929949333E+02  0.000000000000E+00
  0.810552407574E+02  0.000000000000E+00
         737           1         210
  0.000000000000E+00  0.000000000000E+00
  0.529635113499E-05  0.507436578744E-09
  0.106832360010E-04  0.206458883813E-08
  0.161622021457E-04  0.472529029427E-08
  0.217348235702E-04  0.854552890500E-08
  0.274027011807E-04  0.135835262010E-07
  0.331674632488E-04  0.198998192080E-07
  0.390307658791E-04  0.275573452642E-07
  0.449942934849E-04  0.366215298317E-07
  0.510597592724E-04  0.471603774073E-07
  0.572289057325E-04  0.592445656396E-07
  0.635035051415E-04  0.729475427638E-07
  0.698853600706E-04  0.883456284695E-07
  0.763763039030E-04  0.105518118321E-06
  0.829782013614E-04  0.124547391850E-06
  0.896929490432E-04  0.145519024457E-06
  0.965224759654E-04  0.168521903240E-06
  0.103468744119E-03  0.193648346900E-06
  0.110533749032E-03  0.220994229850E-06
  0.117719520345E-03  0.250659110695E-06
  0.125028122389E-03  0.282746365206E-06
  0.132461654785E-03  0.317363323967E-06
  0.140022253043E-03  0.354621414845E-06
  0.147712089177E-03  0.394636310454E-06
  0.155533372328E-03  0.437528080782E-06
  0.163488349398E-03  0.483421351166E-06
  0.171579305700E-03  0.532445465789E-06
  0.179808565607E-03  0.584734656905E-06
  0.188178493228E-03  0.640428219973E-06
  0.196691493080E-03  0.699670694918E-06
  0.205350010784E-03  0.762612053723E-06
  0.214156533764E-03  0.829407894571E-06
  0.223113591964E-03  0.900219642766E-06
  0.232223758573E-03  0.975214758661E-06
  0.241489650766E-03  0.105456695285E-05
  0.250913930455E-03  0.113845640884E-05
  0.260499305052E-03  0.122707001351E-05
  0.270248528251E-03  0.132060159558E-05
  0.280164400814E-03  0.141925217239E-05
  0.290249771379E-03  0.152323020527E-05
  0.300507537280E-03  0.163275186380E-05
  0.310940645372E-03  0.174804129922E-05
  0.321552092887E-03  0.186933092744E-05
  0.332344928287E-03  0.199686172175E-05
  0.343322252146E-03  0.213088351584E-05
  0.354487218036E-03  0.227165531722E-05
  0.365843033437E-03  0.241944563159E-05
  0.377392960653E-03  0.257453279845E-05
  0.389140317755E-03  0.273720533830E-05
  0.401088479533E-03  0.290776231198E-05
  0.413240878461E-03  0.308651369231E-05
  0.425601005689E-03  0.327378074875E-05
  0.438172412041E-03  0.346989644525E-05
  0.450958709041E-03  0.367520585199E-05
  0.463963569943E-03  0.389006657121E-05
  0.477190730792E-03  0.411484917789E-05
  0.490643991496E-03  0.434993767561E-05
  0.504327216916E-03  0.459572996813E-05
  0.518244337978E-03  0.485263834727E-05
  0.532399352802E-03  0.512108999763E-05
  0.546796327850E-03  0.540152751869E-05
  0.561439399093E-03  0.569440946497E-05
  0.576332773203E-03  0.600021090470E-05
  0.591480728758E-03  0.631942399784E-05
  0.606887617473E-03  0.665255859391E-05
  0.622557865448E-03  0.700014285041E-05
  0.638495974442E-03  0.736272387258E-05
  0.654706523167E-03  0.774086837502E-05
  0.671194168598E-03  0.813516336615E-05
  0.687963647318E-03  0.854621685613E-05
  0.705019776872E-03  0.897465858907E-05
  0.722367457158E-03  0.942114080037E-05
  0.740011671827E-03  0.988633900006E-05
  0.757957489721E-03  0.103709527829E-04
  0.776210066327E-03  0.108757066664E-04
  0.794774645257E-03  0.114013509573E-04
  0.813656559754E-03  0.119486626478E-04
  0.832861234228E-03  0.125184463426E-04
  0.852394185810E-03  0.131115352177E-04
  0.872261025938E-03  0.137287920111E-04
  0.892467461973E-03  0.143711100488E-04
  0.913019298830E-03  0.150394143045E-04
  0.933922440657E-03  0.157346624963E-04
  0.955182892520E-03  0.164578462204E-04
  0.976806762136E-03  0.172099921235E-04
  0.998800261625E-03  0.179921631154E-04
  0.102116970929E-02  0.188054596225E-04
  0.104392153145E-02  0.196510208842E-04
  0.106706226425E-02  0.205300262936E-04
  0.109059855559E-02  0.214436967834E-04
  0.111453716698E-02  0.223932962589E-04
  0.113888497552E-02  0.233801330805E-04
  0.116364897587E-02  0.244055615950E-04
  0.118883628224E-02  0.254709837207E-04
  0.121445413047E-02  0.265778505848E-04
  0.124050988005E-02  0.277276642169E-04
  0.126701101631E-02  0.289219793002E-04
  0.129396515252E-02  0.301624049812E-04
  0.132138003206E-02  0.314506067416E-04
  0.134926353070E-02  0.327883083326E-04
  0.137762365885E-02  0.341772937757E-04
  0.140646856380E-02  0.356194094297E-04
  0.143580653215E-02  0.371165661291E-04
  0.146564599212E-02  0.386707413933E-04
  0.149599551601E-02  0.402839817114E-04
  0.152686382266E-02  0.419584049034E-04
  0.155825977993E-02  0.436962025612E-04
  0.159019240728E-02  0.454996425717E-04
  0.162267087832E-02  0.473710717251E-04
  0.165570452350E-02  0.493129184108E-04
  0.168930283274E-02  0.513276954037E-04
  0.172347545819E-02  0.534180027446E-04
  0.175823221697E-02  0.555865307168E-04
  0.179358309404E-02  0.578360629230E-04
  0.182953824502E-02  0.601694794654E-04
  0.186610799913E-02  0.625897602319E-04
  0.190330286214E-02  0.650999882928E-04
  0.194113351943E-02  0.677033534110E-04
  0.197961083901E-02  0.704031556699E-04
  0.201874587466E-02  0.732028092219E-04
  0.205854986914E-02  0.761058461629E-04
  0.209903425735E-02  0.791159205353E-04
  0.214021066967E-02  0.822368124653E-04
  0.218209093530E-02  0.854724324372E-04
  0.222468708561E-02  0.888268257110E-04
  0.226801135767E-02  0.923041768862E-04
  0.231207619770E-02  0.959088146174E-04
  0.235689426467E-02  0.996452164874E-04
  0.240247843395E-02  0.103518014041E-03
  0.244884180098E-02  0.107531997985E-03
  0.249599768506E-02  0.111692123566E-03
  0.254395963318E-02  0.116003516115E-03
  0.259274142386E-02  0.120471476789E-03
  0.264235707117E-02  0.125101488491E-03
  0.269282082872E-02  0.129899221995E-03
  0.274414719379E-02  0.134870542264E-03
  0.279635091143E-02  0.140021514981E-03
  0.284944697877E-02  0.145358413297E-03
  0.290345064928E-02  0.150887724800E-03
  0.295837743717E-02  0.156616158705E-03
  0.301424312185E-02  0.162550653294E-03
  0.307106375243E-02  0.168698383591E-03
  0.312885565239E-02  0.175066769287E-03
  0.318763542423E-02  0.181663482932E-03
  0.324741995424E-02  0.188496458390E-03
  0.330822641735E-02  0.195573899568E-03
  0.337007228208E-02  0.202904289438E-03
  0.343297531556E-02  0.210496399343E-03
  0.349695358861E-02  0.218359298613E-03
  0.356202548094E-02  0.226502364492E-03
  0.362820968646E-02  0.234935292386E-03
  0.369552521861E-02  0.243668106445E-03
  0.376399141583E-02  0.252711170488E-03
  0.383362794714E-02  0.262075199278E-03
  0.390445481777E-02  0.271771270171E-03
  0.397649237491E-02  0.281810835125E-03
  0.404976131354E-02  0.292205733116E-03
  0.412428268243E-02  0.302968202934E-03
  0.420007789012E-02  0.314110896407E-03
  0.427716871110E-02  0.325646892037E-03
  0.435557729208E-02  0.337589709083E-03
  0.443532615832E-02  0.349953322087E-03
  0.451643822013E-02  0.362752175869E-03
  0.459893677943E-02  0.376001201000E-03
  0.468284553647E-02  0.389715829769E-03
  0.476818859661E-02  0.403912012652E-03
  0.485499047726E-02  0.418606235315E-03
  0.494327611491E-02  0.433815536145E-03
  0.503307087233E-02  0.449557524344E-03
  0.512440054580E-02  0.465850398594E-03
  0.521729137258E-02  0.482712966307E-03
  0.531177003841E-02  0.500164663485E-03
  0.540786368517E-02  0.518225575204E-03
  0.550559991872E-02  0.536916456740E-03
  0.560500681678E-02  0.556258755357E-03
  0.570611293702E-02  0.576274632781E-03
  0.580894732528E-02  0.596986988364E-03
  0.591353952390E-02  0.618419482983E-03
  0.601991958018E-02  0.640596563676E-03
  0.612811805506E-02  0.663543489038E-03
  0.623816603186E-02  0.687286355409E-03
  0.635009512524E-02  0.711852123870E-03
  0.646393749026E-02  0.737268648073E-03
  0.657972583163E-02  0.763564702918E-03
  0.669749341310E-02  0.790770014120E-03
  0.681727406702E-02  0.818915288678E-03
  0.693910220405E-02  0.848032246270E-03
  0.706301282306E-02  0.878153651609E-03
  0.718904152117E-02  0.909313347785E-03
  0.731722450399E-02  0.941546290605E-03
  0.744759859600E-02  0.974888583989E-03
  0.758020125116E-02  0.100937751641E-02
  0.771507056366E-02  0.104505159847E-02
  0.785224527882E-02  0.108195060153E-02
  0.799176480430E-02  0.112011559758E-02
  0.813366922135E-02  0.115958900025E-02
  0.827799929636E-02  0.120041460703E-02
  0.842479649258E-02  0.124263764276E-02
  0.857410298199E-02  0.128630480444E-02
  0.872596165747E-02  0.133146430725E-02
  0.888041614507E-02  0.137816593206E-02
  0.903751081658E-02  0.142646107420E-02
  0.919729080225E-02  0.147640279378E-02
  0.935980200378E-02  0.152804586733E-02
  0.952509110751E-02  0.158144684103E-02
  0.969320559778E-02  0.163666408548E-02
  0.986419377064E-02  0.169375785197E-02
  0.100381047477E-01  0.175279033041E-02
  0.102149884902E-01  0.181382570892E-02
  0.103948958134E-01  0.187693023504E-02
  0.105778784012E-01  0.194217227880E-02
  0.107639888209E-01  0.200962239738E-02
  0.109532805386E-01  0.207935340177E-02
  0.111458079340E-01  0.215144042514E-02
  0.113416263165E-01  0.222596099320E-02
  0.115407919410E-01  0.230299509643E-02
  0.117433620239E-01  0.238262526437E-02
  0.119493947596E-01  0.246493664185E-02
  0.121589493374E-01  0.255001706739E-02
  0.123720859583E-01  0.263795715363E-02
  0.125888658522E-01  0.272885036997E-02
  0.128093512959E-01  0.282279312743E-02
  0.130336056306E-01  0.291988486569E-02
  0.132616932801E-01  0.302022814256E-02
  0.134936797696E-01  0.312392872561E-02
  0.137296317445E-01  0.323109568641E-02
  0.139696169890E-01  0.334184149700E-02
  0.142137044464E-01  0.345628212901E-02
  0.144619642382E-01  0.357453715517E-02
  0.147144676847E-01  0.369672985351E-02
  0.149712873252E-01  0.382298731412E-02
  0.152324969390E-01  0.395344054858E-02
  0.154981715666E-01  0.408822460209E-02
  0.157683875312E-01  0.422747866838E-02
  0.160432224606E-01  0.437134620743E-02
  0.163227553096E-01  0.451997506595E-02
  0.166070663825E-01  0.467351760084E-02
  0.168962373564E-01  0.483213080550E-02
  0.171903513045E-01  0.499597643913E-02
  0.174894927201E-01  0.516522115903E-02
  0.177937475407E-01  0.534003665592E-02
  0.181032031729E-01  0.552059979234E-02
  0.184179485172E-01  0.570709274417E-02
  0.187380739939E-01  0.589970314525E-02
  0.190636715688E-01  0.609862423519E-02
  0.193948347799E-01  0.630405501034E-02
  0.197316587639E-01  0.651620037807E-02
  0.200742402838E-01  0.673527131413E-02
  0.204226777567E-01  0.696148502343E-02
  0.207770712820E-01  0.719506510396E-02
  0.211375226699E-01  0.743624171410E-02
  0.215041354713E-01  0.768525174314E-02
  0.218770150068E-01  0.794233898516E-02
  0.222562683976E-01  0.820775431615E-02
  0.226420045959E-01  0.848175587449E-02
  0.230343344161E-01  0.876460924467E-02
  0.234333705670E-01  0.905658764428E-02
  0.238392276841E-01  0.935797211425E-02
  0.242520223621E-01  0.966905171239E-02
  0.246718731891E-01  0.999012371000E-02
  0.250989007800E-01  0.103214937917E-01
  0.255332278116E-01  0.106634762585E-01
  0.259749790577E-01  0.110163942334E-01
  0.264242814248E-01  0.113805798711E-01
  0.268812639888E-01  0.117563745692E-01
  0.273460580319E-01  0.121441291832E-01
  0.278187970806E-01  0.125442042445E-01
  0.282996169435E-01  0.129569701797E-01
  0.287886557510E-01  0.133828075344E-01
  0.292860539943E-01  0.138221071974E-01
  0.297919545665E-01  0.142752706290E-01
  0.303065028029E-01  0.147427100905E-01
  0.308298465233E-01  0.152248488756E-01
  0.313621360742E-01  0.157221215444E-01
  0.319035243721E-01  0.162349741582E-01
  0.324541669474E-01  0.167638645168E-01
  0.330142219890E-01  0.173092623960E-01
  0.335838503899E-01  0.178716497869E-01
  0.341632157934E-01  0.184515211357E-01
  0.347524846399E-01  0.190493835839E-01
  0.353518262149E-01  0.196657572095E-01
  0.359614126977E-01  0.203011752669E-01
  0.365814192106E-01  0.209561844278E-01
  0.372120238697E-01  0.216313450207E-01
  0.378534078352E-01  0.223272312691E-01
  0.385057553646E-01  0.230444315294E-01
  0.391692538645E-01  0.237835485256E-01
  0.398440939453E-01  0.245451995828E-01
  0.405304694755E-01  0.253300168577E-01
  0.412285776375E-01  0.261386475659E-01
  0.419386189841E-01  0.269717542054E-01
  0.426607974967E-01  0.278300147763E-01
  0.433953206431E-01  0.287141229956E-01
  0.441423994375E-01  0.296247885066E-01
  0.449022485013E-01  0.305627370826E-01
  0.456750861243E-01  0.315287108236E-01
  0.464611343280E-01  0.325234683463E-01
  0.472606189287E-01  0.335477849661E-01
  0.480737696029E-01  0.346024528698E-01
  0.489008199529E-01  0.356882812797E-01
  0.497420075745E-01  0.368060966071E-01
  0.505975741245E-01  0.379567425940E-01
  0.514677653907E-01  0.391410804446E-01
  0.523528313620E-01  0.403599889417E-01
  0.532530263010E-01  0.416143645511E-01
  0.541686088161E-01  0.429051215099E-01
  0.550998419365E-01  0.442331918999E-01
  0.560469931874E-01  0.455995257033E-01
  0.570103346672E-01  0.470050908409E-01
  0.579901431250E-01  0.484508731903E-01
  0.589867000411E-01  0.499378765851E-01
  0.600002917068E-01  0.514671227908E-01
  0.610312093074E-01  0.530396514591E-01
  0.620797490057E-01  0.546565200572E-01
  0.631462120267E-01  0.563188037718E-01
  0.642309047447E-01  0.580275953863E-01
  0.653341387710E-01  0.597840051287E-01
  0.664562310432E-01  0.615891604907E-01
  0.675975039168E-01  0.634442060145E-01
  0.687582852574E-01  0.653503030468E-01
  0.699389085350E-01  0.673086294580E-01
  0.711397129198E-01  0.693203793256E-01
  0.723610433798E-01  0.713867625785E-01
  0.736032507795E-01  0.735090046028E-01
  0.748666919810E-01  0.756883458052E-01
  0.761517299466E-01  0.779260411335E-01
  0.774587338427E-01  0.802233595515E-01
  0.787880791465E-01  0.825815834672E-01
  0.801401477529E-01  0.850020081124E-01
  0.815153280852E-01  0.874859408705E-01
  0.829140152060E-01  0.900347005523E-01
  0.843366109312E-01  0.926496166169E-01
  0.857835239449E-01  0.953320283355E-01
  0.872551699172E-01  0.980832838967E-01
  0.887519716236E-01  0.100904739451E+00
  0.902743590662E-01  0.103797758093E+00
  0.918227695974E-01  0.106763708778E+00
  0.933976480457E-01  0.109803965171E+00
  0.949994468432E-01  0.112919904432E+00
  0.966286261556E-01  0.116112905922E+00
  0.982856540146E-01  0.119384349846E+00
  0.999710064523E-01  0.122735615811E+00
  0.101685167638E+00  0.126168081320E+00
  0.103428630017E+00  0.129683120173E+00
  0.105201894451E+00  0.133282100805E+00
  0.107005470367E+00  0.136966384526E+00
  0.108839875896E+00  0.140737323688E+00
  0.110705638027E+00  0.144596259764E+00
  0.112603292758E+00  0.148544521343E+00
  0.114533385248E+00  0.152583422031E+00
  0.116496469976E+00  0.156714258272E+00
  0.118493110897E+00  0.160938307072E+00
  0.120523881608E+00  0.165256823636E+00
  0.122589365511E+00  0.169671038915E+00
  0.124690155978E+00  0.174182157054E+00
  0.126826856526E+00  0.178791352755E+00
  0.129000080988E+00  0.183499768545E+00
  0.131210453690E+00  0.188308511946E+00
  0.133458609628E+00  0.193218652562E+00
  0.135745194654E+00  0.198231219062E+00
  0.138070865660E+00  0.203347196086E+00
  0.140436290766E+00  0.208567521043E+00
  0.142842149513E+00  0.213893080837E+00
  0.145289133057E+00  0.219324708489E+00
  0.147777944370E+00  0.224863179685E+00
  0.150309298440E+00  0.230509209231E+00
  0.152883922474E+00  0.236263447429E+00
  0.155502556113E+00  0.242126476376E+00
  0.158165951639E+00  0.248098806180E+00
  0.160874874195E+00  0.254180871103E+00
  0.163630102002E+00  0.260373025643E+00
  0.166432426582E+00  0.266675540533E+00
  0.169282652990E+00  0.273088598688E+00
  0.172181600041E+00  0.279612291096E+00
  0.175130100546E+00  0.286246612640E+00
  0.178129001552E+00  0.292991457890E+00
  0.181179164585E+00  0.299846616832E+00
  0.184281465899E+00  0.306811770575E+00
  0.187436796724E+00  0.313886487016E+00
  0.190646063526E+00  0.321070216476E+00
  0.193910188265E+00  0.328362287332E+00
  0.197230108660E+00  0.335761901616E+00
  0.200606778462E+00  0.343268130631E+00
  0.204041167722E+00  0.350879910561E+00
  0.207534263072E+00  0.358596038102E+00
  0.211087068013E+00  0.366415166119E+00
  0.214700603196E+00  0.374335799351E+00
  0.218375906719E+00  0.382356290170E+00
  0.222114034428E+00  0.390474834415E+00
  0.225916060212E+00  0.398689467328E+00
  0.229783076321E+00  0.406998059616E+00
  0.233716193673E+00  0.415398313659E+00
  0.237716542178E+00  0.423887759919E+00
  0.241785271057E+00  0.432463753572E+00
  0.245923549178E+00  0.441123471426E+00
  0.250132565388E+00  0.449863909182E+00
  0.254413528856E+00  0.458681879098E+00
  0.258767669420E+00  0.467574008142E+00
  0.263196237940E+00  0.476536736717E+00
  0.267700506659E+00  0.485566318066E+00
  0.272281769565E+00  0.494658818448E+00
  0.276941342767E+00  0.503810118217E+00
  0.281680564869E+00  0.513015913896E+00
  0.286500797360E+00  0.522271721373E+00
  0.291403424997E+00  0.531572880270E+00
  0.296389856212E+00  0.540914559551E+00
  0.301461523510E+00  0.550291764323E+00
  0.306619883881E+00  0.559699343732E+00
  0.311866419224E+00  0.569131999674E+00
  0.317202636767E+00  0.578584295971E+00
  0.322630069502E+00  0.588050667365E+00
  0.328150276624E+00  0.597525427605E+00
  0.333764843983E+00  0.607002775613E+00
  0.339475384535E+00  0.616476798681E+00
  0.345283538809E+00  0.625941471504E+00
  0.351190975373E+00  0.635390650066E+00
  0.357199391322E+00  0.644818059519E+00
  0.363310512755E+00  0.654217275799E+00
  0.369526095281E+00  0.663581701174E+00
  0.375847924515E+00  0.672904534848E+00
  0.382277816597E+00  0.682178740340E+00
  0.388817618711E+00  0.691397012310E+00
  0.395469209615E+00  0.700551745820E+00
  0.402234500182E+00  0.709635011542E+00
  0.409115433950E+00  0.718638539996E+00
  0.416113987677E+00  0.727553717527E+00
  0.423232171914E+00  0.736371595390E+00
  0.430472031575E+00  0.745082912105E+00
  0.437835646533E+00  0.753678127423E+00
  0.445325132213E+00  0.762147465187E+00
  0.452942640197E+00  0.770480961252E+00
  0.460690358849E+00  0.778668512749E+00
  0.468570513939E+00  0.786699925168E+00
  0.476585369283E+00  0.794564955046E+00
  0.484737227393E+00  0.802253346828E+00
  0.493028430141E+00  0.809754863903E+00
  0.501461359428E+00  0.817059314273E+00
  0.510038437872E+00  0.824156572105E+00
  0.518762129502E+00  0.831036596289E+00
  0.527634940466E+00  0.837689447341E+00
  0.536659419750E+00  0.844105303549E+00
  0.545838159912E+00  0.850274477231E+00
  0.555173797828E+00  0.856187431548E+00
  0.564669015445E+00  0.861834798232E+00
  0.574326540555E+00  0.867207396296E+00
  0.584149147579E+00  0.872296251747E+00
  0.594139658362E+00  0.877092618148E+00
  0.604300942983E+00  0.881587997871E+00
  0.614635920584E+00  0.885774163805E+00
  0.625147560203E+00  0.889643181266E+00
  0.635838881632E+00  0.893187429903E+00
  0.646712956279E+00  0.896399625314E+00
  0.657772908056E+00  0.899272840226E+00
  0.669021914274E+00  0.901800524953E+00
  0.680463206553E+00  0.903976527095E+00
  0.692100071757E+00  0.905795110169E+00
  0.703935852930E+00  0.907250971254E+00
  0.715973950265E+00  0.908339257314E+00
  0.728217822073E+00  0.909055580412E+00
  0.740670985782E+00  0.909396031422E+00
  0.753337018944E+00  0.909357192560E+00
  0.766219560267E+00  0.908936148313E+00
  0.779322310655E+00  0.908130495167E+00
  0.792649034274E+00  0.906938349663E+00
  0.806203559634E+00  0.905358355282E+00
  0.819989780688E+00  0.903389687612E+00
  0.834011657951E+00  0.901032058411E+00
  0.848273219637E+00  0.898285717930E+00
  0.862778562816E+00  0.895151456218E+00
  0.877531854593E+00  0.891630602698E+00
  0.892537333304E+00  0.887725024819E+00
  0.907799309730E+00  0.883437125026E+00
  0.923322168344E+00  0.878769836907E+00
  0.939110368562E+00  0.873726619730E+00
  0.955168446029E+00  0.868311452274E+00
  0.971501013919E+00  0.862528825132E+00
  0.988112764263E+00  0.856383732448E+00
  0.100500846930E+01  0.849881662223E+00
  0.102219298283E+01  0.843028586185E+00
  0.103967124163E+01  0.835830948355E+00
  0.105744826688E+01  0.828295653304E+00
  0.107552916556E+01  0.820430053234E+00
  0.109391913198E+01  0.812241934872E+00
  0.111262344920E+01  0.803739505322E+00
  0.113164749062E+01  0.794931377841E+00
  0.115099672148E+01  0.785826556695E+00
  0.117067670044E+01  0.776434422029E+00
  0.119069308118E+01  0.766764713937E+00
  0.121105161400E+01  0.756827516601E+00
  0.123175814753E+01  0.746633241734E+00
  0.125281863036E+01  0.736192612111E+00
  0.127423911275E+01  0.725516644481E+00
  0.129602574838E+01  0.714616632550E+00
  0.131818479615E+01  0.703504129392E+00
  0.134072262192E+01  0.692190929859E+00
  0.136364570036E+01  0.680689052443E+00
  0.138696061684E+01  0.669010721014E+00
  0.141067406927E+01  0.657168345991E+00
  0.143479287008E+01  0.645174505240E+00
  0.145932394813E+01  0.633041924341E+00
  0.148427435072E+01  0.620783456399E+00
  0.150965124562E+01  0.608412061160E+00
  0.153546192313E+01  0.595940783463E+00
  0.156171379815E+01  0.583382730927E+00
  0.158841441233E+01  0.570751050798E+00
  0.161557143624E+01  0.558058905995E+00
  0.164319267158E+01  0.545319450197E+00
  0.167128605339E+01  0.532545802160E+00
  0.169985965236E+01  0.519751019061E+00
  0.172892167712E+01  0.506948069227E+00
  0.175848047663E+01  0.494149804010E+00
  0.178854454257E+01  0.481368929351E+00
  0.181912251176E+01  0.468617976787E+00
  0.185022316866E+01  0.455909274600E+00
  0.188185544788E+01  0.443254918875E+00
  0.191402843677E+01  0.430666745308E+00
  0.194675137801E+01  0.418156301508E+00
  0.198003367225E+01  0.405734820743E+00
  0.201388488087E+01  0.393413196844E+00
  0.204831472865E+01  0.381201961240E+00
  0.208333310664E+01  0.369111261791E+00
  0.211895007492E+01  0.357150844346E+00
  0.215517586556E+01  0.345330036608E+00
  0.219202088554E+01  0.333657735135E+00
  0.222949571972E+01  0.322142394941E+00
  0.226761113389E+01  0.310792022391E+00
  0.230637807786E+01  0.299614170707E+00
  0.234580768864E+01  0.288615938645E+00
  0.238591129359E+01  0.277803971515E+00
  0.242670041369E+01  0.267184464943E+00
  0.246818676688E+01  0.256763170472E+00
  0.251038227138E+01  0.246545403231E+00
  0.255329904913E+01  0.236536050749E+00
  0.259694942931E+01  0.226739583021E+00
  0.264134595182E+01  0.217160062916E+00
  0.268650137092E+01  0.207801156994E+00
  0.273242865889E+01  0.198666145877E+00
  0.277914100975E+01  0.189757934268E+00
  0.282665184305E+01  0.181079059878E+00
  0.287497480775E+01  0.172631701424E+00
  0.292412378608E+01  0.164417685139E+00
  0.297411289761E+01  0.156438490055E+00
  0.302495650323E+01  0.148695251703E+00
  0.307666920934E+01  0.141188764607E+00
  0.312926587198E+01  0.133919483422E+00
  0.318276160117E+01  0.126887523186E+00
  0.323717176519E+01  0.120092658704E+00
  0.329251199502E+01  0.113534323612E+00
  0.334879818885E+01  0.107211609222E+00
  0.340604651661E+01  0.101123263725E+00
  0.346427342464E+01  0.952676918918E-01
  0.352349564040E+01  0.896429557845E-01
  0.358373017729E+01  0.842467766252E-01
  0.364499433952E+01  0.790765382104E-01
  0.370730572710E+01  0.741292919690E-01
  0.377068224089E+01  0.694017639222E-01
  0.383514208773E+01  0.648903635546E-01
  0.390070378570E+01  0.605911947199E-01
  0.396738616939E+01  0.565000685020E-01
  0.403520839537E+01  0.526125180320E-01
  0.410418994764E+01  0.489238151035E-01
  0.417435064329E+01  0.454289884881E-01
  0.424571063811E+01  0.421228437381E-01
  0.431829043244E+01  0.389999843103E-01
  0.439211087707E+01  0.360548337633E-01
  0.446719317918E+01  0.332816588264E-01
  0.454355890845E+01  0.306745930811E-01
  0.462123000329E+01  0.282276610405E-01
  0.470022877710E+01  0.259348023775E-01
  0.478057792469E+01  0.237898960935E-01
  0.486230052882E+01  0.217867844022E-01
  0.494542006682E+01  0.199192961400E-01
  0.502996041732E+01  0.181812695120E-01
  0.511594586712E+01  0.165665740124E-01
  0.520340111819E+01  0.150691313682E-01
  0.529235129472E+01  0.136829353784E-01
  0.538282195038E+01  0.124020705349E-01
  0.547483907563E+01  0.112207293371E-01
  0.556842910522E+01  0.101332282221E-01
  0.566361892575E+01  0.913402205717E-02
  0.576043588341E+01  0.821771715469E-02
  0.585890779185E+01  0.737908278732E-02
  0.595906294013E+01  0.661306119615E-02
  0.606093010089E+01  0.591477609951E-02
  0.616453853860E+01  0.527953972271E-02
  0.626991801796E+01  0.470285838184E-02
  0.637709881244E+01  0.418043666536E-02
  0.648611171303E+01  0.370818026714E-02
  0.659698803701E+01  0.328219753328E-02
  0.670975963701E+01  0.289879979247E-02
  0.682445891012E+01  0.255450054579E-02
  0.694111880723E+01  0.224601359706E-02
  0.705977284247E+01  0.197025020883E-02
  0.718045510285E+01  0.172431537164E-02
  0.730320025805E+01  0.150550327644E-02
  0.742804357036E+01  0.131129208044E-02
  0.755502090487E+01  0.113933805678E-02
  0.768416873970E+01  0.987469217128E-03
  0.781552417653E+01  0.853678494668E-03
  0.794912495123E+01  0.736116572207E-03
  0.808500944471E+01  0.633084436878E-03
  0.822321669397E+01  0.543025739090E-03
  0.836378640327E+01  0.464519028982E-03
  0.850675895557E+01  0.396269938827E-03
  0.865217542412E+01  0.337103374748E-03
  0.880007758426E+01  0.285955775651E-03
  0.895050792540E+01  0.241867491734E-03
  0.910350966329E+01  0.203975329237E-03
  0.925912675235E+01  0.171505301837E-03
  0.941740389837E+01  0.143765620783E-03
  0.957838657131E+01  0.120139972190E-03
  0.974212101837E+01  0.100081074696E-03
  0.990865427729E+01  0.831045569544E-04
  0.100780341899E+02  0.687831655593E-04
  0.102503094156E+02  0.567413122039E-04
  0.104255294460E+02  0.466499652324E-04
  0.106037446182E+02  0.382218867990E-04
  0.107850061301E+02  0.312072132939E-04
  0.109693660545E+02  0.253893735206E-04
  0.111568773546E+02  0.205813363211E-04
  0.113475938986E+02  0.166221769409E-04
  0.115415704758E+02  0.133739493984E-04
  0.117388628119E+02  0.107188504510E-04
  0.119395275851E+02  0.855665942050E-05
  0.121436224425E+02  0.680243710697E-05
  0.123512060167E+02  0.538446626820E-05
  0.125623379424E+02  0.424241560434E-05
  0.127770788737E+02  0.332570882710E-05
  0.129954905016E+02  0.259208013176E-05
  0.132176355714E+02  0.200629714842E-05
  0.134435779011E+02  0.153903211531E-05
  0.136733823996E+02  0.116586144679E-05
  0.139071150853E+02  0.866372863329E-06
  0.141448431051E+02  0.623357534172E-06
  0.143866347536E+02  0.422061860288E-06
  0.146325594929E+02  0.249469022789E-06
  0.148826879724E+02  0.935733978085E-07
  0.151370920491E+02  0.000000000000E+00
  0.153958448085E+02  0.000000000000E+00
  0.156590205852E+02  0.000000000000E+00
  0.159266949846E+02  0.000000000000E+00
  0.161989449042E+02  0.000000000000E+00
  0.164758485562E+02  0.000000000000E+00
  0.167574854897E+02  0.000000000000E+00
  0.170439366135E+02  0.000000000000E+00
  0.173352842195E+02  0.000000000000E+00
  0.176316120062E+02  0.000000000000E+00
  0.179330051029E+02  0.000000000000E+00
  0.182395500940E+02  0.000000000000E+00
  0.185513350438E+02  0.000000000000E+00
  0.188684495222E+02  0.000000000000E+00
  0.191909846301E+02  0.000000000000E+00
  0.195190330255E+02  0.000000000000E+00
  0.198526889504E+02  0.000000000000E+00
  0.201920482577E+02  0.000000000000E+00
  0.205372084387E+02  0.000000000000E+00
  0.208882686513E+02  0.000000000000E+00
  0.212453297483E+02  0.000000000000E+00
  0.216084943064E+02  0.000000000000E+00
  0.219778666558E+02  0.000000000000E+00
  0.223535529101E+02  0.000000000000E+00
  0.227356609965E+02  0.000000000000E+00
  0.231243006874E+02  0.000000000000E+00
  0.235195836314E+02  0.000000000000E+00
  0.239216233857E+02  0.000000000000E+00
  0.243305354485E+02  0.000000000000E+00
  0.247464372923E+02  0.000000000000E+00
  0.251694483977E+02  0.000000000000E+00
  0.255996902876E+02  0.000000000000E+00
  0.260372865621E+02  0.000000000000E+00
  0.264823629342E+02  0.000000000000E+00
  0.269350472658E+02  0.000000000000E+00
  0.273954696042E+02  0.000000000000E+00
  0.278637622200E+02  0.000000000000E+00
  0.283400596445E+02  0.000000000000E+00
  0.288244987087E+02  0.000000000000E+00
  0.293172185826E+02  0.000000000000E+00
  0.298183608151E+02  0.000000000000E+00
  0.303280693747E+02  0.000000000000E+00
  0.308464906907E+02  0.000000000000E+00
  0.313737736956E+02  0.000000000000E+00
  0.319100698676E+02  0.000000000000E+00
  0.324555332743E+02  0.000000000000E+00
  0.330103206165E+02  0.000000000000E+00
  0.335745912742E+02  0.000000000000E+00
  0.341485073512E+02  0.000000000000E+00
  0.347322337226E+02  0.000000000000E+00
  0.353259380817E+02  0.000000000000E+00
  0.359297909882E+02  0.000000000000E+00
  0.365439659174E+02  0.000000000000E+00
  0.371686393098E+02  0.000000000000E+00
  0.378039906221E+02  0.000000000000E+00
  0.384502023784E+02  0.000000000000E+00
  0.391074602228E+02  0.000000000000E+00
  0.397759529727E+02  0.000000000000E+00
  0.404558726733E+02  0.000000000000E+00
  0.411474146522E+02  0.000000000000E+00
  0.418507775762E+02  0.000000000000E+00
  0.425661635077E+02  0.000000000000E+00
  0.432937779633E+02  0.000000000000E+00
  0.440338299725E+02  0.000000000000E+00
  0.447865321380E+02  0.000000000000E+00
  0.455521006966E+02  0.000000000000E+00
  0.463307555812E+02  0.000000000000E+00
  0.471227204844E+02  0.000000000000E+00
  0.479282229223E+02  0.000000000000E+00
  0.487474943003E+02  0.000000000000E+00
  0.495807699790E+02  0.000000000000E+00
  0.504282893426E+02  0.000000000000E+00
  0.512902958668E+02  0.000000000000E+00
  0.521670371896E+02  0.000000000000E+00
  0.530587651817E+02  0.000000000000E+00
  0.539657360193E+02  0.000000000000E+00
  0.548882102576E+02  0.000000000000E+00
  0.558264529055E+02  0.000000000000E+00
  0.567807335021E+02  0.000000000000E+00
  0.577513261938E+02  0.000000000000E+00
  0.587385098129E+02  0.000000000000E+00
  0.597425679582E+02  0.000000000000E+00
  0.607637890763E+02  0.000000000000E+00
  0.618024665441E+02  0.000000000000E+00
  0.628588987537E+02  0.000000000000E+00
  0.639333891975E+02  0.000000000000E+00
  0.650262465558E+02  0.000000000000E+00
  0.661377847856E+02  0.000000000000E+00
  0.672683232100E+02  0.000000000000E+00
  0.684181866111E+02  0.000000000000E+00
  0.695877053222E+02  0.000000000000E+00
  0.707772153235E+02  0.000000000000E+00
  0.719870583381E+02  0.000000000000E+00
  0.732175819307E+02  0.000000000000E+00
  0.744691396067E+02  0.000000000000E+00
  0.757420909145E+02  0.000000000000E+00
  0.770368015483E+02  0.000000000000E+00
  0.783536434535E+02  0.000000000000E+00
  0.796929949333E+02  0.000000000000E+00
  0.810552407574E+02  0.000000000000E+00
  davegp - end printing all-electron states

 subroutine lderiv: pass   1

 leaving lderiv
