========================================================================
pseudopotential program version  7.3.6   date: 14 -  9 -   16
========================================================================

 ifae =   1    ifpsp =   0    ifprt =   0    ifplw =   0    ilogd =   3
 rlogd=   1.80000     emin=  -2.40000     emax=   1.60000     nnt=   40
 thresh, tol =   1.000E-10   1.000E-09    damp = 0.400    maxit = 250

          *************************************************************
          niobium                   ceperley-alder exchange-correlation
          *************************************************************

 z = 41.00    xion = 1.00    exfact =   0.00000    irel=   2
 ncspvs =   10
 rmax = 200.00000    aasf =   6.00000    bbsf =  59.00000

 value of mesh generated in rinit is   887
 irel = 2 so all electron calculations use koelling-harmon equations


                         the system has converged with
                                 delta= 0.9598113D-09


                             the eigenvalues are


          orbital          occupation          energy
           100                   2.00           -1381.34718
           200                   2.00            -194.12050
           210                   6.00            -173.57739
           300                   2.00             -33.15894
           310                   6.00             -26.44426
           320                  10.00             -15.43073
           400                   2.00              -5.23379
           410                   6.00              -3.45778
           420                   2.00              -1.02426
           500                   2.00              -0.87338
 etot=  -7630.32325 ryd ;    -103810.54435 ev            ebsr,ehar,emvxc=  -4606.69998   3097.92033     74.29705

 subroutine lderiv: pass   1

 leaving lderiv
