========================================================================
pseudopotential program version  7.3.6   date: 28 -  7 -   15
========================================================================

 ifae =   1    ifpsp =   0    ifprt =   0    ifplw =   0    ilogd =   3
 rlogd=   1.80000     emin=  -2.40000     emax=   1.60000     nnt=   40
 thresh, tol =   1.000E-11   1.000E-09    damp = 0.500    maxit = 250

          *************************************************************
          Si                   PBE - GGA           exchange-correlation
          *************************************************************

 z = 14.00    xion = 1.00    exfact =   5.00000    irel=   2
 ncspvs =    5
 rmax = 200.00000    aasf =   7.00000    bbsf =  60.00000

 value of mesh generated in rinit is   899
 irel = 2 so all electron calculations use koelling-harmon equations


                         the system has converged with
                                 delta= 0.6840972D-09


                             the eigenvalues are


          orbital          occupation          energy
           100                   2.00            -134.17112
           200                   2.00             -12.35726
           210                   5.00              -9.21019
           300                   2.00              -1.63860
           310                   2.00              -1.03304
 etot=   -571.58433 ryd ;      -7776.40448 ev            ebsr,ehar,emvxc=   -344.45100    238.47661     11.34328

 subroutine lderiv: pass   1

 leaving lderiv
