========================================================================
pseudopotential program version  7.3.6   date: 29 -  3 -   17
========================================================================

 ifae =   0    ifpsp =   2    ifprt =   1    ifplw =   1    ilogd =   3
 rlogd=   2.00100     emin=  -6.00000     emax=   2.00000     nnt=   80
 thresh, tol =   1.000E-10   1.000E-09    damp = 0.500    maxit = 250
 ncores =    3    nvales =    4    nang =    3
 core charge = 10.00000 and valence charge = 12.00000
 besrmax = 10.00    besemin = 30.00    besemax = 40.00    besde=  5.00
 keyps =    3   ifpcor =    1   rinner =   1.00000   rpcor =   0.00000
 nbeta =  6     rcloc =   1.800
 rc for s, p, d, f =   1.80000      1.80000      1.80000
 ib, lll, eee, iptype =   1   0  -5.530   2
 ib, lll, eee, iptype =   2   0  -0.890   2
 ib, lll, eee, iptype =   3   1  -3.787   2
 ib, lll, eee, iptype =   4   1   1.000   2
 ib, lll, eee, iptype =   5   2  -1.185   2
 ib, lll, eee, iptype =   6   2   0.300   2
 npf =  5      ptryc =  10.00000
 lloc =  3     eloc =   0.00000     iploctype=  1
 ifqopt =  2     nqf =  5     qtryc =  10.00000     nfix =  0

 value of mesh generated in rinit is   851
 rlogd =  2.00100 generated klogd =  579 with r(klogd) =  2.02488

          logarimic radial mesh values:

     index            r                  rab

       1         0.00000000          0.00000191
       2         0.00000193          0.00000194
       3         0.00000388          0.00000198
       4         0.00000588          0.00000201
       5         0.00000790          0.00000204
       6         0.00000996          0.00000208
       7         0.00001206          0.00000211
       8         0.00001419          0.00000215
       9         0.00001636          0.00000219
      10         0.00001857          0.00000222
       .          .                   .
       .          .                   .
       .          .                   .
     841       171.78522872          2.91161596
     842       174.72165939          2.96138597
     843       177.70828424          3.01200673
     844       180.74596127          3.06349278
     845       183.83556315          3.11585891
     846       186.97797747          3.16912017
     847       190.17410697          3.22329186
     848       193.42486984          3.27838953
     849       196.73119997          3.33442903
     850       200.09404720          3.39142644
     851       203.51437761          3.44939814
 subroutine setnuc - nuclear core radius =    0.71524E-04
 irel = 2 so all electron calculations use koelling-harmon equations

 subroutine rsae: construct charge density
 leaving rsae


                         the system has converged with
                                 delta= 0.5416094D-09


                             the eigenvalues are


          orbital          occupation          energy
           100                   2.00            -357.88581
           200                   2.00             -40.39584
           210                   6.00             -33.66668
           300                   2.00              -5.53032
           310                   6.00              -3.78675
           400                   2.00              -0.89044
           320                   1.00              -1.18524
 etot=  -1702.68625 ryd ;     -23165.04562 ev            ebsr,ehar,emvxc=  -1035.31069    692.99920     25.62364

 subroutine prwf: writing wavefunctions to unit iplot

 subroutine lderiv: pass   1

 leaving lderiv

 -----------------------------------------------
 begin subroutine scpgef
 -----------------------------------------------

   rcmax, rbeta, rlogd =    1.80000   2.24165   2.00100
          kkbeta,klogd =                  585       579
   lloc = 3 so new pseudization scheme for vloc with eloc =    0.000

   subroutine psv: pseudize the local potential

   generating vloc with lloc  3 eloc =  0.00000
   calling phakoe
   calling pswf1

   subroutine pswf1
   leaving pswf1
   calling phase

   results for the local potential vloc
        r         vloc         dum2         dum3
      0.0081  -0.10647990   0.00000000   0.00000000
      0.0403  -0.52921261   0.00000084   0.00000084
      0.0729  -0.95710955   0.00000901   0.00000901
      0.1060  -1.38599907   0.00003994   0.00003994
      0.1390  -1.81050824   0.00011761   0.00011761
      0.1704  -2.20791099   0.00026361   0.00026361
      0.2019  -2.59992830   0.00051510   0.00051510
      0.2352  -3.00556343   0.00093858   0.00093858
      0.2693  -3.41121313   0.00159499   0.00159499
      0.2982  -3.74420606   0.00236820   0.00236819
      0.3301  -4.10173652   0.00350720   0.00350719
      0.3655  -4.48274228   0.00517788   0.00517787
      0.3978  -4.81655479   0.00714357   0.00714355
      0.4330  -5.16287460   0.00982564   0.00982562
      0.4634  -5.44680198   0.01264813   0.01264810
      0.4959  -5.73446469   0.01624014   0.01624011
      0.5307  -6.02304244   0.02079298   0.02079294
      0.5583  -6.23799654   0.02497540   0.02497535
      0.5875  -6.44975220   0.02994081   0.02994075
      0.6287  -6.72358775   0.03800407   0.03800399
      0.6615  -6.91954692   0.04532451   0.04532442
      0.6843  -7.04423934   0.05090199   0.05090189
      0.7200  -7.22019132   0.06044754   0.06044742
      0.7576  -7.38000753   0.07158170   0.07158156
      0.7837  -7.47590326   0.07998968   0.07998952
      0.8246  -7.60108432   0.09424304   0.09424285
      0.8530  -7.67045601   0.10493947   0.10493926
      0.8824  -7.72721204   0.11667403   0.11667380
      0.9129  -7.77017823   0.12951974   0.12951948
      0.9443  -7.79818155   0.14355115   0.14355086
      0.9769  -7.81006860   0.15884412   0.15884380
      1.0106  -7.80472775   0.17547573   0.17547538
      1.0454  -7.78111545   0.19352424   0.19352385
      1.0815  -7.73828720   0.21306937   0.21306894
      1.1188  -7.67543391   0.23419276   0.23419229
      1.1379  -7.63629238   0.24537255   0.24537206
      1.1772  -7.54228704   0.26902281   0.26902227
      1.2177  -7.42712339   0.29447043   0.29446984
      1.2386  -7.36160858   0.30789851   0.30789790
      1.2813  -7.21492205   0.33622855   0.33622788
      1.3032  -7.13391736   0.35115873   0.35115803
      1.3481  -6.95724805   0.38262651   0.38262575
      1.3712  -6.86196169   0.39919804   0.39919725
      1.3946  -6.76236540   0.41635265   0.41635182
      1.4427  -6.55151735   0.45249347   0.45249257
      1.4673  -6.44104754   0.47152484   0.47152391
      1.4924  -6.32784462   0.49122987   0.49122889
      1.5439  -6.09558942   0.53277138   0.53277032
      1.5703  -5.97793387   0.55466816   0.55466705
      1.5971  -5.86035946   0.57735929   0.57735814
      1.6244  -5.74383535   0.60088007   0.60087888
      1.6522  -5.62946257   0.62526777   0.62526652
      1.7092  -5.41232932   0.67680128   0.67679992
      1.7384  -5.31257904   0.70402883   0.70402741
      1.7681  -5.22104080   0.73228564   0.73228416
   leaving psv

  chart: pseudized local potential
      0.0494                                                                                                 1       !
      0.1487                                                                                1                        !
      0.2480                                                                 1                                       !
      0.3473                                                  1                                                      !
      0.4466                                     1                                                                   !
      0.5459                          1                                                                              !
      0.6452                  1                                                                                      !
      0.7445           1                                                                                             !
      0.8438       1                                                                                                 !
      0.9431     1                                                                                                   !
      1.0424     1                                                                                                   !
      1.1417       1                                                                                                 !
      1.2410           1                                                                                             !
      1.3403                1                                                                                        !
      1.4396                     1                                                                                   !
      1.5390                           1                                                                             !
      1.6383                               1                                                                         !
      1.7376                                     1                                                                   !
      1.8369                                        1                                                                !
      1.9362                                          1                                                              !
      2.0355                                             1                                                           !
      2.1348                                               1                                                         !
      2.2341                                                 1                                                       !
      2.3334                                                  1                                                      !
      2.4327                                                   1                                                     !
      2.5320                                                    1                                                    !
      2.6313                                                     1                                                   !
      2.7306                                                      1                                                  !
      2.8299                                                       1                                                 !
      2.9292                                                        1                                                !
      3.0285                                                         1                                               !
      3.1278                                                         1                                               !
      3.2272                                                          1                                              !
      3.3265                                                          1                                              !
      3.4258                                                           1                                             !
      3.5251                                                            1                                            !
      3.6244                                                            1                                            !
      3.7237                                                             1                                           !
      3.8230                                                             1                                           !
      3.9223                                                              1                                          !
      4.0216                                                              1                                          !
      4.1209                                                               1                                         !
      4.2202                                                               1                                         !
      4.3195                                                                1                                        !
      4.4188                                                                1                                        !
      4.5181                                                                1                                        !
      4.6174                                                                 1                                       !
      4.7167                                                                  1                                      !
      4.8161                                                                  1                                      !
      4.9154                                                                  1                                      !
      5.0147                                                                   1                                     !
      5.1140                                                                   1                                     !
      5.2133                                                                    1                                    !
      5.3126                                                                    1                                    !
      5.4119                                                                    1                                    !
                 i         i         i         i         i         i         i         i         i         i         i
            -7.798              -6.239              -4.679              -3.119              -1.560               0.000    
                      -7.018              -5.459              -3.899              -2.339             -0.7798    
 

   -------------------------------------------
   constructing ibeta = 1
   -------------------------------------------

   ibeta,lcur,ecur,ipsu    1    0 -5.5303    2
   calling phakoe
   calling pswf2 - polynomial optimization

   subroutine pswf2
   leaving pswf2

   results for ibeta = 1
    psi - unpseudised wavefunction
    phi - pseudised wavefunction
    chi - projector function

       r         psi          phi          chi
     0.0064   0.09008417   0.00822736   0.03164503
     0.0317   0.23311045   0.04102136   0.15754336
     0.0575   0.17971164   0.07425095   0.28413865
     0.0836   0.04559789   0.10762205   0.40947741
     0.1078  -0.09313279   0.13841310   0.52280773
     0.1344  -0.22793148   0.17186760   0.64260135
     0.1592  -0.32348871   0.20270288   0.74916322
     0.1855  -0.38811890   0.23478346   0.85525782
     0.2088  -0.41513723   0.26283949   0.94333444
     0.2352  -0.41490647   0.29378412   1.03453418
     0.2604  -0.38909767   0.32268336   1.11321643
     0.2882  -0.33745115   0.35378641   1.18982286
     0.3137  -0.27427868   0.38134514   1.24968360
     0.3358  -0.21102106   0.40440388   1.29319211
     0.3655  -0.11744631   0.43436756   1.33952837
     0.3911  -0.03262589   0.45911334   1.36788071
     0.4115   0.03563134   0.47802447   1.38265465
     0.4404   0.13108043   0.50354762   1.39177023
     0.4634   0.20463820   0.52278487   1.38924342
     0.4875   0.27861538   0.54196233   1.37740095
     0.5130   0.35180155   0.56092846   1.35504934
     0.5397   0.42295306   0.57950672   1.32100217
     0.5679   0.49082316   0.59749330   1.27412773
     0.5975   0.55419426   0.61465516   1.21341100
     0.6181   0.59336859   0.62550921   1.16482717
     0.6394   0.62970931   0.63579405   1.10954480
     0.6728   0.67827000   0.64995026   1.01385640
     0.6960   0.70630045   0.65839423   0.94156649
     0.7200   0.73059991   0.66591858   0.86263286
     0.7448   0.75099167   0.67241006   0.77733483
     0.7705   0.76734069   0.67775044   0.68610346
     0.7971   0.77955589   0.68181739   0.58954056
     0.8246   0.78759182   0.68448558   0.48843659
     0.8530   0.79144934   0.68562806   0.38378633
     0.8676   0.79182417   0.68558749   0.33050117
     0.8975   0.78951680   0.68420432   0.22287219
     0.9285   0.78323351   0.68098362   0.11514375
     0.9443   0.77864840   0.67864759   0.06178577
     0.9769   0.76670821   0.67245588  -0.04271690
     0.9936   0.75940698   0.66857508  -0.09334586
     1.0279   0.74229302   0.65918785  -0.18999508
     1.0454   0.73254649   0.65366253  -0.23544642
     1.0815   0.71085299   0.64091151  -0.31914608
     1.1000   0.69898205   0.63367581  -0.35680863
     1.1188   0.68648119   0.62586302  -0.39129438
     1.1574   0.65975482   0.60850771  -0.44962814
     1.1772   0.64561399   0.59897175  -0.47295696
     1.1973   0.63101229   0.58887215  -0.49207972
     1.2386   0.60060137   0.56702442  -0.51692327
     1.2597   0.58488018   0.55530494  -0.52233742
     1.2813   0.56887384   0.54307945  -0.52294406
     1.3032   0.55262609   0.53037039  -0.51870213
     1.3255   0.53618030   0.51720367  -0.50962678
     1.3481   0.51957928   0.50360869  -0.49579574
     1.3946   0.48607910   0.47526942  -0.45452780
     1.4184   0.46926150   0.46060161  -0.42761427
     1.4427   0.45245156   0.44565837  -0.39700243
     1.4673   0.43568726   0.43048622  -0.36316929
     1.4924   0.41900527   0.41513459  -0.32668460
     1.5179   0.40244083   0.39965545  -0.28821248
     1.5439   0.38602765   0.38410287  -0.24851139
     1.5703   0.36979779   0.36853243  -0.20843205
     1.5971   0.35378166   0.35300056  -0.16891284
     1.6244   0.33800783   0.33756368  -0.13097237
     1.6244   0.33800783   0.33756368  -0.13097237
     1.6522   0.32250310   0.32227722  -0.09569862
     1.6804   0.30729232   0.30719455  -0.06423430
     1.7092   0.29239847   0.29236563  -0.03775780
     1.7384   0.27784253   0.27783557  -0.01745921
     1.7681   0.26364352   0.26364303  -0.00451221

   -------------------------------------------
   constructing ibeta = 2
   -------------------------------------------

   ibeta,lcur,ecur,ipsu    2    0 -0.8904    2
   calling phakoe
   calling pswf2 - polynomial optimization

   subroutine pswf2
   leaving pswf2

   results for ibeta = 2
    psi - unpseudised wavefunction
    phi - pseudised wavefunction
    chi - projector function

       r         psi          phi          chi
     0.0064  -0.05526128  -0.00519539  -0.03079783
     0.0317  -0.14284213  -0.02589336  -0.15329797
     0.0575  -0.10963585  -0.04682236  -0.27636255
     0.0836  -0.02682865  -0.06775921  -0.39799458
     0.1078   0.05858149  -0.08697157  -0.50769668
     0.1344   0.14114353  -0.10769162  -0.62324798
     0.1592   0.19905069  -0.12660899  -0.72555266
     0.1855   0.23726129  -0.14606288  -0.82678738
     0.2088   0.25198402  -0.16284722  -0.91018755
     0.2352   0.24919893  -0.18106358  -0.99568943
     0.2604   0.23041383  -0.19774414  -1.06845898
     0.2882   0.19517398  -0.21527101  -1.13796263
     0.3137   0.15309650  -0.23036358  -1.19079290
     0.3358   0.11151422  -0.24262035  -1.22781115
     0.3655   0.05071715  -0.25794852  -1.26476601
     0.3911  -0.00373156  -0.27000032  -1.28444418
     0.4115  -0.04707453  -0.27876971  -1.29194116
     0.4404  -0.10687797  -0.28988054  -1.29021150
     0.4634  -0.15219959  -0.29759592  -1.27861570
     0.4875  -0.19694023  -0.30459939  -1.25683852
     0.5130  -0.24015063  -0.31069990  -1.22363458
     0.5397  -0.28084135  -0.31567922  -1.17777527
     0.5679  -0.31800372  -0.31928973  -1.11810168
     0.5975  -0.35063346  -0.32125268  -1.04359325
     0.6181  -0.36938549  -0.32149365  -0.98527405
     0.6394  -0.38541368  -0.32076432  -0.91984185
     0.6728  -0.40378528  -0.31761540  -0.80821155
     0.6960  -0.41190966  -0.31397879  -0.72487453
     0.7200  -0.41649268  -0.30897062  -0.63462348
     0.7448  -0.41735781  -0.30246346  -0.53781150
     0.7705  -0.41436004  -0.29432546  -0.43496193
     0.7971  -0.40738868  -0.28442136  -0.32678980
     0.8246  -0.39636975  -0.27261395  -0.21422218
     0.8530  -0.38126783  -0.25876580  -0.09841629
     0.8676  -0.37218555  -0.25103397  -0.03972722
     0.8975  -0.35098018  -0.23387197   0.07822861
     0.9285  -0.32577926  -0.21434000   0.19544224
     0.9443  -0.31171213  -0.20364791   0.25314446
     0.9769  -0.28072990  -0.18034364   0.36535543
     0.9936  -0.26385639  -0.16770731   0.41926898
     1.0279  -0.22746663  -0.14041519   0.52113485
     1.0454  -0.20800621  -0.12574340   0.56842739
     1.0815  -0.16671057  -0.09432155   0.65403597
     1.1000  -0.14494429  -0.07756684   0.69166668
     1.1188  -0.12248167  -0.06011701   0.72539516
     1.1574  -0.07562670  -0.02314981   0.77983230
     1.1772  -0.05131837  -0.00364859   0.79991969
     1.1973  -0.02648154   0.01651503   0.81487273
     1.2386   0.02459261   0.05876072   0.82840636
     1.2597   0.05073414   0.08079908   0.82659635
     1.2813   0.07721286   0.10341206   0.81888499
     1.3032   0.10397817   0.12656766   0.80520373
     1.3255   0.13097861   0.15022957   0.78554888
     1.3481   0.15816203   0.17435704   0.75998989
     1.3946   0.21286634   0.22382317   0.69185433
     1.4184   0.24028057   0.24905784   0.64985930
     1.4427   0.26766472   0.27455021   0.60314010
     1.4673   0.29496513   0.30023745   0.55225897
     1.4924   0.32212830   0.32605278   0.49790043
     1.5179   0.34910099   0.35192581   0.44087774
     1.5439   0.37583039   0.37778303   0.38213812
     1.5703   0.40226424   0.40354839   0.32276657
     1.5971   0.42835099   0.42914400   0.26398782
     1.6244   0.45403990   0.45449105   0.20716597
     1.6244   0.45403990   0.45449105   0.20716597
     1.6522   0.47928120   0.47951075   0.15380147
     1.6804   0.50402620   0.50412563   0.10552484
     1.7092   0.52822740   0.52826083   0.06408651
     1.7384   0.55183859   0.55184569   0.03134239
     1.7681   0.57481500   0.57481550   0.00923348

   -------------------------------------------
   constructing ibeta = 3
   -------------------------------------------

   ibeta,lcur,ecur,ipsu    3    1 -3.7868    2
   calling phakoe
   calling pswf2 - polynomial optimization

   subroutine pswf2
   leaving pswf2

   results for ibeta = 3
    psi - unpseudised wavefunction
    phi - pseudised wavefunction
    chi - projector function

       r         psi          phi          chi
     0.0064  -0.00428759   0.00006574   0.00011642
     0.0317  -0.07729825   0.00163520   0.00288639
     0.0575  -0.19070606   0.00536357   0.00939553
     0.0836  -0.30301077   0.01128889   0.01953347
     0.1078  -0.38726305   0.01871589   0.03188115
     0.1344  -0.44929155   0.02894976   0.04823667
     0.1592  -0.47716471   0.04041700   0.06565071
     0.1855  -0.47728615   0.05446912   0.08566467
     0.2088  -0.45528195   0.06858137   0.10428205
     0.2352  -0.40991943   0.08618504   0.12540139
     0.2604  -0.35036219   0.10462962   0.14499404
     0.2882  -0.27080110   0.12674460   0.16501613
     0.3137  -0.18936953   0.14840419   0.18090042
     0.3358  -0.11488659   0.16810348   0.19209190
     0.3655  -0.01137280   0.19599130   0.20253113
     0.3911   0.07840323   0.22112205   0.20639723
     0.4115   0.14886080   0.24171487   0.20556097
     0.4404   0.24559120   0.27159224   0.19777682
     0.4634   0.31916340   0.29585479   0.18558339
     0.4875   0.39261689   0.32171360   0.16662249
     0.5130   0.46499659   0.34914299   0.13957513
     0.5397   0.53531213   0.37807995   0.10302875
     0.5679   0.60255723   0.40841560   0.05552242
     0.5975   0.66573129   0.43998561  -0.00438337
     0.6181   0.70510423   0.46160740  -0.05186862
     0.6394   0.74196029   0.48359039  -0.10578847
     0.6728   0.79196095   0.51701126  -0.19927442
     0.6960   0.82142756   0.53940554  -0.27018885
     0.7200   0.84755475   0.56171779  -0.34793887
     0.7448   0.87016196   0.58377624  -0.43228862
     0.7705   0.88909861   0.60538731  -0.52277641
     0.7971   0.90424658   0.62633526  -0.61867192
     0.8246   0.91552226   0.64638232  -0.71893250
     0.8530   0.92287800   0.66526948  -0.82216096
     0.8676   0.92508104   0.67419173  -0.87434516
     0.8975   0.92654804   0.69081124  -0.97853966
     0.9285   0.92413723   0.70554371  -1.08043421
     0.9443   0.92150149   0.71210467  -1.12964110
     0.9769   0.91343635   0.72341742  -1.22258672
     0.9936   0.90804013   0.72808972  -1.26545709
     1.0279   0.89461851   0.73527045  -1.34166560
     1.0454   0.88663811   0.73770315  -1.37402417
     1.0815   0.86826409   0.74007444  -1.42473468
     1.1000   0.85792581   0.73994744  -1.44207927
     1.1188   0.84685947   0.73890590  -1.45342850
     1.1574   0.82266914   0.73398036  -1.45631255
     1.1772   0.80961151   0.73005674  -1.44702741
     1.1973   0.79595829   0.72514038  -1.43013141
     1.2386   0.76700878   0.71230445  -1.37255721
     1.2597   0.75178626   0.70438727  -1.33163487
     1.2813   0.73611544   0.69548305  -1.28264488
     1.3032   0.72003458   0.68560988  -1.22576719
     1.3255   0.70358225   0.67479326  -1.16133114
     1.3481   0.68679724   0.66306632  -1.08983027
     1.3946   0.65238448   0.63705295  -0.92850509
     1.4184   0.63483418   0.62287155  -0.84059226
     1.4427   0.61710587   0.60798940  -0.74944586
     1.4673   0.59923753   0.59247685  -0.65650555
     1.4924   0.58126667   0.57641025  -0.56338789
     1.5179   0.56323019   0.55987091  -0.47186138
     1.5439   0.54516424   0.54294385  -0.38380795
     1.5703   0.52710419   0.52571623  -0.30116758
     1.5971   0.50908445   0.50827567  -0.22586264
     1.6244   0.49113845   0.49070817  -0.15969754
     1.6244   0.49113845   0.49070817  -0.15969754
     1.6522   0.47329847   0.47309604  -0.10422916
     1.6804   0.45559561   0.45551573  -0.06060237
     1.7092   0.43805970   0.43803571  -0.02934464
     1.7384   0.42071919   0.42071477  -0.01011083
     1.7681   0.40360112   0.40360087  -0.00138663

   -------------------------------------------
   constructing ibeta = 4
   -------------------------------------------

   ibeta,lcur,ecur,ipsu    4    1  1.0000    2
   calling phakoe
   calling pswf2 - polynomial optimization

   subroutine pswf2
   leaving pswf2

   results for ibeta = 4
    psi - unpseudised wavefunction
    phi - pseudised wavefunction
    chi - projector function

       r         psi          phi          chi
     0.0064   0.00221434  -0.00002757  -0.00005743
     0.0317   0.03989955  -0.00068547  -0.00142165
     0.0575   0.09830440  -0.00224607  -0.00460982
     0.0836   0.15582260  -0.00471956  -0.00952378
     0.1078   0.19848269  -0.00780820  -0.01541717
     0.1344   0.22906128  -0.01204239  -0.02305063
     0.1592   0.24159772  -0.01675636  -0.03092893
     0.1855   0.23922183  -0.02248779  -0.03960235
     0.2088   0.22535445  -0.02819227  -0.04721589
     0.2352   0.19885390  -0.03523327  -0.05515540
     0.2604   0.16503936  -0.04251810  -0.06159650
     0.2882   0.12061209  -0.05112198  -0.06674915
     0.3137   0.07571028  -0.05940358  -0.06903466
     0.3358   0.03506381  -0.06680421  -0.06869978
     0.3655  -0.02076010  -0.07705382  -0.06421676
     0.3911  -0.06848952  -0.08604647  -0.05606434
     0.4115  -0.10543166  -0.09323080  -0.04641037
     0.4404  -0.15525875  -0.10333594  -0.02752111
     0.4634  -0.19231242  -0.11124231  -0.00781547
     0.4875  -0.22838973  -0.11934608   0.01762521
     0.5130  -0.26280518  -0.12754361   0.04977479
     0.5397  -0.29483643  -0.13569930   0.08966225
     0.5679  -0.32373600  -0.14363972   0.13833469
     0.5975  -0.34874524  -0.15114744   0.19680159
     0.6181  -0.36288395  -0.15578217   0.24166948
     0.6394  -0.37474020  -0.16001352   0.29150603
     0.6728  -0.38778693  -0.16537060   0.37588963
     0.6960  -0.39303888  -0.16810518   0.43863023
     0.7200  -0.39532274  -0.17001120   0.50646134
     0.7448  -0.39447694  -0.17093678   0.57913626
     0.7705  -0.39036048  -0.17071627   0.65622900
     0.7971  -0.38285580  -0.16917068   0.73710116
     0.8246  -0.37187134  -0.16610865   0.82086788
     0.8530  -0.35734412  -0.16132796   0.90636478
     0.8676  -0.34874063  -0.15822751   0.94931428
     0.8975  -0.32884904  -0.15047190   1.03453975
     0.9285  -0.30539637  -0.14046217   1.11718211
     0.9443  -0.29234990  -0.13454442   1.15682110
     0.9769  -0.26366735  -0.12075150   1.23112152
     0.9936  -0.24805868  -0.11282592   1.26507796
     1.0279  -0.21439342  -0.09479927   1.32471088
     1.0454  -0.19637902  -0.08465609   1.34958855
     1.0815  -0.15811130  -0.06202067   1.38740547
     1.1000  -0.13791554  -0.04950065   1.39951374
     1.1188  -0.11705460  -0.03616593   1.40654393
     1.1574  -0.07348117  -0.00703578   1.40382814
     1.1772  -0.05084732   0.00875678   1.39337818
     1.1973  -0.02770560   0.02535740   1.37646119
     1.2386   0.01991487   0.06091794   1.32232837
     1.2597   0.04429368   0.07982961   1.28483832
     1.2813   0.06898051   0.09945198   1.24035841
     1.3032   0.09391881   0.11974323   1.18898471
     1.3255   0.11904945   0.14065383   1.13093078
     1.3481   0.14431075   0.16212627   1.06654096
     1.3946   0.19496615   0.20648585   0.92085751
     1.4184   0.22022457   0.22921712   0.84100940
     1.4427   0.24534244   0.25219877   0.75773036
     1.4673   0.27024616   0.27533327   0.67216113
     1.4924   0.29486000   0.29851611   0.58560619
     1.5179   0.31910618   0.32163650   0.49952106
     1.5439   0.34290500   0.34457837   0.41548994
     1.5703   0.36617494   0.36722153   0.33519116
     1.5971   0.38883285   0.38944305   0.26034763
     1.6244   0.41079404   0.41111887   0.19265876
     1.6244   0.41079404   0.41111887   0.19265876
     1.6522   0.43197252   0.43212544   0.13370995
     1.6804   0.45228112   0.45234151   0.08485480
     1.7092   0.47163172   0.47164988   0.04706467
     1.7384   0.48993548   0.48993883   0.02073795
     1.7681   0.50710304   0.50710324   0.00547179

   -------------------------------------------
   constructing ibeta = 5
   -------------------------------------------

   ibeta,lcur,ecur,ipsu    5    2 -1.1852    2
   calling phakoe
   calling pswf2 - polynomial optimization

   subroutine pswf2
     notice!! idm1 =   201
     qns for l = 2, n =     5
      -1.34922D+02 -1.19854D+02 -1.04385D+02 -8.86237D+01 -7.26783D+01 -5.66554D+01 -4.06603D+01 -2.47959D+01
 -9.16244D+00  6.14368D+00  2.10299D+01  3.54081D+01  4.91955D+01  6.23144D+01  7.46932D+01  8.62666D+01
  9.69755D+01  1.06768D+02  1.15599D+02  1.23430D+02  1.30231D+02  1.35979D+02  1.40658D+02  1.44259D+02
  1.46781D+02  1.48230D+02  1.48620D+02  1.47970D+02  1.46307D+02  1.43663D+02  1.40077D+02  1.35593D+02
  1.30261D+02  1.24135D+02  1.17274D+02  1.09740D+02  1.01598D+02  9.29185D+01  8.37716D+01  7.42303D+01
  6.43690D+01  5.42627D+01  4.39869D+01  3.36166D+01  2.32262D+01  1.28889D+01  2.67605D+00 -7.34309D+00
 -1.71019D+01 -2.65368D+01 -3.55875D+01 -4.41978D+01 -5.23151D+01 -5.98918D+01 -6.68844D+01 -7.32545D+01
 -7.89689D+01 -8.39993D+01 -8.83230D+01 -9.19224D+01 -9.47856D+01 -9.69059D+01 -9.82820D+01 -9.89181D+01
 -9.88232D+01 -9.80116D+01 -9.65024D+01 -9.43193D+01 -9.14904D+01 -8.80478D+01 -8.40275D+01 -7.94692D+01
 -7.44154D+01 -6.89117D+01 -6.30060D+01 -5.67484D+01 -5.01906D+01 -4.33855D+01 -3.63870D+01 -2.92494D+01
 -2.20273D+01 -1.47747D+01 -7.54511D+00 -3.90917D-01  6.63688D+00  1.34890D+01  2.01184D+01  2.64803D+01
  3.25326D+01  3.82361D+01  4.35550D+01  4.84565D+01  5.29118D+01  5.68956D+01  6.03863D+01  6.33666D+01
  6.58229D+01  6.77458D+01  6.91300D+01  6.99741D+01  7.02809D+01  7.00567D+01  6.93121D+01  6.80610D+01
  6.63210D+01  6.41128D+01  6.14606D+01  5.83911D+01  5.49340D+01  5.11211D+01  4.69866D+01  4.25664D+01
  3.78980D+01  3.30203D+01  2.79729D+01  2.27963D+01  1.75312D+01  1.22183D+01  6.89830D+00  1.61108D+00
 -3.60420D+00 -8.70953D+00 -1.36683D+01 -1.84454D+01 -2.30079D+01 -2.73246D+01 -3.13668D+01 -3.51082D+01
 -3.85252D+01 -4.15969D+01 -4.43053D+01 -4.66354D+01 -4.85753D+01 -5.01161D+01 -5.12521D+01 -5.19807D+01
 -5.23022D+01 -5.22204D+01 -5.17416D+01 -5.08753D+01 -4.96336D+01 -4.80315D+01 -4.60863D+01 -4.38176D+01
 -4.12473D+01 -3.83993D+01 -3.52991D+01 -3.19739D+01 -2.84521D+01 -2.47633D+01 -2.09380D+01 -1.70072D+01
 -1.30022D+01 -8.95465D+00 -4.89597D+00 -8.57271D-01  3.13094D+00  7.03890D+00  1.08379D+01  1.45004D+01
  1.80003D+01  2.13131D+01  2.44160D+01  2.72880D+01  2.99104D+01  3.22664D+01  3.43416D+01  3.61239D+01
  3.76034D+01  3.87728D+01  3.96274D+01  4.01647D+01  4.03848D+01  4.02902D+01  3.98857D+01  3.91786D+01
  3.81780D+01  3.68957D+01  3.53450D+01  3.35415D+01  3.15021D+01  2.92456D+01  2.67923D+01  2.41634D+01
  2.13816D+01  1.84701D+01  1.54529D+01  1.23549D+01  9.20080D+00  6.01565D+00  2.82449D+00 -3.48158D-01
 -3.47775D+00 -6.54092D+00 -9.51472D+00 -1.23772D+01 -1.51077D+01 -1.76869D+01 -2.00962D+01 -2.23197D+01
 -2.43418D+01
   leaving pswf2

   results for ibeta = 5
    psi - unpseudised wavefunction
    phi - pseudised wavefunction
    chi - projector function

       r         psi          phi          chi
     0.0064   0.00001489   0.00000024   0.00000054
     0.0317   0.00148153   0.00002960   0.00006737
     0.0575   0.00736874   0.00017604   0.00039803
     0.0836   0.01905054   0.00053841   0.00120456
     0.1078   0.03513923   0.00115175   0.00254225
     0.1344   0.05805664   0.00222210   0.00481274
     0.1592   0.08366324   0.00367760   0.00779337
     0.1855   0.11423141   0.00577710   0.01190965
     0.2088   0.14373601   0.00819585   0.01641816
     0.2352   0.17874646   0.01160695   0.02239994
     0.2604   0.21332942   0.01561334   0.02891959
     0.2882   0.25212392   0.02096079   0.03685023
     0.3137   0.28751173   0.02674225   0.04451535
     0.3358   0.31763971   0.03244942   0.05122235
     0.3655   0.35723820   0.04123846   0.05999381
     0.3911   0.39013501   0.04985715   0.06687437
     0.4115   0.41529766   0.05740842   0.07157885
     0.4404   0.44918258   0.06914719   0.07655953
     0.4634   0.47460238   0.07936774   0.07868644
     0.4875   0.49979705   0.09095150   0.07871636
     0.5130   0.52454238   0.10403822   0.07582129
     0.5397   0.54860012   0.11876940   0.06897962
     0.5679   0.57171998   0.13528375   0.05695549
     0.5975   0.59364245   0.15371104   0.03828601
     0.6181   0.60746167   0.16711532   0.02132275
     0.6394   0.62055276   0.18144756   0.00010780
     0.6728   0.63865526   0.20472744  -0.04097512
     0.6960   0.64959181   0.22144744  -0.07543065
     0.7200   0.65953997   0.23912199  -0.11625834
     0.7448   0.66843345   0.25773010  -0.16404963
     0.7705   0.67621125   0.27723325  -0.21934101
     0.7971   0.68281840   0.29757254  -0.28257500
     0.8246   0.68820671   0.31866551  -0.35405198
     0.8530   0.69233523   0.34040305  -0.43387235
     0.8676   0.69391637   0.35147137  -0.47687146
     0.8975   0.69609535   0.37390523  -0.56878806
     0.9285   0.69694641   0.39657445  -0.66795516
     0.9443   0.69686956   0.40792849  -0.71990601
     0.9769   0.69570669   0.43051747  -0.82753905
     0.9936   0.69462044   0.44168217  -0.88270355
     1.0279   0.69144142   0.46355900  -0.99411187
     1.0454   0.68935135   0.47418729  -1.04957060
     1.0815   0.68418043   0.49459867  -1.15766881
     1.1000   0.68110508   0.50428647  -1.20922747
     1.1188   0.67770758   0.51356305  -1.25832303
     1.1574   0.66996199   0.53067882  -1.34643638
     1.1772   0.66562291   0.53841504  -1.38400629
     1.1973   0.66097965   0.54553513  -1.41622922
     1.2386   0.65080307   0.55772764  -1.46143298
     1.2597   0.64528191   0.56270520  -1.47279868
     1.2813   0.63948091   0.56687844  -1.47561787
     1.3032   0.63340706   0.57020825  -1.46914292
     1.3255   0.62706770   0.57266043  -1.45268898
     1.3481   0.62047050   0.57420661  -1.42566096
     1.3946   0.60653469   0.57450267  -1.33814014
     1.4184   0.59921289   0.57323383  -1.27720285
     1.4427   0.59166686   0.57102338  -1.20488328
     1.4673   0.58390567   0.56788636  -1.12157380
     1.4924   0.57593868   0.56384883  -1.02799690
     1.5179   0.56777546   0.55894828  -0.92525554
     1.5439   0.55942580   0.55323372  -0.81488453
     1.5703   0.55089967   0.54676543  -0.69890106
     1.5971   0.54220724   0.53961416  -0.57985268
     1.6244   0.53335880   0.53185981  -0.46085974
     1.6244   0.53335880   0.53185981  -0.46085974
     1.6522   0.52436475   0.52358934  -0.34564937
     1.6804   0.51523564   0.51489391  -0.23857651
     1.7092   0.50598203   0.50586494  -0.14462672
     1.7384   0.49661456   0.49658909  -0.06940005
     1.7681   0.48714389   0.48714202  -0.01901353

   -------------------------------------------
   constructing ibeta = 6
   -------------------------------------------

   ibeta,lcur,ecur,ipsu    6    2  0.3000    2
   calling phakoe
   calling pswf2 - polynomial optimization

   subroutine pswf2
   leaving pswf2

   results for ibeta = 6
    psi - unpseudised wavefunction
    phi - pseudised wavefunction
    chi - projector function

       r         psi          phi          chi
     0.0064  -0.00001282  -0.00000016  -0.00000029
     0.0317  -0.00127619  -0.00001927  -0.00003543
     0.0575  -0.00634571  -0.00011454  -0.00020859
     0.0836  -0.01639834  -0.00035013  -0.00062780
     0.1078  -0.03022947  -0.00074850  -0.00131559
     0.1344  -0.04990275  -0.00144282  -0.00246512
     0.1592  -0.07184190  -0.00238545  -0.00394350
     0.1855  -0.09796623  -0.00374250  -0.00593071
     0.2088  -0.12310468  -0.00530248  -0.00803472
     0.2352  -0.15282111  -0.00749683  -0.01070339
     0.2604  -0.18203437  -0.01006639  -0.01343653
     0.2882  -0.21460820  -0.01348390  -0.01647310
     0.3137  -0.24410434  -0.01716407  -0.01903560
     0.3358  -0.26902102  -0.02078259  -0.02088415
     0.3655  -0.30143916  -0.02632821  -0.02249762
     0.3911  -0.32802201  -0.03173548  -0.02271758
     0.4115  -0.34809392  -0.03644836  -0.02186278
     0.4404  -0.37468378  -0.04372933  -0.01868932
     0.4634  -0.39422417  -0.05002371  -0.01417998
     0.4875  -0.41316148  -0.05710680  -0.00718899
     0.5130  -0.43124133  -0.06504315   0.00302042
     0.5397  -0.44819024  -0.07389169   0.01733755
     0.5679  -0.46371692  -0.08370114   0.03681697
     0.5975  -0.47751452  -0.09450413   0.06268368
     0.6181  -0.48559518  -0.10226374   0.08415596
     0.6394  -0.49266921  -0.11046446   0.10952751
     0.6728  -0.50118000  -0.12356144   0.15592132
     0.6960  -0.50531227  -0.13278614   0.19310549
     0.7200  -0.50809971  -0.14235985   0.23584108
     0.7448  -0.50944907  -0.15222716   0.28456358
     0.7705  -0.50927012  -0.16231567   0.33964927
     0.7971  -0.50747639  -0.17253350   0.40138147
     0.8246  -0.50398580  -0.18276682   0.46990917
     0.8530  -0.49872127  -0.19287720   0.54519766
     0.8676  -0.49540118  -0.19783571   0.58530214
     0.8975  -0.48734338  -0.20744248   0.67012147
     0.9285  -0.47734393  -0.21645743   0.76041513
     0.9443  -0.47159832  -0.22066875   0.80726522
     0.9769  -0.45858344  -0.22833295   0.90341243
     0.9936  -0.45130275  -0.23171335   0.95222529
     1.0279  -0.43516964  -0.23737485   1.04984194
     1.0454  -0.42630856  -0.23957201   1.09793224
     1.0815  -0.40697929  -0.24247694   1.19058133
     1.1000  -0.39650538  -0.24309158   1.23417498
     1.1188  -0.38548903  -0.24308377   1.27523494
     1.1574  -0.36182345  -0.24100518   1.34737850
     1.1772  -0.34917286  -0.23883626   1.37718756
     1.1973  -0.33597716  -0.23584948   1.40192422
     1.2386  -0.30795441  -0.22723500   1.43338019
     1.2597  -0.29313099  -0.22151859   1.43868991
     1.2813  -0.27776976  -0.21480832   1.43613466
     1.3032  -0.26187430  -0.20706803   1.42506475
     1.3255  -0.24544892  -0.19826629   1.40488621
     1.3481  -0.22849873  -0.18837721   1.37508442
     1.3946  -0.19304838  -0.16526657   1.28511507
     1.4184  -0.17456261  -0.15202895   1.22457596
     1.4427  -0.15558090  -0.13767352   1.15374240
     1.4673  -0.13611277  -0.12221505   1.07297290
     1.4924  -0.11616875  -0.10567861   0.98292009
     1.5179  -0.09576041  -0.08809996   0.88457749
     1.5439  -0.07490042  -0.06952574   0.77932793
     1.5703  -0.05360259  -0.05001328   0.66899280
     1.5971  -0.03188189  -0.02963002   0.55588034
     1.6244  -0.00975455  -0.00845242   0.44283128
     1.6244  -0.00975455  -0.00845242   0.44283128
     1.6522   0.01276191   0.01343572   0.33325923
     1.6804   0.03564864   0.03594570   0.23118278
     1.7092   0.05888535   0.05898718   0.14124489
     1.7384   0.08245029   0.08247246   0.06871979
     1.7681   0.10632017   0.10632181   0.01945376

   -------------------------------------------
   construct beta functions and matrices
   -------------------------------------------

    matrix b(i,j)

       0.27537      -0.24740       0.00000       0.00000       0.00000       0.00000
      -0.09847       0.22529       0.00000       0.00000       0.00000       0.00000
       0.00000       0.00000      -0.60005      -0.01772       0.00000       0.00000
       0.00000       0.00000       0.63408       0.00737       0.00000       0.00000
       0.00000       0.00000       0.00000       0.00000      -0.46467       0.16371
       0.00000       0.00000       0.00000       0.00000       0.47122      -0.17063

    matrix q(i,j)

       0.02630      -0.03203       0.00000       0.00000       0.00000       0.00000
      -0.03203       0.01923       0.00000       0.00000       0.00000       0.00000
       0.00000       0.00000       0.25091      -0.13609       0.00000       0.00000
       0.00000       0.00000      -0.13609       0.06167       0.00000       0.00000
       0.00000       0.00000       0.00000       0.00000       0.26851      -0.20697
       0.00000       0.00000       0.00000       0.00000      -0.20697       0.15697

    matrix d(i,j)

       0.12992      -0.07028       0.00000       0.00000       0.00000       0.00000
      -0.06995       0.20817       0.00000       0.00000       0.00000       0.00000
       0.00000       0.00000      -1.55020       0.49762       0.00000       0.00000
       0.00000       0.00000       0.49799       0.06904       0.00000       0.00000
       0.00000       0.00000       0.00000       0.00000      -0.78292       0.40902
       0.00000       0.00000       0.00000       0.00000       0.40912      -0.12354

    matrix d(i,j)

       0.12992      -0.07011       0.00000       0.00000       0.00000       0.00000
      -0.07011       0.20817       0.00000       0.00000       0.00000       0.00000
       0.00000       0.00000      -1.55020       0.49780       0.00000       0.00000
       0.00000       0.00000       0.49780       0.06904       0.00000       0.00000
       0.00000       0.00000       0.00000       0.00000      -0.78292       0.40907
       0.00000       0.00000       0.00000       0.00000       0.40907      -0.12354

    matrix i(i,j)

       5.97934       6.56619       0.00000       0.00000       0.00000       0.00000
       2.61334       7.30858       0.00000       0.00000       0.00000       0.00000
       0.00000       0.00000       1.08093       2.60001       0.00000       0.00000
       0.00000       0.00000     -93.04016     -88.04687       0.00000       0.00000
       0.00000       0.00000       0.00000       0.00000     -79.55259     -76.32597
       0.00000       0.00000       0.00000       0.00000    -219.68837    -216.63840

   -------------------------------------------
   pseudize q-functions
   -------------------------------------------
 
   ====================================================================================================
    ib = 1 , lll(ib) = 0 , jb =  1 , lll(jb) = 0 , lmin = 0 , lmax = 0
     most negative density at mesh point  351 at   0.04236 au with value  -0.00002
     phi(iworst,ib)*phi(iworst,jb) =  0.00300
   ====================================================================================================
    ib = 1 , lll(ib) = 0 , jb =  2 , lll(jb) = 0 , lmin = 0 , lmax = 0
   ====================================================================================================
    ib = 1 , lll(ib) = 0 , jb =  3 , lll(jb) = 1 , lmin = 1 , lmax = 1
   ====================================================================================================
    ib = 1 , lll(ib) = 0 , jb =  4 , lll(jb) = 1 , lmin = 1 , lmax = 1
   ====================================================================================================
    ib = 1 , lll(ib) = 0 , jb =  5 , lll(jb) = 2 , lmin = 2 , lmax = 2
   ====================================================================================================
    ib = 1 , lll(ib) = 0 , jb =  6 , lll(jb) = 2 , lmin = 2 , lmax = 2
   ====================================================================================================
    ib = 2 , lll(ib) = 0 , jb =  1 , lll(jb) = 0 , lmin = 0 , lmax = 0
   ====================================================================================================
    ib = 2 , lll(ib) = 0 , jb =  2 , lll(jb) = 0 , lmin = 0 , lmax = 0
   ====================================================================================================
    ib = 2 , lll(ib) = 0 , jb =  3 , lll(jb) = 1 , lmin = 1 , lmax = 1
   ====================================================================================================
    ib = 2 , lll(ib) = 0 , jb =  4 , lll(jb) = 1 , lmin = 1 , lmax = 1
   ====================================================================================================
    ib = 2 , lll(ib) = 0 , jb =  5 , lll(jb) = 2 , lmin = 2 , lmax = 2
   ====================================================================================================
    ib = 2 , lll(ib) = 0 , jb =  6 , lll(jb) = 2 , lmin = 2 , lmax = 2
   ====================================================================================================
    ib = 3 , lll(ib) = 1 , jb =  1 , lll(jb) = 0 , lmin = 1 , lmax = 1
   ====================================================================================================
    ib = 3 , lll(ib) = 1 , jb =  2 , lll(jb) = 0 , lmin = 1 , lmax = 1
   ====================================================================================================
    ib = 3 , lll(ib) = 1 , jb =  3 , lll(jb) = 1 , lmin = 0 , lmax = 2
   ====================================================================================================
    ib = 3 , lll(ib) = 1 , jb =  4 , lll(jb) = 1 , lmin = 0 , lmax = 2
   ====================================================================================================
    ib = 3 , lll(ib) = 1 , jb =  5 , lll(jb) = 2 , lmin = 1 , lmax = 3
   ====================================================================================================
    ib = 3 , lll(ib) = 1 , jb =  6 , lll(jb) = 2 , lmin = 1 , lmax = 3
   ====================================================================================================
    ib = 4 , lll(ib) = 1 , jb =  1 , lll(jb) = 0 , lmin = 1 , lmax = 1
   ====================================================================================================
    ib = 4 , lll(ib) = 1 , jb =  2 , lll(jb) = 0 , lmin = 1 , lmax = 1
   ====================================================================================================
    ib = 4 , lll(ib) = 1 , jb =  3 , lll(jb) = 1 , lmin = 0 , lmax = 2
   ====================================================================================================
    ib = 4 , lll(ib) = 1 , jb =  4 , lll(jb) = 1 , lmin = 0 , lmax = 2
   ====================================================================================================
    ib = 4 , lll(ib) = 1 , jb =  5 , lll(jb) = 2 , lmin = 1 , lmax = 3
   ====================================================================================================
    ib = 4 , lll(ib) = 1 , jb =  6 , lll(jb) = 2 , lmin = 1 , lmax = 3
   ====================================================================================================
    ib = 5 , lll(ib) = 2 , jb =  1 , lll(jb) = 0 , lmin = 2 , lmax = 2
   ====================================================================================================
    ib = 5 , lll(ib) = 2 , jb =  2 , lll(jb) = 0 , lmin = 2 , lmax = 2
   ====================================================================================================
    ib = 5 , lll(ib) = 2 , jb =  3 , lll(jb) = 1 , lmin = 1 , lmax = 3
   ====================================================================================================
    ib = 5 , lll(ib) = 2 , jb =  4 , lll(jb) = 1 , lmin = 1 , lmax = 3
   ====================================================================================================
    ib = 5 , lll(ib) = 2 , jb =  5 , lll(jb) = 2 , lmin = 0 , lmax = 4
   ====================================================================================================
    ib = 5 , lll(ib) = 2 , jb =  6 , lll(jb) = 2 , lmin = 0 , lmax = 4
   ====================================================================================================
    ib = 6 , lll(ib) = 2 , jb =  1 , lll(jb) = 0 , lmin = 2 , lmax = 2
   ====================================================================================================
    ib = 6 , lll(ib) = 2 , jb =  2 , lll(jb) = 0 , lmin = 2 , lmax = 2
   ====================================================================================================
    ib = 6 , lll(ib) = 2 , jb =  3 , lll(jb) = 1 , lmin = 1 , lmax = 3
   ====================================================================================================
    ib = 6 , lll(ib) = 2 , jb =  4 , lll(jb) = 1 , lmin = 1 , lmax = 3
   ====================================================================================================
    ib = 6 , lll(ib) = 2 , jb =  5 , lll(jb) = 2 , lmin = 0 , lmax = 4
   ====================================================================================================
    ib = 6 , lll(ib) = 2 , jb =  6 , lll(jb) = 2 , lmin = 0 , lmax = 4

   -------------------------------------------
   transform so betas are orthogonal
   -------------------------------------------
 
  after transformation :

    matrix q(i,j)

       0.06750      -0.19324       0.00000       0.00000       0.00000       0.00000
      -0.19324       0.14704       0.00000       0.00000       0.00000       0.00000
       0.00000       0.00000       1.57890      -3.57688       0.00000       0.00000
       0.00000       0.00000      -3.57688       7.43148       0.00000       0.00000
       0.00000       0.00000       0.00000       0.00000       6.42394       7.27211
       0.00000       0.00000       0.00000       0.00000       7.27211       8.07070

      eigenvalues of q matrix

      -0.09002       0.30455      -0.11620       9.12658      -0.07125      14.56589

    matrix d(i,j)

       0.30690      -0.39408       0.00000       0.00000       0.00000       0.00000
      -0.39408       4.30754       0.00000       0.00000       0.00000       0.00000
       0.00000       0.00000      -5.67799       4.76260       0.00000       0.00000
       0.00000       0.00000       4.76260      17.76079       0.00000       0.00000
       0.00000       0.00000       0.00000       0.00000      -1.87984       7.89805
       0.00000       0.00000       0.00000       0.00000       7.89805      23.35136

 ** mild warning: max q eigval somewhat large **

 -----------------------------------------------
 end subroutine scpgef
 -----------------------------------------------

   chart: qfunction Q_{ib,ib}(r)
      0.0207            !                                                                                             
      0.0619            !46                                                                                           
      0.1030            !  46                                                                                         
      0.1441            !3   54  6                                                                                    
      0.1852           1!3      54    6                                                                               
      0.2264           1! 3         5 4     6                                                                         
      0.2675           1!  3             5   4      6                                                                 
      0.3086           1!   3                 5     4      6                                                          
      0.3498           1!    3                     5       4       6                                                  
      0.3909          1 !     3                          5           4      6                                         
      0.4320           1!       3                              5               4     6                                
      0.4731           1!2        3                                 5                   4   6                         
      0.5143           1! 2        3                                     5                       4 6                  
      0.5554            ! 2          3                                        5                          64           
      0.5965            !  2           3                                          5                          6 4      
      0.6377            !   2           3                                            5                         6    4 
      0.6788            !1  2            3                                            5                         6    4
      0.7199            !1  2            3                                             5                      6     4 
      0.7610            ! 1 2            3                                            5                    6    4     
      0.8022            ! 1 2            3                                           5                 6  4           
      0.8433            ! 1 2           3                                         5             6 4                   
      0.8844            ! 12           3                                      5         4                             
      0.9256            ! 12          3                                  5   4 6                                      
      0.9667            ! 1          3                               4  6                                             
      1.0078            !21       3                    4     65                                                       
      1.0489            ! 1      3            4       6  5                                                            
      1.0901           2! 1   3  4         6      5                                                                   
      1.1312           2!1 4 3       6       5                                                                        
      1.1723          42!1  3   6       5                                                                             
      1.2134       4   2!1 3        5                                                                                 
      1.2546     4     2!13      5                                                                                    
      1.2957     4    62!3    5                                                                                       
      1.3368      4 6  2!3  5                                                                                         
      1.3780      4 6  2!3 5                                                                                          
      1.4191        4  2!5                                                                                            
      1.4602         4  !5                                                                                            
      1.5013         64 !                                                                                             
      1.5425          64!                                                                                             
      1.5836           6!                                                                                             
      1.6247            !                                                                                             
      1.6659            !                                                                                             
      1.7070            !                                                                                             
      1.7481            !                                                                                             
      1.7892            !                                                                                             
      1.8304            !                                                                                             
      1.8715            !                                                                                             
      1.9126            !                                                                                             
      1.9538            !                                                                                             
      1.9949            !                                                                                             
      2.0360            !                                                                                             
      2.0771            !                                                                                             
      2.1183            !                                                                                             
      2.1594            !                                                                                             
      2.2005            !                                                                                             
      2.2417            !                                                                                             
                 i         i         i         i         i         i         i         i         i         i         i
            -1.054               1.905               4.864               7.822               10.78               13.74    
                      0.4257               3.384               6.343               9.302               12.26    
 

   q * fourier transform of pseudized qfunctions

       q         1 1       2 2       3 3       4 4       5 5       6 6
    0.00000   0.00000   0.00000   0.00000   0.00000   0.00000   0.00000
    0.40000   0.02563   0.05858   0.62129   2.93848   2.52939   3.18847
    0.80000   0.04338   0.11551   1.18258   5.67532   4.82406   6.14254
    1.20000   0.04678   0.16818   1.63159   8.02360   6.68028   8.64955
    1.60000   0.03195   0.21246   1.93032   9.82561   7.95122  10.53856
    2.00000  -0.00177   0.24283   2.05937  10.96639   8.56375  11.69670
    2.40000  -0.05172   0.25327   2.01950  11.38522   8.52376  12.08010
    2.80000  -0.11246   0.23873   1.83027  11.08319   7.90954  11.71761
    3.20000  -0.17677   0.19666   1.52612  10.12503   6.85516  10.70645
    3.60000  -0.23691   0.12829   1.15070   8.63383   5.52712   9.19949
    4.00000  -0.28587   0.03909   0.75036   6.77814   4.09860   7.38558
    4.40000  -0.31843  -0.06167   0.36795   4.75260   2.72582   5.46532
    4.80000  -0.33181  -0.16230   0.03786   2.75449   1.52989   3.62601
    5.20000  -0.32586  -0.25071  -0.21723   0.95985   0.58659   2.01958
    5.60000  -0.30283  -0.31656  -0.38739  -0.49704  -0.07537   0.74715
    6.00000  -0.26674  -0.35310  -0.47453  -1.53722  -0.46873  -0.14759
    6.40000  -0.22257  -0.35821  -0.49001  -2.14164  -0.63662  -0.67550
    6.80000  -0.17546  -0.33454  -0.45119  -2.34626  -0.63911  -0.89087
    7.20000  -0.12994  -0.28863  -0.37790  -2.22920  -0.54001  -0.87501
    7.60000  -0.08950  -0.22937  -0.28910  -1.89284  -0.39620  -0.71803
    8.00000  -0.05627  -0.16624  -0.20053  -1.44452  -0.25081  -0.50261
    8.40000  -0.03109  -0.10751  -0.12326  -0.97956  -0.13059  -0.29238
    8.80000  -0.01371  -0.05912  -0.06340  -0.56925  -0.04696  -0.12648
    9.20000  -0.00305  -0.02401  -0.02257  -0.25536   0.00055  -0.02006
    9.60000   0.00237  -0.00234   0.00097  -0.05087   0.01962   0.03057
   10.00000   0.00417   0.00795   0.01105   0.05423   0.02071   0.04046
   10.40000   0.00383   0.01012   0.01223   0.08438   0.01362   0.02829
   10.80000   0.00255   0.00774   0.00883   0.06940   0.00546   0.01037
   11.20000   0.00117   0.00389   0.00425   0.03685   0.00006  -0.00273
   11.60000   0.00019   0.00069   0.00067   0.00711  -0.00157  -0.00690
   12.00000  -0.00019  -0.00080  -0.00089  -0.00858  -0.00022  -0.00312
   12.40000   0.00000  -0.00044  -0.00036  -0.00746   0.00258   0.00484
   12.80000   0.00061   0.00129   0.00168   0.00699   0.00542   0.01286
   13.20000   0.00141   0.00363   0.00442   0.02810   0.00742   0.01803
   13.60000   0.00217   0.00582   0.00702   0.04873   0.00829   0.01931
   14.00000   0.00271   0.00731   0.00880   0.06321   0.00818   0.01728
   14.40000   0.00288   0.00780   0.00939   0.06833   0.00738   0.01334
   14.80000   0.00267   0.00722   0.00866   0.06340   0.00613   0.00894
   15.20000   0.00208   0.00571   0.00677   0.04981   0.00457   0.00499
   15.60000   0.00123   0.00354   0.00405   0.03026   0.00272   0.00173
   16.00000   0.00024   0.00104   0.00092   0.00802   0.00061  -0.00106
   16.40000  -0.00074  -0.00147  -0.00215  -0.01367  -0.00164  -0.00372
   16.80000  -0.00155  -0.00366  -0.00475  -0.03199  -0.00380  -0.00637
   17.20000  -0.00211  -0.00525  -0.00653  -0.04482  -0.00555  -0.00876
   17.60000  -0.00233  -0.00606  -0.00731  -0.05088  -0.00657  -0.01041
   18.00000  -0.00222  -0.00601  -0.00705  -0.04980  -0.00664  -0.01077
   18.40000  -0.00180  -0.00514  -0.00584  -0.04214  -0.00572  -0.00953
   18.80000  -0.00118  -0.00361  -0.00392  -0.02931  -0.00398  -0.00674
   19.20000  -0.00044  -0.00166  -0.00161  -0.01336  -0.00173  -0.00289
   19.60000   0.00030   0.00038   0.00074   0.00330   0.00062   0.00128
   20.00000   0.00093   0.00221   0.00280   0.01825   0.00269   0.00496

   chart: qfunction q*Q_{ib,ib}(q)
      0.0000                     !                                                                                    
      0.4000                     !2   3            5  46                                                              
      0.8000                     !1      3                         5     4  6                                         
      1.2000                     !1          3                                  5        4   6                        
      1.6000                     ! 2           3                                        5            4    6           
      2.0000                     ! 2            3                                            5               4    6   
      2.4000                     ! 2           3                                            5                   4    6
      2.8000                    1! 2          3                                         5                     4   6   
      3.2000                    1! 2        3                                    5                     4   6          
      3.6000                    1!2      3                              5                    4   6                    
      4.0000                   1 !2   3                       5                 4   6                                 
      4.4000                   1 !  3               5             4    6                                              
      4.8000                   12!3         5       4     6                                                           
      5.2000                   12!   5  4      6                                                                      
      5.6000                  41 !    6                                                                               
      6.0000           4      316!                                                                                    
      6.4000      4          5321!                                                                                    
      6.8000     4         6 5321!                                                                                    
      7.2000      4        6  521!                                                                                    
      7.6000        4       6  32!                                                                                    
      8.0000           4      6 2!                                                                                    
      8.4000              4    63!                                                                                    
      8.8000                 4  6!                                                                                    
      9.2000                   4 !                                                                                    
      9.6000                     !                                                                                    
     10.0000                     !4                                                                                   
     10.4000                     !4                                                                                   
     10.8000                     !4                                                                                   
     11.2000                     !4                                                                                   
     11.6000                     !                                                                                    
     12.0000                     !                                                                                    
     12.4000                     !                                                                                    
     12.8000                     !                                                                                    
     13.2000                     !                                                                                    
     13.6000                     !4                                                                                   
     14.0000                     !4                                                                                   
     14.4000                     !4                                                                                   
     14.8000                     !4                                                                                   
     15.2000                     !4                                                                                   
     15.6000                     !                                                                                    
     16.0000                     !                                                                                    
     16.4000                     !                                                                                    
     16.8000                     !                                                                                    
     17.2000                     !                                                                                    
     17.6000                     !                                                                                    
     18.0000                     !                                                                                    
     18.4000                     !                                                                                    
     18.8000                     !                                                                                    
     19.2000                     !                                                                                    
     19.6000                     !                                                                                    
     20.0000                     !                                                                                    
                 i         i         i         i         i         i         i         i         i         i         i
            -2.346              0.5390               3.424               6.310               9.195               12.08    
                     -0.9036               1.982               4.867               7.752               10.64    
 

   subroutine pspcor: tinit = F
 singular matrix.
