========================================================================
pseudopotential program version  7.3.6   date:  6 - 11 -   15
========================================================================

 ifae =   1    ifpsp =   0    ifprt =   0    ifplw =   0    ilogd =   3
 rlogd=   1.80000     emin=  -2.40000     emax=   1.60000     nnt=   40
 thresh, tol =   1.000E-10   1.000E-09    damp = 0.200    maxit = 400

          *************************************************************
            Sr                 PBE - GGA           exchange-correlation
          *************************************************************

 z = 38.00    xion = 0.00    exfact =   5.00000    irel=   2
 ncspvs =   11
 rmax = 200.00000    aasf =   6.00000    bbsf =  59.00000

 value of mesh generated in rinit is   883
 irel = 2 so all electron calculations use koelling-harmon equations


                         the system has converged with
                                 delta= 0.9901105D-09


                             the eigenvalues are


          orbital          occupation          energy
           100                   2.00           -1171.27113
           200                   2.00            -158.53450
           210                   6.00            -140.86105
           300                   2.00             -24.45944
           310                   6.00             -18.75476
           320                  10.00              -9.33602
           400                   2.00              -2.93430
           410                   6.00              -1.61217
           420                   1.00              -0.06697
           500                   1.00              -0.24183
           510                   0.00              -0.08957
 etot=  -6358.71029 ryd ;     -86510.25060 ev            ebsr,ehar,emvxc=  -3775.43555   2646.74928     63.47454

 subroutine lderiv: pass   1

 leaving lderiv
