========================================================================
pseudopotential program version  7.3.6   date: 15 - 11 -   14
========================================================================

 ifae =   1    ifpsp =   0    ifprt =   0    ifplw =   0    ilogd =   3
 rlogd=   1.80000     emin=  -2.40000     emax=   1.60000     nnt=   40
 thresh, tol =   1.000E-10   1.000E-09    damp = 0.100    maxit = 400

          *************************************************************
           vanadium            PBE - GGA           exchange-correlation
          *************************************************************

 z = 23.00    xion = 0.00    exfact =   5.00000    irel=   2
 ncspvs =    7
 rmax = 200.00000    aasf =   6.00000    bbsf =  59.00000

 value of mesh generated in rinit is   853
 irel = 2 so all electron calculations use koelling-harmon equations


                         the system has converged with
                                 delta= 0.9067100D-09


                             the eigenvalues are


          orbital          occupation          energy
           100                   2.00            -394.28497
           200                   2.00             -44.29227
           210                   6.00             -36.98157
           300                   2.00              -5.16208
           310                   6.00              -3.23699
           400                   2.00              -0.34560
           320                   3.00              -0.37960
 etot=  -1897.98377 ryd ;     -25822.06838 ev            ebsr,ehar,emvxc=  -1130.62004    794.05068     26.68694

 subroutine lderiv: pass   1

 leaving lderiv
