========================================================================
pseudopotential program version  7.3.6   date:  1 - 21 -   15
========================================================================

 ifae =   1    ifpsp =   0    ifprt =   0    ifplw =   0    ilogd =   3
 rlogd=   1.50000     emin=  -2.40000     emax=   1.60000     nnt=   80
 thresh, tol =   1.000E-11   1.000E-09    damp = 0.500    maxit = 250
 z, xion, exfact   6.00000000000000       0.000000000000000E+000
   5.00000000000000     

          *************************************************************
          carbon               PBE - GGA           exchange-correlation
          *************************************************************

 z =  6.00    xion = 0.00    exfact =   5.00000    irel=   0
 ncspvs =    3
 rmax =  80.00000    aasf =   6.00000    bbsf =  59.00000

 value of mesh generated in rinit is   721
 irel = 0 so all electron calculations use schroedinger equations


                         the system has converged with
                                 delta= 0.7350098D-09


                             the eigenvalues are


          orbital          occupation          energy
           100                   2.00             -20.08360
           200                   2.00              -1.00978
           210                   2.00              -0.38871
 etot=    -75.49510 ryd ;      -1027.11076 ev            ebsr,ehar,emvxc=    -42.96418     35.37601      2.84509
  davegp - begin printing all-electron states
           3
         721           0         100
  0.000000000000E+00  0.000000000000E+00
  0.706180151333E-05  0.194987020846E-03
  0.142443146680E-04  0.393306620194E-03
  0.215496028610E-04  0.595015288591E-03
  0.289797647603E-04  0.800170453862E-03
  0.365369349077E-04  0.100883049717E-02
  0.442232843318E-04  0.122105476829E-02
  0.520410211722E-04  0.143690360114E-02
  0.599923913133E-04  0.165643832952E-02
  0.680796790299E-04  0.187972130316E-02
  0.763052076433E-04  0.210681590399E-02
  0.846713401887E-04  0.233778656267E-02
  0.931804800941E-04  0.257269877543E-02
  0.101835071871E-03  0.281161912111E-02
  0.110637601815E-03  0.305461527855E-02
  0.119590598724E-03  0.330175604422E-02
  0.128696634621E-03  0.355311135015E-02
  0.137958325492E-03  0.380875228212E-02
  0.147378332043E-03  0.406875109818E-02
  0.156959360459E-03  0.433318124747E-02
  0.166704163185E-03  0.460211738930E-02
  0.176615539714E-03  0.487563541257E-02
  0.186696337391E-03  0.515381245549E-02
  0.196949452236E-03  0.543672692563E-02
  0.207377829770E-03  0.572445852023E-02
  0.217984465864E-03  0.601708824694E-02
  0.228772407599E-03  0.631469844479E-02
  0.239744754143E-03  0.661737280555E-02
  0.250904657637E-03  0.692519639539E-02
  0.262255324107E-03  0.723825567691E-02
  0.273800014379E-03  0.755663853151E-02
  0.285542045019E-03  0.788043428209E-02
  0.297484789285E-03  0.820973371618E-02
  0.309631678098E-03  0.854462910930E-02
  0.321986201022E-03  0.888521424880E-02
  0.334551907273E-03  0.923158445802E-02
  0.347332406736E-03  0.958383662084E-02
  0.360331371001E-03  0.994206920657E-02
  0.373552534418E-03  0.103063822953E-01
  0.386999695173E-03  0.106768776034E-01
  0.400676716373E-03  0.110536585100E-01
  0.414587527163E-03  0.114368300828E-01
  0.428736123849E-03  0.118264991058E-01
  0.443126571050E-03  0.122227741055E-01
  0.457763002861E-03  0.126257653796E-01
  0.472649624048E-03  0.130355850243E-01
  0.487790711249E-03  0.134523469629E-01
  0.503190614203E-03  0.138761669753E-01
  0.518853757007E-03  0.143071627262E-01
  0.534784639377E-03  0.147454537959E-01
  0.550987837948E-03  0.151911617095E-01
  0.567468007585E-03  0.156444099681E-01
  0.584229882722E-03  0.161053240794E-01
  0.601278278721E-03  0.165740315892E-01
  0.618618093257E-03  0.170506621131E-01
  0.636254307723E-03  0.175353473690E-01
  0.654191988661E-03  0.180282212092E-01
  0.672436289222E-03  0.185294196542E-01
  0.690992450638E-03  0.190390809255E-01
  0.709865803737E-03  0.195573454800E-01
  0.729061770466E-03  0.200843560444E-01
  0.748585865457E-03  0.206202576494E-01
  0.768443697604E-03  0.211651976658E-01
  0.788640971677E-03  0.217193258392E-01
  0.809183489964E-03  0.222827943270E-01
  0.830077153930E-03  0.228557577343E-01
  0.851327965923E-03  0.234383731508E-01
  0.872942030889E-03  0.240308001888E-01
  0.894925558131E-03  0.246332010203E-01
  0.917284863090E-03  0.252457404156E-01
  0.940026369163E-03  0.258685857819E-01
  0.963156609543E-03  0.265019072023E-01
  0.986682229102E-03  0.271458774756E-01
  0.101060998630E-02  0.278006721556E-01
  0.103494675510E-02  0.284664695924E-01
  0.105969952701E-02  0.291434509723E-01
  0.108487541301E-02  0.298318003596E-01
  0.111048164564E-02  0.305317047379E-01
  0.113652558108E-02  0.312433540526E-01
  0.116301470125E-02  0.319669412527E-01
  0.118995661596E-02  0.327026623345E-01
  0.121735906511E-02  0.334507163842E-01
  0.124522992088E-02  0.342113056222E-01
  0.127357719003E-02  0.349846354468E-01
  0.130240901618E-02  0.357709144792E-01
  0.133173368217E-02  0.365703546081E-01
  0.136155961239E-02  0.373831710353E-01
  0.139189537527E-02  0.382095823214E-01
  0.142274968567E-02  0.390498104320E-01
  0.145413140745E-02  0.399040807845E-01
  0.148604955597E-02  0.407726222945E-01
  0.151851330069E-02  0.416556674240E-01
  0.155153196782E-02  0.425534522283E-01
  0.158511504299E-02  0.434662164048E-01
  0.161927217395E-02  0.443942033412E-01
  0.165401317340E-02  0.453376601645E-01
  0.168934802175E-02  0.462968377900E-01
  0.172528687002E-02  0.472719909713E-01
  0.176184004274E-02  0.482633783498E-01
  0.179901804094E-02  0.492712625055E-01
  0.183683154513E-02  0.502959100070E-01
  0.187529141840E-02  0.513375914630E-01
  0.191440870953E-02  0.523965815731E-01
  0.195419465616E-02  0.534731591797E-01
  0.199466068802E-02  0.545676073195E-01
  0.203581843021E-02  0.556802132759E-01
  0.207767970658E-02  0.568112686309E-01
  0.212025654304E-02  0.579610693182E-01
  0.216356117109E-02  0.591299156757E-01
  0.220760603133E-02  0.603181124985E-01
  0.225240377699E-02  0.615259690924E-01
  0.229796727758E-02  0.627537993267E-01
  0.234430962263E-02  0.640019216885E-01
  0.239144412539E-02  0.652706593355E-01
  0.243938432670E-02  0.665603401504E-01
  0.248814399884E-02  0.678712967943E-01
  0.253773714952E-02  0.692038667610E-01
  0.258817802591E-02  0.705583924304E-01
  0.263948111868E-02  0.719352211225E-01
  0.269166116622E-02  0.733347051516E-01
  0.274473315885E-02  0.747572018798E-01
  0.279871234313E-02  0.762030737705E-01
  0.285361422623E-02  0.776726884423E-01
  0.290945458039E-02  0.791664187223E-01
  0.296624944748E-02  0.806846426989E-01
  0.302401514356E-02  0.822277437752E-01
  0.308276826360E-02  0.837961107212E-01
  0.314252568623E-02  0.853901377264E-01
  0.320330457859E-02  0.870102244516E-01
  0.326512240130E-02  0.886567760800E-01
  0.332799691342E-02  0.903302033688E-01
  0.339194617757E-02  0.920309226993E-01
  0.345698856514E-02  0.937593561268E-01
  0.352314276156E-02  0.955159314298E-01
  0.359042777163E-02  0.973010821587E-01
  0.365886292505E-02  0.991152476835E-01
  0.372846788191E-02  0.100958873241E+00
  0.379926263836E-02  0.102832409979E+00
  0.387126753238E-02  0.104736315007E+00
  0.394450324956E-02  0.106671051432E+00
  0.401899082913E-02  0.108637088408E+00
  0.409475166991E-02  0.110634901175E+00
  0.417180753653E-02  0.112664971103E+00
  0.425018056564E-02  0.114727785725E+00
  0.432989327232E-02  0.116823838780E+00
  0.441096855646E-02  0.118953630249E+00
  0.449342970944E-02  0.121117666386E+00
  0.457730042075E-02  0.123316459758E+00
  0.466260478481E-02  0.125550529267E+00
  0.474936730793E-02  0.127820400188E+00
  0.483761291529E-02  0.130126604191E+00
  0.492736695815E-02  0.132469679371E+00
  0.501865522111E-02  0.134850170264E+00
  0.511150392953E-02  0.137268627877E+00
  0.520593975703E-02  0.139725609698E+00
  0.530198983321E-02  0.142221679716E+00
  0.539968175139E-02  0.144757408436E+00
  0.549904357658E-02  0.147333372883E+00
  0.560010385349E-02  0.149950156616E+00
  0.570289161480E-02  0.152608349727E+00
  0.580743638944E-02  0.155308548847E+00
  0.591376821109E-02  0.158051357137E+00
  0.602191762684E-02  0.160837384289E+00
  0.613191570591E-02  0.163667246512E+00
  0.624379404863E-02  0.166541566518E+00
  0.635758479548E-02  0.169460973508E+00
  0.647332063634E-02  0.172426103145E+00
  0.659103481988E-02  0.175437597532E+00
  0.671076116310E-02  0.178496105180E+00
  0.683253406107E-02  0.181602280969E+00
  0.695638849678E-02  0.184756786113E+00
  0.708236005122E-02  0.187960288109E+00
  0.721048491357E-02  0.191213460687E+00
  0.734079989163E-02  0.194516983754E+00
  0.747334242237E-02  0.197871543331E+00
  0.760815058269E-02  0.201277831482E+00
  0.774526310038E-02  0.204736546241E+00
  0.788471936520E-02  0.208248391529E+00
  0.802655944024E-02  0.211814077064E+00
  0.817082407341E-02  0.215434318268E+00
  0.831755470914E-02  0.219109836162E+00
  0.846679350032E-02  0.222841357253E+00
  0.861858332035E-02  0.226629613420E+00
  0.877296777551E-02  0.230475341782E+00
  0.892999121747E-02  0.234379284568E+00
  0.908969875603E-02  0.238342188965E+00
  0.925213627207E-02  0.242364806973E+00
  0.941735043075E-02  0.246447895237E+00
  0.958538869490E-02  0.250592214872E+00
  0.975629933865E-02  0.254798531290E+00
  0.993013146133E-02  0.259067613993E+00
  0.101069350016E-01  0.263400236383E+00
  0.102867607515E-01  0.267797175536E+00
  0.104696603718E-01  0.272259211979E+00
  0.106556864057E-01  0.276787129454E+00
  0.108448922951E-01  0.281381714663E+00
  0.110373323951E-01  0.286043757007E+00
  0.112330619901E-01  0.290774048307E+00
  0.114321373093E-01  0.295573382516E+00
  0.116346155433E-01  0.300442555411E+00
  0.118405548601E-01  0.305382364281E+00
  0.120500144221E-01  0.310393607586E+00
  0.122630544030E-01  0.315477084614E+00
  0.124797360050E-01  0.320633595114E+00
  0.127001214767E-01  0.325863938915E+00
  0.129242741304E-01  0.331168915532E+00
  0.131522583609E-01  0.336549323748E+00
  0.133841396636E-01  0.342005961184E+00
  0.136199846535E-01  0.347539623848E+00
  0.138598610845E-01  0.353151105668E+00
  0.141038378682E-01  0.358841198003E+00
  0.143519850946E-01  0.364610689136E+00
  0.146043740515E-01  0.370460363746E+00
  0.148610772453E-01  0.376391002360E+00
  0.151221684220E-01  0.382403380787E+00
  0.153877225880E-01  0.388498269518E+00
  0.156578160319E-01  0.394676433124E+00
  0.159325263462E-01  0.400938629610E+00
  0.162119324499E-01  0.407285609760E+00
  0.164961146111E-01  0.413718116454E+00
  0.167851544697E-01  0.420236883957E+00
  0.170791350612E-01  0.426842637185E+00
  0.173781408408E-01  0.433536090950E+00
  0.176822577068E-01  0.440317949171E+00
  0.179915730262E-01  0.447188904065E+00
  0.183061756593E-01  0.454149635303E+00
  0.186261559854E-01  0.461200809147E+00
  0.189516059285E-01  0.468343077552E+00
  0.192826189843E-01  0.475577077241E+00
  0.196192902462E-01  0.482903428749E+00
  0.199617164336E-01  0.490322735442E+00
  0.203099959187E-01  0.497835582497E+00
  0.206642287555E-01  0.505442535857E+00
  0.210245167083E-01  0.513144141153E+00
  0.213909632809E-01  0.520940922591E+00
  0.217636737461E-01  0.528833381809E+00
  0.221427551767E-01  0.536821996700E+00
  0.225283164752E-01  0.544907220201E+00
  0.229204684060E-01  0.553089479046E+00
  0.233193236268E-01  0.561369172489E+00
  0.237249967210E-01  0.569746670984E+00
  0.241376042305E-01  0.578222314841E+00
  0.245572646896E-01  0.586796412832E+00
  0.249840986585E-01  0.595469240772E+00
  0.254182287584E-01  0.604241040060E+00
  0.258597797065E-01  0.613112016180E+00
  0.263088783519E-01  0.622082337171E+00
  0.267656537118E-01  0.631152132052E+00
  0.272302370090E-01  0.640321489217E+00
  0.277027617093E-01  0.649590454787E+00
  0.281833635599E-01  0.658959030928E+00
  0.286721806284E-01  0.668427174128E+00
  0.291693533424E-01  0.677994793440E+00
  0.296750245302E-01  0.687661748682E+00
  0.301893394612E-01  0.697427848607E+00
  0.307124458881E-01  0.707292849027E+00
  0.312444940894E-01  0.717256450908E+00
  0.317856369121E-01  0.727318298424E+00
  0.323360298162E-01  0.737477976973E+00
  0.328958309188E-01  0.747735011163E+00
  0.334652010400E-01  0.758088862757E+00
  0.340443037488E-01  0.768538928587E+00
  0.346333054102E-01  0.779084538433E+00
  0.352323752330E-01  0.789724952868E+00
  0.358416853183E-01  0.800459361075E+00
  0.364614107092E-01  0.811286878628E+00
  0.370917294408E-01  0.822206545243E+00
  0.377328225914E-01  0.833217322508E+00
  0.383848743346E-01  0.844318091578E+00
  0.390480719925E-01  0.855507650849E+00
  0.397226060887E-01  0.866784713603E+00
  0.404086704038E-01  0.878147905638E+00
  0.411064620310E-01  0.889595762873E+00
  0.418161814322E-01  0.901126728937E+00
  0.425380324961E-01  0.912739152740E+00
  0.432722225965E-01  0.924431286032E+00
  0.440189626520E-01  0.936201280956E+00
  0.447784671866E-01  0.948047187580E+00
  0.455509543912E-01  0.959966951442E+00
  0.463366461865E-01  0.971958411076E+00
  0.471357682865E-01  0.984019295548E+00
  0.479485502636E-01  0.996147221997E+00
  0.487752256142E-01  0.100833969318E+01
  0.496160318262E-01  0.102059409505E+01
  0.504712104470E-01  0.103290769428E+01
  0.513410071528E-01  0.104527763594E+01
  0.522256718194E-01  0.105770094105E+01
  0.531254585938E-01  0.107017450426E+01
  0.540406259673E-01  0.108269509155E+01
  0.549714368499E-01  0.109525933793E+01
  0.559181586455E-01  0.110786374523E+01
  0.568810633289E-01  0.112050467993E+01
  0.578604275241E-01  0.113317837101E+01
  0.588565325833E-01  0.114588090796E+01
  0.598696646684E-01  0.115860823871E+01
  0.609001148325E-01  0.117135616778E+01
  0.619481791040E-01  0.118412035443E+01
  0.630141585716E-01  0.119689631095E+01
  0.640983594705E-01  0.120967940099E+01
  0.652010932706E-01  0.122246483802E+01
  0.663226767660E-01  0.123524768398E+01
  0.674634321660E-01  0.124802284788E+01
  0.686236871875E-01  0.126078508472E+01
  0.698037751494E-01  0.127352899441E+01
  0.710040350680E-01  0.128624902089E+01
  0.722248117548E-01  0.129893945144E+01
  0.734664559153E-01  0.131159441605E+01
  0.747293242499E-01  0.132420788711E+01
  0.760137795562E-01  0.133677367913E+01
  0.773201908334E-01  0.134928544880E+01
  0.786489333881E-01  0.136173669513E+01
  0.800003889424E-01  0.137412075987E+01
  0.813749457432E-01  0.138643082819E+01
  0.827729986742E-01  0.139865992946E+01
  0.841949493690E-01  0.141080093846E+01
  0.856412063263E-01  0.142284657665E+01
  0.871121850280E-01  0.143478941389E+01
  0.886083080576E-01  0.144662187030E+01
  0.901300052224E-01  0.145833621849E+01
  0.916777136765E-01  0.146992458603E+01
  0.932518780467E-01  0.148137895828E+01
  0.948529505598E-01  0.149269118153E+01
  0.964813911731E-01  0.150385296640E+01
  0.981376677059E-01  0.151485589174E+01
  0.998222559746E-01  0.152569140868E+01
  0.101535639929E+00  0.153635084522E+01
  0.103278311790E+00  0.154682541107E+01
  0.105050772195E+00  0.155710620293E+01
  0.106853530337E+00  0.156718421017E+01
  0.108687104114E+00  0.157705032086E+01
  0.110552020275E+00  0.158669532824E+01
  0.112448814575E+00  0.159610993762E+01
  0.114378031927E+00  0.160528477365E+01
  0.116340226556E+00  0.161421038811E+01
  0.118335962165E+00  0.162287726805E+01
  0.120365812088E+00  0.163127584440E+01
  0.122430359463E+00  0.163939650109E+01
  0.124530197394E+00  0.164722958452E+01
  0.126665929124E+00  0.165476541356E+01
  0.128838168207E+00  0.166199429001E+01
  0.131047538686E+00  0.166890650947E+01
  0.133294675270E+00  0.167549237274E+01
  0.135580223517E+00  0.168174219762E+01
  0.137904840022E+00  0.168764633124E+01
  0.140269192602E+00  0.169319516278E+01
  0.142673960489E+00  0.169837913669E+01
  0.145119834528E+00  0.170318876637E+01
  0.147607517369E+00  0.170761464825E+01
  0.150137723677E+00  0.171164747638E+01
  0.152711180331E+00  0.171527805735E+01
  0.155328626634E+00  0.171849732572E+01
  0.157990814529E+00  0.172129635982E+01
  0.160698508811E+00  0.172366639795E+01
  0.163452487348E+00  0.172559885494E+01
  0.166253541304E+00  0.172708533909E+01
  0.169102475368E+00  0.172811766943E+01
  0.172000107985E+00  0.172868789334E+01
  0.174947271586E+00  0.172878830444E+01
  0.177944812837E+00  0.172841146073E+01
  0.180993592872E+00  0.172755020301E+01
  0.184094487546E+00  0.172619767352E+01
  0.187248387687E+00  0.172434733472E+01
  0.190456199350E+00  0.172199298826E+01
  0.193718844076E+00  0.171912879407E+01
  0.197037259161E+00  0.171574928946E+01
  0.200412397920E+00  0.171184940834E+01
  0.203845229965E+00  0.170742450038E+01
  0.207336741484E+00  0.170247035010E+01
  0.210887935519E+00  0.169698319593E+01
  0.214499832260E+00  0.169095974899E+01
  0.218173469335E+00  0.168439721180E+01
  0.221909902109E+00  0.167729329663E+01
  0.225710203987E+00  0.166964624354E+01
  0.229575466721E+00  0.166145483804E+01
  0.233506800728E+00  0.165271842835E+01
  0.237505335403E+00  0.164343694199E+01
  0.241572219447E+00  0.163361090201E+01
  0.245708621199E+00  0.162324144228E+01
  0.249915728965E+00  0.161233032234E+01
  0.254194751368E+00  0.160087994114E+01
  0.258546917686E+00  0.158889335014E+01
  0.262973478214E+00  0.157637426527E+01
  0.267475704616E+00  0.156332707788E+01
  0.272054890295E+00  0.154975686460E+01
  0.276712350763E+00  0.153566939585E+01
  0.281449424017E+00  0.152107114318E+01
  0.286267470928E+00  0.150596928508E+01
  0.291167875626E+00  0.149037171141E+01
  0.296152045904E+00  0.147428702616E+01
  0.301221413616E+00  0.145772454867E+01
  0.306377435095E+00  0.144069431301E+01
  0.311621591564E+00  0.142320706564E+01
  0.316955389570E+00  0.140527426117E+01
  0.322380361409E+00  0.138690805615E+01
  0.327898065571E+00  0.136812130096E+01
  0.333510087184E+00  0.134892752955E+01
  0.339218038475E+00  0.132934094724E+01
  0.345023559227E+00  0.130937641633E+01
  0.350928317254E+00  0.128904943967E+01
  0.356934008879E+00  0.126837614212E+01
  0.363042359420E+00  0.124737324995E+01
  0.369255123689E+00  0.122605806821E+01
  0.375574086492E+00  0.120444845611E+01
  0.382001063146E+00  0.118256280056E+01
  0.388537899996E+00  0.116041998788E+01
  0.395186474950E+00  0.113803937383E+01
  0.401948698013E+00  0.111544075215E+01
  0.408826511842E+00  0.109264432173E+01
  0.415821892299E+00  0.106967065261E+01
  0.422936849023E+00  0.104654065113E+01
  0.430173426002E+00  0.102327552432E+01
  0.437533702165E+00  0.999896744097E+00
  0.445019791977E+00  0.976426011355E+00
  0.452633846047E+00  0.952885220602E+00
  0.460378051745E+00  0.929296425396E+00
  0.468254633831E+00  0.905681805217E+00
  0.476265855095E+00  0.882063634138E+00
  0.484414017007E+00  0.858464251871E+00
  0.492701460374E+00  0.834906037381E+00
  0.501130566020E+00  0.811411385265E+00
  0.509703755463E+00  0.788002684431E+00
  0.518423491615E+00  0.764702298205E+00
  0.527292279486E+00  0.741532543850E+00
  0.536312666909E+00  0.718515668648E+00
  0.545487245267E+00  0.695673818183E+00
  0.554818650237E+00  0.673028991652E+00
  0.564309562551E+00  0.650602978179E+00
  0.573962708767E+00  0.628417268829E+00
  0.583780862044E+00  0.606492940704E+00
  0.593766842950E+00  0.584850513511E+00
  0.603923520263E+00  0.563509783982E+00
  0.614253811799E+00  0.542489649722E+00
  0.624760685253E+00  0.521807938762E+00
  0.635447159044E+00  0.501481263923E+00
  0.646316303191E+00  0.481524919450E+00
  0.657371240187E+00  0.461952832261E+00
  0.668615145904E+00  0.442777571184E+00
  0.680051250496E+00  0.424010407865E+00
  0.691682839336E+00  0.405661413926E+00
  0.703513253954E+00  0.387739574168E+00
  0.715545892999E+00  0.370252895233E+00
  0.727784213216E+00  0.353208494161E+00
  0.740231730437E+00  0.336612658468E+00
  0.752892020593E+00  0.320470877256E+00
  0.765768720740E+00  0.304787848200E+00
  0.778865530106E+00  0.289567468207E+00
  0.792186211149E+00  0.274812815552E+00
  0.805734590644E+00  0.260526130051E+00
  0.819514560779E+00  0.246708795772E+00
  0.833530080271E+00  0.233361329025E+00
  0.847785175509E+00  0.220483372816E+00
  0.862283941705E+00  0.208073698118E+00
  0.877030544075E+00  0.196130211612E+00
  0.892029219032E+00  0.184649969400E+00
  0.907284275405E+00  0.173629195983E+00
  0.922800095676E+00  0.163063307899E+00
  0.938581137241E+00  0.152946941377E+00
  0.954631933687E+00  0.143273983512E+00
  0.970957096097E+00  0.134037606477E+00
  0.987561314376E+00  0.125230304396E+00
  0.100444935859E+01  0.116843932528E+00
  0.102162608036E+01  0.108869748445E+00
  0.103909641421E+01  0.101298454972E+00
  0.105686537903E+01  0.941202445716E-01
  0.107493807951E+01  0.873248449934E-01
  0.109331970758E+01  0.809015658790E-01
  0.111201554394E+01  0.748393461314E-01
  0.113103095952E+01  0.691268017544E-01
  0.115037141709E+01  0.637522739464E-01
  0.117004247279E+01  0.587038771525E-01
  0.119004977774E+01  0.539695468538E-01
  0.121039907964E+01  0.495370867920E-01
  0.123109622446E+01  0.453942154140E-01
  0.125214715808E+01  0.415286112414E-01
  0.127355792804E+01  0.379279569629E-01
  0.129533468523E+01  0.345799819768E-01
  0.131748368568E+01  0.314725032035E-01
  0.134001129239E+01  0.285934639290E-01
  0.136292397710E+01  0.259309705309E-01
  0.138622832218E+01  0.234733268900E-01
  0.140993102251E+01  0.212090663774E-01
  0.143403888742E+01  0.191269812691E-01
  0.145855884264E+01  0.172161495200E-01
  0.148349793227E+01  0.154659588020E-01
  0.150886332083E+01  0.138661277820E-01
  0.153466229531E+01  0.124067245973E-01
  0.156090226726E+01  0.110781825484E-01
  0.158759077490E+01  0.987131301676E-02
  0.161473548534E+01  0.877731566977E-02
  0.164234419671E+01  0.778778600570E-02
  0.167042484048E+01  0.689472033879E-02
  0.169898548366E+01  0.609051831736E-02
  0.172803433118E+01  0.536798310545E-02
  0.175757972820E+01  0.472031935414E-02
  0.178763016256E+01  0.414112911675E-02
  0.181819426715E+01  0.362440585827E-02
  0.184928082245E+01  0.316452672928E-02
  0.188089875903E+01  0.275624327022E-02
  0.191305716011E+01  0.239467072411E-02
  0.194576526417E+01  0.207527613044E-02
  0.197903246763E+01  0.179386537838E-02
  0.201286832750E+01  0.154656939062E-02
  0.204728256417E+01  0.132982960897E-02
  0.208228506419E+01  0.114038294445E-02
  0.211788588310E+01  0.975246349732E-03
  0.215409524833E+01  0.831701161969E-03
  0.219092356211E+01  0.707277356026E-03
  0.222838140453E+01  0.599737836844E-03
  0.226647953648E+01  0.507062889470E-03
  0.230522890283E+01  0.427434893399E-03
  0.234464063551E+01  0.359223396268E-03
  0.238472605677E+01  0.300970630019E-03
  0.242549668235E+01  0.251377540579E-03
  0.246696422488E+01  0.209290390596E-03
  0.250914059718E+01  0.173687983107E-03
  0.255203791570E+01  0.143669543314E-03
  0.259566850401E+01  0.118443285001E-03
  0.264004489634E+01  0.973156786583E-04
  0.268517984116E+01  0.796814291279E-04
  0.273108630487E+01  0.650141626678E-04
  0.277777747552E+01  0.528578157155E-04
  0.282526676656E+01  0.428187113728E-04
  0.287356782075E+01  0.345583038044E-04
  0.292269451406E+01  0.277865661304E-04
  0.297266095963E+01  0.222559933004E-04
  0.302348151185E+01  0.177561883907E-04
  0.307517077048E+01  0.141089982320E-04
  0.312774358485E+01  0.111641625930E-04
  0.318121505812E+01  0.879543989316E-05
  0.323560055159E+01  0.689717179110E-05
  0.329091568917E+01  0.538124863620E-05
  0.334717636184E+01  0.417443775811E-05
  0.340439873218E+01  0.321603656383E-05
  0.346259923908E+01  0.245581235670E-05
  0.352179460242E+01  0.185219030801E-05
  0.358200182789E+01  0.137064983581E-05
  0.364323821185E+01  0.982287218651E-06
  0.370552134633E+01  0.662497953199E-06
  0.376886912407E+01  0.389725107044E-06
  0.383329974366E+01  0.144208271764E-06
  0.389883171478E+01  0.000000000000E+00
  0.396548386348E+01  0.000000000000E+00
  0.403327533764E+01  0.000000000000E+00
  0.410222561245E+01  0.000000000000E+00
  0.417235449597E+01  0.000000000000E+00
  0.424368213489E+01  0.000000000000E+00
  0.431622902025E+01  0.000000000000E+00
  0.439001599336E+01  0.000000000000E+00
  0.446506425180E+01  0.000000000000E+00
  0.454139535549E+01  0.000000000000E+00
  0.461903123286E+01  0.000000000000E+00
  0.469799418720E+01  0.000000000000E+00
  0.477830690305E+01  0.000000000000E+00
  0.485999245269E+01  0.000000000000E+00
  0.494307430280E+01  0.000000000000E+00
  0.502757632118E+01  0.000000000000E+00
  0.511352278364E+01  0.000000000000E+00
  0.520093838093E+01  0.000000000000E+00
  0.528984822585E+01  0.000000000000E+00
  0.538027786049E+01  0.000000000000E+00
  0.547225326353E+01  0.000000000000E+00
  0.556580085772E+01  0.000000000000E+00
  0.566094751747E+01  0.000000000000E+00
  0.575772057659E+01  0.000000000000E+00
  0.585614783610E+01  0.000000000000E+00
  0.595625757224E+01  0.000000000000E+00
  0.605807854460E+01  0.000000000000E+00
  0.616164000439E+01  0.000000000000E+00
  0.626697170280E+01  0.000000000000E+00
  0.637410389959E+01  0.000000000000E+00
  0.648306737176E+01  0.000000000000E+00
  0.659389342243E+01  0.000000000000E+00
  0.670661388976E+01  0.000000000000E+00
  0.682126115617E+01  0.000000000000E+00
  0.693786815759E+01  0.000000000000E+00
  0.705646839296E+01  0.000000000000E+00
  0.717709593384E+01  0.000000000000E+00
  0.729978543417E+01  0.000000000000E+00
  0.742457214029E+01  0.000000000000E+00
  0.755149190100E+01  0.000000000000E+00
  0.768058117788E+01  0.000000000000E+00
  0.781187705580E+01  0.000000000000E+00
  0.794541725351E+01  0.000000000000E+00
  0.808124013453E+01  0.000000000000E+00
  0.821938471814E+01  0.000000000000E+00
  0.835989069061E+01  0.000000000000E+00
  0.850279841659E+01  0.000000000000E+00
  0.864814895071E+01  0.000000000000E+00
  0.879598404935E+01  0.000000000000E+00
  0.894634618268E+01  0.000000000000E+00
  0.909927854683E+01  0.000000000000E+00
  0.925482507631E+01  0.000000000000E+00
  0.941303045663E+01  0.000000000000E+00
  0.957394013714E+01  0.000000000000E+00
  0.973760034406E+01  0.000000000000E+00
  0.990405809382E+01  0.000000000000E+00
  0.100733612065E+02  0.000000000000E+00
  0.102455583196E+02  0.000000000000E+00
  0.104206989020E+02  0.000000000000E+00
  0.105988332683E+02  0.000000000000E+00
  0.107800125929E+02  0.000000000000E+00
  0.109642889253E+02  0.000000000000E+00
  0.111517152044E+02  0.000000000000E+00
  0.113423452741E+02  0.000000000000E+00
  0.115362338988E+02  0.000000000000E+00
  0.117334367790E+02  0.000000000000E+00
  0.119340105672E+02  0.000000000000E+00
  0.121380128844E+02  0.000000000000E+00
  0.123455023365E+02  0.000000000000E+00
  0.125565385312E+02  0.000000000000E+00
  0.127711820951E+02  0.000000000000E+00
  0.129894946912E+02  0.000000000000E+00
  0.132115390364E+02  0.000000000000E+00
  0.134373789198E+02  0.000000000000E+00
  0.136670792209E+02  0.000000000000E+00
  0.139007059280E+02  0.000000000000E+00
  0.141383261576E+02  0.000000000000E+00
  0.143800081734E+02  0.000000000000E+00
  0.146258214060E+02  0.000000000000E+00
  0.148758364728E+02  0.000000000000E+00
  0.151301251982E+02  0.000000000000E+00
  0.153887606344E+02  0.000000000000E+00
  0.156518170825E+02  0.000000000000E+00
  0.159193701134E+02  0.000000000000E+00
  0.161914965900E+02  0.000000000000E+00
  0.164682746890E+02  0.000000000000E+00
  0.167497839232E+02  0.000000000000E+00
  0.170361051650E+02  0.000000000000E+00
  0.173273206688E+02  0.000000000000E+00
  0.176235140951E+02  0.000000000000E+00
  0.179247705348E+02  0.000000000000E+00
  0.182311765328E+02  0.000000000000E+00
  0.185428201138E+02  0.000000000000E+00
  0.188597908068E+02  0.000000000000E+00
  0.191821796715E+02  0.000000000000E+00
  0.195100793239E+02  0.000000000000E+00
  0.198435839632E+02  0.000000000000E+00
  0.201827893988E+02  0.000000000000E+00
  0.205277930780E+02  0.000000000000E+00
  0.208786941137E+02  0.000000000000E+00
  0.212355933127E+02  0.000000000000E+00
  0.215985932055E+02  0.000000000000E+00
  0.219677980749E+02  0.000000000000E+00
  0.223433139862E+02  0.000000000000E+00
  0.227252488180E+02  0.000000000000E+00
  0.231137122927E+02  0.000000000000E+00
  0.235088160083E+02  0.000000000000E+00
  0.239106734706E+02  0.000000000000E+00
  0.243194001253E+02  0.000000000000E+00
  0.247351133917E+02  0.000000000000E+00
  0.251579326963E+02  0.000000000000E+00
  0.255879795068E+02  0.000000000000E+00
  0.260253773673E+02  0.000000000000E+00
  0.264702519339E+02  0.000000000000E+00
  0.269227310102E+02  0.000000000000E+00
  0.273829445849E+02  0.000000000000E+00
  0.278510248684E+02  0.000000000000E+00
  0.283271063311E+02  0.000000000000E+00
  0.288113257419E+02  0.000000000000E+00
  0.293038222078E+02  0.000000000000E+00
  0.298047372134E+02  0.000000000000E+00
  0.303142146620E+02  0.000000000000E+00
  0.308324009165E+02  0.000000000000E+00
  0.313594448418E+02  0.000000000000E+00
  0.318954978476E+02  0.000000000000E+00
  0.324407139313E+02  0.000000000000E+00
  0.329952497230E+02  0.000000000000E+00
  0.335592645302E+02  0.000000000000E+00
  0.341329203834E+02  0.000000000000E+00
  0.347163820828E+02  0.000000000000E+00
  0.353098172456E+02  0.000000000000E+00
  0.359133963544E+02  0.000000000000E+00
  0.365272928057E+02  0.000000000000E+00
  0.371516829600E+02  0.000000000000E+00
  0.377867461926E+02  0.000000000000E+00
  0.384326649449E+02  0.000000000000E+00
  0.390896247768E+02  0.000000000000E+00
  0.397578144201E+02  0.000000000000E+00
  0.404374258329E+02  0.000000000000E+00
  0.411286542543E+02  0.000000000000E+00
  0.418316982608E+02  0.000000000000E+00
  0.425467598235E+02  0.000000000000E+00
  0.432740443657E+02  0.000000000000E+00
  0.440137608221E+02  0.000000000000E+00
  0.447661216989E+02  0.000000000000E+00
  0.455313431350E+02  0.000000000000E+00
  0.463096449635E+02  0.000000000000E+00
  0.471012507756E+02  0.000000000000E+00
  0.479063879842E+02  0.000000000000E+00
  0.487252878898E+02  0.000000000000E+00
  0.495581857464E+02  0.000000000000E+00
  0.504053208295E+02  0.000000000000E+00
  0.512669365045E+02  0.000000000000E+00
  0.521432802970E+02  0.000000000000E+00
  0.530346039636E+02  0.000000000000E+00
  0.539411635644E+02  0.000000000000E+00
  0.548632195363E+02  0.000000000000E+00
  0.558010367682E+02  0.000000000000E+00
  0.567548846769E+02  0.000000000000E+00
  0.577250372844E+02  0.000000000000E+00
  0.587117732967E+02  0.000000000000E+00
  0.597153761841E+02  0.000000000000E+00
  0.607361342621E+02  0.000000000000E+00
  0.617743407750E+02  0.000000000000E+00
  0.628302939792E+02  0.000000000000E+00
  0.639042972298E+02  0.000000000000E+00
  0.649966590670E+02  0.000000000000E+00
  0.661076933054E+02  0.000000000000E+00
  0.672377191234E+02  0.000000000000E+00
  0.683870611558E+02  0.000000000000E+00
  0.695560495861E+02  0.000000000000E+00
  0.707450202422E+02  0.000000000000E+00
  0.719543146924E+02  0.000000000000E+00
  0.731842803434E+02  0.000000000000E+00
  0.744352705407E+02  0.000000000000E+00
  0.757076446695E+02  0.000000000000E+00
  0.770017682583E+02  0.000000000000E+00
  0.783180130838E+02  0.000000000000E+00
  0.796567572776E+02  0.000000000000E+00
  0.810183854350E+02  0.000000000000E+00
  0.824032887255E+02  0.000000000000E+00
         721           0         200
  0.000000000000E+00  0.000000000000E+00
  0.706180151333E-05  0.439948060243E-04
  0.142443146680E-04  0.887415397189E-04
  0.215496028610E-04  0.134252946965E-03
  0.289797647603E-04  0.180541985117E-03
  0.365369349077E-04  0.227621826625E-03
  0.442232843318E-04  0.275505862480E-03
  0.520410211722E-04  0.324207705719E-03
  0.599923913133E-04  0.373741194977E-03
  0.680796790299E-04  0.424120398106E-03
  0.763052076433E-04  0.475359615844E-03
  0.846713401887E-04  0.527473385546E-03
  0.931804800941E-04  0.580476484982E-03
  0.101835071871E-03  0.634383936183E-03
  0.110637601815E-03  0.689211009366E-03
  0.119590598724E-03  0.744973226902E-03
  0.128696634621E-03  0.801686367370E-03
  0.137958325492E-03  0.859366469660E-03
  0.147378332043E-03  0.918029837147E-03
  0.156959360459E-03  0.977693041938E-03
  0.166704163185E-03  0.103837292918E-02
  0.176615539714E-03  0.110008662142E-02
  0.186696337391E-03  0.116285152310E-02
  0.196949452236E-03  0.122668532502E-02
  0.207377829770E-03  0.129160600897E-02
  0.217984465864E-03  0.135763185240E-02
  0.228772407599E-03  0.142478143310E-02
  0.239744754143E-03  0.149307363409E-02
  0.250904657637E-03  0.156252764845E-02
  0.262255324107E-03  0.163316298434E-02
  0.273800014379E-03  0.170499947000E-02
  0.285542045019E-03  0.177805725888E-02
  0.297484789285E-03  0.185235683489E-02
  0.309631678098E-03  0.192791901761E-02
  0.321986201022E-03  0.200476496775E-02
  0.334551907273E-03  0.208291619250E-02
  0.347332406736E-03  0.216239455115E-02
  0.360331371001E-03  0.224322226066E-02
  0.373552534418E-03  0.232542190139E-02
  0.386999695173E-03  0.240901642288E-02
  0.400676716373E-03  0.249402914972E-02
  0.414587527163E-03  0.258048378754E-02
  0.428736123849E-03  0.266840442906E-02
  0.443126571050E-03  0.275781556021E-02
  0.457763002861E-03  0.284874206642E-02
  0.472649624048E-03  0.294120923889E-02
  0.487790711249E-03  0.303524278104E-02
  0.503190614203E-03  0.313086881502E-02
  0.518853757007E-03  0.322811388830E-02
  0.534784639377E-03  0.332700498038E-02
  0.550987837948E-03  0.342756950958E-02
  0.567468007585E-03  0.352983533992E-02
  0.584229882722E-03  0.363383078809E-02
  0.601278278721E-03  0.373958463056E-02
  0.618618093257E-03  0.384712611069E-02
  0.636254307723E-03  0.395648494606E-02
  0.654191988661E-03  0.406769133578E-02
  0.672436289222E-03  0.418077596798E-02
  0.690992450638E-03  0.429577002735E-02
  0.709865803737E-03  0.441270520277E-02
  0.729061770466E-03  0.453161369509E-02
  0.748585865457E-03  0.465252822496E-02
  0.768443697604E-03  0.477548204076E-02
  0.788640971677E-03  0.490050892664E-02
  0.809183489964E-03  0.502764321064E-02
  0.830077153930E-03  0.515691977295E-02
  0.851327965923E-03  0.528837405421E-02
  0.872942030889E-03  0.542204206392E-02
  0.894925558131E-03  0.555796038900E-02
  0.917284863090E-03  0.569616620237E-02
  0.940026369163E-03  0.583669727164E-02
  0.963156609543E-03  0.597959196799E-02
  0.986682229102E-03  0.612488927500E-02
  0.101060998630E-02  0.627262879766E-02
  0.103494675510E-02  0.642285077151E-02
  0.105969952701E-02  0.657559607177E-02
  0.108487541301E-02  0.673090622265E-02
  0.111048164564E-02  0.688882340673E-02
  0.113652558108E-02  0.704939047442E-02
  0.116301470125E-02  0.721265095352E-02
  0.118995661596E-02  0.737864905893E-02
  0.121735906511E-02  0.754742970231E-02
  0.124522992088E-02  0.771903850201E-02
  0.127357719003E-02  0.789352179296E-02
  0.130240901618E-02  0.807092663673E-02
  0.133173368217E-02  0.825130083161E-02
  0.136155961239E-02  0.843469292286E-02
  0.139189537527E-02  0.862115221298E-02
  0.142274968567E-02  0.881072877213E-02
  0.145413140745E-02  0.900347344858E-02
  0.148604955597E-02  0.919943787927E-02
  0.151851330069E-02  0.939867450049E-02
  0.155153196782E-02  0.960123655861E-02
  0.158511504299E-02  0.980717812085E-02
  0.161927217395E-02  0.100165540863E-01
  0.165401317340E-02  0.102294201966E-01
  0.168934802175E-02  0.104458330476E-01
  0.172528687002E-02  0.106658500998E-01
  0.176184004274E-02  0.108895296899E-01
  0.179901804094E-02  0.111169310424E-01
  0.183683154513E-02  0.113481142802E-01
  0.187529141840E-02  0.115831404367E-01
  0.191440870953E-02  0.118220714670E-01
  0.195419465616E-02  0.120649702596E-01
  0.199466068802E-02  0.123119006477E-01
  0.203581843021E-02  0.125629274214E-01
  0.207767970658E-02  0.128181163389E-01
  0.212025654304E-02  0.130775341386E-01
  0.216356117109E-02  0.133412485508E-01
  0.220760603133E-02  0.136093283096E-01
  0.225240377699E-02  0.138818431648E-01
  0.229796727758E-02  0.141588638939E-01
  0.234430962263E-02  0.144404623139E-01
  0.239144412539E-02  0.147267112934E-01
  0.243938432670E-02  0.150176847646E-01
  0.248814399884E-02  0.153134577353E-01
  0.253773714952E-02  0.156141063009E-01
  0.258817802591E-02  0.159197076564E-01
  0.263948111868E-02  0.162303401085E-01
  0.269166116622E-02  0.165460830874E-01
  0.274473315885E-02  0.168670171589E-01
  0.279871234313E-02  0.171932240365E-01
  0.285361422623E-02  0.175247865929E-01
  0.290945458039E-02  0.178617888720E-01
  0.296624944748E-02  0.182043161010E-01
  0.302401514356E-02  0.185524547017E-01
  0.308276826360E-02  0.189062923022E-01
  0.314252568623E-02  0.192659177487E-01
  0.320330457859E-02  0.196314211168E-01
  0.326512240130E-02  0.200028937227E-01
  0.332799691342E-02  0.203804281348E-01
  0.339194617757E-02  0.207641181844E-01
  0.345698856514E-02  0.211540589768E-01
  0.352314276156E-02  0.215503469022E-01
  0.359042777163E-02  0.219530796461E-01
  0.365886292505E-02  0.223623561999E-01
  0.372846788191E-02  0.227782768709E-01
  0.379926263836E-02  0.232009432925E-01
  0.387126753238E-02  0.236304584340E-01
  0.394450324956E-02  0.240669266098E-01
  0.401899082913E-02  0.245104534891E-01
  0.409475166991E-02  0.249611461044E-01
  0.417180753653E-02  0.254191128603E-01
  0.425018056564E-02  0.258844635422E-01
  0.432989327232E-02  0.263573093235E-01
  0.441096855646E-02  0.268377627741E-01
  0.449342970944E-02  0.273259378668E-01
  0.457730042075E-02  0.278219499846E-01
  0.466260478481E-02  0.283259159271E-01
  0.474936730793E-02  0.288379539160E-01
  0.483761291529E-02  0.293581836009E-01
  0.492736695815E-02  0.298867260641E-01
  0.501865522111E-02  0.304237038249E-01
  0.511150392953E-02  0.309692408436E-01
  0.520593975703E-02  0.315234625244E-01
  0.530198983321E-02  0.320864957181E-01
  0.539968175139E-02  0.326584687243E-01
  0.549904357658E-02  0.332395112922E-01
  0.560010385349E-02  0.338297546214E-01
  0.570289161480E-02  0.344293313616E-01
  0.580743638944E-02  0.350383756113E-01
  0.591376821109E-02  0.356570229162E-01
  0.602191762684E-02  0.362854102665E-01
  0.613191570591E-02  0.369236760930E-01
  0.624379404863E-02  0.375719602625E-01
  0.635758479548E-02  0.382304040723E-01
  0.647332063634E-02  0.388991502437E-01
  0.659103481988E-02  0.395783429140E-01
  0.671076116310E-02  0.402681276275E-01
  0.683253406107E-02  0.409686513260E-01
  0.695638849678E-02  0.416800623370E-01
  0.708236005122E-02  0.424025103615E-01
  0.721048491357E-02  0.431361464599E-01
  0.734079989163E-02  0.438811230369E-01
  0.747334242237E-02  0.446375938245E-01
  0.760815058269E-02  0.454057138641E-01
  0.774526310038E-02  0.461856394866E-01
  0.788471936520E-02  0.469775282910E-01
  0.802655944024E-02  0.477815391211E-01
  0.817082407341E-02  0.485978320409E-01
  0.831755470914E-02  0.494265683080E-01
  0.846679350032E-02  0.502679103448E-01
  0.861858332035E-02  0.511220217078E-01
  0.877296777551E-02  0.519890670557E-01
  0.892999121747E-02  0.528692121141E-01
  0.908969875603E-02  0.537626236387E-01
  0.925213627207E-02  0.546694693765E-01
  0.941735043075E-02  0.555899180240E-01
  0.958538869490E-02  0.565241391833E-01
  0.975629933865E-02  0.574723033158E-01
  0.993013146133E-02  0.584345816928E-01
  0.101069350016E-01  0.594111463441E-01
  0.102867607515E-01  0.604021700030E-01
  0.104696603718E-01  0.614078260492E-01
  0.106556864057E-01  0.624282884480E-01
  0.108448922951E-01  0.634637316869E-01
  0.110373323951E-01  0.645143307085E-01
  0.112330619901E-01  0.655802608408E-01
  0.114321373093E-01  0.666616977233E-01
  0.116346155433E-01  0.677588172302E-01
  0.118405548601E-01  0.688717953894E-01
  0.120500144221E-01  0.700008082982E-01
  0.122630544030E-01  0.711460320346E-01
  0.124797360050E-01  0.723076425655E-01
  0.127001214767E-01  0.734858156495E-01
  0.129242741304E-01  0.746807267362E-01
  0.131522583609E-01  0.758925508613E-01
  0.133841396636E-01  0.771214625365E-01
  0.136199846535E-01  0.783676356352E-01
  0.138598610845E-01  0.796312432732E-01
  0.141038378682E-01  0.809124576843E-01
  0.143519850946E-01  0.822114500915E-01
  0.146043740515E-01  0.835283905714E-01
  0.148610772453E-01  0.848634479153E-01
  0.151221684220E-01  0.862167894830E-01
  0.153877225880E-01  0.875885810514E-01
  0.156578160319E-01  0.889789866577E-01
  0.159325263462E-01  0.903881684360E-01
  0.162119324499E-01  0.918162864477E-01
  0.164961146111E-01  0.932634985058E-01
  0.167851544697E-01  0.947299599926E-01
  0.170791350612E-01  0.962158236704E-01
  0.173781408408E-01  0.977212394857E-01
  0.176822577068E-01  0.992463543657E-01
  0.179915730262E-01  0.100791312009E+00
  0.183061756593E-01  0.102356252665E+00
  0.186261559854E-01  0.103941312913E+00
  0.189516059285E-01  0.105546625424E+00
  0.192826189843E-01  0.107172318724E+00
  0.196192902462E-01  0.108818516942E+00
  0.199617164336E-01  0.110485339551E+00
  0.203099959187E-01  0.112172901104E+00
  0.206642287555E-01  0.113881310959E+00
  0.210245167083E-01  0.115610672992E+00
  0.213909632809E-01  0.117361085308E+00
  0.217636737461E-01  0.119132639934E+00
  0.221427551767E-01  0.120925422509E+00
  0.225283164752E-01  0.122739511963E+00
  0.229204684060E-01  0.124574980183E+00
  0.233193236268E-01  0.126431891672E+00
  0.237249967210E-01  0.128310303198E+00
  0.241376042305E-01  0.130210263430E+00
  0.245572646896E-01  0.132131812563E+00
  0.249840986585E-01  0.134074981936E+00
  0.254182287584E-01  0.136039793638E+00
  0.258597797065E-01  0.138026260096E+00
  0.263088783519E-01  0.140034383663E+00
  0.267656537118E-01  0.142064156185E+00
  0.272302370090E-01  0.144115558559E+00
  0.277027617093E-01  0.146188560284E+00
  0.281833635599E-01  0.148283118991E+00
  0.286721806284E-01  0.150399179968E+00
  0.291693533424E-01  0.152536675670E+00
  0.296750245302E-01  0.154695525217E+00
  0.301893394612E-01  0.156875633877E+00
  0.307124458881E-01  0.159076892542E+00
  0.312444940894E-01  0.161299177185E+00
  0.317856369121E-01  0.163542348307E+00
  0.323360298162E-01  0.165806250374E+00
  0.328958309188E-01  0.168090711231E+00
  0.334652010400E-01  0.170395541518E+00
  0.340443037488E-01  0.172720534058E+00
  0.346333054102E-01  0.175065463241E+00
  0.352323752330E-01  0.177430084395E+00
  0.358416853183E-01  0.179814133134E+00
  0.364614107092E-01  0.182217324708E+00
  0.370917294408E-01  0.184639353326E+00
  0.377328225914E-01  0.187079891478E+00
  0.383848743346E-01  0.189538589231E+00
  0.390480719925E-01  0.192015073526E+00
  0.397226060887E-01  0.194508947451E+00
  0.404086704038E-01  0.197019789512E+00
  0.411064620310E-01  0.199547152879E+00
  0.418161814322E-01  0.202090564635E+00
  0.425380324961E-01  0.204649524999E+00
  0.432722225965E-01  0.207223506548E+00
  0.440189626520E-01  0.209811953426E+00
  0.447784671866E-01  0.212414280534E+00
  0.455509543912E-01  0.215029872721E+00
  0.463366461865E-01  0.217658083960E+00
  0.471357682865E-01  0.220298236513E+00
  0.479485502636E-01  0.222949620091E+00
  0.487752256142E-01  0.225611491003E+00
  0.496160318262E-01  0.228283071298E+00
  0.504712104470E-01  0.230963547900E+00
  0.513410071528E-01  0.233652071738E+00
  0.522256718194E-01  0.236347756869E+00
  0.531254585938E-01  0.239049679595E+00
  0.540406259673E-01  0.241756877584E+00
  0.549714368499E-01  0.244468348974E+00
  0.559181586455E-01  0.247183051489E+00
  0.568810633289E-01  0.249899901549E+00
  0.578604275241E-01  0.252617773374E+00
  0.588565325833E-01  0.255335498105E+00
  0.598696646684E-01  0.258051862908E+00
  0.609001148325E-01  0.260765610101E+00
  0.619481791040E-01  0.263475436271E+00
  0.630141585716E-01  0.266179991410E+00
  0.640983594705E-01  0.268877878053E+00
  0.652010932706E-01  0.271567650425E+00
  0.663226767660E-01  0.274247813603E+00
  0.674634321660E-01  0.276916822695E+00
  0.686236871875E-01  0.279573082024E+00
  0.698037751494E-01  0.282214944340E+00
  0.710040350680E-01  0.284840710042E+00
  0.722248117548E-01  0.287448626434E+00
  0.734664559153E-01  0.290036886990E+00
  0.747293242499E-01  0.292603630653E+00
  0.760137795562E-01  0.295146941164E+00
  0.773201908334E-01  0.297664846416E+00
  0.786489333881E-01  0.300155317848E+00
  0.800003889424E-01  0.302616269864E+00
  0.813749457432E-01  0.305045559303E+00
  0.827729986742E-01  0.307440984943E+00
  0.841949493690E-01  0.309800287053E+00
  0.856412063263E-01  0.312121146986E+00
  0.871121850280E-01  0.314401186832E+00
  0.886083080576E-01  0.316637969113E+00
  0.901300052224E-01  0.318828996548E+00
  0.916777136765E-01  0.320971711866E+00
  0.932518780467E-01  0.323063497687E+00
  0.948529505598E-01  0.325101676475E+00
  0.964813911731E-01  0.327083510552E+00
  0.981376677059E-01  0.329006202197E+00
  0.998222559746E-01  0.330866893811E+00
  0.101535639929E+00  0.332662668176E+00
  0.103278311790E+00  0.334390548789E+00
  0.105050772195E+00  0.336047500296E+00
  0.106853530337E+00  0.337630429012E+00
  0.108687104114E+00  0.339136183542E+00
  0.110552020275E+00  0.340561555501E+00
  0.112448814575E+00  0.341903280349E+00
  0.114378031927E+00  0.343158038326E+00
  0.116340226556E+00  0.344322455508E+00
  0.118335962165E+00  0.345393104982E+00
  0.120365812088E+00  0.346366508139E+00
  0.122430359463E+00  0.347239136106E+00
  0.124530197394E+00  0.348007411301E+00
  0.126665929124E+00  0.348667709127E+00
  0.128838168207E+00  0.349216359811E+00
  0.131047538686E+00  0.349649650385E+00
  0.133294675270E+00  0.349963826820E+00
  0.135580223517E+00  0.350155096312E+00
  0.137904840022E+00  0.350219629732E+00
  0.140269192602E+00  0.350153564230E+00
  0.142673960489E+00  0.349953006019E+00
  0.145119834528E+00  0.349614033322E+00
  0.147607517369E+00  0.349132699498E+00
  0.150137723677E+00  0.348505036345E+00
  0.152711180331E+00  0.347727057596E+00
  0.155328626634E+00  0.346794762586E+00
  0.157990814529E+00  0.345704140128E+00
  0.160698508811E+00  0.344451172573E+00
  0.163452487348E+00  0.343031840067E+00
  0.166253541304E+00  0.341442125015E+00
  0.169102475368E+00  0.339678016744E+00
  0.172000107985E+00  0.337735516369E+00
  0.174947271586E+00  0.335610641876E+00
  0.177944812837E+00  0.333299433404E+00
  0.180993592872E+00  0.330797958742E+00
  0.184094487546E+00  0.328102319045E+00
  0.187248387687E+00  0.325208654747E+00
  0.190456199350E+00  0.322113151705E+00
  0.193718844076E+00  0.318812047538E+00
  0.197037259161E+00  0.315301638192E+00
  0.200412397920E+00  0.311578284703E+00
  0.203845229965E+00  0.307638420177E+00
  0.207336741484E+00  0.303478556965E+00
  0.210887935519E+00  0.299095294050E+00
  0.214499832260E+00  0.294485324622E+00
  0.218173469335E+00  0.289645443848E+00
  0.221909902109E+00  0.284572556826E+00
  0.225710203987E+00  0.279263686723E+00
  0.229575466721E+00  0.273715983073E+00
  0.233506800728E+00  0.267926730249E+00
  0.237505335403E+00  0.261893356079E+00
  0.241572219447E+00  0.255613440602E+00
  0.245708621199E+00  0.249084724964E+00
  0.249915728965E+00  0.242305120413E+00
  0.254194751368E+00  0.235272717413E+00
  0.258546917686E+00  0.227985794835E+00
  0.262973478214E+00  0.220442829219E+00
  0.267475704616E+00  0.212642504094E+00
  0.272054890295E+00  0.204583719331E+00
  0.276712350763E+00  0.196265600515E+00
  0.281449424017E+00  0.187687508308E+00
  0.286267470928E+00  0.178849047799E+00
  0.291167875626E+00  0.169750077804E+00
  0.296152045904E+00  0.160390720102E+00
  0.301221413616E+00  0.150771368588E+00
  0.306377435095E+00  0.140892698319E+00
  0.311621591564E+00  0.130755674433E+00
  0.316955389570E+00  0.120361560919E+00
  0.322380361409E+00  0.109711929222E+00
  0.327898065571E+00  0.988086666656E-01
  0.333510087184E+00  0.876539846578E-01
  0.339218038475E+00  0.762504266897E-01
  0.345023559227E+00  0.646008760849E-01
  0.350928317254E+00  0.527085634971E-01
  0.356934008879E+00  0.405770741349E-01
  0.363042359420E+00  0.282103546985E-01
  0.369255123689E+00  0.156127200080E-01
  0.375574086492E+00  0.278885930712E-02
  0.382001063146E+00 -0.102561577842E-01
  0.388537899996E+00 -0.235168756938E-01
  0.395186474950E+00 -0.369874477338E-01
  0.401948698013E+00 -0.506616313909E-01
  0.408826511842E+00 -0.645327841286E-01
  0.415821892299E+00 -0.785938597692E-01
  0.422936849023E+00 -0.928374055509E-01
  0.430173426002E+00 -0.107255559975E+00
  0.437533702165E+00 -0.121840051603E+00
  0.445019791977E+00 -0.136582198992E+00
  0.452633846047E+00 -0.151472912036E+00
  0.460378051745E+00 -0.166502695025E+00
  0.468254633831E+00 -0.181661651842E+00
  0.476265855095E+00 -0.196939493789E+00
  0.484414017007E+00 -0.212325550658E+00
  0.492701460374E+00 -0.227808785723E+00
  0.501130566020E+00 -0.243377815412E+00
  0.509703755463E+00 -0.259020934344E+00
  0.518423491615E+00 -0.274726146283E+00
  0.527292279486E+00 -0.290481201084E+00
  0.536312666909E+00 -0.306273637052E+00
  0.545487245267E+00 -0.322090826915E+00
  0.554818650237E+00 -0.337920024206E+00
  0.564309562551E+00 -0.353748404950E+00
  0.573962708767E+00 -0.369563097990E+00
  0.583780862044E+00 -0.385351196097E+00
  0.593766842950E+00 -0.401099740384E+00
  0.603923520263E+00 -0.416795672660E+00
  0.614253811799E+00 -0.432425754980E+00
  0.624760685253E+00 -0.447976461707E+00
  0.635447159044E+00 -0.463433856505E+00
  0.646316303191E+00 -0.478783472130E+00
  0.657371240187E+00 -0.494010213764E+00
  0.668615145904E+00 -0.509098304549E+00
  0.680051250496E+00 -0.524031285774E+00
  0.691682839336E+00 -0.538792073846E+00
  0.703513253954E+00 -0.553363065654E+00
  0.715545892999E+00 -0.567726275229E+00
  0.727784213216E+00 -0.581863481439E+00
  0.740231730437E+00 -0.595756368101E+00
  0.752892020593E+00 -0.609386644131E+00
  0.765768720740E+00 -0.622736138179E+00
  0.778865530106E+00 -0.635786868608E+00
  0.792186211149E+00 -0.648521093201E+00
  0.805734590644E+00 -0.660921344749E+00
  0.819514560779E+00 -0.672970458170E+00
  0.833530080271E+00 -0.684651594003E+00
  0.847785175509E+00 -0.695948261474E+00
  0.862283941705E+00 -0.706844343351E+00
  0.877030544075E+00 -0.717324123570E+00
  0.892029219032E+00 -0.727372318137E+00
  0.907284275405E+00 -0.736974109137E+00
  0.922800095676E+00 -0.746115181545E+00
  0.938581137241E+00 -0.754781762238E+00
  0.954631933687E+00 -0.762960660588E+00
  0.970957096097E+00 -0.770639309976E+00
  0.987561314376E+00 -0.777805809511E+00
  0.100444935859E+01 -0.784448965416E+00
  0.102162608036E+01 -0.790558331397E+00
  0.103909641421E+01 -0.796124247631E+00
  0.105686537903E+01 -0.801137877787E+00
  0.107493807951E+01 -0.805591243909E+00
  0.109331970758E+01 -0.809477258656E+00
  0.111201554394E+01 -0.812789754924E+00
  0.113103095952E+01 -0.815523512386E+00
  0.115037141709E+01 -0.817674281156E+00
  0.117004247279E+01 -0.819238802104E+00
  0.119004977774E+01 -0.820214824197E+00
  0.121039907964E+01 -0.820601118338E+00
  0.123109622446E+01 -0.820397488237E+00
  0.125214715808E+01 -0.819604777713E+00
  0.127355792804E+01 -0.818224875083E+00
  0.129533468523E+01 -0.816260713984E+00
  0.131748368568E+01 -0.813716271378E+00
  0.134001129239E+01 -0.810596562033E+00
  0.136292397710E+01 -0.806907630315E+00
  0.138622832218E+01 -0.802656538544E+00
  0.140993102251E+01 -0.797851352808E+00
  0.143403888742E+01 -0.792501125471E+00
  0.145855884264E+01 -0.786615875317E+00
  0.148349793227E+01 -0.780206564542E+00
  0.150886332083E+01 -0.773285073580E+00
  0.153466229531E+01 -0.765864172973E+00
  0.156090226726E+01 -0.757957493293E+00
  0.158759077490E+01 -0.749579492314E+00
  0.161473548534E+01 -0.740745420469E+00
  0.164234419671E+01 -0.731471283798E+00
  0.167042484048E+01 -0.721773805405E+00
  0.169898548366E+01 -0.711670384656E+00
  0.172803433118E+01 -0.701179055113E+00
  0.175757972820E+01 -0.690318440469E+00
  0.178763016256E+01 -0.679107709415E+00
  0.181819426715E+01 -0.667566528779E+00
  0.184928082245E+01 -0.655715015782E+00
  0.188089875903E+01 -0.643573688813E+00
  0.191305716011E+01 -0.631163417486E+00
  0.194576526417E+01 -0.618505371473E+00
  0.197903246763E+01 -0.605620968751E+00
  0.201286832750E+01 -0.592531822866E+00
  0.204728256417E+01 -0.579259689758E+00
  0.208228506419E+01 -0.565826413833E+00
  0.211788588310E+01 -0.552253873751E+00
  0.215409524833E+01 -0.538563927717E+00
  0.219092356211E+01 -0.524778358664E+00
  0.222838140453E+01 -0.510918819250E+00
  0.226647953648E+01 -0.497006776972E+00
  0.230522890283E+01 -0.483063459480E+00
  0.234464063551E+01 -0.469109800311E+00
  0.238472605677E+01 -0.455166385291E+00
  0.242549668235E+01 -0.441253399773E+00
  0.246696422488E+01 -0.427390577105E+00
  0.250914059718E+01 -0.413597148441E+00
  0.255203791570E+01 -0.399891794429E+00
  0.259566850401E+01 -0.386292598835E+00
  0.264004489634E+01 -0.372817004730E+00
  0.268517984116E+01 -0.359481773231E+00
  0.273108630487E+01 -0.346302945492E+00
  0.277777747552E+01 -0.333295807834E+00
  0.282526676656E+01 -0.320474860704E+00
  0.287356782075E+01 -0.307853791282E+00
  0.292269451406E+01 -0.295445450340E+00
  0.297266095963E+01 -0.283261833069E+00
  0.302348151185E+01 -0.271314064407E+00
  0.307517077048E+01 -0.259612388426E+00
  0.312774358485E+01 -0.248166162240E+00
  0.318121505812E+01 -0.236983853865E+00
  0.323560055159E+01 -0.226073044371E+00
  0.329091568917E+01 -0.215440433692E+00
  0.334717636184E+01 -0.205091850309E+00
  0.340439873218E+01 -0.195032264131E+00
  0.346259923908E+01 -0.185265802714E+00
  0.352179460242E+01 -0.175795770100E+00
  0.358200182789E+01 -0.166624668383E+00
  0.364323821185E+01 -0.157754221299E+00
  0.370552134633E+01 -0.149185399899E+00
  0.376886912407E+01 -0.140918449679E+00
  0.383329974366E+01 -0.132952919186E+00
  0.389883171478E+01 -0.125287689559E+00
  0.396548386348E+01 -0.117921005041E+00
  0.403327533764E+01 -0.110850503984E+00
  0.410222561245E+01 -0.104073250406E+00
  0.417235449597E+01 -0.975857657198E-01
  0.424368213489E+01 -0.913840606968E-01
  0.431622902025E+01 -0.854636673777E-01
  0.439001599336E+01 -0.798196710167E-01
  0.446506425180E+01 -0.744467418278E-01
  0.454139535549E+01 -0.693391666470E-01
  0.461903123286E+01 -0.644908803310E-01
  0.469799418720E+01 -0.598954970061E-01
  0.477830690305E+01 -0.555463410313E-01
  0.485999245269E+01 -0.514364777763E-01
  0.494307430280E+01 -0.475587441028E-01
  0.502757632118E+01 -0.439057786229E-01
  0.511352278364E+01 -0.404700516335E-01
  0.520093838093E+01 -0.372438947633E-01
  0.528984822585E+01 -0.342195302264E-01
  0.538027786049E+01 -0.313890996812E-01
  0.547225326353E+01 -0.287446925741E-01
  0.556580085772E+01 -0.262783739292E-01
  0.566094751747E+01 -0.239822114489E-01
  0.575772057659E+01 -0.218483018562E-01
  0.585614783610E+01 -0.198687963341E-01
  0.595625757224E+01 -0.180359249716E-01
  0.605807854460E+01 -0.163420200739E-01
  0.616164000439E+01 -0.147795382384E-01
  0.626697170280E+01 -0.133410810661E-01
  0.637410389959E+01 -0.120194144177E-01
  0.648306737176E+01 -0.108074861061E-01
  0.659389342243E+01 -0.969844195527E-02
  0.670661388976E+01 -0.868564014832E-02
  0.682126115617E+01 -0.776266382279E-02
  0.693786815759E+01 -0.692333187416E-02
  0.705646839296E+01 -0.616170795893E-02
  0.717709593384E+01 -0.547210769692E-02
  0.729978543417E+01 -0.484910409926E-02
  0.742457214029E+01 -0.428753125877E-02
  0.755149190100E+01 -0.378248636147E-02
  0.768058117788E+01 -0.332933008857E-02
  0.781187705580E+01 -0.292368549497E-02
  0.794541725351E+01 -0.256143545935E-02
  0.808124013453E+01 -0.223871881267E-02
  0.821938471814E+01 -0.195192525808E-02
  0.835989069061E+01 -0.169768920227E-02
  0.850279841659E+01 -0.147288262114E-02
  0.864814895071E+01 -0.127460708551E-02
  0.879598404935E+01 -0.110018507208E-02
  0.894634618268E+01 -0.947150683994E-03
  0.909927854683E+01 -0.813239901842E-03
  0.925482507631E+01 -0.696380482252E-03
  0.941303045663E+01 -0.594681615095E-03
  0.957394013714E+01 -0.506423444375E-03
  0.973760034406E+01 -0.430046550229E-03
  0.990405809382E+01 -0.364141481711E-03
  0.100733612065E+02 -0.307438421509E-03
  0.102455583196E+02 -0.258797055083E-03
  0.104206989020E+02 -0.217196707824E-03
  0.105988332683E+02 -0.181726804982E-03
  0.107800125929E+02 -0.151577700361E-03
  0.109642889253E+02 -0.126031911306E-03
  0.111517152044E+02 -0.104455789365E-03
  0.113423452741E+02 -0.862916483049E-04
  0.115362338988E+02 -0.710503639790E-04
  0.117334367790E+02 -0.583044539064E-04
  0.119340105672E+02 -0.476816384181E-04
  0.121380128844E+02 -0.388588798263E-04
  0.123455023365E+02 -0.315568913361E-04
  0.125565385312E+02 -0.255351033292E-04
  0.127711820951E+02 -0.205870711877E-04
  0.129894946912E+02 -0.165363059936E-04
  0.132115390364E+02 -0.132325071870E-04
  0.134373789198E+02 -0.105481745730E-04
  0.136670792209E+02 -0.837557588524E-05
  0.139007059280E+02 -0.662404539756E-05
  0.141383261576E+02 -0.521758869109E-05
  0.143800081734E+02 -0.409276832032E-05
  0.146258214060E+02 -0.319684912399E-05
  0.148758364728E+02 -0.248617423080E-05
  0.151301251982E+02 -0.192475250639E-05
  0.153887606344E+02 -0.148303489734E-05
  0.156518170825E+02 -0.113685882560E-05
  0.159193701134E+02 -0.866541067033E-06
  0.161914965900E+02 -0.656100703109E-06
  0.164682746890E+02 -0.492594813267E-06
  0.167497839232E+02 -0.365550500124E-06
  0.170361051650E+02 -0.266477511577E-06
  0.173273206688E+02 -0.188446010582E-06
  0.176235140951E+02 -0.125713757329E-06
  0.179247705348E+02 -0.733858359978E-07
  0.182311765328E+02 -0.270876699123E-07
  0.185428201138E+02  0.000000000000E+00
  0.188597908068E+02  0.000000000000E+00
  0.191821796715E+02  0.000000000000E+00
  0.195100793239E+02  0.000000000000E+00
  0.198435839632E+02  0.000000000000E+00
  0.201827893988E+02  0.000000000000E+00
  0.205277930780E+02  0.000000000000E+00
  0.208786941137E+02  0.000000000000E+00
  0.212355933127E+02  0.000000000000E+00
  0.215985932055E+02  0.000000000000E+00
  0.219677980749E+02  0.000000000000E+00
  0.223433139862E+02  0.000000000000E+00
  0.227252488180E+02  0.000000000000E+00
  0.231137122927E+02  0.000000000000E+00
  0.235088160083E+02  0.000000000000E+00
  0.239106734706E+02  0.000000000000E+00
  0.243194001253E+02  0.000000000000E+00
  0.247351133917E+02  0.000000000000E+00
  0.251579326963E+02  0.000000000000E+00
  0.255879795068E+02  0.000000000000E+00
  0.260253773673E+02  0.000000000000E+00
  0.264702519339E+02  0.000000000000E+00
  0.269227310102E+02  0.000000000000E+00
  0.273829445849E+02  0.000000000000E+00
  0.278510248684E+02  0.000000000000E+00
  0.283271063311E+02  0.000000000000E+00
  0.288113257419E+02  0.000000000000E+00
  0.293038222078E+02  0.000000000000E+00
  0.298047372134E+02  0.000000000000E+00
  0.303142146620E+02  0.000000000000E+00
  0.308324009165E+02  0.000000000000E+00
  0.313594448418E+02  0.000000000000E+00
  0.318954978476E+02  0.000000000000E+00
  0.324407139313E+02  0.000000000000E+00
  0.329952497230E+02  0.000000000000E+00
  0.335592645302E+02  0.000000000000E+00
  0.341329203834E+02  0.000000000000E+00
  0.347163820828E+02  0.000000000000E+00
  0.353098172456E+02  0.000000000000E+00
  0.359133963544E+02  0.000000000000E+00
  0.365272928057E+02  0.000000000000E+00
  0.371516829600E+02  0.000000000000E+00
  0.377867461926E+02  0.000000000000E+00
  0.384326649449E+02  0.000000000000E+00
  0.390896247768E+02  0.000000000000E+00
  0.397578144201E+02  0.000000000000E+00
  0.404374258329E+02  0.000000000000E+00
  0.411286542543E+02  0.000000000000E+00
  0.418316982608E+02  0.000000000000E+00
  0.425467598235E+02  0.000000000000E+00
  0.432740443657E+02  0.000000000000E+00
  0.440137608221E+02  0.000000000000E+00
  0.447661216989E+02  0.000000000000E+00
  0.455313431350E+02  0.000000000000E+00
  0.463096449635E+02  0.000000000000E+00
  0.471012507756E+02  0.000000000000E+00
  0.479063879842E+02  0.000000000000E+00
  0.487252878898E+02  0.000000000000E+00
  0.495581857464E+02  0.000000000000E+00
  0.504053208295E+02  0.000000000000E+00
  0.512669365045E+02  0.000000000000E+00
  0.521432802970E+02  0.000000000000E+00
  0.530346039636E+02  0.000000000000E+00
  0.539411635644E+02  0.000000000000E+00
  0.548632195363E+02  0.000000000000E+00
  0.558010367682E+02  0.000000000000E+00
  0.567548846769E+02  0.000000000000E+00
  0.577250372844E+02  0.000000000000E+00
  0.587117732967E+02  0.000000000000E+00
  0.597153761841E+02  0.000000000000E+00
  0.607361342621E+02  0.000000000000E+00
  0.617743407750E+02  0.000000000000E+00
  0.628302939792E+02  0.000000000000E+00
  0.639042972298E+02  0.000000000000E+00
  0.649966590670E+02  0.000000000000E+00
  0.661076933054E+02  0.000000000000E+00
  0.672377191234E+02  0.000000000000E+00
  0.683870611558E+02  0.000000000000E+00
  0.695560495861E+02  0.000000000000E+00
  0.707450202422E+02  0.000000000000E+00
  0.719543146924E+02  0.000000000000E+00
  0.731842803434E+02  0.000000000000E+00
  0.744352705407E+02  0.000000000000E+00
  0.757076446695E+02  0.000000000000E+00
  0.770017682583E+02  0.000000000000E+00
  0.783180130838E+02  0.000000000000E+00
  0.796567572776E+02  0.000000000000E+00
  0.810183854350E+02  0.000000000000E+00
  0.824032887255E+02  0.000000000000E+00
         721           1         210
  0.000000000000E+00  0.000000000000E+00
  0.706180151333E-05  0.314291356152E-09
  0.142443146680E-04  0.127874586314E-08
  0.215496028610E-04  0.292670642458E-08
  0.289797647603E-04  0.529285034247E-08
  0.365369349077E-04  0.841323832882E-08
  0.442232843318E-04  0.123253652461E-07
  0.520410211722E-04  0.170682126406E-07
  0.599923913133E-04  0.226823031307E-07
  0.680796790299E-04  0.292097567139E-07
  0.763052076433E-04  0.366943490611E-07
  0.846713401887E-04  0.451815718641E-07
  0.931804800941E-04  0.547186953101E-07
  0.101835071871E-03  0.653548327566E-07
  0.110637601815E-03  0.771410076813E-07
  0.119590598724E-03  0.901302229882E-07
  0.128696634621E-03  0.104377532750E-06
  0.137958325492E-03  0.119940116472E-06
  0.147378332043E-03  0.136877355965E-06
  0.156959360459E-03  0.155250914913E-06
  0.166704163185E-03  0.175124821243E-06
  0.176615539714E-03  0.196565552371E-06
  0.186696337391E-03  0.219642123448E-06
  0.196949452236E-03  0.244426178692E-06
  0.207377829770E-03  0.270992085919E-06
  0.217984465864E-03  0.299417034390E-06
  0.228772407599E-03  0.329781136076E-06
  0.239744754143E-03  0.362167530464E-06
  0.250904657637E-03  0.396662493038E-06
  0.262255324107E-03  0.433355547540E-06
  0.273800014379E-03  0.472339582161E-06
  0.285542045019E-03  0.513710969785E-06
  0.297484789285E-03  0.557569692432E-06
  0.309631678098E-03  0.604019470044E-06
  0.321986201022E-03  0.653167893765E-06
  0.334551907273E-03  0.705126563862E-06
  0.347332406736E-03  0.760011232458E-06
  0.360331371001E-03  0.817941951232E-06
  0.373552534418E-03  0.879043224271E-06
  0.386999695173E-03  0.943444166233E-06
  0.400676716373E-03  0.101127866602E-05
  0.414587527163E-03  0.108268555612E-05
  0.428736123849E-03  0.115780878791E-05
  0.443126571050E-03  0.123679761292E-05
  0.457763002861E-03  0.131980677054E-05
  0.472649624048E-03  0.140699668213E-05
  0.487790711249E-03  0.149853365193E-05
  0.503190614203E-03  0.159459007491E-05
  0.518853757007E-03  0.169534465185E-05
  0.534784639377E-03  0.180098261186E-05
  0.550987837948E-03  0.191169594259E-05
  0.567468007585E-03  0.202768362846E-05
  0.584229882722E-03  0.214915189711E-05
  0.601278278721E-03  0.227631447435E-05
  0.618618093257E-03  0.240939284799E-05
  0.636254307723E-03  0.254861654072E-05
  0.654191988661E-03  0.269422339247E-05
  0.672436289222E-03  0.284645985251E-05
  0.690992450638E-03  0.300558128161E-05
  0.709865803737E-03  0.317185226465E-05
  0.729061770466E-03  0.334554693400E-05
  0.748585865457E-03  0.352694930406E-05
  0.768443697604E-03  0.371635361730E-05
  0.788640971677E-03  0.391406470228E-05
  0.809183489964E-03  0.412039834388E-05
  0.830077153930E-03  0.433568166639E-05
  0.851327965923E-03  0.456025352969E-05
  0.872942030889E-03  0.479446493911E-05
  0.894925558131E-03  0.503867946931E-05
  0.917284863090E-03  0.529327370277E-05
  0.940026369163E-03  0.555863768327E-05
  0.963156609543E-03  0.583517538500E-05
  0.986682229102E-03  0.612330519774E-05
  0.101060998630E-02  0.642346042856E-05
  0.103494675510E-02  0.673608982090E-05
  0.105969952701E-02  0.706165809124E-05
  0.108487541301E-02  0.740064648426E-05
  0.111048164564E-02  0.775355334694E-05
  0.113652558108E-02  0.812089472226E-05
  0.116301470125E-02  0.850320496327E-05
  0.118995661596E-02  0.890103736807E-05
  0.121735906511E-02  0.931496483650E-05
  0.124522992088E-02  0.974558054918E-05
  0.127357719003E-02  0.101934986698E-04
  0.130240901618E-02  0.106593550715E-04
  0.133173368217E-02  0.111438080872E-04
  0.136155961239E-02  0.116475392868E-04
  0.139189537527E-02  0.121712542800E-04
  0.142274968567E-02  0.127156835461E-04
  0.145413140745E-02  0.132815832929E-04
  0.148604955597E-02  0.138697363443E-04
  0.151851330069E-02  0.144809530584E-04
  0.155153196782E-02  0.151160722759E-04
  0.158511504299E-02  0.157759623017E-04
  0.161927217395E-02  0.164615219196E-04
  0.165401317340E-02  0.171736814408E-04
  0.168934802175E-02  0.179134037887E-04
  0.172528687002E-02  0.186816856196E-04
  0.176184004274E-02  0.194795584825E-04
  0.179901804094E-02  0.203080900168E-04
  0.183683154513E-02  0.211683851918E-04
  0.187529141840E-02  0.220615875869E-04
  0.191440870953E-02  0.229888807159E-04
  0.195419465616E-02  0.239514893958E-04
  0.199466068802E-02  0.249506811614E-04
  0.203581843021E-02  0.259877677283E-04
  0.207767970658E-02  0.270641065045E-04
  0.212025654304E-02  0.281811021535E-04
  0.216356117109E-02  0.293402082094E-04
  0.220760603133E-02  0.305429287472E-04
  0.225240377699E-02  0.317908201083E-04
  0.229796727758E-02  0.330854926847E-04
  0.234430962263E-02  0.344286127628E-04
  0.239144412539E-02  0.358219044291E-04
  0.243938432670E-02  0.372671515399E-04
  0.248814399884E-02  0.387661997569E-04
  0.253773714952E-02  0.403209586511E-04
  0.258817802591E-02  0.419334038772E-04
  0.263948111868E-02  0.436055794202E-04
  0.269166116622E-02  0.453395999181E-04
  0.274473315885E-02  0.471376530608E-04
  0.279871234313E-02  0.490020020705E-04
  0.285361422623E-02  0.509349882640E-04
  0.290945458039E-02  0.529390337003E-04
  0.296624944748E-02  0.550166439169E-04
  0.302401514356E-02  0.571704107568E-04
  0.308276826360E-02  0.594030152896E-04
  0.314252568623E-02  0.617172308297E-04
  0.320330457859E-02  0.641159260545E-04
  0.326512240130E-02  0.666020682264E-04
  0.332799691342E-02  0.691787265209E-04
  0.339194617757E-02  0.718490754662E-04
  0.345698856514E-02  0.746163984951E-04
  0.352314276156E-02  0.774840916149E-04
  0.359042777163E-02  0.804556671995E-04
  0.365886292505E-02  0.835347579048E-04
  0.372846788191E-02  0.867251207146E-04
  0.379926263836E-02  0.900306411194E-04
  0.387126753238E-02  0.934553374326E-04
  0.394450324956E-02  0.970033652481E-04
  0.401899082913E-02  0.100679022046E-03
  0.409475166991E-02  0.104486751946E-03
  0.417180753653E-02  0.108431150623E-03
  0.425018056564E-02  0.112516970375E-03
  0.432989327232E-02  0.116749125364E-03
  0.441096855646E-02  0.121132697024E-03
  0.449342970944E-02  0.125672939649E-03
  0.457730042075E-02  0.130375286159E-03
  0.466260478481E-02  0.135245354057E-03
  0.474936730793E-02  0.140288951578E-03
  0.483761291529E-02  0.145512084041E-03
  0.492736695815E-02  0.150920960402E-03
  0.501865522111E-02  0.156522000022E-03
  0.511150392953E-02  0.162321839657E-03
  0.520593975703E-02  0.168327340669E-03
  0.530198983321E-02  0.174545596473E-03
  0.539968175139E-02  0.180983940222E-03
  0.549904357658E-02  0.187649952744E-03
  0.560010385349E-02  0.194551470727E-03
  0.570289161480E-02  0.201696595175E-03
  0.580743638944E-02  0.209093700131E-03
  0.591376821109E-02  0.216751441675E-03
  0.602191762684E-02  0.224678767222E-03
  0.613191570591E-02  0.232884925104E-03
  0.624379404863E-02  0.241379474465E-03
  0.635758479548E-02  0.250172295470E-03
  0.647332063634E-02  0.259273599838E-03
  0.659103481988E-02  0.268693941708E-03
  0.671076116310E-02  0.278444228849E-03
  0.683253406107E-02  0.288535734233E-03
  0.695638849678E-02  0.298980107957E-03
  0.708236005122E-02  0.309789389558E-03
  0.721048491357E-02  0.320976020708E-03
  0.734079989163E-02  0.332552858303E-03
  0.747334242237E-02  0.344533187972E-03
  0.760815058269E-02  0.356930738003E-03
  0.774526310038E-02  0.369759693709E-03
  0.788471936520E-02  0.383034712231E-03
  0.802655944024E-02  0.396770937817E-03
  0.817082407341E-02  0.410984017563E-03
  0.831755470914E-02  0.425690117650E-03
  0.846679350032E-02  0.440905940076E-03
  0.861858332035E-02  0.456648739913E-03
  0.877296777551E-02  0.472936343086E-03
  0.892999121747E-02  0.489787164706E-03
  0.908969875603E-02  0.507220227962E-03
  0.925213627207E-02  0.525255183586E-03
  0.941735043075E-02  0.543912329925E-03
  0.958538869490E-02  0.563212633608E-03
  0.975629933865E-02  0.583177750849E-03
  0.993013146133E-02  0.603830049399E-03
  0.101069350016E-01  0.625192631150E-03
  0.102867607515E-01  0.647289355428E-03
  0.104696603718E-01  0.670144862985E-03
  0.106556864057E-01  0.693784600707E-03
  0.108448922951E-01  0.718234847061E-03
  0.110373323951E-01  0.743522738301E-03
  0.112330619901E-01  0.769676295449E-03
  0.114321373093E-01  0.796724452082E-03
  0.116346155433E-01  0.824697082931E-03
  0.118405548601E-01  0.853625033323E-03
  0.120500144221E-01  0.883540149491E-03
  0.122630544030E-01  0.914475309767E-03
  0.124797360050E-01  0.946464456680E-03
  0.127001214767E-01  0.979542629989E-03
  0.129242741304E-01  0.101374600067E-02
  0.131522583609E-01  0.104911190590E-02
  0.133841396636E-01  0.108567888499E-02
  0.136199846535E-01  0.112348671643E-02
  0.138598610845E-01  0.116257645590E-02
  0.141038378682E-01  0.120299047543E-02
  0.143519850946E-01  0.124477250364E-02
  0.146043740515E-01  0.128796766707E-02
  0.148610772453E-01  0.133262253276E-02
  0.151221684220E-01  0.137878515195E-02
  0.153877225880E-01  0.142650510496E-02
  0.156578160319E-01  0.147583354742E-02
  0.159325263462E-01  0.152682325767E-02
  0.162119324499E-01  0.157952868550E-02
  0.164961146111E-01  0.163400600223E-02
  0.167851544697E-01  0.169031315208E-02
  0.170791350612E-01  0.174850990500E-02
  0.173781408408E-01  0.180865791089E-02
  0.176822577068E-01  0.187082075522E-02
  0.179915730262E-01  0.193506401618E-02
  0.183061756593E-01  0.200145532333E-02
  0.186261559854E-01  0.207006441770E-02
  0.189516059285E-01  0.214096321359E-02
  0.192826189843E-01  0.221422586182E-02
  0.196192902462E-01  0.228992881472E-02
  0.199617164336E-01  0.236815089269E-02
  0.203099959187E-01  0.244897335251E-02
  0.206642287555E-01  0.253247995729E-02
  0.210245167083E-01  0.261875704821E-02
  0.213909632809E-01  0.270789361804E-02
  0.217636737461E-01  0.279998138642E-02
  0.221427551767E-01  0.289511487699E-02
  0.225283164752E-01  0.299339149639E-02
  0.229204684060E-01  0.309491161512E-02
  0.233193236268E-01  0.319977865030E-02
  0.237249967210E-01  0.330809915043E-02
  0.241376042305E-01  0.341998288206E-02
  0.245572646896E-01  0.353554291841E-02
  0.249840986585E-01  0.365489573014E-02
  0.254182287584E-01  0.377816127798E-02
  0.258597797065E-01  0.390546310757E-02
  0.263088783519E-01  0.403692844625E-02
  0.267656537118E-01  0.417268830206E-02
  0.272302370090E-01  0.431287756476E-02
  0.277027617093E-01  0.445763510902E-02
  0.281833635599E-01  0.460710389979E-02
  0.286721806284E-01  0.476143109972E-02
  0.291693533424E-01  0.492076817888E-02
  0.296750245302E-01  0.508527102655E-02
  0.301893394612E-01  0.525510006525E-02
  0.307124458881E-01  0.543042036690E-02
  0.312444940894E-01  0.561140177124E-02
  0.317856369121E-01  0.579821900639E-02
  0.323360298162E-01  0.599105181155E-02
  0.328958309188E-01  0.619008506195E-02
  0.334652010400E-01  0.639550889592E-02
  0.340443037488E-01  0.660751884406E-02
  0.346333054102E-01  0.682631596066E-02
  0.352323752330E-01  0.705210695705E-02
  0.358416853183E-01  0.728510433718E-02
  0.364614107092E-01  0.752552653515E-02
  0.370917294408E-01  0.777359805478E-02
  0.377328225914E-01  0.802954961115E-02
  0.383848743346E-01  0.829361827404E-02
  0.390480719925E-01  0.856604761324E-02
  0.397226060887E-01  0.884708784568E-02
  0.404086704038E-01  0.913699598432E-02
  0.411064620310E-01  0.943603598863E-02
  0.418161814322E-01  0.974447891679E-02
  0.425380324961E-01  0.100626030793E-01
  0.432722225965E-01  0.103906941941E-01
  0.440189626520E-01  0.107290455428E-01
  0.447784671866E-01  0.110779581285E-01
  0.455509543912E-01  0.114377408345E-01
  0.463366461865E-01  0.118087105835E-01
  0.471357682865E-01  0.121911924987E-01
  0.479485502636E-01  0.125855200647E-01
  0.487752256142E-01  0.129920352894E-01
  0.496160318262E-01  0.134110888658E-01
  0.504712104470E-01  0.138430403347E-01
  0.513410071528E-01  0.142882582467E-01
  0.522256718194E-01  0.147471203245E-01
  0.531254585938E-01  0.152200136250E-01
  0.540406259673E-01  0.157073346996E-01
  0.549714368499E-01  0.162094897555E-01
  0.559181586455E-01  0.167268948141E-01
  0.568810633289E-01  0.172599758693E-01
  0.578604275241E-01  0.178091690438E-01
  0.588565325833E-01  0.183749207427E-01
  0.598696646684E-01  0.189576878066E-01
  0.609001148325E-01  0.195579376603E-01
  0.619481791040E-01  0.201761484598E-01
  0.630141585716E-01  0.208128092354E-01
  0.640983594705E-01  0.214684200320E-01
  0.652010932706E-01  0.221434920443E-01
  0.663226767660E-01  0.228385477485E-01
  0.674634321660E-01  0.235541210286E-01
  0.686236871875E-01  0.242907572979E-01
  0.698037751494E-01  0.250490136145E-01
  0.710040350680E-01  0.258294587902E-01
  0.722248117548E-01  0.266326734935E-01
  0.734664559153E-01  0.274592503447E-01
  0.747293242499E-01  0.283097940034E-01
  0.760137795562E-01  0.291849212478E-01
  0.773201908334E-01  0.300852610448E-01
  0.786489333881E-01  0.310114546103E-01
  0.800003889424E-01  0.319641554604E-01
  0.813749457432E-01  0.329440294501E-01
  0.827729986742E-01  0.339517548023E-01
  0.841949493690E-01  0.349880221225E-01
  0.856412063263E-01  0.360535344028E-01
  0.871121850280E-01  0.371490070102E-01
  0.886083080576E-01  0.382751676617E-01
  0.901300052224E-01  0.394327563836E-01
  0.916777136765E-01  0.406225254547E-01
  0.932518780467E-01  0.418452393326E-01
  0.948529505598E-01  0.431016745624E-01
  0.964813911731E-01  0.443926196662E-01
  0.981376677059E-01  0.457188750137E-01
  0.998222559746E-01  0.470812526710E-01
  0.101535639929E+00  0.484805762294E-01
  0.103278311790E+00  0.499176806105E-01
  0.105050772195E+00  0.513934118480E-01
  0.106853530337E+00  0.529086268453E-01
  0.108687104114E+00  0.544641931071E-01
  0.110552020275E+00  0.560609884444E-01
  0.112448814575E+00  0.576999006516E-01
  0.114378031927E+00  0.593818271548E-01
  0.116340226556E+00  0.611076746299E-01
  0.118335962165E+00  0.628783585900E-01
  0.120365812088E+00  0.646948029393E-01
  0.122430359463E+00  0.665579394949E-01
  0.124530197394E+00  0.684687074728E-01
  0.126665929124E+00  0.704280529384E-01
  0.128838168207E+00  0.724369282200E-01
  0.131047538686E+00  0.744962912837E-01
  0.133294675270E+00  0.766071050691E-01
  0.135580223517E+00  0.787703367841E-01
  0.137904840022E+00  0.809869571577E-01
  0.140269192602E+00  0.832579396502E-01
  0.142673960489E+00  0.855842596186E-01
  0.145119834528E+00  0.879668934370E-01
  0.147607517369E+00  0.904068175701E-01
  0.150137723677E+00  0.929050075998E-01
  0.152711180331E+00  0.954624372026E-01
  0.155328626634E+00  0.980800770770E-01
  0.157990814529E+00  0.100758893821E+00
  0.160698508811E+00  0.103499848759E+00
  0.163452487348E+00  0.106303896712E+00
  0.166253541304E+00  0.109171984720E+00
  0.169102475368E+00  0.112105050709E+00
  0.172000107985E+00  0.115104022101E+00
  0.174947271586E+00  0.118169814369E+00
  0.177944812837E+00  0.121303329543E+00
  0.180993592872E+00  0.124505454650E+00
  0.184094487546E+00  0.127777060108E+00
  0.187248387687E+00  0.131118998057E+00
  0.190456199350E+00  0.134532100634E+00
  0.193718844076E+00  0.138017178202E+00
  0.197037259161E+00  0.141575017507E+00
  0.200412397920E+00  0.145206379799E+00
  0.203845229965E+00  0.148911998881E+00
  0.207336741484E+00  0.152692579120E+00
  0.210887935519E+00  0.156548793393E+00
  0.214499832260E+00  0.160481280995E+00
  0.218173469335E+00  0.164490645484E+00
  0.221909902109E+00  0.168577452490E+00
  0.225710203987E+00  0.172742227471E+00
  0.229575466721E+00  0.176985453425E+00
  0.233506800728E+00  0.181307568565E+00
  0.237505335403E+00  0.185708963949E+00
  0.241572219447E+00  0.190189981072E+00
  0.245708621199E+00  0.194750909429E+00
  0.249915728965E+00  0.199391984040E+00
  0.254194751368E+00  0.204113382944E+00
  0.258546917686E+00  0.208915224669E+00
  0.262973478214E+00  0.213797565676E+00
  0.267475704616E+00  0.218760397776E+00
  0.272054890295E+00  0.223803645525E+00
  0.276712350763E+00  0.228927163610E+00
  0.281449424017E+00  0.234130734200E+00
  0.286267470928E+00  0.239414064293E+00
  0.291167875626E+00  0.244776783039E+00
  0.296152045904E+00  0.250218439050E+00
  0.301221413616E+00  0.255738497689E+00
  0.306377435095E+00  0.261336338347E+00
  0.311621591564E+00  0.267011251693E+00
  0.316955389570E+00  0.272762436909E+00
  0.322380361409E+00  0.278588998902E+00
  0.327898065571E+00  0.284489945490E+00
  0.333510087184E+00  0.290464184559E+00
  0.339218038475E+00  0.296510521201E+00
  0.345023559227E+00  0.302627654818E+00
  0.350928317254E+00  0.308814176201E+00
  0.356934008879E+00  0.315068564591E+00
  0.363042359420E+00  0.321389184725E+00
  0.369255123689E+00  0.327774283871E+00
  0.375574086492E+00  0.334221988883E+00
  0.382001063146E+00  0.340730303287E+00
  0.388537899996E+00  0.347297104430E+00
  0.395186474950E+00  0.353920140740E+00
  0.401948698013E+00  0.360597029137E+00
  0.408826511842E+00  0.367325252687E+00
  0.415821892299E+00  0.374102158568E+00
  0.422936849023E+00  0.380924956477E+00
  0.430173426002E+00  0.387790717626E+00
  0.437533702165E+00  0.394696374519E+00
  0.445019791977E+00  0.401638721738E+00
  0.452633846047E+00  0.408614418066E+00
  0.460378051745E+00  0.415619990287E+00
  0.468254633831E+00  0.422651839151E+00
  0.476265855095E+00  0.429706248007E+00
  0.484414017007E+00  0.436779394746E+00
  0.492701460374E+00  0.443867367644E+00
  0.501130566020E+00  0.450966185780E+00
  0.509703755463E+00  0.458071824381E+00
  0.518423491615E+00  0.465180245271E+00
  0.527292279486E+00  0.472287431773E+00
  0.536312666909E+00  0.479389426622E+00
  0.545487245267E+00  0.486482369906E+00
  0.554818650237E+00  0.493562532591E+00
  0.564309562551E+00  0.500626339295E+00
  0.573962708767E+00  0.507670372842E+00
  0.583780862044E+00  0.514691352628E+00
  0.593766842950E+00  0.521686080472E+00
  0.603923520263E+00  0.528651350928E+00
  0.614253811799E+00  0.535583829035E+00
  0.624760685253E+00  0.542479905128E+00
  0.635447159044E+00  0.549335543329E+00
  0.646316303191E+00  0.556146144475E+00
  0.657371240187E+00  0.562906445094E+00
  0.668615145904E+00  0.569610469386E+00
  0.680051250496E+00  0.576251542791E+00
  0.691682839336E+00  0.582822364021E+00
  0.703513253954E+00  0.589315121967E+00
  0.715545892999E+00  0.595721636348E+00
  0.727784213216E+00  0.602033499917E+00
  0.740231730437E+00  0.608242203758E+00
  0.752892020593E+00  0.614339235000E+00
  0.765768720740E+00  0.620316143825E+00
  0.778865530106E+00  0.626164583019E+00
  0.792186211149E+00  0.631876326301E+00
  0.805734590644E+00  0.637443272781E+00
  0.819514560779E+00  0.642857443815E+00
  0.833530080271E+00  0.648110977287E+00
  0.847785175509E+00  0.653196122454E+00
  0.862283941705E+00  0.658105237414E+00
  0.877030544075E+00  0.662830789999E+00
  0.892029219032E+00  0.667365362436E+00
  0.907284275405E+00  0.671701659530E+00
  0.922800095676E+00  0.675832519999E+00
  0.938581137241E+00  0.679750930402E+00
  0.954631933687E+00  0.683450041088E+00
  0.970957096097E+00  0.686923183603E+00
  0.987561314376E+00  0.690163888981E+00
  0.100444935859E+01  0.693165906503E+00
  0.102162608036E+01  0.695923222419E+00
  0.103909641421E+01  0.698430078394E+00
  0.105686537903E+01  0.700680989267E+00
  0.107493807951E+01  0.702670760081E+00
  0.109331970758E+01  0.704394502009E+00
  0.111201554394E+01  0.705847647324E+00
  0.113103095952E+01  0.707025963060E+00
  0.115037141709E+01  0.707925563634E+00
  0.117004247279E+01  0.708542922077E+00
  0.119004977774E+01  0.708874880265E+00
  0.121039907964E+01  0.708918657725E+00
  0.123109622446E+01  0.708671859534E+00
  0.125214715808E+01  0.708132482816E+00
  0.127355792804E+01  0.707298922418E+00
  0.129533468523E+01  0.706169975235E+00
  0.131748368568E+01  0.704744843815E+00
  0.134001129239E+01  0.703023138655E+00
  0.136292397710E+01  0.701004879885E+00
  0.138622832218E+01  0.698690497690E+00
  0.140993102251E+01  0.696080832222E+00
  0.143403888742E+01  0.693177132305E+00
  0.145855884264E+01  0.689981053725E+00
  0.148349793227E+01  0.686494656373E+00
  0.150886332083E+01  0.682720401072E+00
  0.153466229531E+01  0.678661145311E+00
  0.156090226726E+01  0.674320138753E+00
  0.158759077490E+01  0.669701017722E+00
  0.161473548534E+01  0.664807799523E+00
  0.164234419671E+01  0.659644875828E+00
  0.167042484048E+01  0.654217005932E+00
  0.169898548366E+01  0.648529309144E+00
  0.172803433118E+01  0.642587257083E+00
  0.175757972820E+01  0.636396665150E+00
  0.178763016256E+01  0.629963683912E+00
  0.181819426715E+01  0.623294789685E+00
  0.184928082245E+01  0.616396775003E+00
  0.188089875903E+01  0.609276738286E+00
  0.191305716011E+01  0.601942073314E+00
  0.194576526417E+01  0.594400457880E+00
  0.197903246763E+01  0.586659842133E+00
  0.201286832750E+01  0.578728436050E+00
  0.204728256417E+01  0.570614696435E+00
  0.208228506419E+01  0.562327312987E+00
  0.211788588310E+01  0.553875193719E+00
  0.215409524833E+01  0.545267449361E+00
  0.219092356211E+01  0.536513376943E+00
  0.222838140453E+01  0.527622442317E+00
  0.226647953648E+01  0.518604261699E+00
  0.230522890283E+01  0.509468582163E+00
  0.234464063551E+01  0.500225261070E+00
  0.238472605677E+01  0.490884244535E+00
  0.242549668235E+01  0.481455544871E+00
  0.246696422488E+01  0.471949217259E+00
  0.250914059718E+01  0.462375335564E+00
  0.255203791570E+01  0.452743967707E+00
  0.259566850401E+01  0.443065150497E+00
  0.264004489634E+01  0.433348864467E+00
  0.268517984116E+01  0.423605008594E+00
  0.273108630487E+01  0.413843375582E+00
  0.277777747552E+01  0.404073627530E+00
  0.282526676656E+01  0.394305272753E+00
  0.287356782075E+01  0.384547643506E+00
  0.292269451406E+01  0.374809875422E+00
  0.297266095963E+01  0.365100888317E+00
  0.302348151185E+01  0.355429369164E+00
  0.307517077048E+01  0.345803756796E+00
  0.312774358485E+01  0.336232229055E+00
  0.318121505812E+01  0.326722691871E+00
  0.323560055159E+01  0.317282770898E+00
  0.329091568917E+01  0.307919805074E+00
  0.334717636184E+01  0.298640842646E+00
  0.340439873218E+01  0.289452638953E+00
  0.346259923908E+01  0.280361656404E+00
  0.352179460242E+01  0.271374065871E+00
  0.358200182789E+01  0.262495749887E+00
  0.364323821185E+01  0.253732306812E+00
  0.370552134633E+01  0.245089056290E+00
  0.376886912407E+01  0.236571045198E+00
  0.383329974366E+01  0.228183054323E+00
  0.389883171478E+01  0.219929605027E+00
  0.396548386348E+01  0.211814966118E+00
  0.403327533764E+01  0.203843160227E+00
  0.410222561245E+01  0.196017969930E+00
  0.417235449597E+01  0.188342942979E+00
  0.424368213489E+01  0.180821396910E+00
  0.431622902025E+01  0.173456422499E+00
  0.439001599336E+01  0.166250886333E+00
  0.446506425180E+01  0.159207432120E+00
  0.454139535549E+01  0.152328481022E+00
  0.461903123286E+01  0.145616230740E+00
  0.469799418720E+01  0.139072653705E+00
  0.477830690305E+01  0.132699494198E+00
  0.485999245269E+01  0.126498264785E+00
  0.494307430280E+01  0.120470241993E+00
  0.502757632118E+01  0.114616461644E+00
  0.511352278364E+01  0.108937713833E+00
  0.520093838093E+01  0.103434537971E+00
  0.528984822585E+01  0.981072179442E-01
  0.538027786049E+01  0.929557777631E-01
  0.547225326353E+01  0.879799777897E-01
  0.556580085772E+01  0.831793118636E-01
  0.566094751747E+01  0.785530054046E-01
  0.575772057659E+01  0.741000147536E-01
  0.585614783610E+01  0.698190277933E-01
  0.595625757224E+01  0.657084660374E-01
  0.605807854460E+01  0.617664881846E-01
  0.616164000439E+01  0.579909952454E-01
  0.626697170280E+01  0.543796371901E-01
  0.637410389959E+01  0.509298211505E-01
  0.648306737176E+01  0.476387210765E-01
  0.659389342243E+01  0.445032888165E-01
  0.670661388976E+01  0.415202664840E-01
  0.682126115617E+01  0.386862000288E-01
  0.693786815759E+01  0.359974538502E-01
  0.705646839296E+01  0.334502263329E-01
  0.717709593384E+01  0.310405661331E-01
  0.729978543417E+01  0.287643890731E-01
  0.742457214029E+01  0.266174954699E-01
  0.755149190100E+01  0.245955877529E-01
  0.768058117788E+01  0.226942882005E-01
  0.781187705580E+01  0.209091566573E-01
  0.794541725351E+01  0.192357080790E-01
  0.808124013453E+01  0.176694297762E-01
  0.821938471814E+01  0.162057982274E-01
  0.835989069061E+01  0.148402953517E-01
  0.850279841659E+01  0.135684241332E-01
  0.864814895071E+01  0.123857235109E-01
  0.879598404935E+01  0.112877824522E-01
  0.894634618268E+01  0.102702531450E-01
  0.909927854683E+01  0.932886325261E-02
  0.925482507631E+01  0.845942719051E-02
  0.941303045663E+01  0.765785639102E-02
  0.957394013714E+01  0.692016853774E-02
  0.973760034406E+01  0.624249575804E-02
  0.990405809382E+01  0.562109177392E-02
  0.100733612065E+02  0.505233801942E-02
  0.102455583196E+02  0.453274874176E-02
  0.104206989020E+02  0.405897511052E-02
  0.105988332683E+02  0.362780836627E-02
  0.107800125929E+02  0.323618204585E-02
  0.109642889253E+02  0.288117332709E-02
  0.111517152044E+02  0.256000353992E-02
  0.113423452741E+02  0.227003789481E-02
  0.115362338988E+02  0.200878448248E-02
  0.117334367790E+02  0.177389260097E-02
  0.119340105672E+02  0.156315046801E-02
  0.121380128844E+02  0.137448237752E-02
  0.123455023365E+02  0.120594535941E-02
  0.125565385312E+02  0.105572540175E-02
  0.127711820951E+02  0.922133293638E-03
  0.129894946912E+02  0.803600145879E-03
  0.132115390364E+02  0.698672644942E-03
  0.134373789198E+02  0.606008093718E-03
  0.136670792209E+02  0.524369290118E-03
  0.139007059280E+02  0.452619291983E-03
  0.141383261576E+02  0.389716107185E-03
  0.143800081734E+02  0.334707312375E-03
  0.146258214060E+02  0.286724869194E-03
  0.148758364728E+02  0.244979792201E-03
  0.151301251982E+02  0.208756953621E-03
  0.153887606344E+02  0.177410007164E-03
  0.156518170825E+02  0.150356448110E-03
  0.159193701134E+02  0.127072831303E-03
  0.161914965900E+02  0.107090165408E-03
  0.164682746890E+02  0.899894985835E-04
  0.167497839232E+02  0.753977076994E-04
  0.170361051650E+02  0.629835002598E-04
  0.173273206688E+02  0.524536354716E-04
  0.176235140951E+02  0.435493683031E-04
  0.179247705348E+02  0.360431180165E-04
  0.182311765328E+02  0.297353604834E-04
  0.185428201138E+02  0.244517416466E-04
  0.188597908068E+02  0.200404077543E-04
  0.191821796715E+02  0.163695464822E-04
  0.195100793239E+02  0.133251317552E-04
  0.198435839632E+02  0.108088639895E-04
  0.201827893988E+02  0.873629658282E-05
  0.205277930780E+02  0.703513876840E-05
  0.208786941137E+02  0.564372441281E-05
  0.212355933127E+02  0.450963594674E-05
  0.215985932055E+02  0.358847235919E-05
  0.219677980749E+02  0.284275002702E-05
  0.223433139862E+02  0.224092506313E-05
  0.227252488180E+02  0.175652580872E-05
  0.231137122927E+02  0.136738401813E-05
  0.235088160083E+02  0.105495312480E-05
  0.239106734706E+02  0.803701650218E-06
  0.243194001253E+02  0.600569207211E-06
  0.247351133917E+02  0.434471494787E-06
  0.251579326963E+02  0.295838953662E-06
  0.255879795068E+02  0.176171020099E-06
  0.260253773673E+02  0.675836972654E-07
  0.264702519339E+02  0.000000000000E+00
  0.269227310102E+02  0.000000000000E+00
  0.273829445849E+02  0.000000000000E+00
  0.278510248684E+02  0.000000000000E+00
  0.283271063311E+02  0.000000000000E+00
  0.288113257419E+02  0.000000000000E+00
  0.293038222078E+02  0.000000000000E+00
  0.298047372134E+02  0.000000000000E+00
  0.303142146620E+02  0.000000000000E+00
  0.308324009165E+02  0.000000000000E+00
  0.313594448418E+02  0.000000000000E+00
  0.318954978476E+02  0.000000000000E+00
  0.324407139313E+02  0.000000000000E+00
  0.329952497230E+02  0.000000000000E+00
  0.335592645302E+02  0.000000000000E+00
  0.341329203834E+02  0.000000000000E+00
  0.347163820828E+02  0.000000000000E+00
  0.353098172456E+02  0.000000000000E+00
  0.359133963544E+02  0.000000000000E+00
  0.365272928057E+02  0.000000000000E+00
  0.371516829600E+02  0.000000000000E+00
  0.377867461926E+02  0.000000000000E+00
  0.384326649449E+02  0.000000000000E+00
  0.390896247768E+02  0.000000000000E+00
  0.397578144201E+02  0.000000000000E+00
  0.404374258329E+02  0.000000000000E+00
  0.411286542543E+02  0.000000000000E+00
  0.418316982608E+02  0.000000000000E+00
  0.425467598235E+02  0.000000000000E+00
  0.432740443657E+02  0.000000000000E+00
  0.440137608221E+02  0.000000000000E+00
  0.447661216989E+02  0.000000000000E+00
  0.455313431350E+02  0.000000000000E+00
  0.463096449635E+02  0.000000000000E+00
  0.471012507756E+02  0.000000000000E+00
  0.479063879842E+02  0.000000000000E+00
  0.487252878898E+02  0.000000000000E+00
  0.495581857464E+02  0.000000000000E+00
  0.504053208295E+02  0.000000000000E+00
  0.512669365045E+02  0.000000000000E+00
  0.521432802970E+02  0.000000000000E+00
  0.530346039636E+02  0.000000000000E+00
  0.539411635644E+02  0.000000000000E+00
  0.548632195363E+02  0.000000000000E+00
  0.558010367682E+02  0.000000000000E+00
  0.567548846769E+02  0.000000000000E+00
  0.577250372844E+02  0.000000000000E+00
  0.587117732967E+02  0.000000000000E+00
  0.597153761841E+02  0.000000000000E+00
  0.607361342621E+02  0.000000000000E+00
  0.617743407750E+02  0.000000000000E+00
  0.628302939792E+02  0.000000000000E+00
  0.639042972298E+02  0.000000000000E+00
  0.649966590670E+02  0.000000000000E+00
  0.661076933054E+02  0.000000000000E+00
  0.672377191234E+02  0.000000000000E+00
  0.683870611558E+02  0.000000000000E+00
  0.695560495861E+02  0.000000000000E+00
  0.707450202422E+02  0.000000000000E+00
  0.719543146924E+02  0.000000000000E+00
  0.731842803434E+02  0.000000000000E+00
  0.744352705407E+02  0.000000000000E+00
  0.757076446695E+02  0.000000000000E+00
  0.770017682583E+02  0.000000000000E+00
  0.783180130838E+02  0.000000000000E+00
  0.796567572776E+02  0.000000000000E+00
  0.810183854350E+02  0.000000000000E+00
  0.824032887255E+02  0.000000000000E+00
  davegp - end printing all-electron states

 subroutine lderiv: pass   1

 leaving lderiv
