========================================================================
pseudopotential program version  7.3.6   date: 20 -  7 -   15
========================================================================

 ifae =   0    ifpsp =   2    ifprt =   1    ifplw =   1    ilogd =   3
 rlogd=   2.31000     emin=  -9.00000     emax=   2.00000     nnt=   80
 thresh, tol =   1.000E-11   1.000E-09    damp = 0.200    maxit = 250
 ncores =    5    nvales =    3    nang =    3
 core charge = 17.00000 and valence charge = 13.00000
 besrmax = 10.00    besemin = 20.00    besemax = 50.00    besde= 10.00
 keyps =    3   ifpcor =    1   rinner =   1.00000   rpcor =   1.00000
 nbeta =  6     rcloc =   1.950
 rc for s, p, d, f =   2.00000      2.10000      2.00000
 ib, lll, eee, iptype =   1   0  -2.181   2
 ib, lll, eee, iptype =   2   0   0.000   2
 ib, lll, eee, iptype =   3   1  -1.266   2
 ib, lll, eee, iptype =   4   1  -0.736   2
 ib, lll, eee, iptype =   5   2  -2.181   2
 ib, lll, eee, iptype =   6   2  -1.800   2
 npf =  8      ptryc =  10.00000
 lloc =  3     eloc =   0.00000     iploctype=  1
 ifqopt =  3     nqf =  8     qtryc =  10.00000     nfix =  0

 value of mesh generated in rinit is   943
 rlogd =  2.31000 generated klogd =  676 with r(klogd) =  2.33682

          logarimic radial mesh values:

     index            r                  rab

       1         0.00000000          0.00000051
       2         0.00000051          0.00000052
       3         0.00000103          0.00000052
       4         0.00000156          0.00000053
       5         0.00000210          0.00000054
       6         0.00000264          0.00000055
       7         0.00000320          0.00000056
       8         0.00000376          0.00000057
       9         0.00000434          0.00000058
      10         0.00000492          0.00000059
       .          .                   .
       .          .                   .
       .          .                   .
     933       169.37848587          2.82297527
     934       172.22511718          2.87041913
     935       175.11958991          2.91866034
     936       178.06270810          2.96771231
     937       181.05528932          3.01758866
     938       184.09816484          3.06830325
     939       187.19217993          3.11987017
     940       190.33819406          3.17230374
     941       193.53708115          3.22561853
     942       196.78972979          3.27982934
     943       200.09704351          3.33495123
 subroutine setnuc - nuclear core radius =    0.18890E-04
 irel = 2 so all electron calculations use koelling-harmon equations

 subroutine rsae: construct charge density
 leaving rsae

 subroutine rsae: construct charge density
 leaving rsae

 subroutine rsae: construct charge density
 leaving rsae

 subroutine rsae: construct charge density
 leaving rsae

 subroutine rsae: construct charge density
 leaving rsae

 subroutine rsae: construct charge density
 leaving rsae

 subroutine rsae: construct charge density
 leaving rsae

 subroutine rsae: construct charge density
 leaving rsae

 subroutine rsae: construct charge density
 leaving rsae

 subroutine rsae: construct charge density
 leaving rsae

 subroutine rsae: construct charge density
 leaving rsae


                         the system has converged with
                                 delta= 0.9619807D-09


                             the eigenvalues are


          orbital          occupation          energy
           100                   1.00            -726.82349
           200                   2.00             -91.53853
           210                   6.00             -81.32855
           300                   2.00             -11.34273
           310                   6.00              -7.98873
           320                  10.00              -2.18066
           400                   1.00              -1.26639
           410                   1.00              -0.73635
 etot=  -2879.01693 ryd ;     -39169.02396 ev            ebsr,ehar,emvxc=  -1492.29908   1424.67427     37.95643

 subroutine prwf: writing wavefunctions to unit iplot

 subroutine lderiv: pass   1

 leaving lderiv

 -----------------------------------------------
 begin subroutine scpgef
 -----------------------------------------------

   rcmax, rbeta, rlogd =    2.10000   2.53990   2.31000
          kkbeta,klogd =                  681       676
   lloc = 3 so new pseudization scheme for vloc with eloc =    0.000

   subroutine psv: pseudize the local potential

   generating vloc with lloc  3 eloc =  0.00000
   calling phakoe
   calling pswf1

   subroutine pswf1
   leaving pswf1
   calling phase

   results for the local potential vloc
        r         vloc         dum2         dum3
      0.0095  -0.08806309   0.00000000   0.00000000
      0.0473  -0.43689238   0.00000074   0.00000074
      0.0847  -0.78148940   0.00000763   0.00000763
      0.1223  -1.12402774   0.00003294   0.00003294
      0.1597  -1.46106059   0.00009522   0.00009522
      0.1983  -1.80396478   0.00022496   0.00022496
      0.2382  -2.15101701   0.00046429   0.00046429
      0.2768  -2.47816610   0.00083761   0.00083761
      0.3110  -2.76113110   0.00132233   0.00132232
      0.3495  -3.06949363   0.00208214   0.00208214
      0.3862  -3.35357363   0.00306487   0.00306486
      0.4269  -3.65463551   0.00449859   0.00449857
      0.4640  -3.91686880   0.00617790   0.00617788
      0.5043  -4.18724966   0.00846077   0.00846074
      0.5391  -4.40749610   0.01085623   0.01085620
      0.5762  -4.62915805   0.01389819   0.01389814
      0.6160  -4.84979964   0.01774725   0.01774719
      0.6584  -5.06644133   0.02259817   0.02259809
      0.6922  -5.22416758   0.02703288   0.02703279
      0.7277  -5.37589473   0.03227644   0.03227633
      0.7650  -5.51966187   0.03845853   0.03845839
      0.8042  -5.65329337   0.04572478   0.04572462
      0.8454  -5.77440388   0.05423764   0.05423745
      0.8741  -5.84692109   0.06069352   0.06069332
      0.9189  -5.94134413   0.07169257   0.07169232
      0.9501  -5.99349685   0.07999274   0.07999246
      0.9988  -6.05337138   0.09406102   0.09406070
      1.0326  -6.07977951   0.10462259   0.10462223
      1.0676  -6.09437514   0.11621854   0.11621814
      1.1038  -6.09632557   0.12892891   0.12892846
      1.1412  -6.08484568   0.14283793   0.14283744
      1.1799  -6.05922158   0.15803439   0.15803385
      1.2199  -6.01883878   0.17461216   0.17461156
      1.2613  -5.96321570   0.19267085   0.19267019
      1.3040  -5.89204355   0.21231689   0.21231616
      1.3259  -5.85058886   0.22277056   0.22276979
      1.3709  -5.75601153   0.24501507   0.24501423
      1.4173  -5.64620497   0.26915166   0.26915074
      1.4412  -5.58580384   0.28197340   0.28197243
      1.4900  -5.45468150   0.30921963   0.30921857
      1.5151  -5.38433174   0.32368564   0.32368453
      1.5664  -5.23528300   0.35441623   0.35441501
      1.5927  -5.15721402   0.37072991   0.37072863
      1.6467  -4.99597277   0.40538776   0.40538637
      1.6744  -4.91378564   0.42379014   0.42378868
      1.7025  -4.83133379   0.44294968   0.44294816
      1.7602  -4.66848887   0.48367478   0.48367312
      1.7898  -4.58977084   0.50531159   0.50530985
      1.8199  -4.51416072   0.52784781   0.52784599
      1.8505  -4.44279740   0.55132234   0.55132044
      1.9132  -4.31810751   0.60124538   0.60124330
      1.9454  -4.26784754   0.62777339   0.62777121
      1.9781  -4.22752006   0.65539716   0.65539487
      2.0113  -4.18821027   0.68415291   0.68415058
      2.0451  -4.15014499   0.71407717   0.71407485
   leaving psv

  chart: pseudized local potential
      0.0540                                                                                                 1       !
      0.1612                                                                                 1                       !
      0.2685                                                                  1                                      !
      0.3757                                                    1                                                    !
      0.4829                                       1                                                                 !
      0.5902                           1                                                                             !
      0.6974                  1                                                                                      !
      0.8046            1                                                                                            !
      0.9118       1                                                                                                 !
      1.0191     1                                                                                                   !
      1.1263     1                                                                                                   !
      1.2335       1                                                                                                 !
      1.3407          1                                                                                              !
      1.4480             1                                                                                           !
      1.5552                   1                                                                                     !
      1.6624                        1                                                                                !
      1.7697                            1                                                                            !
      1.8769                                 1                                                                       !
      1.9841                                    1                                                                    !
      2.0913                                     1                                                                   !
      2.1986                                       1                                                                 !
      2.3058                                         1                                                               !
      2.4130                                          1                                                              !
      2.5202                                            1                                                            !
      2.6275                                             1                                                           !
      2.7347                                              1                                                          !
      2.8419                                               1                                                         !
      2.9492                                                1                                                        !
      3.0564                                                 1                                                       !
      3.1636                                                  1                                                      !
      3.2708                                                   1                                                     !
      3.3781                                                    1                                                    !
      3.4853                                                     1                                                   !
      3.5925                                                      1                                                  !
      3.6997                                                       1                                                 !
      3.8070                                                       1                                                 !
      3.9142                                                        1                                                !
      4.0214                                                         1                                               !
      4.1286                                                         1                                               !
      4.2359                                                          1                                              !
      4.3431                                                          1                                              !
      4.4503                                                          1                                              !
      4.5576                                                           1                                             !
      4.6648                                                           1                                             !
      4.7720                                                           1                                             !
      4.8792                                                           1                                             !
      4.9865                                                          1                                              !
      5.0937                                                          1                                              !
      5.2009                                                          1                                              !
      5.3081                                                          1                                              !
      5.4154                                                         1                                               !
      5.5226                                                        1                                                !
      5.6298                                                        1                                                !
      5.7371                                                        1                                                !
      5.8443                                                       1                                                 !
                 i         i         i         i         i         i         i         i         i         i         i
            -6.092              -4.874              -3.655              -2.437              -1.218               0.000    
                      -5.483              -4.265              -3.046              -1.828             -0.6092    
 

   -------------------------------------------
   constructing ibeta = 1
   -------------------------------------------

   ibeta,lcur,ecur,ipsu    1    0 -2.1807    2
   calling phakoe
   calling pswf2 - polynomial optimization

   subroutine pswf2
   leaving pswf2

   results for ibeta = 1
    psi - unpseudised wavefunction
    phi - pseudised wavefunction
    chi - projector function

       r         psi          phi          chi
     0.0074  -0.04040898   0.00097501   0.01475363
     0.0374  -0.05879407   0.00493546   0.07450114
     0.0671   0.00758727   0.00888423   0.13336154
     0.0968   0.07327143   0.01290391   0.19201860
     0.1264   0.11131076   0.01699467   0.24994126
     0.1570   0.11894507   0.02134346   0.30915126
     0.1855   0.10271992   0.02552641   0.36352971
     0.2155   0.06929186   0.03010003   0.41991903
     0.2463   0.02564000   0.03498190   0.47649617
     0.2768  -0.02058294   0.04004273   0.53124366
     0.3059  -0.06317791   0.04510124   0.58212049
     0.3324  -0.09841993   0.04992715   0.62724032
     0.3674  -0.13735957   0.05659437   0.68442601
     0.3927  -0.15958491   0.06166242   0.72417208
     0.4269  -0.18129735   0.06882176   0.77528460
     0.4563  -0.19265004   0.07530842   0.81691932
     0.4797  -0.19712946   0.08067712   0.84829342
     0.5128  -0.19723910   0.08859061   0.88986681
     0.5391  -0.19270634   0.09515476   0.92046648
     0.5762  -0.18036899   0.10484557   0.95979722
     0.6058  -0.16642591   0.11289089   0.98762043
     0.6368  -0.14858700   0.12166861   1.01342874
     0.6584  -0.13462356   0.12795782   1.02921853
     0.6922  -0.11076061   0.13809431   1.05027891
     0.7156  -0.09303970   0.14534757   1.06224731
     0.7523  -0.06400207   0.15701656   1.07648880
     0.7778  -0.04317597   0.16534748   1.08312933
     0.8042  -0.02132148   0.17413879   1.08716542
     0.8454   0.01309971   0.18822087   1.08770507
     0.8741   0.03694137   0.19822374   1.08395749
     0.9037   0.06133670   0.20872966   1.07657792
     0.9344   0.08614675   0.21974487   1.06527607
     0.9660   0.11123402   0.23127197   1.04977563
     0.9823   0.12383942   0.23722721   1.04037061
     1.0156   0.14909170   0.24951797   1.01810741
     1.0500   0.17429400   0.26230814   0.99107891
     1.0856   0.19932613   0.27558384   0.95913832
     1.1038   0.21174306   0.28239790   0.94129763
     1.1412   0.23631322   0.29636356   0.90186083
     1.1604   0.24844229   0.30350812   0.88027549
     1.1997   0.27233353   0.31810038   0.83344489
     1.2199   0.28407614   0.32553894   0.80824987
     1.2613   0.30711299   0.34067566   0.75448235
     1.2825   0.31839303   0.34836291   0.72600668
     1.3259   0.34044833   0.36394624   0.66617683
     1.3482   0.35121551   0.37183031   0.63497082
     1.3709   0.36180547   0.37976785   0.60301748
     1.4173   0.38245002   0.39577921   0.53726109
     1.4412   0.39250576   0.40384133   0.50367524
     1.4654   0.40238666   0.41193374   0.46977583
     1.4900   0.41209647   0.42005140   0.43569098
     1.5151   0.42164032   0.42818986   0.40155588
     1.5664   0.44025752   0.44451467   0.33370848
     1.5927   0.44934816   0.45269593   0.30029853
     1.6195   0.45830752   0.46088806   0.26744318
     1.6467   0.46714805   0.46909129   0.23531027
     1.6744   0.47588378   0.47730723   0.20407653
     1.7025   0.48453041   0.48553902   0.17393050
     1.7311   0.49310535   0.49379148   0.14507724
     1.7602   0.50162779   0.50207128   0.11774564
     1.7898   0.51011874   0.51038711   0.09219920
     1.8199   0.51860118   0.51874988   0.06875150
     1.8505   0.52710007   0.52717289   0.04778826
     1.8816   0.53564252   0.53567216   0.02979802
     1.9132   0.54425787   0.54426675   0.01541498
     1.9454   0.55297784   0.55297929   0.00547229
     1.9781   0.56183666   0.56183670   0.00098932
     2.0113   0.57087126   0.57087126  -0.00005180
     2.0451   0.58012147   0.58012147   0.00000000
     2.0451   0.58012147   0.58012147   0.00000000

   -------------------------------------------
   constructing ibeta = 2
   -------------------------------------------

   ibeta,lcur,ecur,ipsu    2    0  0.0000    2
   calling phakoe
   calling pswf2 - polynomial optimization

   subroutine pswf2
   leaving pswf2

   results for ibeta = 2
    psi - unpseudised wavefunction
    phi - pseudised wavefunction
    chi - projector function

       r         psi          phi          chi
     0.0074  -0.02859105   0.00133681   0.01615177
     0.0374  -0.04155661   0.00675898   0.08154585
     0.0671   0.00547699   0.01213409   0.14590846
     0.0968   0.05194201   0.01755065   0.20994085
     0.1264   0.07871257   0.02298560   0.27301825
     0.1570   0.08382363   0.02866000   0.33728959
     0.1855   0.07198472   0.03400559   0.39608535
     0.2155   0.04792889   0.03971641   0.45677311
     0.2463   0.01668000   0.04565427   0.51732145
     0.2768  -0.01626116   0.05163916   0.57553061
     0.3059  -0.04645450   0.05745306   0.62923524
     0.3324  -0.07126233   0.06284991   0.67650356
     0.3674  -0.09835665   0.07007986   0.73585263
     0.3927  -0.11353646   0.07541178   0.77667877
     0.4269  -0.12788193   0.08272135   0.82858257
     0.4563  -0.13479231   0.08913637   0.87027972
     0.4797  -0.13692251   0.09430778   0.90129294
     0.5128  -0.13533780   0.10171968   0.94174080
     0.5391  -0.13067442   0.10769072   0.97093994
     0.5762  -0.11973478   0.11623567   1.00755036
     0.6058  -0.10802890   0.12310250   1.03261794
     0.6368  -0.09343731   0.13037578   1.05499534
     0.6584  -0.08219014   0.13545431   1.06809768
     0.6922  -0.06320852   0.14341810   1.08449486
     0.7156  -0.04926641   0.14895584   1.09291905
     0.7523  -0.02666064   0.15759516   1.10117730
     0.7778  -0.01061930   0.16356590   1.10338397
     0.8042   0.00606077   0.16969304   1.10263672
     0.8454   0.03199791   0.17914318   1.09537566
     0.8741   0.04970219   0.18558642   1.08604268
     0.9037   0.06757008   0.19211360   1.07280699
     0.9344   0.08545311   0.19869192   1.05542151
     0.9660   0.10319887   0.20528193   1.03366433
     0.9823   0.11197180   0.20856700   1.02108638
     1.0156   0.12921959   0.21508432   0.99243606
     1.0500   0.14593815   0.22148103   0.95903959
     1.0856   0.16196892   0.22768895   0.92085204
     1.1038   0.16967696   0.23069818   0.89996928
     1.1412   0.18438023   0.23647388   0.85469177
     1.1604   0.19133665   0.23921710   0.83034298
     1.1997   0.20436343   0.24435126   0.77839453
     1.2199   0.21039629   0.24671504   0.75088597
     1.2613   0.22140940   0.25096335   0.69309067
     1.2825   0.22635409   0.25281694   0.66294639
     1.3259   0.23503385   0.25590137   0.60058808
     1.3482   0.23873595   0.25709795   0.56857049
     1.3709   0.24199174   0.25804048   0.53613952
     1.4173   0.24710436   0.25909021   0.47052379
     1.4412   0.24893275   0.25916006   0.43760075
     1.4654   0.25025798   0.25890131   0.40478608
     1.4900   0.25106756   0.25829491   0.37222504
     1.5151   0.25134975   0.25732181   0.34006648
     1.5664   0.25028897   0.25420000   0.27756067
     1.5927   0.24892670   0.25201421   0.24751476
     1.6195   0.24699846   0.24938781   0.21847061
     1.6467   0.24449693   0.24630344   0.19057088
     1.6744   0.24141580   0.24274450   0.16395285
     1.7025   0.23774981   0.23869516   0.13874809
     1.7311   0.23349480   0.23414056   0.11508349
     1.7602   0.22864778   0.22906692   0.09308412
     1.7898   0.22320695   0.22346165   0.07287892
     1.8199   0.21717179   0.21731350   0.05461036
     1.8505   0.21054307   0.21061275   0.03844986
     1.8816   0.20332295   0.20335142   0.02462099
     1.9132   0.19551500   0.19552356   0.01343417
     1.9454   0.18712429   0.18712570   0.00533151
     1.9781   0.17815745   0.17815749   0.00095550
     2.0113   0.16862268   0.16862268  -0.00005141
     2.0451   0.15852989   0.15852989   0.00000000
     2.0451   0.15852989   0.15852989   0.00000000

   -------------------------------------------
   constructing ibeta = 3
   -------------------------------------------

   ibeta,lcur,ecur,ipsu    3    1 -1.2664    2
   calling phakoe
   calling pswf2 - polynomial optimization

   subroutine pswf2
   leaving pswf2

   results for ibeta = 3
    psi - unpseudised wavefunction
    phi - pseudised wavefunction
    chi - projector function

       r         psi          phi          chi
     0.0074   0.00465729   0.00001753   0.00014052
     0.0374   0.07066590   0.00044764   0.00358434
     0.0671   0.14105836   0.00143853   0.01149348
     0.0968   0.17969491   0.00299589   0.02385423
     0.1264   0.18130719   0.00510761   0.04047895
     0.1570   0.15131157   0.00787871   0.06205861
     0.1855   0.10371289   0.01099622   0.08601783
     0.2155   0.04220031   0.01484369   0.11512657
     0.2463  -0.02492300   0.01937975   0.14879770
     0.2768  -0.08965716   0.02447143   0.18576838
     0.3059  -0.14612325   0.02988650   0.22414164
     0.3324  -0.19127025   0.03530187   0.26155502
     0.3674  -0.23987324   0.04310649   0.31380853
     0.3927  -0.26707241   0.04924216   0.35352782
     0.4269  -0.29320759   0.05814661   0.40907954
     0.4563  -0.30656269   0.06640713   0.45844042
     0.4797  -0.31159330   0.07335632   0.49837542
     0.5128  -0.31110010   0.08375137   0.55545389
     0.5391  -0.30506160   0.09248837   0.60101168
     0.5762  -0.28923490   0.10554277   0.66506877
     0.6058  -0.27150927   0.11649963   0.71521207
     0.6368  -0.24884106   0.12855967   0.76668439
     0.6584  -0.23105508   0.13726163   0.80145950
     0.6922  -0.20052183   0.15138475   0.85378593
     0.7156  -0.17771156   0.16156041   0.88840743
     0.7523  -0.14004668   0.17804678   0.93918590
     0.7778  -0.11279128   0.18990190   0.97174994
     0.8042  -0.08395429   0.20248769   1.00281095
     0.8454  -0.03800589   0.22280915   1.04557800
     0.8741  -0.00576962   0.23736566   1.07079842
     0.9037   0.02759097   0.25276490   1.09274084
     0.9344   0.06193608   0.26903487   1.11081378
     0.9660   0.09712404   0.28620048   1.12440014
     0.9823   0.11498960   0.29512587   1.12931368
     1.0156   0.15117498   0.31367269   1.13498518
     1.0500   0.18784851   0.33315795   1.13459624
     1.0856   0.22487112   0.35358834   1.12754987
     1.1038   0.24347076   0.36415800   1.12135712
     1.1412   0.28076395   0.38600175   1.10332670
     1.1604   0.29942537   0.39727228   1.09138492
     1.1997   0.33670039   0.42049707   1.06144533
     1.2199   0.35528432   0.43244389   1.04339357
     1.2613   0.39227456   0.45698254   1.00107140
     1.2825   0.41065429   0.46956269   0.97681528
     1.3259   0.44712111   0.49530996   0.92224965
     1.3482   0.46518537   0.50846107   0.89203832
     1.3709   0.48312285   0.52178534   0.85996558
     1.4173   0.51857980   0.54891400   0.79060321
     1.4412   0.53608246   0.56269725   0.75353686
     1.4654   0.55342479   0.57661151   0.71505532
     1.4900   0.57060053   0.59064504   0.67530875
     1.5151   0.58760434   0.60478579   0.63446181
     1.5664   0.62107966   0.63333963   0.55019436
     1.5927   0.63754541   0.64772784   0.50717058
     1.6195   0.65382777   0.66217372   0.46383965
     1.6467   0.66992647   0.67666508   0.42043339
     1.6744   0.68584239   0.69119004   0.37719941
     1.7025   0.70157752   0.70573706   0.33440455
     1.7311   0.71713505   0.72029513   0.29234047
     1.7602   0.73251938   0.73485377   0.25133193
     1.7898   0.74773618   0.74940314   0.21174874
     1.8199   0.76279243   0.76393412   0.17402208
     1.8505   0.77769648   0.77843839   0.13866619
     1.8816   0.79245813   0.79290855   0.10630646
     1.9132   0.80708866   0.80733830   0.07771486
     1.9454   0.82160096   0.82172269   0.05385337
     1.9781   0.83600962   0.83605858   0.03572191
     2.0113   0.85033099   0.85034527   0.02019914
     2.0451   0.86458332   0.86458551   0.00829008
     2.0451   0.86458332   0.86458551   0.00829008

   -------------------------------------------
   constructing ibeta = 4
   -------------------------------------------

   ibeta,lcur,ecur,ipsu    4    1 -0.7364    2
   calling phakoe
   calling pswf2 - polynomial optimization

   subroutine pswf2
   leaving pswf2

   results for ibeta = 4
    psi - unpseudised wavefunction
    phi - pseudised wavefunction
    chi - projector function

       r         psi          phi          chi
     0.0074   0.00435367   0.00001887   0.00014638
     0.0374   0.06605320   0.00048160   0.00373358
     0.0671   0.13181998   0.00154729   0.01197019
     0.0968   0.16785049   0.00322117   0.02483761
     0.1264   0.16922060   0.00548884   0.04213390
     0.1570   0.14100397   0.00846105   0.06456826
     0.1855   0.09633738   0.01180003   0.08945372
     0.2155   0.03867741   0.01591390   0.11965525
     0.2463  -0.02417684   0.02075427   0.15454538
     0.2768  -0.08471600   0.02617505   0.19279790
     0.3059  -0.13743115   0.03192575   0.23243777
     0.3324  -0.17948055   0.03766208   0.27102214
     0.3674  -0.22457116   0.04590373   0.32480269
     0.3927  -0.24964610   0.05236200   0.36559573
     0.4269  -0.27347141   0.06170216   0.42251858
     0.4563  -0.28531691   0.07033291   0.47296483
     0.4797  -0.28944054   0.07756849   0.51368226
     0.5128  -0.28806461   0.08834965   0.57172279
     0.5391  -0.28162193   0.09737235   0.61790895
     0.5762  -0.26561189   0.11078832   0.68262366
     0.6058  -0.24801914   0.12198890   0.73308111
     0.6368  -0.22571627   0.13425478   0.78467247
     0.6584  -0.20830273   0.14306495   0.81939873
     0.6922  -0.17852106   0.15729227   0.87142891
     0.7156  -0.15634064   0.16748855   0.90568634
     0.7523  -0.11981558   0.18391199   0.95563927
     0.7778  -0.09345253   0.19564846   0.98745081
     0.8042  -0.06561715   0.20804121   1.01758656
     0.8454  -0.02138583   0.22790507   1.05862600
     0.8741   0.00955343   0.24202272   1.08246160
     0.9037   0.04148527   0.25685618   1.10283134
     0.9344   0.07425891   0.27241410   1.11914647
     0.9660   0.10771911   0.28869979   1.13079675
     0.9823   0.12465717   0.29711484   1.13467874
     1.0156   0.15884860   0.31448394   1.13816952
     1.0500   0.19332473   0.33255829   1.13545930
     1.0856   0.22792152   0.35131336   1.12597545
     1.1038   0.24521370   0.36093556   1.11852958
     1.1412   0.27968266   0.38064158   1.09794586
     1.1604   0.29681838   0.39071184   1.08471384
     1.1997   0.33079025   0.41124647   1.05219470
     1.2199   0.34758590   0.42169185   1.03286637
     1.2613   0.38069651   0.44288397   0.98805348
     1.2825   0.39697197   0.45360572   0.96259955
     1.3259   0.42886605   0.47523025   0.90577988
     1.3482   0.44444654   0.48610171   0.87453357
     1.3709   0.45975772   0.49698999   0.84150310
     1.4173   0.48949908   0.51874274   0.77051140
     1.4412   0.50389355   0.52956759   0.73280384
     1.4654   0.51794732   0.54033010   0.69381908
     1.4900   0.53164345   0.55100812   0.65372557
     1.5151   0.54496535   0.56157871   0.61270726
     1.5664   0.57042220   0.58230214   0.52870357
     1.5927   0.58252604   0.59240566   0.48615416
     1.6195   0.59419346   0.60230327   0.44354962
     1.6467   0.60540998   0.61196911   0.40113546
     1.6744   0.61616154   0.62137700   0.35916724
     1.7025   0.62643458   0.63050048   0.31791128
     1.7311   0.63621594   0.63931293   0.27764677
     1.7602   0.64549297   0.64778762   0.23867002
     1.7898   0.65425347   0.65589772   0.20130153
     1.8199   0.66248576   0.66361637   0.16589698
     1.8505   0.67017865   0.67091672   0.13286335
     1.8816   0.67732150   0.67777195   0.10268178
     1.9132   0.68390424   0.68415539   0.07593889
     1.9454   0.68991736   0.69004066   0.05336893
     1.9781   0.69535202   0.69540200   0.03573967
     2.0113   0.70020002   0.70021472   0.02045877
     2.0451   0.70445386   0.70445613   0.00852097
     2.0451   0.70445386   0.70445613   0.00852097

   -------------------------------------------
   constructing ibeta = 5
   -------------------------------------------

   ibeta,lcur,ecur,ipsu    5    2 -2.1807    2
   calling phakoe
   calling pswf2 - polynomial optimization

   subroutine pswf2
     notice!! idm1 =   201
     qns for l = 2, n =     8
       1.28561D+04  1.54577D+04  1.78663D+04  2.00658D+04  2.20427D+04  2.37851D+04  2.52836D+04  2.65308D+04
  2.75216D+04  2.82531D+04  2.87246D+04  2.89376D+04  2.88956D+04  2.86045D+04  2.80717D+04  2.73068D+04
  2.63211D+04  2.51276D+04  2.37407D+04  2.21762D+04  2.04510D+04  1.85834D+04  1.65922D+04  1.44970D+04
  1.23180D+04  1.00758D+04  7.79095D+03  5.48418D+03  3.17595D+03  8.86380D+02 -1.36493D+03 -3.55908D+03
 -5.67797D+03 -7.70451D+03 -9.62269D+03 -1.14177D+04 -1.30762D+04 -1.45860D+04 -1.59366D+04 -1.71192D+04
 -1.81263D+04 -1.89523D+04 -1.95933D+04 -2.00468D+04 -2.03123D+04 -2.03908D+04 -2.02850D+04 -1.99991D+04
 -1.95389D+04 -1.89116D+04 -1.81257D+04 -1.71910D+04 -1.61184D+04 -1.49200D+04 -1.36087D+04 -1.21981D+04
 -1.07027D+04 -9.13715D+03 -7.51685D+03 -5.85723D+03 -4.17388D+03 -2.48233D+03 -7.97944D+02  8.64241D+02
  2.48962D+03  4.06414D+03  5.57446D+03  7.00800D+03  8.35307D+03  9.59897D+03  1.07361D+04  1.17558D+04
  1.26510D+04  1.34154D+04  1.40442D+04  1.45340D+04  1.48825D+04  1.50889D+04  1.51535D+04  1.50780D+04
  1.48653D+04  1.45197D+04  1.40462D+04  1.34513D+04  1.27423D+04  1.19275D+04  1.10159D+04  1.00175D+04
  8.94274D+03  7.80262D+03  6.60862D+03  5.37253D+03  4.10633D+03  2.82212D+03  1.53197D+03  2.47841D+02
 -1.01855D+03 -2.25582D+03 -3.45301D+03 -4.59968D+03 -5.68603D+03 -6.70293D+03 -7.64204D+03 -8.49583D+03
 -9.25768D+03 -9.92191D+03 -1.04838D+04 -1.09397D+04 -1.12868D+04 -1.15237D+04 -1.16496D+04 -1.16650D+04
 -1.15715D+04 -1.13713D+04 -1.10679D+04 -1.06657D+04 -1.01697D+04 -9.58587D+03 -8.92094D+03 -8.18222D+03
 -7.37764D+03 -6.51561D+03 -5.60496D+03 -4.65488D+03 -3.67476D+03 -2.67418D+03 -1.66274D+03 -6.50054D+02
  3.54413D+02  1.34139D+03  2.30188D+03  3.22727D+03  4.10939D+03  4.94057D+03  5.71371D+03  6.42236D+03
  7.06076D+03  7.62386D+03  8.10740D+03  8.50791D+03  8.82273D+03  9.05006D+03  9.18892D+03  9.23918D+03
  9.20154D+03  9.07752D+03  8.86940D+03  8.58027D+03  8.21388D+03  7.77471D+03  7.26784D+03  6.69890D+03
  6.07409D+03  5.39999D+03  4.68361D+03  3.93224D+03  3.15343D+03  2.35486D+03  1.54434D+03  7.29680D+02
 -8.13790D+01 -8.81207D+02 -1.66240D+03 -2.41779D+03 -3.14057D+03 -3.82430D+03 -4.46301D+03 -5.05115D+03
 -5.58387D+03 -6.05672D+03 -6.46601D+03 -6.80865D+03 -7.08217D+03 -7.28484D+03 -7.41560D+03 -7.47409D+03
 -7.46064D+03 -7.37628D+03 -7.22258D+03 -7.00189D+03 -6.71715D+03 -6.37176D+03 -5.96982D+03 -5.51570D+03
 -5.01440D+03 -4.47145D+03 -3.89224D+03 -3.28262D+03 -2.64915D+03 -1.99766D+03 -1.33506D+03 -6.67568D+02
 -1.63316D+00  6.56527D+02  1.30064D+03  1.92445D+03  2.52264D+03  3.08969D+03  3.62090D+03  4.11074D+03
  4.55623D+03
   leaving pswf2

   results for ibeta = 5
    psi - unpseudised wavefunction
    phi - pseudised wavefunction
    chi - projector function

       r         psi          phi          chi
     0.0074   0.00010781   0.00000018  -0.00000055
     0.0374   0.00984795   0.00002299  -0.00007093
     0.0671   0.04272079   0.00013212  -0.00040891
     0.0968   0.09827947   0.00039566  -0.00123046
     0.1264   0.16970350   0.00087654  -0.00274339
     0.1570   0.25272499   0.00166873  -0.00526616
     0.1855   0.33245937   0.00273207  -0.00870103
     0.2155   0.41430329   0.00424764  -0.01367830
     0.2463   0.49225236   0.00627183  -0.02045562
     0.2768   0.56145296   0.00879758  -0.02909558
     0.3059   0.61898910   0.01172958  -0.03935414
     0.3324   0.66396166   0.01487552  -0.05061053
     0.3674   0.71230339   0.01972322  -0.06841791
     0.3927   0.73998492   0.02375193  -0.08361130
     0.4269   0.76820894   0.02987678  -0.10734452
     0.4563   0.78492649   0.03579862  -0.13097098
     0.4797   0.79372054   0.04092414  -0.15192710
     0.5128   0.80017442   0.04878364  -0.18492146
     0.5391   0.80094966   0.05552564  -0.21400875
     0.5762   0.79652546   0.06575602  -0.25944192
     0.6058   0.78917418   0.07442840  -0.29910364
     0.6368   0.77848118   0.08400608  -0.34404657
     0.6584   0.76957064   0.09090918  -0.37713622
     0.6922   0.75367178   0.10205068  -0.43168638
     0.7156   0.74147795   0.10999986  -0.47140638
     0.7523   0.72097430   0.12268173  -0.53601087
     0.7778   0.70594260   0.13161414  -0.58232018
     0.8042   0.68991545   0.14089530  -0.63103310
     0.8454   0.66419243   0.15538029  -0.70799311
     0.8741   0.64604748   0.16533310  -0.76128939
     0.9037   0.62720677   0.17544269  -0.81551321
     0.9344   0.60775721   0.18562504  -0.86991971
     0.9660   0.58778530   0.19578181  -0.92359379
     0.9823   0.57763025   0.20081595  -0.94982198
     1.0156   0.55703487   0.21071857  -1.00029676
     1.0500   0.53612853   0.22028768  -1.04699293
     1.0856   0.51499294   0.22937745  -1.08842930
     1.1038   0.50436414   0.23369416  -1.10668633
     1.1412   0.48303318   0.24177018  -1.13728411
     1.1604   0.47235001   0.24548815  -1.14923619
     1.1997   0.45099452   0.25218009  -1.16554352
     1.2199   0.44034013   0.25511293  -1.16958410
     1.2613   0.41912153   0.26005271  -1.16883101
     1.2825   0.40857409   0.26202182  -1.16388856
     1.3259   0.38764332   0.26487123  -1.14479977
     1.3482   0.37727549   0.26572025  -1.13076320
     1.3709   0.36698267   0.26616703  -1.11388843
     1.4173   0.34665051   0.26580800  -1.07239032
     1.4412   0.33662484   0.26498351  -1.04825619
     1.4654   0.32670145   0.26371946  -1.02224029
     1.4900   0.31688656   0.26201082  -0.99463355
     1.5151   0.30718612   0.25985421  -0.96570322
     1.5664   0.28815106   0.25419152  -0.90460022
     1.5927   0.27882702   0.25068648  -0.87248130
     1.6195   0.26963855   0.24673568  -0.83903631
     1.6467   0.26059027   0.24234389  -0.80372811
     1.6744   0.25168648   0.23751827  -0.76569282
     1.7025   0.24293122   0.23226909  -0.72370447
     1.7311   0.23432824   0.22661097  -0.67617799
     1.7602   0.22588102   0.22056454  -0.62124056
     1.7898   0.21759273   0.21415853  -0.55691646
     1.8199   0.20946629   0.20743228  -0.48149063
     1.8505   0.20150433   0.20043834  -0.39414547
     1.8816   0.19370921   0.19324443  -0.29600301
     1.9132   0.18608304   0.18593375  -0.19177428
     1.9454   0.17862765   0.17860145  -0.09215008
     1.9781   0.17134465   0.17134388  -0.01857970
     2.0113   0.16423537   0.16423537   0.00100297
     2.0451   0.15730093   0.15730093   0.00000000
     2.0451   0.15730093   0.15730093   0.00000000

   -------------------------------------------
   constructing ibeta = 6
   -------------------------------------------

   ibeta,lcur,ecur,ipsu    6    2 -1.8000    2
   calling phakoe
   calling pswf2 - polynomial optimization

   subroutine pswf2
   leaving pswf2

   results for ibeta = 6
    psi - unpseudised wavefunction
    phi - pseudised wavefunction
    chi - projector function

       r         psi          phi          chi
     0.0074  -0.00010358  -0.00000014   0.00000058
     0.0374  -0.00946200  -0.00001742   0.00007466
     0.0671  -0.04104242  -0.00010007   0.00043023
     0.0968  -0.09440274  -0.00029952   0.00129359
     0.1264  -0.16297049  -0.00066304   0.00288117
     0.1570  -0.24261700  -0.00126102   0.00552328
     0.1855  -0.31903436  -0.00206224   0.00911256
     0.2155  -0.39736363  -0.00320172   0.01430027
     0.2463  -0.47181183  -0.00471958   0.02134344
     0.2768  -0.53770972  -0.00660761   0.03029379
     0.3059  -0.59227607  -0.00879165   0.04088627
     0.3324  -0.63469660  -0.01112638   0.05247250
     0.3674  -0.67989766  -0.01470716   0.07073603
     0.3927  -0.70544025  -0.01766781   0.08626456
     0.4269  -0.73093358  -0.02214294   0.11043767
     0.4563  -0.74540565  -0.02644007   0.13441601
     0.4797  -0.75246511  -0.03013566   0.15562284
     0.5128  -0.75651132  -0.03575908   0.18891193
     0.5391  -0.75538448  -0.04054003   0.21817176
     0.5762  -0.74824838  -0.04771600   0.26373729
     0.6058  -0.73869131  -0.05372112   0.30339944
     0.6368  -0.72560444  -0.06026466   0.34823496
     0.6584  -0.71497263  -0.06491975   0.38118308
     0.6922  -0.69626864  -0.07231664   0.43540284
     0.7156  -0.68203319  -0.07749949   0.47481810
     0.7523  -0.65816708  -0.08558762   0.53883425
     0.7778  -0.64066638  -0.09113713   0.58466566
     0.8042  -0.62196471  -0.09675864   0.63283781
     0.8454  -0.59179612  -0.10519491   0.70889037
     0.8741  -0.57036336  -0.11071417   0.76153965
     0.9037  -0.54794533  -0.11604565   0.81510734
     0.9344  -0.52460086  -0.12108388   0.86887556
     0.9660  -0.50038617  -0.12570803   0.92196105
     0.9823  -0.48796918  -0.12782277   0.94792463
     1.0156  -0.46254718  -0.13156485   0.99795302
     1.0500  -0.43637961  -0.13452229   1.04434468
     1.0856  -0.40950813  -0.13652079   1.08565359
     1.1038  -0.39581990  -0.13710242   1.10392251
     1.1412  -0.36795794  -0.13730842   1.13470776
     1.1604  -0.35379069  -0.13688237   1.14683742
     1.1997  -0.32499622  -0.13484343   1.16366296
     1.2199  -0.31037248  -0.13317850   1.16803772
     1.2613  -0.28067634  -0.12842797   1.16807350
     1.2825  -0.26560383  -0.12529118   1.16356818
     1.3259  -0.23500454  -0.11737002   1.14538072
     1.3482  -0.21947339  -0.11253773   1.13177979
     1.3709  -0.20378364  -0.10709364   1.11530936
     1.4173  -0.17191036  -0.09428317   1.07445803
     1.4412  -0.15571547  -0.08687547   1.05053300
     1.4654  -0.13933913  -0.07877327   1.02462993
     1.4900  -0.12277302  -0.06995780   0.99702787
     1.5151  -0.10600763  -0.06041081   0.96798608
     1.5664  -0.07183459  -0.03905104   0.90630595
     1.5927  -0.05440131  -0.02720307   0.87373454
     1.6195  -0.03671727  -0.01455309   0.83974872
     1.6467  -0.01876579  -0.00108381   0.80383637
     1.6744  -0.00052847   0.01322150   0.76516539
     1.7025   0.01801499   0.02837836   0.72254693
     1.7311   0.03688683   0.04440009   0.67443597
     1.7602   0.05611144   0.06129623   0.61899968
     1.7898   0.07571548   0.07907060   0.55429903
     1.8199   0.09572805   0.09771891   0.47865006
     1.8505   0.11618087   0.11722625   0.39126111
     1.8816   0.13710852   0.13756522   0.29328189
     1.9132   0.15854861   0.15869559   0.18947123
     1.9454   0.18054206   0.18056791   0.09062839
     1.9781   0.20313335   0.20313411   0.01834019
     2.0113   0.22637086   0.22637086  -0.00099493
     2.0451   0.25030718   0.25030718   0.00000000
     2.0451   0.25030718   0.25030718   0.00000000

   -------------------------------------------
   construct beta functions and matrices
   -------------------------------------------

    matrix b(i,j)

       0.25292       0.20656       0.00000       0.00000       0.00000       0.00000
       0.23907       0.19881       0.00000       0.00000       0.00000       0.00000
       0.00000       0.00000       0.40504       0.39085       0.00000       0.00000
       0.00000       0.00000       0.39943       0.38582       0.00000       0.00000
       0.00000       0.00000       0.00000       0.00000      -0.24522       0.08788
       0.00000       0.00000       0.00000       0.00000       0.24519      -0.08797

    matrix q(i,j)

      -0.01329      -0.01492       0.00000       0.00000       0.00000       0.00000
      -0.01492      -0.01563       0.00000       0.00000       0.00000       0.00000
       0.00000       0.00000      -0.01406      -0.01624       0.00000       0.00000
       0.00000       0.00000      -0.01624      -0.01819       0.00000       0.00000
       0.00000       0.00000       0.00000       0.00000       0.45258      -0.41312
       0.00000       0.00000       0.00000       0.00000      -0.41312       0.37619

    matrix d(i,j)

       0.28189       0.23910       0.00000       0.00000       0.00000       0.00000
       0.23907       0.19881       0.00000       0.00000       0.00000       0.00000
       0.00000       0.00000       0.42285       0.41141       0.00000       0.00000
       0.00000       0.00000       0.41139       0.39922       0.00000       0.00000
       0.00000       0.00000       0.00000       0.00000      -1.23214       0.98875
       0.00000       0.00000       0.00000       0.00000       0.98881      -0.76511

    matrix d(i,j)

       0.28189       0.23909       0.00000       0.00000       0.00000       0.00000
       0.23909       0.19881       0.00000       0.00000       0.00000       0.00000
       0.00000       0.00000       0.42285       0.41140       0.00000       0.00000
       0.00000       0.00000       0.41140       0.39922       0.00000       0.00000
       0.00000       0.00000       0.00000       0.00000      -1.23214       0.98878
       0.00000       0.00000       0.00000       0.00000       0.98878      -0.76511

    matrix i(i,j)

     221.05405    -229.67505       0.00000       0.00000       0.00000       0.00000
    -265.82083     281.21770       0.00000       0.00000       0.00000       0.00000
       0.00000       0.00000    2441.14968   -2472.95155       0.00000       0.00000
       0.00000       0.00000   -2527.25848    2562.77400       0.00000       0.00000
       0.00000       0.00000       0.00000       0.00000   -3374.71673   -3371.06787
       0.00000       0.00000       0.00000       0.00000   -9405.88459   -9407.08198

   -------------------------------------------
   pseudize q-functions
   -------------------------------------------
 
   ====================================================================================================
    ib = 1 , lll(ib) = 0 , jb =  1 , lll(jb) = 0 , lmin = 0 , lmax = 0
     most negative density at mesh point  613 at   0.81772 au with value  -0.00103
     phi(iworst,ib)*phi(iworst,jb) =  0.03194
   ====================================================================================================
    ib = 1 , lll(ib) = 0 , jb =  2 , lll(jb) = 0 , lmin = 0 , lmax = 0
   ====================================================================================================
    ib = 1 , lll(ib) = 0 , jb =  3 , lll(jb) = 1 , lmin = 1 , lmax = 1
   ====================================================================================================
    ib = 1 , lll(ib) = 0 , jb =  4 , lll(jb) = 1 , lmin = 1 , lmax = 1
   ====================================================================================================
    ib = 1 , lll(ib) = 0 , jb =  5 , lll(jb) = 2 , lmin = 2 , lmax = 2
   ====================================================================================================
    ib = 1 , lll(ib) = 0 , jb =  6 , lll(jb) = 2 , lmin = 2 , lmax = 2
   ====================================================================================================
    ib = 2 , lll(ib) = 0 , jb =  1 , lll(jb) = 0 , lmin = 0 , lmax = 0
   ====================================================================================================
    ib = 2 , lll(ib) = 0 , jb =  2 , lll(jb) = 0 , lmin = 0 , lmax = 0
     most negative density at mesh point  610 at   0.77784 au with value  -0.00075
     phi(iworst,ib)*phi(iworst,jb) =  0.02675
   ====================================================================================================
    ib = 2 , lll(ib) = 0 , jb =  3 , lll(jb) = 1 , lmin = 1 , lmax = 1
   ====================================================================================================
    ib = 2 , lll(ib) = 0 , jb =  4 , lll(jb) = 1 , lmin = 1 , lmax = 1
   ====================================================================================================
    ib = 2 , lll(ib) = 0 , jb =  5 , lll(jb) = 2 , lmin = 2 , lmax = 2
   ====================================================================================================
    ib = 2 , lll(ib) = 0 , jb =  6 , lll(jb) = 2 , lmin = 2 , lmax = 2
   ====================================================================================================
    ib = 3 , lll(ib) = 1 , jb =  1 , lll(jb) = 0 , lmin = 1 , lmax = 1
   ====================================================================================================
    ib = 3 , lll(ib) = 1 , jb =  2 , lll(jb) = 0 , lmin = 1 , lmax = 1
   ====================================================================================================
    ib = 3 , lll(ib) = 1 , jb =  3 , lll(jb) = 1 , lmin = 0 , lmax = 2
     most negative density at mesh point  617 at   0.87410 au with value  -0.00058
     phi(iworst,ib)*phi(iworst,jb) =  0.05634
   ====================================================================================================
    ib = 3 , lll(ib) = 1 , jb =  4 , lll(jb) = 1 , lmin = 0 , lmax = 2
   ====================================================================================================
    ib = 3 , lll(ib) = 1 , jb =  5 , lll(jb) = 2 , lmin = 1 , lmax = 3
   ====================================================================================================
    ib = 3 , lll(ib) = 1 , jb =  6 , lll(jb) = 2 , lmin = 1 , lmax = 3
   ====================================================================================================
    ib = 4 , lll(ib) = 1 , jb =  1 , lll(jb) = 0 , lmin = 1 , lmax = 1
   ====================================================================================================
    ib = 4 , lll(ib) = 1 , jb =  2 , lll(jb) = 0 , lmin = 1 , lmax = 1
   ====================================================================================================
    ib = 4 , lll(ib) = 1 , jb =  3 , lll(jb) = 1 , lmin = 0 , lmax = 2
   ====================================================================================================
    ib = 4 , lll(ib) = 1 , jb =  4 , lll(jb) = 1 , lmin = 0 , lmax = 2
     most negative density at mesh point  616 at   0.85965 au with value  -0.00068
     phi(iworst,ib)*phi(iworst,jb) =  0.05517
   ====================================================================================================
    ib = 4 , lll(ib) = 1 , jb =  5 , lll(jb) = 2 , lmin = 1 , lmax = 3
   ====================================================================================================
    ib = 4 , lll(ib) = 1 , jb =  6 , lll(jb) = 2 , lmin = 1 , lmax = 3
   ====================================================================================================
    ib = 5 , lll(ib) = 2 , jb =  1 , lll(jb) = 0 , lmin = 2 , lmax = 2
   ====================================================================================================
    ib = 5 , lll(ib) = 2 , jb =  2 , lll(jb) = 0 , lmin = 2 , lmax = 2
   ====================================================================================================
    ib = 5 , lll(ib) = 2 , jb =  3 , lll(jb) = 1 , lmin = 1 , lmax = 3
   ====================================================================================================
    ib = 5 , lll(ib) = 2 , jb =  4 , lll(jb) = 1 , lmin = 1 , lmax = 3
   ====================================================================================================
    ib = 5 , lll(ib) = 2 , jb =  5 , lll(jb) = 2 , lmin = 0 , lmax = 4
   ====================================================================================================
    ib = 5 , lll(ib) = 2 , jb =  6 , lll(jb) = 2 , lmin = 0 , lmax = 4
   ====================================================================================================
    ib = 6 , lll(ib) = 2 , jb =  1 , lll(jb) = 0 , lmin = 2 , lmax = 2
   ====================================================================================================
    ib = 6 , lll(ib) = 2 , jb =  2 , lll(jb) = 0 , lmin = 2 , lmax = 2
   ====================================================================================================
    ib = 6 , lll(ib) = 2 , jb =  3 , lll(jb) = 1 , lmin = 1 , lmax = 3
   ====================================================================================================
    ib = 6 , lll(ib) = 2 , jb =  4 , lll(jb) = 1 , lmin = 1 , lmax = 3
   ====================================================================================================
    ib = 6 , lll(ib) = 2 , jb =  5 , lll(jb) = 2 , lmin = 0 , lmax = 4
   ====================================================================================================
    ib = 6 , lll(ib) = 2 , jb =  6 , lll(jb) = 2 , lmin = 0 , lmax = 4

   -------------------------------------------
   transform so betas are orthogonal
   -------------------------------------------
 
  after transformation :

    matrix q(i,j)

      -0.60325       0.38830       0.00000       0.00000       0.00000       0.00000
       0.38830      -0.14325       0.00000       0.00000       0.00000       0.00000
       0.00000       0.00000      -0.48122       0.21481       0.00000       0.00000
       0.00000       0.00000       0.21481       0.13186       0.00000       0.00000
       0.00000       0.00000       0.00000       0.00000      17.05330      44.67544
       0.00000       0.00000       0.00000       0.00000      44.67544     116.67601

      eigenvalues of q matrix

      -0.82455       0.07805      -0.54900       0.19964      -0.04622     133.77554

    matrix d(i,j)

       4.59066      -0.57563       0.00000       0.00000       0.00000       0.00000
      -0.57563      -0.97431       0.00000       0.00000       0.00000       0.00000
       0.00000       0.00000       1.89112       1.33067       0.00000       0.00000
       0.00000       0.00000       1.33067      -2.28853       0.00000       0.00000
       0.00000       0.00000       0.00000       0.00000     -40.01677     -87.41622
       0.00000       0.00000       0.00000       0.00000     -87.41622    -177.95785
  *** error: max q eigenvalue too large
