========================================================================
pseudopotential program version  7.3.6   date:  4 -  8 -   17
========================================================================

 ifae =   1    ifpsp =   0    ifprt =   0    ifplw =   0    ilogd =   3
 rlogd=   1.80000     emin=  -2.40000     emax=   1.60000     nnt=   40
 thresh, tol =   1.000E-10   1.000E-09    damp = 0.200    maxit = 400

          *************************************************************
           Ba                  PBE - GGA           exchange-correlation
          *************************************************************

 z = 56.00    xion = 0.00    exfact =   5.00000    irel=   2
 ncspvs =   14
 rmax = 200.00000    aasf =   6.00000    bbsf =  59.00000

 value of mesh generated in rinit is   907
 irel = 2 so all electron calculations use koelling-harmon equations


                         the system has converged with
                                 delta= 0.8975067D-09


                             the eigenvalues are


          orbital          occupation          energy
           100                   2.00           -2738.41359
           200                   2.00            -432.83800
           210                   6.00            -388.13746
           300                   2.00             -91.36628
           310                   6.00             -77.03518
           320                  10.00             -56.22119
           400                   2.00             -17.92546
           410                   6.00             -13.30315
           420                  10.00              -6.59155
           500                   2.00              -2.47490
           510                   6.00              -1.37714
           520                   0.00              -0.14838
           600                   2.00              -0.23740
           610                   0.00              -0.09138
 etot= -16270.70770 ryd ;    -221362.97076 ev            ebsr,ehar,emvxc= -10073.75615   6317.73502    120.78348

 subroutine lderiv: pass   1

 leaving lderiv
