========================================================================
pseudopotential program version  7.3.6   date: 20 -  4 -   17
========================================================================

 ifae =   1    ifpsp =   0    ifprt =   0    ifplw =   0    ilogd =   3
 rlogd=   1.80000     emin=  -2.00000     emax=   2.00000     nnt=   80
 thresh, tol =   1.000E-10   1.000E-09    damp = 0.100    maxit = 400
 z, xion, exfact    3.000000000000000         1.000000000000000      
    5.000000000000000     

          *************************************************************
          Li                   PBE - GGA           exchange-correlation
          *************************************************************

 z =  3.00    xion = 1.00    exfact =   5.00000    irel=   0
 ncspvs =    3
 rmax =  80.00000    aasf =   7.00000    bbsf =  60.00000

 value of mesh generated in rinit is   751
 irel = 0 so all electron calculations use schroedinger equations


                         the system has converged with
                                 delta= 0.9270846D-09


                             the eigenvalues are


          orbital          occupation          energy
           100                   1.00              -6.31884
           200                   1.00              -0.91133
           210                   0.00              -0.74327
 etot=     -9.87537 ryd ;       -134.35434 ev            ebsr,ehar,emvxc=     -7.23016      3.16248      0.51728
  davegp - begin printing all-electron states
            3
          751            0          100
  0.000000000000E+00  0.000000000000E+00
  0.510846319546E-05  0.520746177512E-04
  0.103027809112E-04  0.105024374835E-03
  0.155843960465E-04  0.158863933091E-03
  0.209547757508E-04  0.213608198088E-03
  0.264154118307E-04  0.269272323231E-03
  0.319678211647E-04  0.325871713827E-03
  0.376135461243E-04  0.383422031226E-03
  0.433541550030E-04  0.441939197022E-03
  0.491912424510E-04  0.501439397330E-03
  0.551264299192E-04  0.561939087127E-03
  0.611613661089E-04  0.623454994667E-03
  0.672977274301E-04  0.686004125976E-03
  0.735372184670E-04  0.749603769409E-03
  0.798815724517E-04  0.814271500289E-03
  0.863325517456E-04  0.880025185627E-03
  0.928919483287E-04  0.946882988908E-03
  0.995615842980E-04  0.101486337497E-02
  0.106343312373E-03  0.108398511495E-02
  0.113239016411E-03  0.115426729134E-02
  0.120250611928E-03  0.122572930306E-02
  0.127380046637E-03  0.129839087070E-02
  0.134629300981E-03  0.137227204182E-02
  0.142000388688E-03  0.144739319626E-02
  0.149495357331E-03  0.152377505168E-02
  0.157116288893E-03  0.160143866906E-02
  0.164865300349E-03  0.168040545837E-02
  0.172744544251E-03  0.176069718431E-02
  0.180756209330E-03  0.184233597210E-02
  0.188902521099E-03  0.192534431349E-02
  0.197185742474E-03  0.200974507269E-02
  0.205608174405E-03  0.209556149255E-02
  0.214172156510E-03  0.218281720077E-02
  0.222880067727E-03  0.227153621622E-02
  0.231734326977E-03  0.236174295538E-02
  0.240737393834E-03  0.245346223884E-02
  0.249891769206E-03  0.254671929796E-02
  0.259199996036E-03  0.264153978163E-02
  0.268664660001E-03  0.273794976307E-02
  0.278288390236E-03  0.283597574688E-02
  0.288073860060E-03  0.293564467602E-02
  0.298023787723E-03  0.303698393906E-02
  0.308140937158E-03  0.314002137750E-02
  0.318428118749E-03  0.324478529314E-02
  0.328888190112E-03  0.335130445566E-02
  0.339524056891E-03  0.345960811027E-02
  0.350338673561E-03  0.356972598550E-02
  0.361335044251E-03  0.368168830112E-02
  0.372516223580E-03  0.379552577613E-02
  0.383885317504E-03  0.391126963698E-02
  0.395445484175E-03  0.402895162583E-02
  0.407199934828E-03  0.414860400895E-02
  0.419151934661E-03  0.427025958533E-02
  0.431304803753E-03  0.439395169529E-02
  0.443661917977E-03  0.451971422937E-02
  0.456226709946E-03  0.464758163728E-02
  0.469002669960E-03  0.477758893693E-02
  0.481993346979E-03  0.490977172378E-02
  0.495202349607E-03  0.504416618012E-02
  0.508633347098E-03  0.518080908467E-02
  0.522290070371E-03  0.531973782221E-02
  0.536176313046E-03  0.546099039341E-02
  0.550295932504E-03  0.560460542484E-02
  0.564652850951E-03  0.575062217902E-02
  0.579251056513E-03  0.589908056476E-02
  0.594094604341E-03  0.605002114758E-02
  0.609187617738E-03  0.620348516029E-02
  0.624534289304E-03  0.635951451373E-02
  0.640138882103E-03  0.651815180772E-02
  0.656005730845E-03  0.667944034209E-02
  0.672139243088E-03  0.684342412796E-02
  0.688543900468E-03  0.701014789913E-02
  0.705224259940E-03  0.717965712368E-02
  0.722184955045E-03  0.735199801569E-02
  0.739430697195E-03  0.752721754720E-02
  0.756966276985E-03  0.770536346028E-02
  0.774796565523E-03  0.788648427934E-02
  0.792926515781E-03  0.807062932358E-02
  0.811361163972E-03  0.825784871964E-02
  0.830105630952E-03  0.844819341442E-02
  0.849165123637E-03  0.864171518812E-02
  0.868544936453E-03  0.883846666741E-02
  0.888250452805E-03  0.903850133890E-02
  0.908287146576E-03  0.924187356265E-02
  0.928660583643E-03  0.944863858605E-02
  0.949376423424E-03  0.965885255773E-02
  0.970440420452E-03  0.987257254184E-02
  0.991858425974E-03  0.100898565324E-01
  0.101363638957E-02  0.103107634679E-01
  0.103578036082E-02  0.105353532461E-01
  0.105829649097E-02  0.107636867392E-01
  0.108119103464E-02  0.109958258090E-01
  0.110447035157E-02  0.112318333221E-01
  0.112814090840E-02  0.114717731662E-01
  0.115220928042E-02  0.117157102653E-01
  0.117668215346E-02  0.119637105964E-01
  0.120156632569E-02  0.122158412054E-01
  0.122686870953E-02  0.124721702242E-01
  0.125259633360E-02  0.127327668871E-01
  0.127875634462E-02  0.129977015479E-01
  0.130535600943E-02  0.132670456974E-01
  0.133240271699E-02  0.135408719808E-01
  0.135990398045E-02  0.138192542156E-01
  0.138786743924E-02  0.141022674093E-01
  0.141630086115E-02  0.143899877782E-01
  0.144521214454E-02  0.146824927654E-01
  0.147460932052E-02  0.149798610600E-01
  0.150450055514E-02  0.152821726157E-01
  0.153489415174E-02  0.155895086705E-01
  0.156579855315E-02  0.159019517661E-01
  0.159722234415E-02  0.162195857677E-01
  0.162917425376E-02  0.165424958838E-01
  0.166166315772E-02  0.168707686871E-01
  0.169469808094E-02  0.172044921348E-01
  0.172828819999E-02  0.175437555893E-01
  0.176244284567E-02  0.178886498398E-01
  0.179717150562E-02  0.182392671233E-01
  0.183248382690E-02  0.185957011466E-01
  0.186838961872E-02  0.189580471082E-01
  0.190489885514E-02  0.193264017204E-01
  0.194202167784E-02  0.197008632322E-01
  0.197976839897E-02  0.200815314517E-01
  0.201814950397E-02  0.204685077696E-01
  0.205717565450E-02  0.208618951823E-01
  0.209685769141E-02  0.212617983160E-01
  0.213720663774E-02  0.216683234502E-01
  0.217823370179E-02  0.220815785422E-01
  0.221995028024E-02  0.225016732516E-01
  0.226236796128E-02  0.229287189654E-01
  0.230549852789E-02  0.233628288229E-01
  0.234935396105E-02  0.238041177410E-01
  0.239394644311E-02  0.242527024403E-01
  0.243928836116E-02  0.247087014711E-01
  0.248539231046E-02  0.251722352393E-01
  0.253227109796E-02  0.256434260336E-01
  0.257993774586E-02  0.261223980521E-01
  0.262840549518E-02  0.266092774294E-01
  0.267768780952E-02  0.271041922645E-01
  0.272779837871E-02  0.276072726483E-01
  0.277875112269E-02  0.281186506918E-01
  0.283056019531E-02  0.286384605547E-01
  0.288323998833E-02  0.291668384738E-01
  0.293680513535E-02  0.297039227919E-01
  0.299127051593E-02  0.302498539876E-01
  0.304665125969E-02  0.308047747045E-01
  0.310296275053E-02  0.313688297810E-01
  0.316022063089E-02  0.319421662807E-01
  0.321844080610E-02  0.325249335226E-01
  0.327763944881E-02  0.331172831119E-01
  0.333783300347E-02  0.337193689711E-01
  0.339903819090E-02  0.343313473711E-01
  0.346127201292E-02  0.349533769630E-01
  0.352455175712E-02  0.355856188095E-01
  0.358889500161E-02  0.362282364172E-01
  0.365431961993E-02  0.368813957692E-01
  0.372084378599E-02  0.375452653571E-01
  0.378848597917E-02  0.382200162144E-01
  0.385726498940E-02  0.389058219494E-01
  0.392719992239E-02  0.396028587783E-01
  0.399831020498E-02  0.403113055590E-01
  0.407061559046E-02  0.410313438252E-01
  0.414413616415E-02  0.417631578196E-01
  0.421889234888E-02  0.425069345288E-01
  0.429490491076E-02  0.432628637176E-01
  0.437219496486E-02  0.440311379634E-01
  0.445078398115E-02  0.448119526914E-01
  0.453069379041E-02  0.456055062092E-01
  0.461194659032E-02  0.464119997421E-01
  0.469456495164E-02  0.472316374686E-01
  0.477857182443E-02  0.480646265556E-01
  0.486399054448E-02  0.489111771942E-01
  0.495084483977E-02  0.497715026354E-01
  0.503915883703E-02  0.506458192257E-01
  0.512895706851E-02  0.515343464434E-01
  0.522026447874E-02  0.524373069343E-01
  0.531310643146E-02  0.533549265481E-01
  0.540750871672E-02  0.542874343742E-01
  0.550349755798E-02  0.552350627781E-01
  0.560109961941E-02  0.561980474372E-01
  0.570034201334E-02  0.571766273776E-01
  0.580125230773E-02  0.581710450098E-01
  0.590385853386E-02  0.591815461649E-01
  0.600818919413E-02  0.602083801307E-01
  0.611427326994E-02  0.612517996875E-01
  0.622214022979E-02  0.623120611443E-01
  0.633182003739E-02  0.633894243743E-01
  0.644334316008E-02  0.644841528503E-01
  0.655674057722E-02  0.655965136804E-01
  0.667204378881E-02  0.667267776432E-01
  0.678928482427E-02  0.678752192222E-01
  0.690849625131E-02  0.690421166412E-01
  0.702971118498E-02  0.702277518981E-01
  0.715296329687E-02  0.714324107994E-01
  0.727828682447E-02  0.726563829932E-01
  0.740571658069E-02  0.738999620032E-01
  0.753528796348E-02  0.751634452611E-01
  0.766703696575E-02  0.764471341390E-01
  0.780100018528E-02  0.777513339815E-01
  0.793721483493E-02  0.790763541365E-01
  0.807571875299E-02  0.804225079865E-01
  0.821655041365E-02  0.817901129778E-01
  0.835974893773E-02  0.831794906510E-01
  0.850535410352E-02  0.845909666684E-01
  0.865340635783E-02  0.860248708428E-01
  0.880394682725E-02  0.874815371639E-01
  0.895701732952E-02  0.889613038247E-01
  0.911266038523E-02  0.904645132465E-01
  0.927091922956E-02  0.919915121034E-01
  0.943183782431E-02  0.935426513447E-01
  0.959546087013E-02  0.951182862176E-01
  0.976183381892E-02  0.967187762875E-01
  0.993100288645E-02  0.983444854580E-01
  0.101030150652E-01  0.999957819886E-01
  0.102779181375E-01  0.101673038512E+00
  0.104557606886E-01  0.103376632048E+00
  0.106365921204E-01  0.105106944021E+00
  0.108204626649E-01  0.106864360267E+00
  0.110074233986E-01  0.108649271049E+00
  0.111975262561E-01  0.110462071062E+00
  0.113908240451E-01  0.112303159441E+00
  0.115873704606E-01  0.114172939769E+00
  0.117872201000E-01  0.116071820073E+00
  0.119904284786E-01  0.118000212832E+00
  0.121970520442E-01  0.119958534970E+00
  0.124071481938E-01  0.121947207856E+00
  0.126207752887E-01  0.123966657294E+00
  0.128379926712E-01  0.126017313517E+00
  0.130588606807E-01  0.128099611175E+00
  0.132834406709E-01  0.130213989317E+00
  0.135117950267E-01  0.132360891380E+00
  0.137439871812E-01  0.134540765162E+00
  0.139800816338E-01  0.136754062804E+00
  0.142201439678E-01  0.139001240760E+00
  0.144642408686E-01  0.141282759767E+00
  0.147124401427E-01  0.143599084814E+00
  0.149648107357E-01  0.145950685099E+00
  0.152214227523E-01  0.148338033993E+00
  0.154823474752E-01  0.150761608993E+00
  0.157476573852E-01  0.153221891672E+00
  0.160174261812E-01  0.155719367624E+00
  0.162917288008E-01  0.158254526409E+00
  0.165706414408E-01  0.160827861487E+00
  0.168542415787E-01  0.163439870150E+00
  0.171426079943E-01  0.166091053454E+00
  0.174358207911E-01  0.168781916134E+00
  0.177339614191E-01  0.171512966527E+00
  0.180371126970E-01  0.174284716479E+00
  0.183453588353E-01  0.177097681252E+00
  0.186587854602E-01  0.179952379422E+00
  0.189774796364E-01  0.182849332776E+00
  0.193015298923E-01  0.185789066193E+00
  0.196310262438E-01  0.188772107529E+00
  0.199660602199E-01  0.191798987490E+00
  0.203067248877E-01  0.194870239494E+00
  0.206531148784E-01  0.197986399535E+00
  0.210053264137E-01  0.201148006032E+00
  0.213634573325E-01  0.204355599673E+00
  0.217276071178E-01  0.207609723251E+00
  0.220978769247E-01  0.210910921493E+00
  0.224743696084E-01  0.214259740873E+00
  0.228571897524E-01  0.217656729429E+00
  0.232464436983E-01  0.221102436562E+00
  0.236422395746E-01  0.224597412823E+00
  0.240446873271E-01  0.228142209700E+00
  0.244538987496E-01  0.231737379389E+00
  0.248699875144E-01  0.235383474554E+00
  0.252930692045E-01  0.239081048079E+00
  0.257232613452E-01  0.242830652807E+00
  0.261606834372E-01  0.246632841270E+00
  0.266054569893E-01  0.250488165410E+00
  0.270577055528E-01  0.254397176276E+00
  0.275175547550E-01  0.258360423727E+00
  0.279851323348E-01  0.262378456107E+00
  0.284605681779E-01  0.266451819915E+00
  0.289439943529E-01  0.270581059461E+00
  0.294355451479E-01  0.274766716505E+00
  0.299353571080E-01  0.279009329889E+00
  0.304435690729E-01  0.283309435143E+00
  0.309603222161E-01  0.287667564094E+00
  0.314857600833E-01  0.292084244440E+00
  0.320200286330E-01  0.296559999324E+00
  0.325632762763E-01  0.301095346886E+00
  0.331156539191E-01  0.305690799799E+00
  0.336773150030E-01  0.310346864788E+00
  0.342484155487E-01  0.315064042137E+00
  0.348291141988E-01  0.319842825170E+00
  0.354195722623E-01  0.324683699726E+00
  0.360199537590E-01  0.329587143603E+00
  0.366304254656E-01  0.334553625994E+00
  0.372511569614E-01  0.339583606899E+00
  0.378823206757E-01  0.344677536521E+00
  0.385240919360E-01  0.349835854639E+00
  0.391766490161E-01  0.355058989961E+00
  0.398401731861E-01  0.360347359463E+00
  0.405148487625E-01  0.365701367699E+00
  0.412008631595E-01  0.371121406097E+00
  0.418984069412E-01  0.376607852225E+00
  0.426076738741E-01  0.382161069049E+00
  0.433288609814E-01  0.387781404151E+00
  0.440621685975E-01  0.393469188940E+00
  0.448078004237E-01  0.399224737835E+00
  0.455659635847E-01  0.405048347418E+00
  0.463368686863E-01  0.410940295577E+00
  0.471207298737E-01  0.416900840612E+00
  0.479177648911E-01  0.422930220327E+00
  0.487281951425E-01  0.429028651090E+00
  0.495522457524E-01  0.435196326876E+00
  0.503901456291E-01  0.441433418278E+00
  0.512421275279E-01  0.447740071498E+00
  0.521084281160E-01  0.454116407309E+00
  0.529892880380E-01  0.460562519998E+00
  0.538849519829E-01  0.467078476271E+00
  0.547956687520E-01  0.473664314152E+00
  0.557216913280E-01  0.480320041833E+00
  0.566632769453E-01  0.487045636518E+00
  0.576206871616E-01  0.493841043228E+00
  0.585941879303E-01  0.500706173591E+00
  0.595840496746E-01  0.507640904593E+00
  0.605905473624E-01  0.514645077315E+00
  0.616139605828E-01  0.521718495642E+00
  0.626545736240E-01  0.528860924939E+00
  0.637126755517E-01  0.536072090712E+00
  0.647885602900E-01  0.543351677238E+00
  0.658825267027E-01  0.550699326171E+00
  0.669948786764E-01  0.558114635124E+00
  0.681259252048E-01  0.565597156233E+00
  0.692759804748E-01  0.573146394682E+00
  0.704453639537E-01  0.580761807226E+00
  0.716344004777E-01  0.588442800676E+00
  0.728434203424E-01  0.596188730367E+00
  0.740727593943E-01  0.603998898609E+00
  0.753227591245E-01  0.611872553112E+00
  0.765937667631E-01  0.619808885399E+00
  0.778861353761E-01  0.627807029194E+00
  0.792002239629E-01  0.635866058797E+00
  0.805363975567E-01  0.643984987444E+00
  0.818950273254E-01  0.652162765650E+00
  0.832764906748E-01  0.660398279540E+00
  0.846811713537E-01  0.668690349169E+00
  0.861094595601E-01  0.677037726833E+00
  0.875617520501E-01  0.685439095368E+00
  0.890384522474E-01  0.693893066450E+00
  0.905399703562E-01  0.702398178876E+00
  0.920667234743E-01  0.710952896865E+00
  0.936191357098E-01  0.719555608335E+00
  0.951976382982E-01  0.728204623199E+00
  0.968026697226E-01  0.736898171656E+00
  0.984346758355E-01  0.745634402497E+00
  0.100094109982E+00  0.754411381410E+00
  0.101781433127E+00  0.763227089312E+00
  0.103497113983E+00  0.772079420682E+00
  0.105241629138E+00  0.780966181922E+00
  0.107015463191E+00  0.789885089739E+00
  0.108819108885E+00  0.798833769551E+00
  0.110653067244E+00  0.807809753923E+00
  0.112517847714E+00  0.816810481034E+00
  0.114413968300E+00  0.825833293186E+00
  0.116341955715E+00  0.834875435350E+00
  0.118302345524E+00  0.843934053758E+00
  0.120295682291E+00  0.853006194549E+00
  0.122322519735E+00  0.862088802464E+00
  0.124383420879E+00  0.871178719603E+00
  0.126478958208E+00  0.880272684248E+00
  0.128609713830E+00  0.889367329755E+00
  0.130776279634E+00  0.898459183518E+00
  0.132979257460E+00  0.907544666019E+00
  0.135219259258E+00  0.916620089958E+00
  0.137496907267E+00  0.925681659482E+00
  0.139812834181E+00  0.934725469506E+00
  0.142167683328E+00  0.943747505142E+00
  0.144562108847E+00  0.952743641237E+00
  0.146996775873E+00  0.961709642030E+00
  0.149472360717E+00  0.970641160933E+00
  0.151989551058E+00  0.979533740438E+00
  0.154549046132E+00  0.988382812168E+00
  0.157151556925E+00  0.997183697071E+00
  0.159797806375E+00  0.100593160576E+01
  0.162488529567E+00  0.101462163903E+01
  0.165224473942E+00  0.102324878852E+01
  0.168006399502E+00  0.103180793754E+01
  0.170835079022E+00  0.104029386215E+01
  0.173711298265E+00  0.104870123232E+01
  0.176635856199E+00  0.105702461337E+01
  0.179609565219E+00  0.106525846762E+01
  0.182633251376E+00  0.107339715615E+01
  0.185707754601E+00  0.108143494091E+01
  0.188833928944E+00  0.108936598701E+01
  0.192012642805E+00  0.109718436519E+01
  0.195244779181E+00  0.110488405460E+01
  0.198531235910E+00  0.111245894584E+01
  0.201872925916E+00  0.111990284420E+01
  0.205270777468E+00  0.112720947321E+01
  0.208725734436E+00  0.113437247846E+01
  0.212238756552E+00  0.114138543168E+01
  0.215810819679E+00  0.114824183514E+01
  0.219442916078E+00  0.115493512629E+01
  0.223136054690E+00  0.116145868277E+01
  0.226891261409E+00  0.116780582769E+01
  0.230709579374E+00  0.117396983521E+01
  0.234592069251E+00  0.117994393643E+01
  0.238539809536E+00  0.118572132568E+01
  0.242553896849E+00  0.119129516704E+01
  0.246635446239E+00  0.119665860125E+01
  0.250785591496E+00  0.120180475292E+01
  0.255005485466E+00  0.120672673809E+01
  0.259296300369E+00  0.121141767218E+01
  0.263659228124E+00  0.121587067816E+01
  0.268095480684E+00  0.122007889518E+01
  0.272606290371E+00  0.122403548748E+01
  0.277192910215E+00  0.122773365368E+01
  0.281856614308E+00  0.123116663633E+01
  0.286598698153E+00  0.123432773191E+01
  0.291420479026E+00  0.123721030108E+01
  0.296323296341E+00  0.123980777925E+01
  0.301308512023E+00  0.124211368755E+01
  0.306377510888E+00  0.124412164405E+01
  0.311531701022E+00  0.124582537530E+01
  0.316772514178E+00  0.124721872815E+01
  0.322101406172E+00  0.124829568192E+01
  0.327519857285E+00  0.124905036078E+01
  0.333029372678E+00  0.124947704639E+01
  0.338631482807E+00  0.124957019085E+01
  0.344327743849E+00  0.124932442978E+01
  0.350119738137E+00  0.124873459569E+01
  0.356009074594E+00  0.124779573150E+01
  0.361997389185E+00  0.124650310422E+01
  0.368086345370E+00  0.124485221879E+01
  0.374277634564E+00  0.124283883202E+01
  0.380572976610E+00  0.124045896658E+01
  0.386974120254E+00  0.123770892513E+01
  0.393482843633E+00  0.123458530437E+01
  0.400100954768E+00  0.123108500912E+01
  0.406830292065E+00  0.122720526634E+01
  0.413672724828E+00  0.122294363904E+01
  0.420630153776E+00  0.121829804005E+01
  0.427704511574E+00  0.121326674557E+01
  0.434897763366E+00  0.120784840858E+01
  0.442211907325E+00  0.120204207178E+01
  0.449648975203E+00  0.119584718038E+01
  0.457211032902E+00  0.118926359430E+01
  0.464900181040E+00  0.118229160004E+01
  0.472718555543E+00  0.117493192194E+01
  0.480668328230E+00  0.116718573288E+01
  0.488751707424E+00  0.115905466425E+01
  0.496970938559E+00  0.115054081531E+01
  0.505328304808E+00  0.114164676159E+01
  0.513826127715E+00  0.113237556253E+01
  0.522466767842E+00  0.112273076812E+01
  0.531252625421E+00  0.111271642450E+01
  0.540186141026E+00  0.110233707853E+01
  0.549269796245E+00  0.109159778114E+01
  0.558506114375E+00  0.108050408946E+01
  0.567897661119E+00  0.106906206775E+01
  0.577447045301E+00  0.105727828685E+01
  0.587156919588E+00  0.104515982233E+01
  0.597029981230E+00  0.103271425125E+01
  0.607068972808E+00  0.101994964732E+01
  0.617276682996E+00  0.100687457475E+01
  0.627655947333E+00  0.993498080453E+00
  0.638209649016E+00  0.979829684836E+00
  0.648940719696E+00  0.965879371120E+00
  0.659852140296E+00  0.951657573153E+00
  0.670946941835E+00  0.937175161842E+00
  0.682228206274E+00  0.922443430193E+00
  0.693699067371E+00  0.907474077044E+00
  0.705362711549E+00  0.892279189536E+00
  0.717222378785E+00  0.876871224408E+00
  0.729281363506E+00  0.861262988168E+00
  0.741543015509E+00  0.845467616234E+00
  0.754010740886E+00  0.829498551080E+00
  0.766688002976E+00  0.813369519479E+00
  0.779578323320E+00  0.797094508870E+00
  0.792685282647E+00  0.780687742892E+00
  0.806012521863E+00  0.764163656129E+00
  0.819563743064E+00  0.747536868059E+00
  0.833342710566E+00  0.730822156277E+00
  0.847353251947E+00  0.714034428971E+00
  0.861599259117E+00  0.697188696797E+00
  0.876084689389E+00  0.680300044228E+00
  0.890813566589E+00  0.663383600689E+00
  0.905789982164E+00  0.646454511859E+00
  0.921018096329E+00  0.629527911872E+00
  0.936502139210E+00  0.612618897409E+00
  0.952246412033E+00  0.595742505275E+00
  0.968255288305E+00  0.578913695562E+00
  0.984533215042E+00  0.562147343416E+00
  0.100108471399E+01  0.545458243121E+00
  0.101791438290E+01  0.528861129202E+00
  0.103502689679E+01  0.512370719482E+00
  0.105242700924E+01  0.496001784824E+00
  0.107011955373E+01  0.479769247921E+00
  0.108810944497E+01  0.463688308646E+00
  0.110640168026E+01  0.447774584074E+00
  0.112500134090E+01  0.432044237020E+00
  0.114391359358E+01  0.416514047718E+00
  0.116314369183E+01  0.401201363783E+00
  0.118269697747E+01  0.386123853119E+00
  0.120257888208E+01  0.371299001202E+00
  0.122279492855E+01  0.356743356971E+00
  0.124335073258E+01  0.342471645499E+00
  0.126425200424E+01  0.328495988869E+00
  0.128550454958E+01  0.314825517651E+00
  0.130711427221E+01  0.301466533756E+00
  0.132908717499E+01  0.288423143805E+00
  0.135142936163E+01  0.275698086040E+00
  0.137414703843E+01  0.263293456694E+00
  0.139724651603E+01  0.251211173945E+00
  0.142073421107E+01  0.239453171701E+00
  0.144461664807E+01  0.228021401946E+00
  0.146890046121E+01  0.216917738191E+00
  0.149359239612E+01  0.206143848500E+00
  0.151869931186E+01  0.195701076342E+00
  0.154422818271E+01  0.185590344910E+00
  0.157018610021E+01  0.175812087789E+00
  0.159658027504E+01  0.166366203119E+00
  0.162341803909E+01  0.157252026773E+00
  0.165070684748E+01  0.148468320198E+00
  0.167845428059E+01  0.140013269353E+00
  0.170666804623E+01  0.131884491986E+00
  0.173535598174E+01  0.124079051174E+00
  0.176452605617E+01  0.116593473549E+00
  0.179418637251E+01  0.109423771011E+00
  0.182434516992E+01  0.102565464993E+00
  0.185501082605E+01  0.960136125492E-01
  0.188619185932E+01  0.897628337266E-01
  0.191789693135E+01  0.838073397859E-01
  0.195013484928E+01  0.781409619910E-01
  0.198291456832E+01  0.727571807273E-01
  0.201624519415E+01  0.676491548311E-01
  0.205013598548E+01  0.628097510049E-01
  0.208459635666E+01  0.582315732829E-01
  0.211963588021E+01  0.539069924643E-01
  0.215526428958E+01  0.498281755053E-01
  0.219149148176E+01  0.459871147860E-01
  0.222832752010E+01  0.423756572316E-01
  0.226578263708E+01  0.389855331876E-01
  0.230386723712E+01  0.358083850021E-01
  0.234259189954E+01  0.328357951955E-01
  0.238196738143E+01  0.300593141511E-01
  0.242200462067E+01  0.274704871937E-01
  0.246271473899E+01  0.250608809792E-01
  0.250410904500E+01  0.228221090610E-01
  0.254619903740E+01  0.207458565546E-01
  0.258899640811E+01  0.188239037746E-01
  0.263251304558E+01  0.170481487684E-01
  0.267676103803E+01  0.154106286350E-01
  0.272175267687E+01  0.139035395587E-01
  0.276750046005E+01  0.125192554628E-01
  0.281401709559E+01  0.112503452202E-01
  0.286131550507E+01  0.100895883420E-01
  0.290940882725E+01  0.902998909386E-02
  0.295831042169E+01  0.806478897994E-02
  0.300803387249E+01  0.718747755976E-02
  0.305859299203E+01  0.639180156261E-02
  0.311000182483E+01  0.567177228785E-02
  0.316227465146E+01  0.502167128429E-02
  0.321542599249E+01  0.443605432556E-02
  0.326947061252E+01  0.390975370797E-02
  0.332442352428E+01  0.343787891837E-02
  0.338029999284E+01  0.301581573218E-02
  0.343711553979E+01  0.263922381930E-02
  0.349488594759E+01  0.230403294791E-02
  0.355362726395E+01  0.200643788945E-02
  0.361335580628E+01  0.174289213805E-02
  0.367408816623E+01  0.151010056581E-02
  0.373584121428E+01  0.130501114180E-02
  0.379863210446E+01  0.112480584534E-02
  0.386247827909E+01  0.966890906870E-03
  0.392739747362E+01  0.828886507131E-03
  0.399340772158E+01  0.708616064574E-03
  0.406052735958E+01  0.604095234332E-03
  0.412877503239E+01  0.513520737579E-03
  0.419816969814E+01  0.435259131152E-03
  0.426873063357E+01  0.367835619910E-03
  0.434047743939E+01  0.309923003796E-03
  0.441343004573E+01  0.260330842539E-03
  0.448760871768E+01  0.217994909767E-03
  0.456303406090E+01  0.181966998649E-03
  0.463972702735E+01  0.151405130207E-03
  0.471770892114E+01  0.125564206061E-03
  0.479700140439E+01  0.103787137249E-03
  0.487762650332E+01  0.854964723162E-04
  0.495960661430E+01  0.701865391189E-04
  0.504296451011E+01  0.574161076569E-04
  0.512772334626E+01  0.468015741849E-04
  0.521390666741E+01  0.380106611870E-04
  0.530153841393E+01  0.307566224858E-04
  0.539064292853E+01  0.247929385741E-04
  0.548124496304E+01  0.199084835393E-04
  0.557336968528E+01  0.159231421321E-04
  0.566704268604E+01  0.126838531602E-04
  0.576228998620E+01  0.100610537025E-04
  0.585913804395E+01  0.794549731595E-05
  0.595761376216E+01  0.624541855085E-05
  0.605774449583E+01  0.488401546096E-05
  0.615955805968E+01  0.379722138717E-05
  0.626308273593E+01  0.293173689420E-05
  0.636834728209E+01  0.224329224002E-05
  0.647538093899E+01  0.169510988786E-05
  0.658421343889E+01  0.125653506407E-05
  0.669487501374E+01  0.901799771621E-06
  0.680739640358E+01  0.608881402750E-06
  0.692180886507E+01  0.358410259425E-06
  0.703814418019E+01  0.132569598618E-06
  0.715643466505E+01  0.000000000000E+00
  0.727671317889E+01  0.000000000000E+00
  0.739901313316E+01  0.000000000000E+00
  0.752336850087E+01  0.000000000000E+00
  0.764981382598E+01  0.000000000000E+00
  0.777838423299E+01  0.000000000000E+00
  0.790911543675E+01  0.000000000000E+00
  0.804204375230E+01  0.000000000000E+00
  0.817720610505E+01  0.000000000000E+00
  0.831464004095E+01  0.000000000000E+00
  0.845438373698E+01  0.000000000000E+00
  0.859647601174E+01  0.000000000000E+00
  0.874095633622E+01  0.000000000000E+00
  0.888786484476E+01  0.000000000000E+00
  0.903724234623E+01  0.000000000000E+00
  0.918913033535E+01  0.000000000000E+00
  0.934357100419E+01  0.000000000000E+00
  0.950060725393E+01  0.000000000000E+00
  0.966028270678E+01  0.000000000000E+00
  0.982264171803E+01  0.000000000000E+00
  0.998772938848E+01  0.000000000000E+00
  0.101555915769E+02  0.000000000000E+00
  0.103262749126E+02  0.000000000000E+00
  0.104998268089E+02  0.000000000000E+00
  0.106762954757E+02  0.000000000000E+00
  0.108557299333E+02  0.000000000000E+00
  0.110381800256E+02  0.000000000000E+00
  0.112236964344E+02  0.000000000000E+00
  0.114123306933E+02  0.000000000000E+00
  0.116041352019E+02  0.000000000000E+00
  0.117991632404E+02  0.000000000000E+00
  0.119974689846E+02  0.000000000000E+00
  0.121991075206E+02  0.000000000000E+00
  0.124041348604E+02  0.000000000000E+00
  0.126126079575E+02  0.000000000000E+00
  0.128245847224E+02  0.000000000000E+00
  0.130401240387E+02  0.000000000000E+00
  0.132592857801E+02  0.000000000000E+00
  0.134821308260E+02  0.000000000000E+00
  0.137087210795E+02  0.000000000000E+00
  0.139391194836E+02  0.000000000000E+00
  0.141733900394E+02  0.000000000000E+00
  0.144115978235E+02  0.000000000000E+00
  0.146538090064E+02  0.000000000000E+00
  0.149000908704E+02  0.000000000000E+00
  0.151505118289E+02  0.000000000000E+00
  0.154051414446E+02  0.000000000000E+00
  0.156640504499E+02  0.000000000000E+00
  0.159273107654E+02  0.000000000000E+00
  0.161949955207E+02  0.000000000000E+00
  0.164671790745E+02  0.000000000000E+00
  0.167439370350E+02  0.000000000000E+00
  0.170253462813E+02  0.000000000000E+00
  0.173114849843E+02  0.000000000000E+00
  0.176024326289E+02  0.000000000000E+00
  0.178982700357E+02  0.000000000000E+00
  0.181990793837E+02  0.000000000000E+00
  0.185049442330E+02  0.000000000000E+00
  0.188159495481E+02  0.000000000000E+00
  0.191321817212E+02  0.000000000000E+00
  0.194537285966E+02  0.000000000000E+00
  0.197806794951E+02  0.000000000000E+00
  0.201131252385E+02  0.000000000000E+00
  0.204511581748E+02  0.000000000000E+00
  0.207948722043E+02  0.000000000000E+00
  0.211443628054E+02  0.000000000000E+00
  0.214997270610E+02  0.000000000000E+00
  0.218610636856E+02  0.000000000000E+00
  0.222284730530E+02  0.000000000000E+00
  0.226020572236E+02  0.000000000000E+00
  0.229819199731E+02  0.000000000000E+00
  0.233681668216E+02  0.000000000000E+00
  0.237609050622E+02  0.000000000000E+00
  0.241602437914E+02  0.000000000000E+00
  0.245662939392E+02  0.000000000000E+00
  0.249791683000E+02  0.000000000000E+00
  0.253989815637E+02  0.000000000000E+00
  0.258258503478E+02  0.000000000000E+00
  0.262598932297E+02  0.000000000000E+00
  0.267012307797E+02  0.000000000000E+00
  0.271499855943E+02  0.000000000000E+00
  0.276062823307E+02  0.000000000000E+00
  0.280702477407E+02  0.000000000000E+00
  0.285420107067E+02  0.000000000000E+00
  0.290217022770E+02  0.000000000000E+00
  0.295094557023E+02  0.000000000000E+00
  0.300054064729E+02  0.000000000000E+00
  0.305096923559E+02  0.000000000000E+00
  0.310224534341E+02  0.000000000000E+00
  0.315438321443E+02  0.000000000000E+00
  0.320739733174E+02  0.000000000000E+00
  0.326130242183E+02  0.000000000000E+00
  0.331611345867E+02  0.000000000000E+00
  0.337184566790E+02  0.000000000000E+00
  0.342851453105E+02  0.000000000000E+00
  0.348613578984E+02  0.000000000000E+00
  0.354472545054E+02  0.000000000000E+00
  0.360429978844E+02  0.000000000000E+00
  0.366487535234E+02  0.000000000000E+00
  0.372646896918E+02  0.000000000000E+00
  0.378909774870E+02  0.000000000000E+00
  0.385277908817E+02  0.000000000000E+00
  0.391753067728E+02  0.000000000000E+00
  0.398337050299E+02  0.000000000000E+00
  0.405031685456E+02  0.000000000000E+00
  0.411838832863E+02  0.000000000000E+00
  0.418760383439E+02  0.000000000000E+00
  0.425798259880E+02  0.000000000000E+00
  0.432954417198E+02  0.000000000000E+00
  0.440230843261E+02  0.000000000000E+00
  0.447629559343E+02  0.000000000000E+00
  0.455152620693E+02  0.000000000000E+00
  0.462802117097E+02  0.000000000000E+00
  0.470580173465E+02  0.000000000000E+00
  0.478488950418E+02  0.000000000000E+00
  0.486530644890E+02  0.000000000000E+00
  0.494707490735E+02  0.000000000000E+00
  0.503021759354E+02  0.000000000000E+00
  0.511475760318E+02  0.000000000000E+00
  0.520071842015E+02  0.000000000000E+00
  0.528812392301E+02  0.000000000000E+00
  0.537699839163E+02  0.000000000000E+00
  0.546736651393E+02  0.000000000000E+00
  0.555925339275E+02  0.000000000000E+00
  0.565268455282E+02  0.000000000000E+00
  0.574768594783E+02  0.000000000000E+00
  0.584428396767E+02  0.000000000000E+00
  0.594250544575E+02  0.000000000000E+00
  0.604237766644E+02  0.000000000000E+00
  0.614392837267E+02  0.000000000000E+00
  0.624718577361E+02  0.000000000000E+00
  0.635217855256E+02  0.000000000000E+00
  0.645893587483E+02  0.000000000000E+00
  0.656748739593E+02  0.000000000000E+00
  0.667786326976E+02  0.000000000000E+00
  0.679009415699E+02  0.000000000000E+00
  0.690421123360E+02  0.000000000000E+00
  0.702024619949E+02  0.000000000000E+00
  0.713823128736E+02  0.000000000000E+00
  0.725819927159E+02  0.000000000000E+00
  0.738018347741E+02  0.000000000000E+00
  0.750421779009E+02  0.000000000000E+00
  0.763033666440E+02  0.000000000000E+00
  0.775857513419E+02  0.000000000000E+00
  0.788896882207E+02  0.000000000000E+00
  0.802155394934E+02  0.000000000000E+00
  0.815636734608E+02  0.000000000000E+00
          751            0          200
  0.000000000000E+00  0.000000000000E+00
  0.510846319546E-05  0.139424355845E-04
  0.103027809112E-04  0.281191805925E-04
  0.155843960465E-04  0.425341605764E-04
  0.209547757508E-04  0.571913663443E-04
  0.264154118307E-04  0.720948550594E-04
  0.319678211647E-04  0.872487513294E-04
  0.376135461243E-04  0.102657248314E-03
  0.433541550030E-04  0.118324608850E-03
  0.491912424510E-04  0.134255166598E-03
  0.551264299192E-04  0.150453327201E-03
  0.611613661089E-04  0.166923569471E-03
  0.672977274301E-04  0.183670446588E-03
  0.735372184670E-04  0.200698587325E-03
  0.798815724517E-04  0.218012697285E-03
  0.863325517456E-04  0.235617560167E-03
  0.928919483287E-04  0.253518039049E-03
  0.995615842980E-04  0.271719077691E-03
  0.106343312373E-03  0.290225701862E-03
  0.113239016411E-03  0.309043020690E-03
  0.120250611928E-03  0.328176228027E-03
  0.127380046637E-03  0.347630603846E-03
  0.134629300981E-03  0.367411515658E-03
  0.142000388688E-03  0.387524419947E-03
  0.149495357331E-03  0.407974863634E-03
  0.157116288893E-03  0.428768485566E-03
  0.164865300349E-03  0.449911018026E-03
  0.172744544251E-03  0.471408288267E-03
  0.180756209330E-03  0.493266220079E-03
  0.188902521099E-03  0.515490835367E-03
  0.197185742474E-03  0.538088255773E-03
  0.205608174405E-03  0.561064704308E-03
  0.214172156510E-03  0.584426507022E-03
  0.222880067727E-03  0.608180094696E-03
  0.231734326977E-03  0.632332004562E-03
  0.240737393834E-03  0.656888882052E-03
  0.249891769206E-03  0.681857482574E-03
  0.259199996036E-03  0.707244673320E-03
  0.268664660001E-03  0.733057435099E-03
  0.278288390236E-03  0.759302864203E-03
  0.288073860060E-03  0.785988174298E-03
  0.298023787723E-03  0.813120698357E-03
  0.308140937158E-03  0.840707890606E-03
  0.318428118749E-03  0.868757328520E-03
  0.328888190112E-03  0.897276714838E-03
  0.339524056891E-03  0.926273879615E-03
  0.350338673561E-03  0.955756782307E-03
  0.361335044251E-03  0.985733513888E-03
  0.372516223580E-03  0.101621229900E-02
  0.383885317504E-03  0.104720149814E-02
  0.395445484175E-03  0.107870960988E-02
  0.407199934828E-03  0.111074527311E-02
  0.419151934661E-03  0.114331726934E-02
  0.431304803753E-03  0.117643452504E-02
  0.443661917977E-03  0.121010611396E-02
  0.456226709946E-03  0.124434125957E-02
  0.469002669960E-03  0.127914933746E-02
  0.481993346979E-03  0.131453987785E-02
  0.495202349607E-03  0.135052256809E-02
  0.508633347098E-03  0.138710725517E-02
  0.522290070371E-03  0.142430394838E-02
  0.536176313046E-03  0.146212282189E-02
  0.550295932504E-03  0.150057421743E-02
  0.564652850951E-03  0.153966864700E-02
  0.579251056513E-03  0.157941679564E-02
  0.594094604341E-03  0.161982952419E-02
  0.609187617738E-03  0.166091787215E-02
  0.624534289304E-03  0.170269306056E-02
  0.640138882103E-03  0.174516649489E-02
  0.656005730845E-03  0.178834976804E-02
  0.672139243088E-03  0.183225466334E-02
  0.688543900468E-03  0.187689315760E-02
  0.705224259940E-03  0.192227742419E-02
  0.722184955045E-03  0.196841983624E-02
  0.739430697195E-03  0.201533296976E-02
  0.756966276985E-03  0.206302960696E-02
  0.774796565523E-03  0.211152273947E-02
  0.792926515781E-03  0.216082557170E-02
  0.811361163972E-03  0.221095152424E-02
  0.830105630952E-03  0.226191423727E-02
  0.849165123637E-03  0.231372757407E-02
  0.868544936453E-03  0.236640562452E-02
  0.888250452805E-03  0.241996270873E-02
  0.908287146576E-03  0.247441338065E-02
  0.928660583643E-03  0.252977243177E-02
  0.949376423424E-03  0.258605489487E-02
  0.970440420452E-03  0.264327604780E-02
  0.991858425974E-03  0.270145141737E-02
  0.101363638957E-02  0.276059678323E-02
  0.103578036082E-02  0.282072818185E-02
  0.105829649097E-02  0.288186191052E-02
  0.108119103464E-02  0.294401453149E-02
  0.110447035157E-02  0.300720287603E-02
  0.112814090840E-02  0.307144404867E-02
  0.115220928042E-02  0.313675543146E-02
  0.117668215346E-02  0.320315468828E-02
  0.120156632569E-02  0.327065976921E-02
  0.122686870953E-02  0.333928891497E-02
  0.125259633360E-02  0.340906066145E-02
  0.127875634462E-02  0.347999384422E-02
  0.130535600943E-02  0.355210760322E-02
  0.133240271699E-02  0.362542138739E-02
  0.135990398045E-02  0.369995495950E-02
  0.138786743924E-02  0.377572840090E-02
  0.141630086115E-02  0.385276211646E-02
  0.144521214454E-02  0.393107683949E-02
  0.147460932052E-02  0.401069363681E-02
  0.150450055514E-02  0.409163391379E-02
  0.153489415174E-02  0.417391941955E-02
  0.156579855315E-02  0.425757225216E-02
  0.159722234415E-02  0.434261486398E-02
  0.162917425376E-02  0.442907006697E-02
  0.166166315772E-02  0.451696103821E-02
  0.169469808094E-02  0.460631132533E-02
  0.172828819999E-02  0.469714485217E-02
  0.176244284567E-02  0.478948592437E-02
  0.179717150562E-02  0.488335923518E-02
  0.183248382690E-02  0.497878987119E-02
  0.186838961872E-02  0.507580331826E-02
  0.190489885514E-02  0.517442546744E-02
  0.194202167784E-02  0.527468262103E-02
  0.197976839897E-02  0.537660149866E-02
  0.201814950397E-02  0.548020924352E-02
  0.205717565450E-02  0.558553342852E-02
  0.209685769141E-02  0.569260206274E-02
  0.213720663774E-02  0.580144359776E-02
  0.217823370179E-02  0.591208693419E-02
  0.221995028024E-02  0.602456142819E-02
  0.226236796128E-02  0.613889689819E-02
  0.230549852789E-02  0.625512363154E-02
  0.234935396105E-02  0.637327239135E-02
  0.239394644311E-02  0.649337442335E-02
  0.243928836116E-02  0.661546146286E-02
  0.248539231046E-02  0.673956574183E-02
  0.253227109796E-02  0.686571999592E-02
  0.257993774586E-02  0.699395747176E-02
  0.262840549518E-02  0.712431193413E-02
  0.267768780952E-02  0.725681767342E-02
  0.272779837871E-02  0.739150951295E-02
  0.277875112269E-02  0.752842281656E-02
  0.283056019531E-02  0.766759349615E-02
  0.288323998833E-02  0.780905801935E-02
  0.293680513535E-02  0.795285341729E-02
  0.299127051593E-02  0.809901729238E-02
  0.304665125969E-02  0.824758782620E-02
  0.310296275053E-02  0.839860378751E-02
  0.316022063089E-02  0.855210454027E-02
  0.321844080610E-02  0.870813005175E-02
  0.327763944881E-02  0.886672090075E-02
  0.333783300347E-02  0.902791828583E-02
  0.339903819090E-02  0.919176403370E-02
  0.346127201292E-02  0.935830060759E-02
  0.352455175712E-02  0.952757111574E-02
  0.358889500161E-02  0.969961931997E-02
  0.365431961993E-02  0.987448964425E-02
  0.372084378599E-02  0.100522271835E-01
  0.378848597917E-02  0.102328777121E-01
  0.385726498940E-02  0.104164876930E-01
  0.392719992239E-02  0.106031042865E-01
  0.399831020498E-02  0.107927753589E-01
  0.407061559046E-02  0.109855494920E-01
  0.414413616415E-02  0.111814759918E-01
  0.421889234888E-02  0.113806048977E-01
  0.429490491076E-02  0.115829869915E-01
  0.437219496486E-02  0.117886738070E-01
  0.445078398115E-02  0.119977176388E-01
  0.453069379041E-02  0.122101715520E-01
  0.461194659032E-02  0.124260893912E-01
  0.469456495164E-02  0.126455257901E-01
  0.477857182443E-02  0.128685361807E-01
  0.486399054448E-02  0.130951768031E-01
  0.495084483977E-02  0.133255047146E-01
  0.503915883703E-02  0.135595777994E-01
  0.512895706851E-02  0.137974547781E-01
  0.522026447874E-02  0.140391952171E-01
  0.531310643146E-02  0.142848595383E-01
  0.540750871672E-02  0.145345090287E-01
  0.550349755798E-02  0.147882058497E-01
  0.560109961941E-02  0.150460130470E-01
  0.570034201334E-02  0.153079945597E-01
  0.580125230773E-02  0.155742152306E-01
  0.590385853386E-02  0.158447408146E-01
  0.600818919413E-02  0.161196379892E-01
  0.611427326994E-02  0.163989743635E-01
  0.622214022979E-02  0.166828184878E-01
  0.633182003739E-02  0.169712398626E-01
  0.644334316008E-02  0.172643089484E-01
  0.655674057722E-02  0.175620971749E-01
  0.667204378881E-02  0.178646769498E-01
  0.678928482427E-02  0.181721216684E-01
  0.690849625131E-02  0.184845057224E-01
  0.702971118498E-02  0.188019045089E-01
  0.715296329687E-02  0.191243944393E-01
  0.727828682447E-02  0.194520529480E-01
  0.740571658069E-02  0.197849585008E-01
  0.753528796348E-02  0.201231906040E-01
  0.766703696575E-02  0.204668298121E-01
  0.780100018528E-02  0.208159577362E-01
  0.793721483493E-02  0.211706570522E-01
  0.807571875299E-02  0.215310115085E-01
  0.821655041365E-02  0.218971059335E-01
  0.835974893773E-02  0.222690262434E-01
  0.850535410352E-02  0.226468594493E-01
  0.865340635783E-02  0.230306936639E-01
  0.880394682725E-02  0.234206181088E-01
  0.895701732952E-02  0.238167231205E-01
  0.911266038523E-02  0.242191001571E-01
  0.927091922956E-02  0.246278418037E-01
  0.943183782431E-02  0.250430417783E-01
  0.959546087013E-02  0.254647949371E-01
  0.976183381892E-02  0.258931972796E-01
  0.993100288645E-02  0.263283459525E-01
  0.101030150652E-01  0.267703392547E-01
  0.102779181375E-01  0.272192766405E-01
  0.104557606886E-01  0.276752587233E-01
  0.106365921204E-01  0.281383872783E-01
  0.108204626649E-01  0.286087652448E-01
  0.110074233986E-01  0.290864967285E-01
  0.111975262561E-01  0.295716870026E-01
  0.113908240451E-01  0.300644425086E-01
  0.115873704606E-01  0.305648708570E-01
  0.117872201000E-01  0.310730808265E-01
  0.119904284786E-01  0.315891823632E-01
  0.121970520442E-01  0.321132865791E-01
  0.124071481938E-01  0.326455057497E-01
  0.126207752887E-01  0.331859533111E-01
  0.128379926712E-01  0.337347438560E-01
  0.130588606807E-01  0.342919931295E-01
  0.132834406709E-01  0.348578180234E-01
  0.135117950267E-01  0.354323365700E-01
  0.137439871812E-01  0.360156679354E-01
  0.139800816338E-01  0.366079324108E-01
  0.142201439678E-01  0.372092514041E-01
  0.144642408686E-01  0.378197474294E-01
  0.147124401427E-01  0.384395440965E-01
  0.149648107357E-01  0.390687660980E-01
  0.152214227523E-01  0.397075391967E-01
  0.154823474752E-01  0.403559902108E-01
  0.157476573852E-01  0.410142469982E-01
  0.160174261812E-01  0.416824384396E-01
  0.162917288008E-01  0.423606944201E-01
  0.165706414408E-01  0.430491458098E-01
  0.168542415787E-01  0.437479244423E-01
  0.171426079943E-01  0.444571630923E-01
  0.174358207911E-01  0.451769954518E-01
  0.177339614191E-01  0.459075561037E-01
  0.180371126970E-01  0.466489804949E-01
  0.183453588353E-01  0.474014049072E-01
  0.186587854602E-01  0.481649664261E-01
  0.189774796364E-01  0.489398029085E-01
  0.193015298923E-01  0.497260529476E-01
  0.196310262438E-01  0.505238558368E-01
  0.199660602199E-01  0.513333515307E-01
  0.203067248877E-01  0.521546806042E-01
  0.206531148784E-01  0.529879842099E-01
  0.210053264137E-01  0.538334040328E-01
  0.213634573325E-01  0.546910822424E-01
  0.217276071178E-01  0.555611614429E-01
  0.220978769247E-01  0.564437846206E-01
  0.224743696084E-01  0.573390950890E-01
  0.228571897524E-01  0.582472364306E-01
  0.232464436983E-01  0.591683524366E-01
  0.236422395746E-01  0.601025870435E-01
  0.240446873271E-01  0.610500842665E-01
  0.244538987496E-01  0.620109881301E-01
  0.248699875144E-01  0.629854425960E-01
  0.252930692045E-01  0.639735914865E-01
  0.257232613452E-01  0.649755784059E-01
  0.261606834372E-01  0.659915466578E-01
  0.266054569893E-01  0.670216391588E-01
  0.270577055528E-01  0.680659983487E-01
  0.275175547550E-01  0.691247660971E-01
  0.279851323348E-01  0.701980836055E-01
  0.284605681779E-01  0.712860913064E-01
  0.289439943529E-01  0.723889287569E-01
  0.294355451479E-01  0.735067345295E-01
  0.299353571080E-01  0.746396460977E-01
  0.304435690729E-01  0.757877997172E-01
  0.309603222161E-01  0.769513303023E-01
  0.314857600833E-01  0.781303712985E-01
  0.320200286330E-01  0.793250545488E-01
  0.325632762763E-01  0.805355101562E-01
  0.331156539191E-01  0.817618663405E-01
  0.336773150030E-01  0.830042492895E-01
  0.342484155487E-01  0.842627830055E-01
  0.348291141988E-01  0.855375891461E-01
  0.354195722623E-01  0.868287868584E-01
  0.360199537590E-01  0.881364926083E-01
  0.366304254656E-01  0.894608200039E-01
  0.372511569614E-01  0.908018796114E-01
  0.378823206757E-01  0.921597787664E-01
  0.385240919360E-01  0.935346213776E-01
  0.391766490161E-01  0.949265077241E-01
  0.398401731861E-01  0.963355342460E-01
  0.405148487625E-01  0.977617933284E-01
  0.412008631595E-01  0.992053730777E-01
  0.418984069412E-01  0.100666357091E+00
  0.426076738741E-01  0.102144824217E+00
  0.433288609814E-01  0.103640848313E+00
  0.440621685975E-01  0.105154497988E+00
  0.448078004237E-01  0.106685836345E+00
  0.455659635847E-01  0.108234920707E+00
  0.463368686863E-01  0.109801802345E+00
  0.471207298737E-01  0.111386526186E+00
  0.479177648911E-01  0.112989130524E+00
  0.487281951425E-01  0.114609646713E+00
  0.495522457524E-01  0.116248098857E+00
  0.503901456291E-01  0.117904503485E+00
  0.512421275279E-01  0.119578869228E+00
  0.521084281160E-01  0.121271196472E+00
  0.529892880380E-01  0.122981477012E+00
  0.538849519829E-01  0.124709693695E+00
  0.547956687520E-01  0.126455820047E+00
  0.557216913280E-01  0.128219819900E+00
  0.566632769453E-01  0.130001646999E+00
  0.576206871616E-01  0.131801244606E+00
  0.585941879303E-01  0.133618545090E+00
  0.595840496746E-01  0.135453469510E+00
  0.605905473624E-01  0.137305927182E+00
  0.616139605828E-01  0.139175815240E+00
  0.626545736240E-01  0.141063018188E+00
  0.637126755517E-01  0.142967407433E+00
  0.647885602900E-01  0.144888840816E+00
  0.658825267027E-01  0.146827162128E+00
  0.669948786764E-01  0.148782200614E+00
  0.681259252048E-01  0.150753770469E+00
  0.692759804748E-01  0.152741670322E+00
  0.704453639537E-01  0.154745682707E+00
  0.716344004777E-01  0.156765573525E+00
  0.728434203424E-01  0.158801091494E+00
  0.740727593943E-01  0.160851967588E+00
  0.753227591245E-01  0.162917914468E+00
  0.765937667631E-01  0.164998625896E+00
  0.778861353761E-01  0.167093776144E+00
  0.792002239629E-01  0.169203019390E+00
  0.805363975567E-01  0.171325989100E+00
  0.818950273254E-01  0.173462297410E+00
  0.832764906748E-01  0.175611534482E+00
  0.846811713537E-01  0.177773267867E+00
  0.861094595601E-01  0.179947041845E+00
  0.875617520501E-01  0.182132376761E+00
  0.890384522474E-01  0.184328768352E+00
  0.905399703562E-01  0.186535687063E+00
  0.920667234743E-01  0.188752577360E+00
  0.936191357098E-01  0.190978857021E+00
  0.951976382982E-01  0.193213916438E+00
  0.968026697226E-01  0.195457117898E+00
  0.984346758355E-01  0.197707794860E+00
  0.100094109982E+00  0.199965251228E+00
  0.101781433127E+00  0.202228760620E+00
  0.103497113983E+00  0.204497565623E+00
  0.105241629138E+00  0.206770877057E+00
  0.107015463191E+00  0.209047873220E+00
  0.108819108885E+00  0.211327699144E+00
  0.110653067244E+00  0.213609465838E+00
  0.112517847714E+00  0.215892249539E+00
  0.114413968300E+00  0.218175090952E+00
  0.116341955715E+00  0.220456994501E+00
  0.118302345524E+00  0.222736927574E+00
  0.120295682291E+00  0.225013819775E+00
  0.122322519735E+00  0.227286562178E+00
  0.124383420879E+00  0.229554006586E+00
  0.126478958208E+00  0.231814964796E+00
  0.128609713830E+00  0.234068207874E+00
  0.130776279634E+00  0.236312465435E+00
  0.132979257460E+00  0.238546424938E+00
  0.135219259258E+00  0.240768730990E+00
  0.137496907267E+00  0.242977984661E+00
  0.139812834181E+00  0.245172742826E+00
  0.142167683328E+00  0.247351517508E+00
  0.144562108847E+00  0.249512775250E+00
  0.146996775873E+00  0.251654936511E+00
  0.149472360717E+00  0.253776375073E+00
  0.151989551058E+00  0.255875417484E+00
  0.154549046132E+00  0.257950342525E+00
  0.157151556925E+00  0.259999380701E+00
  0.159797806375E+00  0.262020713775E+00
  0.162488529567E+00  0.264012474325E+00
  0.165224473942E+00  0.265972745345E+00
  0.168006399502E+00  0.267899559882E+00
  0.170835079022E+00  0.269790900716E+00
  0.173711298265E+00  0.271644700086E+00
  0.176635856199E+00  0.273458839464E+00
  0.179609565219E+00  0.275231149375E+00
  0.182633251376E+00  0.276959409277E+00
  0.185707754601E+00  0.278641347495E+00
  0.188833928944E+00  0.280274641214E+00
  0.192012642805E+00  0.281856916539E+00
  0.195244779181E+00  0.283385748616E+00
  0.198531235910E+00  0.284858661830E+00
  0.201872925916E+00  0.286273130073E+00
  0.205270777468E+00  0.287626577090E+00
  0.208725734436E+00  0.288916376905E+00
  0.212238756552E+00  0.290139854336E+00
  0.215810819679E+00  0.291294285592E+00
  0.219442916078E+00  0.292376898973E+00
  0.223136054690E+00  0.293384875653E+00
  0.226891261409E+00  0.294315350578E+00
  0.230709579374E+00  0.295165413458E+00
  0.234592069251E+00  0.295932109871E+00
  0.238539809536E+00  0.296612442487E+00
  0.242553896849E+00  0.297203372397E+00
  0.246635446239E+00  0.297701820572E+00
  0.250785591496E+00  0.298104669446E+00
  0.255005485466E+00  0.298408764629E+00
  0.259296300369E+00  0.298610916751E+00
  0.263659228124E+00  0.298707903450E+00
  0.268095480684E+00  0.298696471499E+00
  0.272606290371E+00  0.298573339078E+00
  0.277192910215E+00  0.298335198200E+00
  0.281856614308E+00  0.297978717293E+00
  0.286598698153E+00  0.297500543936E+00
  0.291420479026E+00  0.296897307760E+00
  0.296323296341E+00  0.296165623515E+00
  0.301308512023E+00  0.295302094305E+00
  0.306377510888E+00  0.294303315001E+00
  0.311531701022E+00  0.293165875822E+00
  0.316772514178E+00  0.291886366101E+00
  0.322101406172E+00  0.290461378232E+00
  0.327519857285E+00  0.288887511795E+00
  0.333029372678E+00  0.287161377875E+00
  0.338631482807E+00  0.285279603564E+00
  0.344327743849E+00  0.283238836650E+00
  0.350119738137E+00  0.281035750501E+00
  0.356009074594E+00  0.278667049132E+00
  0.361997389185E+00  0.276129472469E+00
  0.368086345370E+00  0.273419801795E+00
  0.374277634564E+00  0.270534865388E+00
  0.380572976610E+00  0.267471544345E+00
  0.386974120254E+00  0.264226778584E+00
  0.393482843633E+00  0.260797573030E+00
  0.400100954768E+00  0.257181003978E+00
  0.406830292065E+00  0.253374225619E+00
  0.413672724828E+00  0.249374476739E+00
  0.420630153776E+00  0.245179087568E+00
  0.427704511574E+00  0.240785486787E+00
  0.434897763366E+00  0.236191208672E+00
  0.442211907325E+00  0.231393900369E+00
  0.449648975203E+00  0.226391329296E+00
  0.457211032902E+00  0.221181390653E+00
  0.464900181040E+00  0.215762115032E+00
  0.472718555543E+00  0.210131676108E+00
  0.480668328230E+00  0.204288398414E+00
  0.488751707424E+00  0.198230765162E+00
  0.496970938559E+00  0.191957426121E+00
  0.505328304808E+00  0.185467205508E+00
  0.513826127715E+00  0.178759109913E+00
  0.522466767842E+00  0.171832336208E+00
  0.531252625421E+00  0.164686279450E+00
  0.540186141026E+00  0.157320540751E+00
  0.549269796245E+00  0.149734935112E+00
  0.558506114375E+00  0.141929499194E+00
  0.567897661119E+00  0.133904499032E+00
  0.577447045301E+00  0.125660437675E+00
  0.587156919588E+00  0.117198062737E+00
  0.597029981230E+00  0.108518373868E+00
  0.607068972808E+00  0.996226301281E-01
  0.617276682996E+00  0.905123572711E-01
  0.627655947333E+00  0.811893549306E-01
  0.638209649016E+00  0.716557037124E-01
  0.648940719696E+00  0.619137721950E-01
  0.659852140296E+00  0.519662238388E-01
  0.670946941835E+00  0.418160238068E-01
  0.682228206274E+00  0.314664456972E-01
  0.693699067371E+00  0.209210781866E-01
  0.705362711549E+00  0.101838315806E-01
  0.717222378785E+00 -0.741055736237E-03
  0.729281363506E+00 -0.118490109621E-01
  0.741543015509E+00 -0.231351206692E-01
  0.754010740886E+00 -0.345941247454E-01
  0.766688002976E+00 -0.462204105139E-01
  0.779578323320E+00 -0.580080070630E-01
  0.792685282647E+00 -0.699505798219E-01
  0.806012521863E+00 -0.820414254219E-01
  0.819563743064E+00 -0.942734668845E-01
  0.833342710566E+00 -0.106639249181E+00
  0.847353251947E+00 -0.119130935210E+00
  0.861599259117E+00 -0.131740302254E+00
  0.876084689389E+00 -0.144458738988E+00
  0.890813566589E+00 -0.157277243172E+00
  0.905789982164E+00 -0.170186420203E+00
  0.921018096329E+00 -0.183176482898E+00
  0.936502139210E+00 -0.196237253040E+00
  0.952246412033E+00 -0.209358165656E+00
  0.968255288305E+00 -0.222528277505E+00
  0.984533215042E+00 -0.235736282126E+00
  0.100108471399E+01 -0.248970534919E+00
  0.101791438290E+01 -0.262219093248E+00
  0.103502689679E+01 -0.275469778278E+00
  0.105242700924E+01 -0.288710266982E+00
  0.107011955373E+01 -0.301928223579E+00
  0.108810944497E+01 -0.315111478469E+00
  0.110640168026E+01 -0.328248257051E+00
  0.112500134090E+01 -0.341327448046E+00
  0.114391359358E+01 -0.354338878004E+00
  0.116314369183E+01 -0.367273525581E+00
  0.118269697747E+01 -0.380123572044E+00
  0.120257888208E+01 -0.392882163311E+00
  0.122279492855E+01 -0.405542787364E+00
  0.124335073258E+01 -0.418098284181E+00
  0.126425200424E+01 -0.430539693550E+00
  0.128550454958E+01 -0.442855312489E+00
  0.130711427221E+01 -0.455030325497E+00
  0.132908717499E+01 -0.467047133517E+00
  0.135142936163E+01 -0.478886189593E+00
  0.137414703843E+01 -0.490526979474E+00
  0.139724651603E+01 -0.501948840572E+00
  0.142073421107E+01 -0.513131485718E+00
  0.144461664807E+01 -0.524055247720E+00
  0.146890046121E+01 -0.534701129949E+00
  0.149359239612E+01 -0.545050752194E+00
  0.151869931186E+01 -0.555086257125E+00
  0.154422818271E+01 -0.564790215205E+00
  0.157018610021E+01 -0.574145545927E+00
  0.159658027504E+01 -0.583135461132E+00
  0.162341803909E+01 -0.591743430556E+00
  0.165070684748E+01 -0.599953167439E+00
  0.167845428059E+01 -0.607748631745E+00
  0.170666804623E+01 -0.615114048756E+00
  0.173535598174E+01 -0.622033941228E+00
  0.176452605617E+01 -0.628493173550E+00
  0.179418637251E+01 -0.634477006473E+00
  0.182434516992E+01 -0.639971161065E+00
  0.185501082605E+01 -0.644961890394E+00
  0.188619185932E+01 -0.649436057570E+00
  0.191789693135E+01 -0.653381218568E+00
  0.195013484928E+01 -0.656785708492E+00
  0.198291456832E+01 -0.659638729737E+00
  0.201624519415E+01 -0.661930440903E+00
  0.205013598548E+01 -0.663652045022E+00
  0.208459635666E+01 -0.664795876233E+00
  0.211963588021E+01 -0.665355483558E+00
  0.215526428958E+01 -0.665325711156E+00
  0.219149148176E+01 -0.664702773744E+00
  0.222832752010E+01 -0.663484326685E+00
  0.226578263708E+01 -0.661669529396E+00
  0.230386723712E+01 -0.659259101592E+00
  0.234259189954E+01 -0.656255370926E+00
  0.238196738143E+01 -0.652662311556E+00
  0.242200462067E+01 -0.648485572104E+00
  0.246271473899E+01 -0.643732492621E+00
  0.250410904500E+01 -0.638412109082E+00
  0.254619903740E+01 -0.632535145222E+00
  0.258899640811E+01 -0.626113990522E+00
  0.263251304558E+01 -0.619162664554E+00
  0.267676103803E+01 -0.611696766972E+00
  0.272175267687E+01 -0.603733413918E+00
  0.276750046005E+01 -0.595291160793E+00
  0.281401709559E+01 -0.586389912751E+00
  0.286131550507E+01 -0.577050823559E+00
  0.290940882725E+01 -0.567296184725E+00
  0.295831042169E+01 -0.557149306078E+00
  0.300803387249E+01 -0.546634390092E+00
  0.305859299203E+01 -0.535776401461E+00
  0.311000182483E+01 -0.524600934329E+00
  0.316227465146E+01 -0.513134078787E+00
  0.321542599249E+01 -0.501402288877E+00
  0.326947061252E+01 -0.489432253611E+00
  0.332442352428E+01 -0.477250772892E+00
  0.338029999284E+01 -0.464884639506E+00
  0.343711553979E+01 -0.452360528601E+00
  0.349488594759E+01 -0.439704895486E+00
  0.355362726395E+01 -0.426943882488E+00
  0.361335580628E+01 -0.414103235330E+00
  0.367408816623E+01 -0.401208229156E+00
  0.373584121428E+01 -0.388283604212E+00
  0.379863210446E+01 -0.375353510741E+00
  0.386247827909E+01 -0.362441462695E+00
  0.392739747362E+01 -0.349570299306E+00
  0.399340772158E+01 -0.336762153772E+00
  0.406052735958E+01 -0.324038427714E+00
  0.412877503239E+01 -0.311419770431E+00
  0.419816969814E+01 -0.298926061391E+00
  0.426873063357E+01 -0.286576394932E+00
  0.434047743939E+01 -0.274389065617E+00
  0.441343004573E+01 -0.262381553385E+00
  0.448760871768E+01 -0.250570507209E+00
  0.456303406090E+01 -0.238971726781E+00
  0.463972702735E+01 -0.227600141437E+00
  0.471770892114E+01 -0.216469786388E+00
  0.479700140439E+01 -0.205593776085E+00
  0.487762650332E+01 -0.194984275403E+00
  0.495960661430E+01 -0.184652469057E+00
  0.504296451011E+01 -0.174608530453E+00
  0.512772334626E+01 -0.164861590823E+00
  0.521390666741E+01 -0.155419710133E+00
  0.530153841393E+01 -0.146289850807E+00
  0.539064292853E+01 -0.137477855738E+00
  0.548124496304E+01 -0.128988431565E+00
  0.557336968528E+01 -0.120825138433E+00
  0.566704268604E+01 -0.112990386898E+00
  0.576228998620E+01 -0.105485442781E+00
  0.585913804395E+01 -0.983104402266E-01
  0.595761376216E+01 -0.914644032534E-01
  0.605774449583E+01 -0.849452756421E-01
  0.615955805968E+01 -0.787499589832E-01
  0.626308273593E+01 -0.728743583472E-01
  0.636834728209E+01 -0.673134350459E-01
  0.647538093899E+01 -0.620612656730E-01
  0.658421343889E+01 -0.571111066463E-01
  0.669487501374E+01 -0.524554632905E-01
  0.680739640358E+01 -0.480861625565E-01
  0.692180886507E+01 -0.439944283729E-01
  0.703814418019E+01 -0.401709587049E-01
  0.715643466505E+01 -0.366060033597E-01
  0.727671317889E+01 -0.332894416731E-01
  0.739901313316E+01 -0.302108592231E-01
  0.752336850087E+01 -0.273596228191E-01
  0.764981382598E+01 -0.247249530590E-01
  0.777838423299E+01 -0.222959938499E-01
  0.790911543675E+01 -0.200618783500E-01
  0.804204375230E+01 -0.180117908892E-01
  0.817720610505E+01 -0.161350244962E-01
  0.831464004095E+01 -0.144210337505E-01
  0.845438373698E+01 -0.128594827495E-01
  0.859647601174E+01 -0.114402880613E-01
  0.874095633622E+01 -0.101536565997E-01
  0.888786484476E+01 -0.899011842532E-02
  0.903724234623E+01 -0.794055453680E-02
  0.918913033535E+01 -0.699621976748E-02
  0.934357100419E+01 -0.614876095290E-02
  0.950060725393E+01 -0.539023057459E-02
  0.966028270678E+01 -0.471309612110E-02
  0.982264171803E+01 -0.411024543614E-02
  0.998772938848E+01 -0.357498834706E-02
  0.101555915769E+02 -0.310105488371E-02
  0.103262749126E+02 -0.268259040994E-02
  0.104998268089E+02 -0.231414799636E-02
  0.106762954757E+02 -0.199067836485E-02
  0.108557299333E+02 -0.170751773272E-02
  0.110381800256E+02 -0.146037387798E-02
  0.112236964344E+02 -0.124531073686E-02
  0.114123306933E+02 -0.105873183163E-02
  0.116041352019E+02 -0.897362811233E-03
  0.117991632404E+02 -0.758233368703E-03
  0.119974689846E+02 -0.638658780422E-03
  0.121991075206E+02 -0.536221290681E-03
  0.124041348604E+02 -0.448751544882E-03
  0.126126079575E+02 -0.374310258210E-03
  0.128245847224E+02 -0.311170233045E-03
  0.130401240387E+02 -0.257798937057E-03
  0.132592857801E+02 -0.212841701264E-03
  0.134821308260E+02 -0.175105642529E-03
  0.137087210795E+02 -0.143544385527E-03
  0.139391194836E+02 -0.117243638866E-03
  0.141733900394E+02 -0.954076628808E-04
  0.144115978235E+02 -0.773466509795E-04
  0.146538090064E+02 -0.624650323028E-04
  0.149000908704E+02 -0.502506910036E-04
  0.151505118289E+02 -0.402650865729E-04
  0.154051414446E+02 -0.321342503976E-04
  0.156640504499E+02 -0.255406260406E-04
  0.159273107654E+02 -0.202157145336E-04
  0.161949955207E+02 -0.159334811934E-04
  0.164671790745E+02 -0.125044769876E-04
  0.167439370350E+02 -0.977062519994E-05
  0.170253462813E+02 -0.760062293535E-05
  0.173114849843E+02 -0.588590674826E-05
  0.176024326289E+02 -0.453713223822E-05
  0.178982700357E+02 -0.348111871131E-05
  0.181990793837E+02 -0.265821182824E-05
  0.185049442330E+02 -0.202001943223E-05
  0.188159495481E+02 -0.152747836130E-05
  0.191321817212E+02 -0.114921289694E-05
  0.194537285966E+02 -0.860148491914E-06
  0.197806794951E+02 -0.640347469534E-06
  0.201131252385E+02 -0.474036421623E-06
  0.204511581748E+02 -0.348797985452E-06
  0.207948722043E+02 -0.254902492295E-06
  0.211443628054E+02 -0.184757595093E-06
  0.214997270610E+02 -0.132456343058E-06
  0.218610636856E+02 -0.934062115027E-07
  0.222284730530E+02 -0.640232317377E-07
  0.226020572236E+02 -0.414764786932E-07
  0.229819199731E+02 -0.234685809588E-07
  0.233681668216E+02 -0.803733164467E-08
  0.237609050622E+02  0.000000000000E+00
  0.241602437914E+02  0.000000000000E+00
  0.245662939392E+02  0.000000000000E+00
  0.249791683000E+02  0.000000000000E+00
  0.253989815637E+02  0.000000000000E+00
  0.258258503478E+02  0.000000000000E+00
  0.262598932297E+02  0.000000000000E+00
  0.267012307797E+02  0.000000000000E+00
  0.271499855943E+02  0.000000000000E+00
  0.276062823307E+02  0.000000000000E+00
  0.280702477407E+02  0.000000000000E+00
  0.285420107067E+02  0.000000000000E+00
  0.290217022770E+02  0.000000000000E+00
  0.295094557023E+02  0.000000000000E+00
  0.300054064729E+02  0.000000000000E+00
  0.305096923559E+02  0.000000000000E+00
  0.310224534341E+02  0.000000000000E+00
  0.315438321443E+02  0.000000000000E+00
  0.320739733174E+02  0.000000000000E+00
  0.326130242183E+02  0.000000000000E+00
  0.331611345867E+02  0.000000000000E+00
  0.337184566790E+02  0.000000000000E+00
  0.342851453105E+02  0.000000000000E+00
  0.348613578984E+02  0.000000000000E+00
  0.354472545054E+02  0.000000000000E+00
  0.360429978844E+02  0.000000000000E+00
  0.366487535234E+02  0.000000000000E+00
  0.372646896918E+02  0.000000000000E+00
  0.378909774870E+02  0.000000000000E+00
  0.385277908817E+02  0.000000000000E+00
  0.391753067728E+02  0.000000000000E+00
  0.398337050299E+02  0.000000000000E+00
  0.405031685456E+02  0.000000000000E+00
  0.411838832863E+02  0.000000000000E+00
  0.418760383439E+02  0.000000000000E+00
  0.425798259880E+02  0.000000000000E+00
  0.432954417198E+02  0.000000000000E+00
  0.440230843261E+02  0.000000000000E+00
  0.447629559343E+02  0.000000000000E+00
  0.455152620693E+02  0.000000000000E+00
  0.462802117097E+02  0.000000000000E+00
  0.470580173465E+02  0.000000000000E+00
  0.478488950418E+02  0.000000000000E+00
  0.486530644890E+02  0.000000000000E+00
  0.494707490735E+02  0.000000000000E+00
  0.503021759354E+02  0.000000000000E+00
  0.511475760318E+02  0.000000000000E+00
  0.520071842015E+02  0.000000000000E+00
  0.528812392301E+02  0.000000000000E+00
  0.537699839163E+02  0.000000000000E+00
  0.546736651393E+02  0.000000000000E+00
  0.555925339275E+02  0.000000000000E+00
  0.565268455282E+02  0.000000000000E+00
  0.574768594783E+02  0.000000000000E+00
  0.584428396767E+02  0.000000000000E+00
  0.594250544575E+02  0.000000000000E+00
  0.604237766644E+02  0.000000000000E+00
  0.614392837267E+02  0.000000000000E+00
  0.624718577361E+02  0.000000000000E+00
  0.635217855256E+02  0.000000000000E+00
  0.645893587483E+02  0.000000000000E+00
  0.656748739593E+02  0.000000000000E+00
  0.667786326976E+02  0.000000000000E+00
  0.679009415699E+02  0.000000000000E+00
  0.690421123360E+02  0.000000000000E+00
  0.702024619949E+02  0.000000000000E+00
  0.713823128736E+02  0.000000000000E+00
  0.725819927159E+02  0.000000000000E+00
  0.738018347741E+02  0.000000000000E+00
  0.750421779009E+02  0.000000000000E+00
  0.763033666440E+02  0.000000000000E+00
  0.775857513419E+02  0.000000000000E+00
  0.788896882207E+02  0.000000000000E+00
  0.802155394934E+02  0.000000000000E+00
  0.815636734608E+02  0.000000000000E+00
          751            1          210
  0.000000000000E+00  0.000000000000E+00
  0.510846319546E-05  0.458034323144E-10
  0.103027809112E-04  0.186305770297E-09
  0.155843960465E-04  0.426282149071E-09
  0.209547757508E-04  0.770695758737E-09
  0.264154118307E-04  0.122470465093E-08
  0.319678211647E-04  0.179366878264E-08
  0.376135461243E-04  0.248315730572E-08
  0.433541550030E-04  0.329895611048E-08
  0.491912424510E-04  0.424707563217E-08
  0.551264299192E-04  0.533375892918E-08
  0.611613661089E-04  0.656549004256E-08
  0.672977274301E-04  0.794900264618E-08
  0.735372184670E-04  0.949128899778E-08
  0.798815724517E-04  0.111996092010E-07
  0.863325517456E-04  0.130815007891E-07
  0.928919483287E-04  0.151447886417E-07
  0.995615842980E-04  0.173975952453E-07
  0.106343312373E-03  0.198483513100E-07
  0.113239016411E-03  0.225058067540E-07
  0.120250611928E-03  0.253790420692E-07
  0.127380046637E-03  0.284774800804E-07
  0.134629300981E-03  0.318108981114E-07
  0.142000388688E-03  0.353894405724E-07
  0.149495357331E-03  0.392236319834E-07
  0.157116288893E-03  0.433243904469E-07
  0.164865300349E-03  0.477030415875E-07
  0.172744544251E-03  0.523713329724E-07
  0.180756209330E-03  0.573414490303E-07
  0.188902521099E-03  0.626260264857E-07
  0.197185742474E-03  0.682381703256E-07
  0.205608174405E-03  0.741914703171E-07
  0.214172156510E-03  0.805000180949E-07
  0.222880067727E-03  0.871784248379E-07
  0.231734326977E-03  0.942418395548E-07
  0.240737393834E-03  0.101705968000E-06
  0.249891769206E-03  0.109587092241E-06
  0.259199996036E-03  0.117902090898E-06
  0.268664660001E-03  0.126668460084E-06
  0.278288390236E-03  0.135904335061E-06
  0.288073860060E-03  0.145628512642E-06
  0.298023787723E-03  0.155860474366E-06
  0.308140937158E-03  0.166620410464E-06
  0.318428118749E-03  0.177929244657E-06
  0.328888190112E-03  0.189808659795E-06
  0.339524056891E-03  0.202281124388E-06
  0.350338673561E-03  0.215369920034E-06
  0.361335044251E-03  0.229099169803E-06
  0.372516223580E-03  0.243493867582E-06
  0.383885317504E-03  0.258579908435E-06
  0.395445484175E-03  0.274384119997E-06
  0.407199934828E-03  0.290934294951E-06
  0.419151934661E-03  0.308259224610E-06
  0.431304803753E-03  0.326388733654E-06
  0.443661917977E-03  0.345353716056E-06
  0.456226709946E-03  0.365186172235E-06
  0.469002669960E-03  0.385919247483E-06
  0.481993346979E-03  0.407587271705E-06
  0.495202349607E-03  0.430225800515E-06
  0.508633347098E-03  0.453871657745E-06
  0.522290070371E-03  0.478562979398E-06
  0.536176313046E-03  0.504339259105E-06
  0.550295932504E-03  0.531241395139E-06
  0.564652850951E-03  0.559311739027E-06
  0.579251056513E-03  0.588594145826E-06
  0.594094604341E-03  0.619134026116E-06
  0.609187617738E-03  0.650978399759E-06
  0.624534289304E-03  0.684175951498E-06
  0.640138882103E-03  0.718777088452E-06
  0.656005730845E-03  0.754833999564E-06
  0.672139243088E-03  0.792400717083E-06
  0.688543900468E-03  0.831533180131E-06
  0.705224259940E-03  0.872289300444E-06
  0.722184955045E-03  0.914729030344E-06
  0.739430697195E-03  0.958914433029E-06
  0.756966276985E-03  0.100490975525E-05
  0.774796565523E-03  0.105278150246E-05
  0.792926515781E-03  0.110259851652E-05
  0.811361163972E-03  0.115443205608E-05
  0.830105630952E-03  0.120835587960E-05
  0.849165123637E-03  0.126444633130E-05
  0.868544936453E-03  0.132278242996E-05
  0.888250452805E-03  0.138344596076E-05
  0.908287146576E-03  0.144652157024E-05
  0.928660583643E-03  0.151209686448E-05
  0.949376423424E-03  0.158026251061E-05
  0.970440420452E-03  0.165111234173E-05
  0.991858425974E-03  0.172474346549E-05
  0.101363638957E-02  0.180125637622E-05
  0.103578036082E-02  0.188075507095E-05
  0.105829649097E-02  0.196334716934E-05
  0.108119103464E-02  0.204914403767E-05
  0.110447035157E-02  0.213826091702E-05
  0.112814090840E-02  0.223081705581E-05
  0.115220928042E-02  0.232693584682E-05
  0.117668215346E-02  0.242674496883E-05
  0.120156632569E-02  0.253037653308E-05
  0.122686870953E-02  0.263796723468E-05
  0.125259633360E-02  0.274965850911E-05
  0.127875634462E-02  0.286559669409E-05
  0.130535600943E-02  0.298593319678E-05
  0.133240271699E-02  0.311082466680E-05
  0.135990398045E-02  0.324043317499E-05
  0.138786743924E-02  0.337492639819E-05
  0.141630086115E-02  0.351447781038E-05
  0.144521214454E-02  0.365926688013E-05
  0.147460932052E-02  0.380947927479E-05
  0.150450055514E-02  0.396530707161E-05
  0.153489415174E-02  0.412694897587E-05
  0.156579855315E-02  0.429461054646E-05
  0.159722234415E-02  0.446850442903E-05
  0.162917425376E-02  0.464885059698E-05
  0.166166315772E-02  0.483587660065E-05
  0.169469808094E-02  0.502981782478E-05
  0.172828819999E-02  0.523091775476E-05
  0.176244284567E-02  0.543942825176E-05
  0.179717150562E-02  0.565560983720E-05
  0.183248382690E-02  0.587973198670E-05
  0.186838961872E-02  0.611207343397E-05
  0.190489885514E-02  0.635292248498E-05
  0.194202167784E-02  0.660257734255E-05
  0.197976839897E-02  0.686134644198E-05
  0.201814950397E-02  0.712954879789E-05
  0.205717565450E-02  0.740751436275E-05
  0.209685769141E-02  0.769558439739E-05
  0.213720663774E-02  0.799411185404E-05
  0.217823370179E-02  0.830346177215E-05
  0.221995028024E-02  0.862401168749E-05
  0.226236796128E-02  0.895615205506E-05
  0.230549852789E-02  0.930028668606E-05
  0.234935396105E-02  0.965683319958E-05
  0.239394644311E-02  0.100262234894E-04
  0.243928836116E-02  0.104089042066E-04
  0.248539231046E-02  0.108053372577E-04
  0.253227109796E-02  0.112160003207E-04
  0.257993774586E-02  0.116413873767E-04
  0.262840549518E-02  0.120820092613E-04
  0.267768780952E-02  0.125383942322E-04
  0.272779837871E-02  0.130110885581E-04
  0.277875112269E-02  0.135006571254E-04
  0.283056019531E-02  0.140076840660E-04
  0.288323998833E-02  0.145327734061E-04
  0.293680513535E-02  0.150765497367E-04
  0.299127051593E-02  0.156396589058E-04
  0.304665125969E-02  0.162227687347E-04
  0.310296275053E-02  0.168265697573E-04
  0.316022063089E-02  0.174517759847E-04
  0.321844080610E-02  0.180991256947E-04
  0.327763944881E-02  0.187693822483E-04
  0.333783300347E-02  0.194633349324E-04
  0.339903819090E-02  0.201817998316E-04
  0.346127201292E-02  0.209256207284E-04
  0.352455175712E-02  0.216956700333E-04
  0.358889500161E-02  0.224928497461E-04
  0.365431961993E-02  0.233180924489E-04
  0.372084378599E-02  0.241723623322E-04
  0.378848597917E-02  0.250566562553E-04
  0.385726498940E-02  0.259720048411E-04
  0.392719992239E-02  0.269194736082E-04
  0.399831020498E-02  0.279001641397E-04
  0.407061559046E-02  0.289152152915E-04
  0.414413616415E-02  0.299658044398E-04
  0.421889234888E-02  0.310531487705E-04
  0.429490491076E-02  0.321785066109E-04
  0.437219496486E-02  0.333431788059E-04
  0.445078398115E-02  0.345485101390E-04
  0.453069379041E-02  0.357958908009E-04
  0.461194659032E-02  0.370867579062E-04
  0.469456495164E-02  0.384225970603E-04
  0.477857182443E-02  0.398049439778E-04
  0.486399054448E-02  0.412353861549E-04
  0.495084483977E-02  0.427155645957E-04
  0.503915883703E-02  0.442471755965E-04
  0.512895706851E-02  0.458319725883E-04
  0.522026447874E-02  0.474717680400E-04
  0.531310643146E-02  0.491684354239E-04
  0.540750871672E-02  0.509239112464E-04
  0.550349755798E-02  0.527401971446E-04
  0.560109961941E-02  0.546193620522E-04
  0.570034201334E-02  0.565635444365E-04
  0.580125230773E-02  0.585749546081E-04
  0.590385853386E-02  0.606558771070E-04
  0.600818919413E-02  0.628086731662E-04
  0.611427326994E-02  0.650357832562E-04
  0.622214022979E-02  0.673397297125E-04
  0.633182003739E-02  0.697231194489E-04
  0.644334316008E-02  0.721886467599E-04
  0.655674057722E-02  0.747390962132E-04
  0.667204378881E-02  0.773773456381E-04
  0.678928482427E-02  0.801063692097E-04
  0.690849625131E-02  0.829292406348E-04
  0.702971118498E-02  0.858491364403E-04
  0.715296329687E-02  0.888693393691E-04
  0.727828682447E-02  0.919932418860E-04
  0.740571658069E-02  0.952243497972E-04
  0.753528796348E-02  0.985662859876E-04
  0.766703696575E-02  0.102022794278E-03
  0.780100018528E-02  0.105597743410E-03
  0.793721483493E-02  0.109295131155E-03
  0.807571875299E-02  0.113119088559E-03
  0.821655041365E-02  0.117073884325E-03
  0.835974893773E-02  0.121163929337E-03
  0.850535410352E-02  0.125393781324E-03
  0.865340635783E-02  0.129768149681E-03
  0.880394682725E-02  0.134291900443E-03
  0.895701732952E-02  0.138970061419E-03
  0.911266038523E-02  0.143807827484E-03
  0.927091922956E-02  0.148810566053E-03
  0.943183782431E-02  0.153983822723E-03
  0.959546087013E-02  0.159333327091E-03
  0.976183381892E-02  0.164864998767E-03
  0.993100288645E-02  0.170584953577E-03
  0.101030150652E-01  0.176499509955E-03
  0.102779181375E-01  0.182615195552E-03
  0.104557606886E-01  0.188938754044E-03
  0.106365921204E-01  0.195477152162E-03
  0.108204626649E-01  0.202237586943E-03
  0.110074233986E-01  0.209227493213E-03
  0.111975262561E-01  0.216454551302E-03
  0.113908240451E-01  0.223926695011E-03
  0.115873704606E-01  0.231652119820E-03
  0.117872201000E-01  0.239639291364E-03
  0.119904284786E-01  0.247896954168E-03
  0.121970520442E-01  0.256434140667E-03
  0.124071481938E-01  0.265260180497E-03
  0.126207752887E-01  0.274384710084E-03
  0.128379926712E-01  0.283817682536E-03
  0.130588606807E-01  0.293569377833E-03
  0.132834406709E-01  0.303650413351E-03
  0.135117950267E-01  0.314071754696E-03
  0.137439871812E-01  0.324844726892E-03
  0.139800816338E-01  0.335981025903E-03
  0.142201439678E-01  0.347492730520E-03
  0.144642408686E-01  0.359392314614E-03
  0.147124401427E-01  0.371692659765E-03
  0.149648107357E-01  0.384407068285E-03
  0.152214227523E-01  0.397549276638E-03
  0.154823474752E-01  0.411133469275E-03
  0.157476573852E-01  0.425174292890E-03
  0.160174261812E-01  0.439686871120E-03
  0.162917288008E-01  0.454686819681E-03
  0.165706414408E-01  0.470190261981E-03
  0.168542415787E-01  0.486213845194E-03
  0.171426079943E-01  0.502774756834E-03
  0.174358207911E-01  0.519890741822E-03
  0.177339614191E-01  0.537580120073E-03
  0.180371126970E-01  0.555861804615E-03
  0.183453588353E-01  0.574755320251E-03
  0.186587854602E-01  0.594280822779E-03
  0.189774796364E-01  0.614459118798E-03
  0.193015298923E-01  0.635311686088E-03
  0.196310262438E-01  0.656860694619E-03
  0.199660602199E-01  0.679129028166E-03
  0.203067248877E-01  0.702140306577E-03
  0.206531148784E-01  0.725918908693E-03
  0.210053264137E-01  0.750489995949E-03
  0.213634573325E-01  0.775879536666E-03
  0.217276071178E-01  0.802114331054E-03
  0.220978769247E-01  0.829222036953E-03
  0.224743696084E-01  0.857231196315E-03
  0.228571897524E-01  0.886171262468E-03
  0.232464436983E-01  0.916072628156E-03
  0.236422395746E-01  0.946966654401E-03
  0.240446873271E-01  0.978885700188E-03
  0.244538987496E-01  0.101186315301E-02
  0.248699875144E-01  0.104593346028E-02
  0.252930692045E-01  0.108113216163E-02
  0.257232613452E-01  0.111749592216E-02
  0.261606834372E-01  0.115506256657E-02
  0.266054569893E-01  0.119387111434E-02
  0.270577055528E-01  0.123396181578E-02
  0.275175547550E-01  0.127537618922E-02
  0.279851323348E-01  0.131815705913E-02
  0.284605681779E-01  0.136234859535E-02
  0.289439943529E-01  0.140799635338E-02
  0.294355451479E-01  0.145514731580E-02
  0.299353571080E-01  0.150384993483E-02
  0.304435690729E-01  0.155415417598E-02
  0.309603222161E-01  0.160611156300E-02
  0.314857600833E-01  0.165977522392E-02
  0.320200286330E-01  0.171519993842E-02
  0.325632762763E-01  0.177244218641E-02
  0.331156539191E-01  0.183156019792E-02
  0.336773150030E-01  0.189261400434E-02
  0.342484155487E-01  0.195566549093E-02
  0.348291141988E-01  0.202077845075E-02
  0.354195722623E-01  0.208801864001E-02
  0.360199537590E-01  0.215745383482E-02
  0.366304254656E-01  0.222915388938E-02
  0.372511569614E-01  0.230319079567E-02
  0.378823206757E-01  0.237963874468E-02
  0.385240919360E-01  0.245857418912E-02
  0.391766490161E-01  0.254007590773E-02
  0.398401731861E-01  0.262422507122E-02
  0.405148487625E-01  0.271110530971E-02
  0.412008631595E-01  0.280080278196E-02
  0.418984069412E-01  0.289340624617E-02
  0.426076738741E-01  0.298900713256E-02
  0.433288609814E-01  0.308769961757E-02
  0.440621685975E-01  0.318958069993E-02
  0.448078004237E-01  0.329475027839E-02
  0.455659635847E-01  0.340331123138E-02
  0.463368686863E-01  0.351536949835E-02
  0.471207298737E-01  0.363103416305E-02
  0.479177648911E-01  0.375041753864E-02
  0.487281951425E-01  0.387363525473E-02
  0.495522457524E-01  0.400080634623E-02
  0.503901456291E-01  0.413205334426E-02
  0.512421275279E-01  0.426750236887E-02
  0.521084281160E-01  0.440728322379E-02
  0.529892880380E-01  0.455152949318E-02
  0.538849519829E-01  0.470037864027E-02
  0.547956687520E-01  0.485397210807E-02
  0.557216913280E-01  0.501245542207E-02
  0.566632769453E-01  0.517597829494E-02
  0.576206871616E-01  0.534469473323E-02
  0.585941879303E-01  0.551876314615E-02
  0.595840496746E-01  0.569834645628E-02
  0.605905473624E-01  0.588361221235E-02
  0.616139605828E-01  0.607473270405E-02
  0.626545736240E-01  0.627188507876E-02
  0.637126755517E-01  0.647525146035E-02
  0.647885602900E-01  0.668501906991E-02
  0.658825267027E-01  0.690138034843E-02
  0.669948786764E-01  0.712453308144E-02
  0.681259252048E-01  0.735468052552E-02
  0.692759804748E-01  0.759203153670E-02
  0.704453639537E-01  0.783680070070E-02
  0.716344004777E-01  0.808920846492E-02
  0.728434203424E-01  0.834948127226E-02
  0.740727593943E-01  0.861785169659E-02
  0.753227591245E-01  0.889455857979E-02
  0.765937667631E-01  0.917984717052E-02
  0.778861353761E-01  0.947396926437E-02
  0.792002239629E-01  0.977718334549E-02
  0.805363975567E-01  0.100897547296E-01
  0.818950273254E-01  0.104119557081E-01
  0.832764906748E-01  0.107440656937E-01
  0.846811713537E-01  0.110863713666E-01
  0.861094595601E-01  0.114391668221E-01
  0.875617520501E-01  0.118027537186E-01
  0.890384522474E-01  0.121774414268E-01
  0.905399703562E-01  0.125635471789E-01
  0.920667234743E-01  0.129613962184E-01
  0.936191357098E-01  0.133713219504E-01
  0.951976382982E-01  0.137936660918E-01
  0.968026697226E-01  0.142287788211E-01
  0.984346758355E-01  0.146770189280E-01
  0.100094109982E+00  0.151387539631E-01
  0.101781433127E+00  0.156143603860E-01
  0.103497113983E+00  0.161042237129E-01
  0.105241629138E+00  0.166087386629E-01
  0.107015463191E+00  0.171283093028E-01
  0.108819108885E+00  0.176633491901E-01
  0.110653067244E+00  0.182142815144E-01
  0.112517847714E+00  0.187815392357E-01
  0.114413968300E+00  0.193655652207E-01
  0.116341955715E+00  0.199668123759E-01
  0.118302345524E+00  0.205857437772E-01
  0.120295682291E+00  0.212228327961E-01
  0.122322519735E+00  0.218785632217E-01
  0.124383420879E+00  0.225534293779E-01
  0.126478958208E+00  0.232479362363E-01
  0.128609713830E+00  0.239625995232E-01
  0.130776279634E+00  0.246979458209E-01
  0.132979257460E+00  0.254545126630E-01
  0.135219259258E+00  0.262328486222E-01
  0.137496907267E+00  0.270335133918E-01
  0.139812834181E+00  0.278570778583E-01
  0.142167683328E+00  0.287041241663E-01
  0.144562108847E+00  0.295752457737E-01
  0.146996775873E+00  0.304710474981E-01
  0.149472360717E+00  0.313921455519E-01
  0.151989551058E+00  0.323391675675E-01
  0.154549046132E+00  0.333127526098E-01
  0.157151556925E+00  0.343135511777E-01
  0.159797806375E+00  0.353422251909E-01
  0.162488529567E+00  0.363994479645E-01
  0.165224473942E+00  0.374859041678E-01
  0.168006399502E+00  0.386022897683E-01
  0.170835079022E+00  0.397493119596E-01
  0.173711298265E+00  0.409276890715E-01
  0.176635856199E+00  0.421381504629E-01
  0.179609565219E+00  0.433814363958E-01
  0.182633251376E+00  0.446582978887E-01
  0.185707754601E+00  0.459694965502E-01
  0.188833928944E+00  0.473158043907E-01
  0.192012642805E+00  0.486980036111E-01
  0.195244779181E+00  0.501168863681E-01
  0.198531235910E+00  0.515732545146E-01
  0.201872925916E+00  0.530679193145E-01
  0.205270777468E+00  0.546017011302E-01
  0.208725734436E+00  0.561754290833E-01
  0.212238756552E+00  0.577899406847E-01
  0.215810819679E+00  0.594460814358E-01
  0.219442916078E+00  0.611447043978E-01
  0.223136054690E+00  0.628866697288E-01
  0.226891261409E+00  0.646728441875E-01
  0.230709579374E+00  0.665041006018E-01
  0.234592069251E+00  0.683813173018E-01
  0.238539809536E+00  0.703053775163E-01
  0.242553896849E+00  0.722771687299E-01
  0.246635446239E+00  0.742975820026E-01
  0.250785591496E+00  0.763675112471E-01
  0.255005485466E+00  0.784878524666E-01
  0.259296300369E+00  0.806595029485E-01
  0.263659228124E+00  0.828833604154E-01
  0.268095480684E+00  0.851603221310E-01
  0.272606290371E+00  0.874912839610E-01
  0.277192910215E+00  0.898771393870E-01
  0.281856614308E+00  0.923187784734E-01
  0.286598698153E+00  0.948170867857E-01
  0.291420479026E+00  0.973729442603E-01
  0.296323296341E+00  0.999872240244E-01
  0.301308512023E+00  0.102660791166E+00
  0.306377510888E+00  0.105394501453E+00
  0.311531701022E+00  0.108189200001E+00
  0.316772514178E+00  0.111045719889E+00
  0.322101406172E+00  0.113964880729E+00
  0.327519857285E+00  0.116947487171E+00
  0.333029372678E+00  0.119994327372E+00
  0.338631482807E+00  0.123106171405E+00
  0.344327743849E+00  0.126283769616E+00
  0.350119738137E+00  0.129527850933E+00
  0.356009074594E+00  0.132839121129E+00
  0.361997389185E+00  0.136218261025E+00
  0.368086345370E+00  0.139665924659E+00
  0.374277634564E+00  0.143182737393E+00
  0.380572976610E+00  0.146769293988E+00
  0.386974120254E+00  0.150426156625E+00
  0.393482843633E+00  0.154153852886E+00
  0.400100954768E+00  0.157952873696E+00
  0.406830292065E+00  0.161823671220E+00
  0.413672724828E+00  0.165766656728E+00
  0.420630153776E+00  0.169782198421E+00
  0.427704511574E+00  0.173870619219E+00
  0.434897763366E+00  0.178032194526E+00
  0.442211907325E+00  0.182267149949E+00
  0.449648975203E+00  0.186575659004E+00
  0.457211032902E+00  0.190957840779E+00
  0.464900181040E+00  0.195413757577E+00
  0.472718555543E+00  0.199943412527E+00
  0.480668328230E+00  0.204546747171E+00
  0.488751707424E+00  0.209223639014E+00
  0.496970938559E+00  0.213973899056E+00
  0.505328304808E+00  0.218797269278E+00
  0.513826127715E+00  0.223693420101E+00
  0.522466767842E+00  0.228661947802E+00
  0.531252625421E+00  0.233702371885E+00
  0.540186141026E+00  0.238814132395E+00
  0.549269796245E+00  0.243996587187E+00
  0.558506114375E+00  0.249249009113E+00
  0.567897661119E+00  0.254570583147E+00
  0.577447045301E+00  0.259960403410E+00
  0.587156919588E+00  0.265417470119E+00
  0.597029981230E+00  0.270940686415E+00
  0.607068972808E+00  0.276528855083E+00
  0.617276682996E+00  0.282180675150E+00
  0.627655947333E+00  0.287894738345E+00
  0.638209649016E+00  0.293669525426E+00
  0.648940719696E+00  0.299503402364E+00
  0.659852140296E+00  0.305394616382E+00
  0.670946941835E+00  0.311341291853E+00
  0.682228206274E+00  0.317341426068E+00
  0.693699067371E+00  0.323392884877E+00
  0.705362711549E+00  0.329493398219E+00
  0.717222378785E+00  0.335640555572E+00
  0.729281363506E+00  0.341831801333E+00
  0.741543015509E+00  0.348064430158E+00
  0.754010740886E+00  0.354335582301E+00
  0.766688002976E+00  0.360642238969E+00
  0.779578323320E+00  0.366981217740E+00
  0.792685282647E+00  0.373349168049E+00
  0.806012521863E+00  0.379742566795E+00
  0.819563743064E+00  0.386157714070E+00
  0.833342710566E+00  0.392590729052E+00
  0.847353251947E+00  0.399037546074E+00
  0.861599259117E+00  0.405493910959E+00
  0.876084689389E+00  0.411955377666E+00
  0.890813566589E+00  0.418417305497E+00
  0.905789982164E+00  0.424874857124E+00
  0.921018096329E+00  0.431322998070E+00
  0.936502139210E+00  0.437756498516E+00
  0.952246412033E+00  0.444169938980E+00
  0.968255288305E+00  0.450557722129E+00
  0.984533215042E+00  0.456914094167E+00
  0.100108471399E+01  0.463233180637E+00
  0.101791438290E+01  0.469509043325E+00
  0.103502689679E+01  0.475735766670E+00
  0.105242700924E+01  0.481907583649E+00
  0.107011955373E+01  0.488019050798E+00
  0.108810944497E+01  0.494065278859E+00
  0.110640168026E+01  0.500042215975E+00
  0.112500134090E+01  0.505946962173E+00
  0.114391359358E+01  0.511778063777E+00
  0.116314369183E+01  0.517535696778E+00
  0.118269697747E+01  0.523221608732E+00
  0.120257888208E+01  0.528838676352E+00
  0.122279492855E+01  0.534389990549E+00
  0.124335073258E+01  0.539877537155E+00
  0.126425200424E+01  0.545300772328E+00
  0.128550454958E+01  0.550655565248E+00
  0.130711427221E+01  0.555933918803E+00
  0.132908717499E+01  0.561124549943E+00
  0.135142936163E+01  0.566214027471E+00
  0.137414703843E+01  0.571187999086E+00
  0.139724651603E+01  0.576032149815E+00
  0.142073421107E+01  0.580732763980E+00
  0.144461664807E+01  0.585276940755E+00
  0.146890046121E+01  0.589652583983E+00
  0.149359239612E+01  0.593848279917E+00
  0.151869931186E+01  0.597853140737E+00
  0.154422818271E+01  0.601656656032E+00
  0.157018610021E+01  0.605248570136E+00
  0.159658027504E+01  0.608618789411E+00
  0.162341803909E+01  0.611757317619E+00
  0.165070684748E+01  0.614654215425E+00
  0.167845428059E+01  0.617299580227E+00
  0.170666804623E+01  0.619683543004E+00
  0.173535598174E+01  0.621796279643E+00
  0.176452605617E+01  0.623628034638E+00
  0.179418637251E+01  0.625169155382E+00
  0.182434516992E+01  0.626410135473E+00
  0.185501082605E+01  0.627341665448E+00
  0.188619185932E+01  0.627954689569E+00
  0.191789693135E+01  0.628240467158E+00
  0.195013484928E+01  0.628190637311E+00
  0.198291456832E+01  0.627797285629E+00
  0.201624519415E+01  0.627053012094E+00
  0.205013598548E+01  0.625950998891E+00
  0.208459635666E+01  0.624485077618E+00
  0.211963588021E+01  0.622649794816E+00
  0.215526428958E+01  0.620440475489E+00
  0.219149148176E+01  0.617853283595E+00
  0.222832752010E+01  0.614885279270E+00
  0.226578263708E+01  0.611534471724E+00
  0.230386723712E+01  0.607799867560E+00
  0.234259189954E+01  0.603681513353E+00
  0.238196738143E+01  0.599180532185E+00
  0.242200462067E+01  0.594299152888E+00
  0.246271473899E+01  0.589040731698E+00
  0.250410904500E+01  0.583409765067E+00
  0.254619903740E+01  0.577411893500E+00
  0.258899640811E+01  0.571053895310E+00
  0.263251304558E+01  0.564343670478E+00
  0.267676103803E+01  0.557290213887E+00
  0.272175267687E+01  0.549903578527E+00
  0.276750046005E+01  0.542194828480E+00
  0.281401709559E+01  0.534175982749E+00
  0.286131550507E+01  0.525859950296E+00
  0.290940882725E+01  0.517260457794E+00
  0.295831042169E+01  0.508391970906E+00
  0.300803387249E+01  0.499269610897E+00
  0.305859299203E+01  0.489909067693E+00
  0.311000182483E+01  0.480326511258E+00
  0.316227465146E+01  0.470538502536E+00
  0.321542599249E+01  0.460561905679E+00
  0.326947061252E+01  0.450413802755E+00
  0.332442352428E+01  0.440111412362E+00
  0.338029999284E+01  0.429672013129E+00
  0.343711553979E+01  0.419112873136E+00
  0.349488594759E+01  0.408451185934E+00
  0.355362726395E+01  0.397704013732E+00
  0.361335580628E+01  0.386888238087E+00
  0.367408816623E+01  0.376020518179E+00
  0.373584121428E+01  0.365117256633E+00
  0.379863210446E+01  0.354194572498E+00
  0.386247827909E+01  0.343268280983E+00
  0.392739747362E+01  0.332353879094E+00
  0.399340772158E+01  0.321466536492E+00
  0.406052735958E+01  0.310621090292E+00
  0.412877503239E+01  0.299832042926E+00
  0.419816969814E+01  0.289113561529E+00
  0.426873063357E+01  0.278479477869E+00
  0.434047743939E+01  0.267943287249E+00
  0.441343004573E+01  0.257518145476E+00
  0.448760871768E+01  0.247216862518E+00
  0.456303406090E+01  0.237051892254E+00
  0.463972702735E+01  0.227035317356E+00
  0.471770892114E+01  0.217178829195E+00
  0.479700140439E+01  0.207493702393E+00
  0.487762650332E+01  0.197990764498E+00
  0.495960661430E+01  0.188680361017E+00
  0.504296451011E+01  0.179572316820E+00
  0.512772334626E+01  0.170675894674E+00
  0.521390666741E+01  0.161999752290E+00
  0.530153841393E+01  0.153551898925E+00
  0.539064292853E+01  0.145339653076E+00
  0.548124496304E+01  0.137369602353E+00
  0.557336968528E+01  0.129647566936E+00
  0.566704268604E+01  0.122178567540E+00
  0.576228998620E+01  0.114966799002E+00
  0.585913804395E+01  0.108015610077E+00
  0.595761376216E+01  0.101327490161E+00
  0.605774449583E+01  0.949040631664E-01
  0.615955805968E+01  0.887460888227E-01
  0.626308273593E+01  0.828534713029E-01
  0.636834728209E+01  0.772252750681E-01
  0.647538093899E+01  0.718597475345E-01
  0.658421343889E+01  0.667543481861E-01
  0.669487501374E+01  0.619057835292E-01
  0.680739640358E+01  0.573100473237E-01
  0.692180886507E+01  0.529624653761E-01
  0.703814418019E+01  0.488577442273E-01
  0.715643466505E+01  0.449900229836E-01
  0.727671317889E+01  0.413529275974E-01
  0.739901313316E+01  0.379396268662E-01
  0.752336850087E+01  0.347428894875E-01
  0.764981382598E+01  0.317551415006E-01
  0.777838423299E+01  0.289685235195E-01
  0.790911543675E+01  0.263749471816E-01
  0.804204375230E+01  0.239661503048E-01
  0.817720610505E+01  0.217337502848E-01
  0.831464004095E+01  0.196692953297E-01
  0.845438373698E+01  0.177643131733E-01
  0.859647601174E+01  0.160103569729E-01
  0.874095633622E+01  0.143990481420E-01
  0.888786484476E+01  0.129221159275E-01
  0.903724234623E+01  0.115714335871E-01
  0.918913033535E+01  0.103390510704E-01
  0.934357100419E+01  0.921722415353E-02
  0.950060725393E+01  0.819844001719E-02
  0.966028270678E+01  0.727543929758E-02
  0.982264171803E+01  0.644123467332E-02
  0.998772938848E+01  0.568912608402E-02
  0.101555915769E+02  0.501271270303E-02
  0.103262749126E+02  0.440590181158E-02
  0.104998268089E+02  0.386291474172E-02
  0.106762954757E+02  0.337829007247E-02
  0.108557299333E+02  0.294688427733E-02
  0.110381800256E+02  0.256387003116E-02
  0.112236964344E+02  0.222473239166E-02
  0.114123306933E+02  0.192526307463E-02
  0.116041352019E+02  0.166155304311E-02
  0.117991632404E+02  0.142998362946E-02
  0.119974689846E+02  0.122721640509E-02
  0.121991075206E+02  0.105018200695E-02
  0.124041348604E+02  0.896068124062E-03
  0.126126079575E+02  0.762306850013E-03
  0.128245847224E+02  0.646561493672E-03
  0.130401240387E+02  0.546713168831E-03
  0.132592857801E+02  0.460847210509E-03
  0.134821308260E+02  0.387239581800E-03
  0.137087210795E+02  0.324343402140E-03
  0.139391194836E+02  0.270775709839E-03
  0.141733900394E+02  0.225304557315E-03
  0.144115978235E+02  0.186836523280E-03
  0.146538090064E+02  0.154404712252E-03
  0.149000908704E+02  0.127157298465E-03
  0.151505118289E+02  0.104346658588E-03
  0.154051414446E+02  0.853191257762E-04
  0.156640504499E+02  0.695053865707E-04
  0.159273107654E+02  0.564115320843E-04
  0.161949955207E+02  0.456107658238E-04
  0.164671790745E+02  0.367357624496E-04
  0.167439370350E+02  0.294716647382E-04
  0.170253462813E+02  0.235497000183E-04
  0.173114849843E+02  0.187413923524E-04
  0.176024326289E+02  0.148533427068E-04
  0.178982700357E+02  0.117225462388E-04
  0.181990793837E+02  0.921221356507E-05
  0.185049442330E+02  0.720806140257E-05
  0.188159495481E+02  0.561503719919E-05
  0.191321817212E+02  0.435444223331E-05
  0.194537285966E+02  0.336141806343E-05
  0.197806794951E+02  0.258276207545E-05
  0.201131252385E+02  0.197503912228E-05
  0.204511581748E+02  0.150295779823E-05
  0.207948722043E+02  0.113798166504E-05
  0.211443628054E+02  0.857147673265E-06
  0.214997270610E+02  0.642066036809E-06
  0.218610636856E+02  0.478077852180E-06
  0.222284730530E+02  0.353548747243E-06
  0.226020572236E+02  0.259278730782E-06
  0.229819199731E+02  0.188010125221E-06
  0.233681668216E+02  0.134016917216E-06
  0.237609050622E+02  0.927599679054E-07
  0.241602437914E+02  0.605930000583E-07
  0.245662939392E+02  0.345042530839E-07
  0.249791683000E+02  0.118773202943E-07
  0.253989815637E+02  0.000000000000E+00
  0.258258503478E+02  0.000000000000E+00
  0.262598932297E+02  0.000000000000E+00
  0.267012307797E+02  0.000000000000E+00
  0.271499855943E+02  0.000000000000E+00
  0.276062823307E+02  0.000000000000E+00
  0.280702477407E+02  0.000000000000E+00
  0.285420107067E+02  0.000000000000E+00
  0.290217022770E+02  0.000000000000E+00
  0.295094557023E+02  0.000000000000E+00
  0.300054064729E+02  0.000000000000E+00
  0.305096923559E+02  0.000000000000E+00
  0.310224534341E+02  0.000000000000E+00
  0.315438321443E+02  0.000000000000E+00
  0.320739733174E+02  0.000000000000E+00
  0.326130242183E+02  0.000000000000E+00
  0.331611345867E+02  0.000000000000E+00
  0.337184566790E+02  0.000000000000E+00
  0.342851453105E+02  0.000000000000E+00
  0.348613578984E+02  0.000000000000E+00
  0.354472545054E+02  0.000000000000E+00
  0.360429978844E+02  0.000000000000E+00
  0.366487535234E+02  0.000000000000E+00
  0.372646896918E+02  0.000000000000E+00
  0.378909774870E+02  0.000000000000E+00
  0.385277908817E+02  0.000000000000E+00
  0.391753067728E+02  0.000000000000E+00
  0.398337050299E+02  0.000000000000E+00
  0.405031685456E+02  0.000000000000E+00
  0.411838832863E+02  0.000000000000E+00
  0.418760383439E+02  0.000000000000E+00
  0.425798259880E+02  0.000000000000E+00
  0.432954417198E+02  0.000000000000E+00
  0.440230843261E+02  0.000000000000E+00
  0.447629559343E+02  0.000000000000E+00
  0.455152620693E+02  0.000000000000E+00
  0.462802117097E+02  0.000000000000E+00
  0.470580173465E+02  0.000000000000E+00
  0.478488950418E+02  0.000000000000E+00
  0.486530644890E+02  0.000000000000E+00
  0.494707490735E+02  0.000000000000E+00
  0.503021759354E+02  0.000000000000E+00
  0.511475760318E+02  0.000000000000E+00
  0.520071842015E+02  0.000000000000E+00
  0.528812392301E+02  0.000000000000E+00
  0.537699839163E+02  0.000000000000E+00
  0.546736651393E+02  0.000000000000E+00
  0.555925339275E+02  0.000000000000E+00
  0.565268455282E+02  0.000000000000E+00
  0.574768594783E+02  0.000000000000E+00
  0.584428396767E+02  0.000000000000E+00
  0.594250544575E+02  0.000000000000E+00
  0.604237766644E+02  0.000000000000E+00
  0.614392837267E+02  0.000000000000E+00
  0.624718577361E+02  0.000000000000E+00
  0.635217855256E+02  0.000000000000E+00
  0.645893587483E+02  0.000000000000E+00
  0.656748739593E+02  0.000000000000E+00
  0.667786326976E+02  0.000000000000E+00
  0.679009415699E+02  0.000000000000E+00
  0.690421123360E+02  0.000000000000E+00
  0.702024619949E+02  0.000000000000E+00
  0.713823128736E+02  0.000000000000E+00
  0.725819927159E+02  0.000000000000E+00
  0.738018347741E+02  0.000000000000E+00
  0.750421779009E+02  0.000000000000E+00
  0.763033666440E+02  0.000000000000E+00
  0.775857513419E+02  0.000000000000E+00
  0.788896882207E+02  0.000000000000E+00
  0.802155394934E+02  0.000000000000E+00
  0.815636734608E+02  0.000000000000E+00
  davegp - end printing all-electron states

 subroutine lderiv: pass   1

 leaving lderiv
