========================================================================
pseudopotential program version  7.3.6   date: 16 - 11 -   14
========================================================================

 ifae =   1    ifpsp =   0    ifprt =   0    ifplw =   0    ilogd =   3
 rlogd=   1.80000     emin=  -2.40000     emax=   1.60000     nnt=   40
 thresh, tol =   1.000E-10   1.000E-09    damp = 0.100    maxit = 400

          *************************************************************
           vanadium            PBE - GGA           exchange-correlation
          *************************************************************

 z = 23.00    xion = 1.00    exfact =   5.00000    irel=   2
 ncspvs =    7
 rmax = 200.00000    aasf =   6.00000    bbsf =  59.00000

 value of mesh generated in rinit is   853
 irel = 2 so all electron calculations use koelling-harmon equations


                         the system has converged with
                                 delta= 0.9233827D-09


                             the eigenvalues are


          orbital          occupation          energy
           100                   1.00            -414.10222
           200                   2.00             -49.15101
           210                   6.00             -42.58486
           300                   2.00              -6.58791
           310                   6.00              -4.63939
           400                   2.00              -0.94642
           320                   3.00              -1.41781
 etot=  -1493.84051 ryd ;     -20323.69942 ev            ebsr,ehar,emvxc=   -815.07180    701.61827     22.84956

 subroutine lderiv: pass   1

 leaving lderiv
