========================================================================
pseudopotential program version  7.3.6   date: 16 - 11 -   14
========================================================================

 ifae =   0    ifpsp =   2    ifprt =   1    ifplw =   1    ilogd =   3
 rlogd=   2.21000     emin=   6.00000     emax=   2.00000     nnt=   80
 thresh, tol =   1.000E-10   1.000E-09    damp = 0.500    maxit = 250
 ncores =    3    nvales =    4    nang =    3
 core charge =  9.00000 and valence charge = 14.00000
 besrmax = 10.00    besemin = 20.00    besemax = 40.00    besde=  5.00
 keyps =    3   ifpcor =    1   rinner =   1.00000   rpcor =   0.90000
 nbeta =  6     rcloc =   1.800
 rc for s, p, d, f =   1.80000      2.00000      2.20000
 ib, lll, eee, iptype =   1   0  -6.588   2
 ib, lll, eee, iptype =   2   0  -0.946   2
 ib, lll, eee, iptype =   3   1  -4.639   2
 ib, lll, eee, iptype =   4   1   0.300   2
 ib, lll, eee, iptype =   5   2  -1.418   2
 ib, lll, eee, iptype =   6   2   0.300   2
 npf =  8      ptryc =  10.00000
 lloc =  3     eloc =   0.00000     iploctype=  1
 ifqopt =  3     nqf =  6     qtryc =  10.00000     nfix =  0

 value of mesh generated in rinit is   853
 rlogd =  2.21000 generated klogd =  587 with r(klogd) =  2.21812

          logarimic radial mesh values:

     index            r                  rab

       1         0.00000000          0.00000183
       2         0.00000184          0.00000186
       3         0.00000372          0.00000189
       4         0.00000562          0.00000192
       5         0.00000756          0.00000195
       6         0.00000953          0.00000199
       7         0.00001154          0.00000202
       8         0.00001358          0.00000206
       9         0.00001565          0.00000209
      10         0.00001776          0.00000213
       .          .                   .
       .          .                   .
       .          .                   .
     843       169.98183710          2.88104991
     844       172.88744121          2.93029744
     845       175.84271258          2.98038679
     846       178.84850019          3.03133234
     847       181.90566753          3.08314873
     848       185.01509289          3.13585086
     849       188.17766954          3.18945385
     850       191.39430602          3.24397312
     851       194.66592641          3.29942431
     852       197.99347059          3.35582336
     853       201.37789449          3.41318648
 subroutine setnuc - nuclear core radius =    0.68414E-04
 irel = 2 so all electron calculations use koelling-harmon equations

 subroutine rsae: construct charge density
 leaving rsae


                         the system has converged with
                                 delta= 0.1839782D-09


                             the eigenvalues are


          orbital          occupation          energy
           100                   1.00            -414.10222
           200                   2.00             -49.15101
           210                   6.00             -42.58486
           300                   2.00              -6.58791
           310                   6.00              -4.63939
           400                   2.00              -0.94642
           320                   3.00              -1.41781
 etot=  -1493.84051 ryd ;     -20323.69942 ev            ebsr,ehar,emvxc=   -815.07180    701.61827     22.84956

 subroutine prwf: writing wavefunctions to unit iplot

 subroutine lderiv: pass   1

 leaving lderiv

 -----------------------------------------------
 begin subroutine scpgef
 -----------------------------------------------

   rcmax, rbeta, rlogd =    2.20000   2.45557   2.21000
          kkbeta,klogd =                  593       587
   lloc = 3 so new pseudization scheme for vloc with eloc =    0.000

   subroutine psv: pseudize the local potential

   generating vloc with lloc  3 eloc =  0.00000
   calling phakoe
   calling pswf1

   subroutine pswf1
   leaving pswf1
   calling phase

   results for the local potential vloc
        r         vloc         dum2         dum3
      0.0098  -0.13034386   0.00000000   0.00000000
      0.0497  -0.65706029   0.00000151   0.00000151
      0.0885  -1.16686395   0.00001511   0.00001511
      0.1285  -1.68682139   0.00006681   0.00006681
      0.1686  -2.19843216   0.00019611   0.00019611
      0.2067  -2.67372519   0.00043804   0.00043804
      0.2490  -3.18828415   0.00091092   0.00091092
      0.2852  -3.61323325   0.00154556   0.00154555
      0.3266  -4.08138872   0.00261129   0.00261127
      0.3678  -4.52470692   0.00411370   0.00411367
      0.4072  -4.92664356   0.00604842   0.00604839
      0.4432  -5.27379274   0.00831100   0.00831095
      0.4824  -5.62805278   0.01137808   0.01137802
      0.5251  -5.98426181   0.01551108   0.01551099
      0.5619  -6.26612803   0.01980562   0.01980550
      0.6014  -6.54059100   0.02520137   0.02520122
      0.6436  -6.80246265   0.03194369   0.03194350
      0.6887  -7.04565087   0.04031795   0.04031771
      0.7246  -7.21159456   0.04786458   0.04786429
      0.7624  -7.35980800   0.05666507   0.05666473
      0.8022  -7.48673806   0.06688488   0.06688448
      0.8441  -7.58861197   0.07870107   0.07870060
      0.8881  -7.66150029   0.09230128   0.09230073
      0.9187  -7.69201539   0.10245620   0.10245559
      0.9667  -7.70773682   0.11947213   0.11947141
      1.0000  -7.69653269   0.13209649   0.13209570
      1.0345  -7.66674379   0.14582063   0.14581975
      1.0884  -7.58517239   0.16861617   0.16861516
      1.1260  -7.50507864   0.18538886   0.18538775
      1.1648  -7.40377558   0.20350926   0.20350804
      1.2050  -7.28100301   0.22305787   0.22305653
      1.2465  -7.13682736   0.24412227   0.24412080
      1.2895  -6.97171982   0.26679930   0.26679770
      1.3115  -6.88159725   0.27877600   0.27877433
      1.3568  -6.68709724   0.30408059   0.30407877
      1.4036  -6.47528413   0.33129927   0.33129729
      1.4275  -6.36371634   0.34567341   0.34567134
      1.4768  -6.13146353   0.37605812   0.37605587
      1.5277  -5.89087410   0.40878673   0.40878428
      1.5538  -5.76922243   0.42609753   0.42609498
      1.6074  -5.52768447   0.46276379   0.46276102
      1.6349  -5.40997578   0.48218557   0.48218268
      1.6628  -5.29600997   0.50238025   0.50237724
      1.7201  -5.08547378   0.54523825   0.54523498
      1.7496  -4.99250205   0.56797872   0.56797531
      1.8099  -4.84270068   0.61627500   0.61627127
      1.8408  -4.77717929   0.64190352   0.64189968
      1.8723  -4.71432484   0.66856632   0.66856246
      1.9043  -4.65431237   0.69629952   0.69629569
      1.9700  -4.54338338   0.75512278   0.75511924
      2.0036  -4.49262568   0.78628567   0.78628239
      2.0379  -4.44498890   0.81866418   0.81866123
      2.0727  -4.40035130   0.85229373   0.85229120
      2.1081  -4.35851488   0.88720897   0.88720693
      2.1442  -4.31921416   0.92344357   0.92344213
   leaving psv

  chart: pseudized local potential
      0.0497                                                                                                1        !
      0.1496                                                                                1                        !
      0.2496                                                                1                                        !
      0.3495                                                 1                                                       !
      0.4495                                     1                                                                   !
      0.5494                         1                                                                               !
      0.6493                 1                                                                                       !
      0.7493          1                                                                                              !
      0.8492      1                                                                                                  !
      0.9492     1                                                                                                   !
      1.0491     1                                                                                                   !
      1.1491        1                                                                                                !
      1.2490            1                                                                                            !
      1.3489                 1                                                                                       !
      1.4489                      1                                                                                  !
      1.5488                             1                                                                           !
      1.6488                                   1                                                                     !
      1.7487                                        1                                                                !
      1.8487                                           1                                                             !
      1.9486                                             1                                                           !
      2.0485                                               1                                                         !
      2.1485                                                 1                                                       !
      2.2484                                                  1                                                      !
      2.3484                                                   1                                                     !
      2.4483                                                    1                                                    !
      2.5483                                                     1                                                   !
      2.6482                                                      1                                                  !
      2.7482                                                       1                                                 !
      2.8481                                                       1                                                 !
      2.9480                                                        1                                                !
      3.0480                                                         1                                               !
      3.1479                                                          1                                              !
      3.2479                                                           1                                             !
      3.3478                                                            1                                            !
      3.4478                                                             1                                           !
      3.5477                                                             1                                           !
      3.6476                                                              11                                         !
 
      3.8475                                                               1                                         !
      3.9475                                                                1                                        !
      4.0474                                                                11                                       !
 
      4.2473                                                                 11                                      !
 
      4.4472                                                                  1                                      !
      4.5471                                                                  1                                      !
      4.6471                                                                  11                                     !
 
      4.8470                                                                   1                                     !
      4.9469                                                                   1                                     !
      5.0468                                                                   1                                     !
      5.1468                                                                    1                                    !
      5.2467                                                                    1                                    !
 
      5.4466                                                                    1                                    !
                 i         i         i         i         i         i         i         i         i         i         i
            -7.701              -6.161              -4.621              -3.081              -1.540               0.000    
                      -6.931              -5.391              -3.851              -2.310             -0.7701    
 

   -------------------------------------------
   constructing ibeta = 1
   -------------------------------------------

   ibeta,lcur,ecur,ipsu    1    0 -6.5879    2
   calling phakoe
   calling pswf2 - polynomial optimization

   subroutine pswf2
   leaving pswf2

   results for ibeta = 1
    psi - unpseudised wavefunction
    phi - pseudised wavefunction
    chi - projector function

       r         psi          phi          chi
     0.0077   0.20087944   0.01857172   0.02993075
     0.0392   0.41176055   0.09384538   0.15064434
     0.0698   0.17326238   0.16672098   0.26522159
     0.1014  -0.17596508   0.24108304   0.37789968
     0.1330  -0.47404769   0.31430253   0.48268645
     0.1630  -0.65804115   0.38238592   0.57277084
     0.1964  -0.74202465   0.45618078   0.66015374
     0.2249  -0.72538415   0.51720986   0.72245285
     0.2576  -0.62845935   0.58455566   0.77839524
     0.2901  -0.47367121   0.64846183   0.81646541
     0.3212  -0.29139069   0.70654169   0.83572237
     0.3496  -0.10924653   0.75683588   0.83823308
     0.3805   0.09413020   0.80831509   0.82444332
     0.4142   0.31095695   0.86027565   0.79008449
     0.4432   0.48794142   0.90157151   0.74469464
     0.4743   0.66251003   0.94198147   0.68079358
     0.5076   0.82938267   0.98078166   0.59612210
     0.5341   0.94629952   1.00831525   0.51782704
     0.5715   1.08705258   1.04215366   0.39264296
     0.6014   1.17865699   1.06477617   0.28290235
     0.6327   1.25636864   1.08446956   0.15987340
     0.6657   1.31880275   1.10068241   0.02443890
     0.6887   1.35141984   1.10927063  -0.07199033
     0.7246   1.38633199   1.11837694  -0.22415575
     0.7496   1.40012322   1.12166649  -0.32929444
     0.7887   1.40661382   1.12197849  -0.48965815
     0.8159   1.40165156   1.11884960  -0.59627384
     0.8441   1.38950786   1.11285753  -0.70073210
     0.8732   1.37048619   1.10385017  -0.80116763
     0.9187   1.32989881   1.08439637  -0.93980449
     0.9504   1.29546985   1.06731075  -1.02105745
     0.9667   1.27623626   1.05750401  -1.05750379
     1.0000   1.23408007   1.03533578  -1.12068337
     1.0345   1.18749776   1.00975462  -1.16922176
     1.0701   1.13710480   0.98079225  -1.20133050
     1.1070   1.08353546   0.94853045  -1.21562798
     1.1260   1.05576053   0.93120270  -1.21581503
     1.1648   0.99863231   0.89426592  -1.20207321
     1.1847   0.96943859   0.87471307  -1.18821432
     1.2256   0.91018410   0.83360708  -1.14709446
     1.2465   0.88027631   0.81213258  -1.12022486
     1.2895   0.82026929   0.76756380  -1.05521892
     1.3115   0.79031176   0.74456875  -1.01774554
     1.3568   0.73082484   0.69742734  -0.93467861
     1.3800   0.70142186   0.67339641  -0.88980424
     1.4036   0.67232528   0.64913894  -0.84312298
     1.4519   0.61527070   0.60019403  -0.74515250
     1.4768   0.58741416   0.57563393  -0.69397957
     1.5020   0.56006675   0.55110142  -0.64118186
     1.5277   0.53327060   0.52666169  -0.58643240
     1.5538   0.50706428   0.50238046  -0.52925690
     1.6074   0.45655773   0.45456069  -0.40539172
     1.6349   0.43231691   0.43115903  -0.33786072
     1.6628   0.40878483   0.40819051  -0.26677632
     1.6912   0.38598246   0.38572841  -0.19353692
     1.7201   0.36392739   0.36384719  -0.12147141
     1.7496   0.34263384   0.34261990  -0.05698370
     1.7795   0.32211283   0.32211235  -0.01162658
     1.8099   0.30237215   0.30237215   0.00048210
     1.8408   0.28341654   0.28341654   0.00000000
     1.8723   0.26524775   0.26524775   0.00000000
     1.9043   0.24786467   0.24786467   0.00000000
     1.9368   0.23126345   0.23126345   0.00000000
     1.9700   0.21543764   0.21543764   0.00000000
     2.0036   0.20037832   0.20037832   0.00000000
     2.0379   0.18607433   0.18607433   0.00000000
     2.0727   0.17251240   0.17251240   0.00000000
     2.1081   0.15967734   0.15967734   0.00000000
     2.1442   0.14755229   0.14755229   0.00000000
     2.1442   0.14755229   0.14755229   0.00000000

   -------------------------------------------
   constructing ibeta = 2
   -------------------------------------------

   ibeta,lcur,ecur,ipsu    2    0 -0.9464    2
   calling phakoe
   calling pswf2 - polynomial optimization

   subroutine pswf2
   leaving pswf2

   results for ibeta = 2
    psi - unpseudised wavefunction
    phi - pseudised wavefunction
    chi - projector function

       r         psi          phi          chi
     0.0077  -0.08408708  -0.00793885  -0.02814120
     0.0392  -0.17196242  -0.04007950  -0.14165640
     0.0698  -0.07125824  -0.07105598  -0.24947386
     0.1014   0.07555426  -0.10240270  -0.35563941
     0.1330   0.19992595  -0.13288208  -0.45456944
     0.1630   0.27522166  -0.16075449  -0.53986417
     0.1964   0.30688053  -0.19029474  -0.62295845
     0.2249   0.29583332  -0.21405489  -0.68257319
     0.2576   0.24979402  -0.23938389  -0.73663772
     0.2901   0.17930798  -0.26233383  -0.77416530
     0.3212   0.09789630  -0.28203168  -0.79415662
     0.3496   0.01772259  -0.29796645  -0.79839744
     0.3805  -0.07043972  -0.31291237  -0.78759204
     0.4142  -0.16257041  -0.32619356  -0.75768921
     0.4432  -0.23591195  -0.33505205  -0.71704681
     0.4743  -0.30598005  -0.34177008  -0.65900649
     0.5076  -0.36990336  -0.34572330  -0.58130659
     0.5341  -0.41204382  -0.34644275  -0.50892030
     0.5715  -0.45814264  -0.34375736  -0.39236844
     0.6014  -0.48363426  -0.33851869  -0.28949077
     0.6327  -0.50017933  -0.33006001  -0.17343606
     0.6657  -0.50689816  -0.31794381  -0.04481392
     0.6887  -0.50556664  -0.30760983   0.04733221
     0.7246  -0.49446727  -0.28838004   0.19376513
     0.7496  -0.48085726  -0.27287346   0.29574717
     0.7887  -0.45103431  -0.24524689   0.45275938
     0.8159  -0.42491839  -0.22373150   0.55830199
     0.8441  -0.39391264  -0.19960032   0.66280842
     0.8732  -0.35815739  -0.17274938   0.76456903
     0.9187  -0.29604696  -0.12718810   0.90787492
     0.9504  -0.24935036  -0.09320278   0.99415755
     0.9667  -0.22452488  -0.07511407   1.03370615
     1.0000  -0.17212812  -0.03674283   1.10423766
     1.0345  -0.11637579   0.00452937   1.16154825
     1.0701  -0.05766420   0.04863809   1.20361102
     1.1070   0.00358031   0.09547401   1.22866295
     1.1260   0.03501211   0.11986721   1.23436439
     1.1648   0.09920242   0.17048087   1.23150698
     1.1847   0.13184072   0.19664194   1.22281931
     1.2256   0.19789683   0.25049840   1.19093347
     1.2465   0.23119014   0.27811390   1.16787887
     1.2895   0.29799343   0.33449470   1.10825779
     1.3115   0.33137756   0.36316063   1.07210579
     1.3568   0.39779717   0.42117337   0.98840496
     1.3800   0.43070829   0.45040432   0.94142676
     1.4036   0.46333831   0.47970400   0.89140829
     1.4519   0.52751376   0.53825528   0.78322774
     1.4768   0.55894091   0.56737581   0.72542281
     1.5020   0.58985071   0.59630331   0.66526098
     1.5277   0.62018699   0.62496893   0.60273405
     1.5538   0.64989505   0.65330248   0.53777146
     1.6074   0.70721549   0.70868440   0.40027864
     1.6349   0.73472671   0.73558309   0.32798908
     1.6628   0.76140759   0.76184957   0.25418900
     1.6912   0.78721241   0.78740237   0.18060131
     1.7201   0.81209757   0.81215785   0.11055099
     1.7496   0.83602170   0.83603223   0.04988191
     1.7795   0.85894568   0.85894603   0.00864160
     1.8099   0.88083273   0.88083273  -0.00045146
     1.8408   0.90164839   0.90164839   0.00000000
     1.8723   0.92136046   0.92136046   0.00000000
     1.9043   0.93993897   0.93993897   0.00000000
     1.9368   0.95735605   0.95735605   0.00000000
     1.9700   0.97358587   0.97358587   0.00000000
     2.0036   0.98860451   0.98860451   0.00000000
     2.0379   1.00238988   1.00238988   0.00000000
     2.0727   1.01492166   1.01492166   0.00000000
     2.1081   1.02618134   1.02618134   0.00000000
     2.1442   1.03615225   1.03615225   0.00000000
     2.1442   1.03615225   1.03615225   0.00000000

   -------------------------------------------
   constructing ibeta = 3
   -------------------------------------------

   ibeta,lcur,ecur,ipsu    3    1 -4.6394    2
   calling phakoe
   calling pswf2 - polynomial optimization

   subroutine pswf2
   leaving pswf2

   results for ibeta = 3
    psi - unpseudised wavefunction
    phi - pseudised wavefunction
    chi - projector function

       r         psi          phi          chi
     0.0077  -0.00652053   0.00005676   0.00004959
     0.0392  -0.11115815   0.00145131   0.00125649
     0.0698  -0.24528294   0.00459442   0.00389500
     0.1014  -0.35551272   0.00965414   0.00790402
     0.1330  -0.41664660   0.01651940   0.01287091
     0.1630  -0.42783904   0.02464908   0.01804364
     0.1964  -0.39424666   0.03546495   0.02372270
     0.2249  -0.33580011   0.04608811   0.02794896
     0.2576  -0.24529879   0.05971812   0.03138316
     0.2901  -0.13982646   0.07468044   0.03253947
     0.3212  -0.03177965   0.09019115   0.03079724
     0.3496   0.06839283   0.10528394   0.02617038
     0.3805   0.17505851   0.12256368   0.01724358
     0.4142   0.28499918   0.14221288   0.00226303
     0.4432   0.37282466   0.15973461  -0.01555607
     0.4743   0.45833209   0.17890389  -0.04002376
     0.5076   0.53942754   0.19971835  -0.07268875
     0.5341   0.59606850   0.21637516  -0.10358028
     0.5715   0.66429209   0.23987775  -0.15469063
     0.6014   0.70887905   0.25836112  -0.20138606
     0.6327   0.74699033   0.27743809  -0.25594560
     0.6657   0.77800539   0.29693690  -0.31883208
     0.6887   0.79449570   0.31006421  -0.36550321
     0.7246   0.81268955   0.32975256  -0.44258233
     0.7496   0.82036481   0.34274264  -0.49849640
     0.7887   0.82514599   0.36175928  -0.58849571
     0.8159   0.82388061   0.37394874  -0.65195443
     0.8441   0.81912703   0.38559179  -0.71748061
     0.8732   0.81098696   0.39654279  -0.78428600
     0.9187   0.79272816   0.41132999  -0.88472741
     0.9504   0.77677192   0.41985504  -0.95010230
     0.9667   0.76773263   0.42365390  -0.98180033
     1.0000   0.74766966   0.43021663  -1.04226303
     1.0345   0.72515953   0.43525673  -1.09744978
     1.0701   0.70045557   0.43860758  -1.14564941
     1.1070   0.67382492   0.44011212  -1.18512339
     1.1260   0.65987343   0.44012688  -1.20105649
     1.1648   0.63087459   0.43860186  -1.22431936
     1.1847   0.61589860   0.43703486  -1.23128950
     1.2256   0.58517235   0.43223765  -1.23514459
     1.2465   0.56949331   0.42899203  -1.23179280
     1.2895   0.53767936   0.42078610  -1.21414481
     1.3115   0.52161350   0.41582532  -1.19978624
     1.3568   0.48933207   0.40420800  -1.16008792
     1.3800   0.47318147   0.39756820  -1.13487932
     1.4036   0.45706614   0.39039050  -1.10623341
     1.4519   0.42506080   0.37448819  -1.03917106
     1.4768   0.40922781   0.36580449  -1.00105637
     1.5020   0.39354399   0.35666457  -0.96008848
     1.5277   0.37803481   0.34709611  -0.91640270
     1.5538   0.36272441   0.33712951  -0.87010540
     1.6074   0.33278990   0.31613669  -0.76987849
     1.6349   0.31820726   0.30518439  -0.71590650
     1.6628   0.30390634   0.29398181  -0.65922898
     1.6912   0.28990429   0.28257262  -0.59967743
     1.7201   0.27621687   0.27100350  -0.53705931
     1.7496   0.26285834   0.25932441  -0.47121388
     1.7795   0.24984151   0.24758894  -0.40210700
     1.8099   0.23717771   0.23585461  -0.32988319
     1.8408   0.22487681   0.22418301  -0.25708508
     1.8723   0.21294720   0.21263939  -0.18525713
     1.9043   0.20139581   0.20129151  -0.11725760
     1.9368   0.19022810   0.19020678  -0.05790453
     1.9700   0.17944812   0.17944692  -0.01492382
     2.0036   0.16905852   0.16905852   0.00019064
     2.0379   0.15906059   0.15906059   0.00000000
     2.0727   0.14945434   0.14945434   0.00000000
     2.1081   0.14023858   0.14023858   0.00000000
     2.1442   0.13141093   0.13141093   0.00000000
     2.1442   0.13141093   0.13141093   0.00000000

   -------------------------------------------
   constructing ibeta = 4
   -------------------------------------------

   ibeta,lcur,ecur,ipsu    4    1  0.3000    2
   calling phakoe
   calling pswf2 - polynomial optimization

   subroutine pswf2
   leaving pswf2

   results for ibeta = 4
    psi - unpseudised wavefunction
    phi - pseudised wavefunction
    chi - projector function

       r         psi          phi          chi
     0.0077   0.00261309  -0.00000856   0.00007558
     0.0392   0.04450793  -0.00021833   0.00193767
     0.0698   0.09800100  -0.00068779   0.00617235
     0.1014   0.14147419  -0.00143367   0.01309953
     0.1330   0.16472197  -0.00242595   0.02271705
     0.1630   0.16752501  -0.00357087   0.03443291
     0.1964   0.15174991  -0.00504191   0.05057361
     0.2249   0.12614550  -0.00642664   0.06704739
     0.2576   0.08736503  -0.00811221   0.08909434
     0.2901   0.04283071  -0.00983855   0.11448855
     0.3212  -0.00219803  -0.01148293   0.14214913
     0.3496  -0.04337900  -0.01293185   0.17038927
     0.3805  -0.08650664  -0.01439451   0.20435232
     0.4142  -0.12993862  -0.01578219   0.24512786
     0.4432  -0.16361669  -0.01674960   0.28346310
     0.4743  -0.19517952  -0.01748682   0.32758363
     0.5076  -0.22349057  -0.01786479   0.37813455
     0.5341  -0.24187785  -0.01781287   0.42062189
     0.5715  -0.26162826  -0.01712844   0.48373874
     0.6014  -0.27222584  -0.01601308   0.53606154
     0.6327  -0.27870713  -0.01423767   0.59263057
     0.6657  -0.28067639  -0.01164936   0.65324002
     0.6887  -0.27931609  -0.00938641   0.69568831
     0.7246  -0.27306733  -0.00504114   0.76192750
     0.7496  -0.26601074  -0.00141759   0.80738492
     0.7887  -0.25100171   0.00528062   0.87655873
     0.8159  -0.23803100   0.01069593   0.92260687
     0.8441  -0.22270351   0.01696160   0.96788715
     0.8732  -0.20505593   0.02415759   1.01166658
     0.9187  -0.17436749   0.03687230   1.07264600
     0.9504  -0.15122115   0.04674480   1.10874570
     0.9667  -0.13888165   0.05212833   1.12502577
     1.0000  -0.11274968   0.06383375   1.15332224
     1.0345  -0.08480170   0.07684238   1.17492789
     1.0701  -0.05520098   0.09120636   1.18861643
     1.1070  -0.02413048   0.10696270   1.19318354
     1.1260  -0.00810645   0.11536943   1.19169090
     1.1648   0.02478430   0.13324045   1.18051852
     1.1847   0.04159378   0.14269999   1.17062336
     1.2256   0.07578984   0.16264125   1.14180614
     1.2465   0.09311293   0.17310645   1.12278451
     1.2895   0.12804324   0.19496768   1.07546060
     1.3115   0.14558129   0.20633310   1.04722530
     1.3568   0.18062374   0.22983771   0.98202310
     1.3800   0.19805389   0.24193051   0.94532690
     1.4036   0.21537252   0.25421480   0.90613991
     1.4519   0.24951845   0.27923476   0.82121250
     1.4768   0.26626568   0.29190203   0.77600485
     1.5020   0.28274131   0.30462405   0.72936206
     1.5277   0.29890378   0.31735997   0.68159885
     1.5538   0.31471102   0.33006641   0.63303512
     1.6074   0.34508917   0.35520492   0.53475438
     1.6349   0.35957378   0.36753801   0.48561780
     1.6628   0.37353067   0.37964363   0.43682781
     1.6912   0.38691602   0.39146610   0.38860891
     1.7201   0.39968582   0.40294706   0.34117134
     1.7496   0.41179600   0.41402518   0.29474137
     1.7795   0.42320248   0.42463586   0.24961916
     1.8099   0.43386119   0.43471085   0.20645838
     1.8408   0.44372821   0.44417801   0.16254465
     1.8723   0.45275975   0.45296128   0.11858315
     1.9043   0.46091220   0.46098119   0.07612840
     1.9368   0.46814220   0.46815646   0.03817948
     1.9700   0.47440668   0.47440751   0.00993706
     2.0036   0.47966291   0.47966291  -0.00014043
     2.0379   0.48386859   0.48386859   0.00000000
     2.0727   0.48698199   0.48698199   0.00000000
     2.1081   0.48896212   0.48896212   0.00000000
     2.1442   0.48976890   0.48976890   0.00000000
     2.1442   0.48976890   0.48976890   0.00000000

   -------------------------------------------
   constructing ibeta = 5
   -------------------------------------------

   ibeta,lcur,ecur,ipsu    5    2 -1.4178    2
   calling phakoe
   calling pswf2 - polynomial optimization

   subroutine pswf2
     notice!! idm1 =   201
     qns for l = 2, n =     8
       1.75677D+05  1.77023D+05  1.76487D+05  1.74117D+05  1.69979D+05  1.64156D+05  1.56745D+05  1.47859D+05
  1.37623D+05  1.26173D+05  1.13654D+05  1.00221D+05  8.60339D+04  7.12568D+04  5.60572D+04  4.06036D+04
  2.50637D+04  9.60267D+03 -5.61838D+03 -2.04440D+04 -3.47260D+04 -4.83246D+04 -6.11102D+04 -7.29639D+04
 -8.37791D+04 -9.34621D+04 -1.01933D+05 -1.09126D+05 -1.14990D+05 -1.19490D+05 -1.22604D+05 -1.24327D+05
 -1.24668D+05 -1.23651D+05 -1.21313D+05 -1.17705D+05 -1.12890D+05 -1.06945D+05 -9.99547D+04 -9.20149D+04
 -8.32296D+04 -7.37099D+04 -6.35729D+04 -5.29400D+04 -4.19359D+04 -3.06869D+04 -1.93198D+04 -7.96051D+03
  3.26766D+03  1.42448D+04  2.48559D+04  3.49920D+04  4.45510D+04  5.34390D+04  6.15711D+04  6.88719D+04
  7.52764D+04  8.07305D+04  8.51913D+04  8.86277D+04  9.10201D+04  9.23606D+04  9.26530D+04  9.19125D+04
  9.01654D+04  8.74485D+04  8.38086D+04  7.93019D+04  7.39931D+04  6.79548D+04  6.12662D+04  5.40125D+04
  4.62837D+04  3.81735D+04  2.97783D+04  2.11960D+04  1.25252D+04  3.86370D+03 -4.69240D+03 -1.30496D+04
 -2.11183D+04 -2.88132D+04 -3.60548D+04 -4.27697D+04 -4.88917D+04 -5.43620D+04 -5.91302D+04 -6.31542D+04
 -6.64012D+04 -6.88472D+04 -7.04777D+04 -7.12876D+04 -7.12808D+04 -7.04703D+04 -6.88781D+04 -6.65342D+04
 -6.34768D+04 -5.97515D+04 -5.54106D+04 -5.05125D+04 -4.51210D+04 -3.93044D+04 -3.31348D+04 -2.66872D+04
 -2.00384D+04 -1.32667D+04 -6.45026D+03  3.33274D+02  7.00777D+03  1.34995D+04  1.97377D+04  2.56558D+04
  3.11915D+04  3.62878D+04  4.08937D+04  4.49642D+04  4.84611D+04  5.13531D+04  5.36165D+04  5.52346D+04
  5.61986D+04  5.65071D+04  5.61660D+04  5.51887D+04  5.35954D+04  5.14132D+04  4.86753D+04  4.54209D+04
  4.16944D+04  3.75449D+04  3.30258D+04  2.81939D+04  2.31085D+04  1.78314D+04  1.24253D+04  6.95406D+03
  1.48081D+03 -3.93185D+03 -9.22274D+03 -1.43334D+04 -1.92074D+04 -2.37926D+04 -2.80405D+04 -3.19068D+04
 -3.53525D+04 -3.83437D+04 -4.08527D+04 -4.28571D+04 -4.43406D+04 -4.52932D+04 -4.57109D+04 -4.55969D+04
 -4.49584D+04 -4.38098D+04 -4.21728D+04 -4.00701D+04 -3.75341D+04 -3.45986D+04 -3.13031D+04 -2.76899D+04
 -2.38046D+04 -1.96954D+04 -1.54118D+04 -1.10088D+04 -6.53335D+03 -2.04235D+03  2.41350D+03  6.78575D+03
  1.10188D+04  1.50732D+04  1.88963D+04  2.24576D+04  2.57068D+04  2.86207D+04  3.11659D+04  3.33178D+04
  3.50473D+04  3.63575D+04  3.72266D+04  3.76537D+04  3.76479D+04  3.71931D+04  3.63108D+04  3.50161D+04
  3.33431D+04  3.12950D+04  2.89194D+04  2.62037D+04  2.32539D+04  2.00579D+04  1.66569D+04  1.31135D+04
  9.46040D+03  5.72493D+03  1.99934D+03 -1.73399D+03 -5.38394D+03 -8.91409D+03 -1.23642D+04 -1.55292D+04
 -1.85576D+04
   leaving pswf2

   results for ibeta = 5
    psi - unpseudised wavefunction
    phi - pseudised wavefunction
    chi - projector function

       r         psi          phi          chi
     0.0077   0.00005251   0.00000027   0.00000118
     0.0392   0.00518013   0.00003493   0.00015239
     0.0698   0.02342017   0.00019714   0.00085483
     0.1014   0.05776113   0.00060250   0.00258651
     0.1330   0.10600798   0.00135487   0.00573624
     0.1630   0.16163658   0.00248326   0.01033865
     0.1964   0.23107543   0.00431803   0.01756928
     0.2249   0.29385689   0.00644517   0.02562029
     0.2576   0.36702798   0.00960037   0.03699561
     0.2901   0.43882441   0.01357551   0.05047832
     0.3212   0.50504351   0.01823177   0.06519802
     0.3496   0.56250887   0.02326884   0.07993940
     0.3805   0.62096969   0.02963910   0.09697070
     0.4142   0.67921397   0.03766467   0.11606842
     0.4432   0.72475451   0.04553254   0.13242448
     0.4743   0.76859267   0.05492997   0.14909835
     0.5076   0.80999451   0.06610843   0.16513147
     0.5341   0.83893855   0.07582513   0.17590507
     0.5715   0.87393082   0.09078911   0.18707438
     0.6014   0.89693159   0.10367938   0.19169999
     0.6327   0.91672899   0.11813418   0.19167194
     0.6657   0.93298906   0.13426686   0.18543691
     0.6887   0.94171948   0.14600329   0.17696093
     0.7246   0.95146850   0.16513774   0.15632897
     0.7496   0.95565151   0.17893576   0.13640784
     0.7887   0.95834547   0.20120551   0.09573249
     0.8159   0.95771740   0.21708617   0.06055379
     0.8441   0.95513875   0.23376472   0.01830301
     0.8732   0.95061536   0.25119764  -0.03144819
     0.9187   0.94022945   0.27861912  -0.12071436
     0.9504   0.93095625   0.29761755  -0.19003605
     0.9667   0.92563257   0.30728940  -0.22755667
     1.0000   0.91364764   0.32689120  -0.30798194
     1.0345   0.89993572   0.34670097  -0.39487068
     1.0701   0.88457310   0.36653086  -0.48700845
     1.1070   0.86764513   0.38616525  -0.58274817
     1.1260   0.85862308   0.39583445  -0.63133394
     1.1648   0.83952481   0.41471417  -0.72843946
     1.1847   0.82947464   0.42385559  -0.77629102
     1.2256   0.80844021   0.44136081  -0.86878842
     1.2465   0.79748410   0.44964997  -0.91267966
     1.2895   0.77476658   0.46511188  -0.99385223
     1.3115   0.76303483   0.47220890  -1.03040432
     1.3568   0.73890075   0.48494947  -1.09379509
     1.3800   0.72652892   0.49052168  -1.12008713
     1.4036   0.71397436   0.49551665  -1.14249653
     1.4519   0.68837840   0.50365013  -1.17519783
     1.4768   0.67536765   0.50673174  -1.18542973
     1.5020   0.66223538   0.50912266  -1.19166188
     1.5277   0.64899671   0.51080058  -1.19403739
     1.5538   0.63566666   0.51174575  -1.19275266
     1.6074   0.60879180   0.51137114  -1.18012202
     1.6349   0.59527632   0.51002357  -1.16920207
     1.6628   0.58172808   0.50788726  -1.15538072
     1.6912   0.56816133   0.50495283  -1.13860744
     1.7201   0.55459010   0.50121233  -1.11860308
     1.7496   0.54102822   0.49665916  -1.09477789
     1.7795   0.52748922   0.49128836  -1.06614767
     1.8099   0.51398638   0.48509713  -1.03105580
     1.8408   0.50053260   0.47808604  -0.99133143
     1.8723   0.48714037   0.47026087  -0.94477888
     1.9043   0.47382172   0.46163527  -0.88875563
     1.9368   0.46058812   0.45223433  -0.82029907
     1.9700   0.44745049   0.44209903  -0.73648726
     2.0036   0.43441906   0.43129116  -0.63507328
     2.0379   0.42150346   0.41989817  -0.51550161
     2.0727   0.40871262   0.40803647  -0.38047173
     2.1081   0.39605486   0.39585093  -0.23828460
     2.1442   0.38353789   0.38350687  -0.10597406
     2.1442   0.38353789   0.38350687  -0.10597406

   -------------------------------------------
   constructing ibeta = 6
   -------------------------------------------

   ibeta,lcur,ecur,ipsu    6    2  0.3000    2
   calling phakoe
   calling pswf2 - polynomial optimization

   subroutine pswf2
   leaving pswf2

   results for ibeta = 6
    psi - unpseudised wavefunction
    phi - pseudised wavefunction
    chi - projector function

       r         psi          phi          chi
     0.0077  -0.00003619  -0.00000007   0.00000005
     0.0392  -0.00356913  -0.00000912   0.00000709
     0.0698  -0.01612907  -0.00005140   0.00004242
     0.1014  -0.03974774  -0.00015667   0.00014147
     0.1330  -0.07286554  -0.00035101   0.00035438
     0.1630  -0.11094363  -0.00064048   0.00072860
     0.1964  -0.15828272  -0.00110695   0.00145110
     0.2249  -0.20085755  -0.00164209   0.00243808
     0.2576  -0.25013573  -0.00242595   0.00415646
     0.2901  -0.29802670  -0.00339823   0.00670120
     0.3212  -0.34166337  -0.00451711   0.01016046
     0.3496  -0.37898286  -0.00570466   0.01442757
     0.3805  -0.41625096  -0.00717412   0.02053644
     0.4142  -0.45242584  -0.00897580   0.02926960
     0.4432  -0.47979050  -0.01068980   0.03886459
     0.4743  -0.50506162  -0.01267029   0.05156542
     0.5076  -0.52755424  -0.01493217   0.06830663
     0.5341  -0.54212967  -0.01681517   0.08420474
     0.5715  -0.55778562  -0.01956215   0.11096790
     0.6014  -0.56618955  -0.02177685   0.13609382
     0.6327  -0.57131914  -0.02408847   0.16639531
     0.6657  -0.57282585  -0.02644576   0.20269418
     0.6887  -0.57165604  -0.02800690   0.23064325
     0.7246  -0.56641622  -0.03025971   0.27880488
     0.7496  -0.56048102  -0.03164685   0.31539914
     0.7887  -0.54773538  -0.03343428   0.37747743
     0.8159  -0.53658633  -0.03434186   0.42382228
     0.8441  -0.52325485  -0.03493661   0.47416476
     0.8732  -0.50769851  -0.03513096   0.52841023
     0.9187  -0.48012087  -0.03444543   0.61654069
     0.9504  -0.45887347  -0.03316105   0.67914255
     0.9667  -0.44738564  -0.03221935   0.71135000
     1.0000  -0.42267798  -0.02964093   0.77701504
     1.0345  -0.39566215  -0.02599558   0.84340253
     1.0701  -0.36634702  -0.02110064   0.90913280
     1.1070  -0.33475009  -0.01475814   0.97254060
     1.1260  -0.31810381  -0.01097848   1.00277803
     1.1648  -0.28313626  -0.00206520   1.05899641
     1.1847  -0.26482497   0.00312473   1.08441202
     1.2256  -0.22657681   0.01511376   1.12838922
     1.2465  -0.20665355   0.02196982   1.14635971
     1.2895  -0.16524751   0.03754474   1.17283830
     1.3115  -0.14378229   0.04631734   1.18082316
     1.3568  -0.09937667   0.06595882   1.18518255
     1.3800  -0.07645820   0.07687354   1.18123353
     1.4036  -0.05307858   0.08854497   1.17306801
     1.4519  -0.00498897   0.11422651   1.14407164
     1.4768   0.01969221   0.12826436   1.12341552
     1.5020   0.04477676   0.14311398   1.09890339
     1.5277   0.07024771   0.15878182   1.07082615
     1.5538   0.09608698   0.17527117   1.03955694
     1.6074   0.14879196   0.21071124   0.96930834
     1.6349   0.17561525   0.22965230   0.93141114
     1.6628   0.20272180   0.24939561   0.89244762
     1.6912   0.23008687   0.26992848   0.85301001
     1.7201   0.25768413   0.29123510   0.81365460
     1.7496   0.28548565   0.31329654   0.77486289
     1.7795   0.31346174   0.33609049   0.73700175
     1.8099   0.34158091   0.35959084   0.70043708
     1.8408   0.36980970   0.38376689   0.66219120
     1.8723   0.39811256   0.40858216   0.62114463
     1.9043   0.42645169   0.43399273   0.57582769
     1.9368   0.45478684   0.45994499   0.52455101
     1.9700   0.48307516   0.48637293   0.46560985
     2.0036   0.51127092   0.51319504   0.39764648
     2.0379   0.53932537   0.54031135   0.32025521
     2.0727   0.56718654   0.56760132   0.23492083
     2.1081   0.59479908   0.59492406   0.14645339
     2.1442   0.62210412   0.62212313   0.06491138
     2.1442   0.62210412   0.62212313   0.06491138

   -------------------------------------------
   construct beta functions and matrices
   -------------------------------------------

    matrix b(i,j)

      -0.44548      -0.25674       0.00000       0.00000       0.00000       0.00000
       0.45407       0.26068       0.00000       0.00000       0.00000       0.00000
       0.00000       0.00000      -0.40619      -0.19294       0.00000       0.00000
       0.00000       0.00000       0.41710       0.15245       0.00000       0.00000
       0.00000       0.00000       0.00000       0.00000      -0.47419      -0.21104
       0.00000       0.00000       0.00000       0.00000       0.48659       0.14728

    matrix q(i,j)

       0.24000      -0.12583       0.00000       0.00000       0.00000       0.00000
      -0.12583       0.03928       0.00000       0.00000       0.00000       0.00000
       0.00000       0.00000       0.35706      -0.12345       0.00000       0.00000
       0.00000       0.00000      -0.12345       0.02611       0.00000       0.00000
       0.00000       0.00000       0.00000       0.00000       0.75716      -0.40604
       0.00000       0.00000       0.00000       0.00000      -0.40604       0.20617

    matrix d(i,j)

      -2.02661       0.57221       0.00000       0.00000       0.00000       0.00000
       0.57316       0.22351       0.00000       0.00000       0.00000       0.00000
       0.00000       0.00000      -2.06272       0.37980       0.00000       0.00000
       0.00000       0.00000       0.38006       0.16028       0.00000       0.00000
       0.00000       0.00000       0.00000       0.00000      -1.54771       0.36465
       0.00000       0.00000       0.00000       0.00000       0.36478       0.20913

    matrix d(i,j)

      -2.02661       0.57268       0.00000       0.00000       0.00000       0.00000
       0.57268       0.22351       0.00000       0.00000       0.00000       0.00000
       0.00000       0.00000      -2.06272       0.37993       0.00000       0.00000
       0.00000       0.00000       0.37993       0.16028       0.00000       0.00000
       0.00000       0.00000       0.00000       0.00000      -1.54771       0.36471
       0.00000       0.00000       0.00000       0.00000       0.36471       0.20913

    matrix i(i,j)

     582.69833     573.87868       0.00000       0.00000       0.00000       0.00000
   -1014.97490    -995.77630       0.00000       0.00000       0.00000       0.00000
       0.00000       0.00000       8.21879      10.40127       0.00000       0.00000
       0.00000       0.00000     -22.48604     -21.89772       0.00000       0.00000
       0.00000       0.00000       0.00000       0.00000       4.48302       6.42389
       0.00000       0.00000       0.00000       0.00000     -14.81134     -14.43392

   -------------------------------------------
   pseudize q-functions
   -------------------------------------------
 
   ====================================================================================================
    ib = 1 , lll(ib) = 0 , jb =  1 , lll(jb) = 0 , lmin = 0 , lmax = 0
     most negative density at mesh point  425 at   0.14230 au with value  -0.01448
     phi(iworst,ib)*phi(iworst,jb) =  0.11266
   ====================================================================================================
    ib = 1 , lll(ib) = 0 , jb =  2 , lll(jb) = 0 , lmin = 0 , lmax = 0
   ====================================================================================================
    ib = 1 , lll(ib) = 0 , jb =  3 , lll(jb) = 1 , lmin = 1 , lmax = 1
   ====================================================================================================
    ib = 1 , lll(ib) = 0 , jb =  4 , lll(jb) = 1 , lmin = 1 , lmax = 1
   ====================================================================================================
    ib = 1 , lll(ib) = 0 , jb =  5 , lll(jb) = 2 , lmin = 2 , lmax = 2
   ====================================================================================================
    ib = 1 , lll(ib) = 0 , jb =  6 , lll(jb) = 2 , lmin = 2 , lmax = 2
   ====================================================================================================
    ib = 2 , lll(ib) = 0 , jb =  1 , lll(jb) = 0 , lmin = 0 , lmax = 0
   ====================================================================================================
    ib = 2 , lll(ib) = 0 , jb =  2 , lll(jb) = 0 , lmin = 0 , lmax = 0
   ====================================================================================================
    ib = 2 , lll(ib) = 0 , jb =  3 , lll(jb) = 1 , lmin = 1 , lmax = 1
   ====================================================================================================
    ib = 2 , lll(ib) = 0 , jb =  4 , lll(jb) = 1 , lmin = 1 , lmax = 1
   ====================================================================================================
    ib = 2 , lll(ib) = 0 , jb =  5 , lll(jb) = 2 , lmin = 2 , lmax = 2
   ====================================================================================================
    ib = 2 , lll(ib) = 0 , jb =  6 , lll(jb) = 2 , lmin = 2 , lmax = 2
   ====================================================================================================
    ib = 3 , lll(ib) = 1 , jb =  1 , lll(jb) = 0 , lmin = 1 , lmax = 1
   ====================================================================================================
    ib = 3 , lll(ib) = 1 , jb =  2 , lll(jb) = 0 , lmin = 1 , lmax = 1
   ====================================================================================================
    ib = 3 , lll(ib) = 1 , jb =  3 , lll(jb) = 1 , lmin = 0 , lmax = 2
   ====================================================================================================
    ib = 3 , lll(ib) = 1 , jb =  4 , lll(jb) = 1 , lmin = 0 , lmax = 2
   ====================================================================================================
    ib = 3 , lll(ib) = 1 , jb =  5 , lll(jb) = 2 , lmin = 1 , lmax = 3
   ====================================================================================================
    ib = 3 , lll(ib) = 1 , jb =  6 , lll(jb) = 2 , lmin = 1 , lmax = 3
   ====================================================================================================
    ib = 4 , lll(ib) = 1 , jb =  1 , lll(jb) = 0 , lmin = 1 , lmax = 1
   ====================================================================================================
    ib = 4 , lll(ib) = 1 , jb =  2 , lll(jb) = 0 , lmin = 1 , lmax = 1
   ====================================================================================================
    ib = 4 , lll(ib) = 1 , jb =  3 , lll(jb) = 1 , lmin = 0 , lmax = 2
   ====================================================================================================
    ib = 4 , lll(ib) = 1 , jb =  4 , lll(jb) = 1 , lmin = 0 , lmax = 2
   ====================================================================================================
    ib = 4 , lll(ib) = 1 , jb =  5 , lll(jb) = 2 , lmin = 1 , lmax = 3
   ====================================================================================================
    ib = 4 , lll(ib) = 1 , jb =  6 , lll(jb) = 2 , lmin = 1 , lmax = 3
   ====================================================================================================
    ib = 5 , lll(ib) = 2 , jb =  1 , lll(jb) = 0 , lmin = 2 , lmax = 2
   ====================================================================================================
    ib = 5 , lll(ib) = 2 , jb =  2 , lll(jb) = 0 , lmin = 2 , lmax = 2
   ====================================================================================================
    ib = 5 , lll(ib) = 2 , jb =  3 , lll(jb) = 1 , lmin = 1 , lmax = 3
   ====================================================================================================
    ib = 5 , lll(ib) = 2 , jb =  4 , lll(jb) = 1 , lmin = 1 , lmax = 3
   ====================================================================================================
    ib = 5 , lll(ib) = 2 , jb =  5 , lll(jb) = 2 , lmin = 0 , lmax = 4
   ====================================================================================================
    ib = 5 , lll(ib) = 2 , jb =  6 , lll(jb) = 2 , lmin = 0 , lmax = 4
   ====================================================================================================
    ib = 6 , lll(ib) = 2 , jb =  1 , lll(jb) = 0 , lmin = 2 , lmax = 2
   ====================================================================================================
    ib = 6 , lll(ib) = 2 , jb =  2 , lll(jb) = 0 , lmin = 2 , lmax = 2
   ====================================================================================================
    ib = 6 , lll(ib) = 2 , jb =  3 , lll(jb) = 1 , lmin = 1 , lmax = 3
   ====================================================================================================
    ib = 6 , lll(ib) = 2 , jb =  4 , lll(jb) = 1 , lmin = 1 , lmax = 3
   ====================================================================================================
    ib = 6 , lll(ib) = 2 , jb =  5 , lll(jb) = 2 , lmin = 0 , lmax = 4
   ====================================================================================================
    ib = 6 , lll(ib) = 2 , jb =  6 , lll(jb) = 2 , lmin = 0 , lmax = 4

   -------------------------------------------
   transform so betas are orthogonal
   -------------------------------------------
 
  after transformation :

    matrix q(i,j)

      25.82284    -112.23864       0.00000       0.00000       0.00000       0.00000
    -112.23864     485.81571       0.00000       0.00000       0.00000       0.00000
       0.00000       0.00000       3.33849      -4.35837       0.00000       0.00000
       0.00000       0.00000      -4.35837       5.30207       0.00000       0.00000
       0.00000       0.00000       0.00000       0.00000      10.91882     -12.42586
       0.00000       0.00000       0.00000       0.00000     -12.42586      14.01764

      eigenvalues of q matrix

      -0.10234     511.74089      -0.14730       8.78786      -0.05386      24.99032

    matrix d(i,j)

     -79.78842     409.24906       0.00000       0.00000       0.00000       0.00000
     409.24906   -2019.08748       0.00000       0.00000       0.00000       0.00000
       0.00000       0.00000     -17.25323      17.17571       0.00000       0.00000
       0.00000       0.00000      17.17571     -11.07778       0.00000       0.00000
       0.00000       0.00000       0.00000       0.00000     -14.12951       9.33769
       0.00000       0.00000       0.00000       0.00000       9.33769      -1.20933
  *** error: max q eigenvalue too large
