========================================================================
pseudopotential program version  7.3.6   date: 20 -  7 -   15
========================================================================

 ifae =   1    ifpsp =   0    ifprt =   0    ifplw =   0    ilogd =   3
 rlogd=   2.40000     emin=  -6.00000     emax=   2.00000     nnt=   80
 thresh, tol =   1.000E-10   1.000E-09    damp = 0.500    maxit = 250

          *************************************************************
          zinc                      ceperley-alder exchange-correlation
          *************************************************************

 z = 30.00    xion = 0.00    exfact =   0.00000    irel=   2
 ncspvs =    7
 rmax = 200.00000    aasf =   6.00000    bbsf =  59.00000

 value of mesh generated in rinit is   869
 irel = 2 so all electron calculations use koelling-harmon equations


                         the system has converged with
                                 delta= 0.9160885D-09


                             the eigenvalues are


          orbital          occupation          energy
           100                   2.00            -698.74635
           200                   2.00             -84.97567
           210                   6.00             -73.75337
           300                   2.00              -9.45343
           310                   6.00              -6.11958
           320                  10.00              -0.76603
           400                   2.00              -0.45757
 etot=  -3586.57994 ryd ;     -48795.41849 ev            ebsr,ehar,emvxc=  -2074.16402   1557.01563     44.59971

 subroutine lderiv: pass   1

 leaving lderiv
