========================================================================
pseudopotential program version  7.3.6   date:  2 -  9 -   15
========================================================================

 ifae =   0    ifpsp =   2    ifprt =   1    ifplw =   1    ilogd =   3
 rlogd=   1.80000     emin=  -2.40000     emax=   1.60000     nnt=   40
 thresh, tol =   1.000E-11   1.000E-09    damp = 0.500    maxit = 250
 ncores =    1    nvales =    2    nang =    2
 core charge =  2.00000 and valence charge =  6.00000
 besrmax = 10.00    besemin = 30.00    besemax = 40.00    besde=  5.00
 keyps =    3   ifpcor =    0   rinner =   0.70000   rpcor =   0.00000
 nbeta =  4     rcloc =   1.000
 rc for s, p, d, f =   1.30000      1.30000
 ib, lll, eee, iptype =   1   0  -1.742   2
 ib, lll, eee, iptype =   2   0  -0.677   2
 ib, lll, eee, iptype =   3   1  -1.742   2
 ib, lll, eee, iptype =   4   1  -0.677   2
 npf =  8      ptryc =  10.00000
 lloc =  2     eloc =   0.00000     iploctype=  1
 ifqopt =  2     nqf =  8     qtryc =  10.00000     nfix =  0

 value of mesh generated in rinit is   737
 rlogd =  1.80000 generated klogd =  513 with r(klogd) =  1.81912

          logarimic radial mesh values:

     index            r                  rab

       1         0.00000000          0.00000525
       2         0.00000530          0.00000534
       3         0.00001068          0.00000543
       4         0.00001616          0.00000553
       5         0.00002173          0.00000562
       6         0.00002740          0.00000572
       7         0.00003317          0.00000581
       8         0.00003903          0.00000591
       9         0.00004499          0.00000601
      10         0.00005106          0.00000612
       .          .                   .
       .          .                   .
       .          .                   .
     727        68.41818661          1.15963553
     728        69.58770532          1.17945788
     729        70.77721532          1.19961907
     730        71.98705834          1.22012488
     731        73.21758193          1.24098122
     732        74.46913961          1.26219406
     733        75.74209091          1.28376950
     734        77.03680155          1.30571375
     735        78.35364345          1.32803311
     736        79.69299493          1.35073398
     737        81.05524076          1.37382289
 subroutine setnuc - nuclear core radius =    0.19669E-03
 irel = 0 so all electron calculations use schroedinger equations

 subroutine rsae: construct charge density
 leaving rsae


                         the system has converged with
                                 delta= 0.1008073D-09


                             the eigenvalues are


          orbital          occupation          energy
           100                   2.00             -37.51685
           200                   2.00              -1.74236
           210                   4.00              -0.67660
 etot=   -148.93628 ryd ;      -2026.27807 ev            ebsr,ehar,emvxc=    -81.22483     72.64969      4.93824

 subroutine prwf: writing wavefunctions to unit iplot

 subroutine lderiv: pass   1

 leaving lderiv

 -----------------------------------------------
 begin subroutine scpgef
 -----------------------------------------------

   rcmax, rbeta, rlogd =    1.30000   2.01388   1.80000
          kkbeta,klogd =                  519       513
   lloc = 2 so new pseudization scheme for vloc with eloc =    0.000

   subroutine psv: pseudize the local potential

   generating vloc with lloc  2 eloc =  0.00000
   calling phase
   calling pswf1

   subroutine pswf1
   leaving pswf1
   calling phase

   results for the local potential vloc
        r         vloc         dum2         dum3
      0.0058  -0.10374084   0.00000012   0.00000012
      0.0293  -0.52232941   0.00001567   0.00001567
      0.0524  -0.93094457   0.00008932   0.00008932
      0.0762  -1.34757099   0.00027384   0.00027384
      0.1000  -1.75730839   0.00061627   0.00061627
      0.1226  -2.13770357   0.00112916   0.00112916
      0.1453  -2.50912572   0.00186545   0.00186545
      0.1693  -2.88853617   0.00292307   0.00292307
      0.1939  -3.26189075   0.00434513   0.00434513
      0.2184  -3.61474702   0.00612986   0.00612986
      0.2418  -3.93389901   0.00821210   0.00821211
      0.2632  -4.20877758   0.01045612   0.01045612
      0.2865  -4.48831618   0.01328345   0.01328346
      0.3119  -4.76806151   0.01683170   0.01683170
      0.3338  -4.98812515   0.02029846   0.02029847
      0.3572  -5.20086573   0.02442781   0.02442781
      0.3823  -5.40180605   0.02932891   0.02932891
      0.4022  -5.54162939   0.03358396   0.03358397
      0.4305  -5.70875492   0.04013611   0.04013612
      0.4529  -5.81596544   0.04578776   0.04578777
      0.4766  -5.90421672   0.05214340   0.05214342
      0.5015  -5.97021766   0.05927166   0.05927168
      0.5188  -6.00016585   0.06448859   0.06448861
      0.5458  -6.02142509   0.07306694   0.07306696
      0.5647  -6.01832434   0.07932179   0.07932181
      0.5941  -5.98528967   0.08956908   0.08956910
      0.6146  -5.94301200   0.09701484   0.09701486
      0.6358  -5.88359432   0.10498377   0.10498380
      0.6578  -5.80639373   0.11350499   0.11350502
      0.6805  -5.71096262   0.12260967   0.12260970
      0.7039  -5.59710808   0.13233162   0.13233165
      0.7282  -5.46496400   0.14270784   0.14270788
      0.7533  -5.31507872   0.15377933   0.15377937
      0.7793  -5.14852217   0.16559188   0.16559192
      0.8062  -4.96701760   0.17819705   0.17819709
      0.8200  -4.87141625   0.18481480   0.18481485
      0.8483  -4.67255988   0.19872065   0.19872070
      0.8775  -4.46708939   0.21357971   0.21357977
      0.8925  -4.36355196   0.22139107   0.22139112
      0.9233  -4.15915293   0.23783112   0.23783119
      0.9391  -4.06038104   0.24648298   0.24648305
      0.9715  -3.87604250   0.26471195   0.26471202
      0.9881  -3.79354039   0.27431486   0.27431493
      1.0222  -3.64825803   0.29456341   0.29456347
      1.0397  -3.57744648   0.30523591   0.30523597
      1.0574  -3.50748223   0.31629267   0.31629273
      1.0755  -3.43839247   0.32774851   0.32774857
      1.1126  -3.30294505   0.35191996   0.35192002
      1.1316  -3.23663628   0.36466850   0.36466856
      1.1510  -3.17138225   0.37788207   0.37788212
      1.1707  -3.10713548   0.39157891   0.39157896
      1.2111  -2.98169055   0.42049942   0.42049947
      1.2318  -2.92052227   0.43576362   0.43576367
      1.2528  -2.86040747   0.45159226   0.45159231
      1.2742  -2.80135513   0.46800781   0.46800785
   leaving psv

  chart: pseudized local potential
      0.0273                                                                                                 1       !
      0.0829                                                                                 1                       !
      0.1384                                                                 1                                       !
      0.1939                                                   1                                                     !
      0.2494                                       1                                                                 !
      0.3049                            1                                                                            !
      0.3604                  1                                                                                      !
      0.4159           1                                                                                             !
      0.4714       1                                                                                                 !
      0.5269     1                                                                                                   !
      0.5825     1                                                                                                   !
      0.6380       1                                                                                                 !
      0.6935           1                                                                                             !
      0.7490               1                                                                                         !
      0.8045                     1                                                                                   !
      0.8600                           1                                                                             !
      0.9155                                  1                                                                      !
      0.9710                                         1                                                               !
      1.0265                                            1                                                            !
      1.0821                                                1                                                        !
      1.1376                                                   1                                                     !
      1.1931                                                      1                                                  !
      1.2486                                                        1                                                !
      1.3041                                                           1                                             !
      1.3596                                                             1                                           !
      1.4151                                                                1                                        !
      1.4706                                                                  1                                      !
      1.5262                                                                   1                                     !
      1.5817                                                                     1                                   !
      1.6372                                                                      1                                  !
      1.6927                                                                        1                                !
      1.7482                                                                         1                               !
      1.8037                                                                          1                              !
      1.8592                                                                            1                            !
      1.9147                                                                             1                           !
      1.9702                                                                             1                           !
      2.0258                                                                              1                          !
      2.0813                                                                                1                        !
      2.1368                                                                                1                        !
      2.1923                                                                                 1                       !
      2.2478                                                                                 11                      !
 
      2.3588                                                                                   1                     !
 
      2.4698                                                                                    1                    !
      2.5254                                                                                     1                   !
      2.5809                                                                                     1                   !
 
      2.6919                                                                                      1                  !
      2.7474                                                                                       1                 !
      2.8029                                                                                       1                 !
      2.8584                                                                                        1                !
      2.9139                                                                                        1                !
 
      3.0250                                                                                         1               !
                 i         i         i         i         i         i         i         i         i         i         i
            -6.011              -4.809              -3.607              -2.404              -1.202               0.000    
                      -5.410              -4.208              -3.006              -1.803             -0.6011    
 

   -------------------------------------------
   constructing ibeta = 1
   -------------------------------------------

   ibeta,lcur,ecur,ipsu    1    0 -1.7424    2
   calling phase
   calling pswf2 - polynomial optimization

   subroutine pswf2
   leaving pswf2

   results for ibeta = 1
    psi - unpseudised wavefunction
    phi - pseudised wavefunction
    chi - projector function

       r         psi          phi          chi
     0.0046  -0.01248945   0.00232991   0.02752991
     0.0230  -0.05383279   0.01166540   0.13769704
     0.0412  -0.08273383   0.02086212   0.24568182
     0.0600  -0.10236537   0.03031953   0.35570649
     0.0788  -0.11355368   0.03973923   0.46379365
     0.0966  -0.11780878   0.04862878   0.56399077
     0.1145  -0.11702385   0.05748410   0.66163453
     0.1335  -0.11176874   0.06675899   0.76111839
     0.1529  -0.10263759   0.07617399   0.85866999
     0.1693  -0.09262097   0.08402886   0.93700379
     0.1874  -0.07963123   0.09261434   1.01901506
     0.2075  -0.06350587   0.10197097   1.10355658
     0.2259  -0.04761785   0.11038099   1.17471416
     0.2459  -0.02952047   0.11936156   1.24504993
     0.2632  -0.01350797   0.12695965   1.29951472
     0.2817   0.00378446   0.13492219   1.35112262
     0.3015   0.02224302   0.14323994   1.39846718
     0.3172   0.03676353   0.14970169   1.43018777
     0.3338   0.05177974   0.15634382   1.45778083
     0.3572   0.07241774   0.16545661   1.48661046
     0.3758   0.08822635   0.17246024   1.50099474
     0.3888   0.09885983   0.17719730   1.50655583
     0.4091   0.11486019   0.18438447   1.50803989
     0.4305   0.13080328   0.19164038   1.50029494
     0.4453   0.14133150   0.19649707   1.48945068
     0.4686   0.15686520   0.20377834   1.46386357
     0.4847   0.16698367   0.20860810   1.44016091
     0.5015   0.17685936   0.21339869   1.41083893
     0.5188   0.18644645   0.21813135   1.37568673
     0.5367   0.19569908   0.22278555   1.33455169
     0.5552   0.20457172   0.22733886   1.28735394
     0.5743   0.21301958   0.23176698   1.23410179
     0.5941   0.22099900   0.23604368   1.17490752
     0.6146   0.22846791   0.24014086   1.11000288
     0.6358   0.23538620   0.24402858   1.03975307
     0.6467   0.23862698   0.24588407   1.00277722
     0.6690   0.24464959   0.24939788   0.92551309
     0.6805   0.24742310   0.25104777   0.88540936
     0.7039   0.25247530   0.25411192   0.80279062
     0.7282   0.25684484   0.25683265   0.71776998
     0.7407   0.25876596   0.25805317   0.67469385
     0.7533   0.26050776   0.25917457   0.63143284
     0.7793   0.26344434   0.26110253   0.54496440
     0.7926   0.26463534   0.26190047   0.50206978
     0.8200   0.26645554   0.26314342   0.41775429
     0.8340   0.26708276   0.26358038   0.37665109
     0.8483   0.26752059   0.26388919   0.33646033
     0.8628   0.26776882   0.26406616   0.29733663
     0.8925   0.26769731   0.26401057   0.22290227
     0.9078   0.26737874   0.26377135   0.18789955
     0.9233   0.26687296   0.26338699   0.15458656
     0.9391   0.26618136   0.26285446   0.12313765
     0.9552   0.26530564   0.26217084   0.09374816
     0.9881   0.26301024   0.26033892   0.04210202
     1.0050   0.26159551   0.25918499   0.02045865
     1.0222   0.26000655   0.25786865  -0.00011262
     1.0397   0.25824657   0.25638710  -0.01981674
     1.0574   0.25631906   0.25473756  -0.03842166
     1.0755   0.25422779   0.25291738  -0.05556469
     1.0939   0.25197677   0.25092412  -0.07073411
     1.1126   0.24957028   0.24875581  -0.08326360
     1.1316   0.24701283   0.24641118  -0.09234301
     1.1510   0.24430918   0.24389007  -0.09704503
     1.1707   0.24146427   0.24119389  -0.09646620
     1.1907   0.23848326   0.23832614  -0.08984709
     1.2111   0.23537151   0.23529294  -0.07685378
     1.2111   0.23537151   0.23529294  -0.07685378
     1.2318   0.23213455   0.23210346  -0.05800903
     1.2528   0.22877807   0.22876994  -0.03534725
     1.2742   0.22530791   0.22530709  -0.01330175

   -------------------------------------------
   constructing ibeta = 2
   -------------------------------------------

   ibeta,lcur,ecur,ipsu    2    0 -0.6766    2
   calling phase
   calling pswf2 - polynomial optimization

   subroutine pswf2
   leaving pswf2

   results for ibeta = 2
    psi - unpseudised wavefunction
    phi - pseudised wavefunction
    chi - projector function

       r         psi          phi          chi
     0.0046   0.01190370  -0.00230151  -0.02804978
     0.0230   0.05130306  -0.01152251  -0.14029194
     0.0412   0.07882707  -0.02060379  -0.25028960
     0.0600   0.09749004  -0.02993750  -0.36232572
     0.0788   0.10807546  -0.03922662  -0.47233089
     0.0966   0.11202782  -0.04798402  -0.57423578
     0.1145   0.11114902  -0.05669689  -0.67345903
     0.1335   0.10597576  -0.06580856  -0.77444236
     0.1529   0.09708035  -0.07504039  -0.87332751
     0.1693   0.08735681  -0.08272667  -0.95260858
     0.1874   0.07477066  -0.09110897  -1.03546290
     0.2075   0.05916837  -0.10021836  -1.12067000
     0.2259   0.04381366  -0.10837984  -1.19217810
     0.2459   0.02634343  -0.11706350  -1.26260536
     0.2632   0.01090384  -0.12438154  -1.31690140
     0.2817  -0.00574881  -0.13201844  -1.36807294
     0.3015  -0.02349657  -0.13995621  -1.41465972
     0.3172  -0.03743415  -0.14609107  -1.44556661
     0.3338  -0.05182154  -0.15236473  -1.47210812
     0.3572  -0.07154338  -0.16091115  -1.49912392
     0.3758  -0.08660054  -0.16742468  -1.51181035
     0.3888  -0.09669925  -0.17179953  -1.51606855
     0.4091  -0.11184161  -0.17838340  -1.51533242
     0.4305  -0.12685233  -0.18495501  -1.50504393
     0.4453  -0.13671288  -0.18930486  -1.49232674
     0.4686  -0.15116756  -0.19574045  -1.46367812
     0.4847  -0.16050940  -0.19994332  -1.43778130
     0.5015  -0.16955758  -0.20405114  -1.40616055
     0.5188  -0.17826141  -0.20804006  -1.36862639
     0.5367  -0.18656968  -0.21188403  -1.32505376
     0.5552  -0.19443099  -0.21555466  -1.27539724
     0.5743  -0.20179415  -0.21902117  -1.21970707
     0.5941  -0.20860850  -0.22225038  -1.15814541
     0.6146  -0.21482438  -0.22520663  -1.09100196
     0.6358  -0.22039353  -0.22785192  -1.01870775
     0.6467  -0.22292097  -0.22904545  -0.98080512
     0.6690  -0.22743351  -0.23114809  -0.90192650
     0.6805  -0.22940786  -0.23204637  -0.86115506
     0.7039  -0.23276708  -0.23350900  -0.77753043
     0.7282  -0.23530838  -0.23448822  -0.69200849
     0.7407  -0.23626111  -0.23478202  -0.64889349
     0.7533  -0.23699636  -0.23493745  -0.60574511
     0.7793  -0.23779922  -0.23480966  -0.51997909
     0.7926  -0.23785986  -0.23451471  -0.47768077
     0.8200  -0.23728403  -0.23343368  -0.39504481
     0.8340  -0.23664216  -0.23263619  -0.35501339
     0.8483  -0.23576115  -0.23165992  -0.31603432
     0.8628  -0.23463898  -0.23049940  -0.27824467
     0.8925  -0.23166448  -0.22760421  -0.20674370
     0.9078  -0.22980951  -0.22585909  -0.17327085
     0.9233  -0.22770808  -0.22390879  -0.14146916
     0.9391  -0.22535958  -0.22174830  -0.11145509
     0.9552  -0.22276366  -0.21937260  -0.08335481
     0.9881  -0.21682953  -0.21395562  -0.03350974
     1.0050  -0.21349197  -0.21090426  -0.01217115
     1.0222  -0.20990829  -0.20761753   0.00821980
     1.0397  -0.20607945  -0.20409022   0.02780486
     1.0574  -0.20200667  -0.20031713   0.04634048
     1.0755  -0.19769138  -0.19629310   0.06344419
     1.0939  -0.19313525  -0.19201316   0.07857524
     1.1126  -0.18834017  -0.18747271   0.09102804
     1.1316  -0.18330822  -0.18266789   0.09994359
     1.1510  -0.17804167  -0.17759590   0.10434270
     1.1707  -0.17254297  -0.17225554   0.10325905
     1.1907  -0.16681472  -0.16664776   0.09587990
     1.2111  -0.16085969  -0.16077622   0.08184154
     1.2111  -0.16085969  -0.16077622   0.08184154
     1.2318  -0.15468075  -0.15464773   0.06168504
     1.2528  -0.14828092  -0.14827229   0.03755133
     1.2742  -0.14166330  -0.14166242   0.01412281

   -------------------------------------------
   constructing ibeta = 3
   -------------------------------------------

   ibeta,lcur,ecur,ipsu    3    1 -1.7424    2
   calling phase
   calling pswf2 - polynomial optimization

   subroutine pswf2
   leaving pswf2

   results for ibeta = 3
    psi - unpseudised wavefunction
    phi - pseudised wavefunction
    chi - projector function

       r         psi          phi          chi
     0.0046   0.00023268   0.00003063   0.00013674
     0.0230   0.00542686   0.00076791   0.00343734
     0.0412   0.01619994   0.00245678   0.01106290
     0.0600   0.03194140   0.00519184   0.02360089
     0.0788   0.05134096   0.00892553   0.04108328
     0.0966   0.07233043   0.01337750   0.06246128
     0.1145   0.09526629   0.01871429   0.08881384
     0.1335   0.12096430   0.02527712   0.12223603
     0.1529   0.14836682   0.03296856   0.16271175
     0.1693   0.17197201   0.04018959   0.20186223
     0.1874   0.19831600   0.04893247   0.25056006
     0.2075   0.22744313   0.05949195   0.31094221
     0.2259   0.25381930   0.06992383   0.37187284
     0.2459   0.28203469   0.08207687   0.44388104
     0.2632   0.30584980   0.09320467   0.51021736
     0.2817   0.33067357   0.10573135   0.58466074
     0.3015   0.35639090   0.11980590   0.66708381
     0.3172   0.37618170   0.13147273   0.73367994
     0.3338   0.39632796   0.14416957   0.80361305
     0.3572   0.42360944   0.16282684   0.89999634
     0.3758   0.44427523   0.17821276   0.97230306
     0.3888   0.45809892   0.18917535   1.01912881
     0.4091   0.47883182   0.20673279   1.08483778
     0.4305   0.49947068   0.22569122   1.14139815
     0.4453   0.51312570   0.23914242   1.17155550
     0.4686   0.53337247   0.26058292   1.20111413
     0.4847   0.54666675   0.27574094   1.20752848
     0.5015   0.55976152   0.29160336   1.20088724
     0.5188   0.57262628   0.30817601   1.17907144
     0.5367   0.58523182   0.32545869   1.14003705
     0.5552   0.59755069   0.34344373   1.08195564
     0.5743   0.60955776   0.36211445   1.00339350
     0.5941   0.62123075   0.38144352   0.90352913
     0.6146   0.63255087   0.40139142   0.78240370
     0.6358   0.64350336   0.42190502   0.64119113
     0.6467   0.64883842   0.43235342   0.56379467
     0.6690   0.65922233   0.45358432   0.39777292
     0.6805   0.66427075   0.46434451   0.31041018
     0.7039   0.67408234   0.48609257   0.13095977
     0.7282   0.68352104   0.50805428  -0.04828451
     0.7407   0.68810508   0.51907998  -0.13507069
     0.7533   0.69260230   0.53011650  -0.21838089
     0.7793   0.70134963   0.55216626  -0.36977052
     0.7926   0.70560779   0.56315332  -0.43557945
     0.8200   0.71391767   0.58499478  -0.54272780
     0.8340   0.71798106   0.59583113  -0.58285842
     0.8483   0.72199228   0.60660255  -0.61376730
     0.8628   0.72595883   0.61730541  -0.63578696
     0.8925   0.73379147   0.63850330  -0.65710642
     0.9078   0.73767620   0.64900323  -0.65985396
     0.9233   0.74155356   0.65944382  -0.66065650
     0.9391   0.74543486   0.66983174  -0.66274881
     0.9552   0.74933221   0.68017399  -0.66984238
     0.9881   0.75722797   0.70074294  -0.71501593
     1.0050   0.76125511   0.71097231  -0.76062344
     1.0222   0.76535584   0.72115755  -0.83158295
     1.0397   0.76954697   0.73128331  -0.93115091
     1.0574   0.77384637   0.74132429  -1.05925855
     1.0755   0.77827299   0.75124414  -1.21239862
     1.0939   0.78284694   0.76099547  -1.38256412
     1.1126   0.78758950   0.77052143  -1.55626319
     1.1316   0.79252322   0.77975966  -1.71381966
     1.1510   0.79767195   0.78864923  -1.82928001
     1.1707   0.80306090   0.79714092  -1.87175235
     1.1907   0.80871671   0.80521111  -1.80852480
     1.2111   0.81466756   0.81287827  -1.61169261
     1.2111   0.81466756   0.81287827  -1.61169261
     1.2318   0.82094322   0.82021948  -1.26992918
     1.2528   0.82757518   0.82738158  -0.80827469
     1.2742   0.83459672   0.83457653  -0.31738837

   -------------------------------------------
   constructing ibeta = 4
   -------------------------------------------

   ibeta,lcur,ecur,ipsu    4    1 -0.6766    2
   calling phase
   calling pswf2 - polynomial optimization

   subroutine pswf2
   leaving pswf2

   results for ibeta = 4
    psi - unpseudised wavefunction
    phi - pseudised wavefunction
    chi - projector function

       r         psi          phi          chi
     0.0046   0.00023300   0.00002848   0.00011268
     0.0230   0.00543411   0.00071388   0.00283491
     0.0412   0.01621947   0.00228349   0.00913998
     0.0600   0.03197299   0.00482421   0.01955240
     0.0788   0.05137610   0.00829013   0.03415886
     0.0966   0.07235290   0.01241911   0.05214630
     0.1145   0.09525191   0.01736336   0.07448952
     0.1335   0.12087516   0.02343544   0.10306300
     0.1529   0.14815214   0.03054035   0.13796975
     0.1693   0.17160477   0.03719949   0.17200202
     0.1874   0.19772181   0.04524738   0.21464354
     0.2075   0.22651645   0.05494586   0.26791233
     0.2259   0.25250457   0.06450372   0.32202663
     0.2459   0.28019658   0.07560891   0.38635037
     0.2632   0.30346768   0.08574899   0.44588430
     0.2817   0.32760744   0.09713112   0.51292675
     0.3015   0.35246836   0.10987795   0.58734345
     0.3172   0.37148051   0.12041027   0.64753793
     0.3338   0.39071000   0.13183705   0.71073282
     0.3572   0.41651559   0.14855998   0.79761815
     0.3758   0.43585080   0.16228856   0.86242599
     0.3888   0.44866458   0.17203526   0.90407874
     0.4091   0.46767352   0.18758317   0.96177542
     0.4305   0.48630417   0.20428316   1.01003192
     0.4453   0.49844190   0.21607424   1.03450019
     0.4686   0.51611049   0.23476514   1.05531600
     0.4847   0.52746224   0.24789899   1.05578140
     0.5015   0.53841600   0.26156816   1.04311854
     0.5188   0.54892303   0.27576294   1.01523961
     0.5367   0.55893437   0.29046596   0.97014589
     0.5552   0.56840123   0.30565053   0.90607362
     0.5743   0.57727538   0.32127885   0.82167949
     0.5941   0.58550957   0.33730019   0.71626550
     0.6146   0.59305798   0.35364896   0.59003751
     0.6358   0.59987664   0.37024317   0.44438341
     0.6467   0.60299920   0.37860188   0.36509616
     0.6690   0.60864595   0.39537177   0.19614959
     0.6805   0.61116080   0.40375131   0.10784278
     0.7039   0.61555156   0.42041265  -0.07220836
     0.7282   0.61906394   0.43681734  -0.24997194
     0.7407   0.62048172   0.44487353  -0.33509583
     0.7533   0.62166959   0.45280486  -0.41605508
     0.7793   0.62334438   0.46821057  -0.56047782
     0.7926   0.62382640   0.47564473  -0.62159026
     0.8200   0.62406961   0.48988146  -0.71681183
     0.8340   0.62382769   0.49665021  -0.74972441
     0.8483   0.62334188   0.50316620  -0.77262941
     0.8628   0.62261138   0.50941716  -0.78593766
     0.8925   0.62041488   0.52108545  -0.78822871
     0.9078   0.61894892   0.52648857  -0.78103816
     0.9233   0.61723839   0.53159751  -0.77196416
     0.9391   0.61528413   0.53640825  -0.76457508
     0.9552   0.61308727   0.54091644  -0.76297969
     0.9881   0.60797195   0.54899784  -0.79505524
     1.0050   0.60505733   0.55254721  -0.83735026
     1.0222   0.60190784   0.55574232  -0.90651981
     1.0397   0.59852614   0.55855191  -1.00574909
     1.0574   0.59491522   0.56093347  -1.13498782
     1.0755   0.59107832   0.56283205  -1.29060174
     1.0939   0.58701899   0.56418021  -1.46426475
     1.1126   0.58274103   0.56489965  -1.64192717
     1.1316   0.57824849   0.56490528  -1.80308257
     1.1510   0.57354569   0.56411239  -1.92068225
     1.1707   0.56863716   0.56244734  -1.96247539
     1.1907   0.56352767   0.55986206  -1.89430091
     1.2111   0.55822218   0.55635114  -1.68699432
     1.2111   0.55822218   0.55635114  -1.68699432
     1.2318   0.55272590   0.55196906  -1.32867686
     1.2528   0.54704421   0.54684175  -0.84543930
     1.2742   0.54118267   0.54116156  -0.33193579

   -------------------------------------------
   construct beta functions and matrices
   -------------------------------------------

    matrix b(i,j)

       0.15373      -0.14645       0.00000       0.00000
      -0.15160       0.14464       0.00000       0.00000
       0.00000       0.00000      -0.27091      -0.18397
       0.00000       0.00000      -0.33338      -0.23532

    matrix q(i,j)

      -0.00502       0.00484       0.00000       0.00000
       0.00484      -0.00468       0.00000       0.00000
       0.00000       0.00000       0.14458       0.14014
       0.00000       0.00000       0.14014       0.13517

    matrix d(i,j)

       0.16247      -0.15488       0.00000       0.00000
      -0.15488       0.14780       0.00000       0.00000
       0.00000       0.00000      -0.52282      -0.42815
       0.00000       0.00000      -0.42820      -0.32678

    matrix d(i,j)

       0.16247      -0.15488       0.00000       0.00000
      -0.15488       0.14780       0.00000       0.00000
       0.00000       0.00000      -0.52282      -0.42818
       0.00000       0.00000      -0.42818      -0.32678

    matrix i(i,j)

    4303.30447    4357.10983       0.00000       0.00000
    4510.47408    4573.78347       0.00000       0.00000
       0.00000       0.00000     -97.33325      76.09411
       0.00000       0.00000     137.89296    -112.05278

   -------------------------------------------
   pseudize q-functions
   -------------------------------------------
 
   ====================================================================================================
    ib = 1 , lll(ib) = 0 , jb =  1 , lll(jb) = 0 , lmin = 0 , lmax = 0
   ====================================================================================================
    ib = 1 , lll(ib) = 0 , jb =  2 , lll(jb) = 0 , lmin = 0 , lmax = 0
   ====================================================================================================
    ib = 1 , lll(ib) = 0 , jb =  3 , lll(jb) = 1 , lmin = 1 , lmax = 1
   ====================================================================================================
    ib = 1 , lll(ib) = 0 , jb =  4 , lll(jb) = 1 , lmin = 1 , lmax = 1
   ====================================================================================================
    ib = 2 , lll(ib) = 0 , jb =  1 , lll(jb) = 0 , lmin = 0 , lmax = 0
   ====================================================================================================
    ib = 2 , lll(ib) = 0 , jb =  2 , lll(jb) = 0 , lmin = 0 , lmax = 0
   ====================================================================================================
    ib = 2 , lll(ib) = 0 , jb =  3 , lll(jb) = 1 , lmin = 1 , lmax = 1
   ====================================================================================================
    ib = 2 , lll(ib) = 0 , jb =  4 , lll(jb) = 1 , lmin = 1 , lmax = 1
   ====================================================================================================
    ib = 3 , lll(ib) = 1 , jb =  1 , lll(jb) = 0 , lmin = 1 , lmax = 1
   ====================================================================================================
    ib = 3 , lll(ib) = 1 , jb =  2 , lll(jb) = 0 , lmin = 1 , lmax = 1
   ====================================================================================================
    ib = 3 , lll(ib) = 1 , jb =  3 , lll(jb) = 1 , lmin = 0 , lmax = 2
   ====================================================================================================
    ib = 3 , lll(ib) = 1 , jb =  4 , lll(jb) = 1 , lmin = 0 , lmax = 2
   ====================================================================================================
    ib = 4 , lll(ib) = 1 , jb =  1 , lll(jb) = 0 , lmin = 1 , lmax = 1
   ====================================================================================================
    ib = 4 , lll(ib) = 1 , jb =  2 , lll(jb) = 0 , lmin = 1 , lmax = 1
   ====================================================================================================
    ib = 4 , lll(ib) = 1 , jb =  3 , lll(jb) = 1 , lmin = 0 , lmax = 2
   ====================================================================================================
    ib = 4 , lll(ib) = 1 , jb =  4 , lll(jb) = 1 , lmin = 0 , lmax = 2

   -------------------------------------------
   transform so betas are orthogonal
   -------------------------------------------
 
  after transformation :

    matrix q(i,j)

      -0.22964      -0.13945       0.00000       0.00000
      -0.13945      -0.14123       0.00000       0.00000
       0.00000       0.00000       3.80725      -1.96464
       0.00000       0.00000      -1.96464       0.92994

      eigenvalues of q matrix

      -0.33173      -0.03915      -0.06646       4.80366

    matrix d(i,j)

       6.40211       2.70676       0.00000       0.00000
       2.70676       2.14255       0.00000       0.00000
       0.00000       0.00000       8.49035     -11.99037
       0.00000       0.00000     -11.99037      12.10804

 -----------------------------------------------
 end subroutine scpgef
 -----------------------------------------------

   chart: qfunction Q_{ib,ib}(r)
      0.0184              !                                                                                           
      0.0554             1!43                                                                                         
      0.0923             1! 4   3                                                                                     
      0.1293            12!    4      3                                                                               
      0.1662          1  2!      4            3                                                                       
      0.2032         1  2 !          4                 3                                                              
      0.2401       1    2 !             4                       3                                                     
      0.2771      1    2  !                4                              3                                           
      0.3140      1    2  !                   4                                    3                                  
      0.3510     1     2  !                      4                                          3                         
      0.3879     1     2  !                         4                                                3                
      0.4249     1     2  !                          4                                                     3          
      0.4619      1     2 !                           4                                                         3     
      0.4988       1    2 !                            4                                                            3 
      0.5358        1   2 !                           4                                                              3
      0.5727          1  2!                         4                                                               3 
      0.6097           1 2!                       4                                                             3     
      0.6466            12!                    4                                                            3         
      0.6836             2!                 4                                                          3              
      0.7205             2!1             4                                                      3                     
      0.7575             2!1         4                                                 3                              
      0.7944            2 !1     4                                            3                                       
      0.8314            2 !1 4                                      3                                                 
      0.8683            2 !1                                 3                                                        
      0.9053           24 !1                        3                                                                 
      0.9422          42  !                   3                                                                       
      0.9792         4 2  !           3                                                                               
      1.0162        4   2 !       3                                                                                   
      1.0531         4  2 !   3                                                                                       
      1.0901         4   2! 3                                                                                         
      1.1270           4 2!                                                                                           
      1.1640            42!                                                                                           
      1.2009             4!                                                                                           
      1.2379              !                                                                                           
      1.2748              !                                                                                           
      1.3118              !                                                                                           
      1.3487              !                                                                                           
      1.3857              !                                                                                           
      1.4226              !                                                                                           
      1.4596              !                                                                                           
      1.4965              !                                                                                           
      1.5335              !                                                                                           
      1.5704              !                                                                                           
      1.6074              !                                                                                           
      1.6444              !                                                                                           
      1.6813              !                                                                                           
      1.7183              !                                                                                           
      1.7552              !                                                                                           
      1.7922              !                                                                                           
      1.8291              !                                                                                           
      1.8661              !                                                                                           
      1.9030              !                                                                                           
      1.9400              !                                                                                           
      1.9769              !                                                                                           
      2.0139              !                                                                                           
                 i         i         i         i         i         i         i         i         i         i         i
           -0.6678              0.8354               2.339               3.842               5.345               6.848    
                      0.8380E-01           1.587               3.090               4.594               6.097    
 

   q * fourier transform of pseudized qfunctions

       q         1 1       2 2       3 3       4 4
    0.00000   0.00000   0.00000   0.00000   0.00000
    0.40000  -0.09159  -0.05578   1.50896   0.37023
    0.80000  -0.18158  -0.10739   2.93563   0.72991
    1.20000  -0.26837  -0.15119   4.20421   1.06843
    1.60000  -0.35032  -0.18452   5.25136   1.37505
    2.00000  -0.42580  -0.20601   6.03077   1.63923
    2.40000  -0.49320  -0.21568   6.51631   1.85105
    2.80000  -0.55097  -0.21486   6.70306   2.00196
    3.20000  -0.59771  -0.20594   6.60663   2.08563
    3.60000  -0.63223  -0.19193   6.26051   2.09882
    4.00000  -0.65363  -0.17599   5.71209   2.04208
    4.40000  -0.66143  -0.16097   5.01770   1.92020
    4.80000  -0.65559  -0.14901   4.23723   1.74214
    5.20000  -0.63657  -0.14132   3.42889   1.52053
    5.60000  -0.60536  -0.13804   2.64468   1.27078
    6.00000  -0.56346  -0.13832   1.92683   1.00964
    6.40000  -0.51279  -0.14063   1.30566   0.75378
    6.80000  -0.45562  -0.14300   0.79872   0.51816
    7.20000  -0.39443  -0.14344   0.41139   0.31473
    7.60000  -0.33179  -0.14031   0.13844   0.15143
    8.00000  -0.27015  -0.13255  -0.03348   0.03175
    8.40000  -0.21176  -0.11987  -0.12306  -0.04522
    8.80000  -0.15850  -0.10279  -0.15136  -0.08420
    9.20000  -0.11180  -0.08247  -0.13923  -0.09271
    9.60000  -0.07257  -0.06059  -0.10520  -0.07984
   10.00000  -0.04121  -0.03901  -0.06411  -0.05492
   10.40000  -0.01761  -0.01951  -0.02639  -0.02639
   10.80000  -0.00123  -0.00353   0.00193  -0.00087
   11.20000   0.00881   0.00799   0.01863   0.01736
   11.60000   0.01363   0.01473   0.02445   0.02644
   12.00000   0.01443   0.01697   0.02199   0.02671
   12.40000   0.01246   0.01546   0.01464   0.02011
   12.80000   0.00884   0.01132   0.00571   0.00955
   13.20000   0.00455   0.00578  -0.00217  -0.00189
   13.60000   0.00034   0.00002  -0.00743  -0.01153
   14.00000  -0.00325  -0.00497  -0.00956  -0.01757
   14.40000  -0.00589  -0.00852  -0.00894  -0.01925
   14.80000  -0.00746  -0.01034  -0.00654  -0.01685
   15.20000  -0.00799  -0.01044  -0.00352  -0.01146
   15.60000  -0.00760  -0.00911  -0.00093  -0.00461
   16.00000  -0.00651  -0.00681   0.00052   0.00209
   16.40000  -0.00493  -0.00405   0.00061   0.00730
   16.80000  -0.00309  -0.00130  -0.00046   0.01019
   17.20000  -0.00118   0.00107  -0.00216   0.01053
   17.60000   0.00062   0.00286  -0.00380   0.00865
   18.00000   0.00220   0.00398  -0.00474   0.00531
   18.40000   0.00348   0.00449  -0.00455   0.00148
   18.80000   0.00440   0.00452  -0.00307  -0.00192
   19.20000   0.00493   0.00424  -0.00049  -0.00417
   19.60000   0.00507   0.00380   0.00275  -0.00493
   20.00000   0.00484   0.00330   0.00605  -0.00421

   chart: qfunction q*Q_{ib,ib}(q)
      0.0000              !                                                                                           
      0.4000             1!    4              3                                                                       
      0.8000            12!         4                             3                                                   
      1.2000          1 2 !             4                                          3                                  
      1.6000         1 2  !                  4                                                   3                    
      2.0000        1  2  !                     4                                                           3         
      2.4000       1   2  !                        4                                                              3   
      2.8000      1    2  !                          4                                                               3
      3.2000      1    2  !                           4                                                             3 
      3.6000     1     2  !                           4                                                        3      
      4.0000     1      2 !                           4                                                 3             
      4.4000     1      2 !                         4                                         3                       
      4.8000     1      2 !                       4                                 3                                 
      5.2000     1      2 !                    4                         3                                            
      5.6000      1     2 !                4                  3                                                       
      6.0000      1     2 !             4           3                                                                 
      6.4000       1    2 !         4       3                                                                         
      6.8000        1   2 !      4   3                                                                                
      7.2000         1  2 !   4 3                                                                                     
      7.6000         1  2 ! 3                                                                                         
      8.0000          1 2 !                                                                                           
      8.4000           124!                                                                                           
      8.8000            12!                                                                                           
      9.2000            12!                                                                                           
      9.6000             1!                                                                                           
     10.0000             1!                                                                                           
     10.4000              !                                                                                           
     10.8000              !                                                                                           
     11.2000              !                                                                                           
     11.6000              !                                                                                           
     12.0000              !                                                                                           
     12.4000              !                                                                                           
     12.8000              !                                                                                           
     13.2000              !                                                                                           
     13.6000              !                                                                                           
     14.0000              !                                                                                           
     14.4000              !                                                                                           
     14.8000              !                                                                                           
     15.2000              !                                                                                           
     15.6000              !                                                                                           
     16.0000              !                                                                                           
     16.4000              !                                                                                           
     16.8000              !                                                                                           
     17.2000              !                                                                                           
     17.6000              !                                                                                           
     18.0000              !                                                                                           
     18.4000              !                                                                                           
     18.8000              !                                                                                           
     19.2000              !                                                                                           
     19.6000              !                                                                                           
     20.0000              !                                                                                           
                 i         i         i         i         i         i         i         i         i         i         i
           -0.6614              0.8115               2.284               3.757               5.230               6.703    
                      0.7502E-01           1.548               3.021               4.494               5.967    
 

 subroutine scheqg: solve schroedinger equation
    nnlz,nctp,ninf =  200  496  632
      ecur,decur   -1.74236362  0.3135E-11 in   2 iterations
    nnlz,nctp,ninf =  210  496  652
      ecur,decur   -0.67659443  0.4912E-13 in   3 iterations
 leaving scheqg

 subroutine rsae: construct charge density
   balancing valence density, asum =  6.00000151 wwsum =  6.00000000
 leaving rsae

 subroutine descrn: descreen the psp

    i             r         vloc0          vloc         ruhar        ruexch        rsvale         alpha
   20    0.00011772   -0.00342506   -0.00210244    0.00157158   -0.00024897  0.171003D-06    0.00000008
   40    0.00029025   -0.00844483   -0.00518379    0.00387489   -0.00061385  0.103956D-05    0.00000051
   60    0.00053240   -0.01549018   -0.00950852    0.00710764   -0.00112597  0.349769D-05    0.00000170
   80    0.00087226   -0.02537846   -0.01557835    0.01164485   -0.00184475  0.938856D-05    0.00000456
  100    0.00134926   -0.03925681   -0.02409745    0.01801292   -0.00285356  0.224647D-04    0.00001090
  120    0.00201875   -0.05873525   -0.03605408    0.02695062   -0.00426945  0.502887D-04    0.00002437
  140    0.00295838   -0.08607330   -0.05283517    0.03949481   -0.00625669  0.107998D-03    0.00005226
  160    0.00427717   -0.12444188   -0.07638698    0.05710072   -0.00904582  0.225747D-03    0.00010901
  180    0.00612812   -0.17829037   -0.10944018    0.08181063   -0.01296044  0.463412D-03    0.00022309
  200    0.00872596   -0.25386054   -0.15582472    0.11649057   -0.01845474  0.939607D-03    0.00045041
  220    0.01237209   -0.35990444   -0.22090873    0.16516198   -0.02616628  0.188894D-02    0.00090005
  240    0.01748949   -0.50868244   -0.31220632    0.23346615   -0.03699004  0.377498D-02    0.00178342
  260    0.02467187   -0.71733751   -0.44020766    0.32931257   -0.05218272  0.751308D-02    0.00350662
  280    0.03475248   -1.00975101   -0.61948080    0.46377982   -0.07350961  0.149105D-01    0.00683969
  300    0.04890082   -1.41894558   -0.87004376    0.65235441   -0.10345259  0.295368D-01    0.01321548
  320    0.06875829   -1.98990398   -1.21881222    0.91659873   -0.14550697  0.584525D-01    0.02522363
  340    0.09662863   -2.78201603   -1.70033205    1.28629572   -0.20461174  0.115666D+00    0.04732739
  360    0.13574519   -3.86846738   -2.35433941    1.80191270   -0.28778472  0.229128D+00    0.08660130
  380    0.19064606   -5.32492835   -3.21341346    2.51653219   -0.40501730  0.454918D+00    0.15249780
  400    0.26770051   -7.18883228   -4.26443670    3.49428498   -0.56988940  0.902822D+00    0.25264373
  420    0.37584792   -9.35326828   -5.35295144    4.79654772   -0.79623089  0.175249D+01    0.37862920
  440    0.52763494  -11.36143768   -6.01053671    6.43571775   -1.08481678  0.314222D+01    0.48035578
  460    0.74067099  -12.28779651   -5.39218578    8.27512377   -1.37951303  0.452935D+01    0.47918344
  480    1.03967124  -12.00027452   -3.57744648    9.96487298   -1.54204495  0.432621D+01    0.44610962
  500    1.45932395  -12.00007964   -2.36776618   11.14886509   -1.51655163  0.271048D+01    0.44604096
  520    2.04831473  -12.00004000   -1.56424257   11.74627562   -1.31047819  0.109438D+01    0.44598420
  540    2.87497481  -12.00002223   -1.03627513   11.95085762   -0.98711052  0.273816D+00    0.44592519
  560    4.03520840  -12.00001270   -0.63488813   11.99462728   -0.62950271  0.386007D-01    0.44585861
  580    5.66361893  -12.00000590   -0.31643782   11.99973332   -0.31616524  0.251885D-02    0.44578967
  600    7.94912495  -12.00000178   -0.11010541   11.99999560   -0.11009923  0.554079D-04    0.44573729
  620   11.15687735  -12.00000027   -0.02239308   11.99999998   -0.02239280  0.265965D-06    0.44571367
  640   15.65902059  -12.00000001   -0.00207441   12.00000000   -0.00207440  0.152303D-09    0.44570895
  660   21.97786666  -12.00000000    0.00000000   12.00000000    0.00000000  0.000000D+00    0.44570877
  680   30.84649069  -12.00000000    0.00000000   12.00000000    0.00000000  0.000000D+00    0.44570877
  700   43.29377796  -12.00000000    0.00000000   12.00000000    0.00000000  0.000000D+00    0.44570877
  720   60.76378908  -12.00000000    0.00000000   12.00000000    0.00000000  0.000000D+00    0.44570877

    matrix 0(i,j)

       3.00453       0.76023       0.00000       0.00000
       0.76023       0.73807       0.00000       0.00000
       0.00000       0.00000      49.97645     -34.86531
       0.00000       0.00000     -34.86531      24.21948

 value of screened s potential at origin =   -17.8597593

 total energy =   -31.5209529
 leaving descrn

 pseudopotential has been written out

    ============================================================
    |  pseudopotential report: version  7.3.6 date  2- 9-  15  |
    ------------------------------------------------------------
    |  oxygen                    ceperley-alder exchange-corr  |
    |  z =   8.00  zv =   6.00  exfact =   0.00000             |
    |                            etot  = -31.52095             |
    |  index    orbital      occupation    energy              |
    |    1        200           2.00       -1.74               |
    |    2        210           4.00       -0.68               |
    |  keyps = 3     ifpcor = 0     rpcor =   0.00000          |
    |  rinner =      0.70     for L=    1                      |
    |  rinner =      0.70     for L=    2                      |
    |  rinner =      0.70     for L=    3                      |
    |    new generation scheme:                                |
    |    nbeta =  4     kkbeta =  519     rcloc =    1.0000    |
    |    ibeta      l    epsilon   rcut iptype                 |
    |       1      0      -1.74   1.30      2                  |
    |       2      0      -0.68   1.30      2                  |
    |       3      1      -1.74   1.30      2                  |
    |       4      1      -0.68   1.30      2                  |
    |  npf    = 8  ptryc =  10.000                             |
    |  lloc   = 2  eloc   =   0.000                            |
    |  ifqopt = 2  nqf    = 8  qtryc =  10.000                 |
    |  all electron calculation used schroedinger equation     |
    |         ************logarithmic mesh************         |
    ============================================================

 subroutine prwf: writing wavefunctions to unit iplot

 ------------------------------------------------------
 comparison of all-electron and pseudo eigenvalues (Ry)

   nlm    all-elec      pseudo        diff

   200   -1.742364   -1.742364    0.000000
   210   -0.676598   -0.676594   -0.000004

 ------------------------------------------------------

   valence all-electron and pseudo wavefunctions

                    s           p           s           p
        r          full        full       pseudo      pseudo
     0.05701    -0.35690     0.03949     0.10300     0.00590
     0.16928    -0.33106     0.23214     0.30036     0.05033
     0.28168     0.01353     0.44318     0.48227     0.13141
     0.39547     0.37242     0.61555     0.64191     0.23959
     0.51004     0.64943     0.73554     0.77126     0.36338
     0.62515     0.82925     0.80701     0.86540     0.48961
     0.74067     0.92492     0.83937     0.92238     0.60182
     0.84827     0.95621     0.84323     0.94323     0.68066
     0.95517     0.94830     0.82936     0.93709     0.73172
     1.07553     0.90870     0.79959     0.90401     0.76135
     1.19069     0.85243     0.76232     0.85186     0.75733
     1.29603     0.79254     0.72393     0.79254     0.72390
     1.41067     0.72360     0.67986     0.72360     0.67983
     1.53546     0.64843     0.63118     0.64843     0.63115
     1.64319     0.58577     0.58969     0.58577     0.58966
     1.75848     0.52244     0.54659     0.52243     0.54657
     1.88186     0.45980     0.50250     0.45980     0.50248
     1.98003     0.41404     0.46915     0.41404     0.46913
     2.08333     0.36985     0.43583     0.36985     0.43581
     2.19202     0.32763     0.40279     0.32763     0.40277
     2.30638     0.28772     0.37025     0.28772     0.37024
     2.42670     0.25042     0.33844     0.25042     0.33843
     2.55330     0.21592     0.30756     0.21592     0.30754
     2.64135     0.19455     0.28758     0.19455     0.28756
     2.77914     0.16500     0.25865     0.16500     0.25864
     2.87497     0.14698     0.24012     0.14698     0.24011
     3.02496     0.12246     0.21357     0.12246     0.21356
     3.12927     0.10776     0.19675     0.10776     0.19674
     3.23717     0.09434     0.18066     0.09434     0.18065
     3.34880     0.08215     0.16533     0.08215     0.16532
     3.46427     0.07114     0.15078     0.07114     0.15077
     3.58373     0.06126     0.13702     0.06126     0.13701
     3.70731     0.05245     0.12405     0.05245     0.12405
     3.77068     0.04842     0.11787     0.04842     0.11787
     3.90070     0.04108     0.10611     0.04108     0.10610
     4.03521     0.03463     0.09514     0.03463     0.09513
     4.10419     0.03172     0.08995     0.03172     0.08994
     4.24571     0.02648     0.08015     0.02648     0.08015
     4.39211     0.02195     0.07111     0.02195     0.07111
     4.46719     0.01994     0.06687     0.01994     0.06687
     4.62123     0.01636     0.05893     0.01636     0.05893
     4.70023     0.01478     0.05523     0.01478     0.05523
     4.78058     0.01332     0.05170     0.01332     0.05170
     4.94542     0.01077     0.04513     0.01077     0.04513
     5.02996     0.00965     0.04209     0.00965     0.04209
     5.11595     0.00863     0.03921     0.00863     0.03921
     5.29235     0.00687     0.03389     0.00687     0.03389
     5.38282     0.00611     0.03144     0.00611     0.03144
     5.47484     0.00542     0.02914     0.00542     0.02913
     5.56843     0.00480     0.02696     0.00480     0.02696
     5.76044     0.00374     0.02299     0.00374     0.02299
     5.85891     0.00329     0.02119     0.00329     0.02119
     5.95906     0.00288     0.01950     0.00288     0.01950
     6.06093     0.00252     0.01791     0.00252     0.01791
     6.16454     0.00220     0.01644     0.00220     0.01644

   chart: valence all-electron and pseudo wavefunctions
      0.0570                 1                 ! 2  7                                                                 
      0.1701                  1                !  8        2  7                                                       
      0.2832                                   !1     8              2 7                                              
      0.3963                                   !           8      1           27                                      
      0.5094                                   !                 8             1    2 7                               
      0.6225                                   !                       8               21 7                           
      0.7356                                   !                             8           2   1                        
      0.8487                                   !                                 8       2    71                      
      0.9618                                   !                                    8   2     1                       
      1.0749                                   !                                     8 2    1                         
      1.1880                                   !                                     2    1                           
      1.3011                                   !                                   2   1                              
      1.4142                                   !                                 2 1                                  
      1.5273                                   !                               1                                      
      1.6404                                   !                            1                                         
      1.7535                                   !                         12                                           
      1.8666                                   !                      1 2                                             
      1.9798                                   !                    1 2                                               
      2.0929                                   !                 1   2                                                
      2.2060                                   !               1   2                                                  
      2.3191                                   !             1    2                                                   
      2.4322                                   !            1   2                                                     
      2.5453                                   !          1   2                                                       
      2.6584                                   !         1   2                                                        
      2.7715                                   !       1    2                                                         
      2.8846                                   !      1    2                                                          
      2.9977                                   !     1    2                                                           
      3.1108                                   !    1    2                                                            
      3.2239                                   !    1   2                                                             
      3.3370                                   !   1   2                                                              
      3.4501                                   !   1   2                                                              
      3.5632                                   !  1   2                                                               
      3.6763                                   !  1  2                                                                
      3.7894                                   ! 1   2                                                                
      3.9025                                   ! 1  2                                                                 
      4.0156                                   ! 1  2                                                                 
      4.1287                                   ! 1 2                                                                  
      4.2418                                   !1  2                                                                  
      4.3549                                   !1  2                                                                  
      4.4680                                   !1 2                                                                   
      4.5811                                   !1 2                                                                   
      4.6942                                   !1 2                                                                   
      4.8073                                   !1 2                                                                   
      4.9204                                   !12                                                                    
      5.0335                                   ! 2                                                                    
      5.1466                                   ! 2                                                                    
      5.2597                                   ! 2                                                                    
      5.3728                                   ! 2                                                                    
      5.4859                                   !2                                                                     
      5.5990                                   !2                                                                     
      5.7121                                   !2                                                                     
      5.8252                                   !2                                                                     
      5.9383                                   !2                                                                     
      6.0514                                   !2                                                                     
      6.1645                                   !2                                                                     
                 i         i         i         i         i         i         i         i         i         i         i
           -0.6000             -0.2000              0.2000              0.6000               1.000               1.400    
                     -0.4000             -0.2384E-07          0.4000              0.8000               1.200    
 

 subroutine fanal: fourier transform pseudo wavefunctions

   q * fourier transform of wfns

   wavevector             200          210
      0.00000         0.00000      0.00000
      0.20000         0.45044      0.10838
      0.40000         0.81525      0.35471
      0.60000         1.04590      0.59978
      0.80000         1.14042      0.76630
      1.00000         1.12749      0.84582
      1.20000         1.04497      0.85891
      1.40000         0.92611      0.82923
      1.60000         0.79473      0.77499
      1.80000         0.66564      0.70830
      2.00000         0.54692      0.63674
      2.20000         0.44218      0.56486
      2.40000         0.35237      0.49532
      2.60000         0.27695      0.42966
      2.80000         0.21466      0.36872
      3.00000         0.16392      0.31291
      3.20000         0.12313      0.26239
      3.40000         0.09075      0.21715
      3.60000         0.06539      0.17706
      3.80000         0.04580      0.14193
      4.00000         0.03094      0.11151
      4.20000         0.01988      0.08552
      4.40000         0.01185      0.06365
      4.60000         0.00620      0.04554
      4.80000         0.00239      0.03086
      5.00000        -0.00002      0.01924
      5.20000        -0.00139      0.01032
      5.40000        -0.00202      0.00375
      5.60000        -0.00214     -0.00083
      5.80000        -0.00193     -0.00376
      6.00000        -0.00153     -0.00534
      6.20000        -0.00105     -0.00588
      6.40000        -0.00056     -0.00565
      6.60000        -0.00012     -0.00487
      6.80000         0.00025     -0.00376
      7.00000         0.00054     -0.00249
      7.20000         0.00072     -0.00120
      7.40000         0.00082     -0.00001
      7.60000         0.00083      0.00102
      7.80000         0.00078      0.00182
      8.00000         0.00068      0.00238
      8.20000         0.00054      0.00268
      8.40000         0.00038      0.00274
      8.60000         0.00022      0.00260
      8.80000         0.00006      0.00228
      9.00000        -0.00007      0.00183
      9.20000        -0.00019      0.00130
      9.40000        -0.00027      0.00073
      9.60000        -0.00032      0.00017
      9.80000        -0.00034     -0.00034
     10.00000        -0.00033     -0.00077
     10.20000        -0.00030     -0.00110
     10.40000        -0.00025     -0.00131
     10.60000        -0.00018     -0.00140
     10.80000        -0.00010     -0.00137
     11.00000        -0.00001     -0.00122
     11.20000         0.00007     -0.00099
     11.40000         0.00014     -0.00066
     11.60000         0.00021     -0.00030
     11.80000         0.00026      0.00011
     12.00000         0.00029      0.00050
     12.20000         0.00031      0.00089
     12.40000         0.00031      0.00122
     12.60000         0.00030      0.00152
     12.80000         0.00028      0.00170
     13.00000         0.00024      0.00186
     13.20000         0.00019      0.00187
     13.40000         0.00014      0.00186
     13.60000         0.00009      0.00173
     13.80000         0.00004      0.00154
     14.00000        -0.00001      0.00133
     14.20000        -0.00006      0.00098
     14.40000        -0.00009      0.00075
     14.60000        -0.00012      0.00035
     14.80000        -0.00014      0.00008
     15.00000        -0.00015     -0.00017

  chart: q * fourier transform of wfns
      0.0000      !                                                                                                   
      0.2000      !        2                             1                                                            
      0.4000      !                             2                                        1                            
      0.6000      !                                                   2                                      1        
      0.8000      !                                                                 2                                1
      1.0000      !                                                                        2                        1 
      1.2000      !                                                                         2                1        
      1.4000      !                                                                       2       1                   
      1.6000      !                                                                  2 1                              
      1.8000      !                                                         1  2                                      
      2.0000      !                                              1       2                                            
      2.2000      !                                     1          2                                                  
      2.4000      !                             1            2                                                        
      2.6000      !                       1            2                                                              
      2.8000      !                 1             2                                                                   
      3.0000      !             1            2                                                                        
      3.2000      !         1           2                                                                             
      3.4000      !      1          2                                                                                 
      3.6000      !    1         2                                                                                    
      3.8000      !   1       2                                                                                       
      4.0000      ! 1      2                                                                                          
      4.2000      !1     2                                                                                            
      4.4000      !1   2                                                                                              
      4.6000      !  2                                                                                                
      4.8000      ! 2                                                                                                 
      5.0000      !2                                                                                                  
      5.2000     1!                                                                                                   
      5.4000     1!                                                                                                   
      5.6000     1!                                                                                                   
      5.8000     1!                                                                                                   
      6.0000     1!                                                                                                   
      6.2000     1!                                                                                                   
      6.4000     1!                                                                                                   
      6.6000     2!                                                                                                   
      6.8000     2!                                                                                                   
      7.0000     2!                                                                                                   
      7.2000     2!                                                                                                   
      7.4000      !                                                                                                   
      7.6000      !                                                                                                   
      7.8000      !                                                                                                   
      8.0000      !                                                                                                   
      8.2000      !                                                                                                   
      8.4000      !                                                                                                   
      8.6000      !                                                                                                   
      8.8000      !                                                                                                   
      9.0000      !                                                                                                   
      9.2000     1!                                                                                                   
      9.4000     1!                                                                                                   
      9.6000     1!                                                                                                   
      9.8000     1!                                                                                                   
     10.0000     1!                                                                                                   
     10.2000     1!                                                                                                   
     10.4000     1!                                                                                                   
     10.6000     1!                                                                                                   
     10.8000     2!                                                                                                   
     11.0000     2!                                                                                                   
     11.2000     2!                                                                                                   
     11.4000     2!                                                                                                   
     11.6000     2!                                                                                                   
     11.8000      !                                                                                                   
     12.0000      !                                                                                                   
     12.2000      !                                                                                                   
     12.4000      !                                                                                                   
     12.6000      !                                                                                                   
     12.8000      !                                                                                                   
     13.0000      !                                                                                                   
     13.2000      !                                                                                                   
     13.4000      !                                                                                                   
     13.6000      !                                                                                                   
     13.8000      !                                                                                                   
     14.0000      !                                                                                                   
     14.2000      !                                                                                                   
     14.4000      !                                                                                                   
     14.6000      !                                                                                                   
     14.8000      !                                                                                                   
     15.0000     1!                                                                                                   
                 i         i         i         i         i         i         i         i         i         i         i
           -0.5885E-02          0.2234              0.4526              0.6819              0.9112               1.140    
                      0.1087              0.3380              0.5673              0.7965               1.026    
 

 leaving fanal

 calling lderiv: log derivatives of pseudopotential

 subroutine lderiv: pass   2

     logarithmic derivatives

      e          l=0             l=1             l=2             l=0             l=1             l=2
 
   -2.400     0.32681E+00     0.11906E+01     0.18915E+01     0.32680E+00     0.11906E+01     0.18914E+01
   -2.300     0.19608E+00     0.11397E+01     0.18666E+01     0.19607E+00     0.11397E+01     0.18665E+01
   -2.200     0.48038E-01     0.10862E+01     0.18414E+01     0.48035E-01     0.10862E+01     0.18413E+01
   -2.100    -0.12175E+00     0.10298E+01     0.18160E+01    -0.12175E+00     0.10298E+01     0.18159E+01
   -2.000    -0.31940E+00     0.97014E+00     0.17903E+01    -0.31940E+00     0.97014E+00     0.17901E+01
   -1.900    -0.55359E+00     0.90668E+00     0.17642E+01    -0.55359E+00     0.90668E+00     0.17641E+01
   -1.800    -0.83706E+00     0.83892E+00     0.17379E+01    -0.83706E+00     0.83892E+00     0.17378E+01
   -1.700    -0.11893E+01     0.76617E+00     0.17113E+01    -0.11893E+01     0.76618E+00     0.17111E+01
   -1.600    -0.16415E+01     0.68761E+00     0.16843E+01    -0.16415E+01     0.68762E+00     0.16842E+01
   -1.500    -0.22475E+01     0.60221E+00     0.16570E+01    -0.22475E+01     0.60222E+00     0.16569E+01
   -1.400    -0.31081E+01     0.50867E+00     0.16294E+01    -0.31081E+01     0.50868E+00     0.16292E+01
   -1.300    -0.44373E+01     0.40533E+00     0.16014E+01    -0.44373E+01     0.40534E+00     0.16012E+01
   -1.200    -0.67818E+01     0.29004E+00     0.15730E+01    -0.67818E+01     0.29004E+00     0.15729E+01
   -1.100    -0.12083E+02     0.15994E+00     0.15442E+01    -0.12083E+02     0.15995E+00     0.15441E+01
   -1.000    -0.35940E+02     0.11191E-01     0.15151E+01    -0.35940E+02     0.11201E-01     0.15150E+01
   -0.900     0.50698E+02    -0.16155E+00     0.14856E+01     0.50698E+02    -0.16154E+00     0.14855E+01
   -0.800     0.16241E+02    -0.36591E+00     0.14556E+01     0.16241E+02    -0.36590E+00     0.14555E+01
   -0.700     0.10106E+02    -0.61316E+00     0.14252E+01     0.10106E+02    -0.61315E+00     0.14251E+01
   -0.600     0.75304E+01    -0.92069E+00     0.13944E+01     0.75304E+01    -0.92068E+00     0.13943E+01
   -0.500     0.61050E+01    -0.13169E+01     0.13630E+01     0.61050E+01    -0.13169E+01     0.13630E+01
   -0.400     0.51941E+01    -0.18513E+01     0.13313E+01     0.51941E+01    -0.18512E+01     0.13312E+01
   -0.300     0.45576E+01    -0.26190E+01     0.12990E+01     0.45576E+01    -0.26189E+01     0.12989E+01
   -0.200     0.40845E+01    -0.38290E+01     0.12661E+01     0.40845E+01    -0.38287E+01     0.12661E+01
   -0.100     0.37167E+01    -0.60455E+01     0.12328E+01     0.37166E+01    -0.60448E+01     0.12328E+01
    0.000     0.34205E+01    -0.11507E+02     0.11989E+01     0.34204E+01    -0.11504E+02     0.11989E+01
    0.100     0.31752E+01    -0.48142E+02     0.11644E+01     0.31751E+01    -0.48069E+02     0.11644E+01
    0.200     0.29673E+01     0.27606E+02     0.11292E+01     0.29673E+01     0.27636E+02     0.11293E+01
    0.300     0.27879E+01     0.11582E+02     0.10935E+01     0.27878E+01     0.11589E+02     0.10935E+01
    0.400     0.26303E+01     0.76221E+01     0.10571E+01     0.26302E+01     0.76257E+01     0.10571E+01
    0.500     0.24900E+01     0.58141E+01     0.10199E+01     0.24900E+01     0.58167E+01     0.10201E+01
    0.600     0.23636E+01     0.47699E+01     0.98211E+00     0.23635E+01     0.47720E+01     0.98226E+00
    0.700     0.22484E+01     0.40837E+01     0.94351E+00     0.22483E+01     0.40856E+01     0.94371E+00
    0.800     0.21424E+01     0.35940E+01     0.90412E+00     0.21423E+01     0.35958E+01     0.90436E+00
    0.900     0.20441E+01     0.32235E+01     0.86391E+00     0.20440E+01     0.32252E+01     0.86419E+00
    1.000     0.19522E+01     0.29307E+01     0.82282E+00     0.19521E+01     0.29324E+01     0.82315E+00
    1.100     0.18657E+01     0.26913E+01     0.78081E+00     0.18655E+01     0.26930E+01     0.78120E+00
    1.200     0.17837E+01     0.24901E+01     0.73785E+00     0.17835E+01     0.24919E+01     0.73830E+00
    1.300     0.17056E+01     0.23172E+01     0.69388E+00     0.17054E+01     0.23190E+01     0.69440E+00
    1.400     0.16308E+01     0.21656E+01     0.64885E+00     0.16306E+01     0.21675E+01     0.64944E+00
    1.500     0.15589E+01     0.20307E+01     0.60269E+00     0.15586E+01     0.20326E+01     0.60337E+00
    1.600     0.14893E+01     0.19088E+01     0.55536E+00     0.14890E+01     0.19108E+01     0.55613E+00

   chart: log derivatives
     -2.4000                                                       !   1          2        3                          
     -2.3000                                                       ! 1           2        3                           
     -2.2000                                                       !1            2        3                           
     -2.1000                                                     1 !            2         3                           
     -2.0000                                                   1   !           2         3                            
     -1.9000                                                1      !          2          3                            
     -1.8000                                             1         !         2           3                            
     -1.7000                                        1              !         2          3                             
     -1.6000                                  1                    !        2           3                             
     -1.5000                           1                           !       2            3                             
     -1.4000                1                                      !     2             3                              
     -1.3000                                                       !    2              3                              
     -1.2000                                                       !   2               3                              
     -1.1000                                                       ! 2                3                               
     -1.0000                                                       !                  3                               
     -0.9000                                                     2 !                  3                               
     -0.8000                                                  2    !                 3                                
     -0.7000                                               2       !                 3                                
     -0.6000                                           2           !                3                                 
     -0.5000                                       2               !                3                                 
     -0.4000                                2                      !                3                                 
     -0.3000                      2                                !               3                                  
     -0.2000       2                                               !               3                                  
     -0.1000                                                       !              3                              1    
      0.0000                                                       !              3                           1       
      0.1000                                                       !              3                        1          
      0.2000                                                       !             3                      1             
      0.3000                                                       !             3                    1               
      0.4000                                                       !            3                   1                 
      0.5000                                                       !            3                 1                   
      0.6000                                                       !           3                 1                    
      0.7000                                                       !           3               1                      
      0.8000                                                       !          3               1                 2     
      0.9000                                                       !          3              1             2          
      1.0000                                                       !         3             1            2             
      1.1000                                                       !         3            1          2                
      1.2000                                                       !        3            1        2                   
      1.3000                                                       !        3           1       2                     
      1.4000                                                       !       3           1      2                       
      1.5000                                                       !       3          1     2                         
      1.6000                                                       !      3           1    2                          
                 i         i         i         i         i         i         i         i         i         i         i
            -4.000              -2.400             -0.8000              0.8000               2.400               4.000    
                      -3.200              -1.600               0.000               1.600               3.200    
 

 leaving lderiv

 eigenvalues of nonlocal potential 

   l= 0       0.870059  11.438361
   l= 1      -1.204721   6.276558

 -------------------------------------------------
 eigensolution in bessel basis with cutoff 30.00
 -------------------------------------------------

   ecut=  30.0  rmax=  10.0   nbt= 1501
   nsw(l=0)=   18
   nsw(l=1)=   17

   eigenvalues of local potential 
   l= 0      -6.150180  -0.099739
   l= 1      -0.185132   0.178506

   eigenvalues of US hamiltonian 
   l= 0      -1.742270   0.028821   0.399477   1.023505
   l= 1      -0.674067   0.142058   0.537538   1.173729

 -------------------------------------------------
 eigensolution in bessel basis with cutoff 35.00
 -------------------------------------------------

   ecut=  35.0  rmax=  10.0   nbt= 1501
   nsw(l=0)=   19
   nsw(l=1)=   19

   eigenvalues of local potential 
   l= 0      -6.197731  -0.101258
   l= 1      -0.189514   0.176018

   eigenvalues of US hamiltonian 
   l= 0      -1.742290   0.028819   0.399475   1.023502
   l= 1      -0.674474   0.142039   0.537503   1.173700

 -------------------------------------------------
 eigensolution in bessel basis with cutoff 40.00
 -------------------------------------------------

   ecut=  40.0  rmax=  10.0   nbt= 1501
   nsw(l=0)=   21
   nsw(l=1)=   20

   eigenvalues of local potential 
   l= 0      -6.248203  -0.102980
   l= 1      -0.190662   0.175341

   eigenvalues of US hamiltonian 
   l= 0      -1.742297   0.028819   0.399474   1.023501
   l= 1      -0.674747   0.142025   0.537475   1.173669
