========================================================================
pseudopotential program version  7.3.6   date: 16 - 11 -   14
========================================================================

 ifae =   1    ifpsp =   0    ifprt =   0    ifplw =   0    ilogd =   3
 rlogd=   2.60000     emin=  -2.00000     emax=   2.00000     nnt=   80
 thresh, tol =   1.000E-10   1.000E-09    damp = 0.500    maxit = 250

          *************************************************************
          Nickel               PBE - GGA           exchange-correlation
          *************************************************************

 z = 28.00    xion = 1.00    exfact =   5.00000    irel=   2
 ncspvs =    8
 rmax = 200.00000    aasf =   7.00000    bbsf =  60.00000

 value of mesh generated in rinit is   939
 irel = 2 so all electron calculations use koelling-harmon equations


                         the system has converged with
                                 delta= 0.6214114D-09


                             the eigenvalues are


          orbital          occupation          energy
           100                   1.00            -628.09739
           200                   2.00             -78.01000
           210                   6.00             -68.94408
           300                   2.00              -9.78831
           310                   6.00              -6.87554
           320                   8.00              -1.88030
           400                   2.00              -1.11969
           410                   0.00              -0.65621
 etot=  -2425.32739 ryd ;     -32996.57805 ev            ebsr,ehar,emvxc=  -1275.89352   1182.54378     33.10991

 subroutine lderiv: pass   1

 leaving lderiv
