========================================================================
pseudopotential program version  7.3.6   date:  1 - 19 -   15
========================================================================

 ifae =   1    ifpsp =   0    ifprt =   0    ifplw =   0    ilogd =   3
 rlogd=   1.80000     emin=  -2.00000     emax=   2.00000     nnt=   80
 thresh, tol =   1.000E-10   1.000E-09    damp = 0.100    maxit = 400
 z, xion, exfact   3.00000000000000       0.000000000000000E+000
   5.00000000000000     

          *************************************************************
          Li                   PBE - GGA           exchange-correlation
          *************************************************************

 z =  3.00    xion = 0.00    exfact =   5.00000    irel=   0
 ncspvs =    3
 rmax =  80.00000    aasf =   7.00000    bbsf =  60.00000

 value of mesh generated in rinit is   751
 irel = 0 so all electron calculations use schroedinger equations
 ***warning in subroutine schsol
 state  210 with energy -0.07055 either unbound or requires larger
 radial mesh with energy on iteration   2
 ***warning in subroutine schsol
 state  210 with energy -0.07062 either unbound or requires larger
 radial mesh with energy on iteration   3
 ***warning in subroutine schsol
 state  210 with energy -0.07062 either unbound or requires larger
 radial mesh with energy on iteration   4


                         the system has converged with
                                 delta= 0.9149559D-09


                             the eigenvalues are


          orbital          occupation          energy
           100                   2.00              -3.81090
           200                   1.00              -0.21123
           210                   0.00              -0.08012
 etot=    -14.90271 ryd ;       -202.75131 ev            ebsr,ehar,emvxc=     -7.83304      8.06337      0.99371
  davegp - begin printing all-electron states
           3
         751           0         100
  0.000000000000E+00  0.000000000000E+00
  0.510846319546E-05  0.474946136100E-04
  0.103027809112E-04  0.957873973526E-04
  0.155843960465E-04  0.144891723550E-03
  0.209547757508E-04  0.194821186820E-03
  0.264154118307E-04  0.245589607824E-03
  0.319678211647E-04  0.297211036976E-03
  0.376135461243E-04  0.349699758220E-03
  0.433541550030E-04  0.403070292862E-03
  0.491912424510E-04  0.457337403476E-03
  0.551264299192E-04  0.512516097860E-03
  0.611613661089E-04  0.568621633068E-03
  0.672977274301E-04  0.625669519505E-03
  0.735372184670E-04  0.683675525087E-03
  0.798815724517E-04  0.742655679478E-03
  0.863325517456E-04  0.802626278382E-03
  0.928919483287E-04  0.863603887924E-03
  0.995615842980E-04  0.925605349087E-03
  0.106343312373E-03  0.988647782235E-03
  0.113239016411E-03  0.105274859170E-02
  0.120250611928E-03  0.111792547046E-02
  0.127380046637E-03  0.118419640486E-02
  0.134629300981E-03  0.125157967948E-02
  0.142000388688E-03  0.132009388197E-02
  0.149495357331E-03  0.138975790810E-02
  0.157116288893E-03  0.146059096680E-02
  0.164865300349E-03  0.153261258527E-02
  0.172744544251E-03  0.160584261430E-02
  0.180756209330E-03  0.168030123349E-02
  0.188902521099E-03  0.175600895672E-02
  0.197185742474E-03  0.183298663763E-02
  0.205608174405E-03  0.191125547520E-02
  0.214172156510E-03  0.199083701941E-02
  0.222880067727E-03  0.207175317703E-02
  0.231734326977E-03  0.215402621750E-02
  0.240737393834E-03  0.223767877881E-02
  0.249891769206E-03  0.232273387365E-02
  0.259199996036E-03  0.240921489550E-02
  0.268664660001E-03  0.249714562490E-02
  0.278288390236E-03  0.258655023579E-02
  0.288073860060E-03  0.267745330199E-02
  0.298023787723E-03  0.276987980375E-02
  0.308140937158E-03  0.286385513439E-02
  0.318428118749E-03  0.295940510710E-02
  0.328888190112E-03  0.305655596182E-02
  0.339524056891E-03  0.315533437221E-02
  0.350338673561E-03  0.325576745276E-02
  0.361335044251E-03  0.335788276600E-02
  0.372516223580E-03  0.346170832984E-02
  0.383885317504E-03  0.356727262502E-02
  0.395445484175E-03  0.367460460263E-02
  0.407199934828E-03  0.378373369184E-02
  0.419151934661E-03  0.389468980768E-02
  0.431304803753E-03  0.400750335895E-02
  0.443661917977E-03  0.412220525630E-02
  0.456226709946E-03  0.423882692037E-02
  0.469002669960E-03  0.435740029012E-02
  0.481993346979E-03  0.447795783122E-02
  0.495202349607E-03  0.460053254464E-02
  0.508633347098E-03  0.472515797535E-02
  0.522290070371E-03  0.485186822109E-02
  0.536176313046E-03  0.498069794139E-02
  0.550295932504E-03  0.511168236665E-02
  0.564652850951E-03  0.524485730732E-02
  0.579251056513E-03  0.538025916336E-02
  0.594094604341E-03  0.551792493372E-02
  0.609187617738E-03  0.565789222596E-02
  0.624534289304E-03  0.580019926614E-02
  0.640138882103E-03  0.594488490871E-02
  0.656005730845E-03  0.609198864663E-02
  0.672139243088E-03  0.624155062164E-02
  0.688543900468E-03  0.639361163465E-02
  0.705224259940E-03  0.654821315632E-02
  0.722184955045E-03  0.670539733777E-02
  0.739430697195E-03  0.686520702147E-02
  0.756966276985E-03  0.702768575226E-02
  0.774796565523E-03  0.719287778857E-02
  0.792926515781E-03  0.736082811379E-02
  0.811361163972E-03  0.753158244781E-02
  0.830105630952E-03  0.770518725871E-02
  0.849165123637E-03  0.788168977463E-02
  0.868544936453E-03  0.806113799586E-02
  0.888250452805E-03  0.824358070702E-02
  0.908287146576E-03  0.842906748951E-02
  0.928660583643E-03  0.861764873404E-02
  0.949376423424E-03  0.880937565345E-02
  0.970440420452E-03  0.900430029561E-02
  0.991858425974E-03  0.920247555663E-02
  0.101363638957E-02  0.940395519409E-02
  0.103578036082E-02  0.960879384064E-02
  0.105829649097E-02  0.981704701770E-02
  0.108119103464E-02  0.100287711493E-01
  0.110447035157E-02  0.102440235763E-01
  0.112814090840E-02  0.104628625707E-01
  0.115220928042E-02  0.106853473499E-01
  0.117668215346E-02  0.109115380917E-01
  0.120156632569E-02  0.111414959492E-01
  0.122686870953E-02  0.113752830659E-01
  0.125259633360E-02  0.116129625909E-01
  0.127875634462E-02  0.118545986946E-01
  0.130535600943E-02  0.121002565844E-01
  0.133240271699E-02  0.123500025211E-01
  0.135990398045E-02  0.126039038344E-01
  0.138786743924E-02  0.128620289399E-01
  0.141630086115E-02  0.131244473556E-01
  0.144521214454E-02  0.133912297187E-01
  0.147460932052E-02  0.136624478032E-01
  0.150450055514E-02  0.139381745363E-01
  0.153489415174E-02  0.142184840173E-01
  0.156579855315E-02  0.145034515342E-01
  0.159722234415E-02  0.147931535826E-01
  0.162917425376E-02  0.150876678836E-01
  0.166166315772E-02  0.153870734028E-01
  0.169469808094E-02  0.156914503684E-01
  0.172828819999E-02  0.160008802910E-01
  0.176244284567E-02  0.163154459825E-01
  0.179717150562E-02  0.166352315756E-01
  0.183248382690E-02  0.169603225440E-01
  0.186838961872E-02  0.172908057220E-01
  0.190489885514E-02  0.176267693250E-01
  0.194202167784E-02  0.179683029704E-01
  0.197976839897E-02  0.183154976978E-01
  0.201814950397E-02  0.186684459907E-01
  0.205717565450E-02  0.190272417975E-01
  0.209685769141E-02  0.193919805533E-01
  0.213720663774E-02  0.197627592015E-01
  0.217823370179E-02  0.201396762165E-01
  0.221995028024E-02  0.205228316255E-01
  0.226236796128E-02  0.209123270317E-01
  0.230549852789E-02  0.213082656368E-01
  0.234935396105E-02  0.217107522648E-01
  0.239394644311E-02  0.221198933849E-01
  0.243928836116E-02  0.225357971356E-01
  0.248539231046E-02  0.229585733487E-01
  0.253227109796E-02  0.233883335734E-01
  0.257993774586E-02  0.238251911014E-01
  0.262840549518E-02  0.242692609911E-01
  0.267768780952E-02  0.247206600931E-01
  0.272779837871E-02  0.251795070758E-01
  0.277875112269E-02  0.256459224504E-01
  0.283056019531E-02  0.261200285974E-01
  0.288323998833E-02  0.266019497927E-01
  0.293680513535E-02  0.270918122340E-01
  0.299127051593E-02  0.275897440675E-01
  0.304665125969E-02  0.280958754149E-01
  0.310296275053E-02  0.286103384008E-01
  0.316022063089E-02  0.291332671803E-01
  0.321844080610E-02  0.296647979665E-01
  0.327763944881E-02  0.302050690587E-01
  0.333783300347E-02  0.307542208709E-01
  0.339903819090E-02  0.313123959600E-01
  0.346127201292E-02  0.318797390550E-01
  0.352455175712E-02  0.324563970858E-01
  0.358889500161E-02  0.330425192124E-01
  0.365431961993E-02  0.336382568550E-01
  0.372084378599E-02  0.342437637231E-01
  0.378848597917E-02  0.348591958461E-01
  0.385726498940E-02  0.354847116030E-01
  0.392719992239E-02  0.361204717534E-01
  0.399831020498E-02  0.367666394677E-01
  0.407061559046E-02  0.374233803584E-01
  0.414413616415E-02  0.380908625109E-01
  0.421889234888E-02  0.387692565150E-01
  0.429490491076E-02  0.394587354962E-01
  0.437219496486E-02  0.401594751475E-01
  0.445078398115E-02  0.408716537613E-01
  0.453069379041E-02  0.415954522611E-01
  0.461194659032E-02  0.423310542341E-01
  0.469456495164E-02  0.430786459632E-01
  0.477857182443E-02  0.438384164595E-01
  0.486399054448E-02  0.446105574950E-01
  0.495084483977E-02  0.453952636353E-01
  0.503915883703E-02  0.461927322723E-01
  0.512895706851E-02  0.470031636570E-01
  0.522026447874E-02  0.478267609327E-01
  0.531310643146E-02  0.486637301682E-01
  0.540750871672E-02  0.495142803902E-01
  0.550349755798E-02  0.503786236171E-01
  0.560109961941E-02  0.512569748921E-01
  0.570034201334E-02  0.521495523160E-01
  0.580125230773E-02  0.530565770805E-01
  0.590385853386E-02  0.539782735014E-01
  0.600818919413E-02  0.549148690516E-01
  0.611427326994E-02  0.558665943943E-01
  0.622214022979E-02  0.568336834155E-01
  0.633182003739E-02  0.578163732569E-01
  0.644334316008E-02  0.588149043491E-01
  0.655674057722E-02  0.598295204434E-01
  0.667204378881E-02  0.608604686443E-01
  0.678928482427E-02  0.619079994419E-01
  0.690849625131E-02  0.629723667435E-01
  0.702971118498E-02  0.640538279055E-01
  0.715296329687E-02  0.651526437643E-01
  0.727828682447E-02  0.662690786677E-01
  0.740571658069E-02  0.674034005054E-01
  0.753528796348E-02  0.685558807392E-01
  0.766703696575E-02  0.697267944330E-01
  0.780100018528E-02  0.709164202822E-01
  0.793721483493E-02  0.721250406425E-01
  0.807571875299E-02  0.733529415582E-01
  0.821655041365E-02  0.746004127902E-01
  0.835974893773E-02  0.758677478434E-01
  0.850535410352E-02  0.771552439927E-01
  0.865340635783E-02  0.784632023093E-01
  0.880394682725E-02  0.797919276855E-01
  0.895701732952E-02  0.811417288595E-01
  0.911266038523E-02  0.825129184383E-01
  0.927091922956E-02  0.839058129208E-01
  0.943183782431E-02  0.853207327191E-01
  0.959546087013E-02  0.867580021793E-01
  0.976183381892E-02  0.882179496013E-01
  0.993100288645E-02  0.897009072569E-01
  0.101030150652E-01  0.912072114074E-01
  0.102779181375E-01  0.927372023195E-01
  0.104557606886E-01  0.942912242804E-01
  0.106365921204E-01  0.958696256107E-01
  0.108204626649E-01  0.974727586769E-01
  0.110074233986E-01  0.991009799013E-01
  0.111975262561E-01  0.100754649772E+00
  0.113908240451E-01  0.102434132847E+00
  0.115873704606E-01  0.104139797765E+00
  0.117872201000E-01  0.105872017245E+00
  0.119904284786E-01  0.107631168087E+00
  0.121970520442E-01  0.109417631176E+00
  0.124071481938E-01  0.111231791477E+00
  0.126207752887E-01  0.113074038029E+00
  0.128379926712E-01  0.114944763943E+00
  0.130588606807E-01  0.116844366387E+00
  0.132834406709E-01  0.118773246579E+00
  0.135117950267E-01  0.120731809770E+00
  0.137439871812E-01  0.122720465227E+00
  0.139800816338E-01  0.124739626217E+00
  0.142201439678E-01  0.126789709977E+00
  0.144642408686E-01  0.128871137697E+00
  0.147124401427E-01  0.130984334483E+00
  0.149648107357E-01  0.133129729332E+00
  0.152214227523E-01  0.135307755091E+00
  0.154823474752E-01  0.137518848420E+00
  0.157476573852E-01  0.139763449749E+00
  0.160174261812E-01  0.142042003231E+00
  0.162917288008E-01  0.144354956692E+00
  0.165706414408E-01  0.146702761576E+00
  0.168542415787E-01  0.149085872885E+00
  0.171426079943E-01  0.151504749118E+00
  0.174358207911E-01  0.153959852198E+00
  0.177339614191E-01  0.156451647406E+00
  0.180371126970E-01  0.158980603297E+00
  0.183453588353E-01  0.161547191619E+00
  0.186587854602E-01  0.164151887229E+00
  0.189774796364E-01  0.166795167993E+00
  0.193015298923E-01  0.169477514689E+00
  0.196310262438E-01  0.172199410905E+00
  0.199660602199E-01  0.174961342924E+00
  0.203067248877E-01  0.177763799607E+00
  0.206531148784E-01  0.180607272270E+00
  0.210053264137E-01  0.183492254556E+00
  0.213634573325E-01  0.186419242293E+00
  0.217276071178E-01  0.189388733351E+00
  0.220978769247E-01  0.192401227491E+00
  0.224743696084E-01  0.195457226208E+00
  0.228571897524E-01  0.198557232558E+00
  0.232464436983E-01  0.201701750988E+00
  0.236422395746E-01  0.204891287151E+00
  0.240446873271E-01  0.208126347713E+00
  0.244538987496E-01  0.211407440153E+00
  0.248699875144E-01  0.214735072555E+00
  0.252930692045E-01  0.218109753386E+00
  0.257232613452E-01  0.221531991269E+00
  0.261606834372E-01  0.225002294747E+00
  0.266054569893E-01  0.228521172030E+00
  0.270577055528E-01  0.232089130739E+00
  0.275175547550E-01  0.235706677637E+00
  0.279851323348E-01  0.239374318346E+00
  0.284605681779E-01  0.243092557060E+00
  0.289439943529E-01  0.246861896235E+00
  0.294355451479E-01  0.250682836281E+00
  0.299353571080E-01  0.254555875231E+00
  0.304435690729E-01  0.258481508404E+00
  0.309603222161E-01  0.262460228047E+00
  0.314857600833E-01  0.266492522979E+00
  0.320200286330E-01  0.270578878203E+00
  0.325632762763E-01  0.274719774521E+00
  0.331156539191E-01  0.278915688123E+00
  0.336773150030E-01  0.283167090168E+00
  0.342484155487E-01  0.287474446350E+00
  0.348291141988E-01  0.291838216447E+00
  0.354195722623E-01  0.296258853852E+00
  0.360199537590E-01  0.300736805099E+00
  0.366304254656E-01  0.305272509361E+00
  0.372511569614E-01  0.309866397938E+00
  0.378823206757E-01  0.314518893727E+00
  0.385240919360E-01  0.319230410677E+00
  0.391766490161E-01  0.324001353226E+00
  0.398401731861E-01  0.328832115716E+00
  0.405148487625E-01  0.333723081799E+00
  0.412008631595E-01  0.338674623815E+00
  0.418984069412E-01  0.343687102163E+00
  0.426076738741E-01  0.348760864641E+00
  0.433288609814E-01  0.353896245777E+00
  0.440621685975E-01  0.359093566139E+00
  0.448078004237E-01  0.364353131616E+00
  0.455659635847E-01  0.369675232697E+00
  0.463368686863E-01  0.375060143711E+00
  0.471207298737E-01  0.380508122063E+00
  0.479177648911E-01  0.386019407438E+00
  0.487281951425E-01  0.391594220994E+00
  0.495522457524E-01  0.397232764522E+00
  0.503901456291E-01  0.402935219600E+00
  0.512421275279E-01  0.408701746716E+00
  0.521084281160E-01  0.414532484370E+00
  0.529892880380E-01  0.420427548161E+00
  0.538849519829E-01  0.426387029846E+00
  0.547956687520E-01  0.432410996383E+00
  0.557216913280E-01  0.438499488947E+00
  0.566632769453E-01  0.444652521932E+00
  0.576206871616E-01  0.450870081924E+00
  0.585941879303E-01  0.457152126657E+00
  0.595840496746E-01  0.463498583947E+00
  0.605905473624E-01  0.469909350608E+00
  0.616139605828E-01  0.476384291338E+00
  0.626545736240E-01  0.482923237596E+00
  0.637126755517E-01  0.489525986451E+00
  0.647885602900E-01  0.496192299412E+00
  0.658825267027E-01  0.502921901240E+00
  0.669948786764E-01  0.509714478742E+00
  0.681259252048E-01  0.516569679539E+00
  0.692759804748E-01  0.523487110826E+00
  0.704453639537E-01  0.530466338105E+00
  0.716344004777E-01  0.537506883907E+00
  0.728434203424E-01  0.544608226493E+00
  0.740727593943E-01  0.551769798540E+00
  0.753227591245E-01  0.558990985817E+00
  0.765937667631E-01  0.566271125841E+00
  0.778861353761E-01  0.573609506521E+00
  0.792002239629E-01  0.581005364790E+00
  0.805363975567E-01  0.588457885229E+00
  0.818950273254E-01  0.595966198677E+00
  0.832764906748E-01  0.603529380835E+00
  0.846811713537E-01  0.611146450859E+00
  0.861094595601E-01  0.618816369955E+00
  0.875617520501E-01  0.626538039958E+00
  0.890384522474E-01  0.634310301921E+00
  0.905399703562E-01  0.642131934694E+00
  0.920667234743E-01  0.650001653503E+00
  0.936191357098E-01  0.657918108545E+00
  0.951976382982E-01  0.665879883566E+00
  0.968026697226E-01  0.673885494469E+00
  0.984346758355E-01  0.681933387912E+00
  0.100094109982E+00  0.690021939929E+00
  0.101781433127E+00  0.698149454561E+00
  0.103497113983E+00  0.706314162502E+00
  0.105241629138E+00  0.714514219769E+00
  0.107015463191E+00  0.722747706386E+00
  0.108819108885E+00  0.731012625103E+00
  0.110653067244E+00  0.739306900129E+00
  0.112517847714E+00  0.747628375915E+00
  0.114413968300E+00  0.755974815948E+00
  0.116341955715E+00  0.764343901605E+00
  0.118302345524E+00  0.772733231032E+00
  0.120295682291E+00  0.781140318075E+00
  0.122322519735E+00  0.789562591260E+00
  0.124383420879E+00  0.797997392818E+00
  0.126478958208E+00  0.806441977775E+00
  0.128609713830E+00  0.814893513099E+00
  0.130776279634E+00  0.823349076909E+00
  0.132979257460E+00  0.831805657755E+00
  0.135219259258E+00  0.840260153972E+00
  0.137496907267E+00  0.848709373108E+00
  0.139812834181E+00  0.857150031440E+00
  0.142167683328E+00  0.865578753570E+00
  0.144562108847E+00  0.873992072118E+00
  0.146996775873E+00  0.882386427510E+00
  0.149472360717E+00  0.890758167864E+00
  0.151989551058E+00  0.899103548989E+00
  0.154549046132E+00  0.907418734489E+00
  0.157151556925E+00  0.915699795988E+00
  0.159797806375E+00  0.923942713472E+00
  0.162488529567E+00  0.932143375763E+00
  0.165224473942E+00  0.940297581122E+00
  0.168006399502E+00  0.948401037987E+00
  0.170835079022E+00  0.956449365858E+00
  0.173711298265E+00  0.964438096329E+00
  0.176635856199E+00  0.972362674264E+00
  0.179609565219E+00  0.980218459145E+00
  0.182633251376E+00  0.988000726569E+00
  0.185707754601E+00  0.995704669923E+00
  0.188833928944E+00  0.100332540222E+01
  0.192012642805E+00  0.101085795814E+01
  0.195244779181E+00  0.101829729619E+01
  0.198531235910E+00  0.102563830115E+01
  0.201872925916E+00  0.103287578660E+01
  0.205270777468E+00  0.104000449772E+01
  0.208725734436E+00  0.104701911427E+01
  0.212238756552E+00  0.105391425375E+01
  0.215810819679E+00  0.106068447480E+01
  0.219442916078E+00  0.106732428075E+01
  0.223136054690E+00  0.107382812350E+01
  0.226891261409E+00  0.108019040747E+01
  0.230709579374E+00  0.108640549387E+01
  0.234592069251E+00  0.109246770515E+01
  0.238539809536E+00  0.109837132969E+01
  0.242553896849E+00  0.110411062669E+01
  0.246635446239E+00  0.110967983131E+01
  0.250785591496E+00  0.111507316001E+01
  0.255005485466E+00  0.112028481613E+01
  0.259296300369E+00  0.112530899568E+01
  0.263659228124E+00  0.113013989341E+01
  0.268095480684E+00  0.113477170899E+01
  0.272606290371E+00  0.113919865351E+01
  0.277192910215E+00  0.114341495620E+01
  0.281856614308E+00  0.114741487126E+01
  0.286598698153E+00  0.115119268504E+01
  0.291420479026E+00  0.115474272333E+01
  0.296323296341E+00  0.115805935887E+01
  0.301308512023E+00  0.116113701912E+01
  0.306377510888E+00  0.116397019415E+01
  0.311531701022E+00  0.116655344472E+01
  0.316772514178E+00  0.116888141063E+01
  0.322101406172E+00  0.117094881911E+01
  0.327519857285E+00  0.117275049346E+01
  0.333029372678E+00  0.117428136186E+01
  0.338631482807E+00  0.117553646622E+01
  0.344327743849E+00  0.117651097129E+01
  0.350119738137E+00  0.117720017382E+01
  0.356009074594E+00  0.117759951184E+01
  0.361997389185E+00  0.117770457408E+01
  0.368086345370E+00  0.117751110940E+01
  0.374277634564E+00  0.117701503638E+01
  0.380572976610E+00  0.117621245292E+01
  0.386974120254E+00  0.117509964589E+01
  0.393482843633E+00  0.117367310079E+01
  0.400100954768E+00  0.117192951150E+01
  0.406830292065E+00  0.116986578992E+01
  0.413672724828E+00  0.116747907564E+01
  0.420630153776E+00  0.116476674558E+01
  0.427704511574E+00  0.116172642355E+01
  0.434897763366E+00  0.115835598972E+01
  0.442211907325E+00  0.115465359001E+01
  0.449648975203E+00  0.115061764534E+01
  0.457211032902E+00  0.114624686072E+01
  0.464900181040E+00  0.114154023424E+01
  0.472718555543E+00  0.113649706576E+01
  0.480668328230E+00  0.113111696550E+01
  0.488751707424E+00  0.112539986226E+01
  0.496970938559E+00  0.111934601148E+01
  0.505328304808E+00  0.111295600296E+01
  0.513826127715E+00  0.110623076823E+01
  0.522466767842E+00  0.109917158759E+01
  0.531252625421E+00  0.109178009679E+01
  0.540186141026E+00  0.108405829320E+01
  0.549269796245E+00  0.107600854167E+01
  0.558506114375E+00  0.106763357976E+01
  0.567897661119E+00  0.105893652254E+01
  0.577447045301E+00  0.104992086684E+01
  0.587156919588E+00  0.104059049483E+01
  0.597029981230E+00  0.103094967701E+01
  0.607068972808E+00  0.102100307459E+01
  0.617276682996E+00  0.101075574104E+01
  0.627655947333E+00  0.100021312294E+01
  0.638209649016E+00  0.989381060085E+00
  0.648940719696E+00  0.978265784639E+00
  0.659852140296E+00  0.966873919486E+00
  0.670946941835E+00  0.955212475637E+00
  0.682228206274E+00  0.943288848632E+00
  0.693699067371E+00  0.931110813984E+00
  0.705362711549E+00  0.918686521510E+00
  0.717222378785E+00  0.906024488630E+00
  0.729281363506E+00  0.893133592492E+00
  0.741543015509E+00  0.880023060984E+00
  0.754010740886E+00  0.866702462530E+00
  0.766688002976E+00  0.853181694723E+00
  0.779578323320E+00  0.839470971723E+00
  0.792685282647E+00  0.825580810460E+00
  0.806012521863E+00  0.811522015631E+00
  0.819563743064E+00  0.797305663511E+00
  0.833342710566E+00  0.782943084612E+00
  0.847353251947E+00  0.768445845235E+00
  0.861599259117E+00  0.753825727964E+00
  0.876084689389E+00  0.739094711175E+00
  0.890813566589E+00  0.724264947650E+00
  0.905789982164E+00  0.709348742377E+00
  0.921018096329E+00  0.694358529661E+00
  0.936502139210E+00  0.679306849640E+00
  0.952246412033E+00  0.664206324361E+00
  0.968255288305E+00  0.649069633502E+00
  0.984533215042E+00  0.633909489928E+00
  0.100108471399E+01  0.618738615143E+00
  0.101791438290E+01  0.603569714821E+00
  0.103502689679E+01  0.588415454471E+00
  0.105242700924E+01  0.573288435393E+00
  0.107011955373E+01  0.558201170918E+00
  0.108810944497E+01  0.543166063083E+00
  0.110640168026E+01  0.528195379669E+00
  0.112500134090E+01  0.513301231691E+00
  0.114391359358E+01  0.498495551230E+00
  0.116314369183E+01  0.483790069631E+00
  0.118269697747E+01  0.469196295927E+00
  0.120257888208E+01  0.454725495480E+00
  0.122279492855E+01  0.440388668674E+00
  0.124335073258E+01  0.426196529710E+00
  0.126425200424E+01  0.412159485373E+00
  0.128550454958E+01  0.398287613971E+00
  0.130711427221E+01  0.384590644511E+00
  0.132908717499E+01  0.371077936633E+00
  0.135142936163E+01  0.357758461813E+00
  0.137414703843E+01  0.344640786963E+00
  0.139724651603E+01  0.331733061785E+00
  0.142073421107E+01  0.319043012031E+00
  0.144461664807E+01  0.306577941316E+00
  0.146890046121E+01  0.294344745008E+00
  0.149359239612E+01  0.282349940107E+00
  0.151869931186E+01  0.270599715293E+00
  0.154422818271E+01  0.259100004249E+00
  0.157018610021E+01  0.247856582911E+00
  0.159658027504E+01  0.236875185780E+00
  0.162341803909E+01  0.226161627822E+00
  0.165070684748E+01  0.215721905606E+00
  0.167845428059E+01  0.205562236441E+00
  0.170666804623E+01  0.195688980586E+00
  0.173535598174E+01  0.186108389485E+00
  0.176452605617E+01  0.176826147380E+00
  0.179418637251E+01  0.167846742975E+00
  0.182434516992E+01  0.159172819350E+00
  0.185501082605E+01  0.150804746577E+00
  0.188619185932E+01  0.142740632489E+00
  0.191789693135E+01  0.134976787334E+00
  0.195013484928E+01  0.127508421383E+00
  0.198291456832E+01  0.120330282853E+00
  0.201624519415E+01  0.113437063488E+00
  0.205013598548E+01  0.106823564046E+00
  0.208459635666E+01  0.100484700357E+00
  0.211963588021E+01  0.944154368050E-01
  0.215526428958E+01  0.886107044914E-01
  0.219149148176E+01  0.830653314165E-01
  0.222832752010E+01  0.777739930401E-01
  0.226578263708E+01  0.727311825756E-01
  0.230386723712E+01  0.679311972254E-01
  0.234259189954E+01  0.633681362525E-01
  0.238196738143E+01  0.590359074120E-01
  0.242200462067E+01  0.549282391303E-01
  0.246271473899E+01  0.510386965410E-01
  0.250410904500E+01  0.473607000547E-01
  0.254619903740E+01  0.438875455282E-01
  0.258899640811E+01  0.406124253734E-01
  0.263251304558E+01  0.375284501330E-01
  0.267676103803E+01  0.346286701715E-01
  0.272175267687E+01  0.319060972251E-01
  0.276750046005E+01  0.293537256047E-01
  0.281401709559E+01  0.269645529020E-01
  0.286131550507E+01  0.247316000659E-01
  0.290940882725E+01  0.226479307567E-01
  0.295831042169E+01  0.207066698838E-01
  0.300803387249E+01  0.189010212644E-01
  0.305859299203E+01  0.172242843340E-01
  0.311000182483E+01  0.156698698629E-01
  0.316227465146E+01  0.142313146246E-01
  0.321542599249E+01  0.129022949847E-01
  0.326947061252E+01  0.116766393669E-01
  0.332442352428E+01  0.105483395780E-01
  0.338029999284E+01  0.951156095956E-02
  0.343711553979E+01  0.856065136207E-02
  0.349488594759E+01  0.769014892342E-02
  0.355362726395E+01  0.689478866032E-02
  0.361335580628E+01  0.616950787190E-02
  0.367408816623E+01  0.550945037843E-02
  0.373584121428E+01  0.490996961178E-02
  0.379863210446E+01  0.436663059569E-02
  0.386247827909E+01  0.387521084905E-02
  0.392739747362E+01  0.343170026449E-02
  0.399340772158E+01  0.303230001011E-02
  0.406052735958E+01  0.267342051763E-02
  0.412877503239E+01  0.235167861620E-02
  0.419816969814E+01  0.206389388231E-02
  0.426873063357E+01  0.180708427171E-02
  0.434047743939E+01  0.157846110657E-02
  0.441343004573E+01  0.137542348650E-02
  0.448760871768E+01  0.119555219556E-02
  0.456303406090E+01  0.103660317317E-02
  0.463972702735E+01  0.896500617921E-03
  0.471770892114E+01  0.773329789285E-03
  0.479700140439E+01  0.665329572009E-03
  0.487762650332E+01  0.570884864377E-03
  0.495960661430E+01  0.488518850379E-03
  0.504296451011E+01  0.416885212426E-03
  0.512772334626E+01  0.354760339317E-03
  0.521390666741E+01  0.301035580722E-03
  0.530153841393E+01  0.254709596553E-03
  0.539064292853E+01  0.214880845861E-03
  0.548124496304E+01  0.180740256143E-03
  0.557336968528E+01  0.151564109721E-03
  0.566704268604E+01  0.126707179457E-03
  0.576228998620E+01  0.105596141516E-03
  0.585913804395E+01  0.877232880870E-04
  0.595761376216E+01  0.726405583687E-04
  0.605774449583E+01  0.599539013206E-04
  0.615955805968E+01  0.493179792882E-04
  0.626308273593E+01  0.404312171674E-04
  0.636834728209E+01  0.330311978445E-04
  0.647538093899E+01  0.268904008312E-04
  0.658421343889E+01  0.218122777407E-04
  0.669487501374E+01  0.176276551864E-04
  0.680739640358E+01  0.141914531493E-04
  0.692180886507E+01  0.113797045635E-04
  0.703814418019E+01  0.908686002610E-05
  0.715643466505E+01  0.722335989454E-05
  0.727671317889E+01  0.571345470812E-05
  0.739901313316E+01  0.449325361860E-05
  0.752336850087E+01  0.350897935525E-05
  0.764981382598E+01  0.271540691648E-05
  0.777838423299E+01  0.207446155510E-05
  0.790911543675E+01  0.155394934849E-05
  0.804204375230E+01  0.112639037716E-05
  0.817720610505E+01  0.767919664075E-06
  0.831464004095E+01  0.457213776667E-06
  0.845438373698E+01  0.174390157787E-06
  0.859647601174E+01  0.000000000000E+00
  0.874095633622E+01  0.000000000000E+00
  0.888786484476E+01  0.000000000000E+00
  0.903724234623E+01  0.000000000000E+00
  0.918913033535E+01  0.000000000000E+00
  0.934357100419E+01  0.000000000000E+00
  0.950060725393E+01  0.000000000000E+00
  0.966028270678E+01  0.000000000000E+00
  0.982264171803E+01  0.000000000000E+00
  0.998772938848E+01  0.000000000000E+00
  0.101555915769E+02  0.000000000000E+00
  0.103262749126E+02  0.000000000000E+00
  0.104998268089E+02  0.000000000000E+00
  0.106762954757E+02  0.000000000000E+00
  0.108557299333E+02  0.000000000000E+00
  0.110381800256E+02  0.000000000000E+00
  0.112236964344E+02  0.000000000000E+00
  0.114123306933E+02  0.000000000000E+00
  0.116041352019E+02  0.000000000000E+00
  0.117991632404E+02  0.000000000000E+00
  0.119974689846E+02  0.000000000000E+00
  0.121991075206E+02  0.000000000000E+00
  0.124041348604E+02  0.000000000000E+00
  0.126126079575E+02  0.000000000000E+00
  0.128245847224E+02  0.000000000000E+00
  0.130401240387E+02  0.000000000000E+00
  0.132592857801E+02  0.000000000000E+00
  0.134821308260E+02  0.000000000000E+00
  0.137087210795E+02  0.000000000000E+00
  0.139391194836E+02  0.000000000000E+00
  0.141733900394E+02  0.000000000000E+00
  0.144115978235E+02  0.000000000000E+00
  0.146538090064E+02  0.000000000000E+00
  0.149000908704E+02  0.000000000000E+00
  0.151505118289E+02  0.000000000000E+00
  0.154051414446E+02  0.000000000000E+00
  0.156640504499E+02  0.000000000000E+00
  0.159273107654E+02  0.000000000000E+00
  0.161949955207E+02  0.000000000000E+00
  0.164671790745E+02  0.000000000000E+00
  0.167439370350E+02  0.000000000000E+00
  0.170253462813E+02  0.000000000000E+00
  0.173114849843E+02  0.000000000000E+00
  0.176024326289E+02  0.000000000000E+00
  0.178982700357E+02  0.000000000000E+00
  0.181990793837E+02  0.000000000000E+00
  0.185049442330E+02  0.000000000000E+00
  0.188159495481E+02  0.000000000000E+00
  0.191321817212E+02  0.000000000000E+00
  0.194537285966E+02  0.000000000000E+00
  0.197806794951E+02  0.000000000000E+00
  0.201131252385E+02  0.000000000000E+00
  0.204511581748E+02  0.000000000000E+00
  0.207948722043E+02  0.000000000000E+00
  0.211443628054E+02  0.000000000000E+00
  0.214997270610E+02  0.000000000000E+00
  0.218610636856E+02  0.000000000000E+00
  0.222284730530E+02  0.000000000000E+00
  0.226020572236E+02  0.000000000000E+00
  0.229819199731E+02  0.000000000000E+00
  0.233681668216E+02  0.000000000000E+00
  0.237609050622E+02  0.000000000000E+00
  0.241602437914E+02  0.000000000000E+00
  0.245662939392E+02  0.000000000000E+00
  0.249791683000E+02  0.000000000000E+00
  0.253989815637E+02  0.000000000000E+00
  0.258258503478E+02  0.000000000000E+00
  0.262598932297E+02  0.000000000000E+00
  0.267012307797E+02  0.000000000000E+00
  0.271499855943E+02  0.000000000000E+00
  0.276062823307E+02  0.000000000000E+00
  0.280702477407E+02  0.000000000000E+00
  0.285420107067E+02  0.000000000000E+00
  0.290217022770E+02  0.000000000000E+00
  0.295094557023E+02  0.000000000000E+00
  0.300054064729E+02  0.000000000000E+00
  0.305096923559E+02  0.000000000000E+00
  0.310224534341E+02  0.000000000000E+00
  0.315438321443E+02  0.000000000000E+00
  0.320739733174E+02  0.000000000000E+00
  0.326130242183E+02  0.000000000000E+00
  0.331611345867E+02  0.000000000000E+00
  0.337184566790E+02  0.000000000000E+00
  0.342851453105E+02  0.000000000000E+00
  0.348613578984E+02  0.000000000000E+00
  0.354472545054E+02  0.000000000000E+00
  0.360429978844E+02  0.000000000000E+00
  0.366487535234E+02  0.000000000000E+00
  0.372646896918E+02  0.000000000000E+00
  0.378909774870E+02  0.000000000000E+00
  0.385277908817E+02  0.000000000000E+00
  0.391753067728E+02  0.000000000000E+00
  0.398337050299E+02  0.000000000000E+00
  0.405031685456E+02  0.000000000000E+00
  0.411838832863E+02  0.000000000000E+00
  0.418760383439E+02  0.000000000000E+00
  0.425798259880E+02  0.000000000000E+00
  0.432954417198E+02  0.000000000000E+00
  0.440230843261E+02  0.000000000000E+00
  0.447629559343E+02  0.000000000000E+00
  0.455152620693E+02  0.000000000000E+00
  0.462802117097E+02  0.000000000000E+00
  0.470580173465E+02  0.000000000000E+00
  0.478488950418E+02  0.000000000000E+00
  0.486530644890E+02  0.000000000000E+00
  0.494707490735E+02  0.000000000000E+00
  0.503021759354E+02  0.000000000000E+00
  0.511475760318E+02  0.000000000000E+00
  0.520071842015E+02  0.000000000000E+00
  0.528812392301E+02  0.000000000000E+00
  0.537699839163E+02  0.000000000000E+00
  0.546736651393E+02  0.000000000000E+00
  0.555925339275E+02  0.000000000000E+00
  0.565268455282E+02  0.000000000000E+00
  0.574768594783E+02  0.000000000000E+00
  0.584428396767E+02  0.000000000000E+00
  0.594250544575E+02  0.000000000000E+00
  0.604237766644E+02  0.000000000000E+00
  0.614392837267E+02  0.000000000000E+00
  0.624718577361E+02  0.000000000000E+00
  0.635217855256E+02  0.000000000000E+00
  0.645893587483E+02  0.000000000000E+00
  0.656748739593E+02  0.000000000000E+00
  0.667786326976E+02  0.000000000000E+00
  0.679009415699E+02  0.000000000000E+00
  0.690421123360E+02  0.000000000000E+00
  0.702024619949E+02  0.000000000000E+00
  0.713823128736E+02  0.000000000000E+00
  0.725819927159E+02  0.000000000000E+00
  0.738018347741E+02  0.000000000000E+00
  0.750421779009E+02  0.000000000000E+00
  0.763033666440E+02  0.000000000000E+00
  0.775857513419E+02  0.000000000000E+00
  0.788896882207E+02  0.000000000000E+00
  0.802155394934E+02  0.000000000000E+00
  0.815636734608E+02  0.000000000000E+00
         751           0         200
  0.000000000000E+00  0.000000000000E+00
  0.510846319546E-05  0.833262120249E-05
  0.103027809112E-04  0.168052761652E-04
  0.155843960465E-04  0.254203109741E-04
  0.209547757508E-04  0.341801107158E-04
  0.264154118307E-04  0.430871001341E-04
  0.319678211647E-04  0.521437442818E-04
  0.376135461243E-04  0.613525491827E-04
  0.433541550030E-04  0.707160625043E-04
  0.491912424510E-04  0.802368742426E-04
  0.551264299192E-04  0.899176174165E-04
  0.611613661089E-04  0.997609687752E-04
  0.672977274301E-04  0.109769649517E-03
  0.735372184670E-04  0.119946426017E-03
  0.798815724517E-04  0.130294110574E-03
  0.863325517456E-04  0.140815562161E-03
  0.928919483287E-04  0.151513687195E-03
  0.995615842980E-04  0.162391440312E-03
  0.106343312373E-03  0.173451825168E-03
  0.113239016411E-03  0.184697895235E-03
  0.120250611928E-03  0.196132754627E-03
  0.127380046637E-03  0.207759558930E-03
  0.134629300981E-03  0.219581516047E-03
  0.142000388688E-03  0.231601887060E-03
  0.149495357331E-03  0.243823987103E-03
  0.157116288893E-03  0.256251186250E-03
  0.164865300349E-03  0.268886910420E-03
  0.172744544251E-03  0.281734642296E-03
  0.180756209330E-03  0.294797922254E-03
  0.188902521099E-03  0.308080349314E-03
  0.197185742474E-03  0.321585582103E-03
  0.205608174405E-03  0.335317339838E-03
  0.214172156510E-03  0.349279403314E-03
  0.222880067727E-03  0.363475615925E-03
  0.231734326977E-03  0.377909884687E-03
  0.240737393834E-03  0.392586181282E-03
  0.249891769206E-03  0.407508543124E-03
  0.259199996036E-03  0.422681074438E-03
  0.268664660001E-03  0.438107947350E-03
  0.278288390236E-03  0.453793403013E-03
  0.288073860060E-03  0.469741752728E-03
  0.298023787723E-03  0.485957379103E-03
  0.308140937158E-03  0.502444737216E-03
  0.318428118749E-03  0.519208355810E-03
  0.328888190112E-03  0.536252838492E-03
  0.339524056891E-03  0.553582864964E-03
  0.350338673561E-03  0.571203192270E-03
  0.361335044251E-03  0.589118656055E-03
  0.372516223580E-03  0.607334171860E-03
  0.383885317504E-03  0.625854736419E-03
  0.395445484175E-03  0.644685428991E-03
  0.407199934828E-03  0.663831412706E-03
  0.419151934661E-03  0.683297935934E-03
  0.431304803753E-03  0.703090333672E-03
  0.443661917977E-03  0.723214028963E-03
  0.456226709946E-03  0.743674534321E-03
  0.469002669960E-03  0.764477453193E-03
  0.481993346979E-03  0.785628481434E-03
  0.495202349607E-03  0.807133408813E-03
  0.508633347098E-03  0.828998120532E-03
  0.522290070371E-03  0.851228598779E-03
  0.536176313046E-03  0.873830924294E-03
  0.550295932504E-03  0.896811277970E-03
  0.564652850951E-03  0.920175942473E-03
  0.579251056513E-03  0.943931303881E-03
  0.594094604341E-03  0.968083853359E-03
  0.609187617738E-03  0.992640188852E-03
  0.624534289304E-03  0.101760701681E-02
  0.640138882103E-03  0.104299115392E-02
  0.656005730845E-03  0.106879952889E-02
  0.672139243088E-03  0.109503918426E-02
  0.688543900468E-03  0.112171727820E-02
  0.705224259940E-03  0.114884108638E-02
  0.722184955045E-03  0.117641800385E-02
  0.739430697195E-03  0.120445554695E-02
  0.756966276985E-03  0.123296135523E-02
  0.774796565523E-03  0.126194319345E-02
  0.792926515781E-03  0.129140895353E-02
  0.811361163972E-03  0.132136665661E-02
  0.830105630952E-03  0.135182445508E-02
  0.849165123637E-03  0.138279063469E-02
  0.868544936453E-03  0.141427361664E-02
  0.888250452805E-03  0.144628195971E-02
  0.908287146576E-03  0.147882436249E-02
  0.928660583643E-03  0.151190966553E-02
  0.949376423424E-03  0.154554685362E-02
  0.970440420452E-03  0.157974505803E-02
  0.991858425974E-03  0.161451355884E-02
  0.101363638957E-02  0.164986178728E-02
  0.103578036082E-02  0.168579932806E-02
  0.105829649097E-02  0.172233592182E-02
  0.108119103464E-02  0.175948146757E-02
  0.110447035157E-02  0.179724602511E-02
  0.112814090840E-02  0.183563981762E-02
  0.115220928042E-02  0.187467323413E-02
  0.117668215346E-02  0.191435683215E-02
  0.120156632569E-02  0.195470134027E-02
  0.122686870953E-02  0.199571766082E-02
  0.125259633360E-02  0.203741687255E-02
  0.127875634462E-02  0.207981023338E-02
  0.130535600943E-02  0.212290918314E-02
  0.133240271699E-02  0.216672534642E-02
  0.135990398045E-02  0.221127053535E-02
  0.138786743924E-02  0.225655675254E-02
  0.141630086115E-02  0.230259619400E-02
  0.144521214454E-02  0.234940125206E-02
  0.147460932052E-02  0.239698451843E-02
  0.150450055514E-02  0.244535878720E-02
  0.153489415174E-02  0.249453705796E-02
  0.156579855315E-02  0.254453253890E-02
  0.159722234415E-02  0.259535865000E-02
  0.162917425376E-02  0.264702902624E-02
  0.166166315772E-02  0.269955752084E-02
  0.169469808094E-02  0.275295820859E-02
  0.172828819999E-02  0.280724538914E-02
  0.176244284567E-02  0.286243359045E-02
  0.179717150562E-02  0.291853757215E-02
  0.183248382690E-02  0.297557232907E-02
  0.186838961872E-02  0.303355309472E-02
  0.190489885514E-02  0.309249534487E-02
  0.194202167784E-02  0.315241480117E-02
  0.197976839897E-02  0.321332743476E-02
  0.201814950397E-02  0.327524947001E-02
  0.205717565450E-02  0.333819738826E-02
  0.209685769141E-02  0.340218793157E-02
  0.213720663774E-02  0.346723810662E-02
  0.217823370179E-02  0.353336518853E-02
  0.221995028024E-02  0.360058672484E-02
  0.226236796128E-02  0.366892053945E-02
  0.230549852789E-02  0.373838473667E-02
  0.234935396105E-02  0.380899770527E-02
  0.239394644311E-02  0.388077812260E-02
  0.243928836116E-02  0.395374495879E-02
  0.248539231046E-02  0.402791748090E-02
  0.253227109796E-02  0.410331525722E-02
  0.257993774586E-02  0.417995816157E-02
  0.262840549518E-02  0.425786637766E-02
  0.267768780952E-02  0.433706040347E-02
  0.272779837871E-02  0.441756105572E-02
  0.277875112269E-02  0.449938947435E-02
  0.283056019531E-02  0.458256712708E-02
  0.288323998833E-02  0.466711581397E-02
  0.293680513535E-02  0.475305767210E-02
  0.299127051593E-02  0.484041518021E-02
  0.304665125969E-02  0.492921116344E-02
  0.310296275053E-02  0.501946879813E-02
  0.316022063089E-02  0.511121161662E-02
  0.321844080610E-02  0.520446351209E-02
  0.327763944881E-02  0.529924874354E-02
  0.333783300347E-02  0.539559194067E-02
  0.339903819090E-02  0.549351810891E-02
  0.346127201292E-02  0.559305263449E-02
  0.352455175712E-02  0.569422128947E-02
  0.358889500161E-02  0.579705023691E-02
  0.365431961993E-02  0.590156603602E-02
  0.372084378599E-02  0.600779564737E-02
  0.378848597917E-02  0.611576643814E-02
  0.385726498940E-02  0.622550618742E-02
  0.392719992239E-02  0.633704309149E-02
  0.399831020498E-02  0.645040576927E-02
  0.407061559046E-02  0.656562326762E-02
  0.414413616415E-02  0.668272506684E-02
  0.421889234888E-02  0.680174108611E-02
  0.429490491076E-02  0.692270168899E-02
  0.437219496486E-02  0.704563768898E-02
  0.445078398115E-02  0.717058035501E-02
  0.453069379041E-02  0.729756141712E-02
  0.461194659032E-02  0.742661307200E-02
  0.469456495164E-02  0.755776798864E-02
  0.477857182443E-02  0.769105931403E-02
  0.486399054448E-02  0.782652067882E-02
  0.495084483977E-02  0.796418620297E-02
  0.503915883703E-02  0.810409050157E-02
  0.512895706851E-02  0.824626869048E-02
  0.522026447874E-02  0.839075639211E-02
  0.531310643146E-02  0.853758974117E-02
  0.540750871672E-02  0.868680539043E-02
  0.550349755798E-02  0.883844051648E-02
  0.560109961941E-02  0.899253282548E-02
  0.570034201334E-02  0.914912055897E-02
  0.580125230773E-02  0.930824249957E-02
  0.590385853386E-02  0.946993797677E-02
  0.600818919413E-02  0.963424687262E-02
  0.611427326994E-02  0.980120962753E-02
  0.622214022979E-02  0.997086724591E-02
  0.633182003739E-02  0.101432613018E-01
  0.644334316008E-02  0.103184339448E-01
  0.655674057722E-02  0.104964279052E-01
  0.667204378881E-02  0.106772865001E-01
  0.678928482427E-02  0.108610536385E-01
  0.690849625131E-02  0.110477738271E-01
  0.702971118498E-02  0.112374921757E-01
  0.715296329687E-02  0.114302544024E-01
  0.727828682447E-02  0.116261068393E-01
  0.740571658069E-02  0.118250964373E-01
  0.753528796348E-02  0.120272707716E-01
  0.766703696575E-02  0.122326780469E-01
  0.780100018528E-02  0.124413671021E-01
  0.793721483493E-02  0.126533874153E-01
  0.807571875299E-02  0.128687891090E-01
  0.821655041365E-02  0.130876229544E-01
  0.835974893773E-02  0.133099403762E-01
  0.850535410352E-02  0.135357934570E-01
  0.865340635783E-02  0.137652349419E-01
  0.880394682725E-02  0.139983182422E-01
  0.895701732952E-02  0.142350974402E-01
  0.911266038523E-02  0.144756272924E-01
  0.927091922956E-02  0.147199632337E-01
  0.943183782431E-02  0.149681613810E-01
  0.959546087013E-02  0.152202785360E-01
  0.976183381892E-02  0.154763721893E-01
  0.993100288645E-02  0.157365005226E-01
  0.101030150652E-01  0.160007224118E-01
  0.102779181375E-01  0.162690974296E-01
  0.104557606886E-01  0.165416858475E-01
  0.106365921204E-01  0.168185486381E-01
  0.108204626649E-01  0.170997474769E-01
  0.110074233986E-01  0.173853447433E-01
  0.111975262561E-01  0.176754035225E-01
  0.113908240451E-01  0.179699876059E-01
  0.115873704606E-01  0.182691614916E-01
  0.117872201000E-01  0.185729903849E-01
  0.119904284786E-01  0.188815401981E-01
  0.121970520442E-01  0.191948775498E-01
  0.124071481938E-01  0.195130697640E-01
  0.126207752887E-01  0.198361848691E-01
  0.128379926712E-01  0.201642915957E-01
  0.130588606807E-01  0.204974593748E-01
  0.132834406709E-01  0.208357583349E-01
  0.135117950267E-01  0.211792592990E-01
  0.137439871812E-01  0.215280337809E-01
  0.139800816338E-01  0.218821539811E-01
  0.142201439678E-01  0.222416927819E-01
  0.144642408686E-01  0.226067237424E-01
  0.147124401427E-01  0.229773210923E-01
  0.149648107357E-01  0.233535597259E-01
  0.152214227523E-01  0.237355151943E-01
  0.154823474752E-01  0.241232636983E-01
  0.157476573852E-01  0.245168820794E-01
  0.160174261812E-01  0.249164478107E-01
  0.162917288008E-01  0.253220389871E-01
  0.165706414408E-01  0.257337343144E-01
  0.168542415787E-01  0.261516130979E-01
  0.171426079943E-01  0.265757552300E-01
  0.174358207911E-01  0.270062411767E-01
  0.177339614191E-01  0.274431519638E-01
  0.180371126970E-01  0.278865691618E-01
  0.183453588353E-01  0.283365748694E-01
  0.186587854602E-01  0.287932516973E-01
  0.189774796364E-01  0.292566827493E-01
  0.193015298923E-01  0.297269516036E-01
  0.196310262438E-01  0.302041422924E-01
  0.199660602199E-01  0.306883392808E-01
  0.203067248877E-01  0.311796274436E-01
  0.206531148784E-01  0.316780920421E-01
  0.210053264137E-01  0.321838186987E-01
  0.213634573325E-01  0.326968933706E-01
  0.217276071178E-01  0.332174023219E-01
  0.220978769247E-01  0.337454320949E-01
  0.224743696084E-01  0.342810694788E-01
  0.228571897524E-01  0.348244014783E-01
  0.232464436983E-01  0.353755152796E-01
  0.236422395746E-01  0.359344982151E-01
  0.240446873271E-01  0.365014377271E-01
  0.244538987496E-01  0.370764213287E-01
  0.248699875144E-01  0.376595365636E-01
  0.252930692045E-01  0.382508709643E-01
  0.257232613452E-01  0.388505120080E-01
  0.261606834372E-01  0.394585470708E-01
  0.266054569893E-01  0.400750633800E-01
  0.270577055528E-01  0.407001479640E-01
  0.275175547550E-01  0.413338876010E-01
  0.279851323348E-01  0.419763687643E-01
  0.284605681779E-01  0.426276775665E-01
  0.289439943529E-01  0.432878997011E-01
  0.294355451479E-01  0.439571203813E-01
  0.299353571080E-01  0.446354242773E-01
  0.304435690729E-01  0.453228954502E-01
  0.309603222161E-01  0.460196172843E-01
  0.314857600833E-01  0.467256724160E-01
  0.320200286330E-01  0.474411426605E-01
  0.325632762763E-01  0.481661089359E-01
  0.331156539191E-01  0.489006511841E-01
  0.336773150030E-01  0.496448482889E-01
  0.342484155487E-01  0.503987779916E-01
  0.348291141988E-01  0.511625168032E-01
  0.354195722623E-01  0.519361399135E-01
  0.360199537590E-01  0.527197210971E-01
  0.366304254656E-01  0.535133326167E-01
  0.372511569614E-01  0.543170451221E-01
  0.378823206757E-01  0.551309275464E-01
  0.385240919360E-01  0.559550469992E-01
  0.391766490161E-01  0.567894686551E-01
  0.398401731861E-01  0.576342556400E-01
  0.405148487625E-01  0.584894689123E-01
  0.412008631595E-01  0.593551671414E-01
  0.418984069412E-01  0.602314065820E-01
  0.426076738741E-01  0.611182409445E-01
  0.433288609814E-01  0.620157212613E-01
  0.440621685975E-01  0.629238957494E-01
  0.448078004237E-01  0.638428096681E-01
  0.455659635847E-01  0.647725051737E-01
  0.463368686863E-01  0.657130211689E-01
  0.471207298737E-01  0.666643931480E-01
  0.479177648911E-01  0.676266530383E-01
  0.487281951425E-01  0.685998290363E-01
  0.495522457524E-01  0.695839454396E-01
  0.503901456291E-01  0.705790224745E-01
  0.512421275279E-01  0.715850761183E-01
  0.521084281160E-01  0.726021179171E-01
  0.529892880380E-01  0.736301547994E-01
  0.538849519829E-01  0.746691888836E-01
  0.547956687520E-01  0.757192172817E-01
  0.557216913280E-01  0.767802318977E-01
  0.566632769453E-01  0.778522192205E-01
  0.576206871616E-01  0.789351601123E-01
  0.585941879303E-01  0.800290295920E-01
  0.595840496746E-01  0.811337966129E-01
  0.605905473624E-01  0.822494238354E-01
  0.616139605828E-01  0.833758673953E-01
  0.626545736240E-01  0.845130766655E-01
  0.637126755517E-01  0.856609940137E-01
  0.647885602900E-01  0.868195545542E-01
  0.658825267027E-01  0.879886858947E-01
  0.669948786764E-01  0.891683078778E-01
  0.681259252048E-01  0.903583323175E-01
  0.692759804748E-01  0.915586627301E-01
  0.704453639537E-01  0.927691940600E-01
  0.716344004777E-01  0.939898124010E-01
  0.728434203424E-01  0.952203947116E-01
  0.740727593943E-01  0.964608085260E-01
  0.753227591245E-01  0.977109116593E-01
  0.765937667631E-01  0.989705519090E-01
  0.778861353761E-01  0.100239566751E+00
  0.792002239629E-01  0.101517783029E+00
  0.805363975567E-01  0.102805016644E+00
  0.818950273254E-01  0.104101072236E+00
  0.832764906748E-01  0.105405742860E+00
  0.846811713537E-01  0.106718809660E+00
  0.861094595601E-01  0.108040041539E+00
  0.875617520501E-01  0.109369194828E+00
  0.890384522474E-01  0.110706012942E+00
  0.905399703562E-01  0.112050226041E+00
  0.920667234743E-01  0.113401550688E+00
  0.936191357098E-01  0.114759689497E+00
  0.951976382982E-01  0.116124330786E+00
  0.968026697226E-01  0.117495148219E+00
  0.984346758355E-01  0.118871800458E+00
  0.100094109982E+00  0.120253930798E+00
  0.101781433127E+00  0.121641166815E+00
  0.103497113983E+00  0.123033120001E+00
  0.105241629138E+00  0.124429385406E+00
  0.107015463191E+00  0.125829541273E+00
  0.108819108885E+00  0.127233148683E+00
  0.110653067244E+00  0.128639751188E+00
  0.112517847714E+00  0.130048874451E+00
  0.114413968300E+00  0.131460025890E+00
  0.116341955715E+00  0.132872694320E+00
  0.118302345524E+00  0.134286349595E+00
  0.120295682291E+00  0.135700442260E+00
  0.122322519735E+00  0.137114403196E+00
  0.124383420879E+00  0.138527643283E+00
  0.126478958208E+00  0.139939553052E+00
  0.128609713830E+00  0.141349502357E+00
  0.130776279634E+00  0.142756840037E+00
  0.132979257460E+00  0.144160893601E+00
  0.135219259258E+00  0.145560968909E+00
  0.137496907267E+00  0.146956349864E+00
  0.139812834181E+00  0.148346298114E+00
  0.142167683328E+00  0.149730052760E+00
  0.144562108847E+00  0.151106830082E+00
  0.146996775873E+00  0.152475823264E+00
  0.149472360717E+00  0.153836202144E+00
  0.151989551058E+00  0.155187112966E+00
  0.154549046132E+00  0.156527678152E+00
  0.157151556925E+00  0.157856996086E+00
  0.159797806375E+00  0.159174140916E+00
  0.162488529567E+00  0.160478162367E+00
  0.165224473942E+00  0.161768085578E+00
  0.168006399502E+00  0.163042910954E+00
  0.170835079022E+00  0.164301614034E+00
  0.173711298265E+00  0.165543145390E+00
  0.176635856199E+00  0.166766430532E+00
  0.179609565219E+00  0.167970369850E+00
  0.182633251376E+00  0.169153838570E+00
  0.185707754601E+00  0.170315686739E+00
  0.188833928944E+00  0.171454739235E+00
  0.192012642805E+00  0.172569795798E+00
  0.195244779181E+00  0.173659631101E+00
  0.198531235910E+00  0.174722994837E+00
  0.201872925916E+00  0.175758611843E+00
  0.205270777468E+00  0.176765182252E+00
  0.208725734436E+00  0.177741381681E+00
  0.212238756552E+00  0.178685861447E+00
  0.215810819679E+00  0.179597248821E+00
  0.219442916078E+00  0.180474147316E+00
  0.223136054690E+00  0.181315137011E+00
  0.226891261409E+00  0.182118774910E+00
  0.230709579374E+00  0.182883595350E+00
  0.234592069251E+00  0.183608110434E+00
  0.238539809536E+00  0.184290810512E+00
  0.242553896849E+00  0.184930164708E+00
  0.246635446239E+00  0.185524621478E+00
  0.250785591496E+00  0.186072609225E+00
  0.255005485466E+00  0.186572536947E+00
  0.259296300369E+00  0.187022794936E+00
  0.263659228124E+00  0.187421755523E+00
  0.268095480684E+00  0.187767773871E+00
  0.272606290371E+00  0.188059188812E+00
  0.277192910215E+00  0.188294323739E+00
  0.281856614308E+00  0.188471487542E+00
  0.286598698153E+00  0.188588975597E+00
  0.291420479026E+00  0.188645070810E+00
  0.296323296341E+00  0.188638044703E+00
  0.301308512023E+00  0.188566158564E+00
  0.306377510888E+00  0.188427664642E+00
  0.311531701022E+00  0.188220807401E+00
  0.316772514178E+00  0.187943824825E+00
  0.322101406172E+00  0.187594949779E+00
  0.327519857285E+00  0.187172411426E+00
  0.333029372678E+00  0.186674436700E+00
  0.338631482807E+00  0.186099251834E+00
  0.344327743849E+00  0.185445083945E+00
  0.350119738137E+00  0.184710162677E+00
  0.356009074594E+00  0.183892721898E+00
  0.361997389185E+00  0.182991001460E+00
  0.368086345370E+00  0.182003249009E+00
  0.374277634564E+00  0.180927721859E+00
  0.380572976610E+00  0.179762688918E+00
  0.386974120254E+00  0.178506432674E+00
  0.393482843633E+00  0.177157251242E+00
  0.400100954768E+00  0.175713460456E+00
  0.406830292065E+00  0.174173396033E+00
  0.413672724828E+00  0.172535415778E+00
  0.420630153776E+00  0.170797901858E+00
  0.427704511574E+00  0.168959263118E+00
  0.434897763366E+00  0.167017937459E+00
  0.442211907325E+00  0.164972394265E+00
  0.449648975203E+00  0.162821136885E+00
  0.457211032902E+00  0.160562705160E+00
  0.464900181040E+00  0.158195678003E+00
  0.472718555543E+00  0.155718676018E+00
  0.480668328230E+00  0.153130364179E+00
  0.488751707424E+00  0.150429454530E+00
  0.496970938559E+00  0.147614708942E+00
  0.505328304808E+00  0.144684941898E+00
  0.513826127715E+00  0.141639023315E+00
  0.522466767842E+00  0.138475881390E+00
  0.531252625421E+00  0.135194505481E+00
  0.540186141026E+00  0.131793948996E+00
  0.549269796245E+00  0.128273332316E+00
  0.558506114375E+00  0.124631845714E+00
  0.567897661119E+00  0.120868752287E+00
  0.577447045301E+00  0.116983390887E+00
  0.587156919588E+00  0.112975179050E+00
  0.597029981230E+00  0.108843615901E+00
  0.607068972808E+00  0.104588285055E+00
  0.617276682996E+00  0.100208857473E+00
  0.627655947333E+00  0.957050943046E-01
  0.638209649016E+00  0.910768496683E-01
  0.648940719696E+00  0.863240733983E-01
  0.659852140296E+00  0.814468137254E-01
  0.670946941835E+00  0.764452199001E-01
  0.682228206274E+00  0.713195447408E-01
  0.693699067371E+00  0.660701471108E-01
  0.705362711549E+00  0.606974943090E-01
  0.717222378785E+00  0.552021643794E-01
  0.729281363506E+00  0.495848483289E-01
  0.741543015509E+00  0.438463522580E-01
  0.754010740886E+00  0.379875994001E-01
  0.766688002976E+00  0.320096320745E-01
  0.779578323320E+00  0.259136135559E-01
  0.792685282647E+00  0.197008298678E-01
  0.806012521863E+00  0.133726915064E-01
  0.819563743064E+00  0.693073510843E-02
  0.833342710566E+00  0.376625073047E-03
  0.847353251947E+00 -0.628784484684E-02
  0.861599259117E+00 -0.130607499680E-01
  0.876084689389E+00 -0.199400330992E-01
  0.890813566589E+00 -0.269235029460E-01
  0.905789982164E+00 -0.340088324819E-01
  0.921018096329E+00 -0.411935572728E-01
  0.936502139210E+00 -0.484750737422E-01
  0.952246412033E+00 -0.558506373724E-01
  0.968255288305E+00 -0.633173608351E-01
  0.984533215042E+00 -0.708722120602E-01
  0.100108471399E+01 -0.785120122465E-01
  0.101791438290E+01 -0.862334338388E-01
  0.103502689679E+01 -0.940329984867E-01
  0.105242700924E+01 -0.101907075027E+00
  0.107011955373E+01 -0.109851877513E+00
  0.108810944497E+01 -0.117863463347E+00
  0.110640168026E+01 -0.125937731535E+00
  0.112500134090E+01 -0.134070421137E+00
  0.114391359358E+01 -0.142257109897E+00
  0.116314369183E+01 -0.150493213133E+00
  0.118269697747E+01 -0.158773982837E+00
  0.120257888208E+01 -0.167094507021E+00
  0.122279492855E+01 -0.175449709253E+00
  0.124335073258E+01 -0.183834348348E+00
  0.126425200424E+01 -0.192243018155E+00
  0.128550454958E+01 -0.200670147436E+00
  0.130711427221E+01 -0.209109999812E+00
  0.132908717499E+01 -0.217556673991E+00
  0.135142936163E+01 -0.226004104586E+00
  0.137414703843E+01 -0.234446064367E+00
  0.139724651603E+01 -0.242876169284E+00
  0.142073421107E+01 -0.251287888669E+00
  0.144461664807E+01 -0.259674564272E+00
  0.146890046121E+01 -0.268029443783E+00
  0.149359239612E+01 -0.276345736627E+00
  0.151869931186E+01 -0.284616702508E+00
  0.154422818271E+01 -0.292835784971E+00
  0.157018610021E+01 -0.300996802622E+00
  0.159658027504E+01 -0.309094206386E+00
  0.162341803909E+01 -0.317123399765E+00
  0.165070684748E+01 -0.325081095678E+00
  0.167845428059E+01 -0.332965645833E+00
  0.170666804623E+01 -0.340777227482E+00
  0.173535598174E+01 -0.348517722436E+00
  0.176452605617E+01 -0.356190109907E+00
  0.179418637251E+01 -0.363797282025E+00
  0.182434516992E+01 -0.371340431315E+00
  0.185501082605E+01 -0.378817493112E+00
  0.188619185932E+01 -0.386222294834E+00
  0.191789693135E+01 -0.393544800025E+00
  0.195013484928E+01 -0.400772252029E+00
  0.198291456832E+01 -0.407890611382E+00
  0.201624519415E+01 -0.414885734809E+00
  0.205013598548E+01 -0.421744072761E+00
  0.208459635666E+01 -0.428452939894E+00
  0.211963588021E+01 -0.435000517374E+00
  0.215526428958E+01 -0.441375730500E+00
  0.219149148176E+01 -0.447568092858E+00
  0.222832752010E+01 -0.453567562038E+00
  0.226578263708E+01 -0.459364423547E+00
  0.230386723712E+01 -0.464949204971E+00
  0.234259189954E+01 -0.470312616780E+00
  0.238196738143E+01 -0.475445514598E+00
  0.242200462067E+01 -0.480338878179E+00
  0.246271473899E+01 -0.484983803167E+00
  0.250410904500E+01 -0.489371502709E+00
  0.254619903740E+01 -0.493493316717E+00
  0.258899640811E+01 -0.497340727153E+00
  0.263251304558E+01 -0.500905378143E+00
  0.267676103803E+01 -0.504179099958E+00
  0.272175267687E+01 -0.507153936179E+00
  0.276750046005E+01 -0.509822173378E+00
  0.281401709559E+01 -0.512176372957E+00
  0.286131550507E+01 -0.514209404594E+00
  0.290940882725E+01 -0.515914481173E+00
  0.295831042169E+01 -0.517285194744E+00
  0.300803387249E+01 -0.518315553553E+00
  0.305859299203E+01 -0.519000019766E+00
  0.311000182483E+01 -0.519333548048E+00
  0.316227465146E+01 -0.519311624662E+00
  0.321542599249E+01 -0.518930307322E+00
  0.326947061252E+01 -0.518186265422E+00
  0.332442352428E+01 -0.517076820896E+00
  0.338029999284E+01 -0.515599989200E+00
  0.343711553979E+01 -0.513754520581E+00
  0.349488594759E+01 -0.511539940916E+00
  0.355362726395E+01 -0.508956592096E+00
  0.361335580628E+01 -0.506005670937E+00
  0.367408816623E+01 -0.502689266318E+00
  0.373584121428E+01 -0.499010393200E+00
  0.379863210446E+01 -0.494973022959E+00
  0.386247827909E+01 -0.490582108380E+00
  0.392739747362E+01 -0.485843602603E+00
  0.399340772158E+01 -0.480764470256E+00
  0.406052735958E+01 -0.475352690134E+00
  0.412877503239E+01 -0.469617247868E+00
  0.419816969814E+01 -0.463568118289E+00
  0.426873063357E+01 -0.457216236482E+00
  0.434047743939E+01 -0.450573457849E+00
  0.441343004573E+01 -0.443652506948E+00
  0.448760871768E+01 -0.436466916150E+00
  0.456303406090E+01 -0.429030954671E+00
  0.463972702735E+01 -0.421359549675E+00
  0.471770892114E+01 -0.413468200586E+00
  0.479700140439E+01 -0.405372888685E+00
  0.487762650332E+01 -0.397089983450E+00
  0.495960661430E+01 -0.388636147712E+00
  0.504296451011E+01 -0.380028243160E+00
  0.512772334626E+01 -0.371283237916E+00
  0.521390666741E+01 -0.362418117548E+00
  0.530153841393E+01 -0.353449800845E+00
  0.539064292853E+01 -0.344395061320E+00
  0.548124496304E+01 -0.335270455286E+00
  0.557336968528E+01 -0.326092257114E+00
  0.566704268604E+01 -0.316876402040E+00
  0.576228998620E+01 -0.307638436773E+00
  0.585913804395E+01 -0.298393477852E+00
  0.595761376216E+01 -0.289156177732E+00
  0.605774449583E+01 -0.279940698172E+00
  0.615955805968E+01 -0.270760690677E+00
  0.626308273593E+01 -0.261629283289E+00
  0.636834728209E+01 -0.252559073288E+00
  0.647538093899E+01 -0.243562124868E+00
  0.658421343889E+01 -0.234649971227E+00
  0.669487501374E+01 -0.225833619972E+00
  0.680739640358E+01 -0.217123561201E+00
  0.692180886507E+01 -0.208529777080E+00
  0.703814418019E+01 -0.200061752296E+00
  0.715643466505E+01 -0.191728484210E+00
  0.727671317889E+01 -0.183538492198E+00
  0.739901313316E+01 -0.175499825170E+00
  0.752336850087E+01 -0.167620066942E+00
  0.764981382598E+01 -0.159906338741E+00
  0.777838423299E+01 -0.152365298831E+00
  0.790911543675E+01 -0.145003138893E+00
  0.804204375230E+01 -0.137825577528E+00
  0.817720610505E+01 -0.130837850895E+00
  0.831464004095E+01 -0.124044701192E+00
  0.845438373698E+01 -0.117450363339E+00
  0.859647601174E+01 -0.111058550800E+00
  0.874095633622E+01 -0.104872441124E+00
  0.888786484476E+01 -0.988946622114E-01
  0.903724234623E+01 -0.931272799539E-01
  0.918913033535E+01 -0.875717881658E-01
  0.934357100419E+01 -0.822291013519E-01
  0.950060725393E+01 -0.770995510297E-01
  0.966028270678E+01 -0.721828859341E-01
  0.982264171803E+01 -0.674782765449E-01
  0.998772938848E+01 -0.629843240117E-01
  0.101555915769E+02 -0.586990736174E-01
  0.103262749126E+02 -0.546200326154E-01
  0.104998268089E+02 -0.507441923196E-01
  0.106762954757E+02 -0.470680540873E-01
  0.108557299333E+02 -0.435876588789E-01
  0.110381800256E+02 -0.402986199064E-01
  0.112236964344E+02 -0.371961579322E-01
  0.114123306933E+02 -0.342751386702E-01
  0.116041352019E+02 -0.315301118000E-01
  0.117991632404E+02 -0.289553510429E-01
  0.119974689846E+02 -0.265448948169E-01
  0.121991075206E+02 -0.242925869634E-01
  0.124041348604E+02 -0.221921171082E-01
  0.126126079575E+02 -0.202370602232E-01
  0.128245847224E+02 -0.184209150248E-01
  0.130401240387E+02 -0.167371408633E-01
  0.132592857801E+02 -0.151791928265E-01
  0.134821308260E+02 -0.137405548060E-01
  0.137087210795E+02 -0.124147703367E-01
  0.139391194836E+02 -0.111954710522E-01
  0.141733900394E+02 -0.100764026477E-01
  0.144115978235E+02 -0.905144827843E-02
  0.146538090064E+02 -0.811464936019E-02
  0.149000908704E+02 -0.726022376909E-02
  0.151505118289E+02 -0.648258147251E-02
  0.154051414446E+02 -0.577633764543E-02
  0.156640504499E+02 -0.513632335334E-02
  0.159273107654E+02 -0.455759390092E-02
  0.161949955207E+02 -0.403543496378E-02
  0.164671790745E+02 -0.356536663375E-02
  0.167439370350E+02 -0.314314551908E-02
  0.170253462813E+02 -0.276476504895E-02
  0.173114849843E+02 -0.242645413698E-02
  0.176024326289E+02 -0.212467436136E-02
  0.178982700357E+02 -0.185611582016E-02
  0.181990793837E+02 -0.161769181901E-02
  0.185049442330E+02 -0.140653254554E-02
  0.188159495481E+02 -0.121997788069E-02
  0.191321817212E+02 -0.105556949103E-02
  0.194537285966E+02 -0.911042339659E-03
  0.197806794951E+02 -0.784315728091E-03
  0.201131252385E+02 -0.673483888110E-03
  0.204511581748E+02 -0.576806839408E-03
  0.207948722043E+02 -0.492700615617E-03
  0.211443628054E+02 -0.419727613798E-03
  0.214997270610E+02 -0.356587030498E-03
  0.218610636856E+02 -0.302105437828E-03
  0.222284730530E+02 -0.255227564045E-03
  0.226020572236E+02 -0.215007334262E-03
  0.229819199731E+02 -0.180599218234E-03
  0.233681668216E+02 -0.151249923980E-03
  0.237609050622E+02 -0.126290468136E-03
  0.241602437914E+02 -0.105128646689E-03
  0.245662939392E+02 -0.872419228792E-04
  0.249791683000E+02 -0.721707429085E-04
  0.253989815637E+02 -0.595122843787E-04
  0.258258503478E+02 -0.489146373774E-04
  0.262598932297E+02 -0.400714136209E-04
  0.267012307797E+02 -0.327167751922E-04
  0.271499855943E+02 -0.266208710775E-04
  0.276062823307E+02 -0.215856669250E-04
  0.280702477407E+02 -0.174411511878E-04
  0.285420107067E+02 -0.140418990339E-04
  0.290217022770E+02 -0.112639740862E-04
  0.295094557023E+02 -0.900214714649E-05
  0.300054064729E+02 -0.716741052982E-05
  0.305096923559E+02 -0.568476644249E-05
  0.310224534341E+02 -0.449126794329E-05
  0.315438321443E+02 -0.353429138888E-05
  0.320739733174E+02 -0.277001984500E-05
  0.326130242183E+02 -0.216211770499E-05
  0.331611345867E+02 -0.168057766128E-05
  0.337184566790E+02 -0.130072218949E-05
  0.342851453105E+02 -0.100234279767E-05
  0.348613578984E+02 -0.768961434629E-06
  0.354472545054E+02 -0.587199616704E-06
  0.360429978844E+02 -0.446241994932E-06
  0.366487535234E+02 -0.337382224322E-06
  0.372646896918E+02 -0.253640091330E-06
  0.378909774870E+02 -0.189439885004E-06
  0.385277908817E+02 -0.140340939878E-06
  0.391753067728E+02 -0.102812110130E-06
  0.398337050299E+02 -0.740426239288E-07
  0.405031685456E+02 -0.517822721483E-07
  0.411838832863E+02 -0.342041458252E-07
  0.418760383439E+02 -0.197830600093E-07
  0.425798259880E+02 -0.718224705577E-08
  0.432954417198E+02  0.000000000000E+00
  0.440230843261E+02  0.000000000000E+00
  0.447629559343E+02  0.000000000000E+00
  0.455152620693E+02  0.000000000000E+00
  0.462802117097E+02  0.000000000000E+00
  0.470580173465E+02  0.000000000000E+00
  0.478488950418E+02  0.000000000000E+00
  0.486530644890E+02  0.000000000000E+00
  0.494707490735E+02  0.000000000000E+00
  0.503021759354E+02  0.000000000000E+00
  0.511475760318E+02  0.000000000000E+00
  0.520071842015E+02  0.000000000000E+00
  0.528812392301E+02  0.000000000000E+00
  0.537699839163E+02  0.000000000000E+00
  0.546736651393E+02  0.000000000000E+00
  0.555925339275E+02  0.000000000000E+00
  0.565268455282E+02  0.000000000000E+00
  0.574768594783E+02  0.000000000000E+00
  0.584428396767E+02  0.000000000000E+00
  0.594250544575E+02  0.000000000000E+00
  0.604237766644E+02  0.000000000000E+00
  0.614392837267E+02  0.000000000000E+00
  0.624718577361E+02  0.000000000000E+00
  0.635217855256E+02  0.000000000000E+00
  0.645893587483E+02  0.000000000000E+00
  0.656748739593E+02  0.000000000000E+00
  0.667786326976E+02  0.000000000000E+00
  0.679009415699E+02  0.000000000000E+00
  0.690421123360E+02  0.000000000000E+00
  0.702024619949E+02  0.000000000000E+00
  0.713823128736E+02  0.000000000000E+00
  0.725819927159E+02  0.000000000000E+00
  0.738018347741E+02  0.000000000000E+00
  0.750421779009E+02  0.000000000000E+00
  0.763033666440E+02  0.000000000000E+00
  0.775857513419E+02  0.000000000000E+00
  0.788896882207E+02  0.000000000000E+00
  0.802155394934E+02  0.000000000000E+00
  0.815636734608E+02  0.000000000000E+00
         751           1         210
  0.000000000000E+00  0.000000000000E+00
  0.510846319546E-05  0.123265381379E-10
  0.103027809112E-04  0.501382771308E-10
  0.155843960465E-04  0.114720292845E-09
  0.209547757508E-04  0.207408270173E-09
  0.264154118307E-04  0.329590334807E-09
  0.319678211647E-04  0.482708948866E-09
  0.376135461243E-04  0.668262872640E-09
  0.433541550030E-04  0.887809194726E-09
  0.491912424510E-04  0.114296543289E-08
  0.551264299192E-04  0.143541170810E-08
  0.611613661089E-04  0.176689299421E-08
  0.672977274301E-04  0.213922144589E-08
  0.735372184670E-04  0.255427880757E-08
  0.798815724517E-04  0.301401890600E-08
  0.863325517456E-04  0.352047022947E-08
  0.928919483287E-04  0.407573859653E-08
  0.995615842980E-04  0.468200991737E-08
  0.106343312373E-03  0.534155305095E-08
  0.113239016411E-03  0.605672276123E-08
  0.120250611928E-03  0.682996277577E-08
  0.127380046637E-03  0.766380895044E-08
  0.134629300981E-03  0.856089254355E-08
  0.142000388688E-03  0.952394360340E-08
  0.149495357331E-03  0.105557944730E-07
  0.157116288893E-03  0.116593834162E-07
  0.164865300349E-03  0.128377583685E-07
  0.172744544251E-03  0.140940808185E-07
  0.180756209330E-03  0.154316298228E-07
  0.188902521099E-03  0.168538061592E-07
  0.197185742474E-03  0.183641366241E-07
  0.205608174405E-03  0.199662784778E-07
  0.214172156510E-03  0.216640240426E-07
  0.222880067727E-03  0.234613054605E-07
  0.231734326977E-03  0.253621996137E-07
  0.240737393834E-03  0.273709332159E-07
  0.249891769206E-03  0.294918880774E-07
  0.259199996036E-03  0.317296065531E-07
  0.268664660001E-03  0.340887971769E-07
  0.278288390236E-03  0.365743404902E-07
  0.288073860060E-03  0.391912950709E-07
  0.298023787723E-03  0.419449037702E-07
  0.308140937158E-03  0.448406001625E-07
  0.318428118749E-03  0.478840152185E-07
  0.328888190112E-03  0.510809842060E-07
  0.339524056891E-03  0.544375538287E-07
  0.350338673561E-03  0.579599896096E-07
  0.361335044251E-03  0.616547835277E-07
  0.372516223580E-03  0.655286619167E-07
  0.383885317504E-03  0.695885936350E-07
  0.395445484175E-03  0.738417985149E-07
  0.407199934828E-03  0.782957561017E-07
  0.419151934661E-03  0.829582146932E-07
  0.431304803753E-03  0.878372006867E-07
  0.443661917977E-03  0.929410282479E-07
  0.456226709946E-03  0.982783093100E-07
  0.469002669960E-03  0.103857963915E-06
  0.481993346979E-03  0.109689230907E-06
  0.495202349607E-03  0.115781678996E-06
  0.508633347098E-03  0.122145218193E-06
  0.522290070371E-03  0.128790111644E-06
  0.536176313046E-03  0.135726987860E-06
  0.550295932504E-03  0.142966853368E-06
  0.564652850951E-03  0.150521105799E-06
  0.579251056513E-03  0.158401547414E-06
  0.594094604341E-03  0.166620399098E-06
  0.609187617738E-03  0.175190314828E-06
  0.624534289304E-03  0.184124396636E-06
  0.640138882103E-03  0.193436210081E-06
  0.656005730845E-03  0.203139800249E-06
  0.672139243088E-03  0.213249708300E-06
  0.688543900468E-03  0.223780988573E-06
  0.705224259940E-03  0.234749226281E-06
  0.722184955045E-03  0.246170555804E-06
  0.739430697195E-03  0.258061679601E-06
  0.756966276985E-03  0.270439887775E-06
  0.774796565523E-03  0.283323078298E-06
  0.792926515781E-03  0.296729777918E-06
  0.811361163972E-03  0.310679163790E-06
  0.830105630952E-03  0.325191085832E-06
  0.849165123637E-03  0.340286089841E-06
  0.868544936453E-03  0.355985441402E-06
  0.888250452805E-03  0.372311150600E-06
  0.908287146576E-03  0.389285997576E-06
  0.928660583643E-03  0.406933558951E-06
  0.949376423424E-03  0.425278235140E-06
  0.970440420452E-03  0.444345278605E-06
  0.991858425974E-03  0.464160823052E-06
  0.101363638957E-02  0.484751913629E-06
  0.103578036082E-02  0.506146538141E-06
  0.105829649097E-02  0.528373659330E-06
  0.108119103464E-02  0.551463248238E-06
  0.110447035157E-02  0.575446318710E-06
  0.112814090840E-02  0.600354963064E-06
  0.115220928042E-02  0.626222388961E-06
  0.117668215346E-02  0.653082957533E-06
  0.120156632569E-02  0.680972222793E-06
  0.122686870953E-02  0.709926972386E-06
  0.125259633360E-02  0.739985269713E-06
  0.127875634462E-02  0.771186497478E-06
  0.130535600943E-02  0.803571402714E-06
  0.133240271699E-02  0.837182143322E-06
  0.135990398045E-02  0.872062336191E-06
  0.138786743924E-02  0.908257106940E-06
  0.141630086115E-02  0.945813141334E-06
  0.144521214454E-02  0.984778738446E-06
  0.147460932052E-02  0.102520386561E-05
  0.150450055514E-02  0.106714021522E-05
  0.153489415174E-02  0.111064126345E-05
  0.156579855315E-02  0.115576233099E-05
  0.159722234415E-02  0.120256064574E-05
  0.162917425376E-02  0.125109540771E-05
  0.166166315772E-02  0.130142785608E-05
  0.169469808094E-02  0.135362133848E-05
  0.172828819999E-02  0.140774138265E-05
  0.176244284567E-02  0.146385577050E-05
  0.179717150562E-02  0.152203461466E-05
  0.183248382690E-02  0.158235043758E-05
  0.186838961872E-02  0.164487825335E-05
  0.190489885514E-02  0.170969565224E-05
  0.194202167784E-02  0.177688288805E-05
  0.197976839897E-02  0.184652296845E-05
  0.201814950397E-02  0.191870174833E-05
  0.205717565450E-02  0.199350802629E-05
  0.209685769141E-02  0.207103364439E-05
  0.213720663774E-02  0.215137359116E-05
  0.217823370179E-02  0.223462610825E-05
  0.221995028024E-02  0.232089280042E-05
  0.226236796128E-02  0.241027874945E-05
  0.230549852789E-02  0.250289263172E-05
  0.234935396105E-02  0.259884683974E-05
  0.239394644311E-02  0.269825760788E-05
  0.243928836116E-02  0.280124514212E-05
  0.248539231046E-02  0.290793375434E-05
  0.253227109796E-02  0.301845200092E-05
  0.257993774586E-02  0.313293282617E-05
  0.262840549518E-02  0.325151371038E-05
  0.267768780952E-02  0.337433682292E-05
  0.272779837871E-02  0.350154918048E-05
  0.277875112269E-02  0.363330281050E-05
  0.283056019531E-02  0.376975492019E-05
  0.288323998833E-02  0.391106807103E-05
  0.293680513535E-02  0.405741035930E-05
  0.299127051593E-02  0.420895560242E-05
  0.304665125969E-02  0.436588353170E-05
  0.310296275053E-02  0.452837999136E-05
  0.316022063089E-02  0.469663714431E-05
  0.321844080610E-02  0.487085368470E-05
  0.327763944881E-02  0.505123505759E-05
  0.333783300347E-02  0.523799368592E-05
  0.339903819090E-02  0.543134920507E-05
  0.346127201292E-02  0.563152870515E-05
  0.352455175712E-02  0.583876698144E-05
  0.358889500161E-02  0.605330679307E-05
  0.365431961993E-02  0.627539913037E-05
  0.372084378599E-02  0.650530349102E-05
  0.378848597917E-02  0.674328816546E-05
  0.385726498940E-02  0.698963053171E-05
  0.392719992239E-02  0.724461735997E-05
  0.399831020498E-02  0.750854512733E-05
  0.407061559046E-02  0.778172034295E-05
  0.414413616415E-02  0.806445988393E-05
  0.421889234888E-02  0.835709134239E-05
  0.429490491076E-02  0.865995338395E-05
  0.437219496486E-02  0.897339611813E-05
  0.445078398115E-02  0.929778148100E-05
  0.453069379041E-02  0.963348363040E-05
  0.461194659032E-02  0.998088935429E-05
  0.469456495164E-02  0.103403984926E-04
  0.477857182443E-02  0.107124243728E-04
  0.486399054448E-02  0.110973942601E-04
  0.495084483977E-02  0.114957498226E-04
  0.503915883703E-02  0.119079476110E-04
  0.512895706851E-02  0.123344595550E-04
  0.522026447874E-02  0.127757734758E-04
  0.531310643146E-02  0.132323936149E-04
  0.540750871672E-02  0.137048411810E-04
  0.550349755798E-02  0.141936549144E-04
  0.560109961941E-02  0.146993916705E-04
  0.570034201334E-02  0.152226270214E-04
  0.580125230773E-02  0.157639558782E-04
  0.590385853386E-02  0.163239931336E-04
  0.600818919413E-02  0.169033743245E-04
  0.611427326994E-02  0.175027563181E-04
  0.622214022979E-02  0.181228180185E-04
  0.633182003739E-02  0.187642610977E-04
  0.644334316008E-02  0.194278107502E-04
  0.655674057722E-02  0.201142164716E-04
  0.667204378881E-02  0.208242528636E-04
  0.678928482427E-02  0.215587204642E-04
  0.690849625131E-02  0.223184466061E-04
  0.702971118498E-02  0.231042863014E-04
  0.715296329687E-02  0.239171231569E-04
  0.727828682447E-02  0.247578703179E-04
  0.740571658069E-02  0.256274714428E-04
  0.753528796348E-02  0.265269017101E-04
  0.766703696575E-02  0.274571688565E-04
  0.780100018528E-02  0.284193142505E-04
  0.793721483493E-02  0.294144139991E-04
  0.807571875299E-02  0.304435800915E-04
  0.821655041365E-02  0.315079615785E-04
  0.835974893773E-02  0.326087457914E-04
  0.850535410352E-02  0.337471595990E-04
  0.865340635783E-02  0.349244707055E-04
  0.880394682725E-02  0.361419889903E-04
  0.895701732952E-02  0.374010678910E-04
  0.911266038523E-02  0.387031058302E-04
  0.927091922956E-02  0.400495476885E-04
  0.943183782431E-02  0.414418863251E-04
  0.959546087013E-02  0.428816641460E-04
  0.976183381892E-02  0.443704747236E-04
  0.993100288645E-02  0.459099644670E-04
  0.101030150652E-01  0.475018343466E-04
  0.102779181375E-01  0.491478416727E-04
  0.104557606886E-01  0.508498019312E-04
  0.106365921204E-01  0.526095906782E-04
  0.108204626649E-01  0.544291454937E-04
  0.110074233986E-01  0.563104679982E-04
  0.111975262561E-01  0.582556259330E-04
  0.113908240451E-01  0.602667553059E-04
  0.115873704606E-01  0.623460626056E-04
  0.117872201000E-01  0.644958270849E-04
  0.119904284786E-01  0.667184031171E-04
  0.121970520442E-01  0.690162226260E-04
  0.124071481938E-01  0.713917975920E-04
  0.126207752887E-01  0.738477226376E-04
  0.128379926712E-01  0.763866776937E-04
  0.130588606807E-01  0.790114307491E-04
  0.132834406709E-01  0.817248406868E-04
  0.135117950267E-01  0.845298602076E-04
  0.137439871812E-01  0.874295388466E-04
  0.139800816338E-01  0.904270260818E-04
  0.142201439678E-01  0.935255745403E-04
  0.144642408686E-01  0.967285433045E-04
  0.147124401427E-01  0.100039401319E-03
  0.149648107357E-01  0.103461730905E-03
  0.152214227523E-01  0.106999231382E-03
  0.154823474752E-01  0.110655722801E-03
  0.157476573852E-01  0.114435149793E-03
  0.160174261812E-01  0.118341585536E-03
  0.162917288008E-01  0.122379235842E-03
  0.165706414408E-01  0.126552443372E-03
  0.168542415787E-01  0.130865691979E-03
  0.171426079943E-01  0.135323611179E-03
  0.174358207911E-01  0.139930980765E-03
  0.177339614191E-01  0.144692735555E-03
  0.180371126970E-01  0.149613970288E-03
  0.183453588353E-01  0.154699944667E-03
  0.186587854602E-01  0.159956088553E-03
  0.189774796364E-01  0.165388007315E-03
  0.193015298923E-01  0.171001487345E-03
  0.196310262438E-01  0.176802501732E-03
  0.199660602199E-01  0.182797216109E-03
  0.203067248877E-01  0.188991994678E-03
  0.206531148784E-01  0.195393406404E-03
  0.210053264137E-01  0.202008231406E-03
  0.213634573325E-01  0.208843467527E-03
  0.217276071178E-01  0.215906337102E-03
  0.220978769247E-01  0.223204293926E-03
  0.224743696084E-01  0.230745030426E-03
  0.228571897524E-01  0.238536485040E-03
  0.232464436983E-01  0.246586849819E-03
  0.236422395746E-01  0.254904578243E-03
  0.240446873271E-01  0.263498393268E-03
  0.244538987496E-01  0.272377295604E-03
  0.248699875144E-01  0.281550572233E-03
  0.252930692045E-01  0.291027805175E-03
  0.257232613452E-01  0.300818880500E-03
  0.261606834372E-01  0.310933997600E-03
  0.266054569893E-01  0.321383678730E-03
  0.270577055528E-01  0.332178778809E-03
  0.275175547550E-01  0.343330495513E-03
  0.279851323348E-01  0.354850379638E-03
  0.284605681779E-01  0.366750345764E-03
  0.289439943529E-01  0.379042683219E-03
  0.294355451479E-01  0.391740067337E-03
  0.299353571080E-01  0.404855571040E-03
  0.304435690729E-01  0.418402676742E-03
  0.309603222161E-01  0.432395288565E-03
  0.314857600833E-01  0.446847744915E-03
  0.320200286330E-01  0.461774831376E-03
  0.325632762763E-01  0.477191793976E-03
  0.331156539191E-01  0.493114352798E-03
  0.336773150030E-01  0.509558715970E-03
  0.342484155487E-01  0.526541594017E-03
  0.348291141988E-01  0.544080214609E-03
  0.354195722623E-01  0.562192337694E-03
  0.360199537590E-01  0.580896271034E-03
  0.366304254656E-01  0.600210886148E-03
  0.372511569614E-01  0.620155634676E-03
  0.378823206757E-01  0.640750565163E-03
  0.385240919360E-01  0.662016340283E-03
  0.391766490161E-01  0.683974254507E-03
  0.398401731861E-01  0.706646252216E-03
  0.405148487625E-01  0.730054946285E-03
  0.412008631595E-01  0.754223637129E-03
  0.418984069412E-01  0.779176332229E-03
  0.426076738741E-01  0.804937766152E-03
  0.433288609814E-01  0.831533421060E-03
  0.440621685975E-01  0.858989547725E-03
  0.448078004237E-01  0.887333187063E-03
  0.455659635847E-01  0.916592192190E-03
  0.463368686863E-01  0.946795251001E-03
  0.471207298737E-01  0.977971909306E-03
  0.479177648911E-01  0.101015259450E-02
  0.487281951425E-01  0.104336863978E-02
  0.495522457524E-01  0.107765230900E-02
  0.503901456291E-01  0.111303682196E-02
  0.512421275279E-01  0.114955638045E-02
  0.521084281160E-01  0.118724619472E-02
  0.529892880380E-01  0.122614251069E-02
  0.538849519829E-01  0.126628263765E-02
  0.547956687520E-01  0.130770497666E-02
  0.557216913280E-01  0.135044904953E-02
  0.566632769453E-01  0.139455552841E-02
  0.576206871616E-01  0.144006626607E-02
  0.585941879303E-01  0.148702432678E-02
  0.595840496746E-01  0.153547401783E-02
  0.605905473624E-01  0.158546092175E-02
  0.616139605828E-01  0.163703192911E-02
  0.626545736240E-01  0.169023527209E-02
  0.637126755517E-01  0.174512055860E-02
  0.647885602900E-01  0.180173880718E-02
  0.658825267027E-01  0.186014248248E-02
  0.669948786764E-01  0.192038553148E-02
  0.681259252048E-01  0.198252342038E-02
  0.692759804748E-01  0.204661317215E-02
  0.704453639537E-01  0.211271340479E-02
  0.716344004777E-01  0.218088437023E-02
  0.728434203424E-01  0.225118799400E-02
  0.740727593943E-01  0.232368791548E-02
  0.753227591245E-01  0.239844952888E-02
  0.765937667631E-01  0.247554002493E-02
  0.778861353761E-01  0.255502843319E-02
  0.792002239629E-01  0.263698566506E-02
  0.805363975567E-01  0.272148455744E-02
  0.818950273254E-01  0.280859991705E-02
  0.832764906748E-01  0.289840856546E-02
  0.846811713537E-01  0.299098938465E-02
  0.861094595601E-01  0.308642336333E-02
  0.875617520501E-01  0.318479364376E-02
  0.890384522474E-01  0.328618556932E-02
  0.905399703562E-01  0.339068673256E-02
  0.920667234743E-01  0.349838702387E-02
  0.936191357098E-01  0.360937868078E-02
  0.951976382982E-01  0.372375633773E-02
  0.968026697226E-01  0.384161707642E-02
  0.984346758355E-01  0.396306047666E-02
  0.100094109982E+00  0.408818866771E-02
  0.101781433127E+00  0.421710638011E-02
  0.103497113983E+00  0.434992099795E-02
  0.105241629138E+00  0.448674261150E-02
  0.107015463191E+00  0.462768407035E-02
  0.108819108885E+00  0.477286103680E-02
  0.110653067244E+00  0.492239203964E-02
  0.112517847714E+00  0.507639852819E-02
  0.114413968300E+00  0.523500492664E-02
  0.116341955715E+00  0.539833868858E-02
  0.118302345524E+00  0.556653035174E-02
  0.120295682291E+00  0.573971359286E-02
  0.122322519735E+00  0.591802528263E-02
  0.124383420879E+00  0.610160554077E-02
  0.126478958208E+00  0.629059779098E-02
  0.128609713830E+00  0.648514881602E-02
  0.130776279634E+00  0.668540881253E-02
  0.132979257460E+00  0.689153144579E-02
  0.135219259258E+00  0.710367390427E-02
  0.137496907267E+00  0.732199695386E-02
  0.139812834181E+00  0.754666499186E-02
  0.142167683328E+00  0.777784610047E-02
  0.144562108847E+00  0.801571209991E-02
  0.146996775873E+00  0.826043860099E-02
  0.149472360717E+00  0.851220505702E-02
  0.151989551058E+00  0.877119481518E-02
  0.154549046132E+00  0.903759516697E-02
  0.157151556925E+00  0.931159739797E-02
  0.159797806375E+00  0.959339683665E-02
  0.162488529567E+00  0.988319290210E-02
  0.165224473942E+00  0.101811891508E-01
  0.168006399502E+00  0.104875933222E-01
  0.170835079022E+00  0.108026173830E-01
  0.173711298265E+00  0.111264775697E-01
  0.176635856199E+00  0.114593944307E-01
  0.179609565219E+00  0.118015928656E-01
  0.182633251376E+00  0.121533021638E-01
  0.185707754601E+00  0.125147560406E-01
  0.188833928944E+00  0.128861926720E-01
  0.192012642805E+00  0.132678547272E-01
  0.195244779181E+00  0.136599893987E-01
  0.198531235910E+00  0.140628484311E-01
  0.201872925916E+00  0.144766881463E-01
  0.205270777468E+00  0.149017694670E-01
  0.208725734436E+00  0.153383579374E-01
  0.212238756552E+00  0.157867237415E-01
  0.215810819679E+00  0.162471417173E-01
  0.219442916078E+00  0.167198913696E-01
  0.223136054690E+00  0.172052568783E-01
  0.226891261409E+00  0.177035271042E-01
  0.230709579374E+00  0.182149955907E-01
  0.234592069251E+00  0.187399605623E-01
  0.238539809536E+00  0.192787249193E-01
  0.242553896849E+00  0.198315962281E-01
  0.246635446239E+00  0.203988867077E-01
  0.250785591496E+00  0.209809132121E-01
  0.255005485466E+00  0.215779972078E-01
  0.259296300369E+00  0.221904647466E-01
  0.263659228124E+00  0.228186464341E-01
  0.268095480684E+00  0.234628773929E-01
  0.272606290371E+00  0.241234972202E-01
  0.277192910215E+00  0.248008499403E-01
  0.281856614308E+00  0.254952839520E-01
  0.286598698153E+00  0.262071519693E-01
  0.291420479026E+00  0.269368109562E-01
  0.296323296341E+00  0.276846220565E-01
  0.301308512023E+00  0.284509505152E-01
  0.306377510888E+00  0.292361655948E-01
  0.311531701022E+00  0.300406404845E-01
  0.316772514178E+00  0.308647522016E-01
  0.322101406172E+00  0.317088814862E-01
  0.327519857285E+00  0.325734126888E-01
  0.333029372678E+00  0.334587336493E-01
  0.338631482807E+00  0.343652355688E-01
  0.344327743849E+00  0.352933128729E-01
  0.350119738137E+00  0.362433630673E-01
  0.356009074594E+00  0.372157865842E-01
  0.361997389185E+00  0.382109866203E-01
  0.368086345370E+00  0.392293689667E-01
  0.374277634564E+00  0.402713418286E-01
  0.380572976610E+00  0.413373156367E-01
  0.386974120254E+00  0.424277028494E-01
  0.393482843633E+00  0.435429177455E-01
  0.400100954768E+00  0.446833762071E-01
  0.406830292065E+00  0.458494954940E-01
  0.413672724828E+00  0.470416940077E-01
  0.420630153776E+00  0.482603910465E-01
  0.427704511574E+00  0.495060065509E-01
  0.434897763366E+00  0.507789608402E-01
  0.442211907325E+00  0.520796743388E-01
  0.449648975203E+00  0.534085672950E-01
  0.457211032902E+00  0.547660594894E-01
  0.464900181040E+00  0.561525699360E-01
  0.472718555543E+00  0.575685165744E-01
  0.480668328230E+00  0.590143159543E-01
  0.488751707424E+00  0.604903829123E-01
  0.496970938559E+00  0.619971302429E-01
  0.505328304808E+00  0.635349683605E-01
  0.513826127715E+00  0.651043049587E-01
  0.522466767842E+00  0.667055446614E-01
  0.531252625421E+00  0.683390886716E-01
  0.540186141026E+00  0.700053344137E-01
  0.549269796245E+00  0.717046751750E-01
  0.558506114375E+00  0.734374997419E-01
  0.567897661119E+00  0.752041920366E-01
  0.577447045301E+00  0.770051307485E-01
  0.587156919588E+00  0.788406889687E-01
  0.597029981230E+00  0.807112338193E-01
  0.607068972808E+00  0.826171260852E-01
  0.617276682996E+00  0.845587198419E-01
  0.627655947333E+00  0.865363620850E-01
  0.638209649016E+00  0.885503923538E-01
  0.648940719696E+00  0.906011423556E-01
  0.659852140296E+00  0.926889355802E-01
  0.670946941835E+00  0.948140869122E-01
  0.682228206274E+00  0.969769022283E-01
  0.693699067371E+00  0.991776779852E-01
  0.705362711549E+00  0.101416700785E+00
  0.717222378785E+00  0.103694246923E+00
  0.729281363506E+00  0.106010581901E+00
  0.741543015509E+00  0.108365959908E+00
  0.754010740886E+00  0.110760623255E+00
  0.766688002976E+00  0.113194801763E+00
  0.779578323320E+00  0.115668712080E+00
  0.792685282647E+00  0.118182556938E+00
  0.806012521863E+00  0.120736524317E+00
  0.819563743064E+00  0.123330786526E+00
  0.833342710566E+00  0.125965499176E+00
  0.847353251947E+00  0.128640800043E+00
  0.861599259117E+00  0.131356807801E+00
  0.876084689389E+00  0.134113620637E+00
  0.890813566589E+00  0.136911314717E+00
  0.905789982164E+00  0.139749942515E+00
  0.921018096329E+00  0.142629531005E+00
  0.936502139210E+00  0.145550079700E+00
  0.952246412033E+00  0.148511558568E+00
  0.968255288305E+00  0.151513905811E+00
  0.984533215042E+00  0.154557025539E+00
  0.100108471399E+01  0.157640785344E+00
  0.101791438290E+01  0.160765013800E+00
  0.103502689679E+01  0.163929497914E+00
  0.105242700924E+01  0.167133980546E+00
  0.107011955373E+01  0.170378157832E+00
  0.108810944497E+01  0.173661676634E+00
  0.110640168026E+01  0.176984132023E+00
  0.112500134090E+01  0.180345064829E+00
  0.114391359358E+01  0.183743959239E+00
  0.116314369183E+01  0.187180240464E+00
  0.118269697747E+01  0.190653272409E+00
  0.120257888208E+01  0.194162355361E+00
  0.122279492855E+01  0.197706723594E+00
  0.124335073258E+01  0.201285542876E+00
  0.126425200424E+01  0.204897907788E+00
  0.128550454958E+01  0.208542838863E+00
  0.130711427221E+01  0.212219279539E+00
  0.132908717499E+01  0.215926093126E+00
  0.135142936163E+01  0.219662060101E+00
  0.137414703843E+01  0.223425876482E+00
  0.139724651603E+01  0.227216154433E+00
  0.142073421107E+01  0.231031427181E+00
  0.144461664807E+01  0.234870161212E+00
  0.146890046121E+01  0.238730780369E+00
  0.149359239612E+01  0.242611707959E+00
  0.151869931186E+01  0.246511435018E+00
  0.154422818271E+01  0.250428623929E+00
  0.157018610021E+01  0.254362256511E+00
  0.159658027504E+01  0.258311831782E+00
  0.162341803909E+01  0.262277609179E+00
  0.165070684748E+01  0.266260874334E+00
  0.167845428059E+01  0.270264175445E+00
  0.170666804623E+01  0.274291439653E+00
  0.173535598174E+01  0.278347842780E+00
  0.176452605617E+01  0.282439299770E+00
  0.179418637251E+01  0.286571515793E+00
  0.182434516992E+01  0.290748726534E+00
  0.185501082605E+01  0.294972509547E+00
  0.188619185932E+01  0.299241165732E+00
  0.191789693135E+01  0.303549951808E+00
  0.195013484928E+01  0.307891992014E+00
  0.198291456832E+01  0.312259391836E+00
  0.201624519415E+01  0.316644132332E+00
  0.205013598548E+01  0.321038583590E+00
  0.208459635666E+01  0.325435687897E+00
  0.211963588021E+01  0.329828939230E+00
  0.215526428958E+01  0.334212270430E+00
  0.219149148176E+01  0.338579917593E+00
  0.222832752010E+01  0.342926295326E+00
  0.226578263708E+01  0.347245894782E+00
  0.230386723712E+01  0.351533205495E+00
  0.234259189954E+01  0.355782657885E+00
  0.238196738143E+01  0.359988582270E+00
  0.242200462067E+01  0.364145180663E+00
  0.246271473899E+01  0.368246508329E+00
  0.250410904500E+01  0.372286462876E+00
  0.254619903740E+01  0.376258779251E+00
  0.258899640811E+01  0.380157029470E+00
  0.263251304558E+01  0.383974626238E+00
  0.267676103803E+01  0.387704829827E+00
  0.272175267687E+01  0.391340757785E+00
  0.276750046005E+01  0.394875397083E+00
  0.281401709559E+01  0.398301618506E+00
  0.286131550507E+01  0.401612193027E+00
  0.290940882725E+01  0.404799810144E+00
  0.295831042169E+01  0.407857097978E+00
  0.300803387249E+01  0.410776645284E+00
  0.305859299203E+01  0.413551025204E+00
  0.311000182483E+01  0.416172821043E+00
  0.316227465146E+01  0.418634653917E+00
  0.321542599249E+01  0.420929212625E+00
  0.326947061252E+01  0.423049285589E+00
  0.332442352428E+01  0.424987795211E+00
  0.338029999284E+01  0.426737834405E+00
  0.343711553979E+01  0.428292705598E+00
  0.349488594759E+01  0.429645961760E+00
  0.355362726395E+01  0.430791449604E+00
  0.361335580628E+01  0.431723354241E+00
  0.367408816623E+01  0.432436245161E+00
  0.373584121428E+01  0.432925122496E+00
  0.379863210446E+01  0.433185463120E+00
  0.386247827909E+01  0.433213265196E+00
  0.392739747362E+01  0.433005090467E+00
  0.399340772158E+01  0.432558102656E+00
  0.406052735958E+01  0.431870101186E+00
  0.412877503239E+01  0.430939548568E+00
  0.419816969814E+01  0.429765590833E+00
  0.426873063357E+01  0.428348069646E+00
  0.434047743939E+01  0.426687525906E+00
  0.441343004573E+01  0.424785194032E+00
  0.448760871768E+01  0.422642987330E+00
  0.456303406090E+01  0.420263474330E+00
  0.463972702735E+01  0.417649847080E+00
  0.471770892114E+01  0.414805881928E+00
  0.479700140439E+01  0.411735894212E+00
  0.487762650332E+01  0.408444687832E+00
  0.495960661430E+01  0.404937501320E+00
  0.504296451011E+01  0.401219951595E+00
  0.512772334626E+01  0.397297976969E+00
  0.521390666741E+01  0.393177780581E+00
  0.530153841393E+01  0.388865775627E+00
  0.539064292853E+01  0.384368533409E+00
  0.548124496304E+01  0.379692735257E+00
  0.557336968528E+01  0.374845129162E+00
  0.566704268604E+01  0.369832491794E+00
  0.576228998620E+01  0.364661596544E+00
  0.585913804395E+01  0.359339187913E+00
  0.595761376216E+01  0.353871962655E+00
  0.605774449583E+01  0.348266557653E+00
  0.615955805968E+01  0.342529544733E+00
  0.626308273593E+01  0.336667432023E+00
  0.636834728209E+01  0.330686671874E+00
  0.647538093899E+01  0.324593674552E+00
  0.658421343889E+01  0.318394827493E+00
  0.669487501374E+01  0.312096519020E+00
  0.680739640358E+01  0.305705166003E+00
  0.692180886507E+01  0.299227244068E+00
  0.703814418019E+01  0.292669319615E+00
  0.715643466505E+01  0.286038081994E+00
  0.727671317889E+01  0.279340374963E+00
  0.739901313316E+01  0.272583225669E+00
  0.752336850087E+01  0.265773870283E+00
  0.764981382598E+01  0.258919774615E+00
  0.777838423299E+01  0.252028649056E+00
  0.790911543675E+01  0.245108456462E+00
  0.804204375230E+01  0.238167412729E+00
  0.817720610505E+01  0.231213979172E+00
  0.831464004095E+01  0.224256846962E+00
  0.845438373698E+01  0.217304913339E+00
  0.859647601174E+01  0.210367250379E+00
  0.874095633622E+01  0.203453066610E+00
  0.888786484476E+01  0.196571662679E+00
  0.903724234623E+01  0.189732381816E+00
  0.918913033535E+01  0.182944556547E+00
  0.934357100419E+01  0.176217452624E+00
  0.950060725393E+01  0.169560211703E+00
  0.966028270678E+01  0.162981793745E+00
  0.982264171803E+01  0.156490920549E+00
  0.998772938848E+01  0.150096021257E+00
  0.101555915769E+02  0.143805180979E+00
  0.103262749126E+02  0.137626093153E+00
  0.104998268089E+02  0.131566016460E+00
  0.106762954757E+02  0.125631736641E+00
  0.108557299333E+02  0.119829533709E+00
  0.110381800256E+02  0.114165154664E+00
  0.112236964344E+02  0.108643791891E+00
  0.114123306933E+02  0.103270067145E+00
  0.116041352019E+02  0.980480210799E-01
  0.117991632404E+02  0.929811080513E-01
  0.119974689846E+02  0.880721959869E-01
  0.121991075206E+02  0.833235709511E-01
  0.124041348604E+02  0.787369460904E-01
  0.126126079575E+02  0.743134745233E-01
  0.128245847224E+02  0.700537658093E-01
  0.130401240387E+02  0.659579055424E-01
  0.132592857801E+02  0.620254776835E-01
  0.134821308260E+02  0.582555891940E-01
  0.137087210795E+02  0.546468965914E-01
  0.139391194836E+02  0.511976340258E-01
  0.141733900394E+02  0.479056425267E-01
  0.144115978235E+02  0.447684000662E-01
  0.146538090064E+02  0.417830521296E-01
  0.149000908704E+02  0.389464424921E-01
  0.151505118289E+02  0.362551439411E-01
  0.154051414446E+02  0.337054886984E-01
  0.156640504499E+02  0.312935983297E-01
  0.159273107654E+02  0.290154129505E-01
  0.161949955207E+02  0.268667195638E-01
  0.164671790745E+02  0.248431793877E-01
  0.167439370350E+02  0.229403540544E-01
  0.170253462813E+02  0.211537305817E-01
  0.173114849843E+02  0.194787450396E-01
  0.176024326289E+02  0.179108048513E-01
  0.178982700357E+02  0.164453096861E-01
  0.181990793837E+02  0.150776709152E-01
  0.185049442330E+02  0.138033296185E-01
  0.188159495481E+02  0.126177731382E-01
  0.191321817212E+02  0.115165501912E-01
  0.194537285966E+02  0.104952845594E-01
  0.197806794951E+02  0.954968717236E-02
  0.201131252385E+02  0.867556536909E-02
  0.204511581748E+02  0.786883667830E-02
  0.207948722043E+02  0.712553523053E-02
  0.211443628054E+02  0.644181857735E-02
  0.214997270610E+02  0.581397360414E-02
  0.218610636856E+02  0.523842135678E-02
  0.222284730530E+02  0.471172083740E-02
  0.226020572236E+02  0.423057182697E-02
  0.229819199731E+02  0.379181679371E-02
  0.233681668216E+02  0.339244194760E-02
  0.237609050622E+02  0.302957750153E-02
  0.241602437914E+02  0.270049719987E-02
  0.245662939392E+02  0.240261717498E-02
  0.249791683000E+02  0.213349419111E-02
  0.253989815637E+02  0.189082333469E-02
  0.258258503478E+02  0.167243520827E-02
  0.262598932297E+02  0.147629268418E-02
  0.267012307797E+02  0.130048727201E-02
  0.271499855943E+02  0.114323515229E-02
  0.276062823307E+02  0.100287292665E-02
  0.280702477407E+02  0.877853132419E-03
  0.285420107067E+02  0.766739567533E-03
  0.290217022770E+02  0.668202468946E-03
  0.295094557023E+02  0.581013585499E-03
  0.300054064729E+02  0.504041183460E-03
  0.305096923559E+02  0.436245020449E-03
  0.310224534341E+02  0.376671320756E-03
  0.315438321443E+02  0.324447782435E-03
  0.320739733174E+02  0.278778643873E-03
  0.326130242183E+02  0.238939834854E-03
  0.331611345867E+02  0.204274234511E-03
  0.337184566790E+02  0.174187055942E-03
  0.342851453105E+02  0.148141374704E-03
  0.348613578984E+02  0.125653815894E-03
  0.354472545054E+02  0.106290412114E-03
  0.360429978844E+02  0.896626422684E-04
  0.366487535234E+02  0.754236589248E-04
  0.372646896918E+02  0.632647098283E-04
  0.378909774870E+02  0.529117571830E-04
  0.385277908817E+02  0.441222964344E-04
  0.391753067728E+02  0.366823745695E-04
  0.398337050299E+02  0.304038063710E-04
  0.405031685456E+02  0.251215856375E-04
  0.411838832863E+02  0.206914871078E-04
  0.418760383439E+02  0.169878536656E-04
  0.425798259880E+02  0.139015624620E-04
  0.432954417198E+02  0.113381661199E-04
  0.440230843261E+02  0.921619025811E-05
  0.447629559343E+02  0.746559112028E-05
  0.455152620693E+02  0.602636254964E-05
  0.462802117097E+02  0.484727895661E-05
  0.470580173465E+02  0.388476705842E-05
  0.478488950418E+02  0.310189749110E-05
  0.486530644890E+02  0.246748723528E-05
  0.494707490735E+02  0.195530395800E-05
  0.503021759354E+02  0.154336360584E-05
  0.511475760318E+02  0.121331287947E-05
  0.520071842015E+02  0.949888562832E-06
  0.528812392301E+02  0.740446060081E-06
  0.537699839163E+02  0.574549896743E-06
  0.546736651393E+02  0.443619354937E-06
  0.555925339275E+02  0.340622822070E-06
  0.565268455282E+02  0.259814821413E-06
  0.574768594783E+02  0.196510042851E-06
  0.584428396767E+02  0.146888978869E-06
  0.594250544575E+02  0.107829963282E-06
  0.604237766644E+02  0.767624651561E-07
  0.614392837267E+02  0.515363462912E-07
  0.624718577361E+02  0.303013573894E-07
  0.635217855256E+02  0.113902916371E-07
  0.645893587483E+02  0.000000000000E+00
  0.656748739593E+02  0.000000000000E+00
  0.667786326976E+02  0.000000000000E+00
  0.679009415699E+02  0.000000000000E+00
  0.690421123360E+02  0.000000000000E+00
  0.702024619949E+02  0.000000000000E+00
  0.713823128736E+02  0.000000000000E+00
  0.725819927159E+02  0.000000000000E+00
  0.738018347741E+02  0.000000000000E+00
  0.750421779009E+02  0.000000000000E+00
  0.763033666440E+02  0.000000000000E+00
  0.775857513419E+02  0.000000000000E+00
  0.788896882207E+02  0.000000000000E+00
  0.802155394934E+02  0.000000000000E+00
  0.815636734608E+02  0.000000000000E+00
  davegp - end printing all-electron states

 subroutine lderiv: pass   1

 leaving lderiv
