========================================================================
pseudopotential program version  7.3.6   date: 11 - 11 -   15
========================================================================

 ifae =   1    ifpsp =   0    ifprt =   0    ifplw =   0    ilogd =   3
 rlogd=   1.50000     emin=  -2.40000     emax=   1.60000     nnt=   80
 thresh, tol =   1.000E-11   1.000E-09    damp = 0.500    maxit = 250
 z, xion, exfact   8.00000000000000       5.000000000000000E-002
   5.00000000000000     

          *************************************************************
             O                 PBE - GGA           exchange-correlation
          *************************************************************

 z =  8.00    xion = 0.05    exfact =   5.00000    irel=   0
 ncspvs =    3
 rmax =  80.00000    aasf =   6.00000    bbsf =  59.00000

 value of mesh generated in rinit is   737
 irel = 0 so all electron calculations use schroedinger equations


                         the system has converged with
                                 delta= 0.7762371D-09


                             the eigenvalues are


          orbital          occupation          energy
           100                   1.95             -38.08379
           200                   2.00              -1.81962
           210                   4.00              -0.72369
 etot=   -147.99097 ryd ;      -2013.41710 ev            ebsr,ehar,emvxc=    -80.79738     71.83143      4.63785
  davegp - begin printing all-electron states
           3
         737           0         100
  0.000000000000E+00  0.000000000000E+00
  0.529635113499E-05  0.228431195340E-03
  0.106832360010E-04  0.460766573050E-03
  0.161622021457E-04  0.697072312925E-03
  0.217348235702E-04  0.937415692803E-03
  0.274027011807E-04  0.118186510737E-02
  0.331674632488E-04  0.143049008609E-02
  0.390307658791E-04  0.168336131133E-02
  0.449942934849E-04  0.194055063691E-02
  0.510597592724E-04  0.220213110681E-02
  0.572289057325E-04  0.246817697431E-02
  0.635035051415E-04  0.273876372133E-02
  0.698853600706E-04  0.301396807818E-02
  0.763763039030E-04  0.329386804353E-02
  0.829782013614E-04  0.357854290479E-02
  0.896929490432E-04  0.386807325879E-02
  0.965224759654E-04  0.416254103276E-02
  0.103468744119E-03  0.446202950571E-02
  0.110533749032E-03  0.476662333006E-02
  0.117719520345E-03  0.507640855375E-02
  0.125028122389E-03  0.539147264255E-02
  0.132461654785E-03  0.571190450288E-02
  0.140022253043E-03  0.603779450485E-02
  0.147712089177E-03  0.636923450577E-02
  0.155533372328E-03  0.670631787400E-02
  0.163488349398E-03  0.704913951318E-02
  0.171579305700E-03  0.739779588681E-02
  0.179808565607E-03  0.775238504330E-02
  0.188178493228E-03  0.811300664133E-02
  0.196691493080E-03  0.847976197567E-02
  0.205350010784E-03  0.885275400339E-02
  0.214156533764E-03  0.923208737044E-02
  0.223113591964E-03  0.961786843873E-02
  0.232223758573E-03  0.100102053136E-01
  0.241489650766E-03  0.104092078715E-01
  0.250913930455E-03  0.108149877887E-01
  0.260499305052E-03  0.112276585697E-01
  0.270248528251E-03  0.116473355765E-01
  0.280164400814E-03  0.120741360582E-01
  0.290249771379E-03  0.125081791815E-01
  0.300507537280E-03  0.129495860604E-01
  0.310940645372E-03  0.133984797880E-01
  0.321552092887E-03  0.138549854677E-01
  0.332344928287E-03  0.143192302450E-01
  0.343322252146E-03  0.147913433400E-01
  0.354487218036E-03  0.152714560801E-01
  0.365843033437E-03  0.157597019339E-01
  0.377392960653E-03  0.162562165443E-01
  0.389140317755E-03  0.167611377633E-01
  0.401088479533E-03  0.172746056867E-01
  0.413240878461E-03  0.177967626893E-01
  0.425601005689E-03  0.183277534606E-01
  0.438172412041E-03  0.188677250414E-01
  0.450958709041E-03  0.194168268602E-01
  0.463963569943E-03  0.199752107708E-01
  0.477190730792E-03  0.205430310896E-01
  0.490643991496E-03  0.211204446344E-01
  0.504327216916E-03  0.217076107627E-01
  0.518244337978E-03  0.223046914113E-01
  0.532399352802E-03  0.229118511356E-01
  0.546796327850E-03  0.235292571506E-01
  0.561439399093E-03  0.241570793709E-01
  0.576332773203E-03  0.247954904524E-01
  0.591480728758E-03  0.254446658339E-01
  0.606887617473E-03  0.261047837798E-01
  0.622557865448E-03  0.267760254220E-01
  0.638495974442E-03  0.274585748041E-01
  0.654706523167E-03  0.281526189248E-01
  0.671194168598E-03  0.288583477820E-01
  0.687963647318E-03  0.295759544180E-01
  0.705019776872E-03  0.303056349646E-01
  0.722367457158E-03  0.310475886888E-01
  0.740011671827E-03  0.318020180392E-01
  0.757957489721E-03  0.325691286930E-01
  0.776210066327E-03  0.333491296031E-01
  0.794774645257E-03  0.341422330457E-01
  0.813656559754E-03  0.349486546691E-01
  0.832861234228E-03  0.357686135421E-01
  0.852394185810E-03  0.366023322035E-01
  0.872261025938E-03  0.374500367117E-01
  0.892467461973E-03  0.383119566952E-01
  0.913019298830E-03  0.391883254032E-01
  0.933922440657E-03  0.400793797570E-01
  0.955182892520E-03  0.409853604015E-01
  0.976806762136E-03  0.419065117577E-01
  0.998800261625E-03  0.428430820753E-01
  0.102116970929E-02  0.437953234858E-01
  0.104392153145E-02  0.447634920564E-01
  0.106706226425E-02  0.457478478437E-01
  0.109059855559E-02  0.467486549488E-01
  0.111453716698E-02  0.477661815721E-01
  0.113888497552E-02  0.488007000686E-01
  0.116364897587E-02  0.498524870044E-01
  0.118883628224E-02  0.509218232127E-01
  0.121445413047E-02  0.520089938507E-01
  0.124050988005E-02  0.531142884572E-01
  0.126701101631E-02  0.542380010099E-01
  0.129396515252E-02  0.553804299837E-01
  0.132138003206E-02  0.565418784094E-01
  0.134926353070E-02  0.577226539322E-01
  0.137762365885E-02  0.589230688715E-01
  0.140646856380E-02  0.601434402805E-01
  0.143580653215E-02  0.613840900059E-01
  0.146564599212E-02  0.626453447486E-01
  0.149599551601E-02  0.639275361245E-01
  0.152686382266E-02  0.652310007254E-01
  0.155825977993E-02  0.665560801802E-01
  0.159019240728E-02  0.679031212170E-01
  0.162267087832E-02  0.692724757245E-01
  0.165570452350E-02  0.706645008144E-01
  0.168930283274E-02  0.720795588839E-01
  0.172347545819E-02  0.735180176778E-01
  0.175823221697E-02  0.749802503516E-01
  0.179358309404E-02  0.764666355344E-01
  0.182953824502E-02  0.779775573916E-01
  0.186610799913E-02  0.795134056882E-01
  0.190330286214E-02  0.810745758519E-01
  0.194113351943E-02  0.826614690363E-01
  0.197961083901E-02  0.842744921839E-01
  0.201874587466E-02  0.859140580894E-01
  0.205854986914E-02  0.875805854629E-01
  0.209903425735E-02  0.892744989922E-01
  0.214021066967E-02  0.909962294062E-01
  0.218209093530E-02  0.927462135373E-01
  0.222468708561E-02  0.945248943835E-01
  0.226801135767E-02  0.963327211706E-01
  0.231207619770E-02  0.981701494137E-01
  0.235689426467E-02  0.100037640979E+00
  0.240247843395E-02  0.101935664144E+00
  0.244884180098E-02  0.103864693657E+00
  0.249599768506E-02  0.105825210801E+00
  0.254395963318E-02  0.107817703446E+00
  0.259274142386E-02  0.109842666114E+00
  0.264235707117E-02  0.111900600033E+00
  0.269282082872E-02  0.113992013195E+00
  0.274414719379E-02  0.116117420412E+00
  0.279635091143E-02  0.118277343372E+00
  0.284944697877E-02  0.120472310689E+00
  0.290345064928E-02  0.122702857963E+00
  0.295837743717E-02  0.124969527824E+00
  0.301424312185E-02  0.127272869989E+00
  0.307106375243E-02  0.129613441306E+00
  0.312885565239E-02  0.131991805806E+00
  0.318763542423E-02  0.134408534745E+00
  0.324741995424E-02  0.136864206651E+00
  0.330822641735E-02  0.139359407365E+00
  0.337007228208E-02  0.141894730084E+00
  0.343297531556E-02  0.144470775398E+00
  0.349695358861E-02  0.147088151327E+00
  0.356202548094E-02  0.149747473355E+00
  0.362820968646E-02  0.152449364464E+00
  0.369552521861E-02  0.155194455161E+00
  0.376399141583E-02  0.157983383509E+00
  0.383362794714E-02  0.160816795146E+00
  0.390445481777E-02  0.163695343313E+00
  0.397649237491E-02  0.166619688865E+00
  0.404976131354E-02  0.169590500295E+00
  0.412428268243E-02  0.172608453737E+00
  0.420007789012E-02  0.175674232982E+00
  0.427716871110E-02  0.178788529479E+00
  0.435557729208E-02  0.181952042337E+00
  0.443532615832E-02  0.185165478322E+00
  0.451643822013E-02  0.188429551850E+00
  0.459893677943E-02  0.191744984976E+00
  0.468284553647E-02  0.195112507376E+00
  0.476818859661E-02  0.198532856329E+00
  0.485499047726E-02  0.202006776691E+00
  0.494327611491E-02  0.205535020860E+00
  0.503307087233E-02  0.209118348746E+00
  0.512440054580E-02  0.212757527722E+00
  0.521729137258E-02  0.216453332583E+00
  0.531177003841E-02  0.220206545487E+00
  0.540786368517E-02  0.224017955895E+00
  0.550559991872E-02  0.227888360509E+00
  0.560500681678E-02  0.231818563190E+00
  0.570611293702E-02  0.235809374884E+00
  0.580894732528E-02  0.239861613531E+00
  0.591353952390E-02  0.243976103966E+00
  0.601991958018E-02  0.248153677820E+00
  0.612811805506E-02  0.252395173403E+00
  0.623816603186E-02  0.256701435584E+00
  0.635009512524E-02  0.261073315663E+00
  0.646393749026E-02  0.265511671226E+00
  0.657972583163E-02  0.270017366003E+00
  0.669749341310E-02  0.274591269702E+00
  0.681727406702E-02  0.279234257845E+00
  0.693910220405E-02  0.283947211583E+00
  0.706301282306E-02  0.288731017508E+00
  0.718904152117E-02  0.293586567449E+00
  0.731722450399E-02  0.298514758254E+00
  0.744759859600E-02  0.303516491571E+00
  0.758020125116E-02  0.308592673600E+00
  0.771507056366E-02  0.313744214843E+00
  0.785224527882E-02  0.318972029838E+00
  0.799176480430E-02  0.324277036881E+00
  0.813366922135E-02  0.329660157724E+00
  0.827799929636E-02  0.335122317273E+00
  0.842479649258E-02  0.340664443256E+00
  0.857410298199E-02  0.346287465887E+00
  0.872596165747E-02  0.351992317504E+00
  0.888041614507E-02  0.357779932197E+00
  0.903751081658E-02  0.363651245416E+00
  0.919729080225E-02  0.369607193561E+00
  0.935980200378E-02  0.375648713551E+00
  0.952509110751E-02  0.381776742379E+00
  0.969320559778E-02  0.387992216645E+00
  0.986419377064E-02  0.394296072068E+00
  0.100381047477E-01  0.400689242975E+00
  0.102149884902E-01  0.407172661779E+00
  0.103948958134E-01  0.413747258420E+00
  0.105778784012E-01  0.420413959795E+00
  0.107639888209E-01  0.427173689161E+00
  0.109532805386E-01  0.434027365512E+00
  0.111458079340E-01  0.440975902936E+00
  0.113416263165E-01  0.448020209944E+00
  0.115407919410E-01  0.455161188775E+00
  0.117433620239E-01  0.462399734672E+00
  0.119493947596E-01  0.469736735134E+00
  0.121589493374E-01  0.477173069138E+00
  0.123720859583E-01  0.484709606335E+00
  0.125888658522E-01  0.492347206217E+00
  0.128093512959E-01  0.500086717248E+00
  0.130336056306E-01  0.507928975977E+00
  0.132616932801E-01  0.515874806106E+00
  0.134936797696E-01  0.523925017537E+00
  0.137296317445E-01  0.532080405384E+00
  0.139696169890E-01  0.540341748944E+00
  0.142137044464E-01  0.548709810648E+00
  0.144619642382E-01  0.557185334968E+00
  0.147144676847E-01  0.565769047288E+00
  0.149712873252E-01  0.574461652747E+00
  0.152324969390E-01  0.583263835039E+00
  0.154981715666E-01  0.592176255178E+00
  0.157683875312E-01  0.601199550227E+00
  0.160432224606E-01  0.610334331983E+00
  0.163227553096E-01  0.619581185631E+00
  0.166070663825E-01  0.628940668352E+00
  0.168962373564E-01  0.638413307897E+00
  0.171903513045E-01  0.647999601108E+00
  0.174894927201E-01  0.657700012416E+00
  0.177937475407E-01  0.667514972283E+00
  0.181032031729E-01  0.677444875604E+00
  0.184179485172E-01  0.687490080074E+00
  0.187380739939E-01  0.697650904500E+00
  0.190636715688E-01  0.707927627081E+00
  0.193948347799E-01  0.718320483635E+00
  0.197316587639E-01  0.728829665789E+00
  0.200742402838E-01  0.739455319118E+00
  0.204226777567E-01  0.750197541243E+00
  0.207770712820E-01  0.761056379884E+00
  0.211375226699E-01  0.772031830867E+00
  0.215041354713E-01  0.783123836085E+00
  0.218770150068E-01  0.794332281416E+00
  0.222562683976E-01  0.805656994594E+00
  0.226420045959E-01  0.817097743038E+00
  0.230343344161E-01  0.828654231630E+00
  0.234333705670E-01  0.840326100455E+00
  0.238392276841E-01  0.852112922495E+00
  0.242520223621E-01  0.864014201277E+00
  0.246718731891E-01  0.876029368481E+00
  0.250989007800E-01  0.888157781501E+00
  0.255332278116E-01  0.900398720970E+00
  0.259749790577E-01  0.912751388243E+00
  0.264242814248E-01  0.925214902831E+00
  0.268812639888E-01  0.937788299812E+00
  0.273460580319E-01  0.950470527189E+00
  0.278187970806E-01  0.963260443223E+00
  0.282996169435E-01  0.976156813723E+00
  0.287886557510E-01  0.989158309308E+00
  0.292860539943E-01  0.100226350264E+01
  0.297919545665E-01  0.101547086560E+01
  0.303065028029E-01  0.102877876650E+01
  0.308298465233E-01  0.104218546721E+01
  0.313621360742E-01  0.105568912025E+01
  0.319035243721E-01  0.106928776595E+01
  0.324541669474E-01  0.108297932951E+01
  0.330142219890E-01  0.109676161805E+01
  0.335838503899E-01  0.111063231770E+01
  0.341632157934E-01  0.112458899067E+01
  0.347524846399E-01  0.113862907223E+01
  0.353518262149E-01  0.115274986785E+01
  0.359614126977E-01  0.116694855016E+01
  0.365814192106E-01  0.118122215611E+01
  0.372120238697E-01  0.119556758394E+01
  0.378534078352E-01  0.120998159036E+01
  0.385057553646E-01  0.122446078761E+01
  0.391692538645E-01  0.123900164063E+01
  0.398440939453E-01  0.125360046423E+01
  0.405304694755E-01  0.126825342028E+01
  0.412285776375E-01  0.128295651504E+01
  0.419386189841E-01  0.129770559640E+01
  0.426607974967E-01  0.131249635128E+01
  0.433953206431E-01  0.132732430311E+01
  0.441423994375E-01  0.134218480926E+01
  0.449022485013E-01  0.135707305872E+01
  0.456750861243E-01  0.137198406975E+01
  0.464611343280E-01  0.138691268763E+01
  0.472606189287E-01  0.140185358260E+01
  0.480737696029E-01  0.141680124783E+01
  0.489008199529E-01  0.143174999756E+01
  0.497420075745E-01  0.144669396535E+01
  0.505975741245E-01  0.146162710251E+01
  0.514677653907E-01  0.147654317661E+01
  0.523528313620E-01  0.149143577025E+01
  0.532530263010E-01  0.150629827994E+01
  0.541686088161E-01  0.152112391516E+01
  0.550998419365E-01  0.153590569767E+01
  0.560469931874E-01  0.155063646097E+01
  0.570103346672E-01  0.156530885005E+01
  0.579901431250E-01  0.157991532129E+01
  0.589867000411E-01  0.159444814264E+01
  0.600002917068E-01  0.160889939412E+01
  0.610312093074E-01  0.162326096845E+01
  0.620797490057E-01  0.163752457213E+01
  0.631462120267E-01  0.165168172666E+01
  0.642309047447E-01  0.166572377017E+01
  0.653341387710E-01  0.167964185937E+01
  0.664562310432E-01  0.169342697174E+01
  0.675975039168E-01  0.170706990821E+01
  0.687582852574E-01  0.172056129608E+01
  0.699389085350E-01  0.173389159239E+01
  0.711397129198E-01  0.174705108765E+01
  0.723610433798E-01  0.176002990998E+01
  0.736032507795E-01  0.177281802967E+01
  0.748666919810E-01  0.178540526415E+01
  0.761517299466E-01  0.179778128344E+01
  0.774587338427E-01  0.180993561602E+01
  0.787880791465E-01  0.182185765520E+01
  0.801401477529E-01  0.183353666591E+01
  0.815153280852E-01  0.184496179206E+01
  0.829140152060E-01  0.185612206436E+01
  0.843366109312E-01  0.186700640865E+01
  0.857835239449E-01  0.187760365475E+01
  0.872551699172E-01  0.188790254589E+01
  0.887519716236E-01  0.189789174861E+01
  0.902743590662E-01  0.190755986327E+01
  0.918227695974E-01  0.191689543509E+01
  0.933976480457E-01  0.192588696573E+01
  0.949994468432E-01  0.193452292551E+01
  0.966286261556E-01  0.194279176612E+01
  0.982856540146E-01  0.195068193398E+01
  0.999710064523E-01  0.195818188407E+01
  0.101685167638E+00  0.196528009449E+01
  0.103428630017E+00  0.197196508147E+01
  0.105201894451E+00  0.197822541500E+01
  0.107005470367E+00  0.198404973504E+01
  0.108839875896E+00  0.198942676827E+01
  0.110705638027E+00  0.199434534540E+01
  0.112603292758E+00  0.199879441909E+01
  0.114533385248E+00  0.200276308227E+01
  0.116496469976E+00  0.200624058714E+01
  0.118493110897E+00  0.200921636455E+01
  0.120523881608E+00  0.201168004395E+01
  0.122589365511E+00  0.201362147377E+01
  0.124690155978E+00  0.201503074225E+01
  0.126826856526E+00  0.201589819872E+01
  0.129000080988E+00  0.201621447523E+01
  0.131210453690E+00  0.201597050856E+01
  0.133458609628E+00  0.201515756261E+01
  0.135745194654E+00  0.201376725099E+01
  0.138070865660E+00  0.201179155993E+01
  0.140436290766E+00  0.200922287140E+01
  0.142842149513E+00  0.200605398639E+01
  0.145289133057E+00  0.200227814830E+01
  0.147777944370E+00  0.199788906639E+01
  0.150309298440E+00  0.199288093931E+01
  0.152883922474E+00  0.198724847849E+01
  0.155502556113E+00  0.198098693150E+01
  0.158165951639E+00  0.197409210520E+01
  0.160874874195E+00  0.196656038868E+01
  0.163630102002E+00  0.195838877590E+01
  0.166432426582E+00  0.194957488787E+01
  0.169282652990E+00  0.194011699450E+01
  0.172181600041E+00  0.193001403578E+01
  0.175130100546E+00  0.191926564244E+01
  0.178129001552E+00  0.190787215583E+01
  0.181179164585E+00  0.189583464703E+01
  0.184281465899E+00  0.188315493506E+01
  0.187436796724E+00  0.186983560413E+01
  0.190646063526E+00  0.185588001979E+01
  0.193910188265E+00  0.184129234389E+01
  0.197230108660E+00  0.182607754829E+01
  0.200606778462E+00  0.181024142722E+01
  0.204041167722E+00  0.179379060811E+01
  0.207534263072E+00  0.177673256091E+01
  0.211087068013E+00  0.175907560572E+01
  0.214700603196E+00  0.174082891872E+01
  0.218375906719E+00  0.172200253618E+01
  0.222114034428E+00  0.170260735660E+01
  0.225916060212E+00  0.168265514085E+01
  0.229783076321E+00  0.166215851024E+01
  0.233716193673E+00  0.164113094242E+01
  0.237716542178E+00  0.161958676511E+01
  0.241785271057E+00  0.159754114766E+01
  0.245923549178E+00  0.157501009023E+01
  0.250132565388E+00  0.155201041082E+01
  0.254413528856E+00  0.152855972993E+01
  0.258767669420E+00  0.150467645304E+01
  0.263196237940E+00  0.148037975075E+01
  0.267700506659E+00  0.145568953688E+01
  0.272281769565E+00  0.143062644435E+01
  0.276941342767E+00  0.140521179910E+01
  0.281680564869E+00  0.137946759207E+01
  0.286500797360E+00  0.135341644940E+01
  0.291403424997E+00  0.132708160101E+01
  0.296389856212E+00  0.130048684761E+01
  0.301461523510E+00  0.127365652641E+01
  0.306619883881E+00  0.124661547560E+01
  0.311866419224E+00  0.121938899765E+01
  0.317202636767E+00  0.119200282161E+01
  0.322630069502E+00  0.116448306424E+01
  0.328150276624E+00  0.113685618994E+01
  0.333764843983E+00  0.110914896913E+01
  0.339475384535E+00  0.108138843448E+01
  0.345283538809E+00  0.105360183449E+01
  0.351190975373E+00  0.102581658331E+01
  0.357199391322E+00  0.998060205661E+00
  0.363310512755E+00  0.970360275691E+00
  0.369526095281E+00  0.942744348418E+00
  0.375847924515E+00  0.915239882824E+00
  0.382277816597E+00  0.887874155976E+00
  0.388817618711E+00  0.860674168538E+00
  0.395469209615E+00  0.833666542741E+00
  0.402234500182E+00  0.806877415320E+00
  0.409115433950E+00  0.780332328674E+00
  0.416113987677E+00  0.754056124678E+00
  0.423232171914E+00  0.728072845654E+00
  0.430472031575E+00  0.702405647193E+00
  0.437835646533E+00  0.677076726449E+00
  0.445325132213E+00  0.652107268488E+00
  0.452942640197E+00  0.627517411197E+00
  0.460690358849E+00  0.603326227594E+00
  0.468570513939E+00  0.579551722208E+00
  0.476585369283E+00  0.556210837132E+00
  0.484737227393E+00  0.533319462429E+00
  0.493028430141E+00  0.510892446181E+00
  0.501461359428E+00  0.488943600282E+00
  0.510038437872E+00  0.467485699962E+00
  0.518762129502E+00  0.446530476455E+00
  0.527634940466E+00  0.426088603871E+00
  0.536659419750E+00  0.406169682034E+00
  0.545838159912E+00  0.386782217595E+00
  0.555173797828E+00  0.367933605521E+00
  0.564669015445E+00  0.349630112871E+00
  0.574326540555E+00  0.331876866156E+00
  0.584149147579E+00  0.314677843289E+00
  0.594139658362E+00  0.298035870593E+00
  0.604300942983E+00  0.281952625148E+00
  0.614635920584E+00  0.266428642459E+00
  0.625147560203E+00  0.251463329362E+00
  0.635838881632E+00  0.237054981944E+00
  0.646712956279E+00  0.223200808246E+00
  0.657772908056E+00  0.209896955491E+00
  0.669021914274E+00  0.197138541560E+00
  0.680463206553E+00  0.184919690458E+00
  0.692100071757E+00  0.173233571493E+00
  0.703935852930E+00  0.162072441911E+00
  0.715973950265E+00  0.151427692708E+00
  0.728217822073E+00  0.141289897351E+00
  0.740670985782E+00  0.131648863104E+00
  0.753337018944E+00  0.122493684697E+00
  0.766219560267E+00  0.113812799978E+00
  0.779322310655E+00  0.105594047284E+00
  0.792649034274E+00  0.978247241538E-01
  0.806203559634E+00  0.904916470767E-01
  0.819989780688E+00  0.835812118943E-01
  0.834011657951E+00  0.770794545473E-01
  0.848273219637E+00  0.709721117648E-01
  0.862778562816E+00  0.652446813961E-01
  0.877531854593E+00  0.598824819885E-01
  0.892537333304E+00  0.548707113249E-01
  0.907799309730E+00  0.501945035467E-01
  0.923322168344E+00  0.458389846004E-01
  0.939110368562E+00  0.417893256697E-01
  0.955168446029E+00  0.380307943666E-01
  0.971501013919E+00  0.345488033905E-01
  0.988112764263E+00  0.313289564728E-01
  0.100500846930E+01  0.283570913727E-01
  0.102219298283E+01  0.256193197911E-01
  0.103967124163E+01  0.231020640314E-01
  0.105744826688E+01  0.207920903278E-01
  0.107552916556E+01  0.186765387351E-01
  0.109391913198E+01  0.167429495557E-01
  0.111262344920E+01  0.149792862638E-01
  0.113164749062E+01  0.133739549562E-01
  0.115099672148E+01  0.119158203498E-01
  0.117067670044E+01  0.105942184092E-01
  0.119069308118E+01  0.939896567779E-02
  0.121105161400E+01  0.832036544125E-02
  0.123175814753E+01  0.734921084538E-02
  0.125281863036E+01  0.647678513414E-02
  0.127423911275E+01  0.569485916883E-02
  0.129602574838E+01  0.499568642186E-02
  0.131818479615E+01  0.437199563512E-02
  0.134072262192E+01  0.381698135448E-02
  0.136364570036E+01  0.332429254809E-02
  0.138696061684E+01  0.288801952867E-02
  0.141067406927E+01  0.250267939427E-02
  0.143479287008E+01  0.216320020683E-02
  0.145932394813E+01  0.186490412005E-02
  0.148427435072E+01  0.160348966635E-02
  0.150965124562E+01  0.137501340265E-02
  0.153546192313E+01  0.117587110799E-02
  0.156171379815E+01  0.100277871389E-02
  0.158841441233E+01  0.852753137660E-03
  0.161557143624E+01  0.723093175587E-03
  0.164319267158E+01  0.611360599476E-03
  0.167128605339E+01  0.515361585838E-03
  0.169985965236E+01  0.433128592438E-03
  0.172892167712E+01  0.362902782297E-03
  0.175848047663E+01  0.303117080517E-03
  0.178854454257E+01  0.252379935111E-03
  0.181912251176E+01  0.209459838881E-03
  0.185022316866E+01  0.173270656300E-03
  0.188185544788E+01  0.142857786444E-03
  0.191402843677E+01  0.117385181544E-03
  0.194675137801E+01  0.961232295521E-04
  0.198003367225E+01  0.784374995301E-04
  0.201388488087E+01  0.637783395409E-04
  0.204831472865E+01  0.516713091953E-04
  0.208333310664E+01  0.417084220444E-04
  0.211895007492E+01  0.335401675096E-04
  0.215517586556E+01  0.268682772008E-04
  0.219202088554E+01  0.214391968776E-04
  0.222949571972E+01  0.170382223541E-04
  0.226761113389E+01  0.134842557066E-04
  0.230637807786E+01  0.106251367254E-04
  0.234580768864E+01  0.833350388118E-05
  0.238591129359E+01  0.650313872022E-05
  0.242670041369E+01  0.504574765788E-05
  0.246818676688E+01  0.388813519653E-05
  0.251038227138E+01  0.296972258047E-05
  0.255329904913E+01  0.224036536689E-05
  0.259694942931E+01  0.165842201807E-05
  0.264134595182E+01  0.118902273906E-05
  0.268650137092E+01  0.802482629397E-06
  0.273242865889E+01  0.472794532951E-06
  0.277914100975E+01  0.176123022642E-06
  0.282665184305E+01  0.000000000000E+00
  0.287497480775E+01  0.000000000000E+00
  0.292412378608E+01  0.000000000000E+00
  0.297411289761E+01  0.000000000000E+00
  0.302495650323E+01  0.000000000000E+00
  0.307666920934E+01  0.000000000000E+00
  0.312926587198E+01  0.000000000000E+00
  0.318276160117E+01  0.000000000000E+00
  0.323717176519E+01  0.000000000000E+00
  0.329251199502E+01  0.000000000000E+00
  0.334879818885E+01  0.000000000000E+00
  0.340604651661E+01  0.000000000000E+00
  0.346427342464E+01  0.000000000000E+00
  0.352349564040E+01  0.000000000000E+00
  0.358373017729E+01  0.000000000000E+00
  0.364499433952E+01  0.000000000000E+00
  0.370730572710E+01  0.000000000000E+00
  0.377068224089E+01  0.000000000000E+00
  0.383514208773E+01  0.000000000000E+00
  0.390070378570E+01  0.000000000000E+00
  0.396738616939E+01  0.000000000000E+00
  0.403520839537E+01  0.000000000000E+00
  0.410418994764E+01  0.000000000000E+00
  0.417435064329E+01  0.000000000000E+00
  0.424571063811E+01  0.000000000000E+00
  0.431829043244E+01  0.000000000000E+00
  0.439211087707E+01  0.000000000000E+00
  0.446719317918E+01  0.000000000000E+00
  0.454355890845E+01  0.000000000000E+00
  0.462123000329E+01  0.000000000000E+00
  0.470022877710E+01  0.000000000000E+00
  0.478057792469E+01  0.000000000000E+00
  0.486230052882E+01  0.000000000000E+00
  0.494542006682E+01  0.000000000000E+00
  0.502996041732E+01  0.000000000000E+00
  0.511594586712E+01  0.000000000000E+00
  0.520340111819E+01  0.000000000000E+00
  0.529235129472E+01  0.000000000000E+00
  0.538282195038E+01  0.000000000000E+00
  0.547483907563E+01  0.000000000000E+00
  0.556842910522E+01  0.000000000000E+00
  0.566361892575E+01  0.000000000000E+00
  0.576043588341E+01  0.000000000000E+00
  0.585890779185E+01  0.000000000000E+00
  0.595906294013E+01  0.000000000000E+00
  0.606093010089E+01  0.000000000000E+00
  0.616453853860E+01  0.000000000000E+00
  0.626991801796E+01  0.000000000000E+00
  0.637709881244E+01  0.000000000000E+00
  0.648611171303E+01  0.000000000000E+00
  0.659698803701E+01  0.000000000000E+00
  0.670975963701E+01  0.000000000000E+00
  0.682445891012E+01  0.000000000000E+00
  0.694111880723E+01  0.000000000000E+00
  0.705977284247E+01  0.000000000000E+00
  0.718045510285E+01  0.000000000000E+00
  0.730320025805E+01  0.000000000000E+00
  0.742804357036E+01  0.000000000000E+00
  0.755502090487E+01  0.000000000000E+00
  0.768416873970E+01  0.000000000000E+00
  0.781552417653E+01  0.000000000000E+00
  0.794912495123E+01  0.000000000000E+00
  0.808500944471E+01  0.000000000000E+00
  0.822321669397E+01  0.000000000000E+00
  0.836378640327E+01  0.000000000000E+00
  0.850675895557E+01  0.000000000000E+00
  0.865217542412E+01  0.000000000000E+00
  0.880007758426E+01  0.000000000000E+00
  0.895050792540E+01  0.000000000000E+00
  0.910350966329E+01  0.000000000000E+00
  0.925912675235E+01  0.000000000000E+00
  0.941740389837E+01  0.000000000000E+00
  0.957838657131E+01  0.000000000000E+00
  0.974212101837E+01  0.000000000000E+00
  0.990865427729E+01  0.000000000000E+00
  0.100780341899E+02  0.000000000000E+00
  0.102503094156E+02  0.000000000000E+00
  0.104255294460E+02  0.000000000000E+00
  0.106037446182E+02  0.000000000000E+00
  0.107850061301E+02  0.000000000000E+00
  0.109693660545E+02  0.000000000000E+00
  0.111568773546E+02  0.000000000000E+00
  0.113475938986E+02  0.000000000000E+00
  0.115415704758E+02  0.000000000000E+00
  0.117388628119E+02  0.000000000000E+00
  0.119395275851E+02  0.000000000000E+00
  0.121436224425E+02  0.000000000000E+00
  0.123512060167E+02  0.000000000000E+00
  0.125623379424E+02  0.000000000000E+00
  0.127770788737E+02  0.000000000000E+00
  0.129954905016E+02  0.000000000000E+00
  0.132176355714E+02  0.000000000000E+00
  0.134435779011E+02  0.000000000000E+00
  0.136733823996E+02  0.000000000000E+00
  0.139071150853E+02  0.000000000000E+00
  0.141448431051E+02  0.000000000000E+00
  0.143866347536E+02  0.000000000000E+00
  0.146325594929E+02  0.000000000000E+00
  0.148826879724E+02  0.000000000000E+00
  0.151370920491E+02  0.000000000000E+00
  0.153958448085E+02  0.000000000000E+00
  0.156590205852E+02  0.000000000000E+00
  0.159266949846E+02  0.000000000000E+00
  0.161989449042E+02  0.000000000000E+00
  0.164758485562E+02  0.000000000000E+00
  0.167574854897E+02  0.000000000000E+00
  0.170439366135E+02  0.000000000000E+00
  0.173352842195E+02  0.000000000000E+00
  0.176316120062E+02  0.000000000000E+00
  0.179330051029E+02  0.000000000000E+00
  0.182395500940E+02  0.000000000000E+00
  0.185513350438E+02  0.000000000000E+00
  0.188684495222E+02  0.000000000000E+00
  0.191909846301E+02  0.000000000000E+00
  0.195190330255E+02  0.000000000000E+00
  0.198526889504E+02  0.000000000000E+00
  0.201920482577E+02  0.000000000000E+00
  0.205372084387E+02  0.000000000000E+00
  0.208882686513E+02  0.000000000000E+00
  0.212453297483E+02  0.000000000000E+00
  0.216084943064E+02  0.000000000000E+00
  0.219778666558E+02  0.000000000000E+00
  0.223535529101E+02  0.000000000000E+00
  0.227356609965E+02  0.000000000000E+00
  0.231243006874E+02  0.000000000000E+00
  0.235195836314E+02  0.000000000000E+00
  0.239216233857E+02  0.000000000000E+00
  0.243305354485E+02  0.000000000000E+00
  0.247464372923E+02  0.000000000000E+00
  0.251694483977E+02  0.000000000000E+00
  0.255996902876E+02  0.000000000000E+00
  0.260372865621E+02  0.000000000000E+00
  0.264823629342E+02  0.000000000000E+00
  0.269350472658E+02  0.000000000000E+00
  0.273954696042E+02  0.000000000000E+00
  0.278637622200E+02  0.000000000000E+00
  0.283400596445E+02  0.000000000000E+00
  0.288244987087E+02  0.000000000000E+00
  0.293172185826E+02  0.000000000000E+00
  0.298183608151E+02  0.000000000000E+00
  0.303280693747E+02  0.000000000000E+00
  0.308464906907E+02  0.000000000000E+00
  0.313737736956E+02  0.000000000000E+00
  0.319100698676E+02  0.000000000000E+00
  0.324555332743E+02  0.000000000000E+00
  0.330103206165E+02  0.000000000000E+00
  0.335745912742E+02  0.000000000000E+00
  0.341485073512E+02  0.000000000000E+00
  0.347322337226E+02  0.000000000000E+00
  0.353259380817E+02  0.000000000000E+00
  0.359297909882E+02  0.000000000000E+00
  0.365439659174E+02  0.000000000000E+00
  0.371686393098E+02  0.000000000000E+00
  0.378039906221E+02  0.000000000000E+00
  0.384502023784E+02  0.000000000000E+00
  0.391074602228E+02  0.000000000000E+00
  0.397759529727E+02  0.000000000000E+00
  0.404558726733E+02  0.000000000000E+00
  0.411474146522E+02  0.000000000000E+00
  0.418507775762E+02  0.000000000000E+00
  0.425661635077E+02  0.000000000000E+00
  0.432937779633E+02  0.000000000000E+00
  0.440338299725E+02  0.000000000000E+00
  0.447865321380E+02  0.000000000000E+00
  0.455521006966E+02  0.000000000000E+00
  0.463307555812E+02  0.000000000000E+00
  0.471227204844E+02  0.000000000000E+00
  0.479282229223E+02  0.000000000000E+00
  0.487474943003E+02  0.000000000000E+00
  0.495807699790E+02  0.000000000000E+00
  0.504282893426E+02  0.000000000000E+00
  0.512902958668E+02  0.000000000000E+00
  0.521670371896E+02  0.000000000000E+00
  0.530587651817E+02  0.000000000000E+00
  0.539657360193E+02  0.000000000000E+00
  0.548882102576E+02  0.000000000000E+00
  0.558264529055E+02  0.000000000000E+00
  0.567807335021E+02  0.000000000000E+00
  0.577513261938E+02  0.000000000000E+00
  0.587385098129E+02  0.000000000000E+00
  0.597425679582E+02  0.000000000000E+00
  0.607637890763E+02  0.000000000000E+00
  0.618024665441E+02  0.000000000000E+00
  0.628588987537E+02  0.000000000000E+00
  0.639333891975E+02  0.000000000000E+00
  0.650262465558E+02  0.000000000000E+00
  0.661377847856E+02  0.000000000000E+00
  0.672683232100E+02  0.000000000000E+00
  0.684181866111E+02  0.000000000000E+00
  0.695877053222E+02  0.000000000000E+00
  0.707772153235E+02  0.000000000000E+00
  0.719870583381E+02  0.000000000000E+00
  0.732175819307E+02  0.000000000000E+00
  0.744691396067E+02  0.000000000000E+00
  0.757420909145E+02  0.000000000000E+00
  0.770368015483E+02  0.000000000000E+00
  0.783536434535E+02  0.000000000000E+00
  0.796929949333E+02  0.000000000000E+00
  0.810552407574E+02  0.000000000000E+00
         737           0         200
  0.000000000000E+00  0.000000000000E+00
  0.529635113499E-05  0.536492052873E-04
  0.106832360010E-04  0.108215344307E-03
  0.161622021457E-04  0.163713959942E-03
  0.217348235702E-04  0.220160852955E-03
  0.274027011807E-04  0.277572086404E-03
  0.331674632488E-04  0.335963989850E-03
  0.390307658791E-04  0.395353163623E-03
  0.449942934849E-04  0.455756483165E-03
  0.510597592724E-04  0.517191103435E-03
  0.572289057325E-04  0.579674463393E-03
  0.635035051415E-04  0.643224290552E-03
  0.698853600706E-04  0.707858605602E-03
  0.763763039030E-04  0.773595727117E-03
  0.829782013614E-04  0.840454276330E-03
  0.896929490432E-04  0.908453181984E-03
  0.965224759654E-04  0.977611685273E-03
  0.103468744119E-03  0.104794934485E-02
  0.110533749032E-03  0.111948604191E-02
  0.117719520345E-03  0.119224198538E-02
  0.125028122389E-03  0.126623771718E-02
  0.132461654785E-03  0.134149411752E-02
  0.140022253043E-03  0.141803241040E-02
  0.147712089177E-03  0.149587416905E-02
  0.155533372328E-03  0.157504132156E-02
  0.163488349398E-03  0.165555615659E-02
  0.171579305700E-03  0.173744132912E-02
  0.179808565607E-03  0.182071986630E-02
  0.188178493228E-03  0.190541517349E-02
  0.196691493080E-03  0.199155104024E-02
  0.205350010784E-03  0.207915164647E-02
  0.214156533764E-03  0.216824156872E-02
  0.223113591964E-03  0.225884578652E-02
  0.232223758573E-03  0.235098968879E-02
  0.241489650766E-03  0.244469908042E-02
  0.250913930455E-03  0.254000018890E-02
  0.260499305052E-03  0.263691967108E-02
  0.270248528251E-03  0.273548462002E-02
  0.280164400814E-03  0.283572257194E-02
  0.290249771379E-03  0.293766151331E-02
  0.300507537280E-03  0.304132988797E-02
  0.310940645372E-03  0.314675660446E-02
  0.321552092887E-03  0.325397104338E-02
  0.332344928287E-03  0.336300306488E-02
  0.343322252146E-03  0.347388301628E-02
  0.354487218036E-03  0.358664173977E-02
  0.365843033437E-03  0.370131058027E-02
  0.377392960653E-03  0.381792139333E-02
  0.389140317755E-03  0.393650655321E-02
  0.401088479533E-03  0.405709896104E-02
  0.413240878461E-03  0.417973205310E-02
  0.425601005689E-03  0.430443980922E-02
  0.438172412041E-03  0.443125676128E-02
  0.450958709041E-03  0.456021800186E-02
  0.463963569943E-03  0.469135919298E-02
  0.477190730792E-03  0.482471657492E-02
  0.490643991496E-03  0.496032697526E-02
  0.504327216916E-03  0.509822781792E-02
  0.518244337978E-03  0.523845713242E-02
  0.532399352802E-03  0.538105356316E-02
  0.546796327850E-03  0.552605637890E-02
  0.561439399093E-03  0.567350548230E-02
  0.576332773203E-03  0.582344141963E-02
  0.591480728758E-03  0.597590539055E-02
  0.606887617473E-03  0.613093925803E-02
  0.622557865448E-03  0.628858555839E-02
  0.638495974442E-03  0.644888751145E-02
  0.654706523167E-03  0.661188903080E-02
  0.671194168598E-03  0.677763473420E-02
  0.687963647318E-03  0.694616995405E-02
  0.705019776872E-03  0.711754074807E-02
  0.722367457158E-03  0.729179390998E-02
  0.740011671827E-03  0.746897698041E-02
  0.757957489721E-03  0.764913825781E-02
  0.776210066327E-03  0.783232680963E-02
  0.794774645257E-03  0.801859248343E-02
  0.813656559754E-03  0.820798591825E-02
  0.832861234228E-03  0.840055855608E-02
  0.852394185810E-03  0.859636265332E-02
  0.872261025938E-03  0.879545129253E-02
  0.892467461973E-03  0.899787839418E-02
  0.913019298830E-03  0.920369872853E-02
  0.933922440657E-03  0.941296792766E-02
  0.955182892520E-03  0.962574249759E-02
  0.976806762136E-03  0.984207983048E-02
  0.998800261625E-03  0.100620382170E-01
  0.102116970929E-02  0.102856768588E-01
  0.104392153145E-02  0.105130558810E-01
  0.106706226425E-02  0.107442363450E-01
  0.109059855559E-02  0.109792802611E-01
  0.111453716698E-02  0.112182506014E-01
  0.113888497552E-02  0.114612113129E-01
  0.116364897587E-02  0.117082273306E-01
  0.118883628224E-02  0.119593645905E-01
  0.121445413047E-02  0.122146900432E-01
  0.124050988005E-02  0.124742716668E-01
  0.126701101631E-02  0.127381784811E-01
  0.129396515252E-02  0.130064805606E-01
  0.132138003206E-02  0.132792490482E-01
  0.134926353070E-02  0.135565561694E-01
  0.137762365885E-02  0.138384752457E-01
  0.140646856380E-02  0.141250807090E-01
  0.143580653215E-02  0.144164481150E-01
  0.146564599212E-02  0.147126541577E-01
  0.149599551601E-02  0.150137766838E-01
  0.152686382266E-02  0.153198947062E-01
  0.155825977993E-02  0.156310884191E-01
  0.159019240728E-02  0.159474392117E-01
  0.162267087832E-02  0.162690296831E-01
  0.165570452350E-02  0.165959436567E-01
  0.168930283274E-02  0.169282661942E-01
  0.172347545819E-02  0.172660836110E-01
  0.175823221697E-02  0.176094834900E-01
  0.179358309404E-02  0.179585546967E-01
  0.182953824502E-02  0.183133873938E-01
  0.186610799913E-02  0.186740730553E-01
  0.190330286214E-02  0.190407044821E-01
  0.194113351943E-02  0.194133758159E-01
  0.197961083901E-02  0.197921825538E-01
  0.201874587466E-02  0.201772215636E-01
  0.205854986914E-02  0.205685910978E-01
  0.209903425735E-02  0.209663908081E-01
  0.214021066967E-02  0.213707217604E-01
  0.218209093530E-02  0.217816864488E-01
  0.222468708561E-02  0.221993888100E-01
  0.226801135767E-02  0.226239342379E-01
  0.231207619770E-02  0.230554295974E-01
  0.235689426467E-02  0.234939832386E-01
  0.240247843395E-02  0.239397050111E-01
  0.244884180098E-02  0.243927062771E-01
  0.249599768506E-02  0.248530999259E-01
  0.254395963318E-02  0.253210003867E-01
  0.259274142386E-02  0.257965236424E-01
  0.264235707117E-02  0.262797872424E-01
  0.269282082872E-02  0.267709103159E-01
  0.274414719379E-02  0.272700135842E-01
  0.279635091143E-02  0.277772193734E-01
  0.284944697877E-02  0.282926516264E-01
  0.290345064928E-02  0.288164359148E-01
  0.295837743717E-02  0.293486994506E-01
  0.301424312185E-02  0.298895710975E-01
  0.307106375243E-02  0.304391813813E-01
  0.312885565239E-02  0.309976625011E-01
  0.318763542423E-02  0.315651483388E-01
  0.324741995424E-02  0.321417744693E-01
  0.330822641735E-02  0.327276781691E-01
  0.337007228208E-02  0.333229984260E-01
  0.343297531556E-02  0.339278759462E-01
  0.349695358861E-02  0.345424531631E-01
  0.356202548094E-02  0.351668742435E-01
  0.362820968646E-02  0.358012850951E-01
  0.369552521861E-02  0.364458333714E-01
  0.376399141583E-02  0.371006684780E-01
  0.383362794714E-02  0.377659415763E-01
  0.390445481777E-02  0.384418055878E-01
  0.397649237491E-02  0.391284151971E-01
  0.404976131354E-02  0.398259268540E-01
  0.412428268243E-02  0.405344987752E-01
  0.420007789012E-02  0.412542909445E-01
  0.427716871110E-02  0.419854651125E-01
  0.435557729208E-02  0.427281847953E-01
  0.443532615832E-02  0.434826152719E-01
  0.451643822013E-02  0.442489235811E-01
  0.459893677943E-02  0.450272785163E-01
  0.468284553647E-02  0.458178506202E-01
  0.476818859661E-02  0.466208121776E-01
  0.485499047726E-02  0.474363372074E-01
  0.494327611491E-02  0.482646014524E-01
  0.503307087233E-02  0.491057823691E-01
  0.512440054580E-02  0.499600591147E-01
  0.521729137258E-02  0.508276125331E-01
  0.531177003841E-02  0.517086251401E-01
  0.540786368517E-02  0.526032811052E-01
  0.550559991872E-02  0.535117662336E-01
  0.560500681678E-02  0.544342679451E-01
  0.570611293702E-02  0.553709752517E-01
  0.580894732528E-02  0.563220787335E-01
  0.591353952390E-02  0.572877705116E-01
  0.601991958018E-02  0.582682442203E-01
  0.612811805506E-02  0.592636949761E-01
  0.623816603186E-02  0.602743193448E-01
  0.635009512524E-02  0.613003153066E-01
  0.646393749026E-02  0.623418822181E-01
  0.657972583163E-02  0.633992207722E-01
  0.669749341310E-02  0.644725329556E-01
  0.681727406702E-02  0.655620220033E-01
  0.693910220405E-02  0.666678923500E-01
  0.706301282306E-02  0.677903495795E-01
  0.718904152117E-02  0.689296003702E-01
  0.731722450399E-02  0.700858524380E-01
  0.744759859600E-02  0.712593144757E-01
  0.758020125116E-02  0.724501960893E-01
  0.771507056366E-02  0.736587077306E-01
  0.785224527882E-02  0.748850606265E-01
  0.799176480430E-02  0.761294667045E-01
  0.813366922135E-02  0.773921385139E-01
  0.827799929636E-02  0.786732891441E-01
  0.842479649258E-02  0.799731321377E-01
  0.857410298199E-02  0.812918814001E-01
  0.872596165747E-02  0.826297511044E-01
  0.888041614507E-02  0.839869555919E-01
  0.903751081658E-02  0.853637092680E-01
  0.919729080225E-02  0.867602264930E-01
  0.935980200378E-02  0.881767214685E-01
  0.952509110751E-02  0.896134081181E-01
  0.969320559778E-02  0.910704999631E-01
  0.986419377064E-02  0.925482099929E-01
  0.100381047477E-01  0.940467505291E-01
  0.102149884902E-01  0.955663330851E-01
  0.103948958134E-01  0.971071682182E-01
  0.105778784012E-01  0.986694653769E-01
  0.107639888209E-01  0.100253432741E+00
  0.109532805386E-01  0.101859277055E+00
  0.111458079340E-01  0.103487203457E+00
  0.113416263165E-01  0.105137415297E+00
  0.115407919410E-01  0.106810113951E+00
  0.117433620239E-01  0.108505498626E+00
  0.119493947596E-01  0.110223766162E+00
  0.121589493374E-01  0.111965110815E+00
  0.123720859583E-01  0.113729724050E+00
  0.125888658522E-01  0.115517794308E+00
  0.128093512959E-01  0.117329506772E+00
  0.130336056306E-01  0.119165043133E+00
  0.132616932801E-01  0.121024581328E+00
  0.134936797696E-01  0.122908295287E+00
  0.137296317445E-01  0.124816354664E+00
  0.139696169890E-01  0.126748924551E+00
  0.142137044464E-01  0.128706165200E+00
  0.144619642382E-01  0.130688231714E+00
  0.147144676847E-01  0.132695273745E+00
  0.149712873252E-01  0.134727435173E+00
  0.152324969390E-01  0.136784853776E+00
  0.154981715666E-01  0.138867660889E+00
  0.157683875312E-01  0.140975981052E+00
  0.160432224606E-01  0.143109931645E+00
  0.163227553096E-01  0.145269622519E+00
  0.166070663825E-01  0.147455155600E+00
  0.168962373564E-01  0.149666624497E+00
  0.171903513045E-01  0.151904114087E+00
  0.174894927201E-01  0.154167700092E+00
  0.177937475407E-01  0.156457448641E+00
  0.181032031729E-01  0.158773415821E+00
  0.184179485172E-01  0.161115647210E+00
  0.187380739939E-01  0.163484177404E+00
  0.190636715688E-01  0.165879029524E+00
  0.193948347799E-01  0.168300214707E+00
  0.197316587639E-01  0.170747731594E+00
  0.200742402838E-01  0.173221565788E+00
  0.204226777567E-01  0.175721689309E+00
  0.207770712820E-01  0.178248060031E+00
  0.211375226699E-01  0.180800621099E+00
  0.215041354713E-01  0.183379300337E+00
  0.218770150068E-01  0.185984009639E+00
  0.222562683976E-01  0.188614644337E+00
  0.226420045959E-01  0.191271082568E+00
  0.230343344161E-01  0.193953184609E+00
  0.234333705670E-01  0.196660792206E+00
  0.238392276841E-01  0.199393727882E+00
  0.242520223621E-01  0.202151794233E+00
  0.246718731891E-01  0.204934773199E+00
  0.250989007800E-01  0.207742425329E+00
  0.255332278116E-01  0.210574489022E+00
  0.259749790577E-01  0.213430679753E+00
  0.264242814248E-01  0.216310689283E+00
  0.268812639888E-01  0.219214184850E+00
  0.273460580319E-01  0.222140808348E+00
  0.278187970806E-01  0.225090175484E+00
  0.282996169435E-01  0.228061874923E+00
  0.287886557510E-01  0.231055467409E+00
  0.292860539943E-01  0.234070484879E+00
  0.297919545665E-01  0.237106429557E+00
  0.303065028029E-01  0.240162773027E+00
  0.308298465233E-01  0.243238955296E+00
  0.313621360742E-01  0.246334383842E+00
  0.319035243721E-01  0.249448432645E+00
  0.324541669474E-01  0.252580441196E+00
  0.330142219890E-01  0.255729713507E+00
  0.335838503899E-01  0.258895517092E+00
  0.341632157934E-01  0.262077081944E+00
  0.347524846399E-01  0.265273599492E+00
  0.353518262149E-01  0.268484221552E+00
  0.359614126977E-01  0.271708059264E+00
  0.365814192106E-01  0.274944182012E+00
  0.372120238697E-01  0.278191616344E+00
  0.378534078352E-01  0.281449344874E+00
  0.385057553646E-01  0.284716305179E+00
  0.391692538645E-01  0.287991388692E+00
  0.398440939453E-01  0.291273439575E+00
  0.405304694755E-01  0.294561253605E+00
  0.412285776375E-01  0.297853577041E+00
  0.419386189841E-01  0.301149105493E+00
  0.426607974967E-01  0.304446482793E+00
  0.433953206431E-01  0.307744299856E+00
  0.441423994375E-01  0.311041093552E+00
  0.449022485013E-01  0.314335345575E+00
  0.456750861243E-01  0.317625481320E+00
  0.464611343280E-01  0.320909868760E+00
  0.472606189287E-01  0.324186817337E+00
  0.480737696029E-01  0.327454576862E+00
  0.489008199529E-01  0.330711336423E+00
  0.497420075745E-01  0.333955223314E+00
  0.505975741245E-01  0.337184301973E+00
  0.514677653907E-01  0.340396572944E+00
  0.523528313620E-01  0.343589971859E+00
  0.532530263010E-01  0.346762368444E+00
  0.541686088161E-01  0.349911565549E+00
  0.550998419365E-01  0.353035298215E+00
  0.560469931874E-01  0.356131232765E+00
  0.570103346672E-01  0.359196965935E+00
  0.579901431250E-01  0.362230024044E+00
  0.589867000411E-01  0.365227862204E+00
  0.600002917068E-01  0.368187863579E+00
  0.610312093074E-01  0.371107338692E+00
  0.620797490057E-01  0.373983524782E+00
  0.631462120267E-01  0.376813585221E+00
  0.642309047447E-01  0.379594608994E+00
  0.653341387710E-01  0.382323610239E+00
  0.664562310432E-01  0.384997527857E+00
  0.675975039168E-01  0.387613225201E+00
  0.687582852574E-01  0.390167489838E+00
  0.699389085350E-01  0.392657033394E+00
  0.711397129198E-01  0.395078491489E+00
  0.723610433798E-01  0.397428423764E+00
  0.736032507795E-01  0.399703314001E+00
  0.748666919810E-01  0.401899570357E+00
  0.761517299466E-01  0.404013525689E+00
  0.774587338427E-01  0.406041438008E+00
  0.787880791465E-01  0.407979491043E+00
  0.801401477529E-01  0.409823794933E+00
  0.815153280852E-01  0.411570387045E+00
  0.829140152060E-01  0.413215232933E+00
  0.843366109312E-01  0.414754227434E+00
  0.857835239449E-01  0.416183195915E+00
  0.872551699172E-01  0.417497895671E+00
  0.887519716236E-01  0.418694017483E+00
  0.902743590662E-01  0.419767187348E+00
  0.918227695974E-01  0.420712968366E+00
  0.933976480457E-01  0.421526862824E+00
  0.949994468432E-01  0.422204314450E+00
  0.966286261556E-01  0.422740710863E+00
  0.982856540146E-01  0.423131386222E+00
  0.999710064523E-01  0.423371624072E+00
  0.101685167638E+00  0.423456660406E+00
  0.103428630017E+00  0.423381686937E+00
  0.105201894451E+00  0.423141854594E+00
  0.107005470367E+00  0.422732277245E+00
  0.108839875896E+00  0.422148035649E+00
  0.110705638027E+00  0.421384181658E+00
  0.112603292758E+00  0.420435742644E+00
  0.114533385248E+00  0.419297726199E+00
  0.116496469976E+00  0.417965125065E+00
  0.118493110897E+00  0.416432922347E+00
  0.120523881608E+00  0.414696096970E+00
  0.122589365511E+00  0.412749629414E+00
  0.124690155978E+00  0.410588507723E+00
  0.126826856526E+00  0.408207733780E+00
  0.129000080988E+00  0.405602329871E+00
  0.131210453690E+00  0.402767345522E+00
  0.133458609628E+00  0.399697864622E+00
  0.135745194654E+00  0.396389012830E+00
  0.138070865660E+00  0.392835965269E+00
  0.140436290766E+00  0.389033954504E+00
  0.142842149513E+00  0.384978278804E+00
  0.145289133057E+00  0.380664310689E+00
  0.147777944370E+00  0.376087505759E+00
  0.150309298440E+00  0.371243411804E+00
  0.152883922474E+00  0.366127678184E+00
  0.155502556113E+00  0.360736065483E+00
  0.158165951639E+00  0.355064455427E+00
  0.160874874195E+00  0.349108861060E+00
  0.163630102002E+00  0.342865437168E+00
  0.166432426582E+00  0.336330490944E+00
  0.169282652990E+00  0.329500492886E+00
  0.172181600041E+00  0.322372087912E+00
  0.175130100546E+00  0.314942106678E+00
  0.178129001552E+00  0.307207577092E+00
  0.181179164585E+00  0.299165736007E+00
  0.184281465899E+00  0.290814041062E+00
  0.187436796724E+00  0.282150182680E+00
  0.190646063526E+00  0.273172096175E+00
  0.193910188265E+00  0.263877973973E+00
  0.197230108660E+00  0.254266277902E+00
  0.200606778462E+00  0.244335751548E+00
  0.204041167722E+00  0.234085432636E+00
  0.207534263072E+00  0.223514665428E+00
  0.211087068013E+00  0.212623113093E+00
  0.214700603196E+00  0.201410770039E+00
  0.218375906719E+00  0.189877974169E+00
  0.222114034428E+00  0.178025419031E+00
  0.225916060212E+00  0.165854165843E+00
  0.229783076321E+00  0.153365655347E+00
  0.233716193673E+00  0.140561719479E+00
  0.237716542178E+00  0.127444592802E+00
  0.241785271057E+00  0.114016923688E+00
  0.245923549178E+00  0.100281785196E+00
  0.250132565388E+00  0.862426856276E-01
  0.254413528856E+00  0.719035786992E-01
  0.258767669420E+00  0.572688733084E-01
  0.263196237940E+00  0.423434428327E-01
  0.267700506659E+00  0.271326339136E-01
  0.272281769565E+00  0.116422746661E-01
  0.276941342767E+00 -0.412131775536E-02
  0.281680564869E+00 -0.201513303145E-01
  0.286500797360E+00 -0.364404480647E-01
  0.291403424997E+00 -0.529808490434E-01
  0.296389856212E+00 -0.697642002134E-01
  0.301461523510E+00 -0.867816545947E-01
  0.306619883881E+00 -0.104023849754E+00
  0.311866419224E+00 -0.121480907832E+00
  0.317202636767E+00 -0.139142437314E+00
  0.322630069502E+00 -0.156997536738E+00
  0.328150276624E+00 -0.175034800563E+00
  0.333764843983E+00 -0.193242327330E+00
  0.339475384535E+00 -0.211607730251E+00
  0.345283538809E+00 -0.230118150202E+00
  0.351190975373E+00 -0.248760270953E+00
  0.357199391322E+00 -0.267520336247E+00
  0.363310512755E+00 -0.286384168074E+00
  0.369526095281E+00 -0.305337185170E+00
  0.375847924515E+00 -0.324364420500E+00
  0.382277816597E+00 -0.343450536232E+00
  0.388817618711E+00 -0.362579834689E+00
  0.395469209615E+00 -0.381736263811E+00
  0.402234500182E+00 -0.400903416184E+00
  0.409115433950E+00 -0.420064521249E+00
  0.416113987677E+00 -0.439202431372E+00
  0.423232171914E+00 -0.458299603396E+00
  0.430472031575E+00 -0.477338078479E+00
  0.437835646533E+00 -0.496299463750E+00
  0.445325132213E+00 -0.515164919917E+00
  0.452942640197E+00 -0.533915158708E+00
  0.460690358849E+00 -0.552530453439E+00
  0.468570513939E+00 -0.570990664432E+00
  0.476585369283E+00 -0.589275279449E+00
  0.484737227393E+00 -0.607363467231E+00
  0.493028430141E+00 -0.625234141016E+00
  0.501461359428E+00 -0.642866027836E+00
  0.510038437872E+00 -0.660237739698E+00
  0.518762129502E+00 -0.677327843183E+00
  0.527634940466E+00 -0.694114925382E+00
  0.536659419750E+00 -0.710577655015E+00
  0.545838159912E+00 -0.726694838867E+00
  0.555173797828E+00 -0.742445474093E+00
  0.564669015445E+00 -0.757808797534E+00
  0.574326540555E+00 -0.772764333034E+00
  0.584149147579E+00 -0.787291937836E+00
  0.594139658362E+00 -0.801371848711E+00
  0.604300942983E+00 -0.814984728421E+00
  0.614635920584E+00 -0.828111712708E+00
  0.625147560203E+00 -0.840734457945E+00
  0.635838881632E+00 -0.852835189307E+00
  0.646712956279E+00 -0.864396749283E+00
  0.657772908056E+00 -0.875402646228E+00
  0.669021914274E+00 -0.885837102600E+00
  0.680463206553E+00 -0.895685102557E+00
  0.692100071757E+00 -0.904932438475E+00
  0.703935852930E+00 -0.913565756128E+00
  0.715973950265E+00 -0.921572598057E+00
  0.728217822073E+00 -0.928941444986E+00
  0.740670985782E+00 -0.935661754800E+00
  0.753337018944E+00 -0.941723999069E+00
  0.766219560267E+00 -0.947119696647E+00
  0.779322310655E+00 -0.951841444433E+00
  0.792649034274E+00 -0.955882944822E+00
  0.806203559634E+00 -0.959239030083E+00
  0.819989780688E+00 -0.961905683117E+00
  0.834011657951E+00 -0.963880055006E+00
  0.848273219637E+00 -0.965160478738E+00
  0.862778562816E+00 -0.965746479643E+00
  0.877531854593E+00 -0.965638781890E+00
  0.892537333304E+00 -0.964839311688E+00
  0.907799309730E+00 -0.963351196492E+00
  0.923322168344E+00 -0.961178760980E+00
  0.939110368562E+00 -0.958327519039E+00
  0.955168446029E+00 -0.954804162637E+00
  0.971501013919E+00 -0.950616546793E+00
  0.988112764263E+00 -0.945773671587E+00
  0.100500846930E+01 -0.940285660410E+00
  0.102219298283E+01 -0.934163735475E+00
  0.103967124163E+01 -0.927420189751E+00
  0.105744826688E+01 -0.920068356428E+00
  0.107552916556E+01 -0.912122575044E+00
  0.109391913198E+01 -0.903598155426E+00
  0.111262344920E+01 -0.894511338595E+00
  0.113164749062E+01 -0.884879255798E+00
  0.115099672148E+01 -0.874719884828E+00
  0.117067670044E+01 -0.864052004794E+00
  0.119069308118E+01 -0.852895148549E+00
  0.121105161400E+01 -0.841269553890E+00
  0.123175814753E+01 -0.829196112795E+00
  0.125281863036E+01 -0.816696319764E+00
  0.127423911275E+01 -0.803792218567E+00
  0.129602574838E+01 -0.790506348429E+00
  0.131818479615E+01 -0.776861688991E+00
  0.134072262192E+01 -0.762881605012E+00
  0.136364570036E+01 -0.748589790213E+00
  0.138696061684E+01 -0.734010211133E+00
  0.141067406927E+01 -0.719167050491E+00
  0.143479287008E+01 -0.704084650785E+00
  0.145932394813E+01 -0.688787457750E+00
  0.148427435072E+01 -0.673299964248E+00
  0.150965124562E+01 -0.657646654331E+00
  0.153546192313E+01 -0.641851947926E+00
  0.156171379815E+01 -0.625940145970E+00
  0.158841441233E+01 -0.609935376334E+00
  0.161557143624E+01 -0.593861540453E+00
  0.164319267158E+01 -0.577742260906E+00
  0.167128605339E+01 -0.561600829950E+00
  0.169985965236E+01 -0.545460159141E+00
  0.172892167712E+01 -0.529342730184E+00
  0.175848047663E+01 -0.513270547011E+00
  0.178854454257E+01 -0.497265089366E+00
  0.181912251176E+01 -0.481347267804E+00
  0.185022316866E+01 -0.465537380495E+00
  0.188185544788E+01 -0.449855071668E+00
  0.191402843677E+01 -0.434319292191E+00
  0.194675137801E+01 -0.418948262073E+00
  0.198003367225E+01 -0.403759435462E+00
  0.201388488087E+01 -0.388769467891E+00
  0.204831472865E+01 -0.373994186400E+00
  0.208333310664E+01 -0.359448562266E+00
  0.211895007492E+01 -0.345146686978E+00
  0.215517586556E+01 -0.331101751172E+00
  0.219202088554E+01 -0.317326027159E+00
  0.222949571972E+01 -0.303830854695E+00
  0.226761113389E+01 -0.290626630622E+00
  0.230637807786E+01 -0.277722801953E+00
  0.234580768864E+01 -0.265127862969E+00
  0.238591129359E+01 -0.252849355846E+00
  0.242670041369E+01 -0.240893875280E+00
  0.246818676688E+01 -0.229267076577E+00
  0.251038227138E+01 -0.217973687579E+00
  0.255329904913E+01 -0.207017523818E+00
  0.259694942931E+01 -0.196401507186E+00
  0.264134595182E+01 -0.186127687484E+00
  0.268650137092E+01 -0.176197267013E+00
  0.273242865889E+01 -0.166610627581E+00
  0.277914100975E+01 -0.157367360008E+00
  0.282665184305E+01 -0.148466295499E+00
  0.287497480775E+01 -0.139905538930E+00
  0.292412378608E+01 -0.131682503433E+00
  0.297411289761E+01 -0.123793946300E+00
  0.302495650323E+01 -0.116236005639E+00
  0.307666920934E+01 -0.109004237797E+00
  0.312926587198E+01 -0.102093655048E+00
  0.318276160117E+01 -0.954987635540E-01
  0.323717176519E+01 -0.892136011942E-01
  0.329251199502E+01 -0.832317752745E-01
  0.334879818885E+01 -0.775464997897E-01
  0.340604651661E+01 -0.721506322824E-01
  0.346427342464E+01 -0.670367100431E-01
  0.352349564040E+01 -0.621969857136E-01
  0.358373017729E+01 -0.576234621098E-01
  0.364499433952E+01 -0.533079263378E-01
  0.370730572710E+01 -0.492419830692E-01
  0.377068224089E+01 -0.454170870551E-01
  0.383514208773E+01 -0.418245747752E-01
  0.390070378570E+01 -0.384556952907E-01
  0.396738616939E+01 -0.353016402143E-01
  0.403520839537E+01 -0.323535728394E-01
  0.410418994764E+01 -0.296026563452E-01
  0.417435064329E+01 -0.270400810876E-01
  0.424571063811E+01 -0.246570908845E-01
  0.431829043244E+01 -0.224450082742E-01
  0.439211087707E+01 -0.203952586463E-01
  0.446719317918E+01 -0.184993931968E-01
  0.454355890845E+01 -0.167491106027E-01
  0.462123000329E+01 -0.151362773542E-01
  0.470022877710E+01 -0.136529466427E-01
  0.478057792469E+01 -0.122913757418E-01
  0.486230052882E+01 -0.110440417956E-01
  0.494542006682E+01 -0.990365596262E-02
  0.502996041732E+01 -0.886317585529E-02
  0.511594586712E+01 -0.791581624536E-02
  0.520340111819E+01 -0.705505800742E-02
  0.529235129472E+01 -0.627465530050E-02
  0.538282195038E+01 -0.556864099450E-02
  0.547483907563E+01 -0.493133037355E-02
  0.556842910522E+01 -0.435732315749E-02
  0.566361892575E+01 -0.384150390394E-02
  0.576043588341E+01 -0.337904086283E-02
  0.585890779185E+01 -0.296538337183E-02
  0.595906294013E+01 -0.259625788902E-02
  0.606093010089E+01 -0.226766277087E-02
  0.616453853860E+01 -0.197586190905E-02
  0.626991801796E+01 -0.171737734625E-02
  0.637709881244E+01 -0.148898099379E-02
  0.648611171303E+01 -0.128768557610E-02
  0.659698803701E+01 -0.111073492654E-02
  0.670975963701E+01 -0.955593757652E-03
  0.682445891012E+01 -0.819937025406E-03
  0.694111880723E+01 -0.701639002709E-03
  0.705977284247E+01 -0.598762171541E-03
  0.718045510285E+01 -0.509546036569E-03
  0.730320025805E+01 -0.432395955480E-03
  0.742804357036E+01 -0.365872073330E-03
  0.755502090487E+01 -0.308678439551E-03
  0.768416873970E+01 -0.259652377575E-03
  0.781552417653E+01 -0.217754168025E-03
  0.794912495123E+01 -0.182057097579E-03
  0.808500944471E+01 -0.151737916853E-03
  0.822321669397E+01 -0.126067742162E-03
  0.836378640327E+01 -0.104403427934E-03
  0.850675895557E+01 -0.861794288796E-04
  0.865217542412E+01 -0.709001639141E-04
  0.880007758426E+01 -0.581328872511E-04
  0.895050792540E+01 -0.475010661848E-04
  0.910350966329E+01 -0.386782597645E-04
  0.925912675235E+01 -0.313824879418E-04
  0.941740389837E+01 -0.253710767819E-04
  0.957838657131E+01 -0.204359619918E-04
  0.974212101837E+01 -0.163994302965E-04
  0.990865427729E+01 -0.131102760627E-04
  0.100780341899E+02 -0.104403489939E-04
  0.102503094156E+02 -0.828146765203E-05
  0.104255294460E+02 -0.654267295691E-05
  0.106037446182E+02 -0.514779562438E-05
  0.107850061301E+02 -0.403331166888E-05
  0.109693660545E+02 -0.314646056875E-05
  0.111568773546E+02 -0.244360139063E-05
  0.113475938986E+02 -0.188878298190E-05
  0.115415704758E+02 -0.145250619124E-05
  0.117388628119E+02 -0.111065531118E-05
  0.119395275851E+02 -0.843579036986E-06
  0.121436224425E+02 -0.635301301018E-06
  0.123512060167E+02 -0.472843333484E-06
  0.125623379424E+02 -0.345638898282E-06
  0.127770788737E+02 -0.245024770739E-06
  0.129954905016E+02 -0.163787957134E-06
  0.132176355714E+02 -0.957495687226E-07
  0.134435779011E+02 -0.353621554033E-07
  0.136733823996E+02  0.000000000000E+00
  0.139071150853E+02  0.000000000000E+00
  0.141448431051E+02  0.000000000000E+00
  0.143866347536E+02  0.000000000000E+00
  0.146325594929E+02  0.000000000000E+00
  0.148826879724E+02  0.000000000000E+00
  0.151370920491E+02  0.000000000000E+00
  0.153958448085E+02  0.000000000000E+00
  0.156590205852E+02  0.000000000000E+00
  0.159266949846E+02  0.000000000000E+00
  0.161989449042E+02  0.000000000000E+00
  0.164758485562E+02  0.000000000000E+00
  0.167574854897E+02  0.000000000000E+00
  0.170439366135E+02  0.000000000000E+00
  0.173352842195E+02  0.000000000000E+00
  0.176316120062E+02  0.000000000000E+00
  0.179330051029E+02  0.000000000000E+00
  0.182395500940E+02  0.000000000000E+00
  0.185513350438E+02  0.000000000000E+00
  0.188684495222E+02  0.000000000000E+00
  0.191909846301E+02  0.000000000000E+00
  0.195190330255E+02  0.000000000000E+00
  0.198526889504E+02  0.000000000000E+00
  0.201920482577E+02  0.000000000000E+00
  0.205372084387E+02  0.000000000000E+00
  0.208882686513E+02  0.000000000000E+00
  0.212453297483E+02  0.000000000000E+00
  0.216084943064E+02  0.000000000000E+00
  0.219778666558E+02  0.000000000000E+00
  0.223535529101E+02  0.000000000000E+00
  0.227356609965E+02  0.000000000000E+00
  0.231243006874E+02  0.000000000000E+00
  0.235195836314E+02  0.000000000000E+00
  0.239216233857E+02  0.000000000000E+00
  0.243305354485E+02  0.000000000000E+00
  0.247464372923E+02  0.000000000000E+00
  0.251694483977E+02  0.000000000000E+00
  0.255996902876E+02  0.000000000000E+00
  0.260372865621E+02  0.000000000000E+00
  0.264823629342E+02  0.000000000000E+00
  0.269350472658E+02  0.000000000000E+00
  0.273954696042E+02  0.000000000000E+00
  0.278637622200E+02  0.000000000000E+00
  0.283400596445E+02  0.000000000000E+00
  0.288244987087E+02  0.000000000000E+00
  0.293172185826E+02  0.000000000000E+00
  0.298183608151E+02  0.000000000000E+00
  0.303280693747E+02  0.000000000000E+00
  0.308464906907E+02  0.000000000000E+00
  0.313737736956E+02  0.000000000000E+00
  0.319100698676E+02  0.000000000000E+00
  0.324555332743E+02  0.000000000000E+00
  0.330103206165E+02  0.000000000000E+00
  0.335745912742E+02  0.000000000000E+00
  0.341485073512E+02  0.000000000000E+00
  0.347322337226E+02  0.000000000000E+00
  0.353259380817E+02  0.000000000000E+00
  0.359297909882E+02  0.000000000000E+00
  0.365439659174E+02  0.000000000000E+00
  0.371686393098E+02  0.000000000000E+00
  0.378039906221E+02  0.000000000000E+00
  0.384502023784E+02  0.000000000000E+00
  0.391074602228E+02  0.000000000000E+00
  0.397759529727E+02  0.000000000000E+00
  0.404558726733E+02  0.000000000000E+00
  0.411474146522E+02  0.000000000000E+00
  0.418507775762E+02  0.000000000000E+00
  0.425661635077E+02  0.000000000000E+00
  0.432937779633E+02  0.000000000000E+00
  0.440338299725E+02  0.000000000000E+00
  0.447865321380E+02  0.000000000000E+00
  0.455521006966E+02  0.000000000000E+00
  0.463307555812E+02  0.000000000000E+00
  0.471227204844E+02  0.000000000000E+00
  0.479282229223E+02  0.000000000000E+00
  0.487474943003E+02  0.000000000000E+00
  0.495807699790E+02  0.000000000000E+00
  0.504282893426E+02  0.000000000000E+00
  0.512902958668E+02  0.000000000000E+00
  0.521670371896E+02  0.000000000000E+00
  0.530587651817E+02  0.000000000000E+00
  0.539657360193E+02  0.000000000000E+00
  0.548882102576E+02  0.000000000000E+00
  0.558264529055E+02  0.000000000000E+00
  0.567807335021E+02  0.000000000000E+00
  0.577513261938E+02  0.000000000000E+00
  0.587385098129E+02  0.000000000000E+00
  0.597425679582E+02  0.000000000000E+00
  0.607637890763E+02  0.000000000000E+00
  0.618024665441E+02  0.000000000000E+00
  0.628588987537E+02  0.000000000000E+00
  0.639333891975E+02  0.000000000000E+00
  0.650262465558E+02  0.000000000000E+00
  0.661377847856E+02  0.000000000000E+00
  0.672683232100E+02  0.000000000000E+00
  0.684181866111E+02  0.000000000000E+00
  0.695877053222E+02  0.000000000000E+00
  0.707772153235E+02  0.000000000000E+00
  0.719870583381E+02  0.000000000000E+00
  0.732175819307E+02  0.000000000000E+00
  0.744691396067E+02  0.000000000000E+00
  0.757420909145E+02  0.000000000000E+00
  0.770368015483E+02  0.000000000000E+00
  0.783536434535E+02  0.000000000000E+00
  0.796929949333E+02  0.000000000000E+00
  0.810552407574E+02  0.000000000000E+00
         737           1         210
  0.000000000000E+00  0.000000000000E+00
  0.529635113499E-05  0.432372333094E-09
  0.106832360010E-04  0.175917765932E-08
  0.161622021457E-04  0.402628599291E-08
  0.217348235702E-04  0.728140308705E-08
  0.274027011807E-04  0.115741378595E-07
  0.331674632488E-04  0.169560721966E-07
  0.390307658791E-04  0.234808332235E-07
  0.449942934849E-04  0.312041681267E-07
  0.510597592724E-04  0.401840216165E-07
  0.572289057325E-04  0.504806161222E-07
  0.635035051415E-04  0.621565348135E-07
  0.698853600706E-04  0.752768075479E-07
  0.763763039030E-04  0.899089998438E-07
  0.829782013614E-04  0.106123304986E-06
  0.896929490432E-04  0.123992639369E-06
  0.965224759654E-04  0.143592741199E-06
  0.103468744119E-03  0.165002272653E-06
  0.110533749032E-03  0.188302925641E-06
  0.117719520345E-03  0.213579531268E-06
  0.125028122389E-03  0.240920173145E-06
  0.132461654785E-03  0.270416304676E-06
  0.140022253043E-03  0.302162870445E-06
  0.147712089177E-03  0.336258431877E-06
  0.155533372328E-03  0.372805297277E-06
  0.163488349398E-03  0.411909656445E-06
  0.171579305700E-03  0.453681719984E-06
  0.179808565607E-03  0.498235863491E-06
  0.188178493228E-03  0.545690776787E-06
  0.196691493080E-03  0.596169618365E-06
  0.205350010784E-03  0.649800175231E-06
  0.214156533764E-03  0.706715028327E-06
  0.223113591964E-03  0.767051723735E-06
  0.232223758573E-03  0.830952949844E-06
  0.241489650766E-03  0.898566720708E-06
  0.250913930455E-03  0.970046565786E-06
  0.260499305052E-03  0.104555172631E-05
  0.270248528251E-03  0.112524735846E-05
  0.280164400814E-03  0.120930474368E-05
  0.290249771379E-03  0.129790150622E-05
  0.300507537280E-03  0.139122183834E-05
  0.310940645372E-03  0.148945673330E-05
  0.321552092887E-03  0.159280422642E-05
  0.332344928287E-03  0.170146964460E-05
  0.343322252146E-03  0.181566586444E-05
  0.354487218036E-03  0.193561357931E-05
  0.365843033437E-03  0.206154157579E-05
  0.377392960653E-03  0.219368701955E-05
  0.389140317755E-03  0.233229575128E-05
  0.401088479533E-03  0.247762259279E-05
  0.413240878461E-03  0.262993166377E-05
  0.425601005689E-03  0.278949670946E-05
  0.438172412041E-03  0.295660143973E-05
  0.450958709041E-03  0.313153987983E-05
  0.463963569943E-03  0.331461673332E-05
  0.477190730792E-03  0.350614775751E-05
  0.490643991496E-03  0.370646015189E-05
  0.504327216916E-03  0.391589295997E-05
  0.518244337978E-03  0.413479748501E-05
  0.532399352802E-03  0.436353772002E-05
  0.546796327850E-03  0.460249079273E-05
  0.561439399093E-03  0.485204742574E-05
  0.576332773203E-03  0.511261241264E-05
  0.591480728758E-03  0.538460511048E-05
  0.606887617473E-03  0.566845994919E-05
  0.622557865448E-03  0.596462695855E-05
  0.638495974442E-03  0.627357231325E-05
  0.654706523167E-03  0.659577889672E-05
  0.671194168598E-03  0.693174688429E-05
  0.687963647318E-03  0.728199434645E-05
  0.705019776872E-03  0.764705787271E-05
  0.722367457158E-03  0.802749321695E-05
  0.740011671827E-03  0.842387596486E-05
  0.757957489721E-03  0.883680222426E-05
  0.776210066327E-03  0.926688933911E-05
  0.794774645257E-03  0.971477662786E-05
  0.813656559754E-03  0.101811261472E-04
  0.832861234228E-03  0.106666234818E-04
  0.852394185810E-03  0.111719785613E-04
  0.872261025938E-03  0.116979265049E-04
  0.892467461973E-03  0.122452284948E-04
  0.913019298830E-03  0.128146726800E-04
  0.933922440657E-03  0.134070751103E-04
  0.955182892520E-03  0.140232807024E-04
  0.976806762136E-03  0.146641642388E-04
  0.998800261625E-03  0.153306314015E-04
  0.102116970929E-02  0.160236198394E-04
  0.104392153145E-02  0.167441002736E-04
  0.106706226425E-02  0.174930776395E-04
  0.109059855559E-02  0.182715922676E-04
  0.111453716698E-02  0.190807211049E-04
  0.113888497552E-02  0.199215789776E-04
  0.116364897587E-02  0.207953198968E-04
  0.118883628224E-02  0.217031384081E-04
  0.121445413047E-02  0.226462709877E-04
  0.124050988005E-02  0.236259974848E-04
  0.126701101631E-02  0.246436426143E-04
  0.129396515252E-02  0.257005774987E-04
  0.132138003206E-02  0.267982212627E-04
  0.134926353070E-02  0.279380426822E-04
  0.137762365885E-02  0.291215618886E-04
  0.140646856380E-02  0.303503521306E-04
  0.143580653215E-02  0.316260415955E-04
  0.146564599212E-02  0.329503152929E-04
  0.149599551601E-02  0.343249170005E-04
  0.152686382266E-02  0.357516512767E-04
  0.155825977993E-02  0.372323855403E-04
  0.159019240728E-02  0.387690522210E-04
  0.162267087832E-02  0.403636509812E-04
  0.165570452350E-02  0.420182510138E-04
  0.168930283274E-02  0.437349934164E-04
  0.172347545819E-02  0.455160936454E-04
  0.175823221697E-02  0.473638440528E-04
  0.179358309404E-02  0.492806165081E-04
  0.182953824502E-02  0.512688651076E-04
  0.186610799913E-02  0.533311289755E-04
  0.190330286214E-02  0.554700351575E-04
  0.194113351943E-02  0.576883016127E-04
  0.197961083901E-02  0.599887403044E-04
  0.201874587466E-02  0.623742603949E-04
  0.205854986914E-02  0.648478715465E-04
  0.209903425735E-02  0.674126873333E-04
  0.214021066967E-02  0.700719287661E-04
  0.218209093530E-02  0.728289279352E-04
  0.222468708561E-02  0.756871317746E-04
  0.226801135767E-02  0.786501059509E-04
  0.231207619770E-02  0.817215388825E-04
  0.235689426467E-02  0.849052458909E-04
  0.240247843395E-02  0.882051734913E-04
  0.244884180098E-02  0.916254038245E-04
  0.249599768506E-02  0.951701592360E-04
  0.254395963318E-02  0.988438070071E-04
  0.259274142386E-02  0.102650864242E-03
  0.264235707117E-02  0.106596002916E-03
  0.269282082872E-02  0.110684055092E-03
  0.274414719379E-02  0.114920018308E-03
  0.279635091143E-02  0.119309061143E-03
  0.284944697877E-02  0.123856528963E-03
  0.290345064928E-02  0.128567949862E-03
  0.295837743717E-02  0.133449040794E-03
  0.301424312185E-02  0.138505713907E-03
  0.307106375243E-02  0.143744083083E-03
  0.312885565239E-02  0.149170470700E-03
  0.318763542423E-02  0.154791414605E-03
  0.324741995424E-02  0.160613675323E-03
  0.330822641735E-02  0.166644243496E-03
  0.337007228208E-02  0.172890347571E-03
  0.343297531556E-02  0.179359461730E-03
  0.349695358861E-02  0.186059314088E-03
  0.356202548094E-02  0.192997895152E-03
  0.362820968646E-02  0.200183466552E-03
  0.369552521861E-02  0.207624570065E-03
  0.376399141583E-02  0.215330036918E-03
  0.383362794714E-02  0.223308997409E-03
  0.390445481777E-02  0.231570890822E-03
  0.397649237491E-02  0.240125475672E-03
  0.404976131354E-02  0.248982840282E-03
  0.412428268243E-02  0.258153413691E-03
  0.420007789012E-02  0.267647976923E-03
  0.427716871110E-02  0.277477674613E-03
  0.435557729208E-02  0.287654027004E-03
  0.443532615832E-02  0.298188942334E-03
  0.451643822013E-02  0.309094729614E-03
  0.459893677943E-02  0.320384111817E-03
  0.468284553647E-02  0.332070239484E-03
  0.476818859661E-02  0.344166704770E-03
  0.485499047726E-02  0.356687555927E-03
  0.494327611491E-02  0.369647312256E-03
  0.503307087233E-02  0.383060979525E-03
  0.512440054580E-02  0.396944065879E-03
  0.521729137258E-02  0.411312598253E-03
  0.531177003841E-02  0.426183139298E-03
  0.540786368517E-02  0.441572804843E-03
  0.550559991872E-02  0.457499281907E-03
  0.560500681678E-02  0.473980847270E-03
  0.570611293702E-02  0.491036386629E-03
  0.580894732528E-02  0.508685414354E-03
  0.591353952390E-02  0.526948093854E-03
  0.601991958018E-02  0.545845258583E-03
  0.612811805506E-02  0.565398433693E-03
  0.623816603186E-02  0.585629858359E-03
  0.635009512524E-02  0.606562508799E-03
  0.646393749026E-02  0.628220121995E-03
  0.657972583163E-02  0.650627220151E-03
  0.669749341310E-02  0.673809135900E-03
  0.681727406702E-02  0.697792038284E-03
  0.693910220405E-02  0.722602959523E-03
  0.706301282306E-02  0.748269822611E-03
  0.718904152117E-02  0.774821469738E-03
  0.731722450399E-02  0.802287691585E-03
  0.744759859600E-02  0.830699257498E-03
  0.758020125116E-02  0.860087946579E-03
  0.771507056366E-02  0.890486579707E-03
  0.785224527882E-02  0.921929052519E-03
  0.799176480430E-02  0.954450369390E-03
  0.813366922135E-02  0.988086678411E-03
  0.827799929636E-02  0.102287530742E-02
  0.842479649258E-02  0.105885480108E-02
  0.857410298199E-02  0.109606495910E-02
  0.872596165747E-02  0.113454687554E-02
  0.888041614507E-02  0.117434297926E-02
  0.903751081658E-02  0.121549707561E-02
  0.919729080225E-02  0.125805438928E-02
  0.935980200378E-02  0.130206160845E-02
  0.952509110751E-02  0.134756693014E-02
  0.969320559778E-02  0.139462010697E-02
  0.986419377064E-02  0.144327249518E-02
  0.100381047477E-01  0.149357710406E-02
  0.102149884902E-01  0.154558864681E-02
  0.103948958134E-01  0.159936359280E-02
  0.105778784012E-01  0.165496022137E-02
  0.107639888209E-01  0.171243867705E-02
  0.109532805386E-01  0.177186102646E-02
  0.111458079340E-01  0.183329131667E-02
  0.113416263165E-01  0.189679563529E-02
  0.115407919410E-01  0.196244217215E-02
  0.117433620239E-01  0.203030128269E-02
  0.119493947596E-01  0.210044555314E-02
  0.121589493374E-01  0.217294986741E-02
  0.123720859583E-01  0.224789147581E-02
  0.125888658522E-01  0.232535006568E-02
  0.128093512959E-01  0.240540783384E-02
  0.130336056306E-01  0.248814956100E-02
  0.132616932801E-01  0.257366268815E-02
  0.134936797696E-01  0.266203739498E-02
  0.137296317445E-01  0.275336668028E-02
  0.139696169890E-01  0.284774644455E-02
  0.142137044464E-01  0.294527557463E-02
  0.144619642382E-01  0.304605603056E-02
  0.147144676847E-01  0.315019293467E-02
  0.149712873252E-01  0.325779466286E-02
  0.152324969390E-01  0.336897293824E-02
  0.154981715666E-01  0.348384292708E-02
  0.157683875312E-01  0.360252333712E-02
  0.160432224606E-01  0.372513651827E-02
  0.163227553096E-01  0.385180856582E-02
  0.166070663825E-01  0.398266942611E-02
  0.168962373564E-01  0.411785300467E-02
  0.171903513045E-01  0.425749727701E-02
  0.174894927201E-01  0.440174440191E-02
  0.177937475407E-01  0.455074083742E-02
  0.181032031729E-01  0.470463745948E-02
  0.184179485172E-01  0.486358968318E-02
  0.187380739939E-01  0.502775758686E-02
  0.190636715688E-01  0.519730603884E-02
  0.193948347799E-01  0.537240482701E-02
  0.197316587639E-01  0.555322879115E-02
  0.200742402838E-01  0.573995795811E-02
  0.204226777567E-01  0.593277767987E-02
  0.207770712820E-01  0.613187877435E-02
  0.211375226699E-01  0.633745766920E-02
  0.215041354713E-01  0.654971654840E-02
  0.218770150068E-01  0.676886350185E-02
  0.222562683976E-01  0.699511267771E-02
  0.226420045959E-01  0.722868443783E-02
  0.230343344161E-01  0.746980551590E-02
  0.234333705670E-01  0.771870917862E-02
  0.238392276841E-01  0.797563538971E-02
  0.242520223621E-01  0.824083097678E-02
  0.246718731891E-01  0.851454980108E-02
  0.250989007800E-01  0.879705293006E-02
  0.255332278116E-01  0.908860881271E-02
  0.259749790577E-01  0.938949345770E-02
  0.264242814248E-01  0.969999061423E-02
  0.268812639888E-01  0.100203919555E-01
  0.273460580319E-01  0.103509972648E-01
  0.278187970806E-01  0.106921146243E-01
  0.282996169435E-01  0.110440606062E-01
  0.287886557510E-01  0.114071604661E-01
  0.292860539943E-01  0.117817483391E-01
  0.297919545665E-01  0.121681674377E-01
  0.303065028029E-01  0.125667702521E-01
  0.308298465233E-01  0.129779187527E-01
  0.313621360742E-01  0.134019845934E-01
  0.319035243721E-01  0.138393493184E-01
  0.324541669474E-01  0.142904045690E-01
  0.330142219890E-01  0.147555522924E-01
  0.335838503899E-01  0.152352049522E-01
  0.341632157934E-01  0.157297857393E-01
  0.347524846399E-01  0.162397287842E-01
  0.353518262149E-01  0.167654793694E-01
  0.359614126977E-01  0.173074941429E-01
  0.365814192106E-01  0.178662413312E-01
  0.372120238697E-01  0.184422009530E-01
  0.378534078352E-01  0.190358650320E-01
  0.385057553646E-01  0.196477378093E-01
  0.391692538645E-01  0.202783359547E-01
  0.398440939453E-01  0.209281887768E-01
  0.405304694755E-01  0.215978384319E-01
  0.412285776375E-01  0.222878401303E-01
  0.419386189841E-01  0.229987623405E-01
  0.426607974967E-01  0.237311869907E-01
  0.433953206431E-01  0.244857096670E-01
  0.441423994375E-01  0.252629398081E-01
  0.449022485013E-01  0.260635008958E-01
  0.456750861243E-01  0.268880306404E-01
  0.464611343280E-01  0.277371811621E-01
  0.472606189287E-01  0.286116191652E-01
  0.480737696029E-01  0.295120261074E-01
  0.489008199529E-01  0.304390983614E-01
  0.497420075745E-01  0.313935473689E-01
  0.505975741245E-01  0.323760997874E-01
  0.514677653907E-01  0.333874976266E-01
  0.523528313620E-01  0.344284983771E-01
  0.532530263010E-01  0.354998751266E-01
  0.541686088161E-01  0.366024166672E-01
  0.550998419365E-01  0.377369275891E-01
  0.560469931874E-01  0.389042283621E-01
  0.570103346672E-01  0.401051554042E-01
  0.579901431250E-01  0.413405611342E-01
  0.589867000411E-01  0.426113140101E-01
  0.600002917068E-01  0.439182985502E-01
  0.610312093074E-01  0.452624153376E-01
  0.620797490057E-01  0.466445810048E-01
  0.631462120267E-01  0.480657282004E-01
  0.642309047447E-01  0.495268055335E-01
  0.653341387710E-01  0.510287774975E-01
  0.664562310432E-01  0.525726243699E-01
  0.675975039168E-01  0.541593420885E-01
  0.687582852574E-01  0.557899421017E-01
  0.699389085350E-01  0.574654511917E-01
  0.711397129198E-01  0.591869112707E-01
  0.723610433798E-01  0.609553791457E-01
  0.736032507795E-01  0.627719262545E-01
  0.748666919810E-01  0.646376383675E-01
  0.761517299466E-01  0.665536152573E-01
  0.774587338427E-01  0.685209703314E-01
  0.787880791465E-01  0.705408302295E-01
  0.801401477529E-01  0.726143343815E-01
  0.815153280852E-01  0.747426345262E-01
  0.829140152060E-01  0.769268941879E-01
  0.843366109312E-01  0.791682881102E-01
  0.857835239449E-01  0.814680016446E-01
  0.872551699172E-01  0.838272300935E-01
  0.887519716236E-01  0.862471780038E-01
  0.902743590662E-01  0.887290584113E-01
  0.918227695974E-01  0.912740920340E-01
  0.933976480457E-01  0.938835064112E-01
  0.949994468432E-01  0.965585349881E-01
  0.966286261556E-01  0.993004161437E-01
  0.982856540146E-01  0.102110392161E+00
  0.999710064523E-01  0.104989708134E+00
  0.101685167638E+00  0.107939610820E+00
  0.103428630017E+00  0.110961347420E+00
  0.105201894451E+00  0.114056164297E+00
  0.107005470367E+00  0.117225305635E+00
  0.108839875896E+00  0.120470012016E+00
  0.110705638027E+00  0.123791518942E+00
  0.112603292758E+00  0.127191055273E+00
  0.114533385248E+00  0.130669841606E+00
  0.116496469976E+00  0.134229088564E+00
  0.118493110897E+00  0.137869995029E+00
  0.120523881608E+00  0.141593746283E+00
  0.122589365511E+00  0.145401512081E+00
  0.124690155978E+00  0.149294444645E+00
  0.126826856526E+00  0.153273676575E+00
  0.129000080988E+00  0.157340318691E+00
  0.131210453690E+00  0.161495457784E+00
  0.133458609628E+00  0.165740154292E+00
  0.135745194654E+00  0.170075439901E+00
  0.138070865660E+00  0.174502315060E+00
  0.140436290766E+00  0.179021746416E+00
  0.142842149513E+00  0.183634664177E+00
  0.145289133057E+00  0.188341959388E+00
  0.147777944370E+00  0.193144481141E+00
  0.150309298440E+00  0.198043033692E+00
  0.152883922474E+00  0.203038373523E+00
  0.155502556113E+00  0.208131206316E+00
  0.158165951639E+00  0.213322183863E+00
  0.160874874195E+00  0.218611900905E+00
  0.163630102002E+00  0.224000891907E+00
  0.166432426582E+00  0.229489627761E+00
  0.169282652990E+00  0.235078512444E+00
  0.172181600041E+00  0.240767879598E+00
  0.175130100546E+00  0.246557989075E+00
  0.178129001552E+00  0.252449023415E+00
  0.181179164585E+00  0.258441084290E+00
  0.184281465899E+00  0.264534188897E+00
  0.187436796724E+00  0.270728266315E+00
  0.190646063526E+00  0.277023153826E+00
  0.193910188265E+00  0.283418593211E+00
  0.197230108660E+00  0.289914227012E+00
  0.200606778462E+00  0.296509594784E+00
  0.204041167722E+00  0.303204129323E+00
  0.207534263072E+00  0.309997152890E+00
  0.211087068013E+00  0.316887873422E+00
  0.214700603196E+00  0.323875380759E+00
  0.218375906719E+00  0.330958642858E+00
  0.222114034428E+00  0.338136502042E+00
  0.225916060212E+00  0.345407671257E+00
  0.229783076321E+00  0.352770730365E+00
  0.233716193673E+00  0.360224122477E+00
  0.237716542178E+00  0.367766150343E+00
  0.241785271057E+00  0.375394972803E+00
  0.245923549178E+00  0.383108601327E+00
  0.250132565388E+00  0.390904896665E+00
  0.254413528856E+00  0.398781565618E+00
  0.258767669420E+00  0.406736157984E+00
  0.263196237940E+00  0.414766063697E+00
  0.267700506659E+00  0.422868510219E+00
  0.272281769565E+00  0.431040560231E+00
  0.276941342767E+00  0.439279109700E+00
  0.281680564869E+00  0.447580886387E+00
  0.286500797360E+00  0.455942448914E+00
  0.291403424997E+00  0.464360186468E+00
  0.296389856212E+00  0.472830319301E+00
  0.301461523510E+00  0.481348900128E+00
  0.306619883881E+00  0.489911816615E+00
  0.311866419224E+00  0.498514795066E+00
  0.317202636767E+00  0.507153405497E+00
  0.322630069502E+00  0.515823068180E+00
  0.328150276624E+00  0.524519061773E+00
  0.333764843983E+00  0.533236532963E+00
  0.339475384535E+00  0.541970507544E+00
  0.345283538809E+00  0.550715902542E+00
  0.351190975373E+00  0.559467538892E+00
  0.357199391322E+00  0.568220153786E+00
  0.363310512755E+00  0.576968411621E+00
  0.369526095281E+00  0.585706912105E+00
  0.375847924515E+00  0.594430193991E+00
  0.382277816597E+00  0.603132732757E+00
  0.388817618711E+00  0.611808930874E+00
  0.395469209615E+00  0.620453099625E+00
  0.402234500182E+00  0.629059432359E+00
  0.409115433950E+00  0.637621969892E+00
  0.416113987677E+00  0.646134560102E+00
  0.423232171914E+00  0.654590814692E+00
  0.430472031575E+00  0.662984067207E+00
  0.437835646533E+00  0.671307336693E+00
  0.445325132213E+00  0.679553301569E+00
  0.452942640197E+00  0.687714287315E+00
  0.460690358849E+00  0.695782270473E+00
  0.468570513939E+00  0.703748899273E+00
  0.476585369283E+00  0.711605529428E+00
  0.484737227393E+00  0.719343271458E+00
  0.493028430141E+00  0.726953045023E+00
  0.501461359428E+00  0.734425635110E+00
  0.510038437872E+00  0.741751745840E+00
  0.518762129502E+00  0.748922048555E+00
  0.527634940466E+00  0.755927222722E+00
  0.536659419750E+00  0.762757989208E+00
  0.545838159912E+00  0.769405136892E+00
  0.555173797828E+00  0.775859543845E+00
  0.564669015445E+00  0.782112194809E+00
  0.574326540555E+00  0.788154196339E+00
  0.584149147579E+00  0.793976790974E+00
  0.594139658362E+00  0.799571371246E+00
  0.604300942983E+00  0.804929494236E+00
  0.614635920584E+00  0.810042896911E+00
  0.625147560203E+00  0.814903512467E+00
  0.635838881632E+00  0.819503487548E+00
  0.646712956279E+00  0.823835200267E+00
  0.657772908056E+00  0.827891278787E+00
  0.669021914274E+00  0.831664620219E+00
  0.680463206553E+00  0.835148409615E+00
  0.692100071757E+00  0.838336138758E+00
  0.703935852930E+00  0.841221624598E+00
  0.715973950265E+00  0.843799027026E+00
  0.728217822073E+00  0.846062865955E+00
  0.740670985782E+00  0.848008037374E+00
  0.753337018944E+00  0.849629828484E+00
  0.766219560267E+00  0.850923931563E+00
  0.779322310655E+00  0.851886456769E+00
  0.792649034274E+00  0.852513943514E+00
  0.806203559634E+00  0.852803370724E+00
  0.819989780688E+00  0.852752165562E+00
  0.834011657951E+00  0.852358211044E+00
  0.848273219637E+00  0.851619852053E+00
  0.862778562816E+00  0.850535900284E+00
  0.877531854593E+00  0.849105637569E+00
  0.892537333304E+00  0.847328818181E+00
  0.907799309730E+00  0.845205669531E+00
  0.923322168344E+00  0.842736891921E+00
  0.939110368562E+00  0.839923656709E+00
  0.955168446029E+00  0.836767603633E+00
  0.971501013919E+00  0.833270836588E+00
  0.988112764263E+00  0.829435918668E+00
  0.100500846930E+01  0.825265865742E+00
  0.102219298283E+01  0.820764139399E+00
  0.103967124163E+01  0.815934638515E+00
  0.105744826688E+01  0.810781690331E+00
  0.107552916556E+01  0.805310040241E+00
  0.109391913198E+01  0.799524841231E+00
  0.111262344920E+01  0.793431642147E+00
  0.113164749062E+01  0.787036375744E+00
  0.115099672148E+01  0.780345345699E+00
  0.117067670044E+01  0.773365213525E+00
  0.119069308118E+01  0.766102984592E+00
  0.121105161400E+01  0.758565994165E+00
  0.123175814753E+01  0.750761892690E+00
  0.125281863036E+01  0.742698631192E+00
  0.127423911275E+01  0.734384446062E+00
  0.129602574838E+01  0.725827844039E+00
  0.131818479615E+01  0.717037586699E+00
  0.134072262192E+01  0.708022675204E+00
  0.136364570036E+01  0.698792334661E+00
  0.138696061684E+01  0.689355998774E+00
  0.141067406927E+01  0.679723294198E+00
  0.143479287008E+01  0.669904025173E+00
  0.145932394813E+01  0.659908157936E+00
  0.148427435072E+01  0.649745805368E+00
  0.150965124562E+01  0.639427211471E+00
  0.153546192313E+01  0.628962735995E+00
  0.156171379815E+01  0.618362838921E+00
  0.158841441233E+01  0.607638064992E+00
  0.161557143624E+01  0.596799028089E+00
  0.164319267158E+01  0.585856395539E+00
  0.167128605339E+01  0.574820872249E+00
  0.169985965236E+01  0.563703184629E+00
  0.172892167712E+01  0.552514064330E+00
  0.175848047663E+01  0.541264231649E+00
  0.178854454257E+01  0.529964378729E+00
  0.181912251176E+01  0.518625152340E+00
  0.185022316866E+01  0.507257136487E+00
  0.188185544788E+01  0.495870834545E+00
  0.191402843677E+01  0.484476651312E+00
  0.194675137801E+01  0.473084874620E+00
  0.198003367225E+01  0.461705657011E+00
  0.201388488087E+01  0.450348997096E+00
  0.204831472865E+01  0.439024721213E+00
  0.208333310664E+01  0.427742464967E+00
  0.211895007492E+01  0.416511655379E+00
  0.215517586556E+01  0.405341493205E+00
  0.219202088554E+01  0.394240936212E+00
  0.222949571972E+01  0.383218682958E+00
  0.226761113389E+01  0.372283157901E+00
  0.230637807786E+01  0.361442497353E+00
  0.234580768864E+01  0.350704537095E+00
  0.238591129359E+01  0.340076801149E+00
  0.242670041369E+01  0.329566492474E+00
  0.246818676688E+01  0.319180485039E+00
  0.251038227138E+01  0.308925317975E+00
  0.255329904913E+01  0.298807191212E+00
  0.259694942931E+01  0.288831963217E+00
  0.264134595182E+01  0.279005150193E+00
  0.268650137092E+01  0.269331927253E+00
  0.273242865889E+01  0.259817130901E+00
  0.277914100975E+01  0.250465263242E+00
  0.282665184305E+01  0.241280497212E+00
  0.287497480775E+01  0.232266683183E+00
  0.292412378608E+01  0.223427356226E+00
  0.297411289761E+01  0.214765744306E+00
  0.302495650323E+01  0.206284776728E+00
  0.307666920934E+01  0.197987093037E+00
  0.312926587198E+01  0.189875051749E+00
  0.318276160117E+01  0.181950739089E+00
  0.323717176519E+01  0.174215977152E+00
  0.329251199502E+01  0.166672331695E+00
  0.334879818885E+01  0.159321119040E+00
  0.340604651661E+01  0.152163412318E+00
  0.346427342464E+01  0.145200046640E+00
  0.352349564040E+01  0.138431623454E+00
  0.358373017729E+01  0.131858513808E+00
  0.364499433952E+01  0.125480860794E+00
  0.370730572710E+01  0.119298581021E+00
  0.377068224089E+01  0.113311365443E+00
  0.383514208773E+01  0.107518679474E+00
  0.390070378570E+01  0.101919762756E+00
  0.396738616939E+01  0.965136285826E-01
  0.403520839537E+01  0.912990633621E-01
  0.410418994764E+01  0.862746261572E-01
  0.417435064329E+01  0.814386486627E-01
  0.424571063811E+01  0.767892356884E-01
  0.431829043244E+01  0.723242664408E-01
  0.439211087707E+01  0.680413966670E-01
  0.446719317918E+01  0.639380618817E-01
  0.454355890845E+01  0.600114817051E-01
  0.462123000329E+01  0.562586654527E-01
  0.470022877710E+01  0.526764189583E-01
  0.478057792469E+01  0.492613526915E-01
  0.486230052882E+01  0.460098911016E-01
  0.494542006682E+01  0.429182831804E-01
  0.502996041732E+01  0.399826141317E-01
  0.511594586712E+01  0.371988180857E-01
  0.520340111819E+01  0.345626917141E-01
  0.529235129472E+01  0.320699086462E-01
  0.538282195038E+01  0.297160345228E-01
  0.547483907563E+01  0.274965425666E-01
  0.556842910522E+01  0.254068295017E-01
  0.566361892575E+01  0.234422316921E-01
  0.576043588341E+01  0.215980413389E-01
  0.585890779185E+01  0.198695226085E-01
  0.595906294013E+01  0.182519275491E-01
  0.606093010089E+01  0.167405116768E-01
  0.616453853860E+01  0.153305491107E-01
  0.626991801796E+01  0.140173471566E-01
  0.637709881244E+01  0.127962602408E-01
  0.648611171303E+01  0.116627031157E-01
  0.659698803701E+01  0.106121632631E-01
  0.670975963701E+01  0.964021243905E-02
  0.682445891012E+01  0.874251731021E-02
  0.694111880723E+01  0.791484914747E-02
  0.705977284247E+01  0.715309255003E-02
  0.718045510285E+01  0.645325318568E-02
  0.730320025805E+01  0.581146454110E-02
  0.742804357036E+01  0.522399368635E-02
  0.755502090487E+01  0.468724606520E-02
  0.768416873970E+01  0.419776933131E-02
  0.781552417653E+01  0.375225625679E-02
  0.794912495123E+01  0.334754674618E-02
  0.808500944471E+01  0.298062899425E-02
  0.822321669397E+01  0.264863983075E-02
  0.836378640327E+01  0.234886429949E-02
  0.850675895557E+01  0.207873452210E-02
  0.865217542412E+01  0.183582789971E-02
  0.880007758426E+01  0.161786470772E-02
  0.895050792540E+01  0.142270513993E-02
  0.910350966329E+01  0.124834585937E-02
  0.925912675235E+01  0.109291611283E-02
  0.941740389837E+01  0.954673466297E-03
  0.957838657131E+01  0.831999216933E-03
  0.974212101837E+01  0.723393536471E-03
  0.990865427729E+01  0.627470398764E-03
  0.100780341899E+02  0.542952342288E-03
  0.102503094156E+02  0.468665115885E-03
  0.104255294460E+02  0.403532253330E-03
  0.106037446182E+02  0.346569619380E-03
  0.107850061301E+02  0.296879966806E-03
  0.109693660545E+02  0.253647540650E-03
  0.111568773546E+02  0.216132760855E-03
  0.113475938986E+02  0.183667002403E-03
  0.115415704758E+02  0.155647560051E-03
  0.117388628119E+02  0.131532718653E-03
  0.119395275851E+02  0.110837015617E-03
  0.121436224425E+02  0.931266993063E-04
  0.123512060167E+02  0.780153940478E-04
  0.125623379424E+02  0.651599814684E-04
  0.127770788737E+02  0.542567050918E-04
  0.129954905016E+02  0.450375024709E-04
  0.132176355714E+02  0.372665666947E-04
  0.134435779011E+02  0.307371368601E-04
  0.136733823996E+02  0.252685150612E-04
  0.139071150853E+02  0.207033056308E-04
  0.141448431051E+02  0.169048707531E-04
  0.143866347536E+02  0.137549951757E-04
  0.146325594929E+02  0.111517515413E-04
  0.148826879724E+02  0.900755685526E-05
  0.151370920491E+02  0.724740975923E-05
  0.153958448085E+02  0.580729758755E-05
  0.156590205852E+02  0.463276160221E-05
  0.159266949846E+02  0.367760829835E-05
  0.161989449042E+02  0.290275419387E-05
  0.164758485562E+02  0.227519099710E-05
  0.167574854897E+02  0.176705739779E-05
  0.170439366135E+02  0.135480282755E-05
  0.173352842195E+02  0.101842722196E-05
  0.176316120062E+02  0.740778854275E-06
  0.179330051029E+02  0.506889370634E-06
  0.182395500940E+02  0.303320763609E-06
  0.185513350438E+02  0.117492485555E-06
  0.188684495222E+02  0.000000000000E+00
  0.191909846301E+02  0.000000000000E+00
  0.195190330255E+02  0.000000000000E+00
  0.198526889504E+02  0.000000000000E+00
  0.201920482577E+02  0.000000000000E+00
  0.205372084387E+02  0.000000000000E+00
  0.208882686513E+02  0.000000000000E+00
  0.212453297483E+02  0.000000000000E+00
  0.216084943064E+02  0.000000000000E+00
  0.219778666558E+02  0.000000000000E+00
  0.223535529101E+02  0.000000000000E+00
  0.227356609965E+02  0.000000000000E+00
  0.231243006874E+02  0.000000000000E+00
  0.235195836314E+02  0.000000000000E+00
  0.239216233857E+02  0.000000000000E+00
  0.243305354485E+02  0.000000000000E+00
  0.247464372923E+02  0.000000000000E+00
  0.251694483977E+02  0.000000000000E+00
  0.255996902876E+02  0.000000000000E+00
  0.260372865621E+02  0.000000000000E+00
  0.264823629342E+02  0.000000000000E+00
  0.269350472658E+02  0.000000000000E+00
  0.273954696042E+02  0.000000000000E+00
  0.278637622200E+02  0.000000000000E+00
  0.283400596445E+02  0.000000000000E+00
  0.288244987087E+02  0.000000000000E+00
  0.293172185826E+02  0.000000000000E+00
  0.298183608151E+02  0.000000000000E+00
  0.303280693747E+02  0.000000000000E+00
  0.308464906907E+02  0.000000000000E+00
  0.313737736956E+02  0.000000000000E+00
  0.319100698676E+02  0.000000000000E+00
  0.324555332743E+02  0.000000000000E+00
  0.330103206165E+02  0.000000000000E+00
  0.335745912742E+02  0.000000000000E+00
  0.341485073512E+02  0.000000000000E+00
  0.347322337226E+02  0.000000000000E+00
  0.353259380817E+02  0.000000000000E+00
  0.359297909882E+02  0.000000000000E+00
  0.365439659174E+02  0.000000000000E+00
  0.371686393098E+02  0.000000000000E+00
  0.378039906221E+02  0.000000000000E+00
  0.384502023784E+02  0.000000000000E+00
  0.391074602228E+02  0.000000000000E+00
  0.397759529727E+02  0.000000000000E+00
  0.404558726733E+02  0.000000000000E+00
  0.411474146522E+02  0.000000000000E+00
  0.418507775762E+02  0.000000000000E+00
  0.425661635077E+02  0.000000000000E+00
  0.432937779633E+02  0.000000000000E+00
  0.440338299725E+02  0.000000000000E+00
  0.447865321380E+02  0.000000000000E+00
  0.455521006966E+02  0.000000000000E+00
  0.463307555812E+02  0.000000000000E+00
  0.471227204844E+02  0.000000000000E+00
  0.479282229223E+02  0.000000000000E+00
  0.487474943003E+02  0.000000000000E+00
  0.495807699790E+02  0.000000000000E+00
  0.504282893426E+02  0.000000000000E+00
  0.512902958668E+02  0.000000000000E+00
  0.521670371896E+02  0.000000000000E+00
  0.530587651817E+02  0.000000000000E+00
  0.539657360193E+02  0.000000000000E+00
  0.548882102576E+02  0.000000000000E+00
  0.558264529055E+02  0.000000000000E+00
  0.567807335021E+02  0.000000000000E+00
  0.577513261938E+02  0.000000000000E+00
  0.587385098129E+02  0.000000000000E+00
  0.597425679582E+02  0.000000000000E+00
  0.607637890763E+02  0.000000000000E+00
  0.618024665441E+02  0.000000000000E+00
  0.628588987537E+02  0.000000000000E+00
  0.639333891975E+02  0.000000000000E+00
  0.650262465558E+02  0.000000000000E+00
  0.661377847856E+02  0.000000000000E+00
  0.672683232100E+02  0.000000000000E+00
  0.684181866111E+02  0.000000000000E+00
  0.695877053222E+02  0.000000000000E+00
  0.707772153235E+02  0.000000000000E+00
  0.719870583381E+02  0.000000000000E+00
  0.732175819307E+02  0.000000000000E+00
  0.744691396067E+02  0.000000000000E+00
  0.757420909145E+02  0.000000000000E+00
  0.770368015483E+02  0.000000000000E+00
  0.783536434535E+02  0.000000000000E+00
  0.796929949333E+02  0.000000000000E+00
  0.810552407574E+02  0.000000000000E+00
  davegp - end printing all-electron states

 subroutine lderiv: pass   1

 leaving lderiv
