========================================================================
pseudopotential program version  7.3.6   date:  9 -  3 -   15
========================================================================

 ifae =   1    ifpsp =   0    ifprt =   0    ifplw =   0    ilogd =   3
 rlogd=   1.80000     emin=  -2.40000     emax=   1.60000     nnt=   40
 thresh, tol =   1.000E-10   1.000E-09    damp = 0.400    maxit = 250

          *************************************************************
          bismuth                   ceperley-alder exchange-correlation
          *************************************************************

 z = 83.00    xion = 0.00    exfact =   0.00000    irel=   2
 ncspvs =   15
 rmax = 150.00000    aasf =  13.00000    bbsf =  40.00000

 value of mesh generated in rinit is   899
 irel = 2 so all electron calculations use koelling-harmon equations


                         the system has converged with
                                 delta= 0.5902330D-09


                             the eigenvalues are


          orbital          occupation          energy
           100                   2.00           -6660.25454
           200                   2.00           -1196.74998
           210                   6.00           -1023.90986
           300                   2.00            -288.85496
           310                   6.00            -239.49402
           320                  10.00            -189.89743
           400                   2.00             -66.24269
           410                   6.00             -50.06925
           420                  10.00             -31.59719
           430                  14.00             -11.24180
           500                   2.00             -11.61443
           510                   6.00              -7.05254
           520                  10.00              -1.99789
           600                   2.00              -1.08483
           610                   3.00              -0.35092
 etot= -43038.44080 ryd ;    -585537.96732 ev            ebsr,ehar,emvxc= -26766.12000  16523.47303    251.15223

 subroutine lderiv: pass   1

 leaving lderiv
