========================================================================
pseudopotential program version  7.3.6   date:  2 -  9 -   15
========================================================================

 ifae =   1    ifpsp =   0    ifprt =   0    ifplw =   0    ilogd =   3
 rlogd=   1.50000     emin=  -2.40000     emax=   1.60000     nnt=   80
 thresh, tol =   1.000E-11   1.000E-09    damp = 0.500    maxit = 250
 z, xion, exfact    8.000000000000000         0.000000000000000      
    0.000000000000000     

          *************************************************************
           O                        ceperley-alder exchange-correlation
          *************************************************************

 z =  8.00    xion = 0.00    exfact =   0.00000    irel=   0
 ncspvs =    3
 rmax =  80.00000    aasf =   6.00000    bbsf =  59.00000

 value of mesh generated in rinit is   737
 irel = 0 so all electron calculations use schroedinger equations


                         the system has converged with
                                 delta= 0.7019487D-09


                             the eigenvalues are


          orbital          occupation          energy
           100                   2.00             -37.51685
           200                   2.00              -1.74236
           210                   4.00              -0.67660
 etot=   -148.93628 ryd ;      -2026.27807 ev            ebsr,ehar,emvxc=    -81.22483     72.64969      4.93824
  davegp - begin printing all-electron states
            3
          737            0          100
  0.000000000000E+00  0.000000000000E+00
  0.529635113499E-05  0.226314825323E-03
  0.106832360010E-04  0.456497661539E-03
  0.161622021457E-04  0.690614075361E-03
  0.217348235702E-04  0.928730721448E-03
  0.274027011807E-04  0.117091536110E-02
  0.331674632488E-04  0.141723688005E-02
  0.390307658791E-04  0.166776530650E-02
  0.449942934849E-04  0.192257182946E-02
  0.510597592724E-04  0.218172881744E-02
  0.572289057325E-04  0.244530983730E-02
  0.635035051415E-04  0.271338967353E-02
  0.698853600706E-04  0.298604434781E-02
  0.763763039030E-04  0.326335113881E-02
  0.829782013614E-04  0.354538860237E-02
  0.896929490432E-04  0.383223659203E-02
  0.965224759654E-04  0.412397627981E-02
  0.103468744119E-03  0.442069017734E-02
  0.110533749032E-03  0.472246215740E-02
  0.117719520345E-03  0.502937747574E-02
  0.125028122389E-03  0.534152279320E-02
  0.132461654785E-03  0.565898619834E-02
  0.140022253043E-03  0.598185723026E-02
  0.147712089177E-03  0.631022690189E-02
  0.155533372328E-03  0.664418772362E-02
  0.163488349398E-03  0.698383372730E-02
  0.171579305700E-03  0.732926049063E-02
  0.179808565607E-03  0.768056516196E-02
  0.188178493228E-03  0.803784648541E-02
  0.196691493080E-03  0.840120482649E-02
  0.205350010784E-03  0.877074219804E-02
  0.214156533764E-03  0.914656228662E-02
  0.223113591964E-03  0.952877047928E-02
  0.232223758573E-03  0.991747389082E-02
  0.241489650766E-03  0.103127813914E-01
  0.250913930455E-03  0.107148036345E-01
  0.260499305052E-03  0.111236530857E-01
  0.270248528251E-03  0.115394440513E-01
  0.280164400814E-03  0.119622927077E-01
  0.290249771379E-03  0.123923171318E-01
  0.300507537280E-03  0.128296373303E-01
  0.310940645372E-03  0.132743752713E-01
  0.321552092887E-03  0.137266549150E-01
  0.332344928287E-03  0.141866022456E-01
  0.343322252146E-03  0.146543453033E-01
  0.354487218036E-03  0.151300142168E-01
  0.365843033437E-03  0.156137412365E-01
  0.377392960653E-03  0.161056607682E-01
  0.389140317755E-03  0.166059094067E-01
  0.401088479533E-03  0.171146259706E-01
  0.413240878461E-03  0.176319515373E-01
  0.425601005689E-03  0.181580294783E-01
  0.438172412041E-03  0.186930054953E-01
  0.450958709041E-03  0.192370276564E-01
  0.463963569943E-03  0.197902464334E-01
  0.477190730792E-03  0.203528147391E-01
  0.490643991496E-03  0.209248879652E-01
  0.504327216916E-03  0.215066240206E-01
  0.518244337978E-03  0.220981833705E-01
  0.532399352802E-03  0.226997290759E-01
  0.546796327850E-03  0.233114268333E-01
  0.561439399093E-03  0.239334450151E-01
  0.576332773203E-03  0.245659547111E-01
  0.591480728758E-03  0.252091297689E-01
  0.606887617473E-03  0.258631468368E-01
  0.622557865448E-03  0.265281854059E-01
  0.638495974442E-03  0.272044278525E-01
  0.654706523167E-03  0.278920594826E-01
  0.671194168598E-03  0.285912685748E-01
  0.687963647318E-03  0.293022464253E-01
  0.705019776872E-03  0.300251873927E-01
  0.722367457158E-03  0.307602889434E-01
  0.740011671827E-03  0.315077516977E-01
  0.757957489721E-03  0.322677794759E-01
  0.776210066327E-03  0.330405793455E-01
  0.794774645257E-03  0.338263616684E-01
  0.813656559754E-03  0.346253401492E-01
  0.832861234228E-03  0.354377318831E-01
  0.852394185810E-03  0.362637574053E-01
  0.872261025938E-03  0.371036407400E-01
  0.892467461973E-03  0.379576094505E-01
  0.913019298830E-03  0.388258946896E-01
  0.933922440657E-03  0.397087312501E-01
  0.955182892520E-03  0.406063576167E-01
  0.976806762136E-03  0.415190160175E-01
  0.998800261625E-03  0.424469524764E-01
  0.102116970929E-02  0.433904168656E-01
  0.104392153145E-02  0.443496629593E-01
  0.106706226425E-02  0.453249484872E-01
  0.109059855559E-02  0.463165351887E-01
  0.111453716698E-02  0.473246888674E-01
  0.113888497552E-02  0.483496794466E-01
  0.116364897587E-02  0.493917810246E-01
  0.118883628224E-02  0.504512719305E-01
  0.121445413047E-02  0.515284347812E-01
  0.124050988005E-02  0.526235565376E-01
  0.126701101631E-02  0.537369285627E-01
  0.129396515252E-02  0.548688466786E-01
  0.132138003206E-02  0.560196112248E-01
  0.134926353070E-02  0.571895271172E-01
  0.137762365885E-02  0.583789039064E-01
  0.140646856380E-02  0.595880558372E-01
  0.143580653215E-02  0.608173019084E-01
  0.146564599212E-02  0.620669659327E-01
  0.149599551601E-02  0.633373765970E-01
  0.152686382266E-02  0.646288675230E-01
  0.155825977993E-02  0.659417773284E-01
  0.159019240728E-02  0.672764496878E-01
  0.162267087832E-02  0.686332333946E-01
  0.165570452350E-02  0.700124824223E-01
  0.168930283274E-02  0.714145559869E-01
  0.172347545819E-02  0.728398186089E-01
  0.175823221697E-02  0.742886401756E-01
  0.179358309404E-02  0.757613960037E-01
  0.182953824502E-02  0.772584669019E-01
  0.186610799913E-02  0.787802392337E-01
  0.190330286214E-02  0.803271049801E-01
  0.194113351943E-02  0.818994618025E-01
  0.197961083901E-02  0.834977131054E-01
  0.201874587466E-02  0.851222680996E-01
  0.205854986914E-02  0.867735418643E-01
  0.209903425735E-02  0.884519554102E-01
  0.214021066967E-02  0.901579357420E-01
  0.218209093530E-02  0.918919159202E-01
  0.222468708561E-02  0.936543351237E-01
  0.226801135767E-02  0.954456387112E-01
  0.231207619770E-02  0.972662782830E-01
  0.235689426467E-02  0.991167117414E-01
  0.240247843395E-02  0.100997403352E+00
  0.244884180098E-02  0.102908823804E+00
  0.249599768506E-02  0.104851450269E+00
  0.254395963318E-02  0.106825766459E+00
  0.259274142386E-02  0.108832262690E+00
  0.264235707117E-02  0.110871435931E+00
  0.269282082872E-02  0.112943789868E+00
  0.274414719379E-02  0.115049834959E+00
  0.279635091143E-02  0.117190088484E+00
  0.284944697877E-02  0.119365074605E+00
  0.290345064928E-02  0.121575324415E+00
  0.295837743717E-02  0.123821375993E+00
  0.301424312185E-02  0.126103774451E+00
  0.307106375243E-02  0.128423071985E+00
  0.312885565239E-02  0.130779827922E+00
  0.318763542423E-02  0.133174608770E+00
  0.324741995424E-02  0.135607988254E+00
  0.330822641735E-02  0.138080547369E+00
  0.337007228208E-02  0.140592874413E+00
  0.343297531556E-02  0.143145565031E+00
  0.349695358861E-02  0.145739222249E+00
  0.356202548094E-02  0.148374456512E+00
  0.362820968646E-02  0.151051885712E+00
  0.369552521861E-02  0.153772135223E+00
  0.376399141583E-02  0.156535837925E+00
  0.383362794714E-02  0.159343634233E+00
  0.390445481777E-02  0.162196172114E+00
  0.397649237491E-02  0.165094107109E+00
  0.404976131354E-02  0.168038102351E+00
  0.412428268243E-02  0.171028828573E+00
  0.420007789012E-02  0.174066964120E+00
  0.427716871110E-02  0.177153194958E+00
  0.435557729208E-02  0.180288214670E+00
  0.443532615832E-02  0.183472724456E+00
  0.451643822013E-02  0.186707433132E+00
  0.459893677943E-02  0.189993057111E+00
  0.468284553647E-02  0.193330320397E+00
  0.476818859661E-02  0.196719954558E+00
  0.485499047726E-02  0.200162698707E+00
  0.494327611491E-02  0.203659299470E+00
  0.503307087233E-02  0.207210510951E+00
  0.512440054580E-02  0.210817094693E+00
  0.521729137258E-02  0.214479819632E+00
  0.531177003841E-02  0.218199462043E+00
  0.540786368517E-02  0.221976805482E+00
  0.550559991872E-02  0.225812640722E+00
  0.560500681678E-02  0.229707765683E+00
  0.570611293702E-02  0.233662985347E+00
  0.580894732528E-02  0.237679111679E+00
  0.591353952390E-02  0.241756963529E+00
  0.601991958018E-02  0.245897366531E+00
  0.612811805506E-02  0.250101152995E+00
  0.623816603186E-02  0.254369161785E+00
  0.635009512524E-02  0.258702238196E+00
  0.646393749026E-02  0.263101233814E+00
  0.657972583163E-02  0.267567006372E+00
  0.669749341310E-02  0.272100419594E+00
  0.681727406702E-02  0.276702343027E+00
  0.693910220405E-02  0.281373651867E+00
  0.706301282306E-02  0.286115226773E+00
  0.718904152117E-02  0.290927953663E+00
  0.731722450399E-02  0.295812723506E+00
  0.744759859600E-02  0.300770432101E+00
  0.758020125116E-02  0.305801979841E+00
  0.771507056366E-02  0.310908271461E+00
  0.785224527882E-02  0.316090215784E+00
  0.799176480430E-02  0.321348725439E+00
  0.813366922135E-02  0.326684716572E+00
  0.827799929636E-02  0.332099108547E+00
  0.842479649258E-02  0.337592823622E+00
  0.857410298199E-02  0.343166786611E+00
  0.872596165747E-02  0.348821924541E+00
  0.888041614507E-02  0.354559166277E+00
  0.903751081658E-02  0.360379442137E+00
  0.919729080225E-02  0.366283683494E+00
  0.935980200378E-02  0.372272822350E+00
  0.952509110751E-02  0.378347790896E+00
  0.969320559778E-02  0.384509521056E+00
  0.986419377064E-02  0.390758944005E+00
  0.100381047477E-01  0.397096989670E+00
  0.102149884902E-01  0.403524586210E+00
  0.103948958134E-01  0.410042659471E+00
  0.105778784012E-01  0.416652132426E+00
  0.107639888209E-01  0.423353924581E+00
  0.109532805386E-01  0.430148951370E+00
  0.111458079340E-01  0.437038123518E+00
  0.113416263165E-01  0.444022346378E+00
  0.115407919410E-01  0.451102519252E+00
  0.117433620239E-01  0.458279534674E+00
  0.119493947596E-01  0.465554277677E+00
  0.121589493374E-01  0.472927625023E+00
  0.123720859583E-01  0.480400444417E+00
  0.125888658522E-01  0.487973593677E+00
  0.128093512959E-01  0.495647919890E+00
  0.130336056306E-01  0.503424258527E+00
  0.132616932801E-01  0.511303432534E+00
  0.134936797696E-01  0.519286251388E+00
  0.137296317445E-01  0.527373510121E+00
  0.139696169890E-01  0.535565988316E+00
  0.142137044464E-01  0.543864449062E+00
  0.144619642382E-01  0.552269637883E+00
  0.147144676847E-01  0.560782281626E+00
  0.149712873252E-01  0.569403087317E+00
  0.152324969390E-01  0.578132740981E+00
  0.154981715666E-01  0.586971906423E+00
  0.157683875312E-01  0.595921223973E+00
  0.160432224606E-01  0.604981309197E+00
  0.163227553096E-01  0.614152751561E+00
  0.166070663825E-01  0.623436113065E+00
  0.168962373564E-01  0.632831926831E+00
  0.171903513045E-01  0.642340695652E+00
  0.174894927201E-01  0.651962890504E+00
  0.177937475407E-01  0.661698949009E+00
  0.181032031729E-01  0.671549273868E+00
  0.184179485172E-01  0.681514231237E+00
  0.187380739939E-01  0.691594149075E+00
  0.190636715688E-01  0.701789315435E+00
  0.193948347799E-01  0.712099976724E+00
  0.197316587639E-01  0.722526335913E+00
  0.200742402838E-01  0.733068550701E+00
  0.204226777567E-01  0.743726731637E+00
  0.207770712820E-01  0.754500940203E+00
  0.211375226699E-01  0.765391186840E+00
  0.215041354713E-01  0.776397428944E+00
  0.218770150068E-01  0.787519568802E+00
  0.222562683976E-01  0.798757451498E+00
  0.226420045959E-01  0.810110862763E+00
  0.230343344161E-01  0.821579526788E+00
  0.234333705670E-01  0.833163103987E+00
  0.238392276841E-01  0.844861188721E+00
  0.242520223621E-01  0.856673306979E+00
  0.246718731891E-01  0.868598914009E+00
  0.250989007800E-01  0.880637391918E+00
  0.255332278116E-01  0.892788047217E+00
  0.259749790577E-01  0.905050108341E+00
  0.264242814248E-01  0.917422723114E+00
  0.268812639888E-01  0.929904956185E+00
  0.273460580319E-01  0.942495786426E+00
  0.278187970806E-01  0.955194104287E+00
  0.282996169435E-01  0.967998709123E+00
  0.287886557510E-01  0.980908306488E+00
  0.292860539943E-01  0.993921505391E+00
  0.297919545665E-01  0.100703681553E+01
  0.303065028029E-01  0.102025264449E+01
  0.308298465233E-01  0.103356729493E+01
  0.313621360742E-01  0.104697896172E+01
  0.319035243721E-01  0.106048572911E+01
  0.324541669474E-01  0.107408556780E+01
  0.330142219890E-01  0.108777633208E+01
  0.335838503899E-01  0.110155575691E+01
  0.341632157934E-01  0.111542145498E+01
  0.347524846399E-01  0.112937091384E+01
  0.353518262149E-01  0.114340149292E+01
  0.359614126977E-01  0.115751042064E+01
  0.365814192106E-01  0.117169479149E+01
  0.372120238697E-01  0.118595156315E+01
  0.378534078352E-01  0.120027755357E+01
  0.385057553646E-01  0.121466943812E+01
  0.391692538645E-01  0.122912374680E+01
  0.398440939453E-01  0.124363686137E+01
  0.405304694755E-01  0.125820501261E+01
  0.412285776375E-01  0.127282427763E+01
  0.419386189841E-01  0.128749057715E+01
  0.426607974967E-01  0.130219967295E+01
  0.433953206431E-01  0.131694716525E+01
  0.441423994375E-01  0.133172849029E+01
  0.449022485013E-01  0.134653891791E+01
  0.456750861243E-01  0.136137354926E+01
  0.464611343280E-01  0.137622731453E+01
  0.472606189287E-01  0.139109497092E+01
  0.480737696029E-01  0.140597110057E+01
  0.489008199529E-01  0.142085010870E+01
  0.497420075745E-01  0.143572622188E+01
  0.505975741245E-01  0.145059348643E+01
  0.514677653907E-01  0.146544576689E+01
  0.523528313620E-01  0.148027674482E+01
  0.532530263010E-01  0.149507991759E+01
  0.541686088161E-01  0.150984859749E+01
  0.550998419365E-01  0.152457591094E+01
  0.560469931874E-01  0.153925479796E+01
  0.570103346672E-01  0.155387801182E+01
  0.579901431250E-01  0.156843811893E+01
  0.589867000411E-01  0.158292749901E+01
  0.600002917068E-01  0.159733834542E+01
  0.610312093074E-01  0.161166266583E+01
  0.620797490057E-01  0.162589228315E+01
  0.631462120267E-01  0.164001883673E+01
  0.642309047447E-01  0.165403378389E+01
  0.653341387710E-01  0.166792840172E+01
  0.664562310432E-01  0.168169378928E+01
  0.675975039168E-01  0.169532087006E+01
  0.687582852574E-01  0.170880039486E+01
  0.699389085350E-01  0.172212294502E+01
  0.711397129198E-01  0.173527893597E+01
  0.723610433798E-01  0.174825862132E+01
  0.736032507795E-01  0.176105209717E+01
  0.748666919810E-01  0.177364930700E+01
  0.761517299466E-01  0.178604004692E+01
  0.774587338427E-01  0.179821397135E+01
  0.787880791465E-01  0.181016059919E+01
  0.801401477529E-01  0.182186932048E+01
  0.815153280852E-01  0.183332940346E+01
  0.829140152060E-01  0.184453000223E+01
  0.843366109312E-01  0.185546016482E+01
  0.857835239449E-01  0.186610884181E+01
  0.872551699172E-01  0.187646489547E+01
  0.887519716236E-01  0.188651710946E+01
  0.902743590662E-01  0.189625419899E+01
  0.918227695974E-01  0.190566482160E+01
  0.933976480457E-01  0.191473758845E+01
  0.949994468432E-01  0.192346107618E+01
  0.966286261556E-01  0.193182383933E+01
  0.982856540146E-01  0.193981442334E+01
  0.999710064523E-01  0.194742137803E+01
  0.101685167638E+00  0.195463327179E+01
  0.103428630017E+00  0.196143870622E+01
  0.105201894451E+00  0.196782633135E+01
  0.107005470367E+00  0.197378486144E+01
  0.108839875896E+00  0.197930309137E+01
  0.110705638027E+00  0.198436991345E+01
  0.112603292758E+00  0.198897433494E+01
  0.114533385248E+00  0.199310549592E+01
  0.116496469976E+00  0.199675268781E+01
  0.118493110897E+00  0.199990537232E+01
  0.120523881608E+00  0.200255320087E+01
  0.122589365511E+00  0.200468603456E+01
  0.124690155978E+00  0.200629396442E+01
  0.126826856526E+00  0.200736733227E+01
  0.129000080988E+00  0.200789675181E+01
  0.131210453690E+00  0.200787313015E+01
  0.133458609628E+00  0.200728768970E+01
  0.135745194654E+00  0.200613199022E+01
  0.138070865660E+00  0.200439795134E+01
  0.140436290766E+00  0.200207787507E+01
  0.142842149513E+00  0.199916446869E+01
  0.145289133057E+00  0.199565086764E+01
  0.147777944370E+00  0.199153065856E+01
  0.150309298440E+00  0.198679790236E+01
  0.152883922474E+00  0.198144715724E+01
  0.155502556113E+00  0.197547350166E+01
  0.158165951639E+00  0.196887255719E+01
  0.160874874195E+00  0.196164051114E+01
  0.163630102002E+00  0.195377413895E+01
  0.166432426582E+00  0.194527082622E+01
  0.169282652990E+00  0.193612859037E+01
  0.172181600041E+00  0.192634610184E+01
  0.175130100546E+00  0.191592270469E+01
  0.178129001552E+00  0.190485843663E+01
  0.181179164585E+00  0.189315404829E+01
  0.184281465899E+00  0.188081102178E+01
  0.187436796724E+00  0.186783158826E+01
  0.190646063526E+00  0.185421874466E+01
  0.193910188265E+00  0.183997626929E+01
  0.197230108660E+00  0.182510873632E+01
  0.200606778462E+00  0.180962152900E+01
  0.204041167722E+00  0.179352085165E+01
  0.207534263072E+00  0.177681374010E+01
  0.211087068013E+00  0.175950807077E+01
  0.214700603196E+00  0.174161256798E+01
  0.218375906719E+00  0.172313680972E+01
  0.222114034428E+00  0.170409123156E+01
  0.225916060212E+00  0.168448712868E+01
  0.229783076321E+00  0.166433665595E+01
  0.233716193673E+00  0.164365282600E+01
  0.237716542178E+00  0.162244950508E+01
  0.241785271057E+00  0.160074140682E+01
  0.245923549178E+00  0.157854408358E+01
  0.250132565388E+00  0.155587391557E+01
  0.254413528856E+00  0.153274809747E+01
  0.258767669420E+00  0.150918462264E+01
  0.263196237940E+00  0.148520226480E+01
  0.267700506659E+00  0.146082055710E+01
  0.272281769565E+00  0.143605976866E+01
  0.276941342767E+00  0.141094087850E+01
  0.281680564869E+00  0.138548554679E+01
  0.286500797360E+00  0.135971608356E+01
  0.291403424997E+00  0.133365541471E+01
  0.296389856212E+00  0.130732704555E+01
  0.301461523510E+00  0.128075502170E+01
  0.306619883881E+00  0.125396388756E+01
  0.311866419224E+00  0.122697864238E+01
  0.317202636767E+00  0.119982469399E+01
  0.322630069502E+00  0.117252781030E+01
  0.328150276624E+00  0.114511406876E+01
  0.333764843983E+00  0.111760980378E+01
  0.339475384535E+00  0.109004155242E+01
  0.345283538809E+00  0.106243599841E+01
  0.351190975373E+00  0.103481991478E+01
  0.357199391322E+00  0.100722010510E+01
  0.363310512755E+00  0.979663343868E+00
  0.369526095281E+00  0.952176315943E+00
  0.375847924515E+00  0.924785555451E+00
  0.382277816597E+00  0.897517384311E+00
  0.388817618711E+00  0.870397850701E+00
  0.395469209615E+00  0.843452667591E+00
  0.402234500182E+00  0.816707151741E+00
  0.409115433950E+00  0.790186163236E+00
  0.416113987677E+00  0.763914045971E+00
  0.423232171914E+00  0.737914569163E+00
  0.430472031575E+00  0.712210870271E+00
  0.437835646533E+00  0.686825399401E+00
  0.445325132213E+00  0.661779865564E+00
  0.452942640197E+00  0.637095184854E+00
  0.460690358849E+00  0.612791430899E+00
  0.468570513939E+00  0.588887787633E+00
  0.476585369283E+00  0.565402504739E+00
  0.484737227393E+00  0.542352855797E+00
  0.493028430141E+00  0.519755099467E+00
  0.501461359428E+00  0.497624443737E+00
  0.510038437872E+00  0.475975013548E+00
  0.518762129502E+00  0.454819821813E+00
  0.527634940466E+00  0.434170744120E+00
  0.536659419750E+00  0.414038497126E+00
  0.545838159912E+00  0.394432620893E+00
  0.555173797828E+00  0.375361465179E+00
  0.564669015445E+00  0.356832179863E+00
  0.574326540555E+00  0.338850709525E+00
  0.584149147579E+00  0.321421792306E+00
  0.594139658362E+00  0.304548963030E+00
  0.604300942983E+00  0.288234560668E+00
  0.614635920584E+00  0.272479740105E+00
  0.625147560203E+00  0.257284488203E+00
  0.635838881632E+00  0.242647644109E+00
  0.646712956279E+00  0.228566923729E+00
  0.657772908056E+00  0.215038948269E+00
  0.669021914274E+00  0.202059276714E+00
  0.680463206553E+00  0.189622442087E+00
  0.692100071757E+00  0.177721991317E+00
  0.703935852930E+00  0.166350528503E+00
  0.715973950265E+00  0.155499761340E+00
  0.728217822073E+00  0.145160550474E+00
  0.740670985782E+00  0.135322961488E+00
  0.753337018944E+00  0.125976319253E+00
  0.766219560267E+00  0.117109264306E+00
  0.779322310655E+00  0.108709810971E+00
  0.792649034274E+00  0.100765406840E+00
  0.806203559634E+00  0.932629933222E-01
  0.819989780688E+00  0.861890668603E-01
  0.834011657951E+00  0.795297405096E-01
  0.848273219637E+00  0.732708054788E-01
  0.862778562816E+00  0.673977923303E-01
  0.877531854593E+00  0.618960314476E-01
  0.892537333304E+00  0.567507124831E-01
  0.907799309730E+00  0.519469424146E-01
  0.923322168344E+00  0.474698019504E-01
  0.939110368562E+00  0.433043999462E-01
  0.955168446029E+00  0.394359256068E-01
  0.971501013919E+00  0.358496981825E-01
  0.988112764263E+00  0.325312139759E-01
  0.100500846930E+01  0.294661904219E-01
  0.102219298283E+01  0.266406071073E-01
  0.103967124163E+01  0.240407435521E-01
  0.105744826688E+01  0.216532136706E-01
  0.107552916556E+01  0.194649968001E-01
  0.109391913198E+01  0.174634652686E-01
  0.111262344920E+01  0.156364084526E-01
  0.113164749062E+01  0.139720533506E-01
  0.115099672148E+01  0.124590816571E-01
  0.117067670044E+01  0.110866432109E-01
  0.119069308118E+01  0.984436663728E-02
  0.121105161400E+01  0.872236659067E-02
  0.123175814753E+01  0.771124783203E-02
  0.125281863036E+01  0.680210637247E-02
  0.127423911275E+01  0.598652784362E-02
  0.129602574838E+01  0.525658328423E-02
  0.131818479615E+01  0.460482252887E-02
  0.134072262192E+01  0.402426540778E-02
  0.136364570036E+01  0.350839096273E-02
  0.138696061684E+01  0.305112489811E-02
  0.141067406927E+01  0.264682548043E-02
  0.143479287008E+01  0.229026810612E-02
  0.145932394813E+01  0.197662874929E-02
  0.148427435072E+01  0.170146650112E-02
  0.150965124562E+01  0.146070540231E-02
  0.153546192313E+01  0.125061576447E-02
  0.156171379815E+01  0.106779516431E-02
  0.158841441233E+01  0.909149284708E-03
  0.161557143624E+01  0.771872763377E-03
  0.164319267158E+01  0.653430197093E-03
  0.167128605339E+01  0.551537435260E-03
  0.169985965236E+01  0.464143282332E-03
  0.172892167712E+01  0.389411713966E-03
  0.175848047663E+01  0.325704697152E-03
  0.178854454257E+01  0.271565690294E-03
  0.181912251176E+01  0.225703884987E-03
  0.185022316866E+01  0.186979237945E-03
  0.188185544788E+01  0.154388328483E-03
  0.191402843677E+01  0.127051065127E-03
  0.194675137801E+01  0.104198253546E-03
  0.198003367225E+01  0.851600280235E-04
  0.201388488087E+01  0.693551392989E-04
  0.204831472865E+01  0.562810836467E-04
  0.208333310664E+01  0.455050508339E-04
  0.211895007492E+01  0.366556627076E-04
  0.215517586556E+01  0.294154690181E-04
  0.219202088554E+01  0.235141631878E-04
  0.222949571972E+01  0.187224775133E-04
  0.226761113389E+01  0.148467151290E-04
  0.230637807786E+01  0.117238744803E-04
  0.234580768864E+01  0.921732129521E-05
  0.238591129359E+01  0.721296269669E-05
  0.242670041369E+01  0.561587828674E-05
  0.246818676688E+01  0.434736339538E-05
  0.251038227138E+01  0.334234021188E-05
  0.255329904913E+01  0.254709284322E-05
  0.259694942931E+01  0.191728229443E-05
  0.264134595182E+01  0.141619646987E-05
  0.268650137092E+01  0.101318809033E-05
  0.273242865889E+01  0.682249105461E-06
  0.277914100975E+01  0.400662707056E-06
  0.282665184305E+01  0.147661778635E-06
  0.287497480775E+01  0.000000000000E+00
  0.292412378608E+01  0.000000000000E+00
  0.297411289761E+01  0.000000000000E+00
  0.302495650323E+01  0.000000000000E+00
  0.307666920934E+01  0.000000000000E+00
  0.312926587198E+01  0.000000000000E+00
  0.318276160117E+01  0.000000000000E+00
  0.323717176519E+01  0.000000000000E+00
  0.329251199502E+01  0.000000000000E+00
  0.334879818885E+01  0.000000000000E+00
  0.340604651661E+01  0.000000000000E+00
  0.346427342464E+01  0.000000000000E+00
  0.352349564040E+01  0.000000000000E+00
  0.358373017729E+01  0.000000000000E+00
  0.364499433952E+01  0.000000000000E+00
  0.370730572710E+01  0.000000000000E+00
  0.377068224089E+01  0.000000000000E+00
  0.383514208773E+01  0.000000000000E+00
  0.390070378570E+01  0.000000000000E+00
  0.396738616939E+01  0.000000000000E+00
  0.403520839537E+01  0.000000000000E+00
  0.410418994764E+01  0.000000000000E+00
  0.417435064329E+01  0.000000000000E+00
  0.424571063811E+01  0.000000000000E+00
  0.431829043244E+01  0.000000000000E+00
  0.439211087707E+01  0.000000000000E+00
  0.446719317918E+01  0.000000000000E+00
  0.454355890845E+01  0.000000000000E+00
  0.462123000329E+01  0.000000000000E+00
  0.470022877710E+01  0.000000000000E+00
  0.478057792469E+01  0.000000000000E+00
  0.486230052882E+01  0.000000000000E+00
  0.494542006682E+01  0.000000000000E+00
  0.502996041732E+01  0.000000000000E+00
  0.511594586712E+01  0.000000000000E+00
  0.520340111819E+01  0.000000000000E+00
  0.529235129472E+01  0.000000000000E+00
  0.538282195038E+01  0.000000000000E+00
  0.547483907563E+01  0.000000000000E+00
  0.556842910522E+01  0.000000000000E+00
  0.566361892575E+01  0.000000000000E+00
  0.576043588341E+01  0.000000000000E+00
  0.585890779185E+01  0.000000000000E+00
  0.595906294013E+01  0.000000000000E+00
  0.606093010089E+01  0.000000000000E+00
  0.616453853860E+01  0.000000000000E+00
  0.626991801796E+01  0.000000000000E+00
  0.637709881244E+01  0.000000000000E+00
  0.648611171303E+01  0.000000000000E+00
  0.659698803701E+01  0.000000000000E+00
  0.670975963701E+01  0.000000000000E+00
  0.682445891012E+01  0.000000000000E+00
  0.694111880723E+01  0.000000000000E+00
  0.705977284247E+01  0.000000000000E+00
  0.718045510285E+01  0.000000000000E+00
  0.730320025805E+01  0.000000000000E+00
  0.742804357036E+01  0.000000000000E+00
  0.755502090487E+01  0.000000000000E+00
  0.768416873970E+01  0.000000000000E+00
  0.781552417653E+01  0.000000000000E+00
  0.794912495123E+01  0.000000000000E+00
  0.808500944471E+01  0.000000000000E+00
  0.822321669397E+01  0.000000000000E+00
  0.836378640327E+01  0.000000000000E+00
  0.850675895557E+01  0.000000000000E+00
  0.865217542412E+01  0.000000000000E+00
  0.880007758426E+01  0.000000000000E+00
  0.895050792540E+01  0.000000000000E+00
  0.910350966329E+01  0.000000000000E+00
  0.925912675235E+01  0.000000000000E+00
  0.941740389837E+01  0.000000000000E+00
  0.957838657131E+01  0.000000000000E+00
  0.974212101837E+01  0.000000000000E+00
  0.990865427729E+01  0.000000000000E+00
  0.100780341899E+02  0.000000000000E+00
  0.102503094156E+02  0.000000000000E+00
  0.104255294460E+02  0.000000000000E+00
  0.106037446182E+02  0.000000000000E+00
  0.107850061301E+02  0.000000000000E+00
  0.109693660545E+02  0.000000000000E+00
  0.111568773546E+02  0.000000000000E+00
  0.113475938986E+02  0.000000000000E+00
  0.115415704758E+02  0.000000000000E+00
  0.117388628119E+02  0.000000000000E+00
  0.119395275851E+02  0.000000000000E+00
  0.121436224425E+02  0.000000000000E+00
  0.123512060167E+02  0.000000000000E+00
  0.125623379424E+02  0.000000000000E+00
  0.127770788737E+02  0.000000000000E+00
  0.129954905016E+02  0.000000000000E+00
  0.132176355714E+02  0.000000000000E+00
  0.134435779011E+02  0.000000000000E+00
  0.136733823996E+02  0.000000000000E+00
  0.139071150853E+02  0.000000000000E+00
  0.141448431051E+02  0.000000000000E+00
  0.143866347536E+02  0.000000000000E+00
  0.146325594929E+02  0.000000000000E+00
  0.148826879724E+02  0.000000000000E+00
  0.151370920491E+02  0.000000000000E+00
  0.153958448085E+02  0.000000000000E+00
  0.156590205852E+02  0.000000000000E+00
  0.159266949846E+02  0.000000000000E+00
  0.161989449042E+02  0.000000000000E+00
  0.164758485562E+02  0.000000000000E+00
  0.167574854897E+02  0.000000000000E+00
  0.170439366135E+02  0.000000000000E+00
  0.173352842195E+02  0.000000000000E+00
  0.176316120062E+02  0.000000000000E+00
  0.179330051029E+02  0.000000000000E+00
  0.182395500940E+02  0.000000000000E+00
  0.185513350438E+02  0.000000000000E+00
  0.188684495222E+02  0.000000000000E+00
  0.191909846301E+02  0.000000000000E+00
  0.195190330255E+02  0.000000000000E+00
  0.198526889504E+02  0.000000000000E+00
  0.201920482577E+02  0.000000000000E+00
  0.205372084387E+02  0.000000000000E+00
  0.208882686513E+02  0.000000000000E+00
  0.212453297483E+02  0.000000000000E+00
  0.216084943064E+02  0.000000000000E+00
  0.219778666558E+02  0.000000000000E+00
  0.223535529101E+02  0.000000000000E+00
  0.227356609965E+02  0.000000000000E+00
  0.231243006874E+02  0.000000000000E+00
  0.235195836314E+02  0.000000000000E+00
  0.239216233857E+02  0.000000000000E+00
  0.243305354485E+02  0.000000000000E+00
  0.247464372923E+02  0.000000000000E+00
  0.251694483977E+02  0.000000000000E+00
  0.255996902876E+02  0.000000000000E+00
  0.260372865621E+02  0.000000000000E+00
  0.264823629342E+02  0.000000000000E+00
  0.269350472658E+02  0.000000000000E+00
  0.273954696042E+02  0.000000000000E+00
  0.278637622200E+02  0.000000000000E+00
  0.283400596445E+02  0.000000000000E+00
  0.288244987087E+02  0.000000000000E+00
  0.293172185826E+02  0.000000000000E+00
  0.298183608151E+02  0.000000000000E+00
  0.303280693747E+02  0.000000000000E+00
  0.308464906907E+02  0.000000000000E+00
  0.313737736956E+02  0.000000000000E+00
  0.319100698676E+02  0.000000000000E+00
  0.324555332743E+02  0.000000000000E+00
  0.330103206165E+02  0.000000000000E+00
  0.335745912742E+02  0.000000000000E+00
  0.341485073512E+02  0.000000000000E+00
  0.347322337226E+02  0.000000000000E+00
  0.353259380817E+02  0.000000000000E+00
  0.359297909882E+02  0.000000000000E+00
  0.365439659174E+02  0.000000000000E+00
  0.371686393098E+02  0.000000000000E+00
  0.378039906221E+02  0.000000000000E+00
  0.384502023784E+02  0.000000000000E+00
  0.391074602228E+02  0.000000000000E+00
  0.397759529727E+02  0.000000000000E+00
  0.404558726733E+02  0.000000000000E+00
  0.411474146522E+02  0.000000000000E+00
  0.418507775762E+02  0.000000000000E+00
  0.425661635077E+02  0.000000000000E+00
  0.432937779633E+02  0.000000000000E+00
  0.440338299725E+02  0.000000000000E+00
  0.447865321380E+02  0.000000000000E+00
  0.455521006966E+02  0.000000000000E+00
  0.463307555812E+02  0.000000000000E+00
  0.471227204844E+02  0.000000000000E+00
  0.479282229223E+02  0.000000000000E+00
  0.487474943003E+02  0.000000000000E+00
  0.495807699790E+02  0.000000000000E+00
  0.504282893426E+02  0.000000000000E+00
  0.512902958668E+02  0.000000000000E+00
  0.521670371896E+02  0.000000000000E+00
  0.530587651817E+02  0.000000000000E+00
  0.539657360193E+02  0.000000000000E+00
  0.548882102576E+02  0.000000000000E+00
  0.558264529055E+02  0.000000000000E+00
  0.567807335021E+02  0.000000000000E+00
  0.577513261938E+02  0.000000000000E+00
  0.587385098129E+02  0.000000000000E+00
  0.597425679582E+02  0.000000000000E+00
  0.607637890763E+02  0.000000000000E+00
  0.618024665441E+02  0.000000000000E+00
  0.628588987537E+02  0.000000000000E+00
  0.639333891975E+02  0.000000000000E+00
  0.650262465558E+02  0.000000000000E+00
  0.661377847856E+02  0.000000000000E+00
  0.672683232100E+02  0.000000000000E+00
  0.684181866111E+02  0.000000000000E+00
  0.695877053222E+02  0.000000000000E+00
  0.707772153235E+02  0.000000000000E+00
  0.719870583381E+02  0.000000000000E+00
  0.732175819307E+02  0.000000000000E+00
  0.744691396067E+02  0.000000000000E+00
  0.757420909145E+02  0.000000000000E+00
  0.770368015483E+02  0.000000000000E+00
  0.783536434535E+02  0.000000000000E+00
  0.796929949333E+02  0.000000000000E+00
  0.810552407574E+02  0.000000000000E+00
          737            0          200
  0.000000000000E+00  0.000000000000E+00
  0.529635113499E-05  0.531829581684E-04
  0.106832360010E-04  0.107274881310E-03
  0.161622021457E-04  0.162291177244E-03
  0.217348235702E-04  0.218247509447E-03
  0.274027011807E-04  0.275159801445E-03
  0.331674632488E-04  0.333044240992E-03
  0.390307658791E-04  0.391917284309E-03
  0.449942934849E-04  0.451795660400E-03
  0.510597592724E-04  0.512696375428E-03
  0.572289057325E-04  0.574636717160E-03
  0.635035051415E-04  0.637634259491E-03
  0.698853600706E-04  0.701706867035E-03
  0.763763039030E-04  0.766872699785E-03
  0.829782013614E-04  0.833150217855E-03
  0.896929490432E-04  0.900558186291E-03
  0.965224759654E-04  0.969115679968E-03
  0.103468744119E-03  0.103884208855E-02
  0.110533749032E-03  0.110975712155E-02
  0.117719520345E-03  0.118188081345E-02
  0.125028122389E-03  0.125523352891E-02
  0.132461654785E-03  0.132983596808E-02
  0.140022253043E-03  0.140570917196E-02
  0.147712089177E-03  0.148287452787E-02
  0.155533372328E-03  0.156135377500E-02
  0.163488349398E-03  0.164116901006E-02
  0.171579305700E-03  0.172234269301E-02
  0.179808565607E-03  0.180489765286E-02
  0.188178493228E-03  0.188885709361E-02
  0.196691493080E-03  0.197424460023E-02
  0.205350010784E-03  0.206108414479E-02
  0.214156533764E-03  0.214940009262E-02
  0.223113591964E-03  0.223921720866E-02
  0.232223758573E-03  0.233056066379E-02
  0.241489650766E-03  0.242345604136E-02
  0.250913930455E-03  0.251792934377E-02
  0.260499305052E-03  0.261400699917E-02
  0.270248528251E-03  0.271171586825E-02
  0.280164400814E-03  0.281108325115E-02
  0.290249771379E-03  0.291213689446E-02
  0.300507537280E-03  0.301490499831E-02
  0.310940645372E-03  0.311941622365E-02
  0.321552092887E-03  0.322569969950E-02
  0.332344928287E-03  0.333378503043E-02
  0.343322252146E-03  0.344370230410E-02
  0.354487218036E-03  0.355548209891E-02
  0.365843033437E-03  0.366915549174E-02
  0.377392960653E-03  0.378475406587E-02
  0.389140317755E-03  0.390230991895E-02
  0.401088479533E-03  0.402185567108E-02
  0.413240878461E-03  0.414342447307E-02
  0.425601005689E-03  0.426705001473E-02
  0.438172412041E-03  0.439276653334E-02
  0.450958709041E-03  0.452060882219E-02
  0.463963569943E-03  0.465061223925E-02
  0.477190730792E-03  0.478281271600E-02
  0.490643991496E-03  0.491724676629E-02
  0.504327216916E-03  0.505395149539E-02
  0.518244337978E-03  0.519296460912E-02
  0.532399352802E-03  0.533432442310E-02
  0.546796327850E-03  0.547806987213E-02
  0.561439399093E-03  0.562424051969E-02
  0.576332773203E-03  0.577287656752E-02
  0.591480728758E-03  0.592401886536E-02
  0.606887617473E-03  0.607770892080E-02
  0.622557865448E-03  0.623398890923E-02
  0.638495974442E-03  0.639290168389E-02
  0.654706523167E-03  0.655449078612E-02
  0.671194168598E-03  0.671880045561E-02
  0.687963647318E-03  0.688587564085E-02
  0.705019776872E-03  0.705576200969E-02
  0.722367457158E-03  0.722850595997E-02
  0.740011671827E-03  0.740415463032E-02
  0.757957489721E-03  0.758275591102E-02
  0.776210066327E-03  0.776435845505E-02
  0.794774645257E-03  0.794901168917E-02
  0.813656559754E-03  0.813676582519E-02
  0.832861234228E-03  0.832767187130E-02
  0.852394185810E-03  0.852178164356E-02
  0.872261025938E-03  0.871914777747E-02
  0.892467461973E-03  0.891982373966E-02
  0.913019298830E-03  0.912386383970E-02
  0.933922440657E-03  0.933132324204E-02
  0.955182892520E-03  0.954225797801E-02
  0.976806762136E-03  0.975672495801E-02
  0.998800261625E-03  0.997478198372E-02
  0.102116970929E-02  0.101964877605E-01
  0.104392153145E-02  0.104219019098E-01
  0.106706226425E-02  0.106510849820E-01
  0.109059855559E-02  0.108840984685E-01
  0.111453716698E-02  0.111210048153E-01
  0.113888497552E-02  0.113618674354E-01
  0.116364897587E-02  0.116067507217E-01
  0.118883628224E-02  0.118557200608E-01
  0.121445413047E-02  0.121088418452E-01
  0.124050988005E-02  0.123661834875E-01
  0.126701101631E-02  0.126278134333E-01
  0.129396515252E-02  0.128938011749E-01
  0.132138003206E-02  0.131642172649E-01
  0.134926353070E-02  0.134391333295E-01
  0.137762365885E-02  0.137186220831E-01
  0.140646856380E-02  0.140027573411E-01
  0.143580653215E-02  0.142916140347E-01
  0.146564599212E-02  0.145852682244E-01
  0.149599551601E-02  0.148837971145E-01
  0.152686382266E-02  0.151872790666E-01
  0.155825977993E-02  0.154957936147E-01
  0.159019240728E-02  0.158094214786E-01
  0.162267087832E-02  0.161282445789E-01
  0.165570452350E-02  0.164523460510E-01
  0.168930283274E-02  0.167818102598E-01
  0.172347545819E-02  0.171167228140E-01
  0.175823221697E-02  0.174571705806E-01
  0.179358309404E-02  0.178032416995E-01
  0.182953824502E-02  0.181550255982E-01
  0.186610799913E-02  0.185126130060E-01
  0.190330286214E-02  0.188760959690E-01
  0.194113351943E-02  0.192455678645E-01
  0.197961083901E-02  0.196211234154E-01
  0.201874587466E-02  0.200028587051E-01
  0.205854986914E-02  0.203908711918E-01
  0.209903425735E-02  0.207852597230E-01
  0.214021066967E-02  0.211861245499E-01
  0.218209093530E-02  0.215935673419E-01
  0.222468708561E-02  0.220076912011E-01
  0.226801135767E-02  0.224286006760E-01
  0.231207619770E-02  0.228564017761E-01
  0.235689426467E-02  0.232912019858E-01
  0.240247843395E-02  0.237331102784E-01
  0.244884180098E-02  0.241822371295E-01
  0.249599768506E-02  0.246386945314E-01
  0.254395963318E-02  0.251025960059E-01
  0.259274142386E-02  0.255740566178E-01
  0.264235707117E-02  0.260531929882E-01
  0.269282082872E-02  0.265401233073E-01
  0.274414719379E-02  0.270349673471E-01
  0.279635091143E-02  0.275378464736E-01
  0.284944697877E-02  0.280488836595E-01
  0.290345064928E-02  0.285682034957E-01
  0.295837743717E-02  0.290959322028E-01
  0.301424312185E-02  0.296321976429E-01
  0.307106375243E-02  0.301771293300E-01
  0.312885565239E-02  0.307308584406E-01
  0.318763542423E-02  0.312935178243E-01
  0.324741995424E-02  0.318652420132E-01
  0.330822641735E-02  0.324461672312E-01
  0.337007228208E-02  0.330364314029E-01
  0.343297531556E-02  0.336361741619E-01
  0.349695358861E-02  0.342455368589E-01
  0.356202548094E-02  0.348646625684E-01
  0.362820968646E-02  0.354936960961E-01
  0.369552521861E-02  0.361327839841E-01
  0.376399141583E-02  0.367820745171E-01
  0.383362794714E-02  0.374417177268E-01
  0.390445481777E-02  0.381118653956E-01
  0.397649237491E-02  0.387926710605E-01
  0.404976131354E-02  0.394842900151E-01
  0.412428268243E-02  0.401868793110E-01
  0.420007789012E-02  0.409005977594E-01
  0.427716871110E-02  0.416256059301E-01
  0.435557729208E-02  0.423620661505E-01
  0.443532615832E-02  0.431101425041E-01
  0.451643822013E-02  0.438700008263E-01
  0.459893677943E-02  0.446418087010E-01
  0.468284553647E-02  0.454257354548E-01
  0.476818859661E-02  0.462219521502E-01
  0.485499047726E-02  0.470306315780E-01
  0.494327611491E-02  0.478519482478E-01
  0.503307087233E-02  0.486860783778E-01
  0.512440054580E-02  0.495331998824E-01
  0.521729137258E-02  0.503934923591E-01
  0.531177003841E-02  0.512671370732E-01
  0.540786368517E-02  0.521543169410E-01
  0.550559991872E-02  0.530552165120E-01
  0.560500681678E-02  0.539700219484E-01
  0.570611293702E-02  0.548989210033E-01
  0.580894732528E-02  0.558421029970E-01
  0.591353952390E-02  0.567997587912E-01
  0.601991958018E-02  0.577720807609E-01
  0.612811805506E-02  0.587592627651E-01
  0.623816603186E-02  0.597615001142E-01
  0.635009512524E-02  0.607789895357E-01
  0.646393749026E-02  0.618119291372E-01
  0.657972583163E-02  0.628605183674E-01
  0.669749341310E-02  0.639249579743E-01
  0.681727406702E-02  0.650054499604E-01
  0.693910220405E-02  0.661021975356E-01
  0.706301282306E-02  0.672154050671E-01
  0.718904152117E-02  0.683452780263E-01
  0.731722450399E-02  0.694920229326E-01
  0.744759859600E-02  0.706558472943E-01
  0.758020125116E-02  0.718369595456E-01
  0.771507056366E-02  0.730355689810E-01
  0.785224527882E-02  0.742518856855E-01
  0.799176480430E-02  0.754861204616E-01
  0.813366922135E-02  0.767384847520E-01
  0.827799929636E-02  0.780091905593E-01
  0.842479649258E-02  0.792984503604E-01
  0.857410298199E-02  0.806064770183E-01
  0.872596165747E-02  0.819334836880E-01
  0.888041614507E-02  0.832796837191E-01
  0.903751081658E-02  0.846452905533E-01
  0.919729080225E-02  0.860305176174E-01
  0.935980200378E-02  0.874355782110E-01
  0.952509110751E-02  0.888606853898E-01
  0.969320559778E-02  0.903060518430E-01
  0.986419377064E-02  0.917718897658E-01
  0.100381047477E-01  0.932584107265E-01
  0.102149884902E-01  0.947658255270E-01
  0.103948958134E-01  0.962943440587E-01
  0.105778784012E-01  0.978441751513E-01
  0.107639888209E-01  0.994155264159E-01
  0.109532805386E-01  0.101008604081E+00
  0.111458079340E-01  0.102623612825E+00
  0.113416263165E-01  0.104260755593E+00
  0.115407919410E-01  0.105920233422E+00
  0.117433620239E-01  0.107602245242E+00
  0.119493947596E-01  0.109306987682E+00
  0.121589493374E-01  0.111034654860E+00
  0.123720859583E-01  0.112785438176E+00
  0.125888658522E-01  0.114559526081E+00
  0.128093512959E-01  0.116357103855E+00
  0.130336056306E-01  0.118178353364E+00
  0.132616932801E-01  0.120023452812E+00
  0.134936797696E-01  0.121892576489E+00
  0.137296317445E-01  0.123785894502E+00
  0.139696169890E-01  0.125703572501E+00
  0.142137044464E-01  0.127645771397E+00
  0.144619642382E-01  0.129612647064E+00
  0.147144676847E-01  0.131604350038E+00
  0.149712873252E-01  0.133621025203E+00
  0.152324969390E-01  0.135662811462E+00
  0.154981715666E-01  0.137729841405E+00
  0.157683875312E-01  0.139822240960E+00
  0.160432224606E-01  0.141940129037E+00
  0.163227553096E-01  0.144083617156E+00
  0.166070663825E-01  0.146252809068E+00
  0.168962373564E-01  0.148447800359E+00
  0.171903513045E-01  0.150668678046E+00
  0.174894927201E-01  0.152915520158E+00
  0.177937475407E-01  0.155188395307E+00
  0.181032031729E-01  0.157487362241E+00
  0.184179485172E-01  0.159812469389E+00
  0.187380739939E-01  0.162163754390E+00
  0.190636715688E-01  0.164541243608E+00
  0.193948347799E-01  0.166944951635E+00
  0.197316587639E-01  0.169374880778E+00
  0.200742402838E-01  0.171831020531E+00
  0.204226777567E-01  0.174313347035E+00
  0.207770712820E-01  0.176821822524E+00
  0.211375226699E-01  0.179356394748E+00
  0.215041354713E-01  0.181916996392E+00
  0.218770150068E-01  0.184503544472E+00
  0.222562683976E-01  0.187115939717E+00
  0.226420045959E-01  0.189754065939E+00
  0.230343344161E-01  0.192417789380E+00
  0.234333705670E-01  0.195106958049E+00
  0.238392276841E-01  0.197821401042E+00
  0.242520223621E-01  0.200560927843E+00
  0.246718731891E-01  0.203325327609E+00
  0.250989007800E-01  0.206114368442E+00
  0.255332278116E-01  0.208927796643E+00
  0.259749790577E-01  0.211765335945E+00
  0.264242814248E-01  0.214626686736E+00
  0.268812639888E-01  0.217511525260E+00
  0.273460580319E-01  0.220419502806E+00
  0.278187970806E-01  0.223350244877E+00
  0.282996169435E-01  0.226303350344E+00
  0.287886557510E-01  0.229278390583E+00
  0.292860539943E-01  0.232274908597E+00
  0.297919545665E-01  0.235292418118E+00
  0.303065028029E-01  0.238330402701E+00
  0.308298465233E-01  0.241388314792E+00
  0.313621360742E-01  0.244465574790E+00
  0.319035243721E-01  0.247561570085E+00
  0.324541669474E-01  0.250675654094E+00
  0.330142219890E-01  0.253807145263E+00
  0.335838503899E-01  0.256955326077E+00
  0.341632157934E-01  0.260119442040E+00
  0.347524846399E-01  0.263298700650E+00
  0.353518262149E-01  0.266492270356E+00
  0.359614126977E-01  0.269699279515E+00
  0.365814192106E-01  0.272918815318E+00
  0.372120238697E-01  0.276149922728E+00
  0.378534078352E-01  0.279391603388E+00
  0.385057553646E-01  0.282642814539E+00
  0.391692538645E-01  0.285902467912E+00
  0.398440939453E-01  0.289169428629E+00
  0.405304694755E-01  0.292442514089E+00
  0.412285776375E-01  0.295720492849E+00
  0.419386189841E-01  0.299002083511E+00
  0.426607974967E-01  0.302285953592E+00
  0.433953206431E-01  0.305570718409E+00
  0.441423994375E-01  0.308854939954E+00
  0.449022485013E-01  0.312137125773E+00
  0.456750861243E-01  0.315415727854E+00
  0.464611343280E-01  0.318689141516E+00
  0.472606189287E-01  0.321955704304E+00
  0.480737696029E-01  0.325213694900E+00
  0.489008199529E-01  0.328461332039E+00
  0.497420075745E-01  0.331696773443E+00
  0.505975741245E-01  0.334918114765E+00
  0.514677653907E-01  0.338123388557E+00
  0.523528313620E-01  0.341310563259E+00
  0.532530263010E-01  0.344477542202E+00
  0.541686088161E-01  0.347622162649E+00
  0.550998419365E-01  0.350742194855E+00
  0.560469931874E-01  0.353835341161E+00
  0.570103346672E-01  0.356899235128E+00
  0.579901431250E-01  0.359931440698E+00
  0.589867000411E-01  0.362929451408E+00
  0.600002917068E-01  0.365890689635E+00
  0.610312093074E-01  0.368812505899E+00
  0.620797490057E-01  0.371692178215E+00
  0.631462120267E-01  0.374526911494E+00
  0.642309047447E-01  0.377313837016E+00
  0.653341387710E-01  0.380050011946E+00
  0.664562310432E-01  0.382732418941E+00
  0.675975039168E-01  0.385357965807E+00
  0.687582852574E-01  0.387923485246E+00
  0.699389085350E-01  0.390425734674E+00
  0.711397129198E-01  0.392861396132E+00
  0.723610433798E-01  0.395227076281E+00
  0.736032507795E-01  0.397519306492E+00
  0.748666919810E-01  0.399734543037E+00
  0.761517299466E-01  0.401869167388E+00
  0.774587338427E-01  0.403919486614E+00
  0.787880791465E-01  0.405881733909E+00
  0.801401477529E-01  0.407752069229E+00
  0.815153280852E-01  0.409526580059E+00
  0.829140152060E-01  0.411201282314E+00
  0.843366109312E-01  0.412772121370E+00
  0.857835239449E-01  0.414234973249E+00
  0.872551699172E-01  0.415585645943E+00
  0.887519716236E-01  0.416819880900E+00
  0.902743590662E-01  0.417933354665E+00
  0.918227695974E-01  0.418921680695E+00
  0.933976480457E-01  0.419780411340E+00
  0.949994468432E-01  0.420505040007E+00
  0.966286261556E-01  0.421091003510E+00
  0.982856540146E-01  0.421533684607E+00
  0.999710064523E-01  0.421828414738E+00
  0.101685167638E+00  0.421970476968E+00
  0.103428630017E+00  0.421955109132E+00
  0.105201894451E+00  0.421777507203E+00
  0.107005470367E+00  0.421432828879E+00
  0.108839875896E+00  0.420916197395E+00
  0.110705638027E+00  0.420222705567E+00
  0.112603292758E+00  0.419347420081E+00
  0.114533385248E+00  0.418285386014E+00
  0.116496469976E+00  0.417031631618E+00
  0.118493110897E+00  0.415581173340E+00
  0.120523881608E+00  0.413929021119E+00
  0.122589365511E+00  0.412070183927E+00
  0.124690155978E+00  0.409999675598E+00
  0.126826856526E+00  0.407712520902E+00
  0.129000080988E+00  0.405203761918E+00
  0.131210453690E+00  0.402468464666E+00
  0.133458609628E+00  0.399501726028E+00
  0.135745194654E+00  0.396298680947E+00
  0.138070865660E+00  0.392854509909E+00
  0.140436290766E+00  0.389164446711E+00
  0.142842149513E+00  0.385223786512E+00
  0.145289133057E+00  0.381027894171E+00
  0.147777944370E+00  0.376572212862E+00
  0.150309298440E+00  0.371852272980E+00
  0.152883922474E+00  0.366863701316E+00
  0.155502556113E+00  0.361602230514E+00
  0.158165951639E+00  0.356063708800E+00
  0.160874874195E+00  0.350244109971E+00
  0.163630102002E+00  0.344139543650E+00
  0.166432426582E+00  0.337746265788E+00
  0.169282652990E+00  0.331060689417E+00
  0.172181600041E+00  0.324079395623E+00
  0.175130100546E+00  0.316799144763E+00
  0.178129001552E+00  0.309216887868E+00
  0.181179164585E+00  0.301329778267E+00
  0.184281465899E+00  0.293135183370E+00
  0.187436796724E+00  0.284630696638E+00
  0.190646063526E+00  0.275814149678E+00
  0.193910188265E+00  0.266683624485E+00
  0.197230108660E+00  0.257237465776E+00
  0.200606778462E+00  0.247474293415E+00
  0.204041167722E+00  0.237393014890E+00
  0.207534263072E+00  0.226992837831E+00
  0.211087068013E+00  0.216273282522E+00
  0.214700603196E+00  0.205234194397E+00
  0.218375906719E+00  0.193875756474E+00
  0.222114034428E+00  0.182198501698E+00
  0.225916060212E+00  0.170203325172E+00
  0.229783076321E+00  0.157891496212E+00
  0.233716193673E+00  0.145264670220E+00
  0.237716542178E+00  0.132324900313E+00
  0.241785271057E+00  0.119074648682E+00
  0.245923549178E+00  0.105516797636E+00
  0.250132565388E+00  0.916546602813E-01
  0.254413528856E+00  0.774919908150E-01
  0.258767669420E+00  0.630329943657E-01
  0.263196237940E+00  0.482823363545E-01
  0.267700506659E+00  0.332451513274E-01
  0.272281769565E+00  0.179270512173E-01
  0.276941342767E+00  0.233413299332E-02
  0.281680564869E+00 -0.135270143439E-01
  0.286500797360E+00 -0.296493034626E-01
  0.291403424997E+00 -0.460251431336E-01
  0.296389856212E+00 -0.626464334385E-01
  0.301461523510E+00 -0.795045617859E-01
  0.306619883881E+00 -0.965903997739E-01
  0.311866419224E+00 -0.113894300930E+00
  0.317202636767E+00 -0.131406099364E+00
  0.322630069502E+00 -0.149115109361E+00
  0.328150276624E+00 -0.167010125948E+00
  0.333764843983E+00 -0.185079426461E+00
  0.339475384535E+00 -0.203310773141E+00
  0.345283538809E+00 -0.221691416794E+00
  0.351190975373E+00 -0.240208101534E+00
  0.357199391322E+00 -0.258847070647E+00
  0.363310512755E+00 -0.277594073614E+00
  0.369526095281E+00 -0.296434374313E+00
  0.375847924515E+00 -0.315352760455E+00
  0.382277816597E+00 -0.334333554277E+00
  0.388817618711E+00 -0.353360624561E+00
  0.395469209615E+00 -0.372417399989E+00
  0.402234500182E+00 -0.391486883928E+00
  0.409115433950E+00 -0.410551670643E+00
  0.416113987677E+00 -0.429593963053E+00
  0.423232171914E+00 -0.448595592002E+00
  0.430472031575E+00 -0.467538037180E+00
  0.437835646533E+00 -0.486402449643E+00
  0.445325132213E+00 -0.505169676079E+00
  0.452942640197E+00 -0.523820284728E+00
  0.460690358849E+00 -0.542334593104E+00
  0.468570513939E+00 -0.560692697414E+00
  0.476585369283E+00 -0.578874503781E+00
  0.484737227393E+00 -0.596859761150E+00
  0.493028430141E+00 -0.614628095969E+00
  0.501461359428E+00 -0.632159048475E+00
  0.510038437872E+00 -0.649432110661E+00
  0.518762129502E+00 -0.666426765722E+00
  0.527634940466E+00 -0.683122529030E+00
  0.536659419750E+00 -0.699498990397E+00
  0.545838159912E+00 -0.715535857657E+00
  0.555173797828E+00 -0.731213001294E+00
  0.564669015445E+00 -0.746510500126E+00
  0.574326540555E+00 -0.761408687745E+00
  0.584149147579E+00 -0.775888199687E+00
  0.594139658362E+00 -0.789930021050E+00
  0.604300942983E+00 -0.803515534463E+00
  0.614635920584E+00 -0.816626568150E+00
  0.625147560203E+00 -0.829245443963E+00
  0.635838881632E+00 -0.841355025110E+00
  0.646712956279E+00 -0.852938763448E+00
  0.657772908056E+00 -0.863980746080E+00
  0.669021914274E+00 -0.874465741067E+00
  0.680463206553E+00 -0.884379242077E+00
  0.692100071757E+00 -0.893707511692E+00
  0.703935852930E+00 -0.902437623273E+00
  0.715973950265E+00 -0.910557501068E+00
  0.728217822073E+00 -0.918055958494E+00
  0.740670985782E+00 -0.924922734260E+00
  0.753337018944E+00 -0.931148526343E+00
  0.766219560267E+00 -0.936725023403E+00
  0.779322310655E+00 -0.941644933773E+00
  0.792649034274E+00 -0.945902011536E+00
  0.806203559634E+00 -0.949491079943E+00
  0.819989780688E+00 -0.952408051620E+00
  0.834011657951E+00 -0.954649945915E+00
  0.848273219637E+00 -0.956214902819E+00
  0.862778562816E+00 -0.957102193882E+00
  0.877531854593E+00 -0.957312229531E+00
  0.892537333304E+00 -0.956846563326E+00
  0.907799309730E+00 -0.955707892494E+00
  0.923322168344E+00 -0.953900055425E+00
  0.939110368562E+00 -0.951428025385E+00
  0.955168446029E+00 -0.948297901262E+00
  0.971501013919E+00 -0.944516894572E+00
  0.988112764263E+00 -0.940093313601E+00
  0.100500846930E+01 -0.935036543922E+00
  0.102219298283E+01 -0.929357026223E+00
  0.103967124163E+01 -0.923066230667E+00
  0.105744826688E+01 -0.916176628797E+00
  0.107552916556E+01 -0.908701662192E+00
  0.109391913198E+01 -0.900655708935E+00
  0.111262344920E+01 -0.892054047101E+00
  0.113164749062E+01 -0.882912816356E+00
  0.115099672148E+01 -0.873248974905E+00
  0.117067670044E+01 -0.863080238412E+00
  0.119069308118E+01 -0.852425049467E+00
  0.121105161400E+01 -0.841302536353E+00
  0.123175814753E+01 -0.829732465385E+00
  0.125281863036E+01 -0.817735192067E+00
  0.127423911275E+01 -0.805331610671E+00
  0.129602574838E+01 -0.792543103276E+00
  0.131818479615E+01 -0.779391487619E+00
  0.134072262192E+01 -0.765898964717E+00
  0.136364570036E+01 -0.752088065693E+00
  0.138696061684E+01 -0.737981598665E+00
  0.141067406927E+01 -0.723602595203E+00
  0.143479287008E+01 -0.708974257138E+00
  0.145932394813E+01 -0.694119903291E+00
  0.148427435072E+01 -0.679062916791E+00
  0.150965124562E+01 -0.663826692672E+00
  0.153546192313E+01 -0.648434586256E+00
  0.156171379815E+01 -0.632909862145E+00
  0.158841441233E+01 -0.617275644195E+00
  0.161557143624E+01 -0.601554866379E+00
  0.164319267158E+01 -0.585770224811E+00
  0.167128605339E+01 -0.569944130919E+00
  0.169985965236E+01 -0.554098665935E+00
  0.172892167712E+01 -0.538255536774E+00
  0.175848047663E+01 -0.522436033351E+00
  0.178854454257E+01 -0.506660987520E+00
  0.181912251176E+01 -0.490950733558E+00
  0.185022316866E+01 -0.475325070470E+00
  0.188185544788E+01 -0.459803225948E+00
  0.191402843677E+01 -0.444403822320E+00
  0.194675137801E+01 -0.429144844252E+00
  0.198003367225E+01 -0.414043608606E+00
  0.201388488087E+01 -0.399116736130E+00
  0.204831472865E+01 -0.384380125445E+00
  0.208333310664E+01 -0.369848928957E+00
  0.211895007492E+01 -0.355537531178E+00
  0.215517586556E+01 -0.341459529056E+00
  0.219202088554E+01 -0.327627714811E+00
  0.222949571972E+01 -0.314054060862E+00
  0.226761113389E+01 -0.300749707331E+00
  0.230637807786E+01 -0.287724951703E+00
  0.234580768864E+01 -0.274989241126E+00
  0.238591129359E+01 -0.262551166911E+00
  0.242670041369E+01 -0.250418461706E+00
  0.246818676688E+01 -0.238597998898E+00
  0.251038227138E+01 -0.227095794704E+00
  0.255329904913E+01 -0.215917012475E+00
  0.259694942931E+01 -0.205065969682E+00
  0.264134595182E+01 -0.194546147083E+00
  0.268650137092E+01 -0.184360200503E+00
  0.273242865889E+01 -0.174509974749E+00
  0.277914100975E+01 -0.164996520029E+00
  0.282665184305E+01 -0.155820110414E+00
  0.287497480775E+01 -0.146980264651E+00
  0.292412378608E+01 -0.138475768904E+00
  0.297411289761E+01 -0.130304701637E+00
  0.302495650323E+01 -0.122464460262E+00
  0.307666920934E+01 -0.114951789699E+00
  0.312926587198E+01 -0.107762812476E+00
  0.318276160117E+01 -0.100893060480E+00
  0.323717176519E+01 -0.943375079864E-01
  0.329251199502E+01 -0.880906060332E-01
  0.334879818885E+01 -0.821463177846E-01
  0.340604651661E+01 -0.764981549016E-01
  0.346427342464E+01 -0.711392145800E-01
  0.352349564040E+01 -0.660622172368E-01
  0.358373017729E+01 -0.612595445222E-01
  0.364499433952E+01 -0.567232776056E-01
  0.370730572710E+01 -0.524452354331E-01
  0.377068224089E+01 -0.484170128821E-01
  0.383514208773E+01 -0.446300185319E-01
  0.390070378570E+01 -0.410755119595E-01
  0.396738616939E+01 -0.377446403073E-01
  0.403520839537E+01 -0.346284740229E-01
  0.410418994764E+01 -0.317180415461E-01
  0.417435064329E+01 -0.290043628446E-01
  0.424571063811E+01 -0.264784816046E-01
  0.431829043244E+01 -0.241314959856E-01
  0.439211087707E+01 -0.219545877794E-01
  0.446719317918E+01 -0.199390498966E-01
  0.454355890845E+01 -0.180763120571E-01
  0.462123000329E+01 -0.163579646263E-01
  0.470022877710E+01 -0.147757805108E-01
  0.478057792469E+01 -0.133217350791E-01
  0.486230052882E+01 -0.119880240555E-01
  0.494542006682E+01 -0.107670793816E-01
  0.502996041732E+01 -0.965158302643E-02
  0.511594586712E+01 -0.863447876746E-02
  0.520340111819E+01 -0.770898195682E-02
  0.529235129472E+01 -0.686858731976E-02
  0.538282195038E+01 -0.610707483115E-02
  0.547483907563E+01 -0.541851373962E-02
  0.556842910522E+01 -0.479726481165E-02
  0.566361892575E+01 -0.423798088545E-02
  0.576043588341E+01 -0.373560582785E-02
  0.585890779185E+01 -0.328537200015E-02
  0.595906294013E+01 -0.288279634192E-02
  0.606093010089E+01 -0.252367518971E-02
  0.616453853860E+01 -0.220407794965E-02
  0.626991801796E+01 -0.192033974696E-02
  0.637709881244E+01 -0.166905317536E-02
  0.648611171303E+01 -0.144705927062E-02
  0.659698803701E+01 -0.125143782983E-02
  0.670975963701E+01 -0.107949719664E-02
  0.682445891012E+01 -0.928763628264E-03
  0.694111880723E+01 -0.796970356161E-03
  0.705977284247E+01 -0.682046446246E-03
  0.718045510285E+01 -0.582105558722E-03
  0.730320025805E+01 -0.495434700450E-03
  0.742804357036E+01 -0.420483055558E-03
  0.755502090487E+01 -0.355850972064E-03
  0.768416873970E+01 -0.300279174332E-03
  0.781552417653E+01 -0.252638262888E-03
  0.794912495123E+01 -0.211918554920E-03
  0.808500944471E+01 -0.177220310605E-03
  0.822321669397E+01 -0.147744382427E-03
  0.836378640327E+01 -0.122783316920E-03
  0.850675895557E+01 -0.101712930944E-03
  0.865217542412E+01 -0.839843776219E-04
  0.880007758426E+01 -0.691167106570E-04
  0.895050792540E+01 -0.566899497914E-04
  0.910350966329E+01 -0.463386448282E-04
  0.925912675235E+01 -0.377459308473E-04
  0.941740389837E+01 -0.306380630722E-04
  0.957838657131E+01 -0.247794162512E-04
  0.974212101837E+01 -0.199679304201E-04
  0.990865427729E+01 -0.160309824754E-04
  0.100780341899E+02 -0.128216610933E-04
  0.102503094156E+02 -0.102154211438E-04
  0.104255294460E+02 -0.810709283088E-05
  0.106037446182E+02 -0.640822029699E-05
  0.107850061301E+02 -0.504470432029E-05
  0.109693660545E+02 -0.395472394910E-05
  0.111568773546E+02 -0.308691241941E-05
  0.113475938986E+02 -0.239876340378E-05
  0.115415704758E+02 -0.185524442862E-05
  0.117388628119E+02 -0.142759626911E-05
  0.119395275851E+02 -0.109229601268E-05
  0.121436224425E+02 -0.830164892973E-06
  0.123512060167E+02 -0.625601856721E-06
  0.125623379424E+02 -0.465924807944E-06
  0.127770788737E+02 -0.340802049292E-06
  0.129954905016E+02 -0.241756542472E-06
  0.132176355714E+02 -0.161725046220E-06
  0.134435779011E+02 -0.946526363876E-07
  0.136733823996E+02 -0.351000844687E-07
  0.139071150853E+02  0.000000000000E+00
  0.141448431051E+02  0.000000000000E+00
  0.143866347536E+02  0.000000000000E+00
  0.146325594929E+02  0.000000000000E+00
  0.148826879724E+02  0.000000000000E+00
  0.151370920491E+02  0.000000000000E+00
  0.153958448085E+02  0.000000000000E+00
  0.156590205852E+02  0.000000000000E+00
  0.159266949846E+02  0.000000000000E+00
  0.161989449042E+02  0.000000000000E+00
  0.164758485562E+02  0.000000000000E+00
  0.167574854897E+02  0.000000000000E+00
  0.170439366135E+02  0.000000000000E+00
  0.173352842195E+02  0.000000000000E+00
  0.176316120062E+02  0.000000000000E+00
  0.179330051029E+02  0.000000000000E+00
  0.182395500940E+02  0.000000000000E+00
  0.185513350438E+02  0.000000000000E+00
  0.188684495222E+02  0.000000000000E+00
  0.191909846301E+02  0.000000000000E+00
  0.195190330255E+02  0.000000000000E+00
  0.198526889504E+02  0.000000000000E+00
  0.201920482577E+02  0.000000000000E+00
  0.205372084387E+02  0.000000000000E+00
  0.208882686513E+02  0.000000000000E+00
  0.212453297483E+02  0.000000000000E+00
  0.216084943064E+02  0.000000000000E+00
  0.219778666558E+02  0.000000000000E+00
  0.223535529101E+02  0.000000000000E+00
  0.227356609965E+02  0.000000000000E+00
  0.231243006874E+02  0.000000000000E+00
  0.235195836314E+02  0.000000000000E+00
  0.239216233857E+02  0.000000000000E+00
  0.243305354485E+02  0.000000000000E+00
  0.247464372923E+02  0.000000000000E+00
  0.251694483977E+02  0.000000000000E+00
  0.255996902876E+02  0.000000000000E+00
  0.260372865621E+02  0.000000000000E+00
  0.264823629342E+02  0.000000000000E+00
  0.269350472658E+02  0.000000000000E+00
  0.273954696042E+02  0.000000000000E+00
  0.278637622200E+02  0.000000000000E+00
  0.283400596445E+02  0.000000000000E+00
  0.288244987087E+02  0.000000000000E+00
  0.293172185826E+02  0.000000000000E+00
  0.298183608151E+02  0.000000000000E+00
  0.303280693747E+02  0.000000000000E+00
  0.308464906907E+02  0.000000000000E+00
  0.313737736956E+02  0.000000000000E+00
  0.319100698676E+02  0.000000000000E+00
  0.324555332743E+02  0.000000000000E+00
  0.330103206165E+02  0.000000000000E+00
  0.335745912742E+02  0.000000000000E+00
  0.341485073512E+02  0.000000000000E+00
  0.347322337226E+02  0.000000000000E+00
  0.353259380817E+02  0.000000000000E+00
  0.359297909882E+02  0.000000000000E+00
  0.365439659174E+02  0.000000000000E+00
  0.371686393098E+02  0.000000000000E+00
  0.378039906221E+02  0.000000000000E+00
  0.384502023784E+02  0.000000000000E+00
  0.391074602228E+02  0.000000000000E+00
  0.397759529727E+02  0.000000000000E+00
  0.404558726733E+02  0.000000000000E+00
  0.411474146522E+02  0.000000000000E+00
  0.418507775762E+02  0.000000000000E+00
  0.425661635077E+02  0.000000000000E+00
  0.432937779633E+02  0.000000000000E+00
  0.440338299725E+02  0.000000000000E+00
  0.447865321380E+02  0.000000000000E+00
  0.455521006966E+02  0.000000000000E+00
  0.463307555812E+02  0.000000000000E+00
  0.471227204844E+02  0.000000000000E+00
  0.479282229223E+02  0.000000000000E+00
  0.487474943003E+02  0.000000000000E+00
  0.495807699790E+02  0.000000000000E+00
  0.504282893426E+02  0.000000000000E+00
  0.512902958668E+02  0.000000000000E+00
  0.521670371896E+02  0.000000000000E+00
  0.530587651817E+02  0.000000000000E+00
  0.539657360193E+02  0.000000000000E+00
  0.548882102576E+02  0.000000000000E+00
  0.558264529055E+02  0.000000000000E+00
  0.567807335021E+02  0.000000000000E+00
  0.577513261938E+02  0.000000000000E+00
  0.587385098129E+02  0.000000000000E+00
  0.597425679582E+02  0.000000000000E+00
  0.607637890763E+02  0.000000000000E+00
  0.618024665441E+02  0.000000000000E+00
  0.628588987537E+02  0.000000000000E+00
  0.639333891975E+02  0.000000000000E+00
  0.650262465558E+02  0.000000000000E+00
  0.661377847856E+02  0.000000000000E+00
  0.672683232100E+02  0.000000000000E+00
  0.684181866111E+02  0.000000000000E+00
  0.695877053222E+02  0.000000000000E+00
  0.707772153235E+02  0.000000000000E+00
  0.719870583381E+02  0.000000000000E+00
  0.732175819307E+02  0.000000000000E+00
  0.744691396067E+02  0.000000000000E+00
  0.757420909145E+02  0.000000000000E+00
  0.770368015483E+02  0.000000000000E+00
  0.783536434535E+02  0.000000000000E+00
  0.796929949333E+02  0.000000000000E+00
  0.810552407574E+02  0.000000000000E+00
          737            1          210
  0.000000000000E+00  0.000000000000E+00
  0.529635113499E-05  0.425337803210E-09
  0.106832360010E-04  0.173055652226E-08
  0.161622021457E-04  0.396077988435E-08
  0.217348235702E-04  0.716293748968E-08
  0.274027011807E-04  0.113858311410E-07
  0.331674632488E-04  0.166802035133E-07
  0.390307658791E-04  0.230988092501E-07
  0.449942934849E-04  0.306964885706E-07
  0.510597592724E-04  0.395302434744E-07
  0.572289057325E-04  0.496593166345E-07
  0.635035051415E-04  0.611452730715E-07
  0.698853600706E-04  0.740520847051E-07
  0.763763039030E-04  0.884462178837E-07
  0.829782013614E-04  0.104396723994E-06
  0.896929490432E-04  0.121975333259E-06
  0.965224759654E-04  0.141256551833E-06
  0.103468744119E-03  0.162317762311E-06
  0.110533749032E-03  0.185239327762E-06
  0.117719520345E-03  0.210104699426E-06
  0.125028122389E-03  0.237000528182E-06
  0.132461654785E-03  0.266016779923E-06
  0.140022253043E-03  0.297246854989E-06
  0.147712089177E-03  0.330787711772E-06
  0.155533372328E-03  0.366739994655E-06
  0.163488349398E-03  0.405208166438E-06
  0.171579305700E-03  0.446300645385E-06
  0.179808565607E-03  0.490129947078E-06
  0.188178493228E-03  0.536812831221E-06
  0.196691493080E-03  0.586470453584E-06
  0.205350010784E-03  0.639228523251E-06
  0.214156533764E-03  0.695217465358E-06
  0.223113591964E-03  0.754572589519E-06
  0.232223758573E-03  0.817434264118E-06
  0.241489650766E-03  0.883948096695E-06
  0.250913930455E-03  0.954265120608E-06
  0.260499305052E-03  0.102854198821E-05
  0.270248528251E-03  0.110694117074E-05
  0.280164400814E-03  0.118963116520E-05
  0.290249771379E-03  0.127678670843E-05
  0.300507537280E-03  0.136858899858E-05
  0.310940645372E-03  0.146522592438E-05
  0.321552092887E-03  0.156689230227E-05
  0.332344928287E-03  0.167379012189E-05
  0.343322252146E-03  0.178612879997E-05
  0.354487218036E-03  0.190412544314E-05
  0.365843033437E-03  0.202800511982E-05
  0.377392960653E-03  0.215800114154E-05
  0.389140317755E-03  0.229435535398E-05
  0.401088479533E-03  0.243731843822E-05
  0.413240878461E-03  0.258715022225E-05
  0.425601005689E-03  0.274412000343E-05
  0.438172412041E-03  0.290850688203E-05
  0.450958709041E-03  0.308060010629E-05
  0.463963569943E-03  0.326069942948E-05
  0.477190730792E-03  0.344911547929E-05
  0.490643991496E-03  0.364617013993E-05
  0.504327216916E-03  0.385219694745E-05
  0.518244337978E-03  0.406754149878E-05
  0.532399352802E-03  0.429256187477E-05
  0.546796327850E-03  0.452762907789E-05
  0.561439399093E-03  0.477312748502E-05
  0.576332773203E-03  0.502945531580E-05
  0.591480728758E-03  0.529702511713E-05
  0.606887617473E-03  0.557626426441E-05
  0.622557865448E-03  0.586761547988E-05
  0.638495974442E-03  0.617153736896E-05
  0.654706523167E-03  0.648850497491E-05
  0.671194168598E-03  0.681901035255E-05
  0.687963647318E-03  0.716356316177E-05
  0.705019776872E-03  0.752269128133E-05
  0.722367457158E-03  0.789694144373E-05
  0.740011671827E-03  0.828687989189E-05
  0.757957489721E-03  0.869309305832E-05
  0.776210066327E-03  0.911618826751E-05
  0.794774645257E-03  0.955679446246E-05
  0.813656559754E-03  0.100155629560E-04
  0.832861234228E-03  0.104931682079E-04
  0.852394185810E-03  0.109903086284E-04
  0.872261025938E-03  0.115077074093E-04
  0.892467461973E-03  0.120461133837E-04
  0.913019298830E-03  0.126063019144E-04
  0.933922440657E-03  0.131890758132E-04
  0.955182892520E-03  0.137952662919E-04
  0.976806762136E-03  0.144257339444E-04
  0.998800261625E-03  0.150813697636E-04
  0.102116970929E-02  0.157630961925E-04
  0.104392153145E-02  0.164718682107E-04
  0.106706226425E-02  0.172086744586E-04
  0.109059855559E-02  0.179745383989E-04
  0.111453716698E-02  0.187705195187E-04
  0.113888497552E-02  0.195977145714E-04
  0.116364897587E-02  0.204572588615E-04
  0.118883628224E-02  0.213503275725E-04
  0.121445413047E-02  0.222781371406E-04
  0.124050988005E-02  0.232419466737E-04
  0.126701101631E-02  0.242430594199E-04
  0.129396515252E-02  0.252828242852E-04
  0.132138003206E-02  0.263626374017E-04
  0.134926353070E-02  0.274839437506E-04
  0.137762365885E-02  0.286482388386E-04
  0.140646856380E-02  0.298570704316E-04
  0.143580653215E-02  0.311120403472E-04
  0.146564599212E-02  0.324148063069E-04
  0.149599551601E-02  0.337670838519E-04
  0.152686382266E-02  0.351706483225E-04
  0.155825977993E-02  0.366273369049E-04
  0.159019240728E-02  0.381390507465E-04
  0.162267087832E-02  0.397077571430E-04
  0.165570452350E-02  0.413354917982E-04
  0.168930283274E-02  0.430243611608E-04
  0.172347545819E-02  0.447765448391E-04
  0.175823221697E-02  0.465942980967E-04
  0.179358309404E-02  0.484799544327E-04
  0.182953824502E-02  0.504359282474E-04
  0.186610799913E-02  0.524647175983E-04
  0.190330286214E-02  0.545689070479E-04
  0.194113351943E-02  0.567511706071E-04
  0.197961083901E-02  0.590142747767E-04
  0.201874587466E-02  0.613610816910E-04
  0.205854986914E-02  0.637945523660E-04
  0.209903425735E-02  0.663177500565E-04
  0.214021066967E-02  0.689338437249E-04
  0.218209093530E-02  0.716461116256E-04
  0.222468708561E-02  0.744579450085E-04
  0.226801135767E-02  0.773728519469E-04
  0.231207619770E-02  0.803944612910E-04
  0.235689426467E-02  0.835265267543E-04
  0.240247843395E-02  0.867729311350E-04
  0.244884180098E-02  0.901376906770E-04
  0.249599768506E-02  0.936249595767E-04
  0.254395963318E-02  0.972390346376E-04
  0.259274142386E-02  0.100984360080E-03
  0.264235707117E-02  0.104865532511E-03
  0.269282082872E-02  0.108887306052E-03
  0.274414719379E-02  0.113054597647E-03
  0.279635091143E-02  0.117372492536E-03
  0.284944697877E-02  0.121846249912E-03
  0.290345064928E-02  0.126481308764E-03
  0.295837743717E-02  0.131283293916E-03
  0.301424312185E-02  0.136258022256E-03
  0.307106375243E-02  0.141411509178E-03
  0.312885565239E-02  0.146749975228E-03
  0.318763542423E-02  0.152279852976E-03
  0.324741995424E-02  0.158007794103E-03
  0.330822641735E-02  0.163940676728E-03
  0.337007228208E-02  0.170085612967E-03
  0.343297531556E-02  0.176449956748E-03
  0.349695358861E-02  0.183041311869E-03
  0.356202548094E-02  0.189867540328E-03
  0.362820968646E-02  0.196936770917E-03
  0.369552521861E-02  0.204257408101E-03
  0.376399141583E-02  0.211838141177E-03
  0.383362794714E-02  0.219687953738E-03
  0.390445481777E-02  0.227816133437E-03
  0.397649237491E-02  0.236232282070E-03
  0.404976131354E-02  0.244946325983E-03
  0.412428268243E-02  0.253968526813E-03
  0.420007789012E-02  0.263309492574E-03
  0.427716871110E-02  0.272980189105E-03
  0.435557729208E-02  0.282991951879E-03
  0.443532615832E-02  0.293356498194E-03
  0.451643822013E-02  0.304085939747E-03
  0.459893677943E-02  0.315192795623E-03
  0.468284553647E-02  0.326690005686E-03
  0.476818859661E-02  0.338590944401E-03
  0.485499047726E-02  0.350909435096E-03
  0.494327611491E-02  0.363659764678E-03
  0.503307087233E-02  0.376856698811E-03
  0.512440054580E-02  0.390515497579E-03
  0.521729137258E-02  0.404651931639E-03
  0.531177003841E-02  0.419282298889E-03
  0.540786368517E-02  0.434423441658E-03
  0.550559991872E-02  0.450092764432E-03
  0.560500681678E-02  0.466308252144E-03
  0.570611293702E-02  0.483088489031E-03
  0.580894732528E-02  0.500452678081E-03
  0.591353952390E-02  0.518420661090E-03
  0.601991958018E-02  0.537012939336E-03
  0.612811805506E-02  0.556250694903E-03
  0.623816603186E-02  0.576155812661E-03
  0.635009512524E-02  0.596750902928E-03
  0.646393749026E-02  0.618059324831E-03
  0.657972583163E-02  0.640105210386E-03
  0.669749341310E-02  0.662913489317E-03
  0.681727406702E-02  0.686509914637E-03
  0.693910220405E-02  0.710921089014E-03
  0.706301282306E-02  0.736174491936E-03
  0.718904152117E-02  0.762298507705E-03
  0.731722450399E-02  0.789322454282E-03
  0.744759859600E-02  0.817276613006E-03
  0.758020125116E-02  0.846192259207E-03
  0.771507056366E-02  0.876101693744E-03
  0.785224527882E-02  0.907038275488E-03
  0.799176480430E-02  0.939036454785E-03
  0.813366922135E-02  0.972131807903E-03
  0.827799929636E-02  0.100636107252E-02
  0.842479649258E-02  0.104176218427E-02
  0.857410298199E-02  0.107837431434E-02
  0.872596165747E-02  0.111623790821E-02
  0.888041614507E-02  0.115539472552E-02
  0.903751081658E-02  0.119588788110E-02
  0.919729080225E-02  0.123776188720E-02
  0.935980200378E-02  0.128106269697E-02
  0.952509110751E-02  0.132583774917E-02
  0.969320559778E-02  0.137213601418E-02
  0.986419377064E-02  0.142000804135E-02
  0.100381047477E-01  0.146950600772E-02
  0.102149884902E-01  0.152068376807E-02
  0.103948958134E-01  0.157359690647E-02
  0.105778784012E-01  0.162830278922E-02
  0.107639888209E-01  0.168486061939E-02
  0.109532805386E-01  0.174333149275E-02
  0.111458079340E-01  0.180377845536E-02
  0.113416263165E-01  0.186626656277E-02
  0.115407919410E-01  0.193086294082E-02
  0.117433620239E-01  0.199763684809E-02
  0.119493947596E-01  0.206665974018E-02
  0.121589493374E-01  0.213800533560E-02
  0.123720859583E-01  0.221174968357E-02
  0.125888658522E-01  0.228797123356E-02
  0.128093512959E-01  0.236675090678E-02
  0.130336056306E-01  0.244817216952E-02
  0.132616932801E-01  0.253232110846E-02
  0.134936797696E-01  0.261928650799E-02
  0.137296317445E-01  0.270915992950E-02
  0.139696169890E-01  0.280203579281E-02
  0.142137044464E-01  0.289801145967E-02
  0.144619642382E-01  0.299718731938E-02
  0.147144676847E-01  0.309966687669E-02
  0.149712873252E-01  0.320555684182E-02
  0.152324969390E-01  0.331496722284E-02
  0.154981715666E-01  0.342801142027E-02
  0.157683875312E-01  0.354480632414E-02
  0.160432224606E-01  0.366547241329E-02
  0.163227553096E-01  0.379013385724E-02
  0.166070663825E-01  0.391891862042E-02
  0.168962373564E-01  0.405195856895E-02
  0.171903513045E-01  0.418938957990E-02
  0.174894927201E-01  0.433135165320E-02
  0.177937475407E-01  0.447798902608E-02
  0.181032031729E-01  0.462945029017E-02
  0.184179485172E-01  0.478588851128E-02
  0.187380739939E-01  0.494746135188E-02
  0.190636715688E-01  0.511433119626E-02
  0.193948347799E-01  0.528666527850E-02
  0.197316587639E-01  0.546463581321E-02
  0.200742402838E-01  0.564842012904E-02
  0.204226777567E-01  0.583820080501E-02
  0.207770712820E-01  0.603416580977E-02
  0.211375226699E-01  0.623650864358E-02
  0.215041354713E-01  0.644542848328E-02
  0.218770150068E-01  0.666113033007E-02
  0.222562683976E-01  0.688382516022E-02
  0.226420045959E-01  0.711373007864E-02
  0.230343344161E-01  0.735106847536E-02
  0.234333705670E-01  0.759607018492E-02
  0.238392276841E-01  0.784897164859E-02
  0.242520223621E-01  0.811001607952E-02
  0.246718731891E-01  0.837945363068E-02
  0.250989007800E-01  0.865754156568E-02
  0.255332278116E-01  0.894454443237E-02
  0.259749790577E-01  0.924073423922E-02
  0.264242814248E-01  0.954639063440E-02
  0.268812639888E-01  0.986180108763E-02
  0.273460580319E-01  0.101872610745E-01
  0.278187970806E-01  0.105230742637E-01
  0.282996169435E-01  0.108695527062E-01
  0.287886557510E-01  0.112270170275E-01
  0.292860539943E-01  0.115957966217E-01
  0.297919545665E-01  0.119762298484E-01
  0.303065028029E-01  0.123686642308E-01
  0.308298465233E-01  0.127734566574E-01
  0.313621360742E-01  0.131909735838E-01
  0.319035243721E-01  0.136215912379E-01
  0.324541669474E-01  0.140656958257E-01
  0.330142219890E-01  0.145236837391E-01
  0.335838503899E-01  0.149959617652E-01
  0.341632157934E-01  0.154829472960E-01
  0.347524846399E-01  0.159850685400E-01
  0.353518262149E-01  0.165027647344E-01
  0.359614126977E-01  0.170364863568E-01
  0.365814192106E-01  0.175866953391E-01
  0.372120238697E-01  0.181538652796E-01
  0.378534078352E-01  0.187384816565E-01
  0.385057553646E-01  0.193410420397E-01
  0.391692538645E-01  0.199620563023E-01
  0.398440939453E-01  0.206020468318E-01
  0.405304694755E-01  0.212615487381E-01
  0.412285776375E-01  0.219411100618E-01
  0.419386189841E-01  0.226412919788E-01
  0.426607974967E-01  0.233626690031E-01
  0.433953206431E-01  0.241058291865E-01
  0.441423994375E-01  0.248713743149E-01
  0.449022485013E-01  0.256599201009E-01
  0.456750861243E-01  0.264720963718E-01
  0.464611343280E-01  0.273085472528E-01
  0.472606189287E-01  0.281699313453E-01
  0.480737696029E-01  0.290569218987E-01
  0.489008199529E-01  0.299702069761E-01
  0.497420075745E-01  0.309104896123E-01
  0.505975741245E-01  0.318784879650E-01
  0.514677653907E-01  0.328749354566E-01
  0.523528313620E-01  0.339005809077E-01
  0.532530263010E-01  0.349561886597E-01
  0.541686088161E-01  0.360425386883E-01
  0.550998419365E-01  0.371604267040E-01
  0.560469931874E-01  0.383106642417E-01
  0.570103346672E-01  0.394940787363E-01
  0.579901431250E-01  0.407115135851E-01
  0.589867000411E-01  0.419638281947E-01
  0.600002917068E-01  0.432518980122E-01
  0.610312093074E-01  0.445766145404E-01
  0.620797490057E-01  0.459388853339E-01
  0.631462120267E-01  0.473396339771E-01
  0.642309047447E-01  0.487798000425E-01
  0.653341387710E-01  0.502603390270E-01
  0.664562310432E-01  0.517822222664E-01
  0.675975039168E-01  0.533464368272E-01
  0.687582852574E-01  0.549539853721E-01
  0.699389085350E-01  0.566058860011E-01
  0.711397129198E-01  0.583031720642E-01
  0.723610433798E-01  0.600468919465E-01
  0.736032507795E-01  0.618381088222E-01
  0.748666919810E-01  0.636779003785E-01
  0.761517299466E-01  0.655673585053E-01
  0.774587338427E-01  0.675075889516E-01
  0.787880791465E-01  0.694997109459E-01
  0.801401477529E-01  0.715448567788E-01
  0.815153280852E-01  0.736441713470E-01
  0.829140152060E-01  0.757988116570E-01
  0.843366109312E-01  0.780099462861E-01
  0.857835239449E-01  0.802787547998E-01
  0.872551699172E-01  0.826064271240E-01
  0.887519716236E-01  0.849941628697E-01
  0.902743590662E-01  0.874431706091E-01
  0.918227695974E-01  0.899546671004E-01
  0.933976480457E-01  0.925298764611E-01
  0.949994468432E-01  0.951700292867E-01
  0.966286261556E-01  0.978763617136E-01
  0.982856540146E-01  0.100650114424E+00
  0.999710064523E-01  0.103492531593E+00
  0.101685167638E+00  0.106404859772E+00
  0.103428630017E+00  0.109388346710E+00
  0.105201894451E+00  0.112444240114E+00
  0.107005470367E+00  0.115573786336E+00
  0.108839875896E+00  0.118778228998E+00
  0.110705638027E+00  0.122058807547E+00
  0.112603292758E+00  0.125416755733E+00
  0.114533385248E+00  0.128853300024E+00
  0.116496469976E+00  0.132369657936E+00
  0.118493110897E+00  0.135967036298E+00
  0.120523881608E+00  0.139646629431E+00
  0.122589365511E+00  0.143409617257E+00
  0.124690155978E+00  0.147257163319E+00
  0.126826856526E+00  0.151190412733E+00
  0.129000080988E+00  0.155210490052E+00
  0.131210453690E+00  0.159318497041E+00
  0.133458609628E+00  0.163515510390E+00
  0.135745194654E+00  0.167802579320E+00
  0.138070865660E+00  0.172180723127E+00
  0.140436290766E+00  0.176650928624E+00
  0.142842149513E+00  0.181214147521E+00
  0.145289133057E+00  0.185871293700E+00
  0.147777944370E+00  0.190623240429E+00
  0.150309298440E+00  0.195470817476E+00
  0.152883922474E+00  0.200414808161E+00
  0.155502556113E+00  0.205455946316E+00
  0.158165951639E+00  0.210594913175E+00
  0.160874874195E+00  0.215832334186E+00
  0.163630102002E+00  0.221168775759E+00
  0.166432426582E+00  0.226604741933E+00
  0.169282652990E+00  0.232140670985E+00
  0.172181600041E+00  0.237776931974E+00
  0.175130100546E+00  0.243513821229E+00
  0.178129001552E+00  0.249351558778E+00
  0.181179164585E+00  0.255290284734E+00
  0.184281465899E+00  0.261330055631E+00
  0.187436796724E+00  0.267470840727E+00
  0.190646063526E+00  0.273712518269E+00
  0.193910188265E+00  0.280054871740E+00
  0.197230108660E+00  0.286497586079E+00
  0.200606778462E+00  0.293040243899E+00
  0.204041167722E+00  0.299682321692E+00
  0.207534263072E+00  0.306423186048E+00
  0.211087068013E+00  0.313262089879E+00
  0.214700603196E+00  0.320198168676E+00
  0.218375906719E+00  0.327230436787E+00
  0.222114034428E+00  0.334357783742E+00
  0.225916060212E+00  0.341578970631E+00
  0.229783076321E+00  0.348892626538E+00
  0.233716193673E+00  0.356297245049E+00
  0.237716542178E+00  0.363791180844E+00
  0.241785271057E+00  0.371372646369E+00
  0.245923549178E+00  0.379039708626E+00
  0.250132565388E+00  0.386790286057E+00
  0.254413528856E+00  0.394622145561E+00
  0.258767669420E+00  0.402532899630E+00
  0.263196237940E+00  0.410520003632E+00
  0.267700506659E+00  0.418580753232E+00
  0.272281769565E+00  0.426712281970E+00
  0.276941342767E+00  0.434911559000E+00
  0.281680564869E+00  0.443175386996E+00
  0.286500797360E+00  0.451500400227E+00
  0.291403424997E+00  0.459883062815E+00
  0.296389856212E+00  0.468319667170E+00
  0.301461523510E+00  0.476806332616E+00
  0.306619883881E+00  0.485339004213E+00
  0.311866419224E+00  0.493913451759E+00
  0.317202636767E+00  0.502525269016E+00
  0.322630069502E+00  0.511169873120E+00
  0.328150276624E+00  0.519842504225E+00
  0.333764843983E+00  0.528538225352E+00
  0.339475384535E+00  0.537251922489E+00
  0.345283538809E+00  0.545978304917E+00
  0.351190975373E+00  0.554711905824E+00
  0.357199391322E+00  0.563447083175E+00
  0.363310512755E+00  0.572178020916E+00
  0.369526095281E+00  0.580898730478E+00
  0.375847924515E+00  0.589603052692E+00
  0.382277816597E+00  0.598284660047E+00
  0.388817618711E+00  0.606937059442E+00
  0.395469209615E+00  0.615553595367E+00
  0.402234500182E+00  0.624127453652E+00
  0.409115433950E+00  0.632651665725E+00
  0.416113987677E+00  0.641119113548E+00
  0.423232171914E+00  0.649522535124E+00
  0.430472031575E+00  0.657854530775E+00
  0.437835646533E+00  0.666107570068E+00
  0.445325132213E+00  0.674273999571E+00
  0.452942640197E+00  0.682346051325E+00
  0.460690358849E+00  0.690315852175E+00
  0.468570513939E+00  0.698175433855E+00
  0.476585369283E+00  0.705916743955E+00
  0.484737227393E+00  0.713531657618E+00
  0.493028430141E+00  0.721011990123E+00
  0.501461359428E+00  0.728349510153E+00
  0.510038437872E+00  0.735535953902E+00
  0.518762129502E+00  0.742563039808E+00
  0.527634940466E+00  0.749422484039E+00
  0.536659419750E+00  0.756106016519E+00
  0.545838159912E+00  0.762605397602E+00
  0.555173797828E+00  0.768912435172E+00
  0.564669015445E+00  0.775019002263E+00
  0.574326540555E+00  0.780917054982E+00
  0.584149147579E+00  0.786598650803E+00
  0.594139658362E+00  0.792055967018E+00
  0.604300942983E+00  0.797281319404E+00
  0.614635920584E+00  0.802267180909E+00
  0.625147560203E+00  0.807006200362E+00
  0.635838881632E+00  0.811491221069E+00
  0.646712956279E+00  0.815715299246E+00
  0.657772908056E+00  0.819671722195E+00
  0.669021914274E+00  0.823354026132E+00
  0.680463206553E+00  0.826756013616E+00
  0.692100071757E+00  0.829871770448E+00
  0.703935852930E+00  0.832695682035E+00
  0.715973950265E+00  0.835222449055E+00
  0.728217822073E+00  0.837447102462E+00
  0.740670985782E+00  0.839365017617E+00
  0.753337018944E+00  0.840971927669E+00
  0.766219560267E+00  0.842263935898E+00
  0.779322310655E+00  0.843237527224E+00
  0.792649034274E+00  0.843889578541E+00
  0.806203559634E+00  0.844217368155E+00
  0.819989780688E+00  0.844218583932E+00
  0.834011657951E+00  0.843891330506E+00
  0.848273219637E+00  0.843234135104E+00
  0.862778562816E+00  0.842245952424E+00
  0.877531854593E+00  0.840926168053E+00
  0.892537333304E+00  0.839274600955E+00
  0.907799309730E+00  0.837291504461E+00
  0.923322168344E+00  0.834977566363E+00
  0.939110368562E+00  0.832333907494E+00
  0.955168446029E+00  0.829362079481E+00
  0.971501013919E+00  0.826064060998E+00
  0.988112764263E+00  0.822442253272E+00
  0.100500846930E+01  0.818499474132E+00
  0.102219298283E+01  0.814238951413E+00
  0.103967124163E+01  0.809664314975E+00
  0.105744826688E+01  0.804779588190E+00
  0.107552916556E+01  0.799589178133E+00
  0.109391913198E+01  0.794097865369E+00
  0.111262344920E+01  0.788310792551E+00
  0.113164749062E+01  0.782233452755E+00
  0.115099672148E+01  0.775871674978E+00
  0.117067670044E+01  0.769231594864E+00
  0.119069308118E+01  0.762319653602E+00
  0.121105161400E+01  0.755142588466E+00
  0.123175814753E+01  0.747707418639E+00
  0.125281863036E+01  0.740021430873E+00
  0.127423911275E+01  0.732092164539E+00
  0.129602574838E+01  0.723927396893E+00
  0.131818479615E+01  0.715535127883E+00
  0.134072262192E+01  0.706923565259E+00
  0.136364570036E+01  0.698101109368E+00
  0.138696061684E+01  0.689076338319E+00
  0.141067406927E+01  0.679857992965E+00
  0.143479287008E+01  0.670454962302E+00
  0.145932394813E+01  0.660876268807E+00
  0.148427435072E+01  0.651131054221E+00
  0.150965124562E+01  0.641228565370E+00
  0.153546192313E+01  0.631178140434E+00
  0.156171379815E+01  0.620989195357E+00
  0.158841441233E+01  0.610671210674E+00
  0.161557143624E+01  0.600233718553E+00
  0.164319267158E+01  0.589686290222E+00
  0.167128605339E+01  0.579038523669E+00
  0.169985965236E+01  0.568300031672E+00
  0.172892167712E+01  0.557480430134E+00
  0.175848047663E+01  0.546589326694E+00
  0.178854454257E+01  0.535636309669E+00
  0.181912251176E+01  0.524630937184E+00
  0.185022316866E+01  0.513582726659E+00
  0.188185544788E+01  0.502501144397E+00
  0.191402843677E+01  0.491395595538E+00
  0.194675137801E+01  0.480275414027E+00
  0.198003367225E+01  0.469149852947E+00
  0.201388488087E+01  0.458028074787E+00
  0.204831472865E+01  0.446919142070E+00
  0.208333310664E+01  0.435832007841E+00
  0.211895007492E+01  0.424775506509E+00
  0.215517586556E+01  0.413758344488E+00
  0.219202088554E+01  0.402789091187E+00
  0.222949571972E+01  0.391876169748E+00
  0.226761113389E+01  0.381027848135E+00
  0.230637807786E+01  0.370252229945E+00
  0.234580768864E+01  0.359557245563E+00
  0.238591129359E+01  0.348950643037E+00
  0.242670041369E+01  0.338439979308E+00
  0.246818676688E+01  0.328032611166E+00
  0.251038227138E+01  0.317735686588E+00
  0.255329904913E+01  0.307556135826E+00
  0.259694942931E+01  0.297500662907E+00
  0.264134595182E+01  0.287575736938E+00
  0.268650137092E+01  0.277787583857E+00
  0.273242865889E+01  0.268142178066E+00
  0.277914100975E+01  0.258645234544E+00
  0.282665184305E+01  0.249302200937E+00
  0.287497480775E+01  0.240118250185E+00
  0.292412378608E+01  0.231098273210E+00
  0.297411289761E+01  0.222246872219E+00
  0.302495650323E+01  0.213568354165E+00
  0.307666920934E+01  0.205066724885E+00
  0.312926587198E+01  0.196745683516E+00
  0.318276160117E+01  0.188608617649E+00
  0.323717176519E+01  0.180658598867E+00
  0.329251199502E+01  0.172898379099E+00
  0.334879818885E+01  0.165330387455E+00
  0.340604651661E+01  0.157956727936E+00
  0.346427342464E+01  0.150779177726E+00
  0.352349564040E+01  0.143799186411E+00
  0.358373017729E+01  0.137017875866E+00
  0.364499433952E+01  0.130436041101E+00
  0.370730572710E+01  0.124054151852E+00
  0.377068224089E+01  0.117872355154E+00
  0.383514208773E+01  0.111890478706E+00
  0.390070378570E+01  0.106108035220E+00
  0.396738616939E+01  0.100524227597E+00
  0.403520839537E+01  0.951379550747E-01
  0.410418994764E+01  0.899478201951E-01
  0.417435064329E+01  0.849521367165E-01
  0.424571063811E+01  0.801489383219E-01
  0.431829043244E+01  0.755359882154E-01
  0.439211087707E+01  0.711107894665E-01
  0.446719317918E+01  0.668705961647E-01
  0.454355890845E+01  0.628124252511E-01
  0.462123000329E+01  0.589330690596E-01
  0.470022877710E+01  0.552291084429E-01
  0.478057792469E+01  0.516969264896E-01
  0.486230052882E+01  0.483327227129E-01
  0.494542006682E+01  0.451325276958E-01
  0.502996041732E+01  0.420922180800E-01
  0.511594586712E+01  0.392075318638E-01
  0.520340111819E+01  0.364740839033E-01
  0.529235129472E+01  0.338873815685E-01
  0.538282195038E+01  0.314428404535E-01
  0.547483907563E+01  0.291358000855E-01
  0.556842910522E+01  0.269615395356E-01
  0.566361892575E+01  0.249152928743E-01
  0.576043588341E+01  0.229922643804E-01
  0.585890779185E+01  0.211876434451E-01
  0.595906294013E+01  0.194966190908E-01
  0.606093010089E+01  0.179143940462E-01
  0.616453853860E+01  0.164361983095E-01
  0.626991801796E+01  0.150573021465E-01
  0.637709881244E+01  0.137730284650E-01
  0.648611171303E+01  0.125787645222E-01
  0.659698803701E+01  0.114699729184E-01
  0.670975963701E+01  0.104422018423E-01
  0.682445891012E+01  0.949109453526E-02
  0.694111880723E+01  0.861239795072E-02
  0.705977284247E+01  0.780197058909E-02
  0.718045510285E+01  0.705578949608E-02
  0.730320025805E+01  0.636995641752E-02
  0.742804357036E+01  0.574070311108E-02
  0.755502090487E+01  0.516439581969E-02
  0.768416873970E+01  0.463753891860E-02
  0.781552417653E+01  0.415677775241E-02
  0.794912495123E+01  0.371890068410E-02
  0.808500944471E+01  0.332084038237E-02
  0.822321669397E+01  0.295967437856E-02
  0.836378640327E+01  0.263262492758E-02
  0.850675895557E+01  0.233705821133E-02
  0.865217542412E+01  0.207048292575E-02
  0.880007758426E+01  0.183054829523E-02
  0.895050792540E+01  0.161504155998E-02
  0.910350966329E+01  0.142188498373E-02
  0.925912675235E+01  0.124913242964E-02
  0.941740389837E+01  0.109496555336E-02
  0.957838657131E+01  0.957689661817E-03
  0.974212101837E+01  0.835729286127E-03
  0.990865427729E+01  0.727623516177E-03
  0.100780341899E+02  0.632021143181E-03
  0.102503094156E+02  0.547675655032E-03
  0.104255294460E+02  0.473440127376E-03
  0.106037446182E+02  0.408262051177E-03
  0.107850061301E+02  0.351178135183E-03
  0.109693660545E+02  0.301309119068E-03
  0.111568773546E+02  0.257854630308E-03
  0.113475938986E+02  0.220088112813E-03
  0.115415704758E+02  0.187351841932E-03
  0.117388628119E+02  0.159052124330E-03
  0.119395275851E+02  0.134654580324E-03
  0.121436224425E+02  0.113679608741E-03
  0.123512060167E+02  0.956980345614E-04
  0.125623379424E+02  0.803269490847E-04
  0.127770788737E+02  0.672257521305E-04
  0.129954905016E+02  0.560924032107E-04
  0.132176355714E+02  0.466598861769E-04
  0.134435779011E+02  0.386928895683E-04
  0.136733823996E+02  0.319847027890E-04
  0.139071150853E+02  0.263543263276E-04
  0.141448431051E+02  0.216437925123E-04
  0.143866347536E+02  0.177156917625E-04
  0.146325594929E+02  0.144508979647E-04
  0.148826879724E+02  0.117464854490E-04
  0.151370920491E+02  0.951382907819E-05
  0.153958448085E+02  0.767687815479E-05
  0.156590205852E+02  0.617059420283E-05
  0.159266949846E+02  0.493954215652E-05
  0.161989449042E+02  0.393662406634E-05
  0.164758485562E+02  0.312194407723E-05
  0.167574854897E+02  0.246179309947E-05
  0.170439366135E+02  0.192774122270E-05
  0.173352842195E+02  0.149582543950E-05
  0.176316120062E+02  0.114581954429E-05
  0.179330051029E+02  0.860572011548E-06
  0.182395500940E+02  0.625396034732E-06
  0.185513350438E+02  0.427493438284E-06
  0.188684495222E+02  0.255390450901E-06
  0.191909846301E+02  0.983577529949E-07
  0.195190330255E+02  0.000000000000E+00
  0.198526889504E+02  0.000000000000E+00
  0.201920482577E+02  0.000000000000E+00
  0.205372084387E+02  0.000000000000E+00
  0.208882686513E+02  0.000000000000E+00
  0.212453297483E+02  0.000000000000E+00
  0.216084943064E+02  0.000000000000E+00
  0.219778666558E+02  0.000000000000E+00
  0.223535529101E+02  0.000000000000E+00
  0.227356609965E+02  0.000000000000E+00
  0.231243006874E+02  0.000000000000E+00
  0.235195836314E+02  0.000000000000E+00
  0.239216233857E+02  0.000000000000E+00
  0.243305354485E+02  0.000000000000E+00
  0.247464372923E+02  0.000000000000E+00
  0.251694483977E+02  0.000000000000E+00
  0.255996902876E+02  0.000000000000E+00
  0.260372865621E+02  0.000000000000E+00
  0.264823629342E+02  0.000000000000E+00
  0.269350472658E+02  0.000000000000E+00
  0.273954696042E+02  0.000000000000E+00
  0.278637622200E+02  0.000000000000E+00
  0.283400596445E+02  0.000000000000E+00
  0.288244987087E+02  0.000000000000E+00
  0.293172185826E+02  0.000000000000E+00
  0.298183608151E+02  0.000000000000E+00
  0.303280693747E+02  0.000000000000E+00
  0.308464906907E+02  0.000000000000E+00
  0.313737736956E+02  0.000000000000E+00
  0.319100698676E+02  0.000000000000E+00
  0.324555332743E+02  0.000000000000E+00
  0.330103206165E+02  0.000000000000E+00
  0.335745912742E+02  0.000000000000E+00
  0.341485073512E+02  0.000000000000E+00
  0.347322337226E+02  0.000000000000E+00
  0.353259380817E+02  0.000000000000E+00
  0.359297909882E+02  0.000000000000E+00
  0.365439659174E+02  0.000000000000E+00
  0.371686393098E+02  0.000000000000E+00
  0.378039906221E+02  0.000000000000E+00
  0.384502023784E+02  0.000000000000E+00
  0.391074602228E+02  0.000000000000E+00
  0.397759529727E+02  0.000000000000E+00
  0.404558726733E+02  0.000000000000E+00
  0.411474146522E+02  0.000000000000E+00
  0.418507775762E+02  0.000000000000E+00
  0.425661635077E+02  0.000000000000E+00
  0.432937779633E+02  0.000000000000E+00
  0.440338299725E+02  0.000000000000E+00
  0.447865321380E+02  0.000000000000E+00
  0.455521006966E+02  0.000000000000E+00
  0.463307555812E+02  0.000000000000E+00
  0.471227204844E+02  0.000000000000E+00
  0.479282229223E+02  0.000000000000E+00
  0.487474943003E+02  0.000000000000E+00
  0.495807699790E+02  0.000000000000E+00
  0.504282893426E+02  0.000000000000E+00
  0.512902958668E+02  0.000000000000E+00
  0.521670371896E+02  0.000000000000E+00
  0.530587651817E+02  0.000000000000E+00
  0.539657360193E+02  0.000000000000E+00
  0.548882102576E+02  0.000000000000E+00
  0.558264529055E+02  0.000000000000E+00
  0.567807335021E+02  0.000000000000E+00
  0.577513261938E+02  0.000000000000E+00
  0.587385098129E+02  0.000000000000E+00
  0.597425679582E+02  0.000000000000E+00
  0.607637890763E+02  0.000000000000E+00
  0.618024665441E+02  0.000000000000E+00
  0.628588987537E+02  0.000000000000E+00
  0.639333891975E+02  0.000000000000E+00
  0.650262465558E+02  0.000000000000E+00
  0.661377847856E+02  0.000000000000E+00
  0.672683232100E+02  0.000000000000E+00
  0.684181866111E+02  0.000000000000E+00
  0.695877053222E+02  0.000000000000E+00
  0.707772153235E+02  0.000000000000E+00
  0.719870583381E+02  0.000000000000E+00
  0.732175819307E+02  0.000000000000E+00
  0.744691396067E+02  0.000000000000E+00
  0.757420909145E+02  0.000000000000E+00
  0.770368015483E+02  0.000000000000E+00
  0.783536434535E+02  0.000000000000E+00
  0.796929949333E+02  0.000000000000E+00
  0.810552407574E+02  0.000000000000E+00
  davegp - end printing all-electron states

 subroutine lderiv: pass   1

 leaving lderiv
