========================================================================
pseudopotential program version  7.3.6   date: 27 -  1 -   15
========================================================================

 ifae =   1    ifpsp =   0    ifprt =   0    ifplw =   0    ilogd =   3
 rlogd=   1.80000     emin=  -2.40000     emax=   1.60000     nnt=   40
 thresh, tol =   1.000E-10   1.000E-09    damp = 0.400    maxit = 250

          *************************************************************
          sodium                    ceperley-alder exchange-correlation
          *************************************************************

 z = 12.00    xion = 0.00    exfact =   0.00000    irel=   2
 ncspvs =    4
 rmax = 150.00000    aasf =  13.00000    bbsf =  40.00000

 value of mesh generated in rinit is   821
 irel = 2 so all electron calculations use koelling-harmon equations


                         the system has converged with
                                 delta= 0.7451121D-09


                             the eigenvalues are


          orbital          occupation          energy
           100                   2.00             -92.12539
           200                   2.00              -5.82730
           210                   6.00              -3.43345
           300                   2.00              -0.35187
 etot=   -398.90730 ryd ;      -5427.13370 ev            ebsr,ehar,emvxc=   -217.20983    191.62026      9.92278

 subroutine lderiv: pass   1

 leaving lderiv
