========================================================================
pseudopotential program version  7.3.6   date:  2 -  9 -   15
========================================================================

 ifae =   1    ifpsp =   0    ifprt =   0    ifplw =   0    ilogd =   3
 rlogd=   1.50000     emin=  -2.40000     emax=   1.60000     nnt=   80
 thresh, tol =   1.000E-11   1.000E-09    damp = 0.500    maxit = 250
 z, xion, exfact    8.000000000000000         1.000000000000000      
    0.000000000000000     

          *************************************************************
           O                        ceperley-alder exchange-correlation
          *************************************************************

 z =  8.00    xion = 1.00    exfact =   0.00000    irel=   0
 ncspvs =    3
 rmax =  80.00000    aasf =   6.00000    bbsf =  59.00000

 value of mesh generated in rinit is   737
 irel = 0 so all electron calculations use schroedinger equations


                         the system has converged with
                                 delta= 0.9313283D-09


                             the eigenvalues are


          orbital          occupation          energy
           100                   1.00             -43.42789
           200                   2.00              -3.18470
           210                   4.00              -2.13455
 etot=   -108.49425 ryd ;      -1476.06428 ev            ebsr,ehar,emvxc=    -58.33548     53.86714      3.70836
  davegp - begin printing all-electron states
            3
          737            0          100
  0.000000000000E+00  0.000000000000E+00
  0.529635113499E-05  0.233615584596E-03
  0.106832360010E-04  0.471223959409E-03
  0.161622021457E-04  0.712892806259E-03
  0.217348235702E-04  0.958690930006E-03
  0.274027011807E-04  0.120868827785E-02
  0.331674632488E-04  0.146295595770E-02
  0.390307658791E-04  0.172156625675E-02
  0.449942934849E-04  0.198459266052E-02
  0.510597592724E-04  0.225210987199E-02
  0.572289057325E-04  0.252419383120E-02
  0.635035051415E-04  0.280092173508E-02
  0.698853600706E-04  0.308237205765E-02
  0.763763039030E-04  0.336862457046E-02
  0.829782013614E-04  0.365976036345E-02
  0.896929490432E-04  0.395586186610E-02
  0.965224759654E-04  0.425701286888E-02
  0.103468744119E-03  0.456329854512E-02
  0.110533749032E-03  0.487480547317E-02
  0.117719520345E-03  0.519162165895E-02
  0.125028122389E-03  0.551383655884E-02
  0.132461654785E-03  0.584154110291E-02
  0.140022253043E-03  0.617482771863E-02
  0.147712089177E-03  0.651379035479E-02
  0.155533372328E-03  0.685852450594E-02
  0.163488349398E-03  0.720912723718E-02
  0.171579305700E-03  0.756569720931E-02
  0.179808565607E-03  0.792833470441E-02
  0.188178493228E-03  0.829714165185E-02
  0.196691493080E-03  0.867222165462E-02
  0.205350010784E-03  0.905368001621E-02
  0.214156533764E-03  0.944162376777E-02
  0.223113591964E-03  0.983616169583E-02
  0.232223758573E-03  0.102374043703E-01
  0.241489650766E-03  0.106454641732E-01
  0.250913930455E-03  0.110604553273E-01
  0.260499305052E-03  0.114824939258E-01
  0.270248528251E-03  0.119116979622E-01
  0.280164400814E-03  0.123481873603E-01
  0.290249771379E-03  0.127920840054E-01
  0.300507537280E-03  0.132435117754E-01
  0.310940645372E-03  0.137025965725E-01
  0.321552092887E-03  0.141694663551E-01
  0.332344928287E-03  0.146442511712E-01
  0.343322252146E-03  0.151270831908E-01
  0.354487218036E-03  0.156180967399E-01
  0.365843033437E-03  0.161174283348E-01
  0.377392960653E-03  0.166252167161E-01
  0.389140317755E-03  0.171416028846E-01
  0.401088479533E-03  0.176667301363E-01
  0.413240878461E-03  0.182007440987E-01
  0.425601005689E-03  0.187437927676E-01
  0.438172412041E-03  0.192960265440E-01
  0.450958709041E-03  0.198575982717E-01
  0.463963569943E-03  0.204286632756E-01
  0.477190730792E-03  0.210093794001E-01
  0.490643991496E-03  0.215999070487E-01
  0.504327216916E-03  0.222004092230E-01
  0.518244337978E-03  0.228110515636E-01
  0.532399352802E-03  0.234320023902E-01
  0.546796327850E-03  0.240634327431E-01
  0.561439399093E-03  0.247055164249E-01
  0.576332773203E-03  0.253584300427E-01
  0.591480728758E-03  0.260223530509E-01
  0.606887617473E-03  0.266974677943E-01
  0.622557865448E-03  0.273839595523E-01
  0.638495974442E-03  0.280820165827E-01
  0.654706523167E-03  0.287918301668E-01
  0.671194168598E-03  0.295135946549E-01
  0.687963647318E-03  0.302475075119E-01
  0.705019776872E-03  0.309937693635E-01
  0.722367457158E-03  0.317525840436E-01
  0.740011671827E-03  0.325241586413E-01
  0.757957489721E-03  0.333087035491E-01
  0.776210066327E-03  0.341064325111E-01
  0.794774645257E-03  0.349175626720E-01
  0.813656559754E-03  0.357423146265E-01
  0.832861234228E-03  0.365809124695E-01
  0.852394185810E-03  0.374335838463E-01
  0.872261025938E-03  0.383005600039E-01
  0.892467461973E-03  0.391820758419E-01
  0.913019298830E-03  0.400783699651E-01
  0.933922440657E-03  0.409896847358E-01
  0.955182892520E-03  0.419162663265E-01
  0.976806762136E-03  0.428583647738E-01
  0.998800261625E-03  0.438162340320E-01
  0.102116970929E-02  0.447901320280E-01
  0.104392153145E-02  0.457803207158E-01
  0.106706226425E-02  0.467870661321E-01
  0.109059855559E-02  0.478106384526E-01
  0.111453716698E-02  0.488513120477E-01
  0.113888497552E-02  0.499093655398E-01
  0.116364897587E-02  0.509850818607E-01
  0.118883628224E-02  0.520787483091E-01
  0.121445413047E-02  0.531906566089E-01
  0.124050988005E-02  0.543211029682E-01
  0.126701101631E-02  0.554703881381E-01
  0.129396515252E-02  0.566388174721E-01
  0.132138003206E-02  0.578267009866E-01
  0.134926353070E-02  0.590343534209E-01
  0.137762365885E-02  0.602620942980E-01
  0.140646856380E-02  0.615102479859E-01
  0.143580653215E-02  0.627791437591E-01
  0.146564599212E-02  0.640691158602E-01
  0.149599551601E-02  0.653805035627E-01
  0.152686382266E-02  0.667136512331E-01
  0.155825977993E-02  0.680689083940E-01
  0.159019240728E-02  0.694466297871E-01
  0.162267087832E-02  0.708471754368E-01
  0.165570452350E-02  0.722709107138E-01
  0.168930283274E-02  0.737182063992E-01
  0.172347545819E-02  0.751894387482E-01
  0.175823221697E-02  0.766849895548E-01
  0.179358309404E-02  0.782052462163E-01
  0.182953824502E-02  0.797506017974E-01
  0.186610799913E-02  0.813214550954E-01
  0.190330286214E-02  0.829182107047E-01
  0.194113351943E-02  0.845412790815E-01
  0.197961083901E-02  0.861910766088E-01
  0.201874587466E-02  0.878680256609E-01
  0.205854986914E-02  0.895725546683E-01
  0.209903425735E-02  0.913050981818E-01
  0.214021066967E-02  0.930660969375E-01
  0.218209093530E-02  0.948559979205E-01
  0.222468708561E-02  0.966752544289E-01
  0.226801135767E-02  0.985243261375E-01
  0.231207619770E-02  0.100403679161E+00
  0.235689426467E-02  0.102313786118E+00
  0.240247843395E-02  0.104255126190E+00
  0.244884180098E-02  0.106228185188E+00
  0.249599768506E-02  0.108233455610E+00
  0.254395963318E-02  0.110271436705E+00
  0.259274142386E-02  0.112342634530E+00
  0.264235707117E-02  0.114447562010E+00
  0.269282082872E-02  0.116586739000E+00
  0.274414719379E-02  0.118760692335E+00
  0.279635091143E-02  0.120969955895E+00
  0.284944697877E-02  0.123215070654E+00
  0.290345064928E-02  0.125496584739E+00
  0.295837743717E-02  0.127815053481E+00
  0.301424312185E-02  0.130171039465E+00
  0.307106375243E-02  0.132565112583E+00
  0.312885565239E-02  0.134997850085E+00
  0.318763542423E-02  0.137469836621E+00
  0.324741995424E-02  0.139981664289E+00
  0.330822641735E-02  0.142533932681E+00
  0.337007228208E-02  0.145127248923E+00
  0.343297531556E-02  0.147762227715E+00
  0.349695358861E-02  0.150439491367E+00
  0.356202548094E-02  0.153159669840E+00
  0.362820968646E-02  0.155923400773E+00
  0.369552521861E-02  0.158731329518E+00
  0.376399141583E-02  0.161584109164E+00
  0.383362794714E-02  0.164482400568E+00
  0.390445481777E-02  0.167426872370E+00
  0.397649237491E-02  0.170418201020E+00
  0.404976131354E-02  0.173457070787E+00
  0.412428268243E-02  0.176544173775E+00
  0.420007789012E-02  0.179680209933E+00
  0.427716871110E-02  0.182865887057E+00
  0.435557729208E-02  0.186101920794E+00
  0.443532615832E-02  0.189389034639E+00
  0.451643822013E-02  0.192727959925E+00
  0.459893677943E-02  0.196119435818E+00
  0.468284553647E-02  0.199564209292E+00
  0.476818859661E-02  0.203063035116E+00
  0.485499047726E-02  0.206616675822E+00
  0.494327611491E-02  0.210225901676E+00
  0.503307087233E-02  0.213891490644E+00
  0.512440054580E-02  0.217614228342E+00
  0.521729137258E-02  0.221394907992E+00
  0.531177003841E-02  0.225234330367E+00
  0.540786368517E-02  0.229133303728E+00
  0.550559991872E-02  0.233092643754E+00
  0.560500681678E-02  0.237113173469E+00
  0.570611293702E-02  0.241195723159E+00
  0.580894732528E-02  0.245341130279E+00
  0.591353952390E-02  0.249550239356E+00
  0.601991958018E-02  0.253823901883E+00
  0.612811805506E-02  0.258162976202E+00
  0.623816603186E-02  0.262568327381E+00
  0.635009512524E-02  0.267040827078E+00
  0.646393749026E-02  0.271581353402E+00
  0.657972583163E-02  0.276190790757E+00
  0.669749341310E-02  0.280870029680E+00
  0.681727406702E-02  0.285619966665E+00
  0.693910220405E-02  0.290441503981E+00
  0.706301282306E-02  0.295335549473E+00
  0.718904152117E-02  0.300303016355E+00
  0.731722450399E-02  0.305344822991E+00
  0.744759859600E-02  0.310461892658E+00
  0.758020125116E-02  0.315655153303E+00
  0.771507056366E-02  0.320925537282E+00
  0.785224527882E-02  0.326273981086E+00
  0.799176480430E-02  0.331701425052E+00
  0.813366922135E-02  0.337208813063E+00
  0.827799929636E-02  0.342797092227E+00
  0.842479649258E-02  0.348467212541E+00
  0.857410298199E-02  0.354220126543E+00
  0.872596165747E-02  0.360056788942E+00
  0.888041614507E-02  0.365978156236E+00
  0.903751081658E-02  0.371985186304E+00
  0.919729080225E-02  0.378078837987E+00
  0.935980200378E-02  0.384260070646E+00
  0.952509110751E-02  0.390529843702E+00
  0.969320559778E-02  0.396889116156E+00
  0.986419377064E-02  0.403338846084E+00
  0.100381047477E-01  0.409879990117E+00
  0.102149884902E-01  0.416513502891E+00
  0.103948958134E-01  0.423240336488E+00
  0.105778784012E-01  0.430061439832E+00
  0.107639888209E-01  0.436977758086E+00
  0.109532805386E-01  0.443990232002E+00
  0.111458079340E-01  0.451099797262E+00
  0.113416263165E-01  0.458307383784E+00
  0.115407919410E-01  0.465613915005E+00
  0.117433620239E-01  0.473020307133E+00
  0.119493947596E-01  0.480527468380E+00
  0.121589493374E-01  0.488136298153E+00
  0.123720859583E-01  0.495847686225E+00
  0.125888658522E-01  0.503662511876E+00
  0.128093512959E-01  0.511581642998E+00
  0.130336056306E-01  0.519605935170E+00
  0.132616932801E-01  0.527736230705E+00
  0.134936797696E-01  0.535973357656E+00
  0.137296317445E-01  0.544318128799E+00
  0.139696169890E-01  0.552771340569E+00
  0.142137044464E-01  0.561333771973E+00
  0.144619642382E-01  0.570006183457E+00
  0.147144676847E-01  0.578789315742E+00
  0.149712873252E-01  0.587683888622E+00
  0.152324969390E-01  0.596690599725E+00
  0.154981715666E-01  0.605810123227E+00
  0.157683875312E-01  0.615043108542E+00
  0.160432224606E-01  0.624390178954E+00
  0.163227553096E-01  0.633851930224E+00
  0.166070663825E-01  0.643428929144E+00
  0.168962373564E-01  0.653121712057E+00
  0.171903513045E-01  0.662930783326E+00
  0.174894927201E-01  0.672856613770E+00
  0.177937475407E-01  0.682899639047E+00
  0.181032031729E-01  0.693060257994E+00
  0.184179485172E-01  0.703338830929E+00
  0.187380739939E-01  0.713735677900E+00
  0.190636715688E-01  0.724251076889E+00
  0.193948347799E-01  0.734885261973E+00
  0.197316587639E-01  0.745638421437E+00
  0.200742402838E-01  0.756510695835E+00
  0.204226777567E-01  0.767502176016E+00
  0.207770712820E-01  0.778612901084E+00
  0.211375226699E-01  0.789842856330E+00
  0.215041354713E-01  0.801191971100E+00
  0.218770150068E-01  0.812660116623E+00
  0.222562683976E-01  0.824247103792E+00
  0.226420045959E-01  0.835952680891E+00
  0.230343344161E-01  0.847776531278E+00
  0.234333705670E-01  0.859718271023E+00
  0.238392276841E-01  0.871777446494E+00
  0.242520223621E-01  0.883953531894E+00
  0.246718731891E-01  0.896245926763E+00
  0.250989007800E-01  0.908653953421E+00
  0.255332278116E-01  0.921176854371E+00
  0.259749790577E-01  0.933813789663E+00
  0.264242814248E-01  0.946563834206E+00
  0.268812639888E-01  0.959425975042E+00
  0.273460580319E-01  0.972399108580E+00
  0.278187970806E-01  0.985482037785E+00
  0.282996169435E-01  0.998673469338E+00
  0.287886557510E-01  0.101197201075E+01
  0.292860539943E-01  0.102537616744E+01
  0.297919545665E-01  0.103888433979E+01
  0.303065028029E-01  0.105249482018E+01
  0.308298465233E-01  0.106620578993E+01
  0.313621360742E-01  0.108001531632E+01
  0.319035243721E-01  0.109392134951E+01
  0.324541669474E-01  0.110792171944E+01
  0.330142219890E-01  0.112201413274E+01
  0.335838503899E-01  0.113619616966E+01
  0.341632157934E-01  0.115046528089E+01
  0.347524846399E-01  0.116481878447E+01
  0.353518262149E-01  0.117925386264E+01
  0.359614126977E-01  0.119376755872E+01
  0.365814192106E-01  0.120835677396E+01
  0.372120238697E-01  0.122301826448E+01
  0.378534078352E-01  0.123774863813E+01
  0.385057553646E-01  0.125254435141E+01
  0.391692538645E-01  0.126740170645E+01
  0.398440939453E-01  0.128231684797E+01
  0.405304694755E-01  0.129728576033E+01
  0.412285776375E-01  0.131230426457E+01
  0.419386189841E-01  0.132736801553E+01
  0.426607974967E-01  0.134247249906E+01
  0.433953206431E-01  0.135761302925E+01
  0.441423994375E-01  0.137278474574E+01
  0.449022485013E-01  0.138798261116E+01
  0.456750861243E-01  0.140320140859E+01
  0.464611343280E-01  0.141843573919E+01
  0.472606189287E-01  0.143368001990E+01
  0.480737696029E-01  0.144892848126E+01
  0.489008199529E-01  0.146417516540E+01
  0.497420075745E-01  0.147941392409E+01
  0.505975741245E-01  0.149463841703E+01
  0.514677653907E-01  0.150984211024E+01
  0.523528313620E-01  0.152501827468E+01
  0.532530263010E-01  0.154015998496E+01
  0.541686088161E-01  0.155526011836E+01
  0.550998419365E-01  0.157031135398E+01
  0.560469931874E-01  0.158530617216E+01
  0.570103346672E-01  0.160023685410E+01
  0.579901431250E-01  0.161509548171E+01
  0.589867000411E-01  0.162987393784E+01
  0.600002917068E-01  0.164456390661E+01
  0.610312093074E-01  0.165915687419E+01
  0.620797490057E-01  0.167364412976E+01
  0.631462120267E-01  0.168801676691E+01
  0.642309047447E-01  0.170226568524E+01
  0.653341387710E-01  0.171638159245E+01
  0.664562310432E-01  0.173035500667E+01
  0.675975039168E-01  0.174417625927E+01
  0.687582852574E-01  0.175783549799E+01
  0.699389085350E-01  0.177132269052E+01
  0.711397129198E-01  0.178462762850E+01
  0.723610433798E-01  0.179773993198E+01
  0.736032507795E-01  0.181064905428E+01
  0.748666919810E-01  0.182334428740E+01
  0.761517299466E-01  0.183581476783E+01
  0.774587338427E-01  0.184804948298E+01
  0.787880791465E-01  0.186003727798E+01
  0.801401477529E-01  0.187176686313E+01
  0.815153280852E-01  0.188322682186E+01
  0.829140152060E-01  0.189440561922E+01
  0.843366109312E-01  0.190529161094E+01
  0.857835239449E-01  0.191587305316E+01
  0.872551699172E-01  0.192613811260E+01
  0.887519716236E-01  0.193607487751E+01
  0.902743590662E-01  0.194567136907E+01
  0.918227695974E-01  0.195491555352E+01
  0.933976480457E-01  0.196379535489E+01
  0.949994468432E-01  0.197229866836E+01
  0.966286261556E-01  0.198041337428E+01
  0.982856540146E-01  0.198812735277E+01
  0.999710064523E-01  0.199542849909E+01
  0.101685167638E+00  0.200230473954E+01
  0.103428630017E+00  0.200874404806E+01
  0.105201894451E+00  0.201473446349E+01
  0.107005470367E+00  0.202026410745E+01
  0.108839875896E+00  0.202532120282E+01
  0.110705638027E+00  0.202989409293E+01
  0.112603292758E+00  0.203397126127E+01
  0.114533385248E+00  0.203754135185E+01
  0.116496469976E+00  0.204059319019E+01
  0.118493110897E+00  0.204311580473E+01
  0.120523881608E+00  0.204509844895E+01
  0.122589365511E+00  0.204653062394E+01
  0.124690155978E+00  0.204740210139E+01
  0.126826856526E+00  0.204770294720E+01
  0.129000080988E+00  0.204742354537E+01
  0.131210453690E+00  0.204655462241E+01
  0.133458609628E+00  0.204508727197E+01
  0.135745194654E+00  0.204301297989E+01
  0.138070865660E+00  0.204032364949E+01
  0.140436290766E+00  0.203701162702E+01
  0.142842149513E+00  0.203306972733E+01
  0.145289133057E+00  0.202849125961E+01
  0.147777944370E+00  0.202327005316E+01
  0.150309298440E+00  0.201740048319E+01
  0.152883922474E+00  0.201087749645E+01
  0.155502556113E+00  0.200369663673E+01
  0.158165951639E+00  0.199585407015E+01
  0.160874874195E+00  0.198734661003E+01
  0.163630102002E+00  0.197817174149E+01
  0.166432426582E+00  0.196832764542E+01
  0.169282652990E+00  0.195781322195E+01
  0.172181600041E+00  0.194662811321E+01
  0.175130100546E+00  0.193477272533E+01
  0.178129001552E+00  0.192224824955E+01
  0.181179164585E+00  0.190905668239E+01
  0.184281465899E+00  0.189520084467E+01
  0.187436796724E+00  0.188068439942E+01
  0.190646063526E+00  0.186551186846E+01
  0.193910188265E+00  0.184968864757E+01
  0.197230108660E+00  0.183322102016E+01
  0.200606778462E+00  0.181611616934E+01
  0.204041167722E+00  0.179838218821E+01
  0.207534263072E+00  0.178002808837E+01
  0.211087068013E+00  0.176106380641E+01
  0.214700603196E+00  0.174150020844E+01
  0.218375906719E+00  0.172134909235E+01
  0.222114034428E+00  0.170062318797E+01
  0.225916060212E+00  0.167933615474E+01
  0.229783076321E+00  0.165750257702E+01
  0.233716193673E+00  0.163513795689E+01
  0.237716542178E+00  0.161225870434E+01
  0.241785271057E+00  0.158888212477E+01
  0.245923549178E+00  0.156502640386E+01
  0.250132565388E+00  0.154071058959E+01
  0.254413528856E+00  0.151595457150E+01
  0.258767669420E+00  0.149077905716E+01
  0.263196237940E+00  0.146520554568E+01
  0.267700506659E+00  0.143925629851E+01
  0.272281769565E+00  0.141295430734E+01
  0.276941342767E+00  0.138632325919E+01
  0.281680564869E+00  0.135938749880E+01
  0.286500797360E+00  0.133217198822E+01
  0.291403424997E+00  0.130470226383E+01
  0.296389856212E+00  0.127700439081E+01
  0.301461523510E+00  0.124910491505E+01
  0.306619883881E+00  0.122103081286E+01
  0.311866419224E+00  0.119280943834E+01
  0.317202636767E+00  0.116446846872E+01
  0.322630069502E+00  0.113603584769E+01
  0.328150276624E+00  0.110753972705E+01
  0.333764843983E+00  0.107900840664E+01
  0.339475384535E+00  0.105047027291E+01
  0.345283538809E+00  0.102195373614E+01
  0.351190975373E+00  0.993487166705E+00
  0.357199391322E+00  0.965098830406E+00
  0.363310512755E+00  0.936816823184E+00
  0.369526095281E+00  0.908669005364E+00
  0.375847924515E+00  0.880682935742E+00
  0.382277816597E+00  0.852885805618E+00
  0.388817618711E+00  0.825304373151E+00
  0.395469209615E+00  0.797964898140E+00
  0.402234500182E+00  0.770893077609E+00
  0.409115433950E+00  0.744113982324E+00
  0.416113987677E+00  0.717651994619E+00
  0.423232171914E+00  0.691530747674E+00
  0.430472031575E+00  0.665773066632E+00
  0.437835646533E+00  0.640400911690E+00
  0.445325132213E+00  0.615435323558E+00
  0.452942640197E+00  0.590896371436E+00
  0.460690358849E+00  0.566803103869E+00
  0.468570513939E+00  0.543173502647E+00
  0.476585369283E+00  0.520024440081E+00
  0.484737227393E+00  0.497371639817E+00
  0.493028430141E+00  0.475229641495E+00
  0.501461359428E+00  0.453611769391E+00
  0.510038437872E+00  0.432530105300E+00
  0.518762129502E+00  0.411995465809E+00
  0.527634940466E+00  0.392017384128E+00
  0.536659419750E+00  0.372604096620E+00
  0.545838159912E+00  0.353762534140E+00
  0.555173797828E+00  0.335498318269E+00
  0.564669015445E+00  0.317815762507E+00
  0.574326540555E+00  0.300717878453E+00
  0.584149147579E+00  0.284206386971E+00
  0.594139658362E+00  0.268281734325E+00
  0.604300942983E+00  0.252943113183E+00
  0.614635920584E+00  0.238188488462E+00
  0.625147560203E+00  0.224014627808E+00
  0.635838881632E+00  0.210417136630E+00
  0.646712956279E+00  0.197390497436E+00
  0.657772908056E+00  0.184928113308E+00
  0.669021914274E+00  0.173022355215E+00
  0.680463206553E+00  0.161664612947E+00
  0.692100071757E+00  0.150845349317E+00
  0.703935852930E+00  0.140554157355E+00
  0.715973950265E+00  0.130779820111E+00
  0.728217822073E+00  0.121510372755E+00
  0.740670985782E+00  0.112733166542E+00
  0.753337018944E+00  0.104434934313E+00
  0.766219560267E+00  0.966018570870E-01
  0.779322310655E+00  0.892196313944E-01
  0.792649034274E+00  0.822735368919E-01
  0.806203559634E+00  0.757485039273E-01
  0.819989780688E+00  0.696291805894E-01
  0.834011657951E+00  0.638999989276E-01
  0.848273219637E+00  0.585452399019E-01
  0.862778562816E+00  0.535490967683E-01
  0.877531854593E+00  0.488957365022E-01
  0.892537333304E+00  0.445693589971E-01
  0.907799309730E+00  0.405542536920E-01
  0.923322168344E+00  0.368348534108E-01
  0.939110368562E+00  0.333957851254E-01
  0.955168446029E+00  0.302219174786E-01
  0.971501013919E+00  0.272984048461E-01
  0.988112764263E+00  0.246107278301E-01
  0.100500846930E+01  0.221447300363E-01
  0.102219298283E+01  0.198866510853E-01
  0.103967124163E+01  0.178231557823E-01
  0.105744826688E+01  0.159413594561E-01
  0.107552916556E+01  0.142288494616E-01
  0.109391913198E+01  0.126737029118E-01
  0.111262344920E+01  0.112645006984E-01
  0.113164749062E+01  0.999033791968E-02
  0.115099672148E+01  0.884083080187E-02
  0.117067670044E+01  0.780612008593E-02
  0.119069308118E+01  0.687687179939E-02
  0.121105161400E+01  0.604427480916E-02
  0.123175814753E+01  0.530003557371E-02
  0.125281863036E+01  0.463637035740E-02
  0.127423911275E+01  0.404599512922E-02
  0.129602574838E+01  0.352211338226E-02
  0.131818479615E+01  0.305840210750E-02
  0.134072262192E+01  0.264899616182E-02
  0.136364570036E+01  0.228847126489E-02
  0.138696061684E+01  0.197182585866E-02
  0.141067406927E+01  0.169446205509E-02
  0.143479287008E+01  0.145216589101E-02
  0.145932394813E+01  0.124108709844E-02
  0.148427435072E+01  0.105771858706E-02
  0.150965124562E+01  0.898875823376E-03
  0.153546192313E+01  0.761676276018E-03
  0.156171379815E+01  0.643519082944E-03
  0.158841441233E+01  0.542065079748E-03
  0.161557143624E+01  0.455217313439E-03
  0.164319267158E+01  0.381102149159E-03
  0.167128605339E+01  0.318051062348E-03
  0.169985965236E+01  0.264583192415E-03
  0.172892167712E+01  0.219388719690E-03
  0.175848047663E+01  0.181313112242E-03
  0.178854454257E+01  0.149342276177E-03
  0.181912251176E+01  0.122588629629E-03
  0.185022316866E+01  0.100278109533E-03
  0.188185544788E+01  0.817381090236E-04
  0.191402843677E+01  0.663863342739E-04
  0.194675137801E+01  0.537205607520E-04
  0.198003367225E+01  0.433092619941E-04
  0.201388488087E+01  0.347830775779E-04
  0.204831472865E+01  0.278270822106E-04
  0.208333310664E+01  0.221738136547E-04
  0.211895007492E+01  0.175970143705E-04
  0.215517586556E+01  0.139060394628E-04
  0.219202088554E+01  0.109408822607E-04
  0.222949571972E+01  0.856776802389E-05
  0.226761113389E+01  0.667526610569E-05
  0.230637807786E+01  0.517087092647E-05
  0.234580768864E+01  0.397800235809E-05
  0.238591129359E+01  0.303337613992E-05
  0.242670041369E+01  0.228469455237E-05
  0.246818676688E+01  0.168860619722E-05
  0.251038227138E+01  0.120888084155E-05
  0.255329904913E+01  0.814739917164E-06
  0.259694942931E+01  0.479274196366E-06
  0.264134595182E+01  0.177865447961E-06
  0.268650137092E+01  0.000000000000E+00
  0.273242865889E+01  0.000000000000E+00
  0.277914100975E+01  0.000000000000E+00
  0.282665184305E+01  0.000000000000E+00
  0.287497480775E+01  0.000000000000E+00
  0.292412378608E+01  0.000000000000E+00
  0.297411289761E+01  0.000000000000E+00
  0.302495650323E+01  0.000000000000E+00
  0.307666920934E+01  0.000000000000E+00
  0.312926587198E+01  0.000000000000E+00
  0.318276160117E+01  0.000000000000E+00
  0.323717176519E+01  0.000000000000E+00
  0.329251199502E+01  0.000000000000E+00
  0.334879818885E+01  0.000000000000E+00
  0.340604651661E+01  0.000000000000E+00
  0.346427342464E+01  0.000000000000E+00
  0.352349564040E+01  0.000000000000E+00
  0.358373017729E+01  0.000000000000E+00
  0.364499433952E+01  0.000000000000E+00
  0.370730572710E+01  0.000000000000E+00
  0.377068224089E+01  0.000000000000E+00
  0.383514208773E+01  0.000000000000E+00
  0.390070378570E+01  0.000000000000E+00
  0.396738616939E+01  0.000000000000E+00
  0.403520839537E+01  0.000000000000E+00
  0.410418994764E+01  0.000000000000E+00
  0.417435064329E+01  0.000000000000E+00
  0.424571063811E+01  0.000000000000E+00
  0.431829043244E+01  0.000000000000E+00
  0.439211087707E+01  0.000000000000E+00
  0.446719317918E+01  0.000000000000E+00
  0.454355890845E+01  0.000000000000E+00
  0.462123000329E+01  0.000000000000E+00
  0.470022877710E+01  0.000000000000E+00
  0.478057792469E+01  0.000000000000E+00
  0.486230052882E+01  0.000000000000E+00
  0.494542006682E+01  0.000000000000E+00
  0.502996041732E+01  0.000000000000E+00
  0.511594586712E+01  0.000000000000E+00
  0.520340111819E+01  0.000000000000E+00
  0.529235129472E+01  0.000000000000E+00
  0.538282195038E+01  0.000000000000E+00
  0.547483907563E+01  0.000000000000E+00
  0.556842910522E+01  0.000000000000E+00
  0.566361892575E+01  0.000000000000E+00
  0.576043588341E+01  0.000000000000E+00
  0.585890779185E+01  0.000000000000E+00
  0.595906294013E+01  0.000000000000E+00
  0.606093010089E+01  0.000000000000E+00
  0.616453853860E+01  0.000000000000E+00
  0.626991801796E+01  0.000000000000E+00
  0.637709881244E+01  0.000000000000E+00
  0.648611171303E+01  0.000000000000E+00
  0.659698803701E+01  0.000000000000E+00
  0.670975963701E+01  0.000000000000E+00
  0.682445891012E+01  0.000000000000E+00
  0.694111880723E+01  0.000000000000E+00
  0.705977284247E+01  0.000000000000E+00
  0.718045510285E+01  0.000000000000E+00
  0.730320025805E+01  0.000000000000E+00
  0.742804357036E+01  0.000000000000E+00
  0.755502090487E+01  0.000000000000E+00
  0.768416873970E+01  0.000000000000E+00
  0.781552417653E+01  0.000000000000E+00
  0.794912495123E+01  0.000000000000E+00
  0.808500944471E+01  0.000000000000E+00
  0.822321669397E+01  0.000000000000E+00
  0.836378640327E+01  0.000000000000E+00
  0.850675895557E+01  0.000000000000E+00
  0.865217542412E+01  0.000000000000E+00
  0.880007758426E+01  0.000000000000E+00
  0.895050792540E+01  0.000000000000E+00
  0.910350966329E+01  0.000000000000E+00
  0.925912675235E+01  0.000000000000E+00
  0.941740389837E+01  0.000000000000E+00
  0.957838657131E+01  0.000000000000E+00
  0.974212101837E+01  0.000000000000E+00
  0.990865427729E+01  0.000000000000E+00
  0.100780341899E+02  0.000000000000E+00
  0.102503094156E+02  0.000000000000E+00
  0.104255294460E+02  0.000000000000E+00
  0.106037446182E+02  0.000000000000E+00
  0.107850061301E+02  0.000000000000E+00
  0.109693660545E+02  0.000000000000E+00
  0.111568773546E+02  0.000000000000E+00
  0.113475938986E+02  0.000000000000E+00
  0.115415704758E+02  0.000000000000E+00
  0.117388628119E+02  0.000000000000E+00
  0.119395275851E+02  0.000000000000E+00
  0.121436224425E+02  0.000000000000E+00
  0.123512060167E+02  0.000000000000E+00
  0.125623379424E+02  0.000000000000E+00
  0.127770788737E+02  0.000000000000E+00
  0.129954905016E+02  0.000000000000E+00
  0.132176355714E+02  0.000000000000E+00
  0.134435779011E+02  0.000000000000E+00
  0.136733823996E+02  0.000000000000E+00
  0.139071150853E+02  0.000000000000E+00
  0.141448431051E+02  0.000000000000E+00
  0.143866347536E+02  0.000000000000E+00
  0.146325594929E+02  0.000000000000E+00
  0.148826879724E+02  0.000000000000E+00
  0.151370920491E+02  0.000000000000E+00
  0.153958448085E+02  0.000000000000E+00
  0.156590205852E+02  0.000000000000E+00
  0.159266949846E+02  0.000000000000E+00
  0.161989449042E+02  0.000000000000E+00
  0.164758485562E+02  0.000000000000E+00
  0.167574854897E+02  0.000000000000E+00
  0.170439366135E+02  0.000000000000E+00
  0.173352842195E+02  0.000000000000E+00
  0.176316120062E+02  0.000000000000E+00
  0.179330051029E+02  0.000000000000E+00
  0.182395500940E+02  0.000000000000E+00
  0.185513350438E+02  0.000000000000E+00
  0.188684495222E+02  0.000000000000E+00
  0.191909846301E+02  0.000000000000E+00
  0.195190330255E+02  0.000000000000E+00
  0.198526889504E+02  0.000000000000E+00
  0.201920482577E+02  0.000000000000E+00
  0.205372084387E+02  0.000000000000E+00
  0.208882686513E+02  0.000000000000E+00
  0.212453297483E+02  0.000000000000E+00
  0.216084943064E+02  0.000000000000E+00
  0.219778666558E+02  0.000000000000E+00
  0.223535529101E+02  0.000000000000E+00
  0.227356609965E+02  0.000000000000E+00
  0.231243006874E+02  0.000000000000E+00
  0.235195836314E+02  0.000000000000E+00
  0.239216233857E+02  0.000000000000E+00
  0.243305354485E+02  0.000000000000E+00
  0.247464372923E+02  0.000000000000E+00
  0.251694483977E+02  0.000000000000E+00
  0.255996902876E+02  0.000000000000E+00
  0.260372865621E+02  0.000000000000E+00
  0.264823629342E+02  0.000000000000E+00
  0.269350472658E+02  0.000000000000E+00
  0.273954696042E+02  0.000000000000E+00
  0.278637622200E+02  0.000000000000E+00
  0.283400596445E+02  0.000000000000E+00
  0.288244987087E+02  0.000000000000E+00
  0.293172185826E+02  0.000000000000E+00
  0.298183608151E+02  0.000000000000E+00
  0.303280693747E+02  0.000000000000E+00
  0.308464906907E+02  0.000000000000E+00
  0.313737736956E+02  0.000000000000E+00
  0.319100698676E+02  0.000000000000E+00
  0.324555332743E+02  0.000000000000E+00
  0.330103206165E+02  0.000000000000E+00
  0.335745912742E+02  0.000000000000E+00
  0.341485073512E+02  0.000000000000E+00
  0.347322337226E+02  0.000000000000E+00
  0.353259380817E+02  0.000000000000E+00
  0.359297909882E+02  0.000000000000E+00
  0.365439659174E+02  0.000000000000E+00
  0.371686393098E+02  0.000000000000E+00
  0.378039906221E+02  0.000000000000E+00
  0.384502023784E+02  0.000000000000E+00
  0.391074602228E+02  0.000000000000E+00
  0.397759529727E+02  0.000000000000E+00
  0.404558726733E+02  0.000000000000E+00
  0.411474146522E+02  0.000000000000E+00
  0.418507775762E+02  0.000000000000E+00
  0.425661635077E+02  0.000000000000E+00
  0.432937779633E+02  0.000000000000E+00
  0.440338299725E+02  0.000000000000E+00
  0.447865321380E+02  0.000000000000E+00
  0.455521006966E+02  0.000000000000E+00
  0.463307555812E+02  0.000000000000E+00
  0.471227204844E+02  0.000000000000E+00
  0.479282229223E+02  0.000000000000E+00
  0.487474943003E+02  0.000000000000E+00
  0.495807699790E+02  0.000000000000E+00
  0.504282893426E+02  0.000000000000E+00
  0.512902958668E+02  0.000000000000E+00
  0.521670371896E+02  0.000000000000E+00
  0.530587651817E+02  0.000000000000E+00
  0.539657360193E+02  0.000000000000E+00
  0.548882102576E+02  0.000000000000E+00
  0.558264529055E+02  0.000000000000E+00
  0.567807335021E+02  0.000000000000E+00
  0.577513261938E+02  0.000000000000E+00
  0.587385098129E+02  0.000000000000E+00
  0.597425679582E+02  0.000000000000E+00
  0.607637890763E+02  0.000000000000E+00
  0.618024665441E+02  0.000000000000E+00
  0.628588987537E+02  0.000000000000E+00
  0.639333891975E+02  0.000000000000E+00
  0.650262465558E+02  0.000000000000E+00
  0.661377847856E+02  0.000000000000E+00
  0.672683232100E+02  0.000000000000E+00
  0.684181866111E+02  0.000000000000E+00
  0.695877053222E+02  0.000000000000E+00
  0.707772153235E+02  0.000000000000E+00
  0.719870583381E+02  0.000000000000E+00
  0.732175819307E+02  0.000000000000E+00
  0.744691396067E+02  0.000000000000E+00
  0.757420909145E+02  0.000000000000E+00
  0.770368015483E+02  0.000000000000E+00
  0.783536434535E+02  0.000000000000E+00
  0.796929949333E+02  0.000000000000E+00
  0.810552407574E+02  0.000000000000E+00
          737            0          200
  0.000000000000E+00  0.000000000000E+00
  0.529635113499E-05  0.599461712724E-04
  0.106832360010E-04  0.120916899491E-03
  0.161622021457E-04  0.182929551853E-03
  0.217348235702E-04  0.246001783723E-03
  0.274027011807E-04  0.310151543584E-03
  0.331674632488E-04  0.375397077746E-03
  0.390307658791E-04  0.441756935126E-03
  0.449942934849E-04  0.509249972111E-03
  0.510597592724E-04  0.577895357488E-03
  0.572289057325E-04  0.647712577461E-03
  0.635035051415E-04  0.718721440745E-03
  0.698853600706E-04  0.790942083739E-03
  0.763763039030E-04  0.864394975784E-03
  0.829782013614E-04  0.939100924503E-03
  0.896929490432E-04  0.101508108123E-02
  0.965224759654E-04  0.109235694651E-02
  0.103468744119E-03  0.117095037573E-02
  0.110533749032E-03  0.125088358478E-02
  0.117719520345E-03  0.133217915584E-02
  0.125028122389E-03  0.141486004326E-02
  0.132461654785E-03  0.149894957953E-02
  0.140022253043E-03  0.158447148133E-02
  0.147712089177E-03  0.167144985571E-02
  0.155533372328E-03  0.175990920632E-02
  0.163488349398E-03  0.184987443979E-02
  0.171579305700E-03  0.194137087219E-02
  0.179808565607E-03  0.203442423556E-02
  0.188178493228E-03  0.212906068461E-02
  0.196691493080E-03  0.222530680347E-02
  0.205350010784E-03  0.232318961257E-02
  0.214156533764E-03  0.242273657563E-02
  0.223113591964E-03  0.252397560676E-02
  0.232223758573E-03  0.262693507764E-02
  0.241489650766E-03  0.273164382485E-02
  0.250913930455E-03  0.283813115731E-02
  0.260499305052E-03  0.294642686382E-02
  0.270248528251E-03  0.305656122072E-02
  0.280164400814E-03  0.316856499963E-02
  0.290249771379E-03  0.328246947543E-02
  0.300507537280E-03  0.339830643420E-02
  0.310940645372E-03  0.351610818137E-02
  0.321552092887E-03  0.363590755001E-02
  0.332344928287E-03  0.375773790918E-02
  0.343322252146E-03  0.388163317242E-02
  0.354487218036E-03  0.400762780641E-02
  0.365843033437E-03  0.413575683970E-02
  0.377392960653E-03  0.426605587161E-02
  0.389140317755E-03  0.439856108119E-02
  0.401088479533E-03  0.453330923640E-02
  0.413240878461E-03  0.467033770332E-02
  0.425601005689E-03  0.480968445558E-02
  0.438172412041E-03  0.495138808387E-02
  0.450958709041E-03  0.509548780556E-02
  0.463963569943E-03  0.524202347448E-02
  0.477190730792E-03  0.539103559086E-02
  0.490643991496E-03  0.554256531134E-02
  0.504327216916E-03  0.569665445912E-02
  0.518244337978E-03  0.585334553432E-02
  0.532399352802E-03  0.601268172432E-02
  0.546796327850E-03  0.617470691442E-02
  0.561439399093E-03  0.633946569847E-02
  0.576332773203E-03  0.650700338969E-02
  0.591480728758E-03  0.667736603168E-02
  0.606887617473E-03  0.685060040947E-02
  0.622557865448E-03  0.702675406075E-02
  0.638495974442E-03  0.720587528721E-02
  0.654706523167E-03  0.738801316607E-02
  0.671194168598E-03  0.757321756164E-02
  0.687963647318E-03  0.776153913710E-02
  0.705019776872E-03  0.795302936636E-02
  0.722367457158E-03  0.814774054611E-02
  0.740011671827E-03  0.834572580791E-02
  0.757957489721E-03  0.854703913049E-02
  0.776210066327E-03  0.875173535215E-02
  0.794774645257E-03  0.895987018328E-02
  0.813656559754E-03  0.917150021904E-02
  0.832861234228E-03  0.938668295215E-02
  0.852394185810E-03  0.960547678577E-02
  0.872261025938E-03  0.982794104660E-02
  0.892467461973E-03  0.100541359980E-01
  0.913019298830E-03  0.102841228535E-01
  0.933922440657E-03  0.105179637897E-01
  0.955182892520E-03  0.107557219605E-01
  0.976806762136E-03  0.109974615104E-01
  0.998800261625E-03  0.112432475883E-01
  0.102116970929E-02  0.114931463614E-01
  0.104392153145E-02  0.117472250297E-01
  0.106706226425E-02  0.120055518394E-01
  0.109059855559E-02  0.122681960978E-01
  0.111453716698E-02  0.125352281877E-01
  0.113888497552E-02  0.128067195815E-01
  0.116364897587E-02  0.130827428561E-01
  0.118883628224E-02  0.133633717079E-01
  0.121445413047E-02  0.136486809672E-01
  0.124050988005E-02  0.139387466136E-01
  0.126701101631E-02  0.142336457907E-01
  0.129396515252E-02  0.145334568216E-01
  0.132138003206E-02  0.148382592243E-01
  0.134926353070E-02  0.151481337267E-01
  0.137762365885E-02  0.154631622822E-01
  0.140646856380E-02  0.157834280857E-01
  0.143580653215E-02  0.161090155887E-01
  0.146564599212E-02  0.164400105154E-01
  0.149599551601E-02  0.167764998788E-01
  0.152686382266E-02  0.171185719958E-01
  0.155825977993E-02  0.174663165042E-01
  0.159019240728E-02  0.178198243779E-01
  0.162267087832E-02  0.181791879438E-01
  0.165570452350E-02  0.185445008973E-01
  0.168930283274E-02  0.189158583189E-01
  0.172347545819E-02  0.192933566905E-01
  0.175823221697E-02  0.196770939118E-01
  0.179358309404E-02  0.200671693161E-01
  0.182953824502E-02  0.204636836874E-01
  0.186610799913E-02  0.208667392764E-01
  0.190330286214E-02  0.212764398167E-01
  0.194113351943E-02  0.216928905416E-01
  0.197961083901E-02  0.221161982005E-01
  0.201874587466E-02  0.225464710746E-01
  0.205854986914E-02  0.229838189941E-01
  0.209903425735E-02  0.234283533536E-01
  0.214021066967E-02  0.238801871293E-01
  0.218209093530E-02  0.243394348940E-01
  0.222468708561E-02  0.248062128342E-01
  0.226801135767E-02  0.252806387655E-01
  0.231207619770E-02  0.257628321486E-01
  0.235689426467E-02  0.262529141051E-01
  0.240247843395E-02  0.267510074329E-01
  0.244884180098E-02  0.272572366221E-01
  0.249599768506E-02  0.277717278698E-01
  0.254395963318E-02  0.282946090955E-01
  0.259274142386E-02  0.288260099558E-01
  0.264235707117E-02  0.293660618594E-01
  0.269282082872E-02  0.299148979812E-01
  0.274414719379E-02  0.304726532766E-01
  0.279635091143E-02  0.310394644955E-01
  0.284944697877E-02  0.316154701957E-01
  0.290345064928E-02  0.322008107563E-01
  0.295837743717E-02  0.327956283906E-01
  0.301424312185E-02  0.334000671588E-01
  0.307106375243E-02  0.340142729797E-01
  0.312885565239E-02  0.346383936431E-01
  0.318763542423E-02  0.352725788203E-01
  0.324741995424E-02  0.359169800757E-01
  0.330822641735E-02  0.365717508764E-01
  0.337007228208E-02  0.372370466024E-01
  0.343297531556E-02  0.379130245555E-01
  0.349695358861E-02  0.385998439682E-01
  0.356202548094E-02  0.392976660113E-01
  0.362820968646E-02  0.400066538013E-01
  0.369552521861E-02  0.407269724070E-01
  0.376399141583E-02  0.414587888555E-01
  0.383362794714E-02  0.422022721366E-01
  0.390445481777E-02  0.429575932077E-01
  0.397649237491E-02  0.437249249968E-01
  0.404976131354E-02  0.445044424050E-01
  0.412428268243E-02  0.452963223078E-01
  0.420007789012E-02  0.461007435558E-01
  0.427716871110E-02  0.469178869739E-01
  0.435557729208E-02  0.477479353599E-01
  0.443532615832E-02  0.485910734811E-01
  0.451643822013E-02  0.494474880708E-01
  0.459893677943E-02  0.503173678228E-01
  0.468284553647E-02  0.512009033846E-01
  0.476818859661E-02  0.520982873495E-01
  0.485499047726E-02  0.530097142471E-01
  0.494327611491E-02  0.539353805323E-01
  0.503307087233E-02  0.548754845728E-01
  0.512440054580E-02  0.558302266351E-01
  0.521729137258E-02  0.567998088682E-01
  0.531177003841E-02  0.577844352861E-01
  0.540786368517E-02  0.587843117485E-01
  0.550559991872E-02  0.597996459390E-01
  0.560500681678E-02  0.608306473418E-01
  0.570611293702E-02  0.618775272163E-01
  0.580894732528E-02  0.629404985688E-01
  0.591353952390E-02  0.640197761233E-01
  0.601991958018E-02  0.651155762883E-01
  0.612811805506E-02  0.662281171226E-01
  0.623816603186E-02  0.673576182978E-01
  0.635009512524E-02  0.685043010581E-01
  0.646393749026E-02  0.696683881777E-01
  0.657972583163E-02  0.708501039153E-01
  0.669749341310E-02  0.720496739655E-01
  0.681727406702E-02  0.732673254071E-01
  0.693910220405E-02  0.745032866486E-01
  0.706301282306E-02  0.757577873698E-01
  0.718904152117E-02  0.770310584603E-01
  0.731722450399E-02  0.783233319550E-01
  0.744759859600E-02  0.796348409646E-01
  0.758020125116E-02  0.809658196039E-01
  0.771507056366E-02  0.823165029147E-01
  0.785224527882E-02  0.836871267858E-01
  0.799176480430E-02  0.850779278681E-01
  0.813366922135E-02  0.864891434853E-01
  0.827799929636E-02  0.879210115408E-01
  0.842479649258E-02  0.893737704190E-01
  0.857410298199E-02  0.908476588827E-01
  0.872596165747E-02  0.923429159646E-01
  0.888041614507E-02  0.938597808543E-01
  0.903751081658E-02  0.953984927800E-01
  0.919729080225E-02  0.969592908842E-01
  0.935980200378E-02  0.985424140942E-01
  0.952509110751E-02  0.100148100986E+00
  0.969320559778E-02  0.101776589645E+00
  0.986419377064E-02  0.103428117515E+00
  0.100381047477E-01  0.105102921244E+00
  0.102149884902E-01  0.106801236529E+00
  0.103948958134E-01  0.108523297941E+00
  0.105778784012E-01  0.110269338755E+00
  0.107639888209E-01  0.112039590764E+00
  0.109532805386E-01  0.113834284096E+00
  0.111458079340E-01  0.115653647009E+00
  0.113416263165E-01  0.117497905694E+00
  0.115407919410E-01  0.119367284054E+00
  0.117433620239E-01  0.121262003487E+00
  0.119493947596E-01  0.123182282658E+00
  0.121589493374E-01  0.125128337253E+00
  0.123720859583E-01  0.127100379735E+00
  0.125888658522E-01  0.129098619089E+00
  0.128093512959E-01  0.131123260548E+00
  0.130336056306E-01  0.133174505323E+00
  0.132616932801E-01  0.135252550310E+00
  0.134936797696E-01  0.137357587796E+00
  0.137296317445E-01  0.139489805149E+00
  0.139696169890E-01  0.141649384498E+00
  0.142137044464E-01  0.143836502406E+00
  0.144619642382E-01  0.146051329522E+00
  0.147144676847E-01  0.148294030231E+00
  0.149712873252E-01  0.150564762288E+00
  0.152324969390E-01  0.152863676439E+00
  0.154981715666E-01  0.155190916026E+00
  0.157683875312E-01  0.157546616589E+00
  0.160432224606E-01  0.159930905444E+00
  0.163227553096E-01  0.162343901254E+00
  0.166070663825E-01  0.164785713584E+00
  0.168962373564E-01  0.167256442439E+00
  0.171903513045E-01  0.169756177793E+00
  0.174894927201E-01  0.172284999101E+00
  0.177937475407E-01  0.174842974794E+00
  0.181032031729E-01  0.177430161758E+00
  0.184179485172E-01  0.180046604804E+00
  0.187380739939E-01  0.182692336114E+00
  0.190636715688E-01  0.185367374673E+00
  0.193948347799E-01  0.188071725688E+00
  0.197316587639E-01  0.190805379988E+00
  0.200742402838E-01  0.193568313402E+00
  0.204226777567E-01  0.196360486129E+00
  0.207770712820E-01  0.199181842083E+00
  0.211375226699E-01  0.202032308220E+00
  0.215041354713E-01  0.204911793855E+00
  0.218770150068E-01  0.207820189948E+00
  0.222562683976E-01  0.210757368382E+00
  0.226420045959E-01  0.213723181216E+00
  0.230343344161E-01  0.216717459924E+00
  0.234333705670E-01  0.219740014608E+00
  0.238392276841E-01  0.222790633195E+00
  0.242520223621E-01  0.225869080617E+00
  0.246718731891E-01  0.228975097968E+00
  0.250989007800E-01  0.232108401640E+00
  0.255332278116E-01  0.235268682440E+00
  0.259749790577E-01  0.238455604691E+00
  0.264242814248E-01  0.241668805305E+00
  0.268812639888E-01  0.244907892841E+00
  0.273460580319E-01  0.248172446544E+00
  0.278187970806E-01  0.251462015359E+00
  0.282996169435E-01  0.254776116926E+00
  0.287886557510E-01  0.258114236557E+00
  0.292860539943E-01  0.261475826196E+00
  0.297919545665E-01  0.264860303348E+00
  0.303065028029E-01  0.268267049998E+00
  0.308298465233E-01  0.271695411512E+00
  0.313621360742E-01  0.275144695508E+00
  0.319035243721E-01  0.278614170720E+00
  0.324541669474E-01  0.282103065835E+00
  0.330142219890E-01  0.285610568319E+00
  0.335838503899E-01  0.289135823216E+00
  0.341632157934E-01  0.292677931943E+00
  0.347524846399E-01  0.296235951054E+00
  0.353518262149E-01  0.299808891002E+00
  0.359614126977E-01  0.303395714874E+00
  0.365814192106E-01  0.306995337119E+00
  0.372120238697E-01  0.310606622262E+00
  0.378534078352E-01  0.314228383603E+00
  0.385057553646E-01  0.317859381907E+00
  0.391692538645E-01  0.321498324079E+00
  0.398440939453E-01  0.325143861837E+00
  0.405304694755E-01  0.328794590374E+00
  0.412285776375E-01  0.332449047010E+00
  0.419386189841E-01  0.336105709843E+00
  0.426607974967E-01  0.339762996398E+00
  0.433953206431E-01  0.343419262269E+00
  0.441423994375E-01  0.347072799765E+00
  0.449022485013E-01  0.350721836561E+00
  0.456750861243E-01  0.354364534342E+00
  0.464611343280E-01  0.357998987465E+00
  0.472606189287E-01  0.361623221627E+00
  0.480737696029E-01  0.365235192534E+00
  0.489008199529E-01  0.368832784600E+00
  0.497420075745E-01  0.372413809647E+00
  0.505975741245E-01  0.375976005633E+00
  0.514677653907E-01  0.379517035399E+00
  0.523528313620E-01  0.383034485441E+00
  0.532530263010E-01  0.386525864709E+00
  0.541686088161E-01  0.389988603440E+00
  0.550998419365E-01  0.393420052027E+00
  0.560469931874E-01  0.396817479925E+00
  0.570103346672E-01  0.400178074598E+00
  0.579901431250E-01  0.403498940517E+00
  0.589867000411E-01  0.406777098213E+00
  0.600002917068E-01  0.410009483371E+00
  0.610312093074E-01  0.413192946004E+00
  0.620797490057E-01  0.416324249675E+00
  0.631462120267E-01  0.419400070804E+00
  0.642309047447E-01  0.422416998034E+00
  0.653341387710E-01  0.425371531697E+00
  0.664562310432E-01  0.428260083349E+00
  0.675975039168E-01  0.431078975407E+00
  0.687582852574E-01  0.433824440880E+00
  0.699389085350E-01  0.436492623208E+00
  0.711397129198E-01  0.439079576205E+00
  0.723610433798E-01  0.441581264124E+00
  0.736032507795E-01  0.443993561844E+00
  0.748666919810E-01  0.446312255188E+00
  0.761517299466E-01  0.448533041373E+00
  0.774587338427E-01  0.450651529615E+00
  0.787880791465E-01  0.452663241873E+00
  0.801401477529E-01  0.454563613765E+00
  0.815153280852E-01  0.456347995638E+00
  0.829140152060E-01  0.458011653824E+00
  0.843366109312E-01  0.459549772069E+00
  0.857835239449E-01  0.460957453162E+00
  0.872551699172E-01  0.462229720751E+00
  0.887519716236E-01  0.463361521378E+00
  0.902743590662E-01  0.464347726720E+00
  0.918227695974E-01  0.465183136056E+00
  0.933976480457E-01  0.465862478969E+00
  0.949994468432E-01  0.466380418280E+00
  0.966286261556E-01  0.466731553243E+00
  0.982856540146E-01  0.466910422982E+00
  0.999710064523E-01  0.466911510206E+00
  0.101685167638E+00  0.466729245192E+00
  0.103428630017E+00  0.466358010046E+00
  0.105201894451E+00  0.465792143261E+00
  0.107005470367E+00  0.465025944568E+00
  0.108839875896E+00  0.464053680095E+00
  0.110705638027E+00  0.462869587832E+00
  0.112603292758E+00  0.461467883429E+00
  0.114533385248E+00  0.459842766301E+00
  0.116496469976E+00  0.457988426091E+00
  0.118493110897E+00  0.455899049445E+00
  0.120523881608E+00  0.453568827158E+00
  0.122589365511E+00  0.450991961648E+00
  0.124690155978E+00  0.448162674801E+00
  0.126826856526E+00  0.445075216166E+00
  0.129000080988E+00  0.441723871512E+00
  0.131210453690E+00  0.438102971756E+00
  0.133458609628E+00  0.434206902250E+00
  0.135745194654E+00  0.430030112438E+00
  0.138070865660E+00  0.425567125887E+00
  0.140436290766E+00  0.420812550672E+00
  0.142842149513E+00  0.415761090137E+00
  0.145289133057E+00  0.410407554011E+00
  0.147777944370E+00  0.404746869887E+00
  0.150309298440E+00  0.398774095048E+00
  0.152883922474E+00  0.392484428640E+00
  0.155502556113E+00  0.385873224183E+00
  0.158165951639E+00  0.378936002410E+00
  0.160874874195E+00  0.371668464422E+00
  0.163630102002E+00  0.364066505144E+00
  0.166432426582E+00  0.356126227072E+00
  0.169282652990E+00  0.347843954299E+00
  0.172181600041E+00  0.339216246785E+00
  0.175130100546E+00  0.330239914875E+00
  0.178129001552E+00  0.320912034024E+00
  0.181179164585E+00  0.311229959713E+00
  0.184281465899E+00  0.301191342539E+00
  0.187436796724E+00  0.290794143433E+00
  0.190646063526E+00  0.280036648996E+00
  0.193910188265E+00  0.268917486913E+00
  0.197230108660E+00  0.257435641411E+00
  0.200606778462E+00  0.245590468726E+00
  0.204041167722E+00  0.233381712555E+00
  0.207534263072E+00  0.220809519434E+00
  0.211087068013E+00  0.207874454020E+00
  0.214700603196E+00  0.194577514224E+00
  0.218375906719E+00  0.180920146159E+00
  0.222114034428E+00  0.166904258857E+00
  0.225916060212E+00  0.152532238701E+00
  0.229783076321E+00  0.137806963541E+00
  0.233716193673E+00  0.122731816432E+00
  0.237716542178E+00  0.107310698951E+00
  0.241785271057E+00  0.915480440363E-01
  0.245923549178E+00  0.754488283174E-01
  0.250132565388E+00  0.590185838566E-01
  0.254413528856E+00  0.422634092734E-01
  0.258767669420E+00  0.251899801882E-01
  0.263196237940E+00  0.780555893447E-02
  0.267700506659E+00 -0.988199651238E-02
  0.272281769565E+00 -0.278642244456E-01
  0.276941342767E+00 -0.461320522306E-01
  0.281680564869E+00 -0.646757900571E-01
  0.286500797360E+00 -0.834851256964E-01
  0.291403424997E+00 -0.102549120321E+00
  0.296389856212E+00 -0.121856205447E+00
  0.301461523510E+00 -0.141394181052E+00
  0.306619883881E+00 -0.161150214946E+00
  0.311866419224E+00 -0.181110843433E+00
  0.317202636767E+00 -0.201261973359E+00
  0.322630069502E+00 -0.221588885578E+00
  0.328150276624E+00 -0.242076239931E+00
  0.333764843983E+00 -0.262708081792E+00
  0.339475384535E+00 -0.283467850244E+00
  0.345283538809E+00 -0.304338387968E+00
  0.351190975373E+00 -0.325301952896E+00
  0.357199391322E+00 -0.346340231693E+00
  0.363310512755E+00 -0.367434355150E+00
  0.369526095281E+00 -0.388564915508E+00
  0.375847924515E+00 -0.409711985811E+00
  0.382277816597E+00 -0.430855141287E+00
  0.388817618711E+00 -0.451973482844E+00
  0.395469209615E+00 -0.473045662664E+00
  0.402234500182E+00 -0.494049911972E+00
  0.409115433950E+00 -0.514964070932E+00
  0.416113987677E+00 -0.535765620736E+00
  0.423232171914E+00 -0.556431717805E+00
  0.430472031575E+00 -0.576939230163E+00
  0.437835646533E+00 -0.597264775854E+00
  0.445325132213E+00 -0.617384763461E+00
  0.452942640197E+00 -0.637275434550E+00
  0.460690358849E+00 -0.656912908079E+00
  0.468570513939E+00 -0.676273226581E+00
  0.476585369283E+00 -0.695332404105E+00
  0.484737227393E+00 -0.714066475724E+00
  0.493028430141E+00 -0.732451548556E+00
  0.501461359428E+00 -0.750463854076E+00
  0.510038437872E+00 -0.768079801647E+00
  0.518762129502E+00 -0.785276033027E+00
  0.527634940466E+00 -0.802029477750E+00
  0.536659419750E+00 -0.818317409119E+00
  0.545838159912E+00 -0.834117500684E+00
  0.555173797828E+00 -0.849407882950E+00
  0.564669015445E+00 -0.864167200127E+00
  0.574326540555E+00 -0.878374666708E+00
  0.584149147579E+00 -0.892010123626E+00
  0.594139658362E+00 -0.905054093809E+00
  0.604300942983E+00 -0.917487836838E+00
  0.614635920584E+00 -0.929293402573E+00
  0.625147560203E+00 -0.940453683400E+00
  0.635838881632E+00 -0.950952465011E+00
  0.646712956279E+00 -0.960774475332E+00
  0.657772908056E+00 -0.969905431585E+00
  0.669021914274E+00 -0.978332085019E+00
  0.680463206553E+00 -0.986042263407E+00
  0.692100071757E+00 -0.993024910780E+00
  0.703935852930E+00 -0.999270124586E+00
  0.715973950265E+00 -0.100476918969E+01
  0.728217822073E+00 -0.100951460952E+01
  0.740670985782E+00 -0.101350013371E+01
  0.753337018944E+00 -0.101672078262E+01
  0.766219560267E+00 -0.101917286813E+01
  0.779322310655E+00 -0.102085401113E+01
  0.792649034274E+00 -0.102176315499E+01
  0.806203559634E+00 -0.102190057574E+01
  0.819989780688E+00 -0.102126788800E+01
  0.834011657951E+00 -0.101986804756E+01
  0.848273219637E+00 -0.101770534976E+01
  0.862778562816E+00 -0.101478542442E+01
  0.877531854593E+00 -0.101111522660E+01
  0.892537333304E+00 -0.100670302405E+01
  0.907799309730E+00 -0.100155838050E+01
  0.923322168344E+00 -0.995692135815E+00
  0.939110368562E+00 -0.989116382085E+00
  0.955168446029E+00 -0.981844436818E+00
  0.971501013919E+00 -0.973890812239E+00
  0.988112764263E+00 -0.965271181916E+00
  0.100500846930E+01 -0.956002343741E+00
  0.102219298283E+01 -0.946102180499E+00
  0.103967124163E+01 -0.935589617075E+00
  0.105744826688E+01 -0.924484575528E+00
  0.107552916556E+01 -0.912807927127E+00
  0.109391913198E+01 -0.900581442534E+00
  0.111262344920E+01 -0.887827739309E+00
  0.113164749062E+01 -0.874570227839E+00
  0.115099672148E+01 -0.860833052273E+00
  0.117067670044E+01 -0.846641008328E+00
  0.119069308118E+01 -0.832019507076E+00
  0.121105161400E+01 -0.816994517986E+00
  0.123175814753E+01 -0.801592507107E+00
  0.125281863036E+01 -0.785840374446E+00
  0.127423911275E+01 -0.769765390183E+00
  0.129602574838E+01 -0.753395130412E+00
  0.131818479615E+01 -0.736757412103E+00
  0.134072262192E+01 -0.719880227835E+00
  0.136364570036E+01 -0.702791680122E+00
  0.138696061684E+01 -0.685519915753E+00
  0.141067406927E+01 -0.668093060104E+00
  0.143479287008E+01 -0.650539151699E+00
  0.145932394813E+01 -0.632886077123E+00
  0.148427435072E+01 -0.615161506424E+00
  0.150965124562E+01 -0.597392829258E+00
  0.153546192313E+01 -0.579607091762E+00
  0.156171379815E+01 -0.561830934564E+00
  0.158841441233E+01 -0.544090531798E+00
  0.161557143624E+01 -0.526411531631E+00
  0.164319267158E+01 -0.508818998096E+00
  0.167128605339E+01 -0.491337354831E+00
  0.169985965236E+01 -0.473990330426E+00
  0.172892167712E+01 -0.456800906088E+00
  0.175848047663E+01 -0.439791265233E+00
  0.178854454257E+01 -0.422982745788E+00
  0.181912251176E+01 -0.406395794780E+00
  0.185022316866E+01 -0.390049926004E+00
  0.188185544788E+01 -0.373963680337E+00
  0.191402843677E+01 -0.358154589501E+00
  0.194675137801E+01 -0.342639142806E+00
  0.198003367225E+01 -0.327432757696E+00
  0.201388488087E+01 -0.312549753590E+00
  0.204831472865E+01 -0.298003329820E+00
  0.208333310664E+01 -0.283805547165E+00
  0.211895007492E+01 -0.269967313713E+00
  0.215517586556E+01 -0.256498374553E+00
  0.219202088554E+01 -0.243407305978E+00
  0.222949571972E+01 -0.230701513678E+00
  0.226761113389E+01 -0.218387235519E+00
  0.230637807786E+01 -0.206469548407E+00
  0.234580768864E+01 -0.194952379731E+00
  0.238591129359E+01 -0.183838522863E+00
  0.242670041369E+01 -0.173129657120E+00
  0.246818676688E+01 -0.162826371680E+00
  0.251038227138E+01 -0.152928193712E+00
  0.255329904913E+01 -0.143433620234E+00
  0.259694942931E+01 -0.134340153855E+00
  0.264134595182E+01 -0.125644341892E+00
  0.268650137092E+01 -0.117341818925E+00
  0.273242865889E+01 -0.109427352289E+00
  0.277914100975E+01 -0.101894890458E+00
  0.282665184305E+01 -0.947376138185E-01
  0.287497480775E+01 -0.879479877252E-01
  0.292412378608E+01 -0.815178173220E-01
  0.297411289761E+01 -0.754383039596E-01
  0.302495650323E+01 -0.697001027124E-01
  0.307666920934E+01 -0.642933807649E-01
  0.312926587198E+01 -0.592078761972E-01
  0.318276160117E+01 -0.544329569041E-01
  0.323717176519E+01 -0.499576792066E-01
  0.329251199502E+01 -0.457708458768E-01
  0.334879818885E+01 -0.418610631716E-01
  0.340604651661E+01 -0.382167965990E-01
  0.346427342464E+01 -0.348264250595E-01
  0.352349564040E+01 -0.316782931064E-01
  0.358373017729E+01 -0.287607610188E-01
  0.364499433952E+01 -0.260622524672E-01
  0.370730572710E+01 -0.235712995237E-01
  0.377068224089E+01 -0.212765848429E-01
  0.383514208773E+01 -0.191669808282E-01
  0.390070378570E+01 -0.172315856625E-01
  0.396738616939E+01 -0.154597560857E-01
  0.403520839537E+01 -0.138411368526E-01
  0.410418994764E+01 -0.123656868209E-01
  0.417435064329E+01 -0.110237016610E-01
  0.424571063811E+01 -0.980583319848E-02
  0.431829043244E+01 -0.870310543833E-02
  0.439211087707E+01 -0.770692733760E-02
  0.446719317918E+01 -0.680910242638E-02
  0.454355890845E+01 -0.600183539378E-02
  0.462123000329E+01 -0.527773578104E-02
  0.470022877710E+01 -0.462981893878E-02
  0.478057792469E+01 -0.405150442414E-02
  0.486230052882E+01 -0.353661202453E-02
  0.494542006682E+01 -0.307935560684E-02
  0.502996041732E+01 -0.267433499744E-02
  0.511594586712E+01 -0.231652610448E-02
  0.520340111819E+01 -0.200126949549E-02
  0.529235129472E+01 -0.172425764379E-02
  0.538282195038E+01 -0.148152105437E-02
  0.547483907563E+01 -0.126941347540E-02
  0.556842910522E+01 -0.108459639437E-02
  0.566361892575E+01 -0.924023009713E-03
  0.576043588341E+01 -0.784921858136E-03
  0.585890779185E+01 -0.664780266445E-03
  0.595906294013E+01 -0.561327783991E-03
  0.606093010089E+01 -0.472519738202E-03
  0.616453853860E+01 -0.396521041531E-03
  0.626991801796E+01 -0.331690363585E-03
  0.637709881244E+01 -0.276564767517E-03
  0.648611171303E+01 -0.229844895151E-03
  0.659698803701E+01 -0.190380770966E-03
  0.670975963701E+01 -0.157158281234E-03
  0.682445891012E+01 -0.129286371331E-03
  0.694111880723E+01 -0.105984991807E-03
  0.705977284247E+01 -0.865738121628E-04
  0.718045510285E+01 -0.704617106741E-04
  0.730320025805E+01 -0.571370389886E-04
  0.742804357036E+01 -0.461586516969E-04
  0.755502090487E+01 -0.371476836324E-04
  0.768416873970E+01 -0.297800513110E-04
  0.781552417653E+01 -0.237796496007E-04
  0.794912495123E+01 -0.189122102830E-04
  0.808500944471E+01 -0.149797873909E-04
  0.822321669397E+01 -0.118158284667E-04
  0.836378640327E+01 -0.928079286706E-05
  0.850675895557E+01 -0.725827587500E-05
  0.865217542412E+01 -0.565159747974E-05
  0.880007758426E+01 -0.438081523050E-05
  0.895050792540E+01 -0.338012156380E-05
  0.910350966329E+01 -0.259558739230E-05
  0.925912675235E+01 -0.198321543517E-05
  0.941740389837E+01 -0.150726867159E-05
  0.957838657131E+01 -0.113884131578E-05
  0.974212101837E+01 -0.854641745167E-06
  0.990865427729E+01 -0.635958754181E-06
  0.100780341899E+02 -0.467784228072E-06
  0.102503094156E+02 -0.338066676231E-06
  0.104255294460E+02 -0.237070821936E-06
  0.106037446182E+02 -0.156818318144E-06
  0.107850061301E+02 -0.905832108470E-07
  0.109693660545E+02 -0.324123443212E-07
  0.111568773546E+02  0.000000000000E+00
  0.113475938986E+02  0.000000000000E+00
  0.115415704758E+02  0.000000000000E+00
  0.117388628119E+02  0.000000000000E+00
  0.119395275851E+02  0.000000000000E+00
  0.121436224425E+02  0.000000000000E+00
  0.123512060167E+02  0.000000000000E+00
  0.125623379424E+02  0.000000000000E+00
  0.127770788737E+02  0.000000000000E+00
  0.129954905016E+02  0.000000000000E+00
  0.132176355714E+02  0.000000000000E+00
  0.134435779011E+02  0.000000000000E+00
  0.136733823996E+02  0.000000000000E+00
  0.139071150853E+02  0.000000000000E+00
  0.141448431051E+02  0.000000000000E+00
  0.143866347536E+02  0.000000000000E+00
  0.146325594929E+02  0.000000000000E+00
  0.148826879724E+02  0.000000000000E+00
  0.151370920491E+02  0.000000000000E+00
  0.153958448085E+02  0.000000000000E+00
  0.156590205852E+02  0.000000000000E+00
  0.159266949846E+02  0.000000000000E+00
  0.161989449042E+02  0.000000000000E+00
  0.164758485562E+02  0.000000000000E+00
  0.167574854897E+02  0.000000000000E+00
  0.170439366135E+02  0.000000000000E+00
  0.173352842195E+02  0.000000000000E+00
  0.176316120062E+02  0.000000000000E+00
  0.179330051029E+02  0.000000000000E+00
  0.182395500940E+02  0.000000000000E+00
  0.185513350438E+02  0.000000000000E+00
  0.188684495222E+02  0.000000000000E+00
  0.191909846301E+02  0.000000000000E+00
  0.195190330255E+02  0.000000000000E+00
  0.198526889504E+02  0.000000000000E+00
  0.201920482577E+02  0.000000000000E+00
  0.205372084387E+02  0.000000000000E+00
  0.208882686513E+02  0.000000000000E+00
  0.212453297483E+02  0.000000000000E+00
  0.216084943064E+02  0.000000000000E+00
  0.219778666558E+02  0.000000000000E+00
  0.223535529101E+02  0.000000000000E+00
  0.227356609965E+02  0.000000000000E+00
  0.231243006874E+02  0.000000000000E+00
  0.235195836314E+02  0.000000000000E+00
  0.239216233857E+02  0.000000000000E+00
  0.243305354485E+02  0.000000000000E+00
  0.247464372923E+02  0.000000000000E+00
  0.251694483977E+02  0.000000000000E+00
  0.255996902876E+02  0.000000000000E+00
  0.260372865621E+02  0.000000000000E+00
  0.264823629342E+02  0.000000000000E+00
  0.269350472658E+02  0.000000000000E+00
  0.273954696042E+02  0.000000000000E+00
  0.278637622200E+02  0.000000000000E+00
  0.283400596445E+02  0.000000000000E+00
  0.288244987087E+02  0.000000000000E+00
  0.293172185826E+02  0.000000000000E+00
  0.298183608151E+02  0.000000000000E+00
  0.303280693747E+02  0.000000000000E+00
  0.308464906907E+02  0.000000000000E+00
  0.313737736956E+02  0.000000000000E+00
  0.319100698676E+02  0.000000000000E+00
  0.324555332743E+02  0.000000000000E+00
  0.330103206165E+02  0.000000000000E+00
  0.335745912742E+02  0.000000000000E+00
  0.341485073512E+02  0.000000000000E+00
  0.347322337226E+02  0.000000000000E+00
  0.353259380817E+02  0.000000000000E+00
  0.359297909882E+02  0.000000000000E+00
  0.365439659174E+02  0.000000000000E+00
  0.371686393098E+02  0.000000000000E+00
  0.378039906221E+02  0.000000000000E+00
  0.384502023784E+02  0.000000000000E+00
  0.391074602228E+02  0.000000000000E+00
  0.397759529727E+02  0.000000000000E+00
  0.404558726733E+02  0.000000000000E+00
  0.411474146522E+02  0.000000000000E+00
  0.418507775762E+02  0.000000000000E+00
  0.425661635077E+02  0.000000000000E+00
  0.432937779633E+02  0.000000000000E+00
  0.440338299725E+02  0.000000000000E+00
  0.447865321380E+02  0.000000000000E+00
  0.455521006966E+02  0.000000000000E+00
  0.463307555812E+02  0.000000000000E+00
  0.471227204844E+02  0.000000000000E+00
  0.479282229223E+02  0.000000000000E+00
  0.487474943003E+02  0.000000000000E+00
  0.495807699790E+02  0.000000000000E+00
  0.504282893426E+02  0.000000000000E+00
  0.512902958668E+02  0.000000000000E+00
  0.521670371896E+02  0.000000000000E+00
  0.530587651817E+02  0.000000000000E+00
  0.539657360193E+02  0.000000000000E+00
  0.548882102576E+02  0.000000000000E+00
  0.558264529055E+02  0.000000000000E+00
  0.567807335021E+02  0.000000000000E+00
  0.577513261938E+02  0.000000000000E+00
  0.587385098129E+02  0.000000000000E+00
  0.597425679582E+02  0.000000000000E+00
  0.607637890763E+02  0.000000000000E+00
  0.618024665441E+02  0.000000000000E+00
  0.628588987537E+02  0.000000000000E+00
  0.639333891975E+02  0.000000000000E+00
  0.650262465558E+02  0.000000000000E+00
  0.661377847856E+02  0.000000000000E+00
  0.672683232100E+02  0.000000000000E+00
  0.684181866111E+02  0.000000000000E+00
  0.695877053222E+02  0.000000000000E+00
  0.707772153235E+02  0.000000000000E+00
  0.719870583381E+02  0.000000000000E+00
  0.732175819307E+02  0.000000000000E+00
  0.744691396067E+02  0.000000000000E+00
  0.757420909145E+02  0.000000000000E+00
  0.770368015483E+02  0.000000000000E+00
  0.783536434535E+02  0.000000000000E+00
  0.796929949333E+02  0.000000000000E+00
  0.810552407574E+02  0.000000000000E+00
          737            1          210
  0.000000000000E+00  0.000000000000E+00
  0.529635113499E-05  0.593693478370E-09
  0.106832360010E-04  0.241553916297E-08
  0.161622021457E-04  0.552852149139E-08
  0.217348235702E-04  0.999814556794E-08
  0.274027011807E-04  0.158925297475E-07
  0.331674632488E-04  0.232825014854E-07
  0.390307658791E-04  0.322416965752E-07
  0.449942934849E-04  0.428466618902E-07
  0.510597592724E-04  0.551769617517E-07
  0.572289057325E-04  0.693152880483E-07
  0.635035051415E-04  0.853475742385E-07
  0.698853600706E-04  0.103363113369E-06
  0.763763039030E-04  0.123454680248E-06
  0.829782013614E-04  0.145718657924E-06
  0.896929490432E-04  0.170255168605E-06
  0.965224759654E-04  0.197168209187E-06
  0.103468744119E-03  0.226565791548E-06
  0.110533749032E-03  0.258560087759E-06
  0.117719520345E-03  0.293267580406E-06
  0.125028122389E-03  0.330809218180E-06
  0.132461654785E-03  0.371310576923E-06
  0.140022253043E-03  0.414902026328E-06
  0.147712089177E-03  0.461718902469E-06
  0.155533372328E-03  0.511901686389E-06
  0.163488349398E-03  0.565596188927E-06
  0.171579305700E-03  0.622953742025E-06
  0.179808565607E-03  0.684131396716E-06
  0.188178493228E-03  0.749292128047E-06
  0.196691493080E-03  0.818605047156E-06
  0.205350010784E-03  0.892245620764E-06
  0.214156533764E-03  0.970395898325E-06
  0.223113591964E-03  0.105324474712E-05
  0.232223758573E-03  0.114098809553E-05
  0.241489650766E-03  0.123382918482E-05
  0.250913930455E-03  0.133197882971E-05
  0.260499305052E-03  0.143565568796E-05
  0.270248528251E-03  0.154508653944E-05
  0.280164400814E-03  0.166050657484E-05
  0.290249771379E-03  0.178215969452E-05
  0.300507537280E-03  0.191029881761E-05
  0.310940645372E-03  0.204518620203E-05
  0.321552092887E-03  0.218709377552E-05
  0.332344928287E-03  0.233630347822E-05
  0.343322252146E-03  0.249310761715E-05
  0.354487218036E-03  0.265780923296E-05
  0.365843033437E-03  0.283072247945E-05
  0.377392960653E-03  0.301217301627E-05
  0.389140317755E-03  0.320249841516E-05
  0.401088479533E-03  0.340204858036E-05
  0.413240878461E-03  0.361118618352E-05
  0.425601005689E-03  0.383028711374E-05
  0.438172412041E-03  0.405974094308E-05
  0.450958709041E-03  0.429995140832E-05
  0.463963569943E-03  0.455133690923E-05
  0.477190730792E-03  0.481433102418E-05
  0.490643991496E-03  0.508938304355E-05
  0.504327216916E-03  0.537695852146E-05
  0.518244337978E-03  0.567753984670E-05
  0.532399352802E-03  0.599162683325E-05
  0.546796327850E-03  0.631973733118E-05
  0.561439399093E-03  0.666240785867E-05
  0.576332773203E-03  0.702019425576E-05
  0.591480728758E-03  0.739367236058E-05
  0.606887617473E-03  0.778343870894E-05
  0.622557865448E-03  0.819011125796E-05
  0.638495974442E-03  0.861433013453E-05
  0.654706523167E-03  0.905675840959E-05
  0.671194168598E-03  0.951808289895E-05
  0.687963647318E-03  0.999901499161E-05
  0.705019776872E-03  0.105002915066E-04
  0.722367457158E-03  0.110226755790E-04
  0.740011671827E-03  0.115669575767E-04
  0.757957489721E-03  0.121339560481E-04
  0.776210066327E-03  0.127245187030E-04
  0.794774645257E-03  0.133395234261E-04
  0.813656559754E-03  0.139798793259E-04
  0.832861234228E-03  0.146465278195E-04
  0.852394185810E-03  0.153404437541E-04
  0.872261025938E-03  0.160626365671E-04
  0.892467461973E-03  0.168141514855E-04
  0.913019298830E-03  0.175960707669E-04
  0.933922440657E-03  0.184095149821E-04
  0.955182892520E-03  0.192556443420E-04
  0.976806762136E-03  0.201356600695E-04
  0.998800261625E-03  0.210508058180E-04
  0.102116970929E-02  0.220023691386E-04
  0.104392153145E-02  0.229916829971E-04
  0.106706226425E-02  0.240201273423E-04
  0.109059855559E-02  0.250891307282E-04
  0.111453716698E-02  0.262001719906E-04
  0.113888497552E-02  0.273547819818E-04
  0.116364897587E-02  0.285545453629E-04
  0.118883628224E-02  0.298011024577E-04
  0.121445413047E-02  0.310961511697E-04
  0.124050988005E-02  0.324414489631E-04
  0.126701101631E-02  0.338388149123E-04
  0.129396515252E-02  0.352901318195E-04
  0.132138003206E-02  0.367973484049E-04
  0.134926353070E-02  0.383624815709E-04
  0.137762365885E-02  0.399876187420E-04
  0.140646856380E-02  0.416749202852E-04
  0.143580653215E-02  0.434266220111E-04
  0.146564599212E-02  0.452450377598E-04
  0.149599551601E-02  0.471325620738E-04
  0.152686382266E-02  0.490916729617E-04
  0.155825977993E-02  0.511249347545E-04
  0.159019240728E-02  0.532350010580E-04
  0.162267087832E-02  0.554246178051E-04
  0.165570452350E-02  0.576966264104E-04
  0.168930283274E-02  0.600539670310E-04
  0.172347545819E-02  0.624996819368E-04
  0.175823221697E-02  0.650369189943E-04
  0.179358309404E-02  0.676689352669E-04
  0.182953824502E-02  0.703991007360E-04
  0.186610799913E-02  0.732309021472E-04
  0.190330286214E-02  0.761679469849E-04
  0.194113351943E-02  0.792139675800E-04
  0.197961083901E-02  0.823728253553E-04
  0.201874587466E-02  0.856485152126E-04
  0.205854986914E-02  0.890451700661E-04
  0.209903425735E-02  0.925670655276E-04
  0.214021066967E-02  0.962186247473E-04
  0.218209093530E-02  0.100004423417E-03
  0.222468708561E-02  0.103929194938E-03
  0.226801135767E-02  0.107997835765E-03
  0.231207619770E-02  0.112215410920E-03
  0.235689426467E-02  0.116587159699E-03
  0.240247843395E-02  0.121118501562E-03
  0.244884180098E-02  0.125815042218E-03
  0.249599768506E-02  0.130682579917E-03
  0.254395963318E-02  0.135727111942E-03
  0.259274142386E-02  0.140954841325E-03
  0.264235707117E-02  0.146372183779E-03
  0.269282082872E-02  0.151985774860E-03
  0.274414719379E-02  0.157802477365E-03
  0.279635091143E-02  0.163829388980E-03
  0.284944697877E-02  0.170073850166E-03
  0.290345064928E-02  0.176543452321E-03
  0.295837743717E-02  0.183246046197E-03
  0.301424312185E-02  0.190189750604E-03
  0.307106375243E-02  0.197382961388E-03
  0.312885565239E-02  0.204834360717E-03
  0.318763542423E-02  0.212552926656E-03
  0.324741995424E-02  0.220547943068E-03
  0.330822641735E-02  0.228829009833E-03
  0.337007228208E-02  0.237406053399E-03
  0.343297531556E-02  0.246289337677E-03
  0.349695358861E-02  0.255489475297E-03
  0.356202548094E-02  0.265017439223E-03
  0.362820968646E-02  0.274884574747E-03
  0.369552521861E-02  0.285102611875E-03
  0.376399141583E-02  0.295683678109E-03
  0.383362794714E-02  0.306640311651E-03
  0.390445481777E-02  0.317985475025E-03
  0.397649237491E-02  0.329732569144E-03
  0.404976131354E-02  0.341895447827E-03
  0.412428268243E-02  0.354488432791E-03
  0.420007789012E-02  0.367526329113E-03
  0.427716871110E-02  0.381024441201E-03
  0.435557729208E-02  0.394998589265E-03
  0.443532615832E-02  0.409465126328E-03
  0.451643822013E-02  0.424440955769E-03
  0.459893677943E-02  0.439943549435E-03
  0.468284553647E-02  0.455990966324E-03
  0.476818859661E-02  0.472601871868E-03
  0.485499047726E-02  0.489795557823E-03
  0.494327611491E-02  0.507591962793E-03
  0.503307087233E-02  0.526011693407E-03
  0.512440054580E-02  0.545076046158E-03
  0.521729137258E-02  0.564807029939E-03
  0.531177003841E-02  0.585227389282E-03
  0.540786368517E-02  0.606360628334E-03
  0.550559991872E-02  0.628231035580E-03
  0.560500681678E-02  0.650863709349E-03
  0.570611293702E-02  0.674284584103E-03
  0.580894732528E-02  0.698520457563E-03
  0.591353952390E-02  0.723599018671E-03
  0.601991958018E-02  0.749548876417E-03
  0.612811805506E-02  0.776399589574E-03
  0.623816603186E-02  0.804181697338E-03
  0.635009512524E-02  0.832926750926E-03
  0.646393749026E-02  0.862667346140E-03
  0.657972583163E-02  0.893437156935E-03
  0.669749341310E-02  0.925270970021E-03
  0.681727406702E-02  0.958204720517E-03
  0.693910220405E-02  0.992275528695E-03
  0.706301282306E-02  0.102752173785E-02
  0.718904152117E-02  0.106398295330E-02
  0.731722450399E-02  0.110170008261E-02
  0.744759859600E-02  0.114071537697E-02
  0.758020125116E-02  0.118107247388E-02
  0.771507056366E-02  0.122281644107E-02
  0.785224527882E-02  0.126599382179E-02
  0.799176480430E-02  0.131065268138E-02
  0.813366922135E-02  0.135684265529E-02
  0.827799929636E-02  0.140461499850E-02
  0.842479649258E-02  0.145402263641E-02
  0.857410298199E-02  0.150512021723E-02
  0.872596165747E-02  0.155796416590E-02
  0.888041614507E-02  0.161261273961E-02
  0.903751081658E-02  0.166912608492E-02
  0.919729080225E-02  0.172756629657E-02
  0.935980200378E-02  0.178799747797E-02
  0.952509110751E-02  0.185048580348E-02
  0.969320559778E-02  0.191509958238E-02
  0.986419377064E-02  0.198190932484E-02
  0.100381047477E-01  0.205098780960E-02
  0.102149884902E-01  0.212241015371E-02
  0.103948958134E-01  0.219625388415E-02
  0.105778784012E-01  0.227259901157E-02
  0.107639888209E-01  0.235152810597E-02
  0.109532805386E-01  0.243312637463E-02
  0.111458079340E-01  0.251748174208E-02
  0.113416263165E-01  0.260468493243E-02
  0.115407919410E-01  0.269482955383E-02
  0.117433620239E-01  0.278801218529E-02
  0.119493947596E-01  0.288433246595E-02
  0.121589493374E-01  0.298389318661E-02
  0.123720859583E-01  0.308680038390E-02
  0.125888658522E-01  0.319316343684E-02
  0.128093512959E-01  0.330309516604E-02
  0.130336056306E-01  0.341671193554E-02
  0.132616932801E-01  0.353413375725E-02
  0.134936797696E-01  0.365548439825E-02
  0.137296317445E-01  0.378089149076E-02
  0.139696169890E-01  0.391048664501E-02
  0.142137044464E-01  0.404440556497E-02
  0.144619642382E-01  0.418278816709E-02
  0.147144676847E-01  0.432577870194E-02
  0.149712873252E-01  0.447352587896E-02
  0.152324969390E-01  0.462618299432E-02
  0.154981715666E-01  0.478390806187E-02
  0.157683875312E-01  0.494686394737E-02
  0.160432224606E-01  0.511521850590E-02
  0.163227553096E-01  0.528914472260E-02
  0.166070663825E-01  0.546882085673E-02
  0.168962373564E-01  0.565443058918E-02
  0.171903513045E-01  0.584616317331E-02
  0.174894927201E-01  0.604421358940E-02
  0.177937475407E-01  0.624878270244E-02
  0.181032031729E-01  0.646007742366E-02
  0.184179485172E-01  0.667831087553E-02
  0.187380739939E-01  0.690370256039E-02
  0.190636715688E-01  0.713647853281E-02
  0.193948347799E-01  0.737687157554E-02
  0.197316587639E-01  0.762512137922E-02
  0.200742402838E-01  0.788147472582E-02
  0.204226777567E-01  0.814618567580E-02
  0.207770712820E-01  0.841951575902E-02
  0.211375226699E-01  0.870173416951E-02
  0.215041354713E-01  0.899311796384E-02
  0.218770150068E-01  0.929395226348E-02
  0.222562683976E-01  0.960453046070E-02
  0.226420045959E-01  0.992515442842E-02
  0.230343344161E-01  0.102561347337E-01
  0.234333705670E-01  0.105977908549E-01
  0.238392276841E-01  0.109504514028E-01
  0.242520223621E-01  0.113144543447E-01
  0.246718731891E-01  0.116901472331E-01
  0.250989007800E-01  0.120778874370E-01
  0.255332278116E-01  0.124780423773E-01
  0.259749790577E-01  0.128909897653E-01
  0.264242814248E-01  0.133171178444E-01
  0.268812639888E-01  0.137568256358E-01
  0.273460580319E-01  0.142105231861E-01
  0.278187970806E-01  0.146786318191E-01
  0.282996169435E-01  0.151615843896E-01
  0.287886557510E-01  0.156598255406E-01
  0.292860539943E-01  0.161738119627E-01
  0.297919545665E-01  0.167040126560E-01
  0.303065028029E-01  0.172509091944E-01
  0.308298465233E-01  0.178149959914E-01
  0.313621360742E-01  0.183967805689E-01
  0.319035243721E-01  0.189967838261E-01
  0.324541669474E-01  0.196155403109E-01
  0.330142219890E-01  0.202535984918E-01
  0.335838503899E-01  0.209115210308E-01
  0.341632157934E-01  0.215898850566E-01
  0.347524846399E-01  0.222892824383E-01
  0.353518262149E-01  0.230103200583E-01
  0.359614126977E-01  0.237536200852E-01
  0.365814192106E-01  0.245198202456E-01
  0.372120238697E-01  0.253095740939E-01
  0.378534078352E-01  0.261235512810E-01
  0.385057553646E-01  0.269624378204E-01
  0.391692538645E-01  0.278269363511E-01
  0.398440939453E-01  0.287177663976E-01
  0.405304694755E-01  0.296356646256E-01
  0.412285776375E-01  0.305813850931E-01
  0.419386189841E-01  0.315556994967E-01
  0.426607974967E-01  0.325593974116E-01
  0.433953206431E-01  0.335932865253E-01
  0.441423994375E-01  0.346581928636E-01
  0.449022485013E-01  0.357549610089E-01
  0.456750861243E-01  0.368844543099E-01
  0.464611343280E-01  0.380475550803E-01
  0.472606189287E-01  0.392451647885E-01
  0.480737696029E-01  0.404782042342E-01
  0.489008199529E-01  0.417476137136E-01
  0.497420075745E-01  0.430543531703E-01
  0.505975741245E-01  0.443994023318E-01
  0.514677653907E-01  0.457837608301E-01
  0.523528313620E-01  0.472084483059E-01
  0.532530263010E-01  0.486745044937E-01
  0.541686088161E-01  0.501829892881E-01
  0.550998419365E-01  0.517349827897E-01
  0.560469931874E-01  0.533315853285E-01
  0.570103346672E-01  0.549739174636E-01
  0.579901431250E-01  0.566631199586E-01
  0.589867000411E-01  0.584003537303E-01
  0.600002917068E-01  0.601867997692E-01
  0.610312093074E-01  0.620236590307E-01
  0.620797490057E-01  0.639121522951E-01
  0.631462120267E-01  0.658535199941E-01
  0.642309047447E-01  0.678490220032E-01
  0.653341387710E-01  0.698999373968E-01
  0.664562310432E-01  0.720075641658E-01
  0.675975039168E-01  0.741732188937E-01
  0.687582852574E-01  0.763982363911E-01
  0.699389085350E-01  0.786839692856E-01
  0.711397129198E-01  0.810317875654E-01
  0.723610433798E-01  0.834430780735E-01
  0.736032507795E-01  0.859192439525E-01
  0.748666919810E-01  0.884617040354E-01
  0.761517299466E-01  0.910718921811E-01
  0.774587338427E-01  0.937512565534E-01
  0.787880791465E-01  0.965012588390E-01
  0.801401477529E-01  0.993233734043E-01
  0.815153280852E-01  0.102219086387E+00
  0.829140152060E-01  0.105189894720E+00
  0.843366109312E-01  0.108237305088E+00
  0.857835239449E-01  0.111362832812E+00
  0.872551699172E-01  0.114568000655E+00
  0.887519716236E-01  0.117854337557E+00
  0.902743590662E-01  0.121223377289E+00
  0.918227695974E-01  0.124676657022E+00
  0.933976480457E-01  0.128215715817E+00
  0.949994468432E-01  0.131842093025E+00
  0.966286261556E-01  0.135557326598E+00
  0.982856540146E-01  0.139362951314E+00
  0.999710064523E-01  0.143260496901E+00
  0.101685167638E+00  0.147251486068E+00
  0.103428630017E+00  0.151337432444E+00
  0.105201894451E+00  0.155519838411E+00
  0.107005470367E+00  0.159800192834E+00
  0.108839875896E+00  0.164179968693E+00
  0.110705638027E+00  0.168660620606E+00
  0.112603292758E+00  0.173243582248E+00
  0.114533385248E+00  0.177930263657E+00
  0.116496469976E+00  0.182722048436E+00
  0.118493110897E+00  0.187620290841E+00
  0.120523881608E+00  0.192626312760E+00
  0.122589365511E+00  0.197741400577E+00
  0.124690155978E+00  0.202966801926E+00
  0.126826856526E+00  0.208303722333E+00
  0.129000080988E+00  0.213753321744E+00
  0.131210453690E+00  0.219316710940E+00
  0.133458609628E+00  0.224994947846E+00
  0.135745194654E+00  0.230789033725E+00
  0.138070865660E+00  0.236699909266E+00
  0.140436290766E+00  0.242728450562E+00
  0.142842149513E+00  0.248875464990E+00
  0.145289133057E+00  0.255141686982E+00
  0.147777944370E+00  0.261527773702E+00
  0.150309298440E+00  0.268034300625E+00
  0.152883922474E+00  0.274661757026E+00
  0.155502556113E+00  0.281410541384E+00
  0.158165951639E+00  0.288280956698E+00
  0.160874874195E+00  0.295273205734E+00
  0.163630102002E+00  0.302387386194E+00
  0.166432426582E+00  0.309623485827E+00
  0.169282652990E+00  0.316981377480E+00
  0.172181600041E+00  0.324460814099E+00
  0.175130100546E+00  0.332061423686E+00
  0.178129001552E+00  0.339782704228E+00
  0.181179164585E+00  0.347624018595E+00
  0.184281465899E+00  0.355584589432E+00
  0.187436796724E+00  0.363663494034E+00
  0.190646063526E+00  0.371859659233E+00
  0.193910188265E+00  0.380171856307E+00
  0.197230108660E+00  0.388598695899E+00
  0.200606778462E+00  0.397138622992E+00
  0.204041167722E+00  0.405789911927E+00
  0.207534263072E+00  0.414550661479E+00
  0.211087068013E+00  0.423418790017E+00
  0.214700603196E+00  0.432392030744E+00
  0.218375906719E+00  0.441467927044E+00
  0.222114034428E+00  0.450643827937E+00
  0.225916060212E+00  0.459916883662E+00
  0.229783076321E+00  0.469284041402E+00
  0.233716193673E+00  0.478742041161E+00
  0.237716542178E+00  0.488287411812E+00
  0.241785271057E+00  0.497916467322E+00
  0.245923549178E+00  0.507625303173E+00
  0.250132565388E+00  0.517409793006E+00
  0.254413528856E+00  0.527265585473E+00
  0.258767669420E+00  0.537188101353E+00
  0.263196237940E+00  0.547172530907E+00
  0.267700506659E+00  0.557213831536E+00
  0.272281769565E+00  0.567306725712E+00
  0.276941342767E+00  0.577445699247E+00
  0.281680564869E+00  0.587624999896E+00
  0.286500797360E+00  0.597838636323E+00
  0.291403424997E+00  0.608080377464E+00
  0.296389856212E+00  0.618343752308E+00
  0.301461523510E+00  0.628622050121E+00
  0.306619883881E+00  0.638908321169E+00
  0.311866419224E+00  0.649195377930E+00
  0.317202636767E+00  0.659475796887E+00
  0.322630069502E+00  0.669741920880E+00
  0.328150276624E+00  0.679985862113E+00
  0.333764843983E+00  0.690199505792E+00
  0.339475384535E+00  0.700374514501E+00
  0.345283538809E+00  0.710502333285E+00
  0.351190975373E+00  0.720574195539E+00
  0.357199391322E+00  0.730581129677E+00
  0.363310512755E+00  0.740513966679E+00
  0.369526095281E+00  0.750363348471E+00
  0.375847924515E+00  0.760119737240E+00
  0.382277816597E+00  0.769773425622E+00
  0.388817618711E+00  0.779314547869E+00
  0.395469209615E+00  0.788733091908E+00
  0.402234500182E+00  0.798018912388E+00
  0.409115433950E+00  0.807161744630E+00
  0.416113987677E+00  0.816151219558E+00
  0.423232171914E+00  0.824976879489E+00
  0.430472031575E+00  0.833628194895E+00
  0.437835646533E+00  0.842094581963E+00
  0.445325132213E+00  0.850365421065E+00
  0.452942640197E+00  0.858430075953E+00
  0.460690358849E+00  0.866277913784E+00
  0.468570513939E+00  0.873898325773E+00
  0.476585369283E+00  0.881280748560E+00
  0.484737227393E+00  0.888414686090E+00
  0.493028430141E+00  0.895289732076E+00
  0.501461359428E+00  0.901895592840E+00
  0.510038437872E+00  0.908222110580E+00
  0.518762129502E+00  0.914259286872E+00
  0.527634940466E+00  0.919997306407E+00
  0.536659419750E+00  0.925426560828E+00
  0.545838159912E+00  0.930537672597E+00
  0.555173797828E+00  0.935321518791E+00
  0.564669015445E+00  0.939769254745E+00
  0.574326540555E+00  0.943872337436E+00
  0.584149147579E+00  0.947622548517E+00
  0.594139658362E+00  0.951012016924E+00
  0.604300942983E+00  0.954033240910E+00
  0.614635920584E+00  0.956679109512E+00
  0.625147560203E+00  0.958942923220E+00
  0.635838881632E+00  0.960818413936E+00
  0.646712956279E+00  0.962299763932E+00
  0.657772908056E+00  0.963381623973E+00
  0.669021914274E+00  0.964059130243E+00
  0.680463206553E+00  0.964327920321E+00
  0.692100071757E+00  0.964184147805E+00
  0.703935852930E+00  0.963624495885E+00
  0.715973950265E+00  0.962646189418E+00
  0.728217822073E+00  0.961247005898E+00
  0.740670985782E+00  0.959425284797E+00
  0.753337018944E+00  0.957179935780E+00
  0.766219560267E+00  0.954510445189E+00
  0.779322310655E+00  0.951416881402E+00
  0.792649034274E+00  0.947899898403E+00
  0.806203559634E+00  0.943960738252E+00
  0.819989780688E+00  0.939601231731E+00
  0.834011657951E+00  0.934823797953E+00
  0.848273219637E+00  0.929631442143E+00
  0.862778562816E+00  0.924027752461E+00
  0.877531854593E+00  0.918016895037E+00
  0.892537333304E+00  0.911603608131E+00
  0.907799309730E+00  0.904793194579E+00
  0.923322168344E+00  0.897591513475E+00
  0.939110368562E+00  0.890004970211E+00
  0.955168446029E+00  0.882040505892E+00
  0.971501013919E+00  0.873705585208E+00
  0.988112764263E+00  0.865008183794E+00
  0.100500846930E+01  0.855956774182E+00
  0.102219298283E+01  0.846560311353E+00
  0.103967124163E+01  0.836828217013E+00
  0.105744826688E+01  0.826770363583E+00
  0.107552916556E+01  0.816397057037E+00
  0.109391913198E+01  0.805719019562E+00
  0.111262344920E+01  0.794747371191E+00
  0.113164749062E+01  0.783493611333E+00
  0.115099672148E+01  0.771969597004E+00
  0.117067670044E+01  0.760187501407E+00
  0.119069308118E+01  0.748159814655E+00
  0.121105161400E+01  0.735899326797E+00
  0.123175814753E+01  0.723419107242E+00
  0.125281863036E+01  0.710732484089E+00
  0.127423911275E+01  0.697853022920E+00
  0.129602574838E+01  0.684794505550E+00
  0.131818479615E+01  0.671570908325E+00
  0.134072262192E+01  0.658196380334E+00
  0.136364570036E+01  0.644685221239E+00
  0.138696061684E+01  0.631051858961E+00
  0.141067406927E+01  0.617310827051E+00
  0.143479287008E+01  0.603476741843E+00
  0.145932394813E+01  0.589564279352E+00
  0.148427435072E+01  0.575588151883E+00
  0.150965124562E+01  0.561563084444E+00
  0.153546192313E+01  0.547503790794E+00
  0.156171379815E+01  0.533424949370E+00
  0.158841441233E+01  0.519341178789E+00
  0.161557143624E+01  0.505267013292E+00
  0.164319267158E+01  0.491216877750E+00
  0.167128605339E+01  0.477205062679E+00
  0.169985965236E+01  0.463245698827E+00
  0.172892167712E+01  0.449352731865E+00
  0.175848047663E+01  0.435539896689E+00
  0.178854454257E+01  0.421820691947E+00
  0.181912251176E+01  0.408208354261E+00
  0.185022316866E+01  0.394715832805E+00
  0.188185544788E+01  0.381355763710E+00
  0.191402843677E+01  0.368140444991E+00
  0.194675137801E+01  0.355081811457E+00
  0.198003367225E+01  0.342191410349E+00
  0.201388488087E+01  0.329480377143E+00
  0.204831472865E+01  0.316959412308E+00
  0.208333310664E+01  0.304638758457E+00
  0.211895007492E+01  0.292528178678E+00
  0.215517586556E+01  0.280636935516E+00
  0.219202088554E+01  0.268973771376E+00
  0.222949571972E+01  0.257546889842E+00
  0.226761113389E+01  0.246363938648E+00
  0.230637807786E+01  0.235431993848E+00
  0.234580768864E+01  0.224757545856E+00
  0.238591129359E+01  0.214346486949E+00
  0.242670041369E+01  0.204204100839E+00
  0.246818676688E+01  0.194335053950E+00
  0.251038227138E+01  0.184743388936E+00
  0.255329904913E+01  0.175432520096E+00
  0.259694942931E+01  0.166405231175E+00
  0.264134595182E+01  0.157663675197E+00
  0.268650137092E+01  0.149209376770E+00
  0.273242865889E+01  0.141043236526E+00
  0.277914100975E+01  0.133165538034E+00
  0.282665184305E+01  0.125575956894E+00
  0.287497480775E+01  0.118273572245E+00
  0.292412378608E+01  0.111256880432E+00
  0.297411289761E+01  0.104523810961E+00
  0.302495650323E+01  0.980717445088E-01
  0.307666920934E+01  0.918975330494E-01
  0.312926587198E+01  0.859975218479E-01
  0.318276160117E+01  0.803675733397E-01
  0.323717176519E+01  0.750030926361E-01
  0.329251199502E+01  0.698990546182E-01
  0.334879818885E+01  0.650500323656E-01
  0.340604651661E+01  0.604502268316E-01
  0.346427342464E+01  0.560934975143E-01
  0.352349564040E+01  0.519733940007E-01
  0.358373017729E+01  0.480831881355E-01
  0.364499433952E+01  0.444159066674E-01
  0.370730572710E+01  0.409643641327E-01
  0.377068224089E+01  0.377211958129E-01
  0.383514208773E+01  0.346788905404E-01
  0.390070378570E+01  0.318298231825E-01
  0.396738616939E+01  0.291662865949E-01
  0.403520839537E+01  0.266805228816E-01
  0.410418994764E+01  0.243647537711E-01
  0.417435064329E+01  0.222112099616E-01
  0.424571063811E+01  0.202121592692E-01
  0.431829043244E+01  0.183599334527E-01
  0.439211087707E+01  0.166469535797E-01
  0.446719317918E+01  0.150657538305E-01
  0.454355890845E+01  0.136090036400E-01
  0.462123000329E+01  0.122695281014E-01
  0.470022877710E+01  0.110403265667E-01
  0.478057792469E+01  0.991458939964E-02
  0.486230052882E+01  0.888571284900E-02
  0.494542006682E+01  0.794731203132E-02
  0.502996041732E+01  0.709323202345E-02
  0.511594586712E+01  0.631755708414E-02
  0.520340111819E+01  0.561461803672E-02
  0.529235129472E+01  0.497899785973E-02
  0.538282195038E+01  0.440553554465E-02
  0.547483907563E+01  0.388932829213E-02
  0.556842910522E+01  0.342573212830E-02
  0.566361892575E+01  0.301036103227E-02
  0.576043588341E+01  0.263908467378E-02
  0.585890779185E+01  0.230802486658E-02
  0.595906294013E+01  0.201355084813E-02
  0.606093010089E+01  0.175227350005E-02
  0.616453853860E+01  0.152103862611E-02
  0.626991801796E+01  0.131691940554E-02
  0.637709881244E+01  0.113720813894E-02
  0.648611171303E+01  0.979407402885E-03
  0.659698803701E+01  0.841220726260E-03
  0.670975963701E+01  0.720542897907E-03
  0.682445891012E+01  0.615450010269E-03
  0.694111880723E+01  0.524189338338E-03
  0.705977284247E+01  0.445169146899E-03
  0.718045510285E+01  0.376948512257E-03
  0.730320025805E+01  0.318227237370E-03
  0.742804357036E+01  0.267835931667E-03
  0.755502090487E+01  0.224726318978E-03
  0.768416873970E+01  0.187961829110E-03
  0.781552417653E+01  0.156708520390E-03
  0.794912495123E+01  0.130226371538E-03
  0.808500944471E+01  0.107860983439E-03
  0.822321669397E+01  0.890357019833E-04
  0.836378640327E+01  0.732441888102E-04
  0.850675895557E+01  0.600434500619E-04
  0.865217542412E+01  0.490473283942E-04
  0.880007758426E+01  0.399204583235E-04
  0.895050792540E+01  0.323726800937E-04
  0.910350966329E+01  0.261539029458E-04
  0.925912675235E+01  0.210494049357E-04
  0.941740389837E+01  0.168755532842E-04
  0.957838657131E+01  0.134759266394E-04
  0.974212101837E+01  0.107178185605E-04
  0.990865427729E+01  0.848909995928E-05
  0.100780341899E+02  0.669541713153E-05
  0.102503094156E+02  0.525770131344E-05
  0.104255294460E+02  0.410996537124E-05
  0.106037446182E+02  0.319736320258E-05
  0.107850061301E+02  0.247448763491E-05
  0.109693660545E+02  0.190388296798E-05
  0.111568773546E+02  0.145474873183E-05
  0.113475938986E+02  0.110181160564E-05
  0.115415704758E+02  0.824342620940E-06
  0.117388628119E+02  0.605296562050E-06
  0.119395275851E+02  0.430549612479E-06
  0.121436224425E+02  0.288209398073E-06
  0.123512060167E+02  0.167968094546E-06
  0.125623379424E+02  0.604633755399E-07
  0.127770788737E+02  0.000000000000E+00
  0.129954905016E+02  0.000000000000E+00
  0.132176355714E+02  0.000000000000E+00
  0.134435779011E+02  0.000000000000E+00
  0.136733823996E+02  0.000000000000E+00
  0.139071150853E+02  0.000000000000E+00
  0.141448431051E+02  0.000000000000E+00
  0.143866347536E+02  0.000000000000E+00
  0.146325594929E+02  0.000000000000E+00
  0.148826879724E+02  0.000000000000E+00
  0.151370920491E+02  0.000000000000E+00
  0.153958448085E+02  0.000000000000E+00
  0.156590205852E+02  0.000000000000E+00
  0.159266949846E+02  0.000000000000E+00
  0.161989449042E+02  0.000000000000E+00
  0.164758485562E+02  0.000000000000E+00
  0.167574854897E+02  0.000000000000E+00
  0.170439366135E+02  0.000000000000E+00
  0.173352842195E+02  0.000000000000E+00
  0.176316120062E+02  0.000000000000E+00
  0.179330051029E+02  0.000000000000E+00
  0.182395500940E+02  0.000000000000E+00
  0.185513350438E+02  0.000000000000E+00
  0.188684495222E+02  0.000000000000E+00
  0.191909846301E+02  0.000000000000E+00
  0.195190330255E+02  0.000000000000E+00
  0.198526889504E+02  0.000000000000E+00
  0.201920482577E+02  0.000000000000E+00
  0.205372084387E+02  0.000000000000E+00
  0.208882686513E+02  0.000000000000E+00
  0.212453297483E+02  0.000000000000E+00
  0.216084943064E+02  0.000000000000E+00
  0.219778666558E+02  0.000000000000E+00
  0.223535529101E+02  0.000000000000E+00
  0.227356609965E+02  0.000000000000E+00
  0.231243006874E+02  0.000000000000E+00
  0.235195836314E+02  0.000000000000E+00
  0.239216233857E+02  0.000000000000E+00
  0.243305354485E+02  0.000000000000E+00
  0.247464372923E+02  0.000000000000E+00
  0.251694483977E+02  0.000000000000E+00
  0.255996902876E+02  0.000000000000E+00
  0.260372865621E+02  0.000000000000E+00
  0.264823629342E+02  0.000000000000E+00
  0.269350472658E+02  0.000000000000E+00
  0.273954696042E+02  0.000000000000E+00
  0.278637622200E+02  0.000000000000E+00
  0.283400596445E+02  0.000000000000E+00
  0.288244987087E+02  0.000000000000E+00
  0.293172185826E+02  0.000000000000E+00
  0.298183608151E+02  0.000000000000E+00
  0.303280693747E+02  0.000000000000E+00
  0.308464906907E+02  0.000000000000E+00
  0.313737736956E+02  0.000000000000E+00
  0.319100698676E+02  0.000000000000E+00
  0.324555332743E+02  0.000000000000E+00
  0.330103206165E+02  0.000000000000E+00
  0.335745912742E+02  0.000000000000E+00
  0.341485073512E+02  0.000000000000E+00
  0.347322337226E+02  0.000000000000E+00
  0.353259380817E+02  0.000000000000E+00
  0.359297909882E+02  0.000000000000E+00
  0.365439659174E+02  0.000000000000E+00
  0.371686393098E+02  0.000000000000E+00
  0.378039906221E+02  0.000000000000E+00
  0.384502023784E+02  0.000000000000E+00
  0.391074602228E+02  0.000000000000E+00
  0.397759529727E+02  0.000000000000E+00
  0.404558726733E+02  0.000000000000E+00
  0.411474146522E+02  0.000000000000E+00
  0.418507775762E+02  0.000000000000E+00
  0.425661635077E+02  0.000000000000E+00
  0.432937779633E+02  0.000000000000E+00
  0.440338299725E+02  0.000000000000E+00
  0.447865321380E+02  0.000000000000E+00
  0.455521006966E+02  0.000000000000E+00
  0.463307555812E+02  0.000000000000E+00
  0.471227204844E+02  0.000000000000E+00
  0.479282229223E+02  0.000000000000E+00
  0.487474943003E+02  0.000000000000E+00
  0.495807699790E+02  0.000000000000E+00
  0.504282893426E+02  0.000000000000E+00
  0.512902958668E+02  0.000000000000E+00
  0.521670371896E+02  0.000000000000E+00
  0.530587651817E+02  0.000000000000E+00
  0.539657360193E+02  0.000000000000E+00
  0.548882102576E+02  0.000000000000E+00
  0.558264529055E+02  0.000000000000E+00
  0.567807335021E+02  0.000000000000E+00
  0.577513261938E+02  0.000000000000E+00
  0.587385098129E+02  0.000000000000E+00
  0.597425679582E+02  0.000000000000E+00
  0.607637890763E+02  0.000000000000E+00
  0.618024665441E+02  0.000000000000E+00
  0.628588987537E+02  0.000000000000E+00
  0.639333891975E+02  0.000000000000E+00
  0.650262465558E+02  0.000000000000E+00
  0.661377847856E+02  0.000000000000E+00
  0.672683232100E+02  0.000000000000E+00
  0.684181866111E+02  0.000000000000E+00
  0.695877053222E+02  0.000000000000E+00
  0.707772153235E+02  0.000000000000E+00
  0.719870583381E+02  0.000000000000E+00
  0.732175819307E+02  0.000000000000E+00
  0.744691396067E+02  0.000000000000E+00
  0.757420909145E+02  0.000000000000E+00
  0.770368015483E+02  0.000000000000E+00
  0.783536434535E+02  0.000000000000E+00
  0.796929949333E+02  0.000000000000E+00
  0.810552407574E+02  0.000000000000E+00
  davegp - end printing all-electron states

 subroutine lderiv: pass   1

 leaving lderiv
