========================================================================
pseudopotential program version  7.3.6   date: 10 - 29 -   15
========================================================================

 ifae =   1    ifpsp =   0    ifprt =   0    ifplw =   0    ilogd =   3
 rlogd=   1.50000     emin=  -2.40000     emax=   1.60000     nnt=   80
 thresh, tol =   1.000E-11   1.000E-09    damp = 0.500    maxit = 250
 z, xion, exfact   8.00000000000000       0.250000000000000     
   5.00000000000000     

          *************************************************************
          oxygen               PBE - GGA           exchange-correlation
          *************************************************************

 z =  8.00    xion = 0.25    exfact =   5.00000    irel=   0
 ncspvs =    3
 rmax =  80.00000    aasf =   6.00000    bbsf =  59.00000

 value of mesh generated in rinit is   737
 irel = 0 so all electron calculations use schroedinger equations


                         the system has converged with
                                 delta= 0.6849783D-09


                             the eigenvalues are


          orbital          occupation          energy
           100                   1.75             -39.24726
           200                   2.00              -2.07977
           210                   4.00              -0.97645
 etot=   -140.25822 ryd ;      -1908.21298 ev            ebsr,ehar,emvxc=    -76.74806     67.91017      4.40002
  davegp - begin printing all-electron states
           3
         737           0         100
  0.000000000000E+00  0.000000000000E+00
  0.529635113499E-05  0.229996332708E-03
  0.106832360010E-04  0.463923597986E-03
  0.161622021457E-04  0.701848429065E-03
  0.217348235702E-04  0.943838564732E-03
  0.274027011807E-04  0.118996286828E-02
  0.331674632488E-04  0.144029134550E-02
  0.390307658791E-04  0.169489516305E-02
  0.449942934849E-04  0.195384666697E-02
  0.510597592724E-04  0.221721940167E-02
  0.572289057325E-04  0.248508812908E-02
  0.635035051415E-04  0.275752884819E-02
  0.698853600706E-04  0.303461881491E-02
  0.763763039030E-04  0.331643656220E-02
  0.829782013614E-04  0.360306192057E-02
  0.896929490432E-04  0.389457603888E-02
  0.965224759654E-04  0.419106140554E-02
  0.103468744119E-03  0.449260186992E-02
  0.110533749032E-03  0.479928266427E-02
  0.117719520345E-03  0.511119042585E-02
  0.125028122389E-03  0.542841321950E-02
  0.132461654785E-03  0.575104056053E-02
  0.140022253043E-03  0.607916343796E-02
  0.147712089177E-03  0.641287433821E-02
  0.155533372328E-03  0.675226726908E-02
  0.163488349398E-03  0.709743778414E-02
  0.171579305700E-03  0.744848300752E-02
  0.179808565607E-03  0.780550165909E-02
  0.188178493228E-03  0.816859408003E-02
  0.196691493080E-03  0.853786225877E-02
  0.205350010784E-03  0.891340985744E-02
  0.214156533764E-03  0.929534223862E-02
  0.223113591964E-03  0.968376649256E-02
  0.232223758573E-03  0.100787914648E-01
  0.241489650766E-03  0.104805277844E-01
  0.250913930455E-03  0.108890878922E-01
  0.260499305052E-03  0.113045860699E-01
  0.270248528251E-03  0.117271384695E-01
  0.280164400814E-03  0.121568631430E-01
  0.290249771379E-03  0.125938800729E-01
  0.300507537280E-03  0.130383112026E-01
  0.310940645372E-03  0.134902804681E-01
  0.321552092887E-03  0.139499138292E-01
  0.332344928287E-03  0.144173393019E-01
  0.343322252146E-03  0.148926869912E-01
  0.354487218036E-03  0.153760891237E-01
  0.365843033437E-03  0.158676800815E-01
  0.377392960653E-03  0.163675964364E-01
  0.389140317755E-03  0.168759769841E-01
  0.401088479533E-03  0.173929627794E-01
  0.413240878461E-03  0.179186971719E-01
  0.425601005689E-03  0.184533258417E-01
  0.438172412041E-03  0.189969968361E-01
  0.450958709041E-03  0.195498606065E-01
  0.463963569943E-03  0.201120700461E-01
  0.477190730792E-03  0.206837805279E-01
  0.490643991496E-03  0.212651499428E-01
  0.504327216916E-03  0.218563387394E-01
  0.518244337978E-03  0.224575099626E-01
  0.532399352802E-03  0.230688292944E-01
  0.546796327850E-03  0.236904650940E-01
  0.561439399093E-03  0.243225884392E-01
  0.576332773203E-03  0.249653731674E-01
  0.591480728758E-03  0.256189959182E-01
  0.606887617473E-03  0.262836361758E-01
  0.622557865448E-03  0.269594763118E-01
  0.638495974442E-03  0.276467016293E-01
  0.654706523167E-03  0.283455004064E-01
  0.671194168598E-03  0.290560639413E-01
  0.687963647318E-03  0.297785865972E-01
  0.705019776872E-03  0.305132658478E-01
  0.722367457158E-03  0.312603023236E-01
  0.740011671827E-03  0.320198998583E-01
  0.757957489721E-03  0.327922655362E-01
  0.776210066327E-03  0.335776097397E-01
  0.794774645257E-03  0.343761461974E-01
  0.813656559754E-03  0.351880920325E-01
  0.832861234228E-03  0.360136678126E-01
  0.852394185810E-03  0.368530975985E-01
  0.872261025938E-03  0.377066089950E-01
  0.892467461973E-03  0.385744332011E-01
  0.913019298830E-03  0.394568050612E-01
  0.933922440657E-03  0.403539631169E-01
  0.955182892520E-03  0.412661496588E-01
  0.976806762136E-03  0.421936107793E-01
  0.998800261625E-03  0.431365964257E-01
  0.102116970929E-02  0.440953604533E-01
  0.104392153145E-02  0.450701606802E-01
  0.106706226425E-02  0.460612589408E-01
  0.109059855559E-02  0.470689211418E-01
  0.111453716698E-02  0.480934173169E-01
  0.113888497552E-02  0.491350216829E-01
  0.116364897587E-02  0.501940126962E-01
  0.118883628224E-02  0.512706731093E-01
  0.121445413047E-02  0.523652900284E-01
  0.124050988005E-02  0.534781549707E-01
  0.126701101631E-02  0.546095639227E-01
  0.129396515252E-02  0.557598173988E-01
  0.132138003206E-02  0.569292205000E-01
  0.134926353070E-02  0.581180829733E-01
  0.137762365885E-02  0.593267192715E-01
  0.140646856380E-02  0.605554486134E-01
  0.143580653215E-02  0.618045950438E-01
  0.146564599212E-02  0.630744874948E-01
  0.149599551601E-02  0.643654598466E-01
  0.152686382266E-02  0.656778509894E-01
  0.155825977993E-02  0.670120048844E-01
  0.159019240728E-02  0.683682706265E-01
  0.162267087832E-02  0.697470025065E-01
  0.165570452350E-02  0.711485600735E-01
  0.168930283274E-02  0.725733081974E-01
  0.172347545819E-02  0.740216171326E-01
  0.175823221697E-02  0.754938625805E-01
  0.179358309404E-02  0.769904257530E-01
  0.182953824502E-02  0.785116934359E-01
  0.186610799913E-02  0.800580580525E-01
  0.190330286214E-02  0.816299177269E-01
  0.194113351943E-02  0.832276763477E-01
  0.197961083901E-02  0.848517436318E-01
  0.201874587466E-02  0.865025351875E-01
  0.205854986914E-02  0.881804725782E-01
  0.209903425735E-02  0.898859833857E-01
  0.214021066967E-02  0.916195012735E-01
  0.218209093530E-02  0.933814660493E-01
  0.222468708561E-02  0.951723237281E-01
  0.226801135767E-02  0.969925265946E-01
  0.231207619770E-02  0.988425332652E-01
  0.235689426467E-02  0.100722808749E+00
  0.240247843395E-02  0.102633824511E+00
  0.244884180098E-02  0.104576058531E+00
  0.249599768506E-02  0.106549995362E+00
  0.254395963318E-02  0.108556126195E+00
  0.259274142386E-02  0.110594948914E+00
  0.264235707117E-02  0.112666968153E+00
  0.269282082872E-02  0.114772695356E+00
  0.274414719379E-02  0.116912648834E+00
  0.279635091143E-02  0.119087353817E+00
  0.284944697877E-02  0.121297342509E+00
  0.290345064928E-02  0.123543154146E+00
  0.295837743717E-02  0.125825335041E+00
  0.301424312185E-02  0.128144438639E+00
  0.307106375243E-02  0.130501025566E+00
  0.312885565239E-02  0.132895663676E+00
  0.318763542423E-02  0.135328928097E+00
  0.324741995424E-02  0.137801401276E+00
  0.330822641735E-02  0.140313673023E+00
  0.337007228208E-02  0.142866340549E+00
  0.343297531556E-02  0.145460008510E+00
  0.349695358861E-02  0.148095289038E+00
  0.356202548094E-02  0.150772801779E+00
  0.362820968646E-02  0.153493173924E+00
  0.369552521861E-02  0.156257040242E+00
  0.376399141583E-02  0.159065043102E+00
  0.383362794714E-02  0.161917832501E+00
  0.390445481777E-02  0.164816066084E+00
  0.397649237491E-02  0.167760409163E+00
  0.404976131354E-02  0.170751534734E+00
  0.412428268243E-02  0.173790123485E+00
  0.420007789012E-02  0.176876863808E+00
  0.427716871110E-02  0.180012451803E+00
  0.435557729208E-02  0.183197591278E+00
  0.443532615832E-02  0.186432993745E+00
  0.451643822013E-02  0.189719378415E+00
  0.459893677943E-02  0.193057472186E+00
  0.468284553647E-02  0.196448009626E+00
  0.476818859661E-02  0.199891732948E+00
  0.485499047726E-02  0.203389391993E+00
  0.494327611491E-02  0.206941744189E+00
  0.503307087233E-02  0.210549554520E+00
  0.512440054580E-02  0.214213595481E+00
  0.521729137258E-02  0.217934647030E+00
  0.531177003841E-02  0.221713496533E+00
  0.540786368517E-02  0.225550938705E+00
  0.550559991872E-02  0.229447775539E+00
  0.560500681678E-02  0.233404816233E+00
  0.570611293702E-02  0.237422877107E+00
  0.580894732528E-02  0.241502781516E+00
  0.591353952390E-02  0.245645359748E+00
  0.601991958018E-02  0.249851448924E+00
  0.612811805506E-02  0.254121892881E+00
  0.623816603186E-02  0.258457542049E+00
  0.635009512524E-02  0.262859253322E+00
  0.646393749026E-02  0.267327889912E+00
  0.657972583163E-02  0.271864321207E+00
  0.669749341310E-02  0.276469422599E+00
  0.681727406702E-02  0.281144075322E+00
  0.693910220405E-02  0.285889166264E+00
  0.706301282306E-02  0.290705587778E+00
  0.718904152117E-02  0.295594237473E+00
  0.731722450399E-02  0.300556018001E+00
  0.744759859600E-02  0.305591836822E+00
  0.758020125116E-02  0.310702605969E+00
  0.771507056366E-02  0.315889241788E+00
  0.785224527882E-02  0.321152664667E+00
  0.799176480430E-02  0.326493798760E+00
  0.813366922135E-02  0.331913571680E+00
  0.827799929636E-02  0.337412914193E+00
  0.842479649258E-02  0.342992759886E+00
  0.857410298199E-02  0.348654044824E+00
  0.872596165747E-02  0.354397707186E+00
  0.888041614507E-02  0.360224686891E+00
  0.903751081658E-02  0.366135925196E+00
  0.919729080225E-02  0.372132364290E+00
  0.935980200378E-02  0.378214946854E+00
  0.952509110751E-02  0.384384615612E+00
  0.969320559778E-02  0.390642312859E+00
  0.986419377064E-02  0.396988979969E+00
  0.100381047477E-01  0.403425556883E+00
  0.102149884902E-01  0.409952981571E+00
  0.103948958134E-01  0.416572189478E+00
  0.105778784012E-01  0.423284112944E+00
  0.107639888209E-01  0.430089680598E+00
  0.109532805386E-01  0.436989816737E+00
  0.111458079340E-01  0.443985440668E+00
  0.113416263165E-01  0.451077466035E+00
  0.115407919410E-01  0.458266800114E+00
  0.117433620239E-01  0.465554343086E+00
  0.119493947596E-01  0.472940987275E+00
  0.121589493374E-01  0.480427616369E+00
  0.123720859583E-01  0.488015104604E+00
  0.125888658522E-01  0.495704315920E+00
  0.128093512959E-01  0.503496103090E+00
  0.130336056306E-01  0.511391306816E+00
  0.132616932801E-01  0.519390754795E+00
  0.134936797696E-01  0.527495260749E+00
  0.137296317445E-01  0.535705623431E+00
  0.139696169890E-01  0.544022625585E+00
  0.142137044464E-01  0.552447032884E+00
  0.144619642382E-01  0.560979592826E+00
  0.147144676847E-01  0.569621033596E+00
  0.149712873252E-01  0.578372062894E+00
  0.152324969390E-01  0.587233366720E+00
  0.154981715666E-01  0.596205608132E+00
  0.157683875312E-01  0.605289425953E+00
  0.160432224606E-01  0.614485433451E+00
  0.163227553096E-01  0.623794216973E+00
  0.166070663825E-01  0.633216334539E+00
  0.168962373564E-01  0.642752314395E+00
  0.171903513045E-01  0.652402653531E+00
  0.174894927201E-01  0.662167816150E+00
  0.177937475407E-01  0.672048232096E+00
  0.181032031729E-01  0.682044295243E+00
  0.184179485172E-01  0.692156361834E+00
  0.187380739939E-01  0.702384748788E+00
  0.190636715688E-01  0.712729731945E+00
  0.193948347799E-01  0.723191544284E+00
  0.197316587639E-01  0.733770374089E+00
  0.200742402838E-01  0.744466363063E+00
  0.204226777567E-01  0.755279604409E+00
  0.207770712820E-01  0.766210140860E+00
  0.211375226699E-01  0.777257962657E+00
  0.215041354713E-01  0.788423005494E+00
  0.218770150068E-01  0.799705148405E+00
  0.222562683976E-01  0.811104211614E+00
  0.226420045959E-01  0.822619954331E+00
  0.230343344161E-01  0.834252072514E+00
  0.234333705670E-01  0.846000196574E+00
  0.238392276841E-01  0.857863889039E+00
  0.242520223621E-01  0.869842642180E+00
  0.246718731891E-01  0.881935875583E+00
  0.250989007800E-01  0.894142933685E+00
  0.255332278116E-01  0.906463083265E+00
  0.259749790577E-01  0.918895510890E+00
  0.264242814248E-01  0.931439320329E+00
  0.268812639888E-01  0.944093529919E+00
  0.273460580319E-01  0.956857069894E+00
  0.278187970806E-01  0.969728779681E+00
  0.282996169435E-01  0.982707405157E+00
  0.287886557510E-01  0.995791595873E+00
  0.292860539943E-01  0.100897990225E+01
  0.297919545665E-01  0.102227077272E+01
  0.303065028029E-01  0.103566255090E+01
  0.308298465233E-01  0.104915347267E+01
  0.313621360742E-01  0.106274166323E+01
  0.319035243721E-01  0.107642513424E+01
  0.324541669474E-01  0.109020178080E+01
  0.330142219890E-01  0.110406937850E+01
  0.335838503899E-01  0.111802558045E+01
  0.341632157934E-01  0.113206791427E+01
  0.347524846399E-01  0.114619377911E+01
  0.353518262149E-01  0.116040044268E+01
  0.359614126977E-01  0.117468503819E+01
  0.365814192106E-01  0.118904456145E+01
  0.372120238697E-01  0.120347586784E+01
  0.378534078352E-01  0.121797566938E+01
  0.385057553646E-01  0.123254053182E+01
  0.391692538645E-01  0.124716687169E+01
  0.398440939453E-01  0.126185095348E+01
  0.405304694755E-01  0.127658888680E+01
  0.412285776375E-01  0.129137662357E+01
  0.419386189841E-01  0.130620995533E+01
  0.426607974967E-01  0.132108451057E+01
  0.433953206431E-01  0.133599575208E+01
  0.441423994375E-01  0.135093897450E+01
  0.449022485013E-01  0.136590930179E+01
  0.456750861243E-01  0.138090168495E+01
  0.464611343280E-01  0.139591089971E+01
  0.472606189287E-01  0.141093154443E+01
  0.480737696029E-01  0.142595803801E+01
  0.489008199529E-01  0.144098461804E+01
  0.497420075745E-01  0.145600533900E+01
  0.505975741245E-01  0.147101407062E+01
  0.514677653907E-01  0.148600449647E+01
  0.523528313620E-01  0.150097011260E+01
  0.532530263010E-01  0.151590422643E+01
  0.541686088161E-01  0.153079995585E+01
  0.550998419365E-01  0.154565022844E+01
  0.560469931874E-01  0.156044778097E+01
  0.570103346672E-01  0.157518515910E+01
  0.579901431250E-01  0.158985471733E+01
  0.589867000411E-01  0.160444861918E+01
  0.600002917068E-01  0.161895883761E+01
  0.610312093074E-01  0.163337715582E+01
  0.620797490057E-01  0.164769516820E+01
  0.631462120267E-01  0.166190428167E+01
  0.642309047447E-01  0.167599571733E+01
  0.653341387710E-01  0.168996051239E+01
  0.664562310432E-01  0.170378952251E+01
  0.675975039168E-01  0.171747342444E+01
  0.687582852574E-01  0.173100271905E+01
  0.699389085350E-01  0.174436773479E+01
  0.711397129198E-01  0.175755863146E+01
  0.723610433798E-01  0.177056540447E+01
  0.736032507795E-01  0.178337788950E+01
  0.748666919810E-01  0.179598576758E+01
  0.761517299466E-01  0.180837857065E+01
  0.774587338427E-01  0.182054568760E+01
  0.787880791465E-01  0.183247637074E+01
  0.801401477529E-01  0.184415974282E+01
  0.815153280852E-01  0.185558480450E+01
  0.829140152060E-01  0.186674044239E+01
  0.843366109312E-01  0.187761543755E+01
  0.857835239449E-01  0.188819847463E+01
  0.872551699172E-01  0.189847815143E+01
  0.887519716236E-01  0.190844298914E+01
  0.902743590662E-01  0.191808144305E+01
  0.918227695974E-01  0.192738191388E+01
  0.933976480457E-01  0.193633275971E+01
  0.949994468432E-01  0.194492230841E+01
  0.966286261556E-01  0.195313887078E+01
  0.982856540146E-01  0.196097075417E+01
  0.999710064523E-01  0.196840627675E+01
  0.101685167638E+00  0.197543378240E+01
  0.103428630017E+00  0.198204165612E+01
  0.105201894451E+00  0.198821834008E+01
  0.107005470367E+00  0.199395235027E+01
  0.108839875896E+00  0.199923229371E+01
  0.110705638027E+00  0.200404688619E+01
  0.112603292758E+00  0.200838497065E+01
  0.114533385248E+00  0.201223553611E+01
  0.116496469976E+00  0.201558773701E+01
  0.118493110897E+00  0.201843091327E+01
  0.120523881608E+00  0.202075461067E+01
  0.122589365511E+00  0.202254860182E+01
  0.124690155978E+00  0.202380290755E+01
  0.126826856526E+00  0.202450781875E+01
  0.129000080988E+00  0.202465391857E+01
  0.131210453690E+00  0.202423210500E+01
  0.133458609628E+00  0.202323361387E+01
  0.135745194654E+00  0.202165004198E+01
  0.138070865660E+00  0.201947337067E+01
  0.140436290766E+00  0.201669598944E+01
  0.142842149513E+00  0.201331071981E+01
  0.145289133057E+00  0.200931083934E+01
  0.147777944370E+00  0.200469010558E+01
  0.150309298440E+00  0.199944278010E+01
  0.152883922474E+00  0.199356365250E+01
  0.155502556113E+00  0.198704806415E+01
  0.158165951639E+00  0.197989193189E+01
  0.160874874195E+00  0.197209177138E+01
  0.163630102002E+00  0.196364472009E+01
  0.166432426582E+00  0.195454855993E+01
  0.169282652990E+00  0.194480173935E+01
  0.172181600041E+00  0.193440339482E+01
  0.175130100546E+00  0.192335337170E+01
  0.178129001552E+00  0.191165224427E+01
  0.181179164585E+00  0.189930133499E+01
  0.184281465899E+00  0.188630273270E+01
  0.187436796724E+00  0.187265930988E+01
  0.190646063526E+00  0.185837473869E+01
  0.193910188265E+00  0.184345350577E+01
  0.197230108660E+00  0.182790092574E+01
  0.200606778462E+00  0.181172315320E+01
  0.204041167722E+00  0.179492719327E+01
  0.207534263072E+00  0.177752091037E+01
  0.211087068013E+00  0.175951303545E+01
  0.214700603196E+00  0.174091317120E+01
  0.218375906719E+00  0.172173179560E+01
  0.222114034428E+00  0.170198026325E+01
  0.225916060212E+00  0.168167080489E+01
  0.229783076321E+00  0.166081652466E+01
  0.233716193673E+00  0.163943139527E+01
  0.237716542178E+00  0.161753025101E+01
  0.241785271057E+00  0.159512877850E+01
  0.245923549178E+00  0.157224350523E+01
  0.250132565388E+00  0.154889178589E+01
  0.254413528856E+00  0.152509178650E+01
  0.258767669420E+00  0.150086246636E+01
  0.263196237940E+00  0.147622355787E+01
  0.267700506659E+00  0.145119554440E+01
  0.272281769565E+00  0.142579963605E+01
  0.276941342767E+00  0.140005774374E+01
  0.281680564869E+00  0.137399245138E+01
  0.286500797360E+00  0.134762698650E+01
  0.291403424997E+00  0.132098518935E+01
  0.296389856212E+00  0.129409148047E+01
  0.301461523510E+00  0.126697082691E+01
  0.306619883881E+00  0.123964870702E+01
  0.311866419224E+00  0.121215107358E+01
  0.317202636767E+00  0.118450431533E+01
  0.322630069502E+00  0.115673521607E+01
  0.328150276624E+00  0.112887091119E+01
  0.333764843983E+00  0.110093884057E+01
  0.339475384535E+00  0.107296669695E+01
  0.345283538809E+00  0.104498236876E+01
  0.351190975373E+00  0.101701387620E+01
  0.357199391322E+00  0.989089299511E+00
  0.363310512755E+00  0.961236698911E+00
  0.369526095281E+00  0.933484025851E+00
  0.375847924515E+00  0.905859026368E+00
  0.382277816597E+00  0.878389137961E+00
  0.388817618711E+00  0.851101382661E+00
  0.395469209615E+00  0.824022259555E+00
  0.402234500182E+00  0.797177640958E+00
  0.409115433950E+00  0.770592676303E+00
  0.416113987677E+00  0.744291707865E+00
  0.423232171914E+00  0.718298201292E+00
  0.430472031575E+00  0.692634692933E+00
  0.437835646533E+00  0.667322753983E+00
  0.445325132213E+00  0.642382970026E+00
  0.452942640197E+00  0.617834932598E+00
  0.460690358849E+00  0.593697238615E+00
  0.468570513939E+00  0.569987492776E+00
  0.476585369283E+00  0.546722308781E+00
  0.484737227393E+00  0.523917306029E+00
  0.493028430141E+00  0.501587100243E+00
  0.501461359428E+00  0.479745287714E+00
  0.510038437872E+00  0.458404424364E+00
  0.518762129502E+00  0.437576001339E+00
  0.527634940466E+00  0.417270419365E+00
  0.536659419750E+00  0.397496963818E+00
  0.545838159912E+00  0.378263782286E+00
  0.555173797828E+00  0.359577865864E+00
  0.564669015445E+00  0.341445035098E+00
  0.574326540555E+00  0.323869931056E+00
  0.584149147579E+00  0.306856011797E+00
  0.594139658362E+00  0.290405554261E+00
  0.604300942983E+00  0.274519661513E+00
  0.614635920584E+00  0.259198275170E+00
  0.625147560203E+00  0.244440192810E+00
  0.635838881632E+00  0.230243090144E+00
  0.646712956279E+00  0.216603547712E+00
  0.657772908056E+00  0.203517081871E+00
  0.669021914274E+00  0.190978179838E+00
  0.680463206553E+00  0.178980338556E+00
  0.692100071757E+00  0.167516107114E+00
  0.703935852930E+00  0.156577132506E+00
  0.715973950265E+00  0.146154208417E+00
  0.728217822073E+00  0.136237326803E+00
  0.740670985782E+00  0.126815731925E+00
  0.753337018944E+00  0.117877976581E+00
  0.766219560267E+00  0.109411980144E+00
  0.779322310655E+00  0.101405088149E+00
  0.792649034274E+00  0.938441330032E-01
  0.806203559634E+00  0.867154955312E-01
  0.819989780688E+00  0.800051669356E-01
  0.834011657951E+00  0.736988108640E-01
  0.848273219637E+00  0.677818251662E-01
  0.862778562816E+00  0.622394030395E-01
  0.877531854593E+00  0.570565931594E-01
  0.892537333304E+00  0.522183585112E-01
  0.907799309730E+00  0.477096335504E-01
  0.923322168344E+00  0.435153794350E-01
  0.939110368562E+00  0.396206370013E-01
  0.955168446029E+00  0.360105772662E-01
  0.971501013919E+00  0.326705491783E-01
  0.988112764263E+00  0.295861244503E-01
  0.100500846930E+01  0.267431392546E-01
  0.102219298283E+01  0.241277326682E-01
  0.103967124163E+01  0.217263817131E-01
  0.105744826688E+01  0.195259329357E-01
  0.107552916556E+01  0.175136304373E-01
  0.109391913198E+01  0.156771403559E-01
  0.111262344920E+01  0.140045717773E-01
  0.113164749062E+01  0.124844941296E-01
  0.115099672148E+01  0.111059510997E-01
  0.117067670044E+01  0.985847117622E-02
  0.119069308118E+01  0.873207491299E-02
  0.121105161400E+01  0.771727905760E-02
  0.123175814753E+01  0.680509768735E-02
  0.125281863036E+01  0.598704053141E-02
  0.127423911275E+01  0.525510865612E-02
  0.129602574838E+01  0.460178771846E-02
  0.131818479615E+01  0.402003898907E-02
  0.134072262192E+01  0.350328836489E-02
  0.136364570036E+01  0.304541358680E-02
  0.138696061684E+01  0.264072988749E-02
  0.141067406927E+01  0.228397428792E-02
  0.143479287008E+01  0.197028876352E-02
  0.145932394813E+01  0.169520249197E-02
  0.148427435072E+01  0.145461339099E-02
  0.150965124562E+01  0.124476914338E-02
  0.153546192313E+01  0.106224789796E-02
  0.156171379815E+01  0.903938822519E-03
  0.158841441233E+01  0.767022672404E-03
  0.161557143624E+01  0.648952524928E-03
  0.164319267158E+01  0.547434815057E-03
  0.167128605339E+01  0.460410793514E-03
  0.169985965236E+01  0.386038513180E-03
  0.172892167712E+01  0.322675435060E-03
  0.175848047663E+01  0.268861730038E-03
  0.178854454257E+01  0.223304338718E-03
  0.181912251176E+01  0.184861837497E-03
  0.185022316866E+01  0.152530146337E-03
  0.188185544788E+01  0.125429101104E-03
  0.191402843677E+01  0.102789902358E-03
  0.194675137801E+01  0.839434418198E-04
  0.198003367225E+01  0.683094987286E-04
  0.201388488087E+01  0.553867898195E-04
  0.204831472865E+01  0.447438497275E-04
  0.208333310664E+01  0.360107123225E-04
  0.211895007492E+01  0.288713586108E-04
  0.215517586556E+01  0.230568926003E-04
  0.219202088554E+01  0.183394035042E-04
  0.222949571972E+01  0.145264702149E-04
  0.226761113389E+01  0.114562624837E-04
  0.230637807786E+01  0.899319218022E-05
  0.234580768864E+01  0.702406756921E-05
  0.238591129359E+01  0.545470329355E-05
  0.242670041369E+01  0.420693870445E-05
  0.246818676688E+01  0.321601690467E-05
  0.251038227138E+01  0.242827617083E-05
  0.255329904913E+01  0.179910373718E-05
  0.259694942931E+01  0.129109872298E-05
  0.264134595182E+01  0.872385315554E-06
  0.268650137092E+01  0.515007957449E-06
  0.273242865889E+01  0.193325307803E-06
  0.277914100975E+01  0.000000000000E+00
  0.282665184305E+01  0.000000000000E+00
  0.287497480775E+01  0.000000000000E+00
  0.292412378608E+01  0.000000000000E+00
  0.297411289761E+01  0.000000000000E+00
  0.302495650323E+01  0.000000000000E+00
  0.307666920934E+01  0.000000000000E+00
  0.312926587198E+01  0.000000000000E+00
  0.318276160117E+01  0.000000000000E+00
  0.323717176519E+01  0.000000000000E+00
  0.329251199502E+01  0.000000000000E+00
  0.334879818885E+01  0.000000000000E+00
  0.340604651661E+01  0.000000000000E+00
  0.346427342464E+01  0.000000000000E+00
  0.352349564040E+01  0.000000000000E+00
  0.358373017729E+01  0.000000000000E+00
  0.364499433952E+01  0.000000000000E+00
  0.370730572710E+01  0.000000000000E+00
  0.377068224089E+01  0.000000000000E+00
  0.383514208773E+01  0.000000000000E+00
  0.390070378570E+01  0.000000000000E+00
  0.396738616939E+01  0.000000000000E+00
  0.403520839537E+01  0.000000000000E+00
  0.410418994764E+01  0.000000000000E+00
  0.417435064329E+01  0.000000000000E+00
  0.424571063811E+01  0.000000000000E+00
  0.431829043244E+01  0.000000000000E+00
  0.439211087707E+01  0.000000000000E+00
  0.446719317918E+01  0.000000000000E+00
  0.454355890845E+01  0.000000000000E+00
  0.462123000329E+01  0.000000000000E+00
  0.470022877710E+01  0.000000000000E+00
  0.478057792469E+01  0.000000000000E+00
  0.486230052882E+01  0.000000000000E+00
  0.494542006682E+01  0.000000000000E+00
  0.502996041732E+01  0.000000000000E+00
  0.511594586712E+01  0.000000000000E+00
  0.520340111819E+01  0.000000000000E+00
  0.529235129472E+01  0.000000000000E+00
  0.538282195038E+01  0.000000000000E+00
  0.547483907563E+01  0.000000000000E+00
  0.556842910522E+01  0.000000000000E+00
  0.566361892575E+01  0.000000000000E+00
  0.576043588341E+01  0.000000000000E+00
  0.585890779185E+01  0.000000000000E+00
  0.595906294013E+01  0.000000000000E+00
  0.606093010089E+01  0.000000000000E+00
  0.616453853860E+01  0.000000000000E+00
  0.626991801796E+01  0.000000000000E+00
  0.637709881244E+01  0.000000000000E+00
  0.648611171303E+01  0.000000000000E+00
  0.659698803701E+01  0.000000000000E+00
  0.670975963701E+01  0.000000000000E+00
  0.682445891012E+01  0.000000000000E+00
  0.694111880723E+01  0.000000000000E+00
  0.705977284247E+01  0.000000000000E+00
  0.718045510285E+01  0.000000000000E+00
  0.730320025805E+01  0.000000000000E+00
  0.742804357036E+01  0.000000000000E+00
  0.755502090487E+01  0.000000000000E+00
  0.768416873970E+01  0.000000000000E+00
  0.781552417653E+01  0.000000000000E+00
  0.794912495123E+01  0.000000000000E+00
  0.808500944471E+01  0.000000000000E+00
  0.822321669397E+01  0.000000000000E+00
  0.836378640327E+01  0.000000000000E+00
  0.850675895557E+01  0.000000000000E+00
  0.865217542412E+01  0.000000000000E+00
  0.880007758426E+01  0.000000000000E+00
  0.895050792540E+01  0.000000000000E+00
  0.910350966329E+01  0.000000000000E+00
  0.925912675235E+01  0.000000000000E+00
  0.941740389837E+01  0.000000000000E+00
  0.957838657131E+01  0.000000000000E+00
  0.974212101837E+01  0.000000000000E+00
  0.990865427729E+01  0.000000000000E+00
  0.100780341899E+02  0.000000000000E+00
  0.102503094156E+02  0.000000000000E+00
  0.104255294460E+02  0.000000000000E+00
  0.106037446182E+02  0.000000000000E+00
  0.107850061301E+02  0.000000000000E+00
  0.109693660545E+02  0.000000000000E+00
  0.111568773546E+02  0.000000000000E+00
  0.113475938986E+02  0.000000000000E+00
  0.115415704758E+02  0.000000000000E+00
  0.117388628119E+02  0.000000000000E+00
  0.119395275851E+02  0.000000000000E+00
  0.121436224425E+02  0.000000000000E+00
  0.123512060167E+02  0.000000000000E+00
  0.125623379424E+02  0.000000000000E+00
  0.127770788737E+02  0.000000000000E+00
  0.129954905016E+02  0.000000000000E+00
  0.132176355714E+02  0.000000000000E+00
  0.134435779011E+02  0.000000000000E+00
  0.136733823996E+02  0.000000000000E+00
  0.139071150853E+02  0.000000000000E+00
  0.141448431051E+02  0.000000000000E+00
  0.143866347536E+02  0.000000000000E+00
  0.146325594929E+02  0.000000000000E+00
  0.148826879724E+02  0.000000000000E+00
  0.151370920491E+02  0.000000000000E+00
  0.153958448085E+02  0.000000000000E+00
  0.156590205852E+02  0.000000000000E+00
  0.159266949846E+02  0.000000000000E+00
  0.161989449042E+02  0.000000000000E+00
  0.164758485562E+02  0.000000000000E+00
  0.167574854897E+02  0.000000000000E+00
  0.170439366135E+02  0.000000000000E+00
  0.173352842195E+02  0.000000000000E+00
  0.176316120062E+02  0.000000000000E+00
  0.179330051029E+02  0.000000000000E+00
  0.182395500940E+02  0.000000000000E+00
  0.185513350438E+02  0.000000000000E+00
  0.188684495222E+02  0.000000000000E+00
  0.191909846301E+02  0.000000000000E+00
  0.195190330255E+02  0.000000000000E+00
  0.198526889504E+02  0.000000000000E+00
  0.201920482577E+02  0.000000000000E+00
  0.205372084387E+02  0.000000000000E+00
  0.208882686513E+02  0.000000000000E+00
  0.212453297483E+02  0.000000000000E+00
  0.216084943064E+02  0.000000000000E+00
  0.219778666558E+02  0.000000000000E+00
  0.223535529101E+02  0.000000000000E+00
  0.227356609965E+02  0.000000000000E+00
  0.231243006874E+02  0.000000000000E+00
  0.235195836314E+02  0.000000000000E+00
  0.239216233857E+02  0.000000000000E+00
  0.243305354485E+02  0.000000000000E+00
  0.247464372923E+02  0.000000000000E+00
  0.251694483977E+02  0.000000000000E+00
  0.255996902876E+02  0.000000000000E+00
  0.260372865621E+02  0.000000000000E+00
  0.264823629342E+02  0.000000000000E+00
  0.269350472658E+02  0.000000000000E+00
  0.273954696042E+02  0.000000000000E+00
  0.278637622200E+02  0.000000000000E+00
  0.283400596445E+02  0.000000000000E+00
  0.288244987087E+02  0.000000000000E+00
  0.293172185826E+02  0.000000000000E+00
  0.298183608151E+02  0.000000000000E+00
  0.303280693747E+02  0.000000000000E+00
  0.308464906907E+02  0.000000000000E+00
  0.313737736956E+02  0.000000000000E+00
  0.319100698676E+02  0.000000000000E+00
  0.324555332743E+02  0.000000000000E+00
  0.330103206165E+02  0.000000000000E+00
  0.335745912742E+02  0.000000000000E+00
  0.341485073512E+02  0.000000000000E+00
  0.347322337226E+02  0.000000000000E+00
  0.353259380817E+02  0.000000000000E+00
  0.359297909882E+02  0.000000000000E+00
  0.365439659174E+02  0.000000000000E+00
  0.371686393098E+02  0.000000000000E+00
  0.378039906221E+02  0.000000000000E+00
  0.384502023784E+02  0.000000000000E+00
  0.391074602228E+02  0.000000000000E+00
  0.397759529727E+02  0.000000000000E+00
  0.404558726733E+02  0.000000000000E+00
  0.411474146522E+02  0.000000000000E+00
  0.418507775762E+02  0.000000000000E+00
  0.425661635077E+02  0.000000000000E+00
  0.432937779633E+02  0.000000000000E+00
  0.440338299725E+02  0.000000000000E+00
  0.447865321380E+02  0.000000000000E+00
  0.455521006966E+02  0.000000000000E+00
  0.463307555812E+02  0.000000000000E+00
  0.471227204844E+02  0.000000000000E+00
  0.479282229223E+02  0.000000000000E+00
  0.487474943003E+02  0.000000000000E+00
  0.495807699790E+02  0.000000000000E+00
  0.504282893426E+02  0.000000000000E+00
  0.512902958668E+02  0.000000000000E+00
  0.521670371896E+02  0.000000000000E+00
  0.530587651817E+02  0.000000000000E+00
  0.539657360193E+02  0.000000000000E+00
  0.548882102576E+02  0.000000000000E+00
  0.558264529055E+02  0.000000000000E+00
  0.567807335021E+02  0.000000000000E+00
  0.577513261938E+02  0.000000000000E+00
  0.587385098129E+02  0.000000000000E+00
  0.597425679582E+02  0.000000000000E+00
  0.607637890763E+02  0.000000000000E+00
  0.618024665441E+02  0.000000000000E+00
  0.628588987537E+02  0.000000000000E+00
  0.639333891975E+02  0.000000000000E+00
  0.650262465558E+02  0.000000000000E+00
  0.661377847856E+02  0.000000000000E+00
  0.672683232100E+02  0.000000000000E+00
  0.684181866111E+02  0.000000000000E+00
  0.695877053222E+02  0.000000000000E+00
  0.707772153235E+02  0.000000000000E+00
  0.719870583381E+02  0.000000000000E+00
  0.732175819307E+02  0.000000000000E+00
  0.744691396067E+02  0.000000000000E+00
  0.757420909145E+02  0.000000000000E+00
  0.770368015483E+02  0.000000000000E+00
  0.783536434535E+02  0.000000000000E+00
  0.796929949333E+02  0.000000000000E+00
  0.810552407574E+02  0.000000000000E+00
         737           0         200
  0.000000000000E+00  0.000000000000E+00
  0.529635113499E-05  0.550050007035E-04
  0.106832360010E-04  0.110950107419E-03
  0.161622021457E-04  0.167851255819E-03
  0.217348235702E-04  0.225724645967E-03
  0.274027011807E-04  0.284586746854E-03
  0.331674632488E-04  0.344454300701E-03
  0.390307658791E-04  0.405344327341E-03
  0.449942934849E-04  0.467274128666E-03
  0.510597592724E-04  0.530261293146E-03
  0.572289057325E-04  0.594323700424E-03
  0.635035051415E-04  0.659479525983E-03
  0.698853600706E-04  0.725747245893E-03
  0.763763039030E-04  0.793145641625E-03
  0.829782013614E-04  0.861693804956E-03
  0.896929490432E-04  0.931411142943E-03
  0.965224759654E-04  0.100231738298E-02
  0.103468744119E-03  0.107443257795E-02
  0.110533749032E-03  0.114777711141E-02
  0.117719520345E-03  0.122237170294E-02
  0.125028122389E-03  0.129823741352E-02
  0.132461654785E-03  0.137539565098E-02
  0.140022253043E-03  0.145386817558E-02
  0.147712089177E-03  0.153367710569E-02
  0.155533372328E-03  0.161484492347E-02
  0.163488349398E-03  0.169739448075E-02
  0.171579305700E-03  0.178134900497E-02
  0.179808565607E-03  0.186673210512E-02
  0.188178493228E-03  0.195356777794E-02
  0.196691493080E-03  0.204188041408E-02
  0.205350010784E-03  0.213169480443E-02
  0.214156533764E-03  0.222303614652E-02
  0.223113591964E-03  0.231593005102E-02
  0.232223758573E-03  0.241040254836E-02
  0.241489650766E-03  0.250648009542E-02
  0.250913930455E-03  0.260418958240E-02
  0.260499305052E-03  0.270355833965E-02
  0.270248528251E-03  0.280461414479E-02
  0.280164400814E-03  0.290738522978E-02
  0.290249771379E-03  0.301190028818E-02
  0.300507537280E-03  0.311818848252E-02
  0.310940645372E-03  0.322627945172E-02
  0.321552092887E-03  0.333620331870E-02
  0.332344928287E-03  0.344799069806E-02
  0.343322252146E-03  0.356167270383E-02
  0.354487218036E-03  0.367728095747E-02
  0.365843033437E-03  0.379484759580E-02
  0.377392960653E-03  0.391440527920E-02
  0.389140317755E-03  0.403598719987E-02
  0.401088479533E-03  0.415962709016E-02
  0.413240878461E-03  0.428535923109E-02
  0.425601005689E-03  0.441321846097E-02
  0.438172412041E-03  0.454324018409E-02
  0.450958709041E-03  0.467546037959E-02
  0.463963569943E-03  0.480991561043E-02
  0.477190730792E-03  0.494664303246E-02
  0.490643991496E-03  0.508568040361E-02
  0.504327216916E-03  0.522706609325E-02
  0.518244337978E-03  0.537083909160E-02
  0.532399352802E-03  0.551703901932E-02
  0.546796327850E-03  0.566570613717E-02
  0.561439399093E-03  0.581688135583E-02
  0.576332773203E-03  0.597060624582E-02
  0.591480728758E-03  0.612692304754E-02
  0.606887617473E-03  0.628587468147E-02
  0.622557865448E-03  0.644750475842E-02
  0.638495974442E-03  0.661185758994E-02
  0.654706523167E-03  0.677897819887E-02
  0.671194168598E-03  0.694891233000E-02
  0.687963647318E-03  0.712170646080E-02
  0.705019776872E-03  0.729740781234E-02
  0.722367457158E-03  0.747606436028E-02
  0.740011671827E-03  0.765772484602E-02
  0.757957489721E-03  0.784243878795E-02
  0.776210066327E-03  0.803025649280E-02
  0.794774645257E-03  0.822122906712E-02
  0.813656559754E-03  0.841540842894E-02
  0.832861234228E-03  0.861284731943E-02
  0.852394185810E-03  0.881359931476E-02
  0.872261025938E-03  0.901771883810E-02
  0.892467461973E-03  0.922526117164E-02
  0.913019298830E-03  0.943628246881E-02
  0.933922440657E-03  0.965083976660E-02
  0.955182892520E-03  0.986899099795E-02
  0.976806762136E-03  0.100907950043E-01
  0.998800261625E-03  0.103163115483E-01
  0.102116970929E-02  0.105456013265E-01
  0.104392153145E-02  0.107787259822E-01
  0.106706226425E-02  0.110157481185E-01
  0.109059855559E-02  0.112567313115E-01
  0.111453716698E-02  0.115017401233E-01
  0.113888497552E-02  0.117508401153E-01
  0.116364897587E-02  0.120040978620E-01
  0.118883628224E-02  0.122615809640E-01
  0.121445413047E-02  0.125233580621E-01
  0.124050988005E-02  0.127894988505E-01
  0.126701101631E-02  0.130600740913E-01
  0.129396515252E-02  0.133351556278E-01
  0.132138003206E-02  0.136148163989E-01
  0.134926353070E-02  0.138991304530E-01
  0.137762365885E-02  0.141881729623E-01
  0.140646856380E-02  0.144820202372E-01
  0.143580653215E-02  0.147807497404E-01
  0.146564599212E-02  0.150844401014E-01
  0.149599551601E-02  0.153931711313E-01
  0.152686382266E-02  0.157070238371E-01
  0.155825977993E-02  0.160260804364E-01
  0.159019240728E-02  0.163504243722E-01
  0.162267087832E-02  0.166801403276E-01
  0.165570452350E-02  0.170153142407E-01
  0.168930283274E-02  0.173560333194E-01
  0.172347545819E-02  0.177023860564E-01
  0.175823221697E-02  0.180544622441E-01
  0.179358309404E-02  0.184123529894E-01
  0.182953824502E-02  0.187761507291E-01
  0.186610799913E-02  0.191459492446E-01
  0.190330286214E-02  0.195218436767E-01
  0.194113351943E-02  0.199039305413E-01
  0.197961083901E-02  0.202923077437E-01
  0.201874587466E-02  0.206870745939E-01
  0.205854986914E-02  0.210883318215E-01
  0.209903425735E-02  0.214961815907E-01
  0.214021066967E-02  0.219107275148E-01
  0.218209093530E-02  0.223320746714E-01
  0.222468708561E-02  0.227603296168E-01
  0.226801135767E-02  0.231956004009E-01
  0.231207619770E-02  0.236379965816E-01
  0.235689426467E-02  0.240876292389E-01
  0.240247843395E-02  0.245446109900E-01
  0.244884180098E-02  0.250090560025E-01
  0.249599768506E-02  0.254810800090E-01
  0.254395963318E-02  0.259608003208E-01
  0.259274142386E-02  0.264483358416E-01
  0.264235707117E-02  0.269438070807E-01
  0.269282082872E-02  0.274473361664E-01
  0.274414719379E-02  0.279590468590E-01
  0.279635091143E-02  0.284790645634E-01
  0.284944697877E-02  0.290075163418E-01
  0.290345064928E-02  0.295445309255E-01
  0.295837743717E-02  0.300902387269E-01
  0.301424312185E-02  0.306447718512E-01
  0.307106375243E-02  0.312082641071E-01
  0.312885565239E-02  0.317808510178E-01
  0.318763542423E-02  0.323626698315E-01
  0.324741995424E-02  0.329538595308E-01
  0.330822641735E-02  0.335545608425E-01
  0.337007228208E-02  0.341649162466E-01
  0.343297531556E-02  0.347850699844E-01
  0.349695358861E-02  0.354151680666E-01
  0.356202548094E-02  0.360553582802E-01
  0.362820968646E-02  0.367057901960E-01
  0.369552521861E-02  0.373666151735E-01
  0.376399141583E-02  0.380379863673E-01
  0.383362794714E-02  0.387200587309E-01
  0.390445481777E-02  0.394129890211E-01
  0.397649237491E-02  0.401169358007E-01
  0.404976131354E-02  0.408320594412E-01
  0.412428268243E-02  0.415585221235E-01
  0.420007789012E-02  0.422964878390E-01
  0.427716871110E-02  0.430461223888E-01
  0.435557729208E-02  0.438075933821E-01
  0.443532615832E-02  0.445810702340E-01
  0.451643822013E-02  0.453667241613E-01
  0.459893677943E-02  0.461647281780E-01
  0.468284553647E-02  0.469752570894E-01
  0.476818859661E-02  0.477984874847E-01
  0.485499047726E-02  0.486345977280E-01
  0.494327611491E-02  0.494837679492E-01
  0.503307087233E-02  0.503461800318E-01
  0.512440054580E-02  0.512220176004E-01
  0.521729137258E-02  0.521114660063E-01
  0.531177003841E-02  0.530147123111E-01
  0.540786368517E-02  0.539319452694E-01
  0.550559991872E-02  0.548633553091E-01
  0.560500681678E-02  0.558091345099E-01
  0.570611293702E-02  0.567694765804E-01
  0.580894732528E-02  0.577445768324E-01
  0.591353952390E-02  0.587346321543E-01
  0.601991958018E-02  0.597398409812E-01
  0.612811805506E-02  0.607604032633E-01
  0.623816603186E-02  0.617965204320E-01
  0.635009512524E-02  0.628483953639E-01
  0.646393749026E-02  0.639162323414E-01
  0.657972583163E-02  0.650002370116E-01
  0.669749341310E-02  0.661006163424E-01
  0.681727406702E-02  0.672175785751E-01
  0.693910220405E-02  0.683513331752E-01
  0.706301282306E-02  0.695020907793E-01
  0.718904152117E-02  0.706700631394E-01
  0.731722450399E-02  0.718554630637E-01
  0.744759859600E-02  0.730585043546E-01
  0.758020125116E-02  0.742794017425E-01
  0.771507056366E-02  0.755183708167E-01
  0.785224527882E-02  0.767756279521E-01
  0.799176480430E-02  0.780513902327E-01
  0.813366922135E-02  0.793458753703E-01
  0.827799929636E-02  0.806593016202E-01
  0.842479649258E-02  0.819918876915E-01
  0.857410298199E-02  0.833438526543E-01
  0.872596165747E-02  0.847154158410E-01
  0.888041614507E-02  0.861067967445E-01
  0.903751081658E-02  0.875182149100E-01
  0.919729080225E-02  0.889498898232E-01
  0.935980200378E-02  0.904020407929E-01
  0.952509110751E-02  0.918748868275E-01
  0.969320559778E-02  0.933686465078E-01
  0.986419377064E-02  0.948835378524E-01
  0.100381047477E-01  0.964197781785E-01
  0.102149884902E-01  0.979775839561E-01
  0.103948958134E-01  0.995571706566E-01
  0.105778784012E-01  0.101158752594E+00
  0.107639888209E-01  0.102782542762E+00
  0.109532805386E-01  0.104428752660E+00
  0.111458079340E-01  0.106097592118E+00
  0.113416263165E-01  0.107789269108E+00
  0.115407919410E-01  0.109503989554E+00
  0.117433620239E-01  0.111241957131E+00
  0.119493947596E-01  0.113003373057E+00
  0.121589493374E-01  0.114788435875E+00
  0.123720859583E-01  0.116597341234E+00
  0.125888658522E-01  0.118430281652E+00
  0.128093512959E-01  0.120287446275E+00
  0.130336056306E-01  0.122169020630E+00
  0.132616932801E-01  0.124075186363E+00
  0.134936797696E-01  0.126006120975E+00
  0.137296317445E-01  0.127961997536E+00
  0.139696169890E-01  0.129942984407E+00
  0.142137044464E-01  0.131949244934E+00
  0.144619642382E-01  0.133980937145E+00
  0.147144676847E-01  0.136038213429E+00
  0.149712873252E-01  0.138121220207E+00
  0.152324969390E-01  0.140230097592E+00
  0.154981715666E-01  0.142364979037E+00
  0.157683875312E-01  0.144525990971E+00
  0.160432224606E-01  0.146713252423E+00
  0.163227553096E-01  0.148926874638E+00
  0.166070663825E-01  0.151166960675E+00
  0.168962373564E-01  0.153433604992E+00
  0.171903513045E-01  0.155726893027E+00
  0.174894927201E-01  0.158046900756E+00
  0.177937475407E-01  0.160393694240E+00
  0.181032031729E-01  0.162767329165E+00
  0.184179485172E-01  0.165167850357E+00
  0.187380739939E-01  0.167595291292E+00
  0.190636715688E-01  0.170049673588E+00
  0.193948347799E-01  0.172531006482E+00
  0.197316587639E-01  0.175039286293E+00
  0.200742402838E-01  0.177574495872E+00
  0.204226777567E-01  0.180136604030E+00
  0.207770712820E-01  0.182725564958E+00
  0.211375226699E-01  0.185341317628E+00
  0.215041354713E-01  0.187983785178E+00
  0.218770150068E-01  0.190652874279E+00
  0.222562683976E-01  0.193348474489E+00
  0.226420045959E-01  0.196070457591E+00
  0.230343344161E-01  0.198818676907E+00
  0.234333705670E-01  0.201592966608E+00
  0.238392276841E-01  0.204393140992E+00
  0.242520223621E-01  0.207218993757E+00
  0.246718731891E-01  0.210070297250E+00
  0.250989007800E-01  0.212946801701E+00
  0.255332278116E-01  0.215848234441E+00
  0.259749790577E-01  0.218774299097E+00
  0.264242814248E-01  0.221724674780E+00
  0.268812639888E-01  0.224699015240E+00
  0.273460580319E-01  0.227696948020E+00
  0.278187970806E-01  0.230718073581E+00
  0.282996169435E-01  0.233761964416E+00
  0.287886557510E-01  0.236828164140E+00
  0.292860539943E-01  0.239916186573E+00
  0.297919545665E-01  0.243025514795E+00
  0.303065028029E-01  0.246155600192E+00
  0.308298465233E-01  0.249305861484E+00
  0.313621360742E-01  0.252475683730E+00
  0.319035243721E-01  0.255664417330E+00
  0.324541669474E-01  0.258871376999E+00
  0.330142219890E-01  0.262095840730E+00
  0.335838503899E-01  0.265337048747E+00
  0.341632157934E-01  0.268594202438E+00
  0.347524846399E-01  0.271866463273E+00
  0.353518262149E-01  0.275152951717E+00
  0.359614126977E-01  0.278452746122E+00
  0.365814192106E-01  0.281764881611E+00
  0.372120238697E-01  0.285088348952E+00
  0.378534078352E-01  0.288422093419E+00
  0.385057553646E-01  0.291765013649E+00
  0.391692538645E-01  0.295115960482E+00
  0.398440939453E-01  0.298473735804E+00
  0.405304694755E-01  0.301837091378E+00
  0.412285776375E-01  0.305204727670E+00
  0.419386189841E-01  0.308575292674E+00
  0.426607974967E-01  0.311947380735E+00
  0.433953206431E-01  0.315319531370E+00
  0.441423994375E-01  0.318690228090E+00
  0.449022485013E-01  0.322057897223E+00
  0.456750861243E-01  0.325420906748E+00
  0.464611343280E-01  0.328777565127E+00
  0.472606189287E-01  0.332126120152E+00
  0.480737696029E-01  0.335464757795E+00
  0.489008199529E-01  0.338791601077E+00
  0.497420075745E-01  0.342104708950E+00
  0.505975741245E-01  0.345402075194E+00
  0.514677653907E-01  0.348681627336E+00
  0.523528313620E-01  0.351941225590E+00
  0.532530263010E-01  0.355178661821E+00
  0.541686088161E-01  0.358391658540E+00
  0.550998419365E-01  0.361577867929E+00
  0.560469931874E-01  0.364734870895E+00
  0.570103346672E-01  0.367860176173E+00
  0.579901431250E-01  0.370951219453E+00
  0.589867000411E-01  0.374005362568E+00
  0.600002917068E-01  0.377019892720E+00
  0.610312093074E-01  0.379992021760E+00
  0.620797490057E-01  0.382918885525E+00
  0.631462120267E-01  0.385797543232E+00
  0.642309047447E-01  0.388624976942E+00
  0.653341387710E-01  0.391398091084E+00
  0.664562310432E-01  0.394113712059E+00
  0.675975039168E-01  0.396768587918E+00
  0.687582852574E-01  0.399359388126E+00
  0.699389085350E-01  0.401882703407E+00
  0.711397129198E-01  0.404335045689E+00
  0.723610433798E-01  0.406712848141E+00
  0.736032507795E-01  0.409012465315E+00
  0.748666919810E-01  0.411230173401E+00
  0.761517299466E-01  0.413362170584E+00
  0.774587338427E-01  0.415404577538E+00
  0.787880791465E-01  0.417353438029E+00
  0.801401477529E-01  0.419204719662E+00
  0.815153280852E-01  0.420954314757E+00
  0.829140152060E-01  0.422598041378E+00
  0.843366109312E-01  0.424131644503E+00
  0.857835239449E-01  0.425550797360E+00
  0.872551699172E-01  0.426851102914E+00
  0.887519716236E-01  0.428028095536E+00
  0.902743590662E-01  0.429077242843E+00
  0.918227695974E-01  0.429993947717E+00
  0.933976480457E-01  0.430773550520E+00
  0.949994468432E-01  0.431411331499E+00
  0.966286261556E-01  0.431902513401E+00
  0.982856540146E-01  0.432242264290E+00
  0.999710064523E-01  0.432425700582E+00
  0.101685167638E+00  0.432447890308E+00
  0.103428630017E+00  0.432303856599E+00
  0.105201894451E+00  0.431988581406E+00
  0.107005470367E+00  0.431497009473E+00
  0.108839875896E+00  0.430824052542E+00
  0.110705638027E+00  0.429964593824E+00
  0.112603292758E+00  0.428913492723E+00
  0.114533385248E+00  0.427665589830E+00
  0.116496469976E+00  0.426215712185E+00
  0.118493110897E+00  0.424558678812E+00
  0.120523881608E+00  0.422689306539E+00
  0.122589365511E+00  0.420602416101E+00
  0.124690155978E+00  0.418292838529E+00
  0.126826856526E+00  0.415755421836E+00
  0.129000080988E+00  0.412985037991E+00
  0.131210453690E+00  0.409976590197E+00
  0.133458609628E+00  0.406725020466E+00
  0.135745194654E+00  0.403225317489E+00
  0.138070865660E+00  0.399472524821E+00
  0.140436290766E+00  0.395461749346E+00
  0.142842149513E+00  0.391188170064E+00
  0.145289133057E+00  0.386647047161E+00
  0.147777944370E+00  0.381833731377E+00
  0.150309298440E+00  0.376743673674E+00
  0.152883922474E+00  0.371372435180E+00
  0.155502556113E+00  0.365715697419E+00
  0.158165951639E+00  0.359769272821E+00
  0.160874874195E+00  0.353529115488E+00
  0.163630102002E+00  0.346991332227E+00
  0.166432426582E+00  0.340152193824E+00
  0.169282652990E+00  0.333008146560E+00
  0.172181600041E+00  0.325555823942E+00
  0.175130100546E+00  0.317792058649E+00
  0.178129001552E+00  0.309713894666E+00
  0.181179164585E+00  0.301318599600E+00
  0.184281465899E+00  0.292603677147E+00
  0.187436796724E+00  0.283566879704E+00
  0.190646063526E+00  0.274206221090E+00
  0.193910188265E+00  0.264519989377E+00
  0.197230108660E+00  0.254506759773E+00
  0.200606778462E+00  0.244165407571E+00
  0.204041167722E+00  0.233495121112E+00
  0.207534263072E+00  0.222495414740E+00
  0.211087068013E+00  0.211166141733E+00
  0.214700603196E+00  0.199507507164E+00
  0.218375906719E+00  0.187520080679E+00
  0.222114034428E+00  0.175204809148E+00
  0.225916060212E+00  0.162563029161E+00
  0.229783076321E+00  0.149596479341E+00
  0.233716193673E+00  0.136307312431E+00
  0.237716542178E+00  0.122698107125E+00
  0.241785271057E+00  0.108771879597E+00
  0.245923549178E+00  0.945320946940E-01
  0.250132565388E+00  0.799826767439E-01
  0.254413528856E+00  0.651280199261E-01
  0.258767669420E+00  0.499729981543E-01
  0.263196237940E+00  0.345229744057E-01
  0.267700506659E+00  0.187838094278E-01
  0.272281769565E+00  0.276186973935E-02
  0.276941342767E+00 -0.135359651663E-01
  0.281680564869E+00 -0.301022965239E-01
  0.286500797360E+00 -0.469292010294E-01
  0.291403424997E+00 -0.640082267439E-01
  0.296389856212E+00 -0.813303903266E-01
  0.301461523510E+00 -0.988861757695E-01
  0.306619883881E+00 -0.116665534818E+00
  0.311866419224E+00 -0.134657889257E+00
  0.317202636767E+00 -0.152852135237E+00
  0.322630069502E+00 -0.171236649759E+00
  0.328150276624E+00 -0.189799299387E+00
  0.333764843983E+00 -0.208527451130E+00
  0.339475384535E+00 -0.227407985288E+00
  0.345283538809E+00 -0.246427309858E+00
  0.351190975373E+00 -0.265571375859E+00
  0.357199391322E+00 -0.284825692683E+00
  0.363310512755E+00 -0.304175342373E+00
  0.369526095281E+00 -0.323604991559E+00
  0.375847924515E+00 -0.343098899822E+00
  0.382277816597E+00 -0.362640923363E+00
  0.388817618711E+00 -0.382214513352E+00
  0.395469209615E+00 -0.401802708839E+00
  0.402234500182E+00 -0.421388125042E+00
  0.409115433950E+00 -0.440952938555E+00
  0.416113987677E+00 -0.460478872037E+00
  0.423232171914E+00 -0.479947181424E+00
  0.430472031575E+00 -0.499338649184E+00
  0.437835646533E+00 -0.518633586785E+00
  0.445325132213E+00 -0.537811848999E+00
  0.452942640197E+00 -0.556852861283E+00
  0.460690358849E+00 -0.575735660134E+00
  0.468570513939E+00 -0.594438944613E+00
  0.476585369283E+00 -0.612941136292E+00
  0.484737227393E+00 -0.631220444046E+00
  0.493028430141E+00 -0.649254930467E+00
  0.501461359428E+00 -0.667022577028E+00
  0.510038437872E+00 -0.684501346371E+00
  0.518762129502E+00 -0.701669240785E+00
  0.527634940466E+00 -0.718504357033E+00
  0.536659419750E+00 -0.734984938001E+00
  0.545838159912E+00 -0.751089422138E+00
  0.555173797828E+00 -0.766796491498E+00
  0.564669015445E+00 -0.782085119277E+00
  0.574326540555E+00 -0.796934617391E+00
  0.584149147579E+00 -0.811324684594E+00
  0.594139658362E+00 -0.825235455253E+00
  0.604300942983E+00 -0.838647548923E+00
  0.614635920584E+00 -0.851542120523E+00
  0.625147560203E+00 -0.863900910988E+00
  0.635838881632E+00 -0.875706298059E+00
  0.646712956279E+00 -0.886941346899E+00
  0.657772908056E+00 -0.897589860204E+00
  0.669021914274E+00 -0.907636427382E+00
  0.680463206553E+00 -0.917066472548E+00
  0.692100071757E+00 -0.925866300850E+00
  0.703935852930E+00 -0.934023142994E+00
  0.715973950265E+00 -0.941525197463E+00
  0.728217822073E+00 -0.948361670411E+00
  0.740670985782E+00 -0.954522812732E+00
  0.753337018944E+00 -0.959999954407E+00
  0.766219560267E+00 -0.964785535607E+00
  0.779322310655E+00 -0.968873134784E+00
  0.792649034274E+00 -0.972257493204E+00
  0.806203559634E+00 -0.974934536279E+00
  0.819989780688E+00 -0.976901391104E+00
  0.834011657951E+00 -0.978156400688E+00
  0.848273219637E+00 -0.978699134230E+00
  0.862778562816E+00 -0.978530394055E+00
  0.877531854593E+00 -0.977652218507E+00
  0.892537333304E+00 -0.976067881537E+00
  0.907799309730E+00 -0.973781888218E+00
  0.923322168344E+00 -0.970799967053E+00
  0.939110368562E+00 -0.967129058254E+00
  0.955168446029E+00 -0.962777298957E+00
  0.971501013919E+00 -0.957754004520E+00
  0.988112764263E+00 -0.952069646948E+00
  0.100500846930E+01 -0.945735829570E+00
  0.102219298283E+01 -0.938765259083E+00
  0.103967124163E+01 -0.931171714074E+00
  0.105744826688E+01 -0.922970011170E+00
  0.107552916556E+01 -0.914175967955E+00
  0.109391913198E+01 -0.904806363802E+00
  0.111262344920E+01 -0.894878897779E+00
  0.113164749062E+01 -0.884412144804E+00
  0.115099672148E+01 -0.873425509198E+00
  0.117067670044E+01 -0.861939176810E+00
  0.119069308118E+01 -0.849974064918E+00
  0.121105161400E+01 -0.837551771001E+00
  0.123175814753E+01 -0.824694519664E+00
  0.125281863036E+01 -0.811425108747E+00
  0.127423911275E+01 -0.797766853950E+00
  0.129602574838E+01 -0.783743532930E+00
  0.131818479615E+01 -0.769379328271E+00
  0.134072262192E+01 -0.754698770193E+00
  0.136364570036E+01 -0.739726678472E+00
  0.138696061684E+01 -0.724488104327E+00
  0.141067406927E+01 -0.709008271838E+00
  0.143479287008E+01 -0.693312519533E+00
  0.145932394813E+01 -0.677426241806E+00
  0.148427435072E+01 -0.661374830655E+00
  0.150965124562E+01 -0.645183617546E+00
  0.153546192313E+01 -0.628877815738E+00
  0.156171379815E+01 -0.612482462989E+00
  0.158841441233E+01 -0.596022364871E+00
  0.161557143624E+01 -0.579522038725E+00
  0.164319267158E+01 -0.563005658372E+00
  0.167128605339E+01 -0.546496999747E+00
  0.169985965236E+01 -0.530019387473E+00
  0.172892167712E+01 -0.513595642665E+00
  0.175848047663E+01 -0.497248031929E+00
  0.178854454257E+01 -0.480998217959E+00
  0.181912251176E+01 -0.464867211640E+00
  0.185022316866E+01 -0.448875326203E+00
  0.188185544788E+01 -0.433042133279E+00
  0.191402843677E+01 -0.417386421515E+00
  0.194675137801E+01 -0.401926157560E+00
  0.198003367225E+01 -0.386678450173E+00
  0.201388488087E+01 -0.371659517208E+00
  0.204831472865E+01 -0.356884656271E+00
  0.208333310664E+01 -0.342368218763E+00
  0.211895007492E+01 -0.328123588078E+00
  0.215517586556E+01 -0.314163161620E+00
  0.219202088554E+01 -0.300498337341E+00
  0.222949571972E+01 -0.287139504374E+00
  0.226761113389E+01 -0.274096038379E+00
  0.230637807786E+01 -0.261376301072E+00
  0.234580768864E+01 -0.248987644428E+00
  0.238591129359E+01 -0.236936418940E+00
  0.242670041369E+01 -0.225227986289E+00
  0.246818676688E+01 -0.213866735727E+00
  0.251038227138E+01 -0.202856104390E+00
  0.255329904913E+01 -0.192198600805E+00
  0.259694942931E+01 -0.181895831694E+00
  0.264134595182E+01 -0.171948531319E+00
  0.268650137092E+01 -0.162356593392E+00
  0.273242865889E+01 -0.153119104818E+00
  0.277914100975E+01 -0.144234381251E+00
  0.282665184305E+01 -0.135700003780E+00
  0.287497480775E+01 -0.127512856722E+00
  0.292412378608E+01 -0.119669165923E+00
  0.297411289761E+01 -0.112164537549E+00
  0.302495650323E+01 -0.104993996897E+00
  0.307666920934E+01 -0.981520272230E-01
  0.312926587198E+01 -0.916326082349E-01
  0.318276160117E+01 -0.854292543052E-01
  0.323717176519E+01 -0.795350521374E-01
  0.329251199502E+01 -0.739426979994E-01
  0.334879818885E+01 -0.686445343389E-01
  0.340604651661E+01 -0.636325859203E-01
  0.346427342464E+01 -0.588985953618E-01
  0.352349564040E+01 -0.544340582114E-01
  0.358373017729E+01 -0.502302574753E-01
  0.364499433952E+01 -0.462782977100E-01
  0.370730572710E+01 -0.425691385964E-01
  0.377068224089E+01 -0.390936280608E-01
  0.383514208773E+01 -0.358425348451E-01
  0.390070378570E+01 -0.328065805321E-01
  0.396738616939E+01 -0.299764709030E-01
  0.403520839537E+01 -0.273429265757E-01
  0.410418994764E+01 -0.248967127759E-01
  0.417435064329E+01 -0.226286681463E-01
  0.424571063811E+01 -0.205297324295E-01
  0.431829043244E+01 -0.185909729063E-01
  0.439211087707E+01 -0.168036094257E-01
  0.446719317918E+01 -0.151590379049E-01
  0.454355890845E+01 -0.136488521534E-01
  0.462123000329E+01 -0.122648639169E-01
  0.470022877710E+01 -0.109991210261E-01
  0.478057792469E+01 -0.984392357905E-02
  0.486230052882E+01 -0.879183808463E-02
  0.494542006682E+01 -0.783570953477E-02
  0.502996041732E+01 -0.696867138222E-02
  0.511594586712E+01 -0.618415343375E-02
  0.520340111819E+01 -0.547588768282E-02
  0.529235129472E+01 -0.483791213314E-02
  0.538282195038E+01 -0.426457267909E-02
  0.547483907563E+01 -0.375052313084E-02
  0.556842910522E+01 -0.329072348405E-02
  0.566361892575E+01 -0.288043655054E-02
  0.576043588341E+01 -0.251522307480E-02
  0.585890779185E+01 -0.219093547182E-02
  0.595906294013E+01 -0.190371032647E-02
  0.606093010089E+01 -0.164995980003E-02
  0.616453853860E+01 -0.142636208988E-02
  0.626991801796E+01 -0.122985108929E-02
  0.637709881244E+01 -0.105760539129E-02
  0.648611171303E+01 -0.907036777074E-03
  0.659698803701E+01 -0.775778323930E-03
  0.670975963701E+01 -0.661672260935E-03
  0.682445891012E+01 -0.562757692890E-03
  0.694111880723E+01 -0.477258304261E-03
  0.705977284247E+01 -0.403570145457E-03
  0.718045510285E+01 -0.340249593928E-03
  0.730320025805E+01 -0.286001572331E-03
  0.742804357036E+01 -0.239668095712E-03
  0.755502090487E+01 -0.200217209328E-03
  0.768416873970E+01 -0.166732368644E-03
  0.781552417653E+01 -0.138402303226E-03
  0.794912495123E+01 -0.114511396860E-03
  0.808500944471E+01 -0.944306073987E-04
  0.822321669397E+01 -0.776089415564E-04
  0.836378640327E+01 -0.635654923106E-04
  0.850675895557E+01 -0.518820396588E-04
  0.865217542412E+01 -0.421962093609E-04
  0.880007758426E+01 -0.341951788906E-04
  0.895050792540E+01 -0.276099151856E-04
  0.910350966329E+01 -0.222099248822E-04
  0.925912675235E+01 -0.177984945325E-04
  0.941740389837E+01 -0.142083957960E-04
  0.957838657131E+01 -0.112980287271E-04
  0.974212101837E+01 -0.894797500204E-05
  0.990865427729E+01 -0.705793218395E-05
  0.100780341899E+02 -0.554399985668E-05
  0.102503094156E+02 -0.433628858666E-05
  0.104255294460E+02 -0.337682306436E-05
  0.106037446182E+02 -0.261771247699E-05
  0.107850061301E+02 -0.201956008321E-05
  0.109693660545E+02 -0.155008734696E-05
  0.111568773546E+02 -0.118294817218E-05
  0.113475938986E+02 -0.896710184525E-06
  0.115415704758E+02 -0.673981220716E-06
  0.117388628119E+02 -0.500660189387E-06
  0.119395275851E+02 -0.365292152198E-06
  0.121436224425E+02 -0.258507659968E-06
  0.123512060167E+02 -0.172525809891E-06
  0.125623379424E+02 -0.100698793386E-06
  0.127770788737E+02 -0.370723221031E-07
  0.129954905016E+02  0.000000000000E+00
  0.132176355714E+02  0.000000000000E+00
  0.134435779011E+02  0.000000000000E+00
  0.136733823996E+02  0.000000000000E+00
  0.139071150853E+02  0.000000000000E+00
  0.141448431051E+02  0.000000000000E+00
  0.143866347536E+02  0.000000000000E+00
  0.146325594929E+02  0.000000000000E+00
  0.148826879724E+02  0.000000000000E+00
  0.151370920491E+02  0.000000000000E+00
  0.153958448085E+02  0.000000000000E+00
  0.156590205852E+02  0.000000000000E+00
  0.159266949846E+02  0.000000000000E+00
  0.161989449042E+02  0.000000000000E+00
  0.164758485562E+02  0.000000000000E+00
  0.167574854897E+02  0.000000000000E+00
  0.170439366135E+02  0.000000000000E+00
  0.173352842195E+02  0.000000000000E+00
  0.176316120062E+02  0.000000000000E+00
  0.179330051029E+02  0.000000000000E+00
  0.182395500940E+02  0.000000000000E+00
  0.185513350438E+02  0.000000000000E+00
  0.188684495222E+02  0.000000000000E+00
  0.191909846301E+02  0.000000000000E+00
  0.195190330255E+02  0.000000000000E+00
  0.198526889504E+02  0.000000000000E+00
  0.201920482577E+02  0.000000000000E+00
  0.205372084387E+02  0.000000000000E+00
  0.208882686513E+02  0.000000000000E+00
  0.212453297483E+02  0.000000000000E+00
  0.216084943064E+02  0.000000000000E+00
  0.219778666558E+02  0.000000000000E+00
  0.223535529101E+02  0.000000000000E+00
  0.227356609965E+02  0.000000000000E+00
  0.231243006874E+02  0.000000000000E+00
  0.235195836314E+02  0.000000000000E+00
  0.239216233857E+02  0.000000000000E+00
  0.243305354485E+02  0.000000000000E+00
  0.247464372923E+02  0.000000000000E+00
  0.251694483977E+02  0.000000000000E+00
  0.255996902876E+02  0.000000000000E+00
  0.260372865621E+02  0.000000000000E+00
  0.264823629342E+02  0.000000000000E+00
  0.269350472658E+02  0.000000000000E+00
  0.273954696042E+02  0.000000000000E+00
  0.278637622200E+02  0.000000000000E+00
  0.283400596445E+02  0.000000000000E+00
  0.288244987087E+02  0.000000000000E+00
  0.293172185826E+02  0.000000000000E+00
  0.298183608151E+02  0.000000000000E+00
  0.303280693747E+02  0.000000000000E+00
  0.308464906907E+02  0.000000000000E+00
  0.313737736956E+02  0.000000000000E+00
  0.319100698676E+02  0.000000000000E+00
  0.324555332743E+02  0.000000000000E+00
  0.330103206165E+02  0.000000000000E+00
  0.335745912742E+02  0.000000000000E+00
  0.341485073512E+02  0.000000000000E+00
  0.347322337226E+02  0.000000000000E+00
  0.353259380817E+02  0.000000000000E+00
  0.359297909882E+02  0.000000000000E+00
  0.365439659174E+02  0.000000000000E+00
  0.371686393098E+02  0.000000000000E+00
  0.378039906221E+02  0.000000000000E+00
  0.384502023784E+02  0.000000000000E+00
  0.391074602228E+02  0.000000000000E+00
  0.397759529727E+02  0.000000000000E+00
  0.404558726733E+02  0.000000000000E+00
  0.411474146522E+02  0.000000000000E+00
  0.418507775762E+02  0.000000000000E+00
  0.425661635077E+02  0.000000000000E+00
  0.432937779633E+02  0.000000000000E+00
  0.440338299725E+02  0.000000000000E+00
  0.447865321380E+02  0.000000000000E+00
  0.455521006966E+02  0.000000000000E+00
  0.463307555812E+02  0.000000000000E+00
  0.471227204844E+02  0.000000000000E+00
  0.479282229223E+02  0.000000000000E+00
  0.487474943003E+02  0.000000000000E+00
  0.495807699790E+02  0.000000000000E+00
  0.504282893426E+02  0.000000000000E+00
  0.512902958668E+02  0.000000000000E+00
  0.521670371896E+02  0.000000000000E+00
  0.530587651817E+02  0.000000000000E+00
  0.539657360193E+02  0.000000000000E+00
  0.548882102576E+02  0.000000000000E+00
  0.558264529055E+02  0.000000000000E+00
  0.567807335021E+02  0.000000000000E+00
  0.577513261938E+02  0.000000000000E+00
  0.587385098129E+02  0.000000000000E+00
  0.597425679582E+02  0.000000000000E+00
  0.607637890763E+02  0.000000000000E+00
  0.618024665441E+02  0.000000000000E+00
  0.628588987537E+02  0.000000000000E+00
  0.639333891975E+02  0.000000000000E+00
  0.650262465558E+02  0.000000000000E+00
  0.661377847856E+02  0.000000000000E+00
  0.672683232100E+02  0.000000000000E+00
  0.684181866111E+02  0.000000000000E+00
  0.695877053222E+02  0.000000000000E+00
  0.707772153235E+02  0.000000000000E+00
  0.719870583381E+02  0.000000000000E+00
  0.732175819307E+02  0.000000000000E+00
  0.744691396067E+02  0.000000000000E+00
  0.757420909145E+02  0.000000000000E+00
  0.770368015483E+02  0.000000000000E+00
  0.783536434535E+02  0.000000000000E+00
  0.796929949333E+02  0.000000000000E+00
  0.810552407574E+02  0.000000000000E+00
         737           1         210
  0.000000000000E+00  0.000000000000E+00
  0.529635113499E-05  0.465407447079E-09
  0.106832360010E-04  0.189358643166E-08
  0.161622021457E-04  0.433391163508E-08
  0.217348235702E-04  0.783773373596E-08
  0.274027011807E-04  0.124584519872E-07
  0.331674632488E-04  0.182515893535E-07
  0.390307658791E-04  0.252748703027E-07
  0.449942934849E-04  0.335883013458E-07
  0.510597592724E-04  0.432542544168E-07
  0.572289057325E-04  0.543375531956E-07
  0.635035051415E-04  0.669055624725E-07
  0.698853600706E-04  0.810282806615E-07
  0.763763039030E-04  0.967784355720E-07
  0.829782013614E-04  0.114231583551E-06
  0.896929490432E-04  0.133466212111E-06
  0.965224759654E-04  0.154563846172E-06
  0.103468744119E-03  0.177609158029E-06
  0.110533749032E-03  0.202690081191E-06
  0.117719520345E-03  0.229897928208E-06
  0.125028122389E-03  0.259327512640E-06
  0.132461654785E-03  0.291077275301E-06
  0.140022253043E-03  0.325249414929E-06
  0.147712089177E-03  0.361950023436E-06
  0.155533372328E-03  0.401289225894E-06
  0.163488349398E-03  0.443381325426E-06
  0.171579305700E-03  0.488344953162E-06
  0.179808565607E-03  0.536303223446E-06
  0.188178493228E-03  0.587383894467E-06
  0.196691493080E-03  0.641719534507E-06
  0.205350010784E-03  0.699447693993E-06
  0.214156533764E-03  0.760711083565E-06
  0.223113591964E-03  0.825657758350E-06
  0.232223758573E-03  0.894441308673E-06
  0.241489650766E-03  0.967221057420E-06
  0.250913930455E-03  0.104416226428E-05
  0.260499305052E-03  0.112543633710E-05
  0.270248528251E-03  0.121122105062E-05
  0.280164400814E-03  0.130170077280E-05
  0.290249771379E-03  0.139706669903E-05
  0.300507537280E-03  0.149751709454E-05
  0.310940645372E-03  0.160325754514E-05
  0.321552092887E-03  0.171450121678E-05
  0.332344928287E-03  0.183146912403E-05
  0.343322252146E-03  0.195439040802E-05
  0.354487218036E-03  0.208350262386E-05
  0.365843033437E-03  0.221905203820E-05
  0.377392960653E-03  0.236129393698E-05
  0.389140317755E-03  0.251049294394E-05
  0.401088479533E-03  0.266692335013E-05
  0.413240878461E-03  0.283086945485E-05
  0.425601005689E-03  0.300262591837E-05
  0.438172412041E-03  0.318249812689E-05
  0.450958709041E-03  0.337080257013E-05
  0.463963569943E-03  0.356786723197E-05
  0.477190730792E-03  0.377403199453E-05
  0.490643991496E-03  0.398964905636E-05
  0.504327216916E-03  0.421508336489E-05
  0.518244337978E-03  0.445071306400E-05
  0.532399352802E-03  0.469692995682E-05
  0.546796327850E-03  0.495413998472E-05
  0.561439399093E-03  0.522276372261E-05
  0.576332773203E-03  0.550323689141E-05
  0.591480728758E-03  0.579601088820E-05
  0.606887617473E-03  0.610155333451E-05
  0.622557865448E-03  0.642034864354E-05
  0.638495974442E-03  0.675289860694E-05
  0.654706523167E-03  0.709972300160E-05
  0.671194168598E-03  0.746136021749E-05
  0.687963647318E-03  0.783836790688E-05
  0.705019776872E-03  0.823132365596E-05
  0.722367457158E-03  0.864082567943E-05
  0.740011671827E-03  0.906749353898E-05
  0.757957489721E-03  0.951196888632E-05
  0.776210066327E-03  0.997491623171E-05
  0.794774645257E-03  0.104570237388E-04
  0.813656559754E-03  0.109590040466E-04
  0.832861234228E-03  0.114815951197E-04
  0.852394185810E-03  0.120255611276E-04
  0.872261025938E-03  0.125916933536E-04
  0.892467461973E-03  0.131808111357E-04
  0.913019298830E-03  0.137937628384E-04
  0.933922440657E-03  0.144314268589E-04
  0.955182892520E-03  0.150947126664E-04
  0.976806762136E-03  0.157845618781E-04
  0.998800261625E-03  0.165019493708E-04
  0.102116970929E-02  0.172478844308E-04
  0.104392153145E-02  0.180234119432E-04
  0.106706226425E-02  0.188296136209E-04
  0.109059855559E-02  0.196676092765E-04
  0.111453716698E-02  0.205385581361E-04
  0.113888497552E-02  0.214436601993E-04
  0.116364897587E-02  0.223841576438E-04
  0.118883628224E-02  0.233613362786E-04
  0.121445413047E-02  0.243765270466E-04
  0.124050988005E-02  0.254311075775E-04
  0.126701101631E-02  0.265265037938E-04
  0.129396515252E-02  0.276641915712E-04
  0.132138003206E-02  0.288456984548E-04
  0.134926353070E-02  0.300726054338E-04
  0.137762365885E-02  0.313465487761E-04
  0.140646856380E-02  0.326692219251E-04
  0.143580653215E-02  0.340423774595E-04
  0.146564599212E-02  0.354678291212E-04
  0.149599551601E-02  0.369474539097E-04
  0.152686382266E-02  0.384831942484E-04
  0.155825977993E-02  0.400770602233E-04
  0.159019240728E-02  0.417311318972E-04
  0.162267087832E-02  0.434475617022E-04
  0.165570452350E-02  0.452285769120E-04
  0.168930283274E-02  0.470764821979E-04
  0.172347545819E-02  0.489936622704E-04
  0.175823221697E-02  0.509825846097E-04
  0.179358309404E-02  0.530458022875E-04
  0.182953824502E-02  0.551859568840E-04
  0.186610799913E-02  0.574057815018E-04
  0.190330286214E-02  0.597081038819E-04
  0.194113351943E-02  0.620958496228E-04
  0.197961083901E-02  0.645720455080E-04
  0.201874587466E-02  0.671398229448E-04
  0.205854986914E-02  0.698024215170E-04
  0.209903425735E-02  0.725631926578E-04
  0.214021066967E-02  0.754256034435E-04
  0.218209093530E-02  0.783932405144E-04
  0.222468708561E-02  0.814698141269E-04
  0.226801135767E-02  0.846591623389E-04
  0.231207619770E-02  0.879652553361E-04
  0.235689426467E-02  0.913921999004E-04
  0.240247843395E-02  0.949442440278E-04
  0.244884180098E-02  0.986257816991E-04
  0.249599768506E-02  0.102441357808E-03
  0.254395963318E-02  0.106395673255E-03
  0.259274142386E-02  0.110493590205E-03
  0.264235707117E-02  0.114740137524E-03
  0.269282082872E-02  0.119140516390E-03
  0.274414719379E-02  0.123700106097E-03
  0.279635091143E-02  0.128424470041E-03
  0.284944697877E-02  0.133319361906E-03
  0.290345064928E-02  0.138390732062E-03
  0.295837743717E-02  0.143644734159E-03
  0.301424312185E-02  0.149087731949E-03
  0.307106375243E-02  0.154726306325E-03
  0.312885565239E-02  0.160567262596E-03
  0.318763542423E-02  0.166617637996E-03
  0.324741995424E-02  0.172884709440E-03
  0.330822641735E-02  0.179376001534E-03
  0.337007228208E-02  0.186099294845E-03
  0.343297531556E-02  0.193062634443E-03
  0.349695358861E-02  0.200274338720E-03
  0.356202548094E-02  0.207743008492E-03
  0.362820968646E-02  0.215477536403E-03
  0.369552521861E-02  0.223487116631E-03
  0.376399141583E-02  0.231781254910E-03
  0.383362794714E-02  0.240369778871E-03
  0.390445481777E-02  0.249262848725E-03
  0.397649237491E-02  0.258470968289E-03
  0.404976131354E-02  0.268004996361E-03
  0.412428268243E-02  0.277876158470E-03
  0.420007789012E-02  0.288096058998E-03
  0.427716871110E-02  0.298676693697E-03
  0.435557729208E-02  0.309630462598E-03
  0.443532615832E-02  0.320970183344E-03
  0.451643822013E-02  0.332709104941E-03
  0.459893677943E-02  0.344860921956E-03
  0.468284553647E-02  0.357439789158E-03
  0.476818859661E-02  0.370460336631E-03
  0.485499047726E-02  0.383937685372E-03
  0.494327611491E-02  0.397887463369E-03
  0.503307087233E-02  0.412325822206E-03
  0.512440054580E-02  0.427269454179E-03
  0.521729137258E-02  0.442735609961E-03
  0.531177003841E-02  0.458742116819E-03
  0.540786368517E-02  0.475307397406E-03
  0.550559991872E-02  0.492450489144E-03
  0.560500681678E-02  0.510191064211E-03
  0.570611293702E-02  0.528549450159E-03
  0.580894732528E-02  0.547546651166E-03
  0.591353952390E-02  0.567204369964E-03
  0.601991958018E-02  0.587545030435E-03
  0.612811805506E-02  0.608591800919E-03
  0.623816603186E-02  0.630368618236E-03
  0.635009512524E-02  0.652900212458E-03
  0.646393749026E-02  0.676212132433E-03
  0.657972583163E-02  0.700330772112E-03
  0.669749341310E-02  0.725283397665E-03
  0.681727406702E-02  0.751098175441E-03
  0.693910220405E-02  0.777804200774E-03
  0.706301282306E-02  0.805431527677E-03
  0.718904152117E-02  0.834011199423E-03
  0.731722450399E-02  0.863575280069E-03
  0.744759859600E-02  0.894156886926E-03
  0.758020125116E-02  0.925790224003E-03
  0.771507056366E-02  0.958510616474E-03
  0.785224527882E-02  0.992354546155E-03
  0.799176480430E-02  0.102735968807E-02
  0.813366922135E-02  0.106356494807E-02
  0.827799929636E-02  0.110101050163E-02
  0.842479649258E-02  0.113973783372E-02
  0.857410298199E-02  0.117978977991E-02
  0.872596165747E-02  0.122121056868E-02
  0.888041614507E-02  0.126404586495E-02
  0.903751081658E-02  0.130834281488E-02
  0.919729080225E-02  0.135415009204E-02
  0.935980200378E-02  0.140151794481E-02
  0.952509110751E-02  0.145049824528E-02
  0.969320559778E-02  0.150114453943E-02
  0.986419377064E-02  0.155351209887E-02
  0.100381047477E-01  0.160765797400E-02
  0.102149884902E-01  0.166364104868E-02
  0.103948958134E-01  0.172152209645E-02
  0.105778784012E-01  0.178136383843E-02
  0.107639888209E-01  0.184323100269E-02
  0.109532805386E-01  0.190719038541E-02
  0.111458079340E-01  0.197331091373E-02
  0.113416263165E-01  0.204166371028E-02
  0.115407919410E-01  0.211232215956E-02
  0.117433620239E-01  0.218536197614E-02
  0.119493947596E-01  0.226086127465E-02
  0.121589493374E-01  0.233890064179E-02
  0.123720859583E-01  0.241956321023E-02
  0.125888658522E-01  0.250293473448E-02
  0.128093512959E-01  0.258910366880E-02
  0.130336056306E-01  0.267816124726E-02
  0.132616932801E-01  0.277020156580E-02
  0.134936797696E-01  0.286532166655E-02
  0.137296317445E-01  0.296362162426E-02
  0.139696169890E-01  0.306520463509E-02
  0.142137044464E-01  0.317017710754E-02
  0.144619642382E-01  0.327864875589E-02
  0.147144676847E-01  0.339073269584E-02
  0.149712873252E-01  0.350654554265E-02
  0.152324969390E-01  0.362620751180E-02
  0.154981715666E-01  0.374984252197E-02
  0.157683875312E-01  0.387757830077E-02
  0.160432224606E-01  0.400954649290E-02
  0.163227553096E-01  0.414588277099E-02
  0.166070663825E-01  0.428672694909E-02
  0.168962373564E-01  0.443222309887E-02
  0.171903513045E-01  0.458251966855E-02
  0.174894927201E-01  0.473776960462E-02
  0.177937475407E-01  0.489813047629E-02
  0.181032031729E-01  0.506376460291E-02
  0.184179485172E-01  0.523483918416E-02
  0.187380739939E-01  0.541152643319E-02
  0.190636715688E-01  0.559400371268E-02
  0.193948347799E-01  0.578245367386E-02
  0.197316587639E-01  0.597706439853E-02
  0.200742402838E-01  0.617802954408E-02
  0.204226777567E-01  0.638554849150E-02
  0.207770712820E-01  0.659982649650E-02
  0.211375226699E-01  0.682107484366E-02
  0.215041354713E-01  0.704951100358E-02
  0.218770150068E-01  0.728535879325E-02
  0.222562683976E-01  0.752884853934E-02
  0.226420045959E-01  0.778021724471E-02
  0.230343344161E-01  0.803970875788E-02
  0.234333705670E-01  0.830757394562E-02
  0.238392276841E-01  0.858407086861E-02
  0.242520223621E-01  0.886946496007E-02
  0.246718731891E-01  0.916402920745E-02
  0.250989007800E-01  0.946804433708E-02
  0.255332278116E-01  0.978179900175E-02
  0.259749790577E-01  0.101055899712E-01
  0.264242814248E-01  0.104397223254E-01
  0.268812639888E-01  0.107845096509E-01
  0.273460580319E-01  0.111402742393E-01
  0.278187970806E-01  0.115073472890E-01
  0.282996169435E-01  0.118860691093E-01
  0.287886557510E-01  0.122767893269E-01
  0.292860539943E-01  0.126798670946E-01
  0.297919545665E-01  0.130956713029E-01
  0.303065028029E-01  0.135245807933E-01
  0.308298465233E-01  0.139669845732E-01
  0.313621360742E-01  0.144232820338E-01
  0.319035243721E-01  0.148938831686E-01
  0.324541669474E-01  0.153792087941E-01
  0.330142219890E-01  0.158796907719E-01
  0.335838503899E-01  0.163957722313E-01
  0.341632157934E-01  0.169279077939E-01
  0.347524846399E-01  0.174765637978E-01
  0.353518262149E-01  0.180422185237E-01
  0.359614126977E-01  0.186253624197E-01
  0.365814192106E-01  0.192264983270E-01
  0.372120238697E-01  0.198461417057E-01
  0.378534078352E-01  0.204848208586E-01
  0.385057553646E-01  0.211430771554E-01
  0.391692538645E-01  0.218214652550E-01
  0.398440939453E-01  0.225205533257E-01
  0.405304694755E-01  0.232409232646E-01
  0.412285776375E-01  0.239831709134E-01
  0.419386189841E-01  0.247479062715E-01
  0.426607974967E-01  0.255357537063E-01
  0.433953206431E-01  0.263473521588E-01
  0.441423994375E-01  0.271833553459E-01
  0.449022485013E-01  0.280444319568E-01
  0.456750861243E-01  0.289312658446E-01
  0.464611343280E-01  0.298445562116E-01
  0.472606189287E-01  0.307850177879E-01
  0.480737696029E-01  0.317533810031E-01
  0.489008199529E-01  0.327503921494E-01
  0.497420075745E-01  0.337768135368E-01
  0.505975741245E-01  0.348334236379E-01
  0.514677653907E-01  0.359210172236E-01
  0.523528313620E-01  0.370404054868E-01
  0.532530263010E-01  0.381924161553E-01
  0.541686088161E-01  0.393778935907E-01
  0.550998419365E-01  0.405976988752E-01
  0.560469931874E-01  0.418527098826E-01
  0.570103346672E-01  0.431438213346E-01
  0.579901431250E-01  0.444719448400E-01
  0.589867000411E-01  0.458380089165E-01
  0.600002917068E-01  0.472429589943E-01
  0.610312093074E-01  0.486877573990E-01
  0.620797490057E-01  0.501733833141E-01
  0.631462120267E-01  0.517008327215E-01
  0.642309047447E-01  0.532711183180E-01
  0.653341387710E-01  0.548852694075E-01
  0.664562310432E-01  0.565443317671E-01
  0.675975039168E-01  0.582493674861E-01
  0.687582852574E-01  0.600014547754E-01
  0.699389085350E-01  0.618016877477E-01
  0.711397129198E-01  0.636511761655E-01
  0.723610433798E-01  0.655510451558E-01
  0.736032507795E-01  0.675024348907E-01
  0.748666919810E-01  0.695065002309E-01
  0.761517299466E-01  0.715644103316E-01
  0.774587338427E-01  0.736773482094E-01
  0.787880791465E-01  0.758465102670E-01
  0.801401477529E-01  0.780731057760E-01
  0.815153280852E-01  0.803583563137E-01
  0.829140152060E-01  0.827034951551E-01
  0.843366109312E-01  0.851097666153E-01
  0.857835239449E-01  0.875784253429E-01
  0.872551699172E-01  0.901107355611E-01
  0.887519716236E-01  0.927079702549E-01
  0.902743590662E-01  0.953714103039E-01
  0.918227695974E-01  0.981023435567E-01
  0.933976480457E-01  0.100902063847E+00
  0.949994468432E-01  0.103771869946E+00
  0.966286261556E-01  0.106713064460E+00
  0.982856540146E-01  0.109726952651E+00
  0.999710064523E-01  0.112814841203E+00
  0.101685167638E+00  0.115978036909E+00
  0.103428630017E+00  0.119217845302E+00
  0.105201894451E+00  0.122535569200E+00
  0.107005470367E+00  0.125932507184E+00
  0.108839875896E+00  0.129409952006E+00
  0.110705638027E+00  0.132969188913E+00
  0.112603292758E+00  0.136611493897E+00
  0.114533385248E+00  0.140338131866E+00
  0.116496469976E+00  0.144150354732E+00
  0.118493110897E+00  0.148049399424E+00
  0.120523881608E+00  0.152036485809E+00
  0.122589365511E+00  0.156112814540E+00
  0.124690155978E+00  0.160279564809E+00
  0.126826856526E+00  0.164537892029E+00
  0.129000080988E+00  0.168888925413E+00
  0.131210453690E+00  0.173333765488E+00
  0.133458609628E+00  0.177873481503E+00
  0.135745194654E+00  0.182509108772E+00
  0.138070865660E+00  0.187241645911E+00
  0.140436290766E+00  0.192072052011E+00
  0.142842149513E+00  0.197001243709E+00
  0.145289133057E+00  0.202030092192E+00
  0.147777944370E+00  0.207159420106E+00
  0.150309298440E+00  0.212389998398E+00
  0.152883922474E+00  0.217722543067E+00
  0.155502556113E+00  0.223157711849E+00
  0.158165951639E+00  0.228696100826E+00
  0.160874874195E+00  0.234338240956E+00
  0.163630102002E+00  0.240084594548E+00
  0.166432426582E+00  0.245935551662E+00
  0.169282652990E+00  0.251891426447E+00
  0.172181600041E+00  0.257952453427E+00
  0.175130100546E+00  0.264118783729E+00
  0.178129001552E+00  0.270390481258E+00
  0.181179164585E+00  0.276767518832E+00
  0.184281465899E+00  0.283249774268E+00
  0.187436796724E+00  0.289837026439E+00
  0.190646063526E+00  0.296528951295E+00
  0.193910188265E+00  0.303325117856E+00
  0.197230108660E+00  0.310224984187E+00
  0.200606778462E+00  0.317227893361E+00
  0.204041167722E+00  0.324333069405E+00
  0.207534263072E+00  0.331539613251E+00
  0.211087068013E+00  0.338846498690E+00
  0.214700603196E+00  0.346252568342E+00
  0.218375906719E+00  0.353756529645E+00
  0.222114034428E+00  0.361356950879E+00
  0.225916060212E+00  0.369052257240E+00
  0.229783076321E+00  0.376840726967E+00
  0.233716193673E+00  0.384720487549E+00
  0.237716542178E+00  0.392689512033E+00
  0.241785271057E+00  0.400745615443E+00
  0.245923549178E+00  0.408886451356E+00
  0.250132565388E+00  0.417109508657E+00
  0.254413528856E+00  0.425412108527E+00
  0.258767669420E+00  0.433791401693E+00
  0.263196237940E+00  0.442244366022E+00
  0.267700506659E+00  0.450767804511E+00
  0.272281769565E+00  0.459358343769E+00
  0.276941342767E+00  0.468012433067E+00
  0.281680564869E+00  0.476726344084E+00
  0.286500797360E+00  0.485496171451E+00
  0.291403424997E+00  0.494317834232E+00
  0.296389856212E+00  0.503187078474E+00
  0.301461523510E+00  0.512099480952E+00
  0.306619883881E+00  0.521050454231E+00
  0.311866419224E+00  0.530035253103E+00
  0.317202636767E+00  0.539048982441E+00
  0.322630069502E+00  0.548086606349E+00
  0.328150276624E+00  0.557142958432E+00
  0.333764843983E+00  0.566212752742E+00
  0.339475384535E+00  0.575290594838E+00
  0.345283538809E+00  0.584370992042E+00
  0.351190975373E+00  0.593448361873E+00
  0.357199391322E+00  0.602517037287E+00
  0.363310512755E+00  0.611571267423E+00
  0.369526095281E+00  0.620605212436E+00
  0.375847924515E+00  0.629612931462E+00
  0.382277816597E+00  0.638588363053E+00
  0.388817618711E+00  0.647525298370E+00
  0.395469209615E+00  0.656417348107E+00
  0.402234500182E+00  0.665257905315E+00
  0.409115433950E+00  0.674040106977E+00
  0.416113987677E+00  0.682756798104E+00
  0.423232171914E+00  0.691400502191E+00
  0.430472031575E+00  0.699963401946E+00
  0.437835646533E+00  0.708437333156E+00
  0.445325132213E+00  0.716813793521E+00
  0.452942640197E+00  0.725083966296E+00
  0.460690358849E+00  0.733238757042E+00
  0.468570513939E+00  0.741268839979E+00
  0.476585369283E+00  0.749164709824E+00
  0.484737227393E+00  0.756916734530E+00
  0.493028430141E+00  0.764515205376E+00
  0.501461359428E+00  0.771950381613E+00
  0.510038437872E+00  0.779212528576E+00
  0.518762129502E+00  0.786291949035E+00
  0.527634940466E+00  0.793179008729E+00
  0.536659419750E+00  0.799864157235E+00
  0.545838159912E+00  0.806337945723E+00
  0.555173797828E+00  0.812591042806E+00
  0.564669015445E+00  0.818614249693E+00
  0.574326540555E+00  0.824398515333E+00
  0.584149147579E+00  0.829934952192E+00
  0.594139658362E+00  0.835214852844E+00
  0.604300942983E+00  0.840229707563E+00
  0.614635920584E+00  0.844971222795E+00
  0.625147560203E+00  0.849431340418E+00
  0.635838881632E+00  0.853602257564E+00
  0.646712956279E+00  0.857476446759E+00
  0.657772908056E+00  0.861046676165E+00
  0.669021914274E+00  0.864306029633E+00
  0.680463206553E+00  0.867247926413E+00
  0.692100071757E+00  0.869866140213E+00
  0.703935852930E+00  0.872154817572E+00
  0.715973950265E+00  0.874108495215E+00
  0.728217822073E+00  0.875722116486E+00
  0.740670985782E+00  0.876991046498E+00
  0.753337018944E+00  0.877911086216E+00
  0.766219560267E+00  0.878478485091E+00
  0.779322310655E+00  0.878689952549E+00
  0.792649034274E+00  0.878542667919E+00
  0.806203559634E+00  0.878034289217E+00
  0.819989780688E+00  0.877162960291E+00
  0.834011657951E+00  0.875927316851E+00
  0.848273219637E+00  0.874326490837E+00
  0.862778562816E+00  0.872360113716E+00
  0.877531854593E+00  0.870028318120E+00
  0.892537333304E+00  0.867331738491E+00
  0.907799309730E+00  0.864271510080E+00
  0.923322168344E+00  0.860849267056E+00
  0.939110368562E+00  0.857067139007E+00
  0.955168446029E+00  0.852927746659E+00
  0.971501013919E+00  0.848434196053E+00
  0.988112764263E+00  0.843590072067E+00
  0.100500846930E+01  0.838399430471E+00
  0.102219298283E+01  0.832866789464E+00
  0.103967124163E+01  0.826997119848E+00
  0.105744826688E+01  0.820795834807E+00
  0.107552916556E+01  0.814268778463E+00
  0.109391913198E+01  0.807422214152E+00
  0.111262344920E+01  0.800262811610E+00
  0.113164749062E+01  0.792797634018E+00
  0.115099672148E+01  0.785034124084E+00
  0.117067670044E+01  0.776980090098E+00
  0.119069308118E+01  0.768643691166E+00
  0.121105161400E+01  0.760033422516E+00
  0.123175814753E+01  0.751158100108E+00
  0.125281863036E+01  0.742026845395E+00
  0.127423911275E+01  0.732649069506E+00
  0.129602574838E+01  0.723034457622E+00
  0.131818479615E+01  0.713192952879E+00
  0.134072262192E+01  0.703134740468E+00
  0.136364570036E+01  0.692870231343E+00
  0.138696061684E+01  0.682410046101E+00
  0.141067406927E+01  0.671764998509E+00
  0.143479287008E+01  0.660946079142E+00
  0.145932394813E+01  0.649964438688E+00
  0.148427435072E+01  0.638831371244E+00
  0.150965124562E+01  0.627558297286E+00
  0.153546192313E+01  0.616156746478E+00
  0.156171379815E+01  0.604638340117E+00
  0.158841441233E+01  0.593014773270E+00
  0.161557143624E+01  0.581297796486E+00
  0.164319267158E+01  0.569499197041E+00
  0.167128605339E+01  0.557630779724E+00
  0.169985965236E+01  0.545704347008E+00
  0.172892167712E+01  0.533731678754E+00
  0.175848047663E+01  0.521724511224E+00
  0.178854454257E+01  0.509694515674E+00
  0.181912251176E+01  0.497653276258E+00
  0.185022316866E+01  0.485612267659E+00
  0.188185544788E+01  0.473582832151E+00
  0.191402843677E+01  0.461576156635E+00
  0.194675137801E+01  0.449603249351E+00
  0.198003367225E+01  0.437674916940E+00
  0.201388488087E+01  0.425801741534E+00
  0.204831472865E+01  0.413994058667E+00
  0.208333310664E+01  0.402261935661E+00
  0.211895007492E+01  0.390615151348E+00
  0.215517586556E+01  0.379063176753E+00
  0.219202088554E+01  0.367615157618E+00
  0.222949571972E+01  0.356279898348E+00
  0.226761113389E+01  0.345065848217E+00
  0.230637807786E+01  0.333981089355E+00
  0.234580768864E+01  0.323033327288E+00
  0.238591129359E+01  0.312229883449E+00
  0.242670041369E+01  0.301577690350E+00
  0.246818676688E+01  0.291083288733E+00
  0.251038227138E+01  0.280752827271E+00
  0.255329904913E+01  0.270592064064E+00
  0.259694942931E+01  0.260606370368E+00
  0.264134595182E+01  0.250800735756E+00
  0.268650137092E+01  0.241179775035E+00
  0.273242865889E+01  0.231747736078E+00
  0.277914100975E+01  0.222508508821E+00
  0.282665184305E+01  0.213465634601E+00
  0.287497480775E+01  0.204622316003E+00
  0.292412378608E+01  0.195981426458E+00
  0.297411289761E+01  0.187545519754E+00
  0.302495650323E+01  0.179316838763E+00
  0.307666920934E+01  0.171297323577E+00
  0.312926587198E+01  0.163488618497E+00
  0.318276160117E+01  0.155892078088E+00
  0.323717176519E+01  0.148508771906E+00
  0.329251199502E+01  0.141339488183E+00
  0.334879818885E+01  0.134384736227E+00
  0.340604651661E+01  0.127644747898E+00
  0.346427342464E+01  0.121119478055E+00
  0.352349564040E+01  0.114808604397E+00
  0.358373017729E+01  0.108711526724E+00
  0.364499433952E+01  0.102827366042E+00
  0.370730572710E+01  0.971549636297E-01
  0.377068224089E+01  0.916928804748E-01
  0.383514208773E+01  0.864393972229E-01
  0.390070378570E+01  0.813925150041E-01
  0.396738616939E+01  0.765499572495E-01
  0.403520839537E+01  0.719091727941E-01
  0.410418994764E+01  0.674673403241E-01
  0.417435064329E+01  0.632213743677E-01
  0.424571063811E+01  0.591679328218E-01
  0.431829043244E+01  0.553034261115E-01
  0.439211087707E+01  0.516240279085E-01
  0.446719317918E+01  0.481256874110E-01
  0.454355890845E+01  0.448041430539E-01
  0.462123000329E+01  0.416549375773E-01
  0.470022877710E+01  0.386734342782E-01
  0.478057792469E+01  0.358548343215E-01
  0.486230052882E+01  0.331941949098E-01
  0.494542006682E+01  0.306864481564E-01
  0.502996041732E+01  0.283264204564E-01
  0.511594586712E+01  0.261088521836E-01
  0.520340111819E+01  0.240284175199E-01
  0.529235129472E+01  0.220797442460E-01
  0.538282195038E+01  0.202574333180E-01
  0.547483907563E+01  0.185560780760E-01
  0.556842910522E+01  0.169702829308E-01
  0.566361892575E+01  0.154946814008E-01
  0.576043588341E+01  0.141239533727E-01
  0.585890779185E+01  0.128528414846E-01
  0.595906294013E+01  0.116761665371E-01
  0.606093010089E+01  0.105888418575E-01
  0.616453853860E+01  0.958588655468E-02
  0.626991801796E+01  0.866243761725E-02
  0.637709881244E+01  0.781376082010E-02
  0.648611171303E+01  0.703526041936E-02
  0.659698803701E+01  0.632248762635E-02
  0.670975963701E+01  0.567114786402E-02
  0.682445891012E+01  0.507710681908E-02
  0.694111880723E+01  0.453639531375E-02
  0.705977284247E+01  0.404521302923E-02
  0.718045510285E+01  0.359993112164E-02
  0.730320025805E+01  0.319709377782E-02
  0.742804357036E+01  0.283341876464E-02
  0.755502090487E+01  0.250579703085E-02
  0.768416873970E+01  0.221129142453E-02
  0.781552417653E+01  0.194713459276E-02
  0.794912495123E+01  0.171072613272E-02
  0.808500944471E+01  0.149962906495E-02
  0.822321669397E+01  0.131156570070E-02
  0.836378640327E+01  0.114441297527E-02
  0.850675895557E+01  0.996197318777E-03
  0.865217542412E+01  0.865089134733E-03
  0.880007758426E+01  0.749396954869E-03
  0.895050792540E+01  0.647561336555E-03
  0.910350966329E+01  0.558148566229E-03
  0.925912675235E+01  0.479844229148E-03
  0.941740389837E+01  0.411446702221E-03
  0.957838657131E+01  0.351860622806E-03
  0.974212101837E+01  0.300090382327E-03
  0.990865427729E+01  0.255233689284E-03
  0.100780341899E+02  0.216475241867E-03
  0.102503094156E+02  0.183080545049E-03
  0.104255294460E+02  0.154389897973E-03
  0.106037446182E+02  0.129812611279E-03
  0.107850061301E+02  0.108821422669E-03
  0.109693660545E+02  0.909471651597E-04
  0.111568773546E+02  0.757736960657E-04
  0.113475938986E+02  0.629330962303E-04
  0.115415704758E+02  0.521011465697E-04
  0.117388628119E+02  0.429930857013E-04
  0.119395275851E+02  0.353596494045E-04
  0.121436224425E+02  0.289833899155E-04
  0.123512060167E+02  0.236752705971E-04
  0.125623379424E+02  0.192715293587E-04
  0.127770788737E+02  0.156308023206E-04
  0.129954905016E+02  0.126314976172E-04
  0.132176355714E+02  0.101694079072E-04
  0.134435779011E+02  0.815554907523E-05
  0.136733823996E+02  0.651421176299E-05
  0.139071150853E+02  0.518121171229E-05
  0.141448431051E+02  0.410232441509E-05
  0.143866347536E+02  0.323188919280E-05
  0.146325594929E+02  0.253156751728E-05
  0.148826879724E+02  0.196924006531E-05
  0.151370920491E+02  0.151802657299E-05
  0.153958448085E+02  0.115541190100E-05
  0.156590205852E+02  0.862460662498E-06
  0.159266949846E+02  0.623101061448E-06
  0.161989449042E+02  0.423455895230E-06
  0.164758485562E+02  0.251194493488E-06
  0.167574854897E+02  0.948729661106E-07
  0.170439366135E+02  0.000000000000E+00
  0.173352842195E+02  0.000000000000E+00
  0.176316120062E+02  0.000000000000E+00
  0.179330051029E+02  0.000000000000E+00
  0.182395500940E+02  0.000000000000E+00
  0.185513350438E+02  0.000000000000E+00
  0.188684495222E+02  0.000000000000E+00
  0.191909846301E+02  0.000000000000E+00
  0.195190330255E+02  0.000000000000E+00
  0.198526889504E+02  0.000000000000E+00
  0.201920482577E+02  0.000000000000E+00
  0.205372084387E+02  0.000000000000E+00
  0.208882686513E+02  0.000000000000E+00
  0.212453297483E+02  0.000000000000E+00
  0.216084943064E+02  0.000000000000E+00
  0.219778666558E+02  0.000000000000E+00
  0.223535529101E+02  0.000000000000E+00
  0.227356609965E+02  0.000000000000E+00
  0.231243006874E+02  0.000000000000E+00
  0.235195836314E+02  0.000000000000E+00
  0.239216233857E+02  0.000000000000E+00
  0.243305354485E+02  0.000000000000E+00
  0.247464372923E+02  0.000000000000E+00
  0.251694483977E+02  0.000000000000E+00
  0.255996902876E+02  0.000000000000E+00
  0.260372865621E+02  0.000000000000E+00
  0.264823629342E+02  0.000000000000E+00
  0.269350472658E+02  0.000000000000E+00
  0.273954696042E+02  0.000000000000E+00
  0.278637622200E+02  0.000000000000E+00
  0.283400596445E+02  0.000000000000E+00
  0.288244987087E+02  0.000000000000E+00
  0.293172185826E+02  0.000000000000E+00
  0.298183608151E+02  0.000000000000E+00
  0.303280693747E+02  0.000000000000E+00
  0.308464906907E+02  0.000000000000E+00
  0.313737736956E+02  0.000000000000E+00
  0.319100698676E+02  0.000000000000E+00
  0.324555332743E+02  0.000000000000E+00
  0.330103206165E+02  0.000000000000E+00
  0.335745912742E+02  0.000000000000E+00
  0.341485073512E+02  0.000000000000E+00
  0.347322337226E+02  0.000000000000E+00
  0.353259380817E+02  0.000000000000E+00
  0.359297909882E+02  0.000000000000E+00
  0.365439659174E+02  0.000000000000E+00
  0.371686393098E+02  0.000000000000E+00
  0.378039906221E+02  0.000000000000E+00
  0.384502023784E+02  0.000000000000E+00
  0.391074602228E+02  0.000000000000E+00
  0.397759529727E+02  0.000000000000E+00
  0.404558726733E+02  0.000000000000E+00
  0.411474146522E+02  0.000000000000E+00
  0.418507775762E+02  0.000000000000E+00
  0.425661635077E+02  0.000000000000E+00
  0.432937779633E+02  0.000000000000E+00
  0.440338299725E+02  0.000000000000E+00
  0.447865321380E+02  0.000000000000E+00
  0.455521006966E+02  0.000000000000E+00
  0.463307555812E+02  0.000000000000E+00
  0.471227204844E+02  0.000000000000E+00
  0.479282229223E+02  0.000000000000E+00
  0.487474943003E+02  0.000000000000E+00
  0.495807699790E+02  0.000000000000E+00
  0.504282893426E+02  0.000000000000E+00
  0.512902958668E+02  0.000000000000E+00
  0.521670371896E+02  0.000000000000E+00
  0.530587651817E+02  0.000000000000E+00
  0.539657360193E+02  0.000000000000E+00
  0.548882102576E+02  0.000000000000E+00
  0.558264529055E+02  0.000000000000E+00
  0.567807335021E+02  0.000000000000E+00
  0.577513261938E+02  0.000000000000E+00
  0.587385098129E+02  0.000000000000E+00
  0.597425679582E+02  0.000000000000E+00
  0.607637890763E+02  0.000000000000E+00
  0.618024665441E+02  0.000000000000E+00
  0.628588987537E+02  0.000000000000E+00
  0.639333891975E+02  0.000000000000E+00
  0.650262465558E+02  0.000000000000E+00
  0.661377847856E+02  0.000000000000E+00
  0.672683232100E+02  0.000000000000E+00
  0.684181866111E+02  0.000000000000E+00
  0.695877053222E+02  0.000000000000E+00
  0.707772153235E+02  0.000000000000E+00
  0.719870583381E+02  0.000000000000E+00
  0.732175819307E+02  0.000000000000E+00
  0.744691396067E+02  0.000000000000E+00
  0.757420909145E+02  0.000000000000E+00
  0.770368015483E+02  0.000000000000E+00
  0.783536434535E+02  0.000000000000E+00
  0.796929949333E+02  0.000000000000E+00
  0.810552407574E+02  0.000000000000E+00
  davegp - end printing all-electron states

 subroutine lderiv: pass   1

 leaving lderiv
