========================================================================
pseudopotential program version  7.3.6   date:  1 - 27 -   15
========================================================================

 ifae =   1    ifpsp =   0    ifprt =   0    ifplw =   0    ilogd =   3
 rlogd=   1.80000     emin=  -2.00000     emax=   2.00000     nnt=   80
 thresh, tol =   1.000E-10   1.000E-09    damp = 0.100    maxit = 400
 z, xion, exfact   5.00000000000000        1.00000000000000     
   5.00000000000000     

          *************************************************************
          B                    PBE - GGA           exchange-correlation
          *************************************************************

 z =  5.00    xion = 1.00    exfact =   5.00000    irel=   0
 ncspvs =    3
 rmax = 100.00000    aasf =   7.00000    bbsf =  60.00000

 value of mesh generated in rinit is   795
 irel = 0 so all electron calculations use schroedinger equations


                         the system has converged with
                                 delta= 0.9161427D-09


                             the eigenvalues are


          orbital          occupation          energy
           100                   1.00             -17.23432
           200                   2.00              -1.74431
           210                   1.00              -1.29934
 etot=    -33.97561 ryd ;       -462.23822 ev            ebsr,ehar,emvxc=    -22.02229     13.30306      1.34974
  davegp - begin printing all-electron states
           3
         795           0         100
  0.000000000000E+00  0.000000000000E+00
  0.306507791728E-05  0.673975223090E-04
  0.618166854669E-05  0.135927692831E-03
  0.935063762790E-05  0.205609487636E-03
  0.125728654505E-04  0.276462198244E-03
  0.158492470984E-04  0.348505436934E-03
  0.191806926988E-04  0.421759142016E-03
  0.225681276746E-04  0.496243583181E-03
  0.260124930018E-04  0.571979366946E-03
  0.295147454706E-04  0.648987442191E-03
  0.330758579515E-04  0.727289105775E-03
  0.366968196654E-04  0.806906008262E-03
  0.403786364581E-04  0.887860159729E-03
  0.441223310802E-04  0.970173935674E-03
  0.479289434710E-04  0.105387008303E-02
  0.517995310473E-04  0.113897172625E-02
  0.557351689972E-04  0.122550237354E-02
  0.597369505788E-04  0.131348592316E-02
  0.638059874238E-04  0.140294666983E-02
  0.679434098463E-04  0.149390931124E-02
  0.721503671571E-04  0.158639895470E-02
  0.764280279823E-04  0.168044112387E-02
  0.807775805886E-04  0.177606176559E-02
  0.852002332130E-04  0.187328725686E-02
  0.896972143987E-04  0.197214441188E-02
  0.942697733359E-04  0.207266048928E-02
  0.989191802093E-04  0.217486319942E-02
  0.103646726551E-03  0.227878071177E-02
  0.108453725598E-03  0.238444166253E-02
  0.113341512659E-03  0.249187516223E-02
  0.118311445485E-03  0.260111080358E-02
  0.123364904643E-03  0.271217866940E-02
  0.128503293906E-03  0.282510934060E-02
  0.133728040636E-03  0.293993390445E-02
  0.139040596186E-03  0.305668396287E-02
  0.144442436300E-03  0.317539164085E-02
  0.149935061524E-03  0.329608959509E-02
  0.155519997622E-03  0.341881102270E-02
  0.161198796001E-03  0.354358967008E-02
  0.166973034141E-03  0.367045984194E-02
  0.172844316036E-03  0.379945641046E-02
  0.178814272634E-03  0.393061482457E-02
  0.184884562295E-03  0.406397111946E-02
  0.191056871249E-03  0.419956192614E-02
  0.197332914067E-03  0.433742448124E-02
  0.203714434135E-03  0.447759663688E-02
  0.210203204136E-03  0.462011687082E-02
  0.216801026551E-03  0.476502429662E-02
  0.223509734148E-03  0.491235867410E-02
  0.230331190502E-03  0.506216041986E-02
  0.237267290505E-03  0.521447061804E-02
  0.244319960897E-03  0.536933103121E-02
  0.251491160797E-03  0.552678411145E-02
  0.258782882252E-03  0.568687301158E-02
  0.266197150786E-03  0.584964159656E-02
  0.273736025968E-03  0.601513445516E-02
  0.281401601976E-03  0.618339691166E-02
  0.289196008187E-03  0.635447503785E-02
  0.297121409764E-03  0.652841566518E-02
  0.305180008259E-03  0.670526639707E-02
  0.313374042222E-03  0.688507562145E-02
  0.321705787828E-03  0.706789252347E-02
  0.330177559502E-03  0.725376709842E-02
  0.338791710571E-03  0.744275016479E-02
  0.347550633908E-03  0.763489337764E-02
  0.356456762605E-03  0.783024924207E-02
  0.365512570643E-03  0.802887112693E-02
  0.374720573583E-03  0.823081327874E-02
  0.384083329262E-03  0.843613083586E-02
  0.393603438507E-03  0.864487984273E-02
  0.403283545853E-03  0.885711726455E-02
  0.413126340281E-03  0.907290100194E-02
  0.423134555964E-03  0.929228990600E-02
  0.433310973027E-03  0.951534379352E-02
  0.443658418317E-03  0.974212346239E-02
  0.454179766191E-03  0.997269070728E-02
  0.464877939314E-03  0.102071083356E-01
  0.475755909468E-03  0.104454401834E-01
  0.486816698383E-03  0.106877511322E-01
  0.498063378571E-03  0.109341071252E-01
  0.509499074182E-03  0.111845751841E-01
  0.521126961872E-03  0.114392234267E-01
  0.532950271683E-03  0.116981210836E-01
  0.544972287946E-03  0.119613385163E-01
  0.557196350186E-03  0.122289472348E-01
  0.569625854054E-03  0.125010199159E-01
  0.582264252271E-03  0.127776304213E-01
  0.595115055584E-03  0.130588538167E-01
  0.608181833744E-03  0.133447663903E-01
  0.621468216494E-03  0.136354456720E-01
  0.634977894582E-03  0.139309704532E-01
  0.648714620784E-03  0.142314208062E-01
  0.662682210944E-03  0.145368781044E-01
  0.676884545040E-03  0.148474250427E-01
  0.691325568254E-03  0.151631456578E-01
  0.706009292076E-03  0.154841253492E-01
  0.720939795412E-03  0.158104509006E-01
  0.736121225719E-03  0.161422105011E-01
  0.751557800160E-03  0.164794937672E-01
  0.767253806771E-03  0.168223917647E-01
  0.783213605655E-03  0.171709970313E-01
  0.799441630192E-03  0.175254035991E-01
  0.815942388271E-03  0.178857070177E-01
  0.832720463542E-03  0.182520043776E-01
  0.849780516689E-03  0.186243943338E-01
  0.867127286725E-03  0.190029771300E-01
  0.884765592310E-03  0.193878546226E-01
  0.902700333086E-03  0.197791303053E-01
  0.920936491041E-03  0.201769093347E-01
  0.939479131892E-03  0.205812985547E-01
  0.958333406491E-03  0.209924065230E-01
  0.977504552258E-03  0.214103435366E-01
  0.996997894634E-03  0.218352216583E-01
  0.101681884856E-02  0.222671547435E-01
  0.103697291999E-02  0.227062584669E-01
  0.105746570740E-02  0.231526503504E-01
  0.107830290337E-02  0.236064497904E-01
  0.109949029614E-02  0.240677780861E-01
  0.112103377123E-02  0.245367584682E-01
  0.114293931308E-02  0.250135161274E-01
  0.116521300671E-02  0.254981782436E-01
  0.118786103938E-02  0.259908740158E-01
  0.121088970238E-02  0.264917346918E-01
  0.123430539270E-02  0.270008935985E-01
  0.125811461484E-02  0.275184861727E-01
  0.128232398264E-02  0.280446499922E-01
  0.130694022107E-02  0.285795248071E-01
  0.133197016814E-02  0.291232525716E-01
  0.135742077677E-02  0.296759774764E-01
  0.138329911673E-02  0.302378459813E-01
  0.140961237663E-02  0.308090068477E-01
  0.143636786587E-02  0.313896111726E-01
  0.146357301669E-02  0.319798124219E-01
  0.149123538627E-02  0.325797664645E-01
  0.151936265878E-02  0.331896316072E-01
  0.154796264751E-02  0.338095686292E-01
  0.157704329711E-02  0.344397408174E-01
  0.160661268571E-02  0.350803140022E-01
  0.163667902723E-02  0.357314565936E-01
  0.166725067361E-02  0.363933396175E-01
  0.169833611719E-02  0.370661367524E-01
  0.172994399300E-02  0.377500243668E-01
  0.176208308121E-02  0.384451815567E-01
  0.179476230956E-02  0.391517901834E-01
  0.182799075582E-02  0.398700349122E-01
  0.186177765032E-02  0.406001032507E-01
  0.189613237853E-02  0.413421855881E-01
  0.193106448366E-02  0.420964752347E-01
  0.196658366929E-02  0.428631684612E-01
  0.200269980208E-02  0.436424645399E-01
  0.203942291454E-02  0.444345657840E-01
  0.207676320775E-02  0.452396775896E-01
  0.211473105427E-02  0.460580084761E-01
  0.215333700097E-02  0.468897701283E-01
  0.219259177196E-02  0.477351774382E-01
  0.223250627160E-02  0.485944485470E-01
  0.227309158750E-02  0.494678048882E-01
  0.231435899364E-02  0.503554712299E-01
  0.235631995343E-02  0.512576757187E-01
  0.239898612299E-02  0.521746499226E-01
  0.244236935428E-02  0.531066288753E-01
  0.248648169849E-02  0.540538511199E-01
  0.253133540933E-02  0.550165587537E-01
  0.257694294645E-02  0.559949974726E-01
  0.262331697892E-02  0.569894166161E-01
  0.267047038869E-02  0.580000692125E-01
  0.271841627425E-02  0.590272120243E-01
  0.276716795419E-02  0.600711055938E-01
  0.281673897098E-02  0.611320142887E-01
  0.286714309466E-02  0.622102063489E-01
  0.291839432669E-02  0.633059539315E-01
  0.297050690386E-02  0.644195331584E-01
  0.302349530222E-02  0.655512241620E-01
  0.307737424111E-02  0.667013111321E-01
  0.313215868724E-02  0.678700823627E-01
  0.318786385888E-02  0.690578302988E-01
  0.324450523003E-02  0.702648515832E-01
  0.330209853479E-02  0.714914471039E-01
  0.336065977165E-02  0.727379220403E-01
  0.342020520800E-02  0.740045859110E-01
  0.348075138464E-02  0.752917526204E-01
  0.354231512032E-02  0.765997405055E-01
  0.360491351648E-02  0.779288723829E-01
  0.366856396197E-02  0.792794755956E-01
  0.373328413787E-02  0.806518820597E-01
  0.379909202244E-02  0.820464283103E-01
  0.386600589605E-02  0.834634555484E-01
  0.393404434633E-02  0.849033096866E-01
  0.400322627329E-02  0.863663413949E-01
  0.407357089456E-02  0.878529061460E-01
  0.414509775079E-02  0.893633642609E-01
  0.421782671099E-02  0.908980809529E-01
  0.429177797812E-02  0.924574263724E-01
  0.436697209468E-02  0.940417756507E-01
  0.444342994841E-02  0.956515089433E-01
  0.452117277809E-02  0.972870114725E-01
  0.460022217945E-02  0.989486735697E-01
  0.468060011117E-02  0.100636890717E+00
  0.476232890096E-02  0.102352063588E+00
  0.484543125179E-02  0.104094598087E+00
  0.492993024819E-02  0.105864905390E+00
  0.501584936264E-02  0.107663401982E+00
  0.510321246211E-02  0.109490509693E+00
  0.519204381470E-02  0.111346655737E+00
  0.528236809635E-02  0.113232272747E+00
  0.537421039771E-02  0.115147798805E+00
  0.546759623114E-02  0.117093677481E+00
  0.556255153774E-02  0.119070357862E+00
  0.565910269459E-02  0.121078294581E+00
  0.575727652208E-02  0.123117947848E+00
  0.585710029135E-02  0.125189783475E+00
  0.595860173187E-02  0.127294272904E+00
  0.606180903914E-02  0.129431893232E+00
  0.616675088250E-02  0.131603127229E+00
  0.627345641316E-02  0.133808463362E+00
  0.638195527222E-02  0.136048395813E+00
  0.649227759895E-02  0.138323424492E+00
  0.660445403916E-02  0.140634055058E+00
  0.671851575368E-02  0.142980798923E+00
  0.683449442706E-02  0.145364173266E+00
  0.695242227634E-02  0.147784701040E+00
  0.707233206002E-02  0.150242910975E+00
  0.719425708714E-02  0.152739337578E+00
  0.731823122654E-02  0.155274521135E+00
  0.744428891630E-02  0.157849007706E+00
  0.757246517323E-02  0.160463349114E+00
  0.770279560269E-02  0.163118102938E+00
  0.783531640840E-02  0.165813832498E+00
  0.797006440256E-02  0.168551106834E+00
  0.810707701603E-02  0.171330500690E+00
  0.824639230874E-02  0.174152594483E+00
  0.838804898030E-02  0.177017974277E+00
  0.853208638067E-02  0.179927231747E+00
  0.867854452119E-02  0.182880964142E+00
  0.882746408560E-02  0.185879774241E+00
  0.897888644141E-02  0.188924270309E+00
  0.913285365137E-02  0.192015066039E+00
  0.928940848512E-02  0.195152780497E+00
  0.944859443113E-02  0.198338038062E+00
  0.961045570874E-02  0.201571468350E+00
  0.977503728046E-02  0.204853706148E+00
  0.994238486445E-02  0.208185391327E+00
  0.101125449472E-01  0.211567168760E+00
  0.102855647966E-01  0.214999688224E+00
  0.104614924747E-01  0.218483604307E+00
  0.106403768515E-01  0.222019576295E+00
  0.108222676182E-01  0.225608268062E+00
  0.110072153012E-01  0.229250347948E+00
  0.111952712761E-01  0.232946488629E+00
  0.113864877819E-01  0.236697366980E+00
  0.115809179354E-01  0.240503663933E+00
  0.117786157463E-01  0.244366064319E+00
  0.119796361319E-01  0.248285256709E+00
  0.121840349326E-01  0.252261933239E+00
  0.123918689270E-01  0.256296789434E+00
  0.126031958482E-01  0.260390524013E+00
  0.128180743995E-01  0.264543838689E+00
  0.130365642707E-01  0.268757437958E+00
  0.132587261548E-01  0.273032028881E+00
  0.134846217650E-01  0.277368320845E+00
  0.137143138514E-01  0.281767025322E+00
  0.139478662190E-01  0.286228855613E+00
  0.141853437448E-01  0.290754526581E+00
  0.144268123963E-01  0.295344754366E+00
  0.146723392498E-01  0.300000256098E+00
  0.149219925086E-01  0.304721749583E+00
  0.151758415227E-01  0.309509952991E+00
  0.154339568071E-01  0.314365584513E+00
  0.156964100623E-01  0.319289362019E+00
  0.159632741936E-01  0.324282002690E+00
  0.162346233317E-01  0.329344222643E+00
  0.165105328530E-01  0.334476736532E+00
  0.167910794009E-01  0.339680257139E+00
  0.170763409068E-01  0.344955494948E+00
  0.173663966117E-01  0.350303157700E+00
  0.176613270887E-01  0.355723949928E+00
  0.179612142648E-01  0.361218572482E+00
  0.182661414438E-01  0.366787722026E+00
  0.185761933297E-01  0.372432090525E+00
  0.188914560500E-01  0.378152364704E+00
  0.192120171798E-01  0.383949225495E+00
  0.195379657658E-01  0.389823347460E+00
  0.198693923514E-01  0.395775398191E+00
  0.202063890018E-01  0.401806037692E+00
  0.205490493292E-01  0.407915917740E+00
  0.208974685193E-01  0.414105681220E+00
  0.212517433574E-01  0.420375961438E+00
  0.216119722554E-01  0.426727381415E+00
  0.219782552794E-01  0.433160553151E+00
  0.223506941768E-01  0.439676076869E+00
  0.227293924054E-01  0.446274540230E+00
  0.231144551616E-01  0.452956517531E+00
  0.235059894096E-01  0.459722568863E+00
  0.239041039116E-01  0.466573239260E+00
  0.243089092575E-01  0.473509057805E+00
  0.247205178957E-01  0.480530536719E+00
  0.251390441647E-01  0.487638170421E+00
  0.255646043244E-01  0.494832434551E+00
  0.259973165888E-01  0.502113784980E+00
  0.264373011585E-01  0.509482656772E+00
  0.268846802542E-01  0.516939463134E+00
  0.273395781508E-01  0.524484594324E+00
  0.278021212118E-01  0.532118416532E+00
  0.282724379242E-01  0.539841270731E+00
  0.287506589347E-01  0.547653471496E+00
  0.292369170855E-01  0.555555305792E+00
  0.297313474514E-01  0.563547031728E+00
  0.302340873774E-01  0.571628877281E+00
  0.307452765167E-01  0.579801038982E+00
  0.312650568696E-01  0.588063680580E+00
  0.317935728228E-01  0.596416931659E+00
  0.323309711898E-01  0.604860886233E+00
  0.328774012512E-01  0.613395601300E+00
  0.334330147968E-01  0.622021095367E+00
  0.339979661672E-01  0.630737346936E+00
  0.345724122970E-01  0.639544292962E+00
  0.351565127582E-01  0.648441827271E+00
  0.357504298048E-01  0.657429798953E+00
  0.363543284174E-01  0.666508010705E+00
  0.369683763497E-01  0.675676217159E+00
  0.375927441744E-01  0.684934123165E+00
  0.382276053310E-01  0.694281382043E+00
  0.388731361740E-01  0.703717593798E+00
  0.395295160216E-01  0.713242303316E+00
  0.401969272058E-01  0.722854998508E+00
  0.408755551229E-01  0.732555108439E+00
  0.415655882849E-01  0.742342001416E+00
  0.422672183722E-01  0.752214983050E+00
  0.429806402866E-01  0.762173294285E+00
  0.437060522054E-01  0.772216109403E+00
  0.444436556366E-01  0.782342533995E+00
  0.451936554747E-01  0.792551602909E+00
  0.459562600579E-01  0.802842278171E+00
  0.467316812256E-01  0.813213446883E+00
  0.475201343777E-01  0.823663919094E+00
  0.483218385340E-01  0.834192425654E+00
  0.491370163952E-01  0.844797616045E+00
  0.499658944049E-01  0.855478056193E+00
  0.508087028122E-01  0.866232226266E+00
  0.516656757361E-01  0.877058518457E+00
  0.525370512300E-01  0.887955234752E+00
  0.534230713484E-01  0.898920584692E+00
  0.543239822137E-01  0.909952683124E+00
  0.552400340846E-01  0.921049547951E+00
  0.561714814259E-01  0.932209097873E+00
  0.571185829789E-01  0.943429150135E+00
  0.580816018336E-01  0.954707418281E+00
  0.590608055013E-01  0.966041509903E+00
  0.600564659893E-01  0.977428924418E+00
  0.610688598765E-01  0.988867050841E+00
  0.620982683898E-01  0.100035316559E+01
  0.631449774827E-01  0.101188443032E+01
  0.642092779144E-01  0.102345788975E+01
  0.652914653308E-01  0.103507046956E+01
  0.663918403465E-01  0.104671897429E+01
  0.675107086282E-01  0.105840008533E+01
  0.686483809800E-01  0.107011035889E+01
  0.698051734291E-01  0.108184622407E+01
  0.709814073144E-01  0.109360398097E+01
  0.721774093749E-01  0.110537979886E+01
  0.733935118412E-01  0.111716971443E+01
  0.746300525273E-01  0.112896963011E+01
  0.758873749247E-01  0.114077531243E+01
  0.771658282978E-01  0.115258239058E+01
  0.784657677806E-01  0.116438635493E+01
  0.797875544759E-01  0.117618255576E+01
  0.811315555550E-01  0.118796620202E+01
  0.824981443603E-01  0.119973236027E+01
  0.838877005086E-01  0.121147595371E+01
  0.853006099966E-01  0.122319176136E+01
  0.867372653083E-01  0.123487441738E+01
  0.881980655238E-01  0.124651841051E+01
  0.896834164303E-01  0.125811808374E+01
  0.911937306349E-01  0.126966763410E+01
  0.927294276791E-01  0.128116111260E+01
  0.942909341551E-01  0.129259242444E+01
  0.958786838248E-01  0.130395532935E+01
  0.974931177401E-01  0.131524344216E+01
  0.991346843652E-01  0.132645023358E+01
  0.100803839701E+00  0.133756903125E+01
  0.102501047413E+00  0.134859302095E+01
  0.104226778959E+00  0.135951524812E+01
  0.105981513719E+00  0.137032861964E+01
  0.107765739132E+00  0.138102590581E+01
  0.109579950826E+00  0.139159974272E+01
  0.111424652761E+00  0.140204263480E+01
  0.113300357366E+00  0.141234695776E+01
  0.115207585683E+00  0.142250496178E+01
  0.117146867509E+00  0.143250877504E+01
  0.119118741546E+00  0.144235040762E+01
  0.121123755549E+00  0.145202175571E+01
  0.123162466481E+00  0.146151460614E+01
  0.125235440662E+00  0.147082064133E+01
  0.127343253931E+00  0.147993144464E+01
  0.129486491807E+00  0.148883850596E+01
  0.131665749647E+00  0.149753322790E+01
  0.133881632814E+00  0.150600693219E+01
  0.136134756846E+00  0.151425086658E+01
  0.138425747624E+00  0.152225621221E+01
  0.140755241551E+00  0.153001409127E+01
  0.143123885722E+00  0.153751557521E+01
  0.145532338109E+00  0.154475169331E+01
  0.147981267743E+00  0.155171344176E+01
  0.150471354898E+00  0.155839179314E+01
  0.153003291280E+00  0.156477770639E+01
  0.155577780221E+00  0.157086213717E+01
  0.158195536874E+00  0.157663604878E+01
  0.160857288411E+00  0.158209042342E+01
  0.163563774222E+00  0.158721627406E+01
  0.166315746129E+00  0.159200465658E+01
  0.169113968585E+00  0.159644668254E+01
  0.171959218892E+00  0.160053353230E+01
  0.174852287415E+00  0.160425646861E+01
  0.177793977804E+00  0.160760685068E+01
  0.180785107214E+00  0.161057614861E+01
  0.183826506533E+00  0.161315595828E+01
  0.186919020613E+00  0.161533801667E+01
  0.190063508507E+00  0.161711421757E+01
  0.193260843703E+00  0.161847662761E+01
  0.196511914371E+00  0.161941750273E+01
  0.199817623607E+00  0.161992930495E+01
  0.203178889684E+00  0.162000471949E+01
  0.206596646310E+00  0.161963667214E+01
  0.210071842882E+00  0.161881834694E+01
  0.213605444756E+00  0.161754320406E+01
  0.217198433511E+00  0.161580499797E+01
  0.220851807222E+00  0.161359779563E+01
  0.224566580739E+00  0.161091599496E+01
  0.228343785966E+00  0.160775434334E+01
  0.232184472153E+00  0.160410795609E+01
  0.236089706180E+00  0.159997233511E+01
  0.240060572861E+00  0.159534338728E+01
  0.244098175239E+00  0.159021744290E+01
  0.248203634897E+00  0.158459127390E+01
  0.252378092266E+00  0.157846211180E+01
  0.256622706944E+00  0.157182766546E+01
  0.260938658020E+00  0.156468613844E+01
  0.265327144395E+00  0.155703624588E+01
  0.269789385122E+00  0.154887723098E+01
  0.274326619741E+00  0.154020888084E+01
  0.278940108624E+00  0.153103154171E+01
  0.283631133326E+00  0.152134613344E+01
  0.288400996938E+00  0.151115416321E+01
  0.293251024454E+00  0.150045773827E+01
  0.298182563135E+00  0.148925957785E+01
  0.303196982885E+00  0.147756302388E+01
  0.308295676629E+00  0.146537205066E+01
  0.313480060705E+00  0.145269127331E+01
  0.318751575253E+00  0.143952595493E+01
  0.324111684615E+00  0.142588201241E+01
  0.329561877747E+00  0.141176602084E+01
  0.335103668625E+00  0.139718521636E+01
  0.340738596671E+00  0.138214749761E+01
  0.346468227180E+00  0.136666142545E+01
  0.352294151753E+00  0.135073622121E+01
  0.358217988738E+00  0.133438176317E+01
  0.364241383685E+00  0.131760858146E+01
  0.370366009797E+00  0.130042785132E+01
  0.376593568400E+00  0.128285138460E+01
  0.382925789410E+00  0.126489161981E+01
  0.389364431818E+00  0.124656161048E+01
  0.395911284178E+00  0.122787501210E+01
  0.402568165101E+00  0.120884606763E+01
  0.409336923765E+00  0.118948959180E+01
  0.416219440423E+00  0.116982095425E+01
  0.423217626929E+00  0.114985606189E+01
  0.430333427271E+00  0.112961134064E+01
  0.437568818104E+00  0.110910371691E+01
  0.444925809305E+00  0.108835059944E+01
  0.452406444532E+00  0.106736986176E+01
  0.460012801785E+00  0.104617982630E+01
  0.467746993992E+00  0.102479925059E+01
  0.475611169588E+00  0.100324731676E+01
  0.483607513118E+00  0.981543624953E+00
  0.491738245838E+00  0.959708191723E+00
  0.500005626339E+00  0.937761453808E+00
  0.508411951168E+00  0.915724277226E+00
  0.516959555470E+00  0.893617970587E+00
  0.525650813634E+00  0.871464299736E+00
  0.534488139953E+00  0.849285498744E+00
  0.543473989299E+00  0.827104269241E+00
  0.552610857797E+00  0.804943757325E+00
  0.561901283526E+00  0.782827494820E+00
  0.571347847220E+00  0.760779291459E+00
  0.580953172983E+00  0.738823067373E+00
  0.590719929025E+00  0.716982622982E+00
  0.600650828396E+00  0.695281355136E+00
  0.610748629743E+00  0.673741943250E+00
  0.621016138075E+00  0.652386042403E+00
  0.631456205545E+00  0.631234028297E+00
  0.642071732238E+00  0.610304836491E+00
  0.652865666979E+00  0.589615924624E+00
  0.663841008154E+00  0.569183362071E+00
  0.675000804539E+00  0.549022023342E+00
  0.686348156149E+00  0.529145837598E+00
  0.697886215099E+00  0.509568037207E+00
  0.709618186480E+00  0.490301356118E+00
  0.721547329248E+00  0.471358150724E+00
  0.733676957131E+00  0.452750440403E+00
  0.746010439547E+00  0.434489883583E+00
  0.758551202544E+00  0.416587712722E+00
  0.771302729746E+00  0.399054650753E+00
  0.784268563328E+00  0.381900825397E+00
  0.797452304993E+00  0.365135691272E+00
  0.810857616976E+00  0.348767964102E+00
  0.824488223061E+00  0.332805568091E+00
  0.838347909615E+00  0.317255595536E+00
  0.852440526641E+00  0.302124277263E+00
  0.866769988844E+00  0.287416962241E+00
  0.881340276723E+00  0.273138105039E+00
  0.896155437675E+00  0.259291259894E+00
  0.911219587115E+00  0.245879080502E+00
  0.926536909629E+00  0.232903324709E+00
  0.942111660125E+00  0.220364863486E+00
  0.957948165024E+00  0.208263693637E+00
  0.974050823456E+00  0.196598953804E+00
  0.990424108486E+00  0.185368943415E+00
  0.100707256835E+01  0.174571144288E+00
  0.102400082774E+01  0.164202244681E+00
  0.104121358904E+01  0.154258165629E+00
  0.105871563370E+01  0.144734089450E+00
  0.107651182350E+01  0.135624490317E+00
  0.109460710195E+01  0.126923166835E+00
  0.111300649563E+01  0.118623276511E+00
  0.113171511559E+01  0.110717372054E+00
  0.115073815881E+01  0.103197439365E+00
  0.117008090957E+01  0.960549371136E-01
  0.118974874099E+01  0.892808377067E-01
  0.120974711649E+01  0.828656695182E-01
  0.123008159129E+01  0.767995601191E-01
  0.125075781399E+01  0.710722803486E-01
  0.127178152813E+01  0.656732889284E-01
  0.129315857375E+01  0.605917774323E-01
  0.131489488906E+01  0.558167152962E-01
  0.133699651206E+01  0.513368946680E-01
  0.135946958225E+01  0.471409747812E-01
  0.138232034227E+01  0.432175256524E-01
  0.140555513972E+01  0.395550708029E-01
  0.142918042886E+01  0.361421288145E-01
  0.145320277240E+01  0.329672534493E-01
  0.147762884339E+01  0.300190721665E-01
  0.150246542700E+01  0.272863228007E-01
  0.152771942244E+01  0.247578882686E-01
  0.155339784487E+01  0.224228291100E-01
  0.157950782735E+01  0.202704137672E-01
  0.160605662282E+01  0.182901464582E-01
  0.163305160612E+01  0.164717925849E-01
  0.166050027603E+01  0.148054015849E-01
  0.168841025735E+01  0.132813272072E-01
  0.171678930304E+01  0.118902451716E-01
  0.174564529635E+01  0.106231682307E-01
  0.177498625302E+01  0.947145864462E-02
  0.180482032349E+01  0.842683812297E-02
  0.183515579522E+01  0.748139528708E-02
  0.186600109490E+01  0.662759074251E-02
  0.189736479088E+01  0.585825985042E-02
  0.192925559550E+01  0.516661331605E-02
  0.196168236751E+01  0.454623571298E-02
  0.199465411457E+01  0.399108208262E-02
  0.202817999570E+01  0.349547274925E-02
  0.206226932387E+01  0.305408650443E-02
  0.209693156855E+01  0.266195231458E-02
  0.213217635837E+01  0.231443971222E-02
  0.216801348377E+01  0.200724803068E-02
  0.220445289974E+01  0.173639464257E-02
  0.224150472857E+01  0.149820236027E-02
  0.227917926268E+01  0.128928615297E-02
  0.231748696745E+01  0.110653933059E-02
  0.235643848417E+01  0.947119338321E-03
  0.239604463295E+01  0.808433299327E-03
  0.243631641575E+01  0.688123434367E-03
  0.247726501943E+01  0.584052479526E-03
  0.251890181888E+01  0.494289212673E-03
  0.256123838014E+01  0.417094190784E-03
  0.260428646363E+01  0.350905788708E-03
  0.264805802744E+01  0.294326620736E-03
  0.269256523061E+01  0.246110414562E-03
  0.273782043654E+01  0.205149397645E-03
  0.278383621641E+01  0.170462244575E-03
  0.283062535268E+01  0.141182624657E-03
  0.287820084264E+01  0.116548378328E-03
  0.292657590199E+01  0.958913423489E-04
  0.297576396858E+01  0.786278343613E-04
  0.302577870607E+01  0.642497998273E-04
  0.307663400775E+01  0.523166166027E-04
  0.312834400044E+01  0.424475461984E-04
  0.318092304836E+01  0.343148147643E-04
  0.323438575712E+01  0.276373021655E-04
  0.328874697783E+01  0.221748132389E-04
  0.334402181117E+01  0.177229021786E-04
  0.340022561163E+01  0.141082183104E-04
  0.345737399172E+01  0.111843397417E-04
  0.351548282637E+01  0.882806000917E-05
  0.357456825730E+01  0.693609213301E-05
  0.363464669750E+01  0.542215405353E-05
  0.369573483581E+01  0.421439933166E-05
  0.375784964156E+01  0.325315692853E-05
  0.382100836925E+01  0.248894375482E-05
  0.388522856339E+01  0.188071314370E-05
  0.395052806333E+01  0.139430117991E-05
  0.401692500824E+01  0.100103037840E-05
  0.408443784215E+01  0.676425921381E-06
  0.415308531904E+01  0.398992531468E-06
  0.422288650812E+01  0.148988683923E-06
  0.429386079903E+01  0.000000000000E+00
  0.436602790733E+01  0.000000000000E+00
  0.443940787990E+01  0.000000000000E+00
  0.451402110052E+01  0.000000000000E+00
  0.458988829559E+01  0.000000000000E+00
  0.466703053980E+01  0.000000000000E+00
  0.474546926205E+01  0.000000000000E+00
  0.482522625138E+01  0.000000000000E+00
  0.490632366303E+01  0.000000000000E+00
  0.498878402457E+01  0.000000000000E+00
  0.507263024219E+01  0.000000000000E+00
  0.515788560705E+01  0.000000000000E+00
  0.524457380173E+01  0.000000000000E+00
  0.533271890685E+01  0.000000000000E+00
  0.542234540774E+01  0.000000000000E+00
  0.551347820121E+01  0.000000000000E+00
  0.560614260251E+01  0.000000000000E+00
  0.570036435236E+01  0.000000000000E+00
  0.579616962407E+01  0.000000000000E+00
  0.589358503082E+01  0.000000000000E+00
  0.599263763309E+01  0.000000000000E+00
  0.609335494611E+01  0.000000000000E+00
  0.619576494757E+01  0.000000000000E+00
  0.629989608536E+01  0.000000000000E+00
  0.640577728544E+01  0.000000000000E+00
  0.651343795996E+01  0.000000000000E+00
  0.662290801535E+01  0.000000000000E+00
  0.673421786065E+01  0.000000000000E+00
  0.684739841598E+01  0.000000000000E+00
  0.696248112113E+01  0.000000000000E+00
  0.707949794423E+01  0.000000000000E+00
  0.719848139073E+01  0.000000000000E+00
  0.731946451234E+01  0.000000000000E+00
  0.744248091627E+01  0.000000000000E+00
  0.756756477452E+01  0.000000000000E+00
  0.769475083341E+01  0.000000000000E+00
  0.782407442324E+01  0.000000000000E+00
  0.795557146804E+01  0.000000000000E+00
  0.808927849562E+01  0.000000000000E+00
  0.822523264768E+01  0.000000000000E+00
  0.836347169014E+01  0.000000000000E+00
  0.850403402362E+01  0.000000000000E+00
  0.864695869411E+01  0.000000000000E+00
  0.879228540384E+01  0.000000000000E+00
  0.894005452227E+01  0.000000000000E+00
  0.909030709732E+01  0.000000000000E+00
  0.924308486679E+01  0.000000000000E+00
  0.939843026992E+01  0.000000000000E+00
  0.955638645923E+01  0.000000000000E+00
  0.971699731244E+01  0.000000000000E+00
  0.988030744471E+01  0.000000000000E+00
  0.100463622210E+02  0.000000000000E+00
  0.102152077688E+02  0.000000000000E+00
  0.103868909906E+02  0.000000000000E+00
  0.105614595773E+02  0.000000000000E+00
  0.107389620214E+02  0.000000000000E+00
  0.109194476302E+02  0.000000000000E+00
  0.111029665398E+02  0.000000000000E+00
  0.112895697288E+02  0.000000000000E+00
  0.114793090327E+02  0.000000000000E+00
  0.116722371580E+02  0.000000000000E+00
  0.118684076971E+02  0.000000000000E+00
  0.120678751431E+02  0.000000000000E+00
  0.122706949049E+02  0.000000000000E+00
  0.124769233226E+02  0.000000000000E+00
  0.126866176832E+02  0.000000000000E+00
  0.128998362366E+02  0.000000000000E+00
  0.131166382114E+02  0.000000000000E+00
  0.133370838318E+02  0.000000000000E+00
  0.135612343341E+02  0.000000000000E+00
  0.137891519839E+02  0.000000000000E+00
  0.140209000929E+02  0.000000000000E+00
  0.142565430373E+02  0.000000000000E+00
  0.144961462748E+02  0.000000000000E+00
  0.147397763635E+02  0.000000000000E+00
  0.149875009800E+02  0.000000000000E+00
  0.152393889382E+02  0.000000000000E+00
  0.154955102087E+02  0.000000000000E+00
  0.157559359378E+02  0.000000000000E+00
  0.160207384678E+02  0.000000000000E+00
  0.162899913566E+02  0.000000000000E+00
  0.165637693984E+02  0.000000000000E+00
  0.168421486444E+02  0.000000000000E+00
  0.171252064240E+02  0.000000000000E+00
  0.174130213662E+02  0.000000000000E+00
  0.177056734214E+02  0.000000000000E+00
  0.180032438837E+02  0.000000000000E+00
  0.183058154135E+02  0.000000000000E+00
  0.186134720604E+02  0.000000000000E+00
  0.189262992866E+02  0.000000000000E+00
  0.192443839905E+02  0.000000000000E+00
  0.195678145310E+02  0.000000000000E+00
  0.198966807520E+02  0.000000000000E+00
  0.202310740074E+02  0.000000000000E+00
  0.205710871863E+02  0.000000000000E+00
  0.209168147390E+02  0.000000000000E+00
  0.212683527032E+02  0.000000000000E+00
  0.216257987306E+02  0.000000000000E+00
  0.219892521140E+02  0.000000000000E+00
  0.223588138151E+02  0.000000000000E+00
  0.227345864922E+02  0.000000000000E+00
  0.231166745290E+02  0.000000000000E+00
  0.235051840637E+02  0.000000000000E+00
  0.239002230179E+02  0.000000000000E+00
  0.243019011274E+02  0.000000000000E+00
  0.247103299718E+02  0.000000000000E+00
  0.251256230063E+02  0.000000000000E+00
  0.255478955928E+02  0.000000000000E+00
  0.259772650319E+02  0.000000000000E+00
  0.264138505956E+02  0.000000000000E+00
  0.268577735606E+02  0.000000000000E+00
  0.273091572416E+02  0.000000000000E+00
  0.277681270258E+02  0.000000000000E+00
  0.282348104079E+02  0.000000000000E+00
  0.287093370251E+02  0.000000000000E+00
  0.291918386934E+02  0.000000000000E+00
  0.296824494441E+02  0.000000000000E+00
  0.301813055612E+02  0.000000000000E+00
  0.306885456191E+02  0.000000000000E+00
  0.312043105209E+02  0.000000000000E+00
  0.317287435381E+02  0.000000000000E+00
  0.322619903498E+02  0.000000000000E+00
  0.328041990836E+02  0.000000000000E+00
  0.333555203565E+02  0.000000000000E+00
  0.339161073169E+02  0.000000000000E+00
  0.344861156870E+02  0.000000000000E+00
  0.350657038060E+02  0.000000000000E+00
  0.356550326745E+02  0.000000000000E+00
  0.362542659986E+02  0.000000000000E+00
  0.368635702360E+02  0.000000000000E+00
  0.374831146417E+02  0.000000000000E+00
  0.381130713153E+02  0.000000000000E+00
  0.387536152490E+02  0.000000000000E+00
  0.394049243756E+02  0.000000000000E+00
  0.400671796186E+02  0.000000000000E+00
  0.407405649420E+02  0.000000000000E+00
  0.414252674016E+02  0.000000000000E+00
  0.421214771969E+02  0.000000000000E+00
  0.428293877241E+02  0.000000000000E+00
  0.435491956296E+02  0.000000000000E+00
  0.442811008644E+02  0.000000000000E+00
  0.450253067405E+02  0.000000000000E+00
  0.457820199864E+02  0.000000000000E+00
  0.465514508051E+02  0.000000000000E+00
  0.473338129324E+02  0.000000000000E+00
  0.481293236961E+02  0.000000000000E+00
  0.489382040765E+02  0.000000000000E+00
  0.497606787677E+02  0.000000000000E+00
  0.505969762404E+02  0.000000000000E+00
  0.514473288048E+02  0.000000000000E+00
  0.523119726752E+02  0.000000000000E+00
  0.531911480362E+02  0.000000000000E+00
  0.540850991088E+02  0.000000000000E+00
  0.549940742185E+02  0.000000000000E+00
  0.559183258642E+02  0.000000000000E+00
  0.568581107884E+02  0.000000000000E+00
  0.578136900485E+02  0.000000000000E+00
  0.587853290894E+02  0.000000000000E+00
  0.597732978170E+02  0.000000000000E+00
  0.607778706735E+02  0.000000000000E+00
  0.617993267133E+02  0.000000000000E+00
  0.628379496807E+02  0.000000000000E+00
  0.638940280890E+02  0.000000000000E+00
  0.649678552998E+02  0.000000000000E+00
  0.660597296055E+02  0.000000000000E+00
  0.671699543116E+02  0.000000000000E+00
  0.682988378209E+02  0.000000000000E+00
  0.694466937194E+02  0.000000000000E+00
  0.706138408633E+02  0.000000000000E+00
  0.718006034678E+02  0.000000000000E+00
  0.730073111967E+02  0.000000000000E+00
  0.742342992543E+02  0.000000000000E+00
  0.754819084787E+02  0.000000000000E+00
  0.767504854358E+02  0.000000000000E+00
  0.780403825164E+02  0.000000000000E+00
  0.793519580336E+02  0.000000000000E+00
  0.806855763222E+02  0.000000000000E+00
  0.820416078403E+02  0.000000000000E+00
  0.834204292722E+02  0.000000000000E+00
  0.848224236326E+02  0.000000000000E+00
  0.862479803734E+02  0.000000000000E+00
  0.876974954918E+02  0.000000000000E+00
  0.891713716401E+02  0.000000000000E+00
  0.906700182380E+02  0.000000000000E+00
  0.921938515857E+02  0.000000000000E+00
  0.937432949801E+02  0.000000000000E+00
  0.953187788321E+02  0.000000000000E+00
  0.969207407862E+02  0.000000000000E+00
  0.985496258423E+02  0.000000000000E+00
  0.100205886479E+03  0.000000000000E+00
  0.101889982779E+03  0.000000000000E+00
         795           0         200
  0.000000000000E+00  0.000000000000E+00
  0.306507791728E-05  0.176859464352E-04
  0.618166854669E-05  0.356691138180E-04
  0.935063762790E-05  0.539544817019E-04
  0.125728654505E-04  0.725471124178E-04
  0.158492470984E-04  0.914521524680E-04
  0.191806926988E-04  0.110674833908E-03
  0.225681276746E-04  0.130220475753E-03
  0.260124930018E-04  0.150094485404E-03
  0.295147454706E-04  0.170302360101E-03
  0.330758579515E-04  0.190849688401E-03
  0.366968196654E-04  0.211742151673E-03
  0.403786364581E-04  0.232985525629E-03
  0.441223310802E-04  0.254585681870E-03
  0.479289434710E-04  0.276548589466E-03
  0.517995310473E-04  0.298880316554E-03
  0.557351689972E-04  0.321587031969E-03
  0.597369505788E-04  0.344675006903E-03
  0.638059874238E-04  0.368150616579E-03
  0.679434098463E-04  0.392020341969E-03
  0.721503671571E-04  0.416290771533E-03
  0.764280279823E-04  0.440968602980E-03
  0.807775805886E-04  0.466060645072E-03
  0.852002332130E-04  0.491573819444E-03
  0.896972143987E-04  0.517515162464E-03
  0.942697733359E-04  0.543891827117E-03
  0.989191802093E-04  0.570711084924E-03
  0.103646726551E-03  0.597980327889E-03
  0.108453725598E-03  0.625707070483E-03
  0.113341512659E-03  0.653898951653E-03
  0.118311445485E-03  0.682563736869E-03
  0.123364904643E-03  0.711709320207E-03
  0.128503293906E-03  0.741343726457E-03
  0.133728040636E-03  0.771475113276E-03
  0.139040596186E-03  0.802111773366E-03
  0.144442436300E-03  0.833262136696E-03
  0.149935061524E-03  0.864934772752E-03
  0.155519997622E-03  0.897138392834E-03
  0.161198796001E-03  0.929881852377E-03
  0.166973034141E-03  0.963174153322E-03
  0.172844316036E-03  0.997024446516E-03
  0.178814272634E-03  0.103144203416E-02
  0.184884562295E-03  0.106643637227E-02
  0.191056871249E-03  0.110201707324E-02
  0.197332914067E-03  0.113819390836E-02
  0.203714434135E-03  0.117497681045E-02
  0.210203204136E-03  0.121237587647E-02
  0.216801026551E-03  0.125040137025E-02
  0.223509734148E-03  0.128906372518E-02
  0.230331190502E-03  0.132837354702E-02
  0.237267290505E-03  0.136834161666E-02
  0.244319960897E-03  0.140897889303E-02
  0.251491160797E-03  0.145029651601E-02
  0.258782882252E-03  0.149230580933E-02
  0.266197150786E-03  0.153501828360E-02
  0.273736025968E-03  0.157844563936E-02
  0.281401601976E-03  0.162259977015E-02
  0.289196008187E-03  0.166749276566E-02
  0.297121409764E-03  0.171313691491E-02
  0.305180008259E-03  0.175954470951E-02
  0.313374042222E-03  0.180672884689E-02
  0.321705787828E-03  0.185470223371E-02
  0.330177559502E-03  0.190347798918E-02
  0.338791710571E-03  0.195306944854E-02
  0.347550633908E-03  0.200349016653E-02
  0.356456762605E-03  0.205475392097E-02
  0.365512570643E-03  0.210687471629E-02
  0.374720573583E-03  0.215986678724E-02
  0.384083329262E-03  0.221374460259E-02
  0.393603438507E-03  0.226852286886E-02
  0.403283545853E-03  0.232421653416E-02
  0.413126340281E-03  0.238084079208E-02
  0.423134555964E-03  0.243841108560E-02
  0.433310973027E-03  0.249694311107E-02
  0.443658418317E-03  0.255645282231E-02
  0.454179766191E-03  0.261695643468E-02
  0.464877939314E-03  0.267847042925E-02
  0.475755909468E-03  0.274101155707E-02
  0.486816698383E-03  0.280459684341E-02
  0.498063378571E-03  0.286924359218E-02
  0.509499074182E-03  0.293496939030E-02
  0.521126961872E-03  0.300179211222E-02
  0.532950271683E-03  0.306972992445E-02
  0.544972287946E-03  0.313880129019E-02
  0.557196350186E-03  0.320902497403E-02
  0.569625854054E-03  0.328042004666E-02
  0.582264252271E-03  0.335300588974E-02
  0.595115055584E-03  0.342680220075E-02
  0.608181833744E-03  0.350182899798E-02
  0.621468216494E-03  0.357810662558E-02
  0.634977894582E-03  0.365565575859E-02
  0.648714620784E-03  0.373449740821E-02
  0.662682210944E-03  0.381465292698E-02
  0.676884545040E-03  0.389614401417E-02
  0.691325568254E-03  0.397899272111E-02
  0.706009292076E-03  0.406322145674E-02
  0.720939795412E-03  0.414885299311E-02
  0.736121225719E-03  0.423591047106E-02
  0.751557800160E-03  0.432441740590E-02
  0.767253806771E-03  0.441439769321E-02
  0.783213605655E-03  0.450587561472E-02
  0.799441630192E-03  0.459887584428E-02
  0.815942388271E-03  0.469342345386E-02
  0.832720463542E-03  0.478954391972E-02
  0.849780516689E-03  0.488726312856E-02
  0.867127286725E-03  0.498660738387E-02
  0.884765592310E-03  0.508760341225E-02
  0.902700333086E-03  0.519027836993E-02
  0.920936491041E-03  0.529465984926E-02
  0.939479131892E-03  0.540077588541E-02
  0.958333406491E-03  0.550865496304E-02
  0.977504552258E-03  0.561832602316E-02
  0.996997894634E-03  0.572981847002E-02
  0.101681884856E-02  0.584316217810E-02
  0.103697291999E-02  0.595838749923E-02
  0.105746570740E-02  0.607552526974E-02
  0.107830290337E-02  0.619460681775E-02
  0.109949029614E-02  0.631566397055E-02
  0.112103377123E-02  0.643872906204E-02
  0.114293931308E-02  0.656383494032E-02
  0.116521300671E-02  0.669101497531E-02
  0.118786103938E-02  0.682030306655E-02
  0.121088970238E-02  0.695173365097E-02
  0.123430539270E-02  0.708534171093E-02
  0.125811461484E-02  0.722116278218E-02
  0.128232398264E-02  0.735923296205E-02
  0.130694022107E-02  0.749958891767E-02
  0.133197016814E-02  0.764226789430E-02
  0.135742077677E-02  0.778730772378E-02
  0.138329911673E-02  0.793474683306E-02
  0.140961237663E-02  0.808462425284E-02
  0.143636786587E-02  0.823697962629E-02
  0.146357301669E-02  0.839185321791E-02
  0.149123538627E-02  0.854928592244E-02
  0.151936265878E-02  0.870931927389E-02
  0.154796264751E-02  0.887199545471E-02
  0.157704329711E-02  0.903735730499E-02
  0.160661268571E-02  0.920544833181E-02
  0.163667902723E-02  0.937631271868E-02
  0.166725067361E-02  0.954999533506E-02
  0.169833611719E-02  0.972654174599E-02
  0.172994399300E-02  0.990599822185E-02
  0.176208308121E-02  0.100884117482E-01
  0.179476230956E-02  0.102738300355E-01
  0.182799075582E-02  0.104623015297E-01
  0.186177765032E-02  0.106538754215E-01
  0.189613237853E-02  0.108486016575E-01
  0.193106448366E-02  0.110465309497E-01
  0.196658366929E-02  0.112477147865E-01
  0.200269980208E-02  0.114522054429E-01
  0.203942291454E-02  0.116600559912E-01
  0.207676320775E-02  0.118713203116E-01
  0.211473105427E-02  0.120860531032E-01
  0.215333700097E-02  0.123043098943E-01
  0.219259177196E-02  0.125261470543E-01
  0.223250627160E-02  0.127516218037E-01
  0.227309158750E-02  0.129807922259E-01
  0.231435899364E-02  0.132137172783E-01
  0.235631995343E-02  0.134504568033E-01
  0.239898612299E-02  0.136910715398E-01
  0.244236935428E-02  0.139356231350E-01
  0.248648169849E-02  0.141841741552E-01
  0.253133540933E-02  0.144367880979E-01
  0.257694294645E-02  0.146935294033E-01
  0.262331697892E-02  0.149544634660E-01
  0.267047038869E-02  0.152196566465E-01
  0.271841627425E-02  0.154891762837E-01
  0.276716795419E-02  0.157630907061E-01
  0.281673897098E-02  0.160414692438E-01
  0.286714309466E-02  0.163243822410E-01
  0.291839432669E-02  0.166119010673E-01
  0.297050690386E-02  0.169040981305E-01
  0.302349530222E-02  0.172010468878E-01
  0.307737424111E-02  0.175028218587E-01
  0.313215868724E-02  0.178094986367E-01
  0.318786385888E-02  0.181211539016E-01
  0.324450523003E-02  0.184378654316E-01
  0.330209853479E-02  0.187597121153E-01
  0.336065977165E-02  0.190867739644E-01
  0.342020520800E-02  0.194191321251E-01
  0.348075138464E-02  0.197568688908E-01
  0.354231512032E-02  0.201000677140E-01
  0.360491351648E-02  0.204488132185E-01
  0.366856396197E-02  0.208031912112E-01
  0.373328413787E-02  0.211632886944E-01
  0.379909202244E-02  0.215291938775E-01
  0.386600589605E-02  0.219009961891E-01
  0.393404434633E-02  0.222787862887E-01
  0.400322627329E-02  0.226626560782E-01
  0.407357089456E-02  0.230526987141E-01
  0.414509775079E-02  0.234490086184E-01
  0.421782671099E-02  0.238516814904E-01
  0.429177797812E-02  0.242608143180E-01
  0.436697209468E-02  0.246765053885E-01
  0.444342994841E-02  0.250988543000E-01
  0.452117277809E-02  0.255279619719E-01
  0.460022217945E-02  0.259639306558E-01
  0.468060011117E-02  0.264068639458E-01
  0.476232890096E-02  0.268568667889E-01
  0.484543125179E-02  0.273140454948E-01
  0.492993024819E-02  0.277785077459E-01
  0.501584936264E-02  0.282503626067E-01
  0.510321246211E-02  0.287297205331E-01
  0.519204381470E-02  0.292166933813E-01
  0.528236809635E-02  0.297113944166E-01
  0.537421039771E-02  0.302139383216E-01
  0.546759623114E-02  0.307244412042E-01
  0.556255153774E-02  0.312430206052E-01
  0.565910269459E-02  0.317697955055E-01
  0.575727652208E-02  0.323048863328E-01
  0.585710029135E-02  0.328484149683E-01
  0.595860173187E-02  0.334005047522E-01
  0.606180903914E-02  0.339612804891E-01
  0.616675088250E-02  0.345308684534E-01
  0.627345641316E-02  0.351093963929E-01
  0.638195527222E-02  0.356969935332E-01
  0.649227759895E-02  0.362937905805E-01
  0.660445403916E-02  0.368999197244E-01
  0.671851575368E-02  0.375155146395E-01
  0.683449442706E-02  0.381407104870E-01
  0.695242227634E-02  0.387756439147E-01
  0.707233206002E-02  0.394204530571E-01
  0.719425708714E-02  0.400752775341E-01
  0.731823122654E-02  0.407402584492E-01
  0.744428891630E-02  0.414155383868E-01
  0.757246517323E-02  0.421012614082E-01
  0.770279560269E-02  0.427975730471E-01
  0.783531640840E-02  0.435046203043E-01
  0.797006440256E-02  0.442225516404E-01
  0.810707701603E-02  0.449515169687E-01
  0.824639230874E-02  0.456916676457E-01
  0.838804898030E-02  0.464431564618E-01
  0.853208638067E-02  0.472061376290E-01
  0.867854452119E-02  0.479807667696E-01
  0.882746408560E-02  0.487672009011E-01
  0.897888644141E-02  0.495655984219E-01
  0.913285365137E-02  0.503761190940E-01
  0.928940848512E-02  0.511989240251E-01
  0.944859443113E-02  0.520341756489E-01
  0.961045570874E-02  0.528820377035E-01
  0.977503728046E-02  0.537426752084E-01
  0.994238486445E-02  0.546162544401E-01
  0.101125449472E-01  0.555029429048E-01
  0.102855647966E-01  0.564029093108E-01
  0.104614924747E-01  0.573163235372E-01
  0.106403768515E-01  0.582433566022E-01
  0.108222676182E-01  0.591841806279E-01
  0.110072153012E-01  0.601389688042E-01
  0.111952712761E-01  0.611078953493E-01
  0.113864877819E-01  0.620911354687E-01
  0.115809179354E-01  0.630888653112E-01
  0.117786157463E-01  0.641012619229E-01
  0.119796361319E-01  0.651285031983E-01
  0.121840349326E-01  0.661707678283E-01
  0.123918689270E-01  0.672282352468E-01
  0.126031958482E-01  0.683010855725E-01
  0.128180743995E-01  0.693894995493E-01
  0.130365642707E-01  0.704936584829E-01
  0.132587261548E-01  0.716137441743E-01
  0.134846217650E-01  0.727499388498E-01
  0.137143138514E-01  0.739024250884E-01
  0.139478662190E-01  0.750713857447E-01
  0.141853437448E-01  0.762570038686E-01
  0.144268123963E-01  0.774594626214E-01
  0.146723392498E-01  0.786789451877E-01
  0.149219925086E-01  0.799156346837E-01
  0.151758415227E-01  0.811697140610E-01
  0.154339568071E-01  0.824413660060E-01
  0.156964100623E-01  0.837307728359E-01
  0.159632741936E-01  0.850381163888E-01
  0.162346233317E-01  0.863635779102E-01
  0.165105328530E-01  0.877073379341E-01
  0.167910794009E-01  0.890695761595E-01
  0.170763409068E-01  0.904504713217E-01
  0.173663966117E-01  0.918502010581E-01
  0.176613270887E-01  0.932689417691E-01
  0.179612142648E-01  0.947068684729E-01
  0.182661414438E-01  0.961641546548E-01
  0.185761933297E-01  0.976409721109E-01
  0.188914560500E-01  0.991374907852E-01
  0.192120171798E-01  0.100653878601E+00
  0.195379657658E-01  0.102190301285E+00
  0.198693923514E-01  0.103746922187E+00
  0.202063890018E-01  0.105323902089E+00
  0.205490493292E-01  0.106921399012E+00
  0.208974685193E-01  0.108539568013E+00
  0.212517433574E-01  0.110178560972E+00
  0.216119722554E-01  0.111838526380E+00
  0.219782552794E-01  0.113519609108E+00
  0.223506941768E-01  0.115221950179E+00
  0.227293924054E-01  0.116945686525E+00
  0.231144551616E-01  0.118690950736E+00
  0.235059894096E-01  0.120457870804E+00
  0.239041039116E-01  0.122246569857E+00
  0.243089092575E-01  0.124057165881E+00
  0.247205178957E-01  0.125889771440E+00
  0.251390441647E-01  0.127744493375E+00
  0.255646043244E-01  0.129621432509E+00
  0.259973165888E-01  0.131520683328E+00
  0.264373011585E-01  0.133442333661E+00
  0.268846802542E-01  0.135386464344E+00
  0.273395781508E-01  0.137353148880E+00
  0.278021212118E-01  0.139342453083E+00
  0.282724379242E-01  0.141354434711E+00
  0.287506589347E-01  0.143389143096E+00
  0.292369170855E-01  0.145446618750E+00
  0.297313474514E-01  0.147526892973E+00
  0.302340873774E-01  0.149629987438E+00
  0.307452765167E-01  0.151755913770E+00
  0.312650568696E-01  0.153904673115E+00
  0.317935728228E-01  0.156076255690E+00
  0.323309711898E-01  0.158270640327E+00
  0.328774012512E-01  0.160487794001E+00
  0.334330147968E-01  0.162727671345E+00
  0.339979661672E-01  0.164990214155E+00
  0.345724122970E-01  0.167275350878E+00
  0.351565127582E-01  0.169582996090E+00
  0.357504298048E-01  0.171913049957E+00
  0.363543284174E-01  0.174265397687E+00
  0.369683763497E-01  0.176639908966E+00
  0.375927441744E-01  0.179036437374E+00
  0.382276053310E-01  0.181454819803E+00
  0.388731361740E-01  0.183894875839E+00
  0.395295160216E-01  0.186356407151E+00
  0.401969272058E-01  0.188839196851E+00
  0.408755551229E-01  0.191343008845E+00
  0.415655882849E-01  0.193867587172E+00
  0.422672183722E-01  0.196412655321E+00
  0.429806402866E-01  0.198977915544E+00
  0.437060522054E-01  0.201563048145E+00
  0.444436556366E-01  0.204167710759E+00
  0.451936554747E-01  0.206791537615E+00
  0.459562600579E-01  0.209434138788E+00
  0.467316812256E-01  0.212095099434E+00
  0.475201343777E-01  0.214773979006E+00
  0.483218385340E-01  0.217470310468E+00
  0.491370163952E-01  0.220183599482E+00
  0.499658944049E-01  0.222913323594E+00
  0.508087028122E-01  0.225658931394E+00
  0.516656757361E-01  0.228419841671E+00
  0.525370512300E-01  0.231195442554E+00
  0.534230713484E-01  0.233985090640E+00
  0.543239822137E-01  0.236788110106E+00
  0.552400340846E-01  0.239603791818E+00
  0.561714814259E-01  0.242431392417E+00
  0.571185829789E-01  0.245270133407E+00
  0.580816018336E-01  0.248119200223E+00
  0.590608055013E-01  0.250977741294E+00
  0.600564659893E-01  0.253844867095E+00
  0.610688598765E-01  0.256719649196E+00
  0.620982683898E-01  0.259601119294E+00
  0.631449774827E-01  0.262488268247E+00
  0.642092779144E-01  0.265380045100E+00
  0.652914653308E-01  0.268275356103E+00
  0.663918403465E-01  0.271173063732E+00
  0.675107086282E-01  0.274071985698E+00
  0.686483809800E-01  0.276970893966E+00
  0.698051734291E-01  0.279868513761E+00
  0.709814073144E-01  0.282763522588E+00
  0.721774093749E-01  0.285654549245E+00
  0.733935118412E-01  0.288540172843E+00
  0.746300525273E-01  0.291418921836E+00
  0.758873749247E-01  0.294289273047E+00
  0.771658282978E-01  0.297149650718E+00
  0.784657677806E-01  0.299998425557E+00
  0.797875544759E-01  0.302833913805E+00
  0.811315555550E-01  0.305654376319E+00
  0.824981443603E-01  0.308458017665E+00
  0.838877005086E-01  0.311242985239E+00
  0.853006099966E-01  0.314007368399E+00
  0.867372653083E-01  0.316749197630E+00
  0.881980655238E-01  0.319466443733E+00
  0.896834164303E-01  0.322157017039E+00
  0.911937306349E-01  0.324818766659E+00
  0.927294276791E-01  0.327449479766E+00
  0.942909341551E-01  0.330046880921E+00
  0.958786838248E-01  0.332608631429E+00
  0.974931177401E-01  0.335132328749E+00
  0.991346843652E-01  0.337615505945E+00
  0.100803839701E+00  0.340055631193E+00
  0.102501047413E+00  0.342450107341E+00
  0.104226778959E+00  0.344796271521E+00
  0.105981513719E+00  0.347091394836E+00
  0.107765739132E+00  0.349332682098E+00
  0.109579950826E+00  0.351517271651E+00
  0.111424652761E+00  0.353642235257E+00
  0.113300357366E+00  0.355704578069E+00
  0.115207585683E+00  0.357701238680E+00
  0.117146867509E+00  0.359629089266E+00
  0.119118741546E+00  0.361484935819E+00
  0.121123755549E+00  0.363265518478E+00
  0.123162466481E+00  0.364967511963E+00
  0.125235440662E+00  0.366587526115E+00
  0.127343253931E+00  0.368122106548E+00
  0.129486491807E+00  0.369567735424E+00
  0.131665749647E+00  0.370920832346E+00
  0.133881632814E+00  0.372177755382E+00
  0.136134756846E+00  0.373334802221E+00
  0.138425747624E+00  0.374388211472E+00
  0.140755241551E+00  0.375334164108E+00
  0.143123885722E+00  0.376168785056E+00
  0.145532338109E+00  0.376888144955E+00
  0.147981267743E+00  0.377488262061E+00
  0.150471354898E+00  0.377965104336E+00
  0.153003291280E+00  0.378314591703E+00
  0.155577780221E+00  0.378532598478E+00
  0.158195536874E+00  0.378614955996E+00
  0.160857288411E+00  0.378557455425E+00
  0.163563774222E+00  0.378355850772E+00
  0.166315746129E+00  0.378005862102E+00
  0.169113968585E+00  0.377503178951E+00
  0.171959218892E+00  0.376843463966E+00
  0.174852287415E+00  0.376022356757E+00
  0.177793977804E+00  0.375035477967E+00
  0.180785107214E+00  0.373878433581E+00
  0.183826506533E+00  0.372546819459E+00
  0.186919020613E+00  0.371036226104E+00
  0.190063508507E+00  0.369342243682E+00
  0.193260843703E+00  0.367460467268E+00
  0.196511914371E+00  0.365386502354E+00
  0.199817623607E+00  0.363115970598E+00
  0.203178889684E+00  0.360644515825E+00
  0.206596646310E+00  0.357967810282E+00
  0.210071842882E+00  0.355081561146E+00
  0.213605444756E+00  0.351981517286E+00
  0.217198433511E+00  0.348663476281E+00
  0.220851807222E+00  0.345123291682E+00
  0.224566580739E+00  0.341356880538E+00
  0.228343785966E+00  0.337360231156E+00
  0.232184472153E+00  0.333129411116E+00
  0.236089706180E+00  0.328660575521E+00
  0.240060572861E+00  0.323949975482E+00
  0.244098175239E+00  0.318993966831E+00
  0.248203634897E+00  0.313789019059E+00
  0.252378092266E+00  0.308331724460E+00
  0.256622706944E+00  0.302618807486E+00
  0.260938658020E+00  0.296647134289E+00
  0.265327144395E+00  0.290413722449E+00
  0.269789385122E+00  0.283915750870E+00
  0.274326619741E+00  0.277150569833E+00
  0.278940108624E+00  0.270115711192E+00
  0.283631133326E+00  0.262808898699E+00
  0.288400996938E+00  0.255228058442E+00
  0.293251024454E+00  0.247371329375E+00
  0.298182563135E+00  0.239237073936E+00
  0.303196982885E+00  0.230823888722E+00
  0.308295676629E+00  0.222130615217E+00
  0.313480060705E+00  0.213156350543E+00
  0.318751575253E+00  0.203900458230E+00
  0.324111684615E+00  0.194362578978E+00
  0.329561877747E+00  0.184542641400E+00
  0.335103668625E+00  0.174440872728E+00
  0.340738596671E+00  0.164057809467E+00
  0.346468227180E+00  0.153394307981E+00
  0.352294151753E+00  0.142451554990E+00
  0.358217988738E+00  0.131231077974E+00
  0.364241383685E+00  0.119734755455E+00
  0.370366009797E+00  0.107964827150E+00
  0.376593568400E+00  0.959239039653E-01
  0.382925789410E+00  0.836149778219E-01
  0.389364431818E+00  0.710414312802E-01
  0.395911284178E+00  0.582070469354E-01
  0.402568165101E+00  0.451160165481E-01
  0.409336923765E+00  0.317729498640E-01
  0.416219440423E+00  0.181828830626E-01
  0.423217626929E+00  0.435128676071E-02
  0.430333427271E+00 -0.971592653092E-02
  0.437568818104E+00 -0.240123956303E-01
  0.444925809305E+00 -0.385313047632E-01
  0.452406444532E+00 -0.532653787363E-01
  0.460012801785E+00 -0.682068795211E-01
  0.467746993992E+00 -0.833476046707E-01
  0.475611169588E+00 -0.986788881157E-01
  0.483607513118E+00 -0.114191604045E+00
  0.491738245838E+00 -0.129876174736E+00
  0.500005626339E+00 -0.145722583354E+00
  0.508411951168E+00 -0.161720392832E+00
  0.516959555470E+00 -0.177858771876E+00
  0.525650813634E+00 -0.194126528819E+00
  0.534488139953E+00 -0.210512153289E+00
  0.543473989299E+00 -0.227003864278E+00
  0.552610857797E+00 -0.243589661185E+00
  0.561901283526E+00 -0.260257371656E+00
  0.571347847220E+00 -0.276994687164E+00
  0.580953172983E+00 -0.293789174926E+00
  0.590719929025E+00 -0.310628254303E+00
  0.600650828396E+00 -0.327499128508E+00
  0.610748629743E+00 -0.344388669208E+00
  0.621016138075E+00 -0.361283261861E+00
  0.631456205545E+00 -0.378168631633E+00
  0.642071732238E+00 -0.395029679850E+00
  0.652865666979E+00 -0.411850365353E+00
  0.663841008154E+00 -0.428613660182E+00
  0.675000804539E+00 -0.445301594310E+00
  0.686348156149E+00 -0.461895382681E+00
  0.697886215099E+00 -0.478375607882E+00
  0.709618186480E+00 -0.494722420828E+00
  0.721547329248E+00 -0.510915724470E+00
  0.733676957131E+00 -0.526935317853E+00
  0.746010439547E+00 -0.542760993771E+00
  0.758551202544E+00 -0.558372595334E+00
  0.771302729746E+00 -0.573750043204E+00
  0.784268563328E+00 -0.588873345830E+00
  0.797452304993E+00 -0.603722602840E+00
  0.810857616976E+00 -0.618278008251E+00
  0.824488223061E+00 -0.632519857411E+00
  0.838347909615E+00 -0.646428559340E+00
  0.852440526641E+00 -0.659984655132E+00
  0.866769988844E+00 -0.673168842285E+00
  0.881340276723E+00 -0.685962004798E+00
  0.896155437675E+00 -0.698345248610E+00
  0.911219587115E+00 -0.710299942089E+00
  0.926536909629E+00 -0.721807761069E+00
  0.942111660125E+00 -0.732850737990E+00
  0.957948165024E+00 -0.743411314495E+00
  0.974050823456E+00 -0.753472396814E+00
  0.990424108486E+00 -0.763017413172E+00
  0.100707256835E+01 -0.772030372417E+00
  0.102400082774E+01 -0.780495923130E+00
  0.104121358904E+01 -0.788399412392E+00
  0.105871563370E+01 -0.795726943661E+00
  0.107651182350E+01 -0.802465433008E+00
  0.109460710195E+01 -0.808602663421E+00
  0.111300649563E+01 -0.814127336543E+00
  0.113171511559E+01 -0.819029121803E+00
  0.115073815881E+01 -0.823298702386E+00
  0.117008090957E+01 -0.826927818232E+00
  0.118974874099E+01 -0.829909305531E+00
  0.120974711649E+01 -0.832237133076E+00
  0.123008159129E+01 -0.833906434933E+00
  0.125075781399E+01 -0.834913539902E+00
  0.127178152813E+01 -0.835255997192E+00
  0.129315857375E+01 -0.834932598883E+00
  0.131489488906E+01 -0.833943398522E+00
  0.133699651206E+01 -0.832289726522E+00
  0.135946958225E+01 -0.829974201625E+00
  0.138232034227E+01 -0.827000739187E+00
  0.140555513972E+01 -0.823374555445E+00
  0.142918042886E+01 -0.819102168626E+00
  0.145320277240E+01 -0.814191395959E+00
  0.147762884339E+01 -0.808651347512E+00
  0.150246542700E+01 -0.802492415863E+00
  0.152771942244E+01 -0.795726262543E+00
  0.155339784487E+01 -0.788365800233E+00
  0.157950782735E+01 -0.780425171631E+00
  0.160605662282E+01 -0.771919723979E+00
  0.163305160612E+01 -0.762865980100E+00
  0.166050027603E+01 -0.753281604956E+00
  0.168841025735E+01 -0.743185368506E+00
  0.171678930304E+01 -0.732597103892E+00
  0.174564529635E+01 -0.721537661672E+00
  0.177498625302E+01 -0.710028859153E+00
  0.180482032349E+01 -0.698093425477E+00
  0.183515579522E+01 -0.685754941617E+00
  0.186600109490E+01 -0.673037775851E+00
  0.189736479088E+01 -0.659967014050E+00
  0.192925559550E+01 -0.646568385326E+00
  0.196168236751E+01 -0.632868182592E+00
  0.199465411457E+01 -0.618893178645E+00
  0.202817999570E+01 -0.604670537637E+00
  0.206226932387E+01 -0.590227722626E+00
  0.209693156855E+01 -0.575592399479E+00
  0.213217635837E+01 -0.560792337958E+00
  0.216801348377E+01 -0.545855310665E+00
  0.220445289974E+01 -0.530808990810E+00
  0.224150472857E+01 -0.515680849859E+00
  0.227917926268E+01 -0.500498056096E+00
  0.231748696745E+01 -0.485287375411E+00
  0.235643848417E+01 -0.470075075322E+00
  0.239604463295E+01 -0.454886833625E+00
  0.243631641575E+01 -0.439747652496E+00
  0.247726501943E+01 -0.424681779361E+00
  0.251890181888E+01 -0.409712635021E+00
  0.256123838014E+01 -0.394862750106E+00
  0.260428646363E+01 -0.380153709902E+00
  0.264805802744E+01 -0.365606108268E+00
  0.269256523061E+01 -0.351239510222E+00
  0.273782043654E+01 -0.337072423493E+00
  0.278383621641E+01 -0.323122278163E+00
  0.283062535268E+01 -0.309405414343E+00
  0.287820084264E+01 -0.295937076610E+00
  0.292657590199E+01 -0.282731414877E+00
  0.297576396858E+01 -0.269801490196E+00
  0.302577870607E+01 -0.257159285011E+00
  0.307663400775E+01 -0.244815716306E+00
  0.312834400044E+01 -0.232780651176E+00
  0.318092304836E+01 -0.221062923411E+00
  0.323438575712E+01 -0.209670350784E+00
  0.328874697783E+01 -0.198609751944E+00
  0.334402181117E+01 -0.187886962890E+00
  0.340022561163E+01 -0.177506852372E+00
  0.345737399172E+01 -0.167473336522E+00
  0.351548282637E+01 -0.157789392506E+00
  0.357456825730E+01 -0.148457071838E+00
  0.363464669750E+01 -0.139477513499E+00
  0.369573483581E+01 -0.130850957703E+00
  0.375784964156E+01 -0.122576760685E+00
  0.382100836925E+01 -0.114653411384E+00
  0.388522856339E+01 -0.107078550432E+00
  0.395052806333E+01 -0.998489922015E-01
  0.401692500824E+01 -0.929607501942E-01
  0.408443784215E+01 -0.864090662865E-01
  0.415308531904E+01 -0.801884438843E-01
  0.422288650812E+01 -0.742926851935E-01
  0.429386079903E+01 -0.687149324200E-01
  0.436602790733E+01 -0.634477127986E-01
  0.443940787990E+01 -0.584829870456E-01
  0.451402110052E+01 -0.538122008960E-01
  0.458988829559E+01 -0.494263391608E-01
  0.466703053980E+01 -0.453159818096E-01
  0.474546926205E+01 -0.414713614337E-01
  0.482522625138E+01 -0.378824215222E-01
  0.490632366303E+01 -0.345388749011E-01
  0.498878402457E+01 -0.314302617671E-01
  0.507263024219E+01 -0.285460067190E-01
  0.515788560705E+01 -0.258754742735E-01
  0.524457380173E+01 -0.234080223599E-01
  0.533271890685E+01 -0.211330533715E-01
  0.542234540774E+01 -0.190400623828E-01
  0.551347820121E+01 -0.171186822195E-01
  0.560614260251E+01 -0.153587251115E-01
  0.570036435236E+01 -0.137502207313E-01
  0.579616962407E+01 -0.122834504670E-01
  0.589358503082E+01 -0.109489778418E-01
  0.599263763309E+01 -0.973767503647E-02
  0.609335494611E+01 -0.864074552727E-02
  0.619576494757E+01 -0.764974288781E-02
  0.629989608536E+01 -0.675658585016E-02
  0.640577728544E+01 -0.595356975098E-02
  0.651343795996E+01 -0.523337452222E-02
  0.662290801535E+01 -0.458906941060E-02
  0.673421786065E+01 -0.401411463288E-02
  0.684739841598E+01 -0.350236019054E-02
  0.696248112113E+01 -0.304804208135E-02
  0.707949794423E+01 -0.264577615388E-02
  0.719848139073E+01 -0.229054985665E-02
  0.731946451234E+01 -0.197771213524E-02
  0.744248091627E+01 -0.170296172921E-02
  0.756756477452E+01 -0.146233411621E-02
  0.769475083341E+01 -0.125218734346E-02
  0.782407442324E+01 -0.106918697748E-02
  0.795557146804E+01 -0.910290391176E-03
  0.808927849562E+01 -0.772730594513E-03
  0.822523264768E+01 -0.653999800366E-03
  0.836347169014E+01 -0.551832901462E-03
  0.850403402362E+01 -0.464191018194E-03
  0.864695869411E+01 -0.389245260195E-03
  0.879228540384E+01 -0.325360827661E-03
  0.894005452227E+01 -0.271081561512E-03
  0.909030709732E+01 -0.225115034910E-03
  0.924308486679E+01 -0.186318262580E-03
  0.939843026992E+01 -0.153684088976E-03
  0.955638645923E+01 -0.126328301790E-03
  0.971699731244E+01 -0.103477503263E-03
  0.988030744471E+01 -0.844577570459E-04
  0.100463622210E+02 -0.686840352757E-04
  0.102152077688E+02 -0.556504383764E-04
  0.103868909906E+02 -0.449211948766E-04
  0.105614595773E+02 -0.361224201416E-04
  0.107389620214E+02 -0.289346088524E-04
  0.109194476302E+02 -0.230858311863E-04
  0.111029665398E+02 -0.183455983478E-04
  0.112895697288E+02 -0.145193598383E-04
  0.114793090327E+02 -0.114435925384E-04
  0.116722371580E+02 -0.898144024949E-05
  0.118684076971E+02 -0.701886169213E-05
  0.120678751431E+02 -0.546124500660E-05
  0.122706949049E+02 -0.423044744538E-05
  0.124769233226E+02 -0.326222009559E-05
  0.126866176832E+02 -0.250397902827E-05
  0.128998362366E+02 -0.191288615264E-05
  0.131166382114E+02 -0.145420517079E-05
  0.133370838318E+02 -0.109990030316E-05
  0.135612343341E+02 -0.827447810143E-06
  0.137891519839E+02 -0.618832699185E-06
  0.140209000929E+02 -0.459705308419E-06
  0.142565430373E+02 -0.338674624786E-06
  0.144961462748E+02 -0.246717146118E-06
  0.147397763635E+02 -0.176681736552E-06
  0.149875009800E+02 -0.122872125801E-06
  0.152393889382E+02 -0.806892865337E-07
  0.154955102087E+02 -0.463156256655E-07
  0.157559359378E+02 -0.164213392946E-07
  0.160207384678E+02  0.000000000000E+00
  0.162899913566E+02  0.000000000000E+00
  0.165637693984E+02  0.000000000000E+00
  0.168421486444E+02  0.000000000000E+00
  0.171252064240E+02  0.000000000000E+00
  0.174130213662E+02  0.000000000000E+00
  0.177056734214E+02  0.000000000000E+00
  0.180032438837E+02  0.000000000000E+00
  0.183058154135E+02  0.000000000000E+00
  0.186134720604E+02  0.000000000000E+00
  0.189262992866E+02  0.000000000000E+00
  0.192443839905E+02  0.000000000000E+00
  0.195678145310E+02  0.000000000000E+00
  0.198966807520E+02  0.000000000000E+00
  0.202310740074E+02  0.000000000000E+00
  0.205710871863E+02  0.000000000000E+00
  0.209168147390E+02  0.000000000000E+00
  0.212683527032E+02  0.000000000000E+00
  0.216257987306E+02  0.000000000000E+00
  0.219892521140E+02  0.000000000000E+00
  0.223588138151E+02  0.000000000000E+00
  0.227345864922E+02  0.000000000000E+00
  0.231166745290E+02  0.000000000000E+00
  0.235051840637E+02  0.000000000000E+00
  0.239002230179E+02  0.000000000000E+00
  0.243019011274E+02  0.000000000000E+00
  0.247103299718E+02  0.000000000000E+00
  0.251256230063E+02  0.000000000000E+00
  0.255478955928E+02  0.000000000000E+00
  0.259772650319E+02  0.000000000000E+00
  0.264138505956E+02  0.000000000000E+00
  0.268577735606E+02  0.000000000000E+00
  0.273091572416E+02  0.000000000000E+00
  0.277681270258E+02  0.000000000000E+00
  0.282348104079E+02  0.000000000000E+00
  0.287093370251E+02  0.000000000000E+00
  0.291918386934E+02  0.000000000000E+00
  0.296824494441E+02  0.000000000000E+00
  0.301813055612E+02  0.000000000000E+00
  0.306885456191E+02  0.000000000000E+00
  0.312043105209E+02  0.000000000000E+00
  0.317287435381E+02  0.000000000000E+00
  0.322619903498E+02  0.000000000000E+00
  0.328041990836E+02  0.000000000000E+00
  0.333555203565E+02  0.000000000000E+00
  0.339161073169E+02  0.000000000000E+00
  0.344861156870E+02  0.000000000000E+00
  0.350657038060E+02  0.000000000000E+00
  0.356550326745E+02  0.000000000000E+00
  0.362542659986E+02  0.000000000000E+00
  0.368635702360E+02  0.000000000000E+00
  0.374831146417E+02  0.000000000000E+00
  0.381130713153E+02  0.000000000000E+00
  0.387536152490E+02  0.000000000000E+00
  0.394049243756E+02  0.000000000000E+00
  0.400671796186E+02  0.000000000000E+00
  0.407405649420E+02  0.000000000000E+00
  0.414252674016E+02  0.000000000000E+00
  0.421214771969E+02  0.000000000000E+00
  0.428293877241E+02  0.000000000000E+00
  0.435491956296E+02  0.000000000000E+00
  0.442811008644E+02  0.000000000000E+00
  0.450253067405E+02  0.000000000000E+00
  0.457820199864E+02  0.000000000000E+00
  0.465514508051E+02  0.000000000000E+00
  0.473338129324E+02  0.000000000000E+00
  0.481293236961E+02  0.000000000000E+00
  0.489382040765E+02  0.000000000000E+00
  0.497606787677E+02  0.000000000000E+00
  0.505969762404E+02  0.000000000000E+00
  0.514473288048E+02  0.000000000000E+00
  0.523119726752E+02  0.000000000000E+00
  0.531911480362E+02  0.000000000000E+00
  0.540850991088E+02  0.000000000000E+00
  0.549940742185E+02  0.000000000000E+00
  0.559183258642E+02  0.000000000000E+00
  0.568581107884E+02  0.000000000000E+00
  0.578136900485E+02  0.000000000000E+00
  0.587853290894E+02  0.000000000000E+00
  0.597732978170E+02  0.000000000000E+00
  0.607778706735E+02  0.000000000000E+00
  0.617993267133E+02  0.000000000000E+00
  0.628379496807E+02  0.000000000000E+00
  0.638940280890E+02  0.000000000000E+00
  0.649678552998E+02  0.000000000000E+00
  0.660597296055E+02  0.000000000000E+00
  0.671699543116E+02  0.000000000000E+00
  0.682988378209E+02  0.000000000000E+00
  0.694466937194E+02  0.000000000000E+00
  0.706138408633E+02  0.000000000000E+00
  0.718006034678E+02  0.000000000000E+00
  0.730073111967E+02  0.000000000000E+00
  0.742342992543E+02  0.000000000000E+00
  0.754819084787E+02  0.000000000000E+00
  0.767504854358E+02  0.000000000000E+00
  0.780403825164E+02  0.000000000000E+00
  0.793519580336E+02  0.000000000000E+00
  0.806855763222E+02  0.000000000000E+00
  0.820416078403E+02  0.000000000000E+00
  0.834204292722E+02  0.000000000000E+00
  0.848224236326E+02  0.000000000000E+00
  0.862479803734E+02  0.000000000000E+00
  0.876974954918E+02  0.000000000000E+00
  0.891713716401E+02  0.000000000000E+00
  0.906700182380E+02  0.000000000000E+00
  0.921938515857E+02  0.000000000000E+00
  0.937432949801E+02  0.000000000000E+00
  0.953187788321E+02  0.000000000000E+00
  0.969207407862E+02  0.000000000000E+00
  0.985496258423E+02  0.000000000000E+00
  0.100205886479E+03  0.000000000000E+00
  0.101889982779E+03  0.000000000000E+00
         795           1         210
  0.000000000000E+00  0.000000000000E+00
  0.306507791728E-05  0.607978276014E-10
  0.618166854669E-05  0.247295574399E-09
  0.935063762790E-05  0.565831582901E-09
  0.125728654505E-04  0.102299381302E-08
  0.158492470984E-04  0.162562887688E-08
  0.191806926988E-04  0.238085138848E-08
  0.225681276746E-04  0.329605363961E-08
  0.260124930018E-04  0.437891561292E-08
  0.295147454706E-04  0.563741534396E-08
  0.330758579515E-04  0.707983964404E-08
  0.366968196654E-04  0.871479519629E-08
  0.403786364581E-04  0.105512200377E-07
  0.441223310802E-04  0.125983954404E-07
  0.479289434710E-04  0.148659582061E-07
  0.517995310473E-04  0.173639133871E-07
  0.557351689972E-04  0.201026474494E-07
  0.597369505788E-04  0.230929418926E-07
  0.638059874238E-04  0.263459873421E-07
  0.679434098463E-04  0.298733981300E-07
  0.721503671571E-04  0.336872273812E-07
  0.764280279823E-04  0.377999826225E-07
  0.807775805886E-04  0.422246419318E-07
  0.852002332130E-04  0.469746706465E-07
  0.896972143987E-04  0.520640386497E-07
  0.942697733359E-04  0.575072382551E-07
  0.989191802093E-04  0.633193027087E-07
  0.103646726551E-03  0.695158253312E-07
  0.108453725598E-03  0.761129793213E-07
  0.113341512659E-03  0.831275382419E-07
  0.118311445485E-03  0.905768972152E-07
  0.123364904643E-03  0.984790948471E-07
  0.128503293906E-03  0.106852835909E-06
  0.133728040636E-03  0.115717514803E-06
  0.139040596186E-03  0.125093239829E-06
  0.144442436300E-03  0.135000858302E-06
  0.149935061524E-03  0.145461982516E-06
  0.155519997622E-03  0.156499016617E-06
  0.161198796001E-03  0.168135184395E-06
  0.166973034141E-03  0.180394558029E-06
  0.172844316036E-03  0.193302087827E-06
  0.178814272634E-03  0.206883632987E-06
  0.184884562295E-03  0.221165993407E-06
  0.191056871249E-03  0.236176942603E-06
  0.197332914067E-03  0.251945261743E-06
  0.203714434135E-03  0.268500774859E-06
  0.210203204136E-03  0.285874385264E-06
  0.216801026551E-03  0.304098113217E-06
  0.223509734148E-03  0.323205134887E-06
  0.230331190502E-03  0.343229822641E-06
  0.237267290505E-03  0.364207786727E-06
  0.244319960897E-03  0.386175918374E-06
  0.251491160797E-03  0.409172434374E-06
  0.258782882252E-03  0.433236923194E-06
  0.266197150786E-03  0.458410392655E-06
  0.273736025968E-03  0.484735319258E-06
  0.281401601976E-03  0.512255699185E-06
  0.289196008187E-03  0.541017101053E-06
  0.297121409764E-03  0.571066720467E-06
  0.305180008259E-03  0.602453436439E-06
  0.313374042222E-03  0.635227869736E-06
  0.321705787828E-03  0.669442443221E-06
  0.330177559502E-03  0.705151444254E-06
  0.338791710571E-03  0.742411089223E-06
  0.347550633908E-03  0.781279590282E-06
  0.356456762605E-03  0.821817224359E-06
  0.365512570643E-03  0.864086404524E-06
  0.374720573583E-03  0.908151753790E-06
  0.384083329262E-03  0.954080181424E-06
  0.393603438507E-03  0.100194096187E-05
  0.403283545853E-03  0.105180581635E-05
  0.413126340281E-03  0.110374899724E-05
  0.423134555964E-03  0.115784737537E-05
  0.433310973027E-03  0.121418053019E-05
  0.443658418317E-03  0.127283084312E-05
  0.454179766191E-03  0.133388359402E-05
  0.464877939314E-03  0.139742706090E-05
  0.475755909468E-03  0.146355262314E-05
  0.486816698383E-03  0.153235486811E-05
  0.498063378571E-03  0.160393170142E-05
  0.509499074182E-03  0.167838446102E-05
  0.521126961872E-03  0.175581803504E-05
  0.532950271683E-03  0.183634098371E-05
  0.544972287946E-03  0.192006566544E-05
  0.557196350186E-03  0.200710836709E-05
  0.569625854054E-03  0.209758943875E-05
  0.582264252271E-03  0.219163343306E-05
  0.595115055584E-03  0.228936924922E-05
  0.608181833744E-03  0.239093028195E-05
  0.621468216494E-03  0.249645457545E-05
  0.634977894582E-03  0.260608498259E-05
  0.648714620784E-03  0.271996932950E-05
  0.662682210944E-03  0.283826058574E-05
  0.676884545040E-03  0.296111704022E-05
  0.691325568254E-03  0.308870248307E-05
  0.706009292076E-03  0.322118639369E-05
  0.720939795412E-03  0.335874413516E-05
  0.736121225719E-03  0.350155715518E-05
  0.751557800160E-03  0.364981319390E-05
  0.767253806771E-03  0.380370649867E-05
  0.783213605655E-03  0.396343804611E-05
  0.799441630192E-03  0.412921577171E-05
  0.815942388271E-03  0.430125480714E-05
  0.832720463542E-03  0.447977772554E-05
  0.849780516689E-03  0.466501479522E-05
  0.867127286725E-03  0.485720424182E-05
  0.884765592310E-03  0.505659251932E-05
  0.902700333086E-03  0.526343459025E-05
  0.920936491041E-03  0.547799421533E-05
  0.939479131892E-03  0.570054425287E-05
  0.958333406491E-03  0.593136696825E-05
  0.977504552258E-03  0.617075435387E-05
  0.996997894634E-03  0.641900845989E-05
  0.101681884856E-02  0.667644173601E-05
  0.103697291999E-02  0.694337738491E-05
  0.105746570740E-02  0.722014972750E-05
  0.107830290337E-02  0.750710458047E-05
  0.109949029614E-02  0.780459964654E-05
  0.112103377123E-02  0.811300491792E-05
  0.114293931308E-02  0.843270309323E-05
  0.116521300671E-02  0.876409000848E-05
  0.118786103938E-02  0.910757508257E-05
  0.121088970238E-02  0.946358177775E-05
  0.123430539270E-02  0.983254807546E-05
  0.125811461484E-02  0.102149269683E-04
  0.128232398264E-02  0.106111869684E-04
  0.130694022107E-02  0.110218126330E-04
  0.133197016814E-02  0.114473051072E-04
  0.135742077677E-02  0.118881826857E-04
  0.138329911673E-02  0.123449813930E-04
  0.140961237663E-02  0.128182555823E-04
  0.143636786587E-02  0.133085785561E-04
  0.146357301669E-02  0.138165432060E-04
  0.149123538627E-02  0.143427626747E-04
  0.151936265878E-02  0.148878710404E-04
  0.154796264751E-02  0.154525240232E-04
  0.157704329711E-02  0.160373997161E-04
  0.160661268571E-02  0.166431993401E-04
  0.163667902723E-02  0.172706480240E-04
  0.166725067361E-02  0.179204956110E-04
  0.169833611719E-02  0.185935174923E-04
  0.172994399300E-02  0.192905154677E-04
  0.176208308121E-02  0.200123186356E-04
  0.179476230956E-02  0.207597843129E-04
  0.182799075582E-02  0.215337989848E-04
  0.186177765032E-02  0.223352792869E-04
  0.189613237853E-02  0.231651730198E-04
  0.193106448366E-02  0.240244601977E-04
  0.196658366929E-02  0.249141541318E-04
  0.200269980208E-02  0.258353025493E-04
  0.203942291454E-02  0.267889887508E-04
  0.207676320775E-02  0.277763328049E-04
  0.211473105427E-02  0.287984927837E-04
  0.215333700097E-02  0.298566660381E-04
  0.219259177196E-02  0.309520905168E-04
  0.223250627160E-02  0.320860461282E-04
  0.227309158750E-02  0.332598561477E-04
  0.231435899364E-02  0.344748886720E-04
  0.235631995343E-02  0.357325581213E-04
  0.239898612299E-02  0.370343267915E-04
  0.244236935428E-02  0.383817064575E-04
  0.248648169849E-02  0.397762600303E-04
  0.253133540933E-02  0.412196032680E-04
  0.257694294645E-02  0.427134065444E-04
  0.262331697892E-02  0.442593966752E-04
  0.267047038869E-02  0.458593588054E-04
  0.271841627425E-02  0.475151383582E-04
  0.276716795419E-02  0.492286430492E-04
  0.281673897098E-02  0.510018449661E-04
  0.286714309466E-02  0.528367827177E-04
  0.291839432669E-02  0.547355636537E-04
  0.297050690386E-02  0.567003661569E-04
  0.302349530222E-02  0.587334420123E-04
  0.307737424111E-02  0.608371188526E-04
  0.313215868724E-02  0.630138026852E-04
  0.318786385888E-02  0.652659805019E-04
  0.324450523003E-02  0.675962229744E-04
  0.330209853479E-02  0.700071872384E-04
  0.336065977165E-02  0.725016197688E-04
  0.342020520800E-02  0.750823593493E-04
  0.348075138464E-02  0.777523401397E-04
  0.354231512032E-02  0.805145948430E-04
  0.360491351648E-02  0.833722579767E-04
  0.366856396197E-02  0.863285692508E-04
  0.373328413787E-02  0.893868770565E-04
  0.379909202244E-02  0.925506420683E-04
  0.386600589605E-02  0.958234409644E-04
  0.393404434633E-02  0.992089702680E-04
  0.400322627329E-02  0.102711050314E-03
  0.407357089456E-02  0.106333629344E-03
  0.414509775079E-02  0.110080787737E-03
  0.421782671099E-02  0.113956742374E-03
  0.429177797812E-02  0.117965851148E-03
  0.436697209468E-02  0.122112617619E-03
  0.444342994841E-02  0.126401695819E-03
  0.452117277809E-02  0.130837895212E-03
  0.460022217945E-02  0.135426185822E-03
  0.468060011117E-02  0.140171703514E-03
  0.476232890096E-02  0.145079755459E-03
  0.484543125179E-02  0.150155825765E-03
  0.492993024819E-02  0.155405581298E-03
  0.501584936264E-02  0.160834877685E-03
  0.510321246211E-02  0.166449765512E-03
  0.519204381470E-02  0.172256496722E-03
  0.528236809635E-02  0.178261531219E-03
  0.537421039771E-02  0.184471543686E-03
  0.546759623114E-02  0.190893430615E-03
  0.556255153774E-02  0.197534317567E-03
  0.565910269459E-02  0.204401566671E-03
  0.575727652208E-02  0.211502784345E-03
  0.585710029135E-02  0.218845829287E-03
  0.595860173187E-02  0.226438820699E-03
  0.606180903914E-02  0.234290146787E-03
  0.616675088250E-02  0.242408473531E-03
  0.627345641316E-02  0.250802753724E-03
  0.638195527222E-02  0.259482236311E-03
  0.649227759895E-02  0.268456476013E-03
  0.660445403916E-02  0.277735343267E-03
  0.671851575368E-02  0.287329034468E-03
  0.683449442706E-02  0.297248082549E-03
  0.695242227634E-02  0.307503367882E-03
  0.707233206002E-02  0.318106129531E-03
  0.719425708714E-02  0.329067976856E-03
  0.731823122654E-02  0.340400901482E-03
  0.744428891630E-02  0.352117289645E-03
  0.757246517323E-02  0.364229934925E-03
  0.770279560269E-02  0.376752051375E-03
  0.783531640840E-02  0.389697287064E-03
  0.797006440256E-02  0.403079738039E-03
  0.810707701603E-02  0.416913962727E-03
  0.824639230874E-02  0.431214996780E-03
  0.838804898030E-02  0.445998368384E-03
  0.853208638067E-02  0.461280114042E-03
  0.867854452119E-02  0.477076794844E-03
  0.882746408560E-02  0.493405513244E-03
  0.897888644141E-02  0.510283930351E-03
  0.913285365137E-02  0.527730283752E-03
  0.928940848512E-02  0.545763405885E-03
  0.944859443113E-02  0.564402742974E-03
  0.961045570874E-02  0.583668374548E-03
  0.977503728046E-02  0.603581033548E-03
  0.994238486445E-02  0.624162127055E-03
  0.101125449472E-01  0.645433757646E-03
  0.102855647966E-01  0.667418745400E-03
  0.104614924747E-01  0.690140650565E-03
  0.106403768515E-01  0.713623796922E-03
  0.108222676182E-01  0.737893295841E-03
  0.110072153012E-01  0.762975071071E-03
  0.111952712761E-01  0.788895884269E-03
  0.113864877819E-01  0.815683361299E-03
  0.115809179354E-01  0.843366019309E-03
  0.117786157463E-01  0.871973294625E-03
  0.119796361319E-01  0.901535571466E-03
  0.121840349326E-01  0.932084211519E-03
  0.123918689270E-01  0.963651584380E-03
  0.126031958482E-01  0.996271098901E-03
  0.128180743995E-01  0.102997723546E-02
  0.130365642707E-01  0.106480557915E-02
  0.132587261548E-01  0.110079285401E-02
  0.134846217650E-01  0.113797695816E-02
  0.137143138514E-01  0.117639700002E-02
  0.139478662190E-01  0.121609333558E-02
  0.141853437448E-01  0.125710760671E-02
  0.144268123963E-01  0.129948278060E-02
  0.146723392498E-01  0.134326319033E-02
  0.149219925086E-01  0.138849457659E-02
  0.151758415227E-01  0.143522413058E-02
  0.154339568071E-01  0.148350053820E-02
  0.156964100623E-01  0.153337402534E-02
  0.159632741936E-01  0.158489640465E-02
  0.162346233317E-01  0.163812112342E-02
  0.165105328530E-01  0.169310331294E-02
  0.167910794009E-01  0.174989983918E-02
  0.170763409068E-01  0.180856935487E-02
  0.173663966117E-01  0.186917235306E-02
  0.176613270887E-01  0.193177122207E-02
  0.179612142648E-01  0.199643030206E-02
  0.182661414438E-01  0.206321594304E-02
  0.185761933297E-01  0.213219656449E-02
  0.188914560500E-01  0.220344271659E-02
  0.192120171798E-01  0.227702714312E-02
  0.195379657658E-01  0.235302484598E-02
  0.198693923514E-01  0.243151315144E-02
  0.202063890018E-01  0.251257177822E-02
  0.205490493292E-01  0.259628290721E-02
  0.208974685193E-01  0.268273125316E-02
  0.212517433574E-01  0.277200413811E-02
  0.216119722554E-01  0.286419156680E-02
  0.219782552794E-01  0.295938630397E-02
  0.223506941768E-01  0.305768395363E-02
  0.227293924054E-01  0.315918304033E-02
  0.231144551616E-01  0.326398509252E-02
  0.235059894096E-01  0.337219472789E-02
  0.239041039116E-01  0.348391974094E-02
  0.243089092575E-01  0.359927119258E-02
  0.247205178957E-01  0.371836350203E-02
  0.251390441647E-01  0.384131454085E-02
  0.255646043244E-01  0.396824572922E-02
  0.259973165888E-01  0.409928213462E-02
  0.264373011585E-01  0.423455257269E-02
  0.268846802542E-01  0.437418971049E-02
  0.273395781508E-01  0.451833017220E-02
  0.278021212118E-01  0.466711464717E-02
  0.282724379242E-01  0.482068800040E-02
  0.287506589347E-01  0.497919938555E-02
  0.292369170855E-01  0.514280236039E-02
  0.297313474514E-01  0.531165500482E-02
  0.302340873774E-01  0.548592004138E-02
  0.307452765167E-01  0.566576495840E-02
  0.312650568696E-01  0.585136213565E-02
  0.317935728228E-01  0.604288897264E-02
  0.323309711898E-01  0.624052801956E-02
  0.328774012512E-01  0.644446711080E-02
  0.334330147968E-01  0.665489950117E-02
  0.339979661672E-01  0.687202400467E-02
  0.345724122970E-01  0.709604513606E-02
  0.351565127582E-01  0.732717325493E-02
  0.357504298048E-01  0.756562471253E-02
  0.363543284174E-01  0.781162200121E-02
  0.369683763497E-01  0.806539390646E-02
  0.375927441744E-01  0.832717566161E-02
  0.382276053310E-01  0.859720910514E-02
  0.388731361740E-01  0.887574284051E-02
  0.395295160216E-01  0.916303239860E-02
  0.401969272058E-01  0.945934040262E-02
  0.408755551229E-01  0.976493673550E-02
  0.415655882849E-01  0.100800987097E-01
  0.422672183722E-01  0.104051112394E-01
  0.429806402866E-01  0.107402670152E-01
  0.437060522054E-01  0.110858666803E-01
  0.444436556366E-01  0.114422190103E-01
  0.451936554747E-01  0.118096410933E-01
  0.459562600579E-01  0.121884585136E-01
  0.467316812256E-01  0.125790055362E-01
  0.475201343777E-01  0.129816252937E-01
  0.483218385340E-01  0.133966699748E-01
  0.491370163952E-01  0.138245010136E-01
  0.499658944049E-01  0.142654892818E-01
  0.508087028122E-01  0.147200152807E-01
  0.516656757361E-01  0.151884693349E-01
  0.525370512300E-01  0.156712517872E-01
  0.534230713484E-01  0.161687731936E-01
  0.543239822137E-01  0.166814545194E-01
  0.552400340846E-01  0.172097273351E-01
  0.561714814259E-01  0.177540340132E-01
  0.571185829789E-01  0.183148279236E-01
  0.580816018336E-01  0.188925736300E-01
  0.590608055013E-01  0.194877470844E-01
  0.600564659893E-01  0.201008358214E-01
  0.610688598765E-01  0.207323391511E-01
  0.620982683898E-01  0.213827683499E-01
  0.631449774827E-01  0.220526468499E-01
  0.642092779144E-01  0.227425104259E-01
  0.652914653308E-01  0.234529073793E-01
  0.663918403465E-01  0.241843987191E-01
  0.675107086282E-01  0.249375583397E-01
  0.686483809800E-01  0.257129731942E-01
  0.698051734291E-01  0.265112434634E-01
  0.709814073144E-01  0.273329827198E-01
  0.721774093749E-01  0.281788180863E-01
  0.733935118412E-01  0.290493903887E-01
  0.746300525273E-01  0.299453543014E-01
  0.758873749247E-01  0.308673784863E-01
  0.771658282978E-01  0.318161457237E-01
  0.784657677806E-01  0.327923530344E-01
  0.797875544759E-01  0.337967117930E-01
  0.811315555550E-01  0.348299478313E-01
  0.824981443603E-01  0.358928015308E-01
  0.838877005086E-01  0.369860279042E-01
  0.853006099966E-01  0.381103966639E-01
  0.867372653083E-01  0.392666922786E-01
  0.881980655238E-01  0.404557140152E-01
  0.896834164303E-01  0.416782759658E-01
  0.911937306349E-01  0.429352070596E-01
  0.927294276791E-01  0.442273510577E-01
  0.942909341551E-01  0.455555665299E-01
  0.958786838248E-01  0.469207268133E-01
  0.974931177401E-01  0.483237199511E-01
  0.991346843652E-01  0.497654486098E-01
  0.100803839701E+00  0.512468299752E-01
  0.102501047413E+00  0.527687956246E-01
  0.104226778959E+00  0.543322913752E-01
  0.105981513719E+00  0.559382771057E-01
  0.107765739132E+00  0.575877265529E-01
  0.109579950826E+00  0.592816270777E-01
  0.111424652761E+00  0.610209794038E-01
  0.113300357366E+00  0.628067973241E-01
  0.115207585683E+00  0.646401073752E-01
  0.117146867509E+00  0.665219484785E-01
  0.119118741546E+00  0.684533715454E-01
  0.121123755549E+00  0.704354390468E-01
  0.123162466481E+00  0.724692245439E-01
  0.125235440662E+00  0.745558121793E-01
  0.127343253931E+00  0.766962961273E-01
  0.129486491807E+00  0.788917800014E-01
  0.131665749647E+00  0.811433762172E-01
  0.133881632814E+00  0.834522053100E-01
  0.136134756846E+00  0.858193952043E-01
  0.138425747624E+00  0.882460804350E-01
  0.140755241551E+00  0.907334013174E-01
  0.143123885722E+00  0.932825030654E-01
  0.145532338109E+00  0.958945348560E-01
  0.147981267743E+00  0.985706488380E-01
  0.150471354898E+00  0.101311999085E+00
  0.153003291280E+00  0.104119740487E+00
  0.155577780221E+00  0.106995027589E+00
  0.158195536874E+00  0.109939013359E+00
  0.160857288411E+00  0.112952847903E+00
  0.163563774222E+00  0.116037677106E+00
  0.166315746129E+00  0.119194641218E+00
  0.169113968585E+00  0.122424873367E+00
  0.171959218892E+00  0.125729498007E+00
  0.174852287415E+00  0.129109629295E+00
  0.177793977804E+00  0.132566369400E+00
  0.180785107214E+00  0.136100806748E+00
  0.183826506533E+00  0.139714014180E+00
  0.186919020613E+00  0.143407047056E+00
  0.190063508507E+00  0.147180941279E+00
  0.193260843703E+00  0.151036711240E+00
  0.196511914371E+00  0.154975347704E+00
  0.199817623607E+00  0.158997815615E+00
  0.203178889684E+00  0.163105051827E+00
  0.206596646310E+00  0.167297962768E+00
  0.210071842882E+00  0.171577422028E+00
  0.213605444756E+00  0.175944267880E+00
  0.217198433511E+00  0.180399300726E+00
  0.220851807222E+00  0.184943280475E+00
  0.224566580739E+00  0.189576923855E+00
  0.228343785966E+00  0.194300901653E+00
  0.232184472153E+00  0.199115835893E+00
  0.236089706180E+00  0.204022296951E+00
  0.240060572861E+00  0.209020800599E+00
  0.244098175239E+00  0.214111804998E+00
  0.248203634897E+00  0.219295707626E+00
  0.252378092266E+00  0.224572842149E+00
  0.256622706944E+00  0.229943475234E+00
  0.260938658020E+00  0.235407803313E+00
  0.265327144395E+00  0.240965949289E+00
  0.269789385122E+00  0.246617959196E+00
  0.274326619741E+00  0.252363798797E+00
  0.278940108624E+00  0.258203350152E+00
  0.283631133326E+00  0.264136408119E+00
  0.288400996938E+00  0.270162676817E+00
  0.293251024454E+00  0.276281766042E+00
  0.298182563135E+00  0.282493187629E+00
  0.303196982885E+00  0.288796351771E+00
  0.308295676629E+00  0.295190563291E+00
  0.313480060705E+00  0.301675017858E+00
  0.318751575253E+00  0.308248798161E+00
  0.324111684615E+00  0.314910870029E+00
  0.329561877747E+00  0.321660078502E+00
  0.335103668625E+00  0.328495143850E+00
  0.340738596671E+00  0.335414657552E+00
  0.346468227180E+00  0.342417078220E+00
  0.352294151753E+00  0.349500727489E+00
  0.358217988738E+00  0.356663785876E+00
  0.364241383685E+00  0.363904288618E+00
  0.370366009797E+00  0.371220121499E+00
  0.376593568400E+00  0.378609016702E+00
  0.382925789410E+00  0.386068548697E+00
  0.389364431818E+00  0.393596130215E+00
  0.395911284178E+00  0.401189008350E+00
  0.402568165101E+00  0.408844260861E+00
  0.409336923765E+00  0.416558792753E+00
  0.416219440423E+00  0.424329333244E+00
  0.423217626929E+00  0.432152433284E+00
  0.430333427271E+00  0.440024463797E+00
  0.437568818104E+00  0.447941614912E+00
  0.444925809305E+00  0.455899896513E+00
  0.452406444532E+00  0.463895140540E+00
  0.460012801785E+00  0.471923005591E+00
  0.467746993992E+00  0.479978984542E+00
  0.475611169588E+00  0.488058416025E+00
  0.483607513118E+00  0.496156500816E+00
  0.491738245838E+00  0.504268324251E+00
  0.500005626339E+00  0.512388885886E+00
  0.508411951168E+00  0.520513137369E+00
  0.516959555470E+00  0.528636029077E+00
  0.525650813634E+00  0.536752564973E+00
  0.534488139953E+00  0.544857863562E+00
  0.543473989299E+00  0.552947220171E+00
  0.552610857797E+00  0.561016162681E+00
  0.561901283526E+00  0.569060489084E+00
  0.571347847220E+00  0.577076272311E+00
  0.580953172983E+00  0.585059816604E+00
  0.590719929025E+00  0.593007552459E+00
  0.600650828396E+00  0.600915864661E+00
  0.610748629743E+00  0.608780860760E+00
  0.621016138075E+00  0.616598102917E+00
  0.631456205545E+00  0.624362341164E+00
  0.642071732238E+00  0.632067294948E+00
  0.652865666979E+00  0.639705528448E+00
  0.663841008154E+00  0.647268450175E+00
  0.675000804539E+00  0.654746441214E+00
  0.686348156149E+00  0.662129085582E+00
  0.697886215099E+00  0.669405452839E+00
  0.709618186480E+00  0.676564375832E+00
  0.721547329248E+00  0.683594678152E+00
  0.733676957131E+00  0.690485328196E+00
  0.746010439547E+00  0.697225519889E+00
  0.758551202544E+00  0.703804695017E+00
  0.771302729746E+00  0.710212527939E+00
  0.784268563328E+00  0.716438891408E+00
  0.797452304993E+00  0.722473817450E+00
  0.810857616976E+00  0.728307461456E+00
  0.824488223061E+00  0.733930073704E+00
  0.838347909615E+00  0.739331979496E+00
  0.852440526641E+00  0.744503567930E+00
  0.866769988844E+00  0.749435288511E+00
  0.881340276723E+00  0.754117654869E+00
  0.896155437675E+00  0.758541254682E+00
  0.911219587115E+00  0.762696765171E+00
  0.926536909629E+00  0.766574973376E+00
  0.942111660125E+00  0.770166800585E+00
  0.957948165024E+00  0.773463330130E+00
  0.974050823456E+00  0.776455837818E+00
  0.990424108486E+00  0.779135824238E+00
  0.100707256835E+01  0.781495048166E+00
  0.102400082774E+01  0.783525560450E+00
  0.104121358904E+01  0.785219737663E+00
  0.105871563370E+01  0.786570315143E+00
  0.107651182350E+01  0.787570418850E+00
  0.109460710195E+01  0.788213595929E+00
  0.111300649563E+01  0.788493843541E+00
  0.113171511559E+01  0.788405636090E+00
  0.115073815881E+01  0.787943950491E+00
  0.117008090957E+01  0.787104289799E+00
  0.118974874099E+01  0.785882704850E+00
  0.120974711649E+01  0.784275814375E+00
  0.123008159129E+01  0.782280823199E+00
  0.125075781399E+01  0.779895539082E+00
  0.127178152813E+01  0.777118387735E+00
  0.129315857375E+01  0.773948426657E+00
  0.131489488906E+01  0.770385357218E+00
  0.133699651206E+01  0.766429535708E+00
  0.135946958225E+01  0.762081982680E+00
  0.138232034227E+01  0.757344391353E+00
  0.140555513972E+01  0.752219134333E+00
  0.142918042886E+01  0.746709269436E+00
  0.145320277240E+01  0.740818543807E+00
  0.147762884339E+01  0.734551397146E+00
  0.150246542700E+01  0.727912963160E+00
  0.152771942244E+01  0.720909070070E+00
  0.155339784487E+01  0.713546239227E+00
  0.157950782735E+01  0.705831682654E+00
  0.160605662282E+01  0.697773298534E+00
  0.163305160612E+01  0.689379665397E+00
  0.166050027603E+01  0.680660034024E+00
  0.168841025735E+01  0.671624317739E+00
  0.171678930304E+01  0.662283080094E+00
  0.174564529635E+01  0.652647520539E+00
  0.177498625302E+01  0.642729457102E+00
  0.180482032349E+01  0.632541306563E+00
  0.183515579522E+01  0.622096061221E+00
  0.186600109490E+01  0.611407262642E+00
  0.189736479088E+01  0.600488971603E+00
  0.192925559550E+01  0.589355734591E+00
  0.196168236751E+01  0.578022546216E+00
  0.199465411457E+01  0.566504807934E+00
  0.202817999570E+01  0.554818282704E+00
  0.206226932387E+01  0.542979046018E+00
  0.209693156855E+01  0.531003433280E+00
  0.213217635837E+01  0.518907984075E+00
  0.216801348377E+01  0.506709383689E+00
  0.220445289974E+01  0.494424402535E+00
  0.224150472857E+01  0.482069834208E+00
  0.227917926268E+01  0.469662432920E+00
  0.231748696745E+01  0.457218851312E+00
  0.235643848417E+01  0.444755579403E+00
  0.239604463295E+01  0.432288885832E+00
  0.243631641575E+01  0.419834762023E+00
  0.247726501943E+01  0.407408870451E+00
  0.251890181888E+01  0.395026497378E+00
  0.256123838014E+01  0.382702511095E+00
  0.260428646363E+01  0.370451325710E+00
  0.264805802744E+01  0.358286871223E+00
  0.269256523061E+01  0.346222569550E+00
  0.273782043654E+01  0.334271316905E+00
  0.278383621641E+01  0.322445471780E+00
  0.283062535268E+01  0.310756848597E+00
  0.287820084264E+01  0.299216715935E+00
  0.292657590199E+01  0.287835799090E+00
  0.297576396858E+01  0.276624285620E+00
  0.302577870607E+01  0.265591833468E+00
  0.307663400775E+01  0.254747580169E+00
  0.312834400044E+01  0.244100152702E+00
  0.318092304836E+01  0.233657676564E+00
  0.323438575712E+01  0.223427783728E+00
  0.328874697783E+01  0.213417618292E+00
  0.334402181117E+01  0.203633839756E+00
  0.340022561163E+01  0.194082623109E+00
  0.345737399172E+01  0.184769656008E+00
  0.351548282637E+01  0.175700132690E+00
  0.357456825730E+01  0.166878745266E+00
  0.363464669750E+01  0.158309672463E+00
  0.369573483581E+01  0.149996566747E+00
  0.375784964156E+01  0.141942540231E+00
  0.382100836925E+01  0.134150150424E+00
  0.388522856339E+01  0.126621386394E+00
  0.395052806333E+01  0.119357656375E+00
  0.401692500824E+01  0.112359777381E+00
  0.408443784215E+01  0.105627967681E+00
  0.415308531904E+01  0.991618425562E-01
  0.422288650812E+01  0.929604139355E-01
  0.429386079903E+01  0.870220941014E-01
  0.436602790733E+01  0.813447037795E-01
  0.443940787990E+01  0.759254845644E-01
  0.451402110052E+01  0.707611157241E-01
  0.458988829559E+01  0.658477351354E-01
  0.466703053980E+01  0.611809641719E-01
  0.474546926205E+01  0.567559361528E-01
  0.482522625138E+01  0.525673280218E-01
  0.490632366303E+01  0.486093947796E-01
  0.498878402457E+01  0.448760062537E-01
  0.507263024219E+01  0.413606857008E-01
  0.515788560705E+01  0.380566497954E-01
  0.524457380173E+01  0.349568495136E-01
  0.533271890685E+01  0.320540114805E-01
  0.542234540774E+01  0.293406793329E-01
  0.551347820121E+01  0.268092547093E-01
  0.560614260251E+01  0.244520374825E-01
  0.570036435236E+01  0.222612649050E-01
  0.579616962407E+01  0.202291493578E-01
  0.589358503082E+01  0.183479144403E-01
  0.599263763309E+01  0.166098291669E-01
  0.609335494611E+01  0.150072400805E-01
  0.619576494757E+01  0.135326011212E-01
  0.629989608536E+01  0.121785011290E-01
  0.640577728544E+01  0.109376888880E-01
  0.651343795996E+01  0.980309565375E-02
  0.662290801535E+01  0.876785513313E-02
  0.673421786065E+01  0.782532091455E-02
  0.684739841598E+01  0.696908137070E-02
  0.696248112113E+01  0.619297208016E-02
  0.707949794423E+01  0.549108583383E-02
  0.719848139073E+01  0.485778031195E-02
  0.731946451234E+01  0.428768353244E-02
  0.744248091627E+01  0.377569718643E-02
  0.756756477452E+01  0.331699798770E-02
  0.769475083341E+01  0.290703717287E-02
  0.782407442324E+01  0.254153829632E-02
  0.795557146804E+01  0.221649346925E-02
  0.808927849562E+01  0.192815819585E-02
  0.822523264768E+01  0.167304496082E-02
  0.836347169014E+01  0.144791572258E-02
  0.850403402362E+01  0.124977346467E-02
  0.864695869411E+01  0.107585295430E-02
  0.879228540384E+01  0.923610852856E-03
  0.894005452227E+01  0.790715316951E-03
  0.909030709732E+01  0.675035221935E-03
  0.924308486679E+01  0.574629132100E-03
  0.939843026992E+01  0.487734133206E-03
  0.955638645923E+01  0.412754633997E-03
  0.971699731244E+01  0.348251232349E-03
  0.988030744471E+01  0.292929724591E-03
  0.100463622210E+02  0.245630388151E-03
  0.102152077688E+02  0.205317517488E-03
  0.103868909906E+02  0.171069328738E-03
  0.105614595773E+02  0.142068271300E-03
  0.107389620214E+02  0.117591783501E-03
  0.109194476302E+02  0.970035224397E-04
  0.111029665398E+02  0.797450898832E-04
  0.112895697288E+02  0.653282684246E-04
  0.114793090327E+02  0.533277750482E-04
  0.116722371580E+02  0.433745328490E-04
  0.118684076971E+02  0.351494559351E-04
  0.120678751431E+02  0.283777375115E-04
  0.122706949049E+02  0.228236268186E-04
  0.124769233226E+02  0.182856769533E-04
  0.126866176832E+02  0.145924426252E-04
  0.128998362366E+02  0.115986045585E-04
  0.131166382114E+02  0.918149550853E-05
  0.133370838318E+02  0.723800167295E-05
  0.135612343341E+02  0.568181259419E-05
  0.137891519839E+02  0.444099241753E-05
  0.140209000929E+02  0.345584553017E-05
  0.142565430373E+02  0.267705010510E-05
  0.144961462748E+02  0.206403384663E-05
  0.147397763635E+02  0.158356722304E-05
  0.149875009800E+02  0.120855061273E-05
  0.152393889382E+02  0.916973017910E-06
  0.154955102087E+02  0.691021246335E-06
  0.157559359378E+02  0.516319646390E-06
  0.160207384678E+02  0.381281512957E-06
  0.162899913566E+02  0.276554041822E-06
  0.165637693984E+02  0.194539040909E-06
  0.168421486444E+02  0.128971283542E-06
  0.171252064240E+02  0.745350844694E-07
  0.174130213662E+02  0.264969010109E-07
  0.177056734214E+02  0.000000000000E+00
  0.180032438837E+02  0.000000000000E+00
  0.183058154135E+02  0.000000000000E+00
  0.186134720604E+02  0.000000000000E+00
  0.189262992866E+02  0.000000000000E+00
  0.192443839905E+02  0.000000000000E+00
  0.195678145310E+02  0.000000000000E+00
  0.198966807520E+02  0.000000000000E+00
  0.202310740074E+02  0.000000000000E+00
  0.205710871863E+02  0.000000000000E+00
  0.209168147390E+02  0.000000000000E+00
  0.212683527032E+02  0.000000000000E+00
  0.216257987306E+02  0.000000000000E+00
  0.219892521140E+02  0.000000000000E+00
  0.223588138151E+02  0.000000000000E+00
  0.227345864922E+02  0.000000000000E+00
  0.231166745290E+02  0.000000000000E+00
  0.235051840637E+02  0.000000000000E+00
  0.239002230179E+02  0.000000000000E+00
  0.243019011274E+02  0.000000000000E+00
  0.247103299718E+02  0.000000000000E+00
  0.251256230063E+02  0.000000000000E+00
  0.255478955928E+02  0.000000000000E+00
  0.259772650319E+02  0.000000000000E+00
  0.264138505956E+02  0.000000000000E+00
  0.268577735606E+02  0.000000000000E+00
  0.273091572416E+02  0.000000000000E+00
  0.277681270258E+02  0.000000000000E+00
  0.282348104079E+02  0.000000000000E+00
  0.287093370251E+02  0.000000000000E+00
  0.291918386934E+02  0.000000000000E+00
  0.296824494441E+02  0.000000000000E+00
  0.301813055612E+02  0.000000000000E+00
  0.306885456191E+02  0.000000000000E+00
  0.312043105209E+02  0.000000000000E+00
  0.317287435381E+02  0.000000000000E+00
  0.322619903498E+02  0.000000000000E+00
  0.328041990836E+02  0.000000000000E+00
  0.333555203565E+02  0.000000000000E+00
  0.339161073169E+02  0.000000000000E+00
  0.344861156870E+02  0.000000000000E+00
  0.350657038060E+02  0.000000000000E+00
  0.356550326745E+02  0.000000000000E+00
  0.362542659986E+02  0.000000000000E+00
  0.368635702360E+02  0.000000000000E+00
  0.374831146417E+02  0.000000000000E+00
  0.381130713153E+02  0.000000000000E+00
  0.387536152490E+02  0.000000000000E+00
  0.394049243756E+02  0.000000000000E+00
  0.400671796186E+02  0.000000000000E+00
  0.407405649420E+02  0.000000000000E+00
  0.414252674016E+02  0.000000000000E+00
  0.421214771969E+02  0.000000000000E+00
  0.428293877241E+02  0.000000000000E+00
  0.435491956296E+02  0.000000000000E+00
  0.442811008644E+02  0.000000000000E+00
  0.450253067405E+02  0.000000000000E+00
  0.457820199864E+02  0.000000000000E+00
  0.465514508051E+02  0.000000000000E+00
  0.473338129324E+02  0.000000000000E+00
  0.481293236961E+02  0.000000000000E+00
  0.489382040765E+02  0.000000000000E+00
  0.497606787677E+02  0.000000000000E+00
  0.505969762404E+02  0.000000000000E+00
  0.514473288048E+02  0.000000000000E+00
  0.523119726752E+02  0.000000000000E+00
  0.531911480362E+02  0.000000000000E+00
  0.540850991088E+02  0.000000000000E+00
  0.549940742185E+02  0.000000000000E+00
  0.559183258642E+02  0.000000000000E+00
  0.568581107884E+02  0.000000000000E+00
  0.578136900485E+02  0.000000000000E+00
  0.587853290894E+02  0.000000000000E+00
  0.597732978170E+02  0.000000000000E+00
  0.607778706735E+02  0.000000000000E+00
  0.617993267133E+02  0.000000000000E+00
  0.628379496807E+02  0.000000000000E+00
  0.638940280890E+02  0.000000000000E+00
  0.649678552998E+02  0.000000000000E+00
  0.660597296055E+02  0.000000000000E+00
  0.671699543116E+02  0.000000000000E+00
  0.682988378209E+02  0.000000000000E+00
  0.694466937194E+02  0.000000000000E+00
  0.706138408633E+02  0.000000000000E+00
  0.718006034678E+02  0.000000000000E+00
  0.730073111967E+02  0.000000000000E+00
  0.742342992543E+02  0.000000000000E+00
  0.754819084787E+02  0.000000000000E+00
  0.767504854358E+02  0.000000000000E+00
  0.780403825164E+02  0.000000000000E+00
  0.793519580336E+02  0.000000000000E+00
  0.806855763222E+02  0.000000000000E+00
  0.820416078403E+02  0.000000000000E+00
  0.834204292722E+02  0.000000000000E+00
  0.848224236326E+02  0.000000000000E+00
  0.862479803734E+02  0.000000000000E+00
  0.876974954918E+02  0.000000000000E+00
  0.891713716401E+02  0.000000000000E+00
  0.906700182380E+02  0.000000000000E+00
  0.921938515857E+02  0.000000000000E+00
  0.937432949801E+02  0.000000000000E+00
  0.953187788321E+02  0.000000000000E+00
  0.969207407862E+02  0.000000000000E+00
  0.985496258423E+02  0.000000000000E+00
  0.100205886479E+03  0.000000000000E+00
  0.101889982779E+03  0.000000000000E+00
  davegp - end printing all-electron states

 subroutine lderiv: pass   1

 leaving lderiv
