========================================================================
pseudopotential program version  7.3.6   date: 11 - 11 -   15
========================================================================

 ifae =   1    ifpsp =   0    ifprt =   0    ifplw =   0    ilogd =   3
 rlogd=   1.50000     emin=  -2.40000     emax=   1.60000     nnt=   80
 thresh, tol =   1.000E-11   1.000E-09    damp = 0.500    maxit = 250
 z, xion, exfact   8.00000000000000       0.100000000000000     
   5.00000000000000     

          *************************************************************
             O                 PBE - GGA           exchange-correlation
          *************************************************************

 z =  8.00    xion = 0.10    exfact =   5.00000    irel=   0
 ncspvs =    3
 rmax =  80.00000    aasf =   6.00000    bbsf =  59.00000

 value of mesh generated in rinit is   737
 irel = 0 so all electron calculations use schroedinger equations


                         the system has converged with
                                 delta= 0.7546164D-09


                             the eigenvalues are


          orbital          occupation          energy
           100                   1.90             -38.37266
           200                   2.00              -1.88284
           210                   4.00              -0.78464
 etot=   -146.07957 ryd ;      -1987.41243 ev            ebsr,ehar,emvxc=    -79.81230     70.84536      4.57809
  davegp - begin printing all-electron states
           3
         737           0         100
  0.000000000000E+00  0.000000000000E+00
  0.529635113499E-05  0.228823925992E-03
  0.106832360010E-04  0.461558746623E-03
  0.161622021457E-04  0.698270755467E-03
  0.217348235702E-04  0.939027346024E-03
  0.274027011807E-04  0.118389703057E-02
  0.331674632488E-04  0.143294945808E-02
  0.390307658791E-04  0.168625543245E-02
  0.449942934849E-04  0.194388693101E-02
  0.510597592724E-04  0.220591712332E-02
  0.572289057325E-04  0.247242039028E-02
  0.635035051415E-04  0.274347234356E-02
  0.698853600706E-04  0.301914984536E-02
  0.763763039030E-04  0.329953102841E-02
  0.829782013614E-04  0.358469531642E-02
  0.896929490432E-04  0.387472344473E-02
  0.965224759654E-04  0.416969748137E-02
  0.103468744119E-03  0.446970084849E-02
  0.110533749032E-03  0.477481834401E-02
  0.117719520345E-03  0.508513616372E-02
  0.125028122389E-03  0.540074192375E-02
  0.132461654785E-03  0.572172468328E-02
  0.140022253043E-03  0.604817496774E-02
  0.147712089177E-03  0.638018479229E-02
  0.155533372328E-03  0.671784768577E-02
  0.163488349398E-03  0.706125871487E-02
  0.171579305700E-03  0.741051450889E-02
  0.179808565607E-03  0.776571328473E-02
  0.188178493228E-03  0.812695487231E-02
  0.196691493080E-03  0.849434074048E-02
  0.205350010784E-03  0.886797402323E-02
  0.214156533764E-03  0.924795954632E-02
  0.223113591964E-03  0.963440385444E-02
  0.232223758573E-03  0.100274152386E-01
  0.241489650766E-03  0.104271037643E-01
  0.250913930455E-03  0.108335812995E-01
  0.260499305052E-03  0.112469615437E-01
  0.270248528251E-03  0.116673600571E-01
  0.280164400814E-03  0.120948942906E-01
  0.290249771379E-03  0.125296836151E-01
  0.300507537280E-03  0.129718493532E-01
  0.310940645372E-03  0.134215148093E-01
  0.321552092887E-03  0.138788053017E-01
  0.332344928287E-03  0.143438481943E-01
  0.343322252146E-03  0.148167729292E-01
  0.354487218036E-03  0.152977110597E-01
  0.365843033437E-03  0.157867962834E-01
  0.377392960653E-03  0.162841644764E-01
  0.389140317755E-03  0.167899537274E-01
  0.401088479533E-03  0.173043043729E-01
  0.413240878461E-03  0.178273590323E-01
  0.425601005689E-03  0.183592626438E-01
  0.438172412041E-03  0.189001625006E-01
  0.450958709041E-03  0.194502082880E-01
  0.463963569943E-03  0.200095521205E-01
  0.477190730792E-03  0.205783485797E-01
  0.490643991496E-03  0.211567547527E-01
  0.504327216916E-03  0.217449302708E-01
  0.518244337978E-03  0.223430373487E-01
  0.532399352802E-03  0.229512408248E-01
  0.546796327850E-03  0.235697082010E-01
  0.561439399093E-03  0.241986096838E-01
  0.576332773203E-03  0.248381182257E-01
  0.591480728758E-03  0.254884095668E-01
  0.606887617473E-03  0.261496622774E-01
  0.622557865448E-03  0.268220578008E-01
  0.638495974442E-03  0.275057804965E-01
  0.654706523167E-03  0.282010176841E-01
  0.671194168598E-03  0.289079596881E-01
  0.687963647318E-03  0.296267998820E-01
  0.705019776872E-03  0.303577347345E-01
  0.722367457158E-03  0.311009638546E-01
  0.740011671827E-03  0.318566900387E-01
  0.757957489721E-03  0.326251193169E-01
  0.776210066327E-03  0.334064610008E-01
  0.794774645257E-03  0.342009277313E-01
  0.813656559754E-03  0.350087355266E-01
  0.832861234228E-03  0.358301038317E-01
  0.852394185810E-03  0.366652555673E-01
  0.872261025938E-03  0.375144171799E-01
  0.892467461973E-03  0.383778186920E-01
  0.913019298830E-03  0.392556937533E-01
  0.933922440657E-03  0.401482796914E-01
  0.955182892520E-03  0.410558175645E-01
  0.976806762136E-03  0.419785522129E-01
  0.998800261625E-03  0.429167323122E-01
  0.102116970929E-02  0.438706104266E-01
  0.104392153145E-02  0.448404430626E-01
  0.106706226425E-02  0.458264907231E-01
  0.109059855559E-02  0.468290179621E-01
  0.111453716698E-02  0.478482934401E-01
  0.113888497552E-02  0.488845899794E-01
  0.116364897587E-02  0.499381846204E-01
  0.118883628224E-02  0.510093586780E-01
  0.121445413047E-02  0.520983977985E-01
  0.124050988005E-02  0.532055920171E-01
  0.126701101631E-02  0.543312358157E-01
  0.129396515252E-02  0.554756281809E-01
  0.132138003206E-02  0.566390726630E-01
  0.134926353070E-02  0.578218774349E-01
  0.137762365885E-02  0.590243553512E-01
  0.140646856380E-02  0.602468240084E-01
  0.143580653215E-02  0.614896058051E-01
  0.146564599212E-02  0.627530280021E-01
  0.149599551601E-02  0.640374227834E-01
  0.152686382266E-02  0.653431273176E-01
  0.155825977993E-02  0.666704838190E-01
  0.159019240728E-02  0.680198396096E-01
  0.162267087832E-02  0.693915471809E-01
  0.165570452350E-02  0.707859642564E-01
  0.168930283274E-02  0.722034538538E-01
  0.172347545819E-02  0.736443843476E-01
  0.175823221697E-02  0.751091295323E-01
  0.179358309404E-02  0.765980686852E-01
  0.182953824502E-02  0.781115866293E-01
  0.186610799913E-02  0.796500737967E-01
  0.190330286214E-02  0.812139262919E-01
  0.194113351943E-02  0.828035459547E-01
  0.197961083901E-02  0.844193404240E-01
  0.201874587466E-02  0.860617232007E-01
  0.205854986914E-02  0.877311137108E-01
  0.209903425735E-02  0.894279373686E-01
  0.214021066967E-02  0.911526256393E-01
  0.218209093530E-02  0.929056161022E-01
  0.222468708561E-02  0.946873525123E-01
  0.226801135767E-02  0.964982848631E-01
  0.231207619770E-02  0.983388694482E-01
  0.235689426467E-02  0.100209568922E+00
  0.240247843395E-02  0.102110852363E+00
  0.244884180098E-02  0.104043195330E+00
  0.249599768506E-02  0.106007079927E+00
  0.254395963318E-02  0.108002994857E+00
  0.259274142386E-02  0.110031435486E+00
  0.264235707117E-02  0.112092903897E+00
  0.269282082872E-02  0.114187908948E+00
  0.274414719379E-02  0.116316966329E+00
  0.279635091143E-02  0.118480598618E+00
  0.284944697877E-02  0.120679335329E+00
  0.290345064928E-02  0.122913712975E+00
  0.295837743717E-02  0.125184275112E+00
  0.301424312185E-02  0.127491572390E+00
  0.307106375243E-02  0.129836162606E+00
  0.312885565239E-02  0.132218610752E+00
  0.318763542423E-02  0.134639489054E+00
  0.324741995424E-02  0.137099377024E+00
  0.330822641735E-02  0.139598861501E+00
  0.337007228208E-02  0.142138536688E+00
  0.343297531556E-02  0.144719004195E+00
  0.349695358861E-02  0.147340873075E+00
  0.356202548094E-02  0.150004759857E+00
  0.362820968646E-02  0.152711288580E+00
  0.369552521861E-02  0.155461090819E+00
  0.376399141583E-02  0.158254805719E+00
  0.383362794714E-02  0.161093080013E+00
  0.390445481777E-02  0.163976568045E+00
  0.397649237491E-02  0.166905931791E+00
  0.404976131354E-02  0.169881840873E+00
  0.412428268243E-02  0.172904972570E+00
  0.420007789012E-02  0.175976011827E+00
  0.427716871110E-02  0.179095651260E+00
  0.435557729208E-02  0.182264591158E+00
  0.443532615832E-02  0.185483539478E+00
  0.451643822013E-02  0.188753211841E+00
  0.459893677943E-02  0.192074331516E+00
  0.468284553647E-02  0.195447629409E+00
  0.476818859661E-02  0.198873844037E+00
  0.485499047726E-02  0.202353721507E+00
  0.494327611491E-02  0.205888015480E+00
  0.503307087233E-02  0.209477487140E+00
  0.512440054580E-02  0.213122905147E+00
  0.521729137258E-02  0.216825045591E+00
  0.531177003841E-02  0.220584691938E+00
  0.540786368517E-02  0.224402634968E+00
  0.550559991872E-02  0.228279672712E+00
  0.560500681678E-02  0.232216610370E+00
  0.570611293702E-02  0.236214260239E+00
  0.580894732528E-02  0.240273441617E+00
  0.591353952390E-02  0.244394980710E+00
  0.601991958018E-02  0.248579710526E+00
  0.612811805506E-02  0.252828470764E+00
  0.623816603186E-02  0.257142107689E+00
  0.635009512524E-02  0.261521474005E+00
  0.646393749026E-02  0.265967428714E+00
  0.657972583163E-02  0.270480836963E+00
  0.669749341310E-02  0.275062569891E+00
  0.681727406702E-02  0.279713504452E+00
  0.693910220405E-02  0.284434523240E+00
  0.706301282306E-02  0.289226514292E+00
  0.718904152117E-02  0.294090370890E+00
  0.731722450399E-02  0.299026991340E+00
  0.744759859600E-02  0.304037278750E+00
  0.758020125116E-02  0.309122140784E+00
  0.771507056366E-02  0.314282489414E+00
  0.785224527882E-02  0.319519240648E+00
  0.799176480430E-02  0.324833314252E+00
  0.813366922135E-02  0.330225633452E+00
  0.827799929636E-02  0.335697124625E+00
  0.842479649258E-02  0.341248716973E+00
  0.857410298199E-02  0.346881342179E+00
  0.872596165747E-02  0.352595934050E+00
  0.888041614507E-02  0.358393428141E+00
  0.903751081658E-02  0.364274761361E+00
  0.919729080225E-02  0.370240871565E+00
  0.935980200378E-02  0.376292697121E+00
  0.952509110751E-02  0.382431176463E+00
  0.969320559778E-02  0.388657247623E+00
  0.986419377064E-02  0.394971847741E+00
  0.100381047477E-01  0.401375912557E+00
  0.102149884902E-01  0.407870375880E+00
  0.103948958134E-01  0.414456169037E+00
  0.105778784012E-01  0.421134220292E+00
  0.107639888209E-01  0.427905454255E+00
  0.109532805386E-01  0.434770791255E+00
  0.111458079340E-01  0.441731146692E+00
  0.113416263165E-01  0.448787430371E+00
  0.115407919410E-01  0.455940545798E+00
  0.117433620239E-01  0.463191389458E+00
  0.119493947596E-01  0.470540850068E+00
  0.121589493374E-01  0.477989807791E+00
  0.123720859583E-01  0.485539133433E+00
  0.125888658522E-01  0.493189687607E+00
  0.128093512959E-01  0.500942319865E+00
  0.130336056306E-01  0.508797867802E+00
  0.132616932801E-01  0.516757156130E+00
  0.134936797696E-01  0.524820995716E+00
  0.137296317445E-01  0.532990182590E+00
  0.139696169890E-01  0.541265496924E+00
  0.142137044464E-01  0.549647701969E+00
  0.144619642382E-01  0.558137542961E+00
  0.147144676847E-01  0.566735745997E+00
  0.149712873252E-01  0.575443016865E+00
  0.152324969390E-01  0.584260039845E+00
  0.154981715666E-01  0.593187476474E+00
  0.157683875312E-01  0.602225964263E+00
  0.160432224606E-01  0.611376115389E+00
  0.163227553096E-01  0.620638515337E+00
  0.166070663825E-01  0.630013721509E+00
  0.168962373564E-01  0.639502261789E+00
  0.171903513045E-01  0.649104633069E+00
  0.174894927201E-01  0.658821299732E+00
  0.177937475407E-01  0.668652692095E+00
  0.181032031729E-01  0.678599204812E+00
  0.184179485172E-01  0.688661195223E+00
  0.187380739939E-01  0.698838981675E+00
  0.190636715688E-01  0.709132841789E+00
  0.193948347799E-01  0.719543010684E+00
  0.197316587639E-01  0.730069679162E+00
  0.200742402838E-01  0.740712991842E+00
  0.204226777567E-01  0.751473045252E+00
  0.207770712820E-01  0.762349885876E+00
  0.211375226699E-01  0.773343508156E+00
  0.215041354713E-01  0.784453852446E+00
  0.218770150068E-01  0.795680802927E+00
  0.222562683976E-01  0.807024185465E+00
  0.226420045959E-01  0.818483765439E+00
  0.230343344161E-01  0.830059245513E+00
  0.234333705670E-01  0.841750263365E+00
  0.238392276841E-01  0.853556389376E+00
  0.242520223621E-01  0.865477124270E+00
  0.246718731891E-01  0.877511896717E+00
  0.250989007800E-01  0.889660060885E+00
  0.255332278116E-01  0.901920893955E+00
  0.259749790577E-01  0.914293593597E+00
  0.264242814248E-01  0.926777275400E+00
  0.268812639888E-01  0.939370970270E+00
  0.273460580319E-01  0.952073621781E+00
  0.278187970806E-01  0.964884083497E+00
  0.282996169435E-01  0.977801116258E+00
  0.287886557510E-01  0.990823385429E+00
  0.292860539943E-01  0.100394945812E+01
  0.297919545665E-01  0.101717780038E+01
  0.303065028029E-01  0.103050677435E+01
  0.308298465233E-01  0.104393463540E+01
  0.313621360742E-01  0.105745952926E+01
  0.319035243721E-01  0.107107948909E+01
  0.324541669474E-01  0.108479243259E+01
  0.330142219890E-01  0.109859615900E+01
  0.335838503899E-01  0.111248834622E+01
  0.341632157934E-01  0.112646654781E+01
  0.347524846399E-01  0.114052819006E+01
  0.353518262149E-01  0.115467056896E+01
  0.359614126977E-01  0.116889084736E+01
  0.365814192106E-01  0.118318605188E+01
  0.372120238697E-01  0.119755307011E+01
  0.378534078352E-01  0.121198864757E+01
  0.385057553646E-01  0.122648938490E+01
  0.391692538645E-01  0.124105173496E+01
  0.398440939453E-01  0.125567199998E+01
  0.405304694755E-01  0.127034632880E+01
  0.412285776375E-01  0.128507071408E+01
  0.419386189841E-01  0.129984098966E+01
  0.426607974967E-01  0.131465282787E+01
  0.433953206431E-01  0.132950173696E+01
  0.441423994375E-01  0.134438305867E+01
  0.449022485013E-01  0.135929196574E+01
  0.456750861243E-01  0.137422345960E+01
  0.464611343280E-01  0.138917236817E+01
  0.472606189287E-01  0.140413334374E+01
  0.480737696029E-01  0.141910086092E+01
  0.489008199529E-01  0.143406921480E+01
  0.497420075745E-01  0.144903251918E+01
  0.505975741245E-01  0.146398470497E+01
  0.514677653907E-01  0.147891951877E+01
  0.523528313620E-01  0.149383052153E+01
  0.532530263010E-01  0.150871108751E+01
  0.541686088161E-01  0.152355440329E+01
  0.550998419365E-01  0.153835346708E+01
  0.560469931874E-01  0.155310108823E+01
  0.570103346672E-01  0.156778988687E+01
  0.579901431250E-01  0.158241229392E+01
  0.589867000411E-01  0.159696055121E+01
  0.600002917068E-01  0.161142671200E+01
  0.610312093074E-01  0.162580264163E+01
  0.620797490057E-01  0.164008001854E+01
  0.631462120267E-01  0.165425033559E+01
  0.642309047447E-01  0.166830490163E+01
  0.653341387710E-01  0.168223484347E+01
  0.664562310432E-01  0.169603110813E+01
  0.675975039168E-01  0.170968446544E+01
  0.687582852574E-01  0.172318551109E+01
  0.699389085350E-01  0.173652466992E+01
  0.711397129198E-01  0.174969219972E+01
  0.723610433798E-01  0.176267819539E+01
  0.736032507795E-01  0.177547259352E+01
  0.748666919810E-01  0.178806517737E+01
  0.761517299466E-01  0.180044558239E+01
  0.774587338427E-01  0.181260330208E+01
  0.787880791465E-01  0.182452769442E+01
  0.801401477529E-01  0.183620798871E+01
  0.815153280852E-01  0.184763329295E+01
  0.829140152060E-01  0.185879260171E+01
  0.843366109312E-01  0.186967480453E+01
  0.857835239449E-01  0.188026869482E+01
  0.872551699172E-01  0.189056297929E+01
  0.887519716236E-01  0.190054628801E+01
  0.902743590662E-01  0.191020718491E+01
  0.918227695974E-01  0.191953417891E+01
  0.933976480457E-01  0.192851573558E+01
  0.949994468432E-01  0.193714028943E+01
  0.966286261556E-01  0.194539625672E+01
  0.982856540146E-01  0.195327204885E+01
  0.999710064523E-01  0.196075608636E+01
  0.101685167638E+00  0.196783681354E+01
  0.103428630017E+00  0.197450271350E+01
  0.105201894451E+00  0.198074232400E+01
  0.107005470367E+00  0.198654425367E+01
  0.108839875896E+00  0.199189719893E+01
  0.110705638027E+00  0.199678996142E+01
  0.112603292758E+00  0.200121146597E+01
  0.114533385248E+00  0.200515077914E+01
  0.116496469976E+00  0.200859712826E+01
  0.118493110897E+00  0.201153992101E+01
  0.120523881608E+00  0.201396876545E+01
  0.122589365511E+00  0.201587349056E+01
  0.124690155978E+00  0.201724416723E+01
  0.126826856526E+00  0.201807112963E+01
  0.129000080988E+00  0.201834499705E+01
  0.131210453690E+00  0.201805669599E+01
  0.133458609628E+00  0.201719748273E+01
  0.135745194654E+00  0.201575896606E+01
  0.138070865660E+00  0.201373313037E+01
  0.140436290766E+00  0.201111235885E+01
  0.142842149513E+00  0.200788945696E+01
  0.145289133057E+00  0.200405767596E+01
  0.147777944370E+00  0.199961073649E+01
  0.150309298440E+00  0.199454285223E+01
  0.152883922474E+00  0.198884875343E+01
  0.155502556113E+00  0.198252371042E+01
  0.158165951639E+00  0.197556355684E+01
  0.160874874195E+00  0.196796471271E+01
  0.163630102002E+00  0.195972420715E+01
  0.166432426582E+00  0.195083970073E+01
  0.169282652990E+00  0.194130950729E+01
  0.172181600041E+00  0.193113261532E+01
  0.175130100546E+00  0.192030870854E+01
  0.178129001552E+00  0.190883818596E+01
  0.181179164585E+00  0.189672218092E+01
  0.184281465899E+00  0.188396257937E+01
  0.187436796724E+00  0.187056203713E+01
  0.190646063526E+00  0.185652399595E+01
  0.193910188265E+00  0.184185269849E+01
  0.197230108660E+00  0.182655320201E+01
  0.200606778462E+00  0.181063139054E+01
  0.204041167722E+00  0.179409398574E+01
  0.207534263072E+00  0.177694855606E+01
  0.211087068013E+00  0.175920352422E+01
  0.214700603196E+00  0.174086817301E+01
  0.218375906719E+00  0.172195264916E+01
  0.222114034428E+00  0.170246796531E+01
  0.225916060212E+00  0.168242599989E+01
  0.229783076321E+00  0.166183949508E+01
  0.233716193673E+00  0.164072205245E+01
  0.237716542178E+00  0.161908812652E+01
  0.241785271057E+00  0.159695301605E+01
  0.245923549178E+00  0.157433285311E+01
  0.250132565388E+00  0.155124458982E+01
  0.254413528856E+00  0.152770598291E+01
  0.258767669420E+00  0.150373557594E+01
  0.263196237940E+00  0.147935267944E+01
  0.267700506659E+00  0.145457734879E+01
  0.272281769565E+00  0.142943036006E+01
  0.276941342767E+00  0.140393318394E+01
  0.281680564869E+00  0.137810795770E+01
  0.286500797360E+00  0.135197745548E+01
  0.291403424997E+00  0.132556505690E+01
  0.296389856212E+00  0.129889471429E+01
  0.301461523510E+00  0.127199091853E+01
  0.306619883881E+00  0.124487866361E+01
  0.311866419224E+00  0.121758341010E+01
  0.317202636767E+00  0.119013104739E+01
  0.322630069502E+00  0.116254785469E+01
  0.328150276624E+00  0.113486046042E+01
  0.333764843983E+00  0.110709579979E+01
  0.339475384535E+00  0.107928106967E+01
  0.345283538809E+00  0.105144368014E+01
  0.351190975373E+00  0.102361120158E+01
  0.357199391322E+00  0.995811306054E+00
  0.363310512755E+00  0.968071701851E+00
  0.369526095281E+00  0.940420060026E+00
  0.375847924515E+00  0.912883932262E+00
  0.382277816597E+00  0.885490659890E+00
  0.388817618711E+00  0.858267275002E+00
  0.395469209615E+00  0.831240395333E+00
  0.402234500182E+00  0.804436116015E+00
  0.409115433950E+00  0.777879901866E+00
  0.416113987677E+00  0.751596484854E+00
  0.423232171914E+00  0.725609771084E+00
  0.430472031575E+00  0.699942761577E+00
  0.437835646533E+00  0.674617489650E+00
  0.445325132213E+00  0.649654976555E+00
  0.452942640197E+00  0.625075204769E+00
  0.460690358849E+00  0.600897106812E+00
  0.468570513939E+00  0.577138565517E+00
  0.476585369283E+00  0.553816421026E+00
  0.484737227393E+00  0.530946479388E+00
  0.493028430141E+00  0.508543518629E+00
  0.501461359428E+00  0.486621289306E+00
  0.510038437872E+00  0.465192508476E+00
  0.518762129502E+00  0.444268847275E+00
  0.527634940466E+00  0.423860913715E+00
  0.536659419750E+00  0.403978232667E+00
  0.545838159912E+00  0.384629225333E+00
  0.555173797828E+00  0.365821190131E+00
  0.564669015445E+00  0.347560286638E+00
  0.574326540555E+00  0.329851523669E+00
  0.584149147579E+00  0.312698752266E+00
  0.594139658362E+00  0.296104663900E+00
  0.604300942983E+00  0.280070794080E+00
  0.614635920584E+00  0.264597531256E+00
  0.625147560203E+00  0.249684130917E+00
  0.635838881632E+00  0.235328734623E+00
  0.646712956279E+00  0.221528393767E+00
  0.657772908056E+00  0.208279097779E+00
  0.669021914274E+00  0.195575806534E+00
  0.680463206553E+00  0.183412486692E+00
  0.692100071757E+00  0.171782151710E+00
  0.703935852930E+00  0.160676905279E+00
  0.715973950265E+00  0.150087987885E+00
  0.728217822073E+00  0.140005826267E+00
  0.740670985782E+00  0.130420085426E+00
  0.753337018944E+00  0.121319722948E+00
  0.766219560267E+00  0.112693045265E+00
  0.779322310655E+00  0.104527765594E+00
  0.792649034274E+00  0.968110631634E-01
  0.806203559634E+00  0.895296434245E-01
  0.819989780688E+00  0.826697988613E-01
  0.834011657951E+00  0.762174700833E-01
  0.848273219637E+00  0.701583067992E-01
  0.862778562816E+00  0.644777283699E-01
  0.877531854593E+00  0.591609835424E-01
  0.892537333304E+00  0.541932090784E-01
  0.907799309730E+00  0.495594869038E-01
  0.923322168344E+00  0.452448995183E-01
  0.939110368562E+00  0.412345833293E-01
  0.955168446029E+00  0.375137796854E-01
  0.971501013919E+00  0.340678833227E-01
  0.988112764263E+00  0.308824880436E-01
  0.100500846930E+01  0.279434293986E-01
  0.102219298283E+01  0.252368242429E-01
  0.103967124163E+01  0.227491070002E-01
  0.105744826688E+01  0.204670625608E-01
  0.107552916556E+01  0.183778557110E-01
  0.109391913198E+01  0.164690570787E-01
  0.111262344920E+01  0.147286655551E-01
  0.113164749062E+01  0.131451272328E-01
  0.115099672148E+01  0.117073508823E-01
  0.117067670044E+01  0.104047200558E-01
  0.119069308118E+01  0.922710189838E-02
  0.121105161400E+01  0.816485279761E-02
  0.123175814753E+01  0.720882100080E-02
  0.125281863036E+01  0.635034636705E-02
  0.127423911275E+01  0.558125742058E-02
  0.129602574838E+01  0.489386590127E-02
  0.131818479615E+01  0.428095900539E-02
  0.134072262192E+01  0.373578953048E-02
  0.136364570036E+01  0.325206413402E-02
  0.138696061684E+01  0.282392992742E-02
  0.141067406927E+01  0.244595962097E-02
  0.143479287008E+01  0.211313543970E-02
  0.145932394813E+01  0.182083202170E-02
  0.148427435072E+01  0.156479850859E-02
  0.150965124562E+01  0.134114002722E-02
  0.153546192313E+01  0.114629875474E-02
  0.156171379815E+01  0.977034746654E-03
  0.158841441233E+01  0.830406696617E-03
  0.161557143624E+01  0.703752783156E-03
  0.164319267158E+01  0.594671744899E-03
  0.167128605339E+01  0.501004311538E-03
  0.169985965236E+01  0.420815103062E-03
  0.172892167712E+01  0.352375095144E-03
  0.175848047663E+01  0.294144733766E-03
  0.178854454257E+01  0.244757768014E-03
  0.181912251176E+01  0.203005855848E-03
  0.185022316866E+01  0.167823984646E-03
  0.188185544788E+01  0.138276735499E-03
  0.191402843677E+01  0.113545408857E-03
  0.194675137801E+01  0.929160181058E-04
  0.198003367225E+01  0.757681481803E-04
  0.201388488087E+01  0.615646673846E-04
  0.204831472865E+01  0.498422732004E-04
  0.208333310664E+01  0.402028460797E-04
  0.211895007492E+01  0.323055798909E-04
  0.215517586556E+01  0.258598530068E-04
  0.219202088554E+01  0.206188005982E-04
  0.222949571972E+01  0.163735458947E-04
  0.226761113389E+01  0.129480463863E-04
  0.230637807786E+01  0.101945096667E-04
  0.234580768864E+01  0.798933307784E-05
  0.238591129359E+01  0.622952109852E-05
  0.242670041369E+01  0.482953459246E-05
  0.246818676688E+01  0.371852621851E-05
  0.251038227138E+01  0.283791641993E-05
  0.255329904913E+01  0.213926402037E-05
  0.259694942931E+01  0.158238424554E-05
  0.264134595182E+01  0.113366431624E-05
  0.268650137092E+01  0.764521869325E-06
  0.273242865889E+01  0.449943142470E-06
  0.277914100975E+01  0.167024413054E-06
  0.282665184305E+01  0.000000000000E+00
  0.287497480775E+01  0.000000000000E+00
  0.292412378608E+01  0.000000000000E+00
  0.297411289761E+01  0.000000000000E+00
  0.302495650323E+01  0.000000000000E+00
  0.307666920934E+01  0.000000000000E+00
  0.312926587198E+01  0.000000000000E+00
  0.318276160117E+01  0.000000000000E+00
  0.323717176519E+01  0.000000000000E+00
  0.329251199502E+01  0.000000000000E+00
  0.334879818885E+01  0.000000000000E+00
  0.340604651661E+01  0.000000000000E+00
  0.346427342464E+01  0.000000000000E+00
  0.352349564040E+01  0.000000000000E+00
  0.358373017729E+01  0.000000000000E+00
  0.364499433952E+01  0.000000000000E+00
  0.370730572710E+01  0.000000000000E+00
  0.377068224089E+01  0.000000000000E+00
  0.383514208773E+01  0.000000000000E+00
  0.390070378570E+01  0.000000000000E+00
  0.396738616939E+01  0.000000000000E+00
  0.403520839537E+01  0.000000000000E+00
  0.410418994764E+01  0.000000000000E+00
  0.417435064329E+01  0.000000000000E+00
  0.424571063811E+01  0.000000000000E+00
  0.431829043244E+01  0.000000000000E+00
  0.439211087707E+01  0.000000000000E+00
  0.446719317918E+01  0.000000000000E+00
  0.454355890845E+01  0.000000000000E+00
  0.462123000329E+01  0.000000000000E+00
  0.470022877710E+01  0.000000000000E+00
  0.478057792469E+01  0.000000000000E+00
  0.486230052882E+01  0.000000000000E+00
  0.494542006682E+01  0.000000000000E+00
  0.502996041732E+01  0.000000000000E+00
  0.511594586712E+01  0.000000000000E+00
  0.520340111819E+01  0.000000000000E+00
  0.529235129472E+01  0.000000000000E+00
  0.538282195038E+01  0.000000000000E+00
  0.547483907563E+01  0.000000000000E+00
  0.556842910522E+01  0.000000000000E+00
  0.566361892575E+01  0.000000000000E+00
  0.576043588341E+01  0.000000000000E+00
  0.585890779185E+01  0.000000000000E+00
  0.595906294013E+01  0.000000000000E+00
  0.606093010089E+01  0.000000000000E+00
  0.616453853860E+01  0.000000000000E+00
  0.626991801796E+01  0.000000000000E+00
  0.637709881244E+01  0.000000000000E+00
  0.648611171303E+01  0.000000000000E+00
  0.659698803701E+01  0.000000000000E+00
  0.670975963701E+01  0.000000000000E+00
  0.682445891012E+01  0.000000000000E+00
  0.694111880723E+01  0.000000000000E+00
  0.705977284247E+01  0.000000000000E+00
  0.718045510285E+01  0.000000000000E+00
  0.730320025805E+01  0.000000000000E+00
  0.742804357036E+01  0.000000000000E+00
  0.755502090487E+01  0.000000000000E+00
  0.768416873970E+01  0.000000000000E+00
  0.781552417653E+01  0.000000000000E+00
  0.794912495123E+01  0.000000000000E+00
  0.808500944471E+01  0.000000000000E+00
  0.822321669397E+01  0.000000000000E+00
  0.836378640327E+01  0.000000000000E+00
  0.850675895557E+01  0.000000000000E+00
  0.865217542412E+01  0.000000000000E+00
  0.880007758426E+01  0.000000000000E+00
  0.895050792540E+01  0.000000000000E+00
  0.910350966329E+01  0.000000000000E+00
  0.925912675235E+01  0.000000000000E+00
  0.941740389837E+01  0.000000000000E+00
  0.957838657131E+01  0.000000000000E+00
  0.974212101837E+01  0.000000000000E+00
  0.990865427729E+01  0.000000000000E+00
  0.100780341899E+02  0.000000000000E+00
  0.102503094156E+02  0.000000000000E+00
  0.104255294460E+02  0.000000000000E+00
  0.106037446182E+02  0.000000000000E+00
  0.107850061301E+02  0.000000000000E+00
  0.109693660545E+02  0.000000000000E+00
  0.111568773546E+02  0.000000000000E+00
  0.113475938986E+02  0.000000000000E+00
  0.115415704758E+02  0.000000000000E+00
  0.117388628119E+02  0.000000000000E+00
  0.119395275851E+02  0.000000000000E+00
  0.121436224425E+02  0.000000000000E+00
  0.123512060167E+02  0.000000000000E+00
  0.125623379424E+02  0.000000000000E+00
  0.127770788737E+02  0.000000000000E+00
  0.129954905016E+02  0.000000000000E+00
  0.132176355714E+02  0.000000000000E+00
  0.134435779011E+02  0.000000000000E+00
  0.136733823996E+02  0.000000000000E+00
  0.139071150853E+02  0.000000000000E+00
  0.141448431051E+02  0.000000000000E+00
  0.143866347536E+02  0.000000000000E+00
  0.146325594929E+02  0.000000000000E+00
  0.148826879724E+02  0.000000000000E+00
  0.151370920491E+02  0.000000000000E+00
  0.153958448085E+02  0.000000000000E+00
  0.156590205852E+02  0.000000000000E+00
  0.159266949846E+02  0.000000000000E+00
  0.161989449042E+02  0.000000000000E+00
  0.164758485562E+02  0.000000000000E+00
  0.167574854897E+02  0.000000000000E+00
  0.170439366135E+02  0.000000000000E+00
  0.173352842195E+02  0.000000000000E+00
  0.176316120062E+02  0.000000000000E+00
  0.179330051029E+02  0.000000000000E+00
  0.182395500940E+02  0.000000000000E+00
  0.185513350438E+02  0.000000000000E+00
  0.188684495222E+02  0.000000000000E+00
  0.191909846301E+02  0.000000000000E+00
  0.195190330255E+02  0.000000000000E+00
  0.198526889504E+02  0.000000000000E+00
  0.201920482577E+02  0.000000000000E+00
  0.205372084387E+02  0.000000000000E+00
  0.208882686513E+02  0.000000000000E+00
  0.212453297483E+02  0.000000000000E+00
  0.216084943064E+02  0.000000000000E+00
  0.219778666558E+02  0.000000000000E+00
  0.223535529101E+02  0.000000000000E+00
  0.227356609965E+02  0.000000000000E+00
  0.231243006874E+02  0.000000000000E+00
  0.235195836314E+02  0.000000000000E+00
  0.239216233857E+02  0.000000000000E+00
  0.243305354485E+02  0.000000000000E+00
  0.247464372923E+02  0.000000000000E+00
  0.251694483977E+02  0.000000000000E+00
  0.255996902876E+02  0.000000000000E+00
  0.260372865621E+02  0.000000000000E+00
  0.264823629342E+02  0.000000000000E+00
  0.269350472658E+02  0.000000000000E+00
  0.273954696042E+02  0.000000000000E+00
  0.278637622200E+02  0.000000000000E+00
  0.283400596445E+02  0.000000000000E+00
  0.288244987087E+02  0.000000000000E+00
  0.293172185826E+02  0.000000000000E+00
  0.298183608151E+02  0.000000000000E+00
  0.303280693747E+02  0.000000000000E+00
  0.308464906907E+02  0.000000000000E+00
  0.313737736956E+02  0.000000000000E+00
  0.319100698676E+02  0.000000000000E+00
  0.324555332743E+02  0.000000000000E+00
  0.330103206165E+02  0.000000000000E+00
  0.335745912742E+02  0.000000000000E+00
  0.341485073512E+02  0.000000000000E+00
  0.347322337226E+02  0.000000000000E+00
  0.353259380817E+02  0.000000000000E+00
  0.359297909882E+02  0.000000000000E+00
  0.365439659174E+02  0.000000000000E+00
  0.371686393098E+02  0.000000000000E+00
  0.378039906221E+02  0.000000000000E+00
  0.384502023784E+02  0.000000000000E+00
  0.391074602228E+02  0.000000000000E+00
  0.397759529727E+02  0.000000000000E+00
  0.404558726733E+02  0.000000000000E+00
  0.411474146522E+02  0.000000000000E+00
  0.418507775762E+02  0.000000000000E+00
  0.425661635077E+02  0.000000000000E+00
  0.432937779633E+02  0.000000000000E+00
  0.440338299725E+02  0.000000000000E+00
  0.447865321380E+02  0.000000000000E+00
  0.455521006966E+02  0.000000000000E+00
  0.463307555812E+02  0.000000000000E+00
  0.471227204844E+02  0.000000000000E+00
  0.479282229223E+02  0.000000000000E+00
  0.487474943003E+02  0.000000000000E+00
  0.495807699790E+02  0.000000000000E+00
  0.504282893426E+02  0.000000000000E+00
  0.512902958668E+02  0.000000000000E+00
  0.521670371896E+02  0.000000000000E+00
  0.530587651817E+02  0.000000000000E+00
  0.539657360193E+02  0.000000000000E+00
  0.548882102576E+02  0.000000000000E+00
  0.558264529055E+02  0.000000000000E+00
  0.567807335021E+02  0.000000000000E+00
  0.577513261938E+02  0.000000000000E+00
  0.587385098129E+02  0.000000000000E+00
  0.597425679582E+02  0.000000000000E+00
  0.607637890763E+02  0.000000000000E+00
  0.618024665441E+02  0.000000000000E+00
  0.628588987537E+02  0.000000000000E+00
  0.639333891975E+02  0.000000000000E+00
  0.650262465558E+02  0.000000000000E+00
  0.661377847856E+02  0.000000000000E+00
  0.672683232100E+02  0.000000000000E+00
  0.684181866111E+02  0.000000000000E+00
  0.695877053222E+02  0.000000000000E+00
  0.707772153235E+02  0.000000000000E+00
  0.719870583381E+02  0.000000000000E+00
  0.732175819307E+02  0.000000000000E+00
  0.744691396067E+02  0.000000000000E+00
  0.757420909145E+02  0.000000000000E+00
  0.770368015483E+02  0.000000000000E+00
  0.783536434535E+02  0.000000000000E+00
  0.796929949333E+02  0.000000000000E+00
  0.810552407574E+02  0.000000000000E+00
         737           0         200
  0.000000000000E+00  0.000000000000E+00
  0.529635113499E-05  0.539846626341E-04
  0.106832360010E-04  0.108891992396E-03
  0.161622021457E-04  0.164737629355E-03
  0.217348235702E-04  0.221537473070E-03
  0.274027011807E-04  0.279307687038E-03
  0.331674632488E-04  0.338064702921E-03
  0.390307658791E-04  0.397825224846E-03
  0.449942934849E-04  0.458606233768E-03
  0.510597592724E-04  0.520424991909E-03
  0.572289057325E-04  0.583299047266E-03
  0.635035051415E-04  0.647246238188E-03
  0.698853600706E-04  0.712284698041E-03
  0.763763039030E-04  0.778432859930E-03
  0.829782013614E-04  0.845709461513E-03
  0.896929490432E-04  0.914133549881E-03
  0.965224759654E-04  0.983724486527E-03
  0.103468744119E-03  0.105450195238E-02
  0.110533749032E-03  0.112648595295E-02
  0.117719520345E-03  0.119969682351E-02
  0.125028122389E-03  0.127415523439E-02
  0.132461654785E-03  0.134988219637E-02
  0.140022253043E-03  0.142689906612E-02
  0.147712089177E-03  0.150522755176E-02
  0.155533372328E-03  0.158488971847E-02
  0.163488349398E-03  0.166590799425E-02
  0.171579305700E-03  0.174830517572E-02
  0.179808565607E-03  0.183210443401E-02
  0.188178493228E-03  0.191732932078E-02
  0.196691493080E-03  0.200400377431E-02
  0.205350010784E-03  0.209215212571E-02
  0.214156533764E-03  0.218179910516E-02
  0.223113591964E-03  0.227296984834E-02
  0.232223758573E-03  0.236568990291E-02
  0.241489650766E-03  0.245998523507E-02
  0.250913930455E-03  0.255588223629E-02
  0.260499305052E-03  0.265340773007E-02
  0.270248528251E-03  0.275258897883E-02
  0.280164400814E-03  0.285345369094E-02
  0.290249771379E-03  0.295603002783E-02
  0.300507537280E-03  0.306034661116E-02
  0.310940645372E-03  0.316643253019E-02
  0.321552092887E-03  0.327431734918E-02
  0.332344928287E-03  0.338403111495E-02
  0.343322252146E-03  0.349560436454E-02
  0.354487218036E-03  0.360906813295E-02
  0.365843033437E-03  0.372445396103E-02
  0.377392960653E-03  0.384179390347E-02
  0.389140317755E-03  0.396112053690E-02
  0.401088479533E-03  0.408246696814E-02
  0.413240878461E-03  0.420586684246E-02
  0.425601005689E-03  0.433135435211E-02
  0.438172412041E-03  0.445896424484E-02
  0.450958709041E-03  0.458873183257E-02
  0.463963569943E-03  0.472069300025E-02
  0.477190730792E-03  0.485488421469E-02
  0.490643991496E-03  0.499134253367E-02
  0.504327216916E-03  0.513010561505E-02
  0.518244337978E-03  0.527121172603E-02
  0.532399352802E-03  0.541469975259E-02
  0.546796327850E-03  0.556060920891E-02
  0.561439399093E-03  0.570898024709E-02
  0.576332773203E-03  0.585985366681E-02
  0.591480728758E-03  0.601327092525E-02
  0.606887617473E-03  0.616927414704E-02
  0.622557865448E-03  0.632790613435E-02
  0.638495974442E-03  0.648921037713E-02
  0.654706523167E-03  0.665323106344E-02
  0.671194168598E-03  0.682001308987E-02
  0.687963647318E-03  0.698960207218E-02
  0.705019776872E-03  0.716204435591E-02
  0.722367457158E-03  0.733738702723E-02
  0.740011671827E-03  0.751567792389E-02
  0.757957489721E-03  0.769696564618E-02
  0.776210066327E-03  0.788129956818E-02
  0.794774645257E-03  0.806872984897E-02
  0.813656559754E-03  0.825930744405E-02
  0.832861234228E-03  0.845308411685E-02
  0.852394185810E-03  0.865011245035E-02
  0.872261025938E-03  0.885044585879E-02
  0.892467461973E-03  0.905413859957E-02
  0.913019298830E-03  0.926124578521E-02
  0.933922440657E-03  0.947182339539E-02
  0.955182892520E-03  0.968592828920E-02
  0.976806762136E-03  0.990361821740E-02
  0.998800261625E-03  0.101249518349E-01
  0.102116970929E-02  0.103499887131E-01
  0.104392153145E-02  0.105787893530E-01
  0.106706226425E-02  0.108114151972E-01
  0.109059855559E-02  0.110479286436E-01
  0.111453716698E-02  0.112883930577E-01
  0.113888497552E-02  0.115328727860E-01
  0.116364897587E-02  0.117814331690E-01
  0.118883628224E-02  0.120341405547E-01
  0.121445413047E-02  0.122910623118E-01
  0.124050988005E-02  0.125522668432E-01
  0.126701101631E-02  0.128178235997E-01
  0.129396515252E-02  0.130878030933E-01
  0.132138003206E-02  0.133622769116E-01
  0.134926353070E-02  0.136413177309E-01
  0.137762365885E-02  0.139249993309E-01
  0.140646856380E-02  0.142133966079E-01
  0.143580653215E-02  0.145065855898E-01
  0.146564599212E-02  0.148046434494E-01
  0.149599551601E-02  0.151076485193E-01
  0.152686382266E-02  0.154156803061E-01
  0.155825977993E-02  0.157288195044E-01
  0.159019240728E-02  0.160471480117E-01
  0.162267087832E-02  0.163707489428E-01
  0.165570452350E-02  0.166997066442E-01
  0.168930283274E-02  0.170341067089E-01
  0.172347545819E-02  0.173740359908E-01
  0.175823221697E-02  0.177195826195E-01
  0.179358309404E-02  0.180708360154E-01
  0.182953824502E-02  0.184278869035E-01
  0.186610799913E-02  0.187908273290E-01
  0.190330286214E-02  0.191597506717E-01
  0.194113351943E-02  0.195347516607E-01
  0.197961083901E-02  0.199159263892E-01
  0.201874587466E-02  0.203033723290E-01
  0.205854986914E-02  0.206971883457E-01
  0.209903425735E-02  0.210974747127E-01
  0.214021066967E-02  0.215043331262E-01
  0.218209093530E-02  0.219178667194E-01
  0.222468708561E-02  0.223381800775E-01
  0.226801135767E-02  0.227653792514E-01
  0.231207619770E-02  0.231995717723E-01
  0.235689426467E-02  0.236408666660E-01
  0.240247843395E-02  0.240893744668E-01
  0.244884180098E-02  0.245452072310E-01
  0.249599768506E-02  0.250084785515E-01
  0.254395963318E-02  0.254793035708E-01
  0.259274142386E-02  0.259577989943E-01
  0.264235707117E-02  0.264440831040E-01
  0.269282082872E-02  0.269382757711E-01
  0.274414719379E-02  0.274404984689E-01
  0.279635091143E-02  0.279508742853E-01
  0.284944697877E-02  0.284695279351E-01
  0.290345064928E-02  0.289965857718E-01
  0.295837743717E-02  0.295321757993E-01
  0.301424312185E-02  0.300764276833E-01
  0.307106375243E-02  0.306294727622E-01
  0.312885565239E-02  0.311914440573E-01
  0.318763542423E-02  0.317624762837E-01
  0.324741995424E-02  0.323427058595E-01
  0.330822641735E-02  0.329322709151E-01
  0.337007228208E-02  0.335313113021E-01
  0.343297531556E-02  0.341399686018E-01
  0.349695358861E-02  0.347583861327E-01
  0.356202548094E-02  0.353867089575E-01
  0.362820968646E-02  0.360250838901E-01
  0.369552521861E-02  0.366736595014E-01
  0.376399141583E-02  0.373325861245E-01
  0.383362794714E-02  0.380020158593E-01
  0.390445481777E-02  0.386821025762E-01
  0.397649237491E-02  0.393730019197E-01
  0.404976131354E-02  0.400748713100E-01
  0.412428268243E-02  0.407878699447E-01
  0.420007789012E-02  0.415121587994E-01
  0.427716871110E-02  0.422479006270E-01
  0.435557729208E-02  0.429952599566E-01
  0.443532615832E-02  0.437544030907E-01
  0.451643822013E-02  0.445254981019E-01
  0.459893677943E-02  0.453087148282E-01
  0.468284553647E-02  0.461042248670E-01
  0.476818859661E-02  0.469122015686E-01
  0.485499047726E-02  0.477328200269E-01
  0.494327611491E-02  0.485662570706E-01
  0.503307087233E-02  0.494126912517E-01
  0.512440054580E-02  0.502723028329E-01
  0.521729137258E-02  0.511452737738E-01
  0.531177003841E-02  0.520317877149E-01
  0.540786368517E-02  0.529320299607E-01
  0.550559991872E-02  0.538461874602E-01
  0.560500681678E-02  0.547744487867E-01
  0.570611293702E-02  0.557170041145E-01
  0.580894732528E-02  0.566740451945E-01
  0.591353952390E-02  0.576457653280E-01
  0.601991958018E-02  0.586323593373E-01
  0.612811805506E-02  0.596340235352E-01
  0.623816603186E-02  0.606509556919E-01
  0.635009512524E-02  0.616833549993E-01
  0.646393749026E-02  0.627314220332E-01
  0.657972583163E-02  0.637953587128E-01
  0.669749341310E-02  0.648753682576E-01
  0.681727406702E-02  0.659716551417E-01
  0.693910220405E-02  0.670844250451E-01
  0.706301282306E-02  0.682138848022E-01
  0.718904152117E-02  0.693602423473E-01
  0.731722450399E-02  0.705237066568E-01
  0.744759859600E-02  0.717044876883E-01
  0.758020125116E-02  0.729027963162E-01
  0.771507056366E-02  0.741188442641E-01
  0.785224527882E-02  0.753528440332E-01
  0.799176480430E-02  0.766050088276E-01
  0.813366922135E-02  0.778755524746E-01
  0.827799929636E-02  0.791646893423E-01
  0.842479649258E-02  0.804726342527E-01
  0.857410298199E-02  0.817996023895E-01
  0.872596165747E-02  0.831458092033E-01
  0.888041614507E-02  0.845114703109E-01
  0.903751081658E-02  0.858968013902E-01
  0.919729080225E-02  0.873020180706E-01
  0.935980200378E-02  0.887273358184E-01
  0.952509110751E-02  0.901729698161E-01
  0.969320559778E-02  0.916391348381E-01
  0.986419377064E-02  0.931260451189E-01
  0.100381047477E-01  0.946339142176E-01
  0.102149884902E-01  0.961629548750E-01
  0.103948958134E-01  0.977133788656E-01
  0.105778784012E-01  0.992853968430E-01
  0.107639888209E-01  0.100879218179E+00
  0.109532805386E-01  0.102495050797E+00
  0.111458079340E-01  0.104133100996E+00
  0.113416263165E-01  0.105793573272E+00
  0.115407919410E-01  0.107476670128E+00
  0.117433620239E-01  0.109182591878E+00
  0.119493947596E-01  0.110911536446E+00
  0.121589493374E-01  0.112663699153E+00
  0.123720859583E-01  0.114439272499E+00
  0.125888658522E-01  0.116238445934E+00
  0.128093512959E-01  0.118061405628E+00
  0.130336056306E-01  0.119908334220E+00
  0.132616932801E-01  0.121779410568E+00
  0.134936797696E-01  0.123674809488E+00
  0.137296317445E-01  0.125594701481E+00
  0.139696169890E-01  0.127539252452E+00
  0.142137044464E-01  0.129508623418E+00
  0.144619642382E-01  0.131502970211E+00
  0.147144676847E-01  0.133522443162E+00
  0.149712873252E-01  0.135567186784E+00
  0.152324969390E-01  0.137637339435E+00
  0.154981715666E-01  0.139733032976E+00
  0.157683875312E-01  0.141854392419E+00
  0.160432224606E-01  0.144001535557E+00
  0.163227553096E-01  0.146174572587E+00
  0.166070663825E-01  0.148373605720E+00
  0.168962373564E-01  0.150598728780E+00
  0.171903513045E-01  0.152850026787E+00
  0.174894927201E-01  0.155127575529E+00
  0.177937475407E-01  0.157431441123E+00
  0.181032031729E-01  0.159761679561E+00
  0.184179485172E-01  0.162118336242E+00
  0.187380739939E-01  0.164501445488E+00
  0.190636715688E-01  0.166911030054E+00
  0.193948347799E-01  0.169347100614E+00
  0.197316587639E-01  0.171809655237E+00
  0.200742402838E-01  0.174298678855E+00
  0.204226777567E-01  0.176814142698E+00
  0.207770712820E-01  0.179356003736E+00
  0.211375226699E-01  0.181924204088E+00
  0.215041354713E-01  0.184518670426E+00
  0.218770150068E-01  0.187139313358E+00
  0.222562683976E-01  0.189786026799E+00
  0.226420045959E-01  0.192458687317E+00
  0.230343344161E-01  0.195157153481E+00
  0.234333705670E-01  0.197881265168E+00
  0.238392276841E-01  0.200630842878E+00
  0.242520223621E-01  0.203405687012E+00
  0.246718731891E-01  0.206205577149E+00
  0.250989007800E-01  0.209030271295E+00
  0.255332278116E-01  0.211879505119E+00
  0.259749790577E-01  0.214752991178E+00
  0.264242814248E-01  0.217650418113E+00
  0.268812639888E-01  0.220571449839E+00
  0.273460580319E-01  0.223515724710E+00
  0.278187970806E-01  0.226482854675E+00
  0.282996169435E-01  0.229472424410E+00
  0.287886557510E-01  0.232483990437E+00
  0.292860539943E-01  0.235517080224E+00
  0.297919545665E-01  0.238571191272E+00
  0.303065028029E-01  0.241645790186E+00
  0.308298465233E-01  0.244740311721E+00
  0.313621360742E-01  0.247854157827E+00
  0.319035243721E-01  0.250986696664E+00
  0.324541669474E-01  0.254137261615E+00
  0.330142219890E-01  0.257305150272E+00
  0.335838503899E-01  0.260489623416E+00
  0.341632157934E-01  0.263689903983E+00
  0.347524846399E-01  0.266905176012E+00
  0.353518262149E-01  0.270134583583E+00
  0.359614126977E-01  0.273377229747E+00
  0.365814192106E-01  0.276632175434E+00
  0.372120238697E-01  0.279898438363E+00
  0.378534078352E-01  0.283174991937E+00
  0.385057553646E-01  0.286460764123E+00
  0.391692538645E-01  0.289754636336E+00
  0.398440939453E-01  0.293055442309E+00
  0.405304694755E-01  0.296361966956E+00
  0.412285776375E-01  0.299672945235E+00
  0.419386189841E-01  0.302987061006E+00
  0.426607974967E-01  0.306302945889E+00
  0.433953206431E-01  0.309619178114E+00
  0.441423994375E-01  0.312934281382E+00
  0.449022485013E-01  0.316246723725E+00
  0.456750861243E-01  0.319554916366E+00
  0.464611343280E-01  0.322857212589E+00
  0.472606189287E-01  0.326151906622E+00
  0.480737696029E-01  0.329437232518E+00
  0.489008199529E-01  0.332711363059E+00
  0.497420075745E-01  0.335972408671E+00
  0.505975741245E-01  0.339218416349E+00
  0.514677653907E-01  0.342447368615E+00
  0.523528313620E-01  0.345657182484E+00
  0.532530263010E-01  0.348845708462E+00
  0.541686088161E-01  0.352010729567E+00
  0.550998419365E-01  0.355149960384E+00
  0.560469931874E-01  0.358261046150E+00
  0.570103346672E-01  0.361341561875E+00
  0.579901431250E-01  0.364389011502E+00
  0.589867000411E-01  0.367400827115E+00
  0.600002917068E-01  0.370374368183E+00
  0.610312093074E-01  0.373306920866E+00
  0.620797490057E-01  0.376195697365E+00
  0.631462120267E-01  0.379037835333E+00
  0.642309047447E-01  0.381830397350E+00
  0.653341387710E-01  0.384570370461E+00
  0.664562310432E-01  0.387254665785E+00
  0.675975039168E-01  0.389880118198E+00
  0.687582852574E-01  0.392443486096E+00
  0.699389085350E-01  0.394941451243E+00
  0.711397129198E-01  0.397370618705E+00
  0.723610433798E-01  0.399727516880E+00
  0.736032507795E-01  0.402008597626E+00
  0.748666919810E-01  0.404210236493E+00
  0.761517299466E-01  0.406328733065E+00
  0.774587338427E-01  0.408360311418E+00
  0.787880791465E-01  0.410301120692E+00
  0.801401477529E-01  0.412147235800E+00
  0.815153280852E-01  0.413894658261E+00
  0.829140152060E-01  0.415539317170E+00
  0.843366109312E-01  0.417077070318E+00
  0.857835239449E-01  0.418503705459E+00
  0.872551699172E-01  0.419814941726E+00
  0.887519716236E-01  0.421006431223E+00
  0.902743590662E-01  0.422073760775E+00
  0.918227695974E-01  0.423012453852E+00
  0.933976480457E-01  0.423817972683E+00
  0.949994468432E-01  0.424485720544E+00
  0.966286261556E-01  0.425011044256E+00
  0.982856540146E-01  0.425389236867E+00
  0.999710064523E-01  0.425615540549E+00
  0.101685167638E+00  0.425685149708E+00
  0.103428630017E+00  0.425593214306E+00
  0.105201894451E+00  0.425334843418E+00
  0.107005470367E+00  0.424905109007E+00
  0.108839875896E+00  0.424299049947E+00
  0.110705638027E+00  0.423511676283E+00
  0.112603292758E+00  0.422537973741E+00
  0.114533385248E+00  0.421372908487E+00
  0.116496469976E+00  0.420011432150E+00
  0.118493110897E+00  0.418448487107E+00
  0.120523881608E+00  0.416679012032E+00
  0.122589365511E+00  0.414697947724E+00
  0.124690155978E+00  0.412500243202E+00
  0.126826856526E+00  0.410080862088E+00
  0.129000080988E+00  0.407434789268E+00
  0.131210453690E+00  0.404557037841E+00
  0.133458609628E+00  0.401442656347E+00
  0.135745194654E+00  0.398086736297E+00
  0.138070865660E+00  0.394484419980E+00
  0.140436290766E+00  0.390630908563E+00
  0.142842149513E+00  0.386521470485E+00
  0.145289133057E+00  0.382151450132E+00
  0.147777944370E+00  0.377516276800E+00
  0.150309298440E+00  0.372611473935E+00
  0.152883922474E+00  0.367432668665E+00
  0.155502556113E+00  0.361975601587E+00
  0.158165951639E+00  0.356236136834E+00
  0.160874874195E+00  0.350210272397E+00
  0.163630102002E+00  0.343894150699E+00
  0.166432426582E+00  0.337284069414E+00
  0.169282652990E+00  0.330376492512E+00
  0.172181600041E+00  0.323168061530E+00
  0.175130100546E+00  0.315655607048E+00
  0.178129001552E+00  0.307836160350E+00
  0.181179164585E+00  0.299706965277E+00
  0.184281465899E+00  0.291265490219E+00
  0.187436796724E+00  0.282509440269E+00
  0.190646063526E+00  0.273436769480E+00
  0.193910188265E+00  0.264045693233E+00
  0.197230108660E+00  0.254334700681E+00
  0.200606778462E+00  0.244302567247E+00
  0.204041167722E+00  0.233948367149E+00
  0.207534263072E+00  0.223271485936E+00
  0.211087068013E+00  0.212271632997E+00
  0.214700603196E+00  0.200948854022E+00
  0.218375906719E+00  0.189303543388E+00
  0.222114034428E+00  0.177336456432E+00
  0.225916060212E+00  0.165048721591E+00
  0.229783076321E+00  0.152441852371E+00
  0.233716193673E+00  0.139517759119E+00
  0.237716542178E+00  0.126278760556E+00
  0.241785271057E+00  0.112727595043E+00
  0.245923549178E+00  0.988674315460E-01
  0.250132565388E+00  0.847018802476E-01
  0.254413528856E+00  0.702350027826E-01
  0.258767669420E+00  0.554713220348E-01
  0.263196237940E+00  0.404158314548E-01
  0.267700506659E+00  0.250740038374E-01
  0.272281769565E+00  0.945179949686E-02
  0.276941342767E+00 -0.644432623699E-02
  0.281680564869E+00 -0.226074162845E-01
  0.286500797360E+00 -0.390300059458E-01
  0.291403424997E+00 -0.557041180084E-01
  0.296389856212E+00 -0.726212589681E-01
  0.301461523510E+00 -0.897724165138E-01
  0.306619883881E+00 -0.107148058452E+00
  0.311866419224E+00 -0.124738133258E+00
  0.317202636767E+00 -0.142532072450E+00
  0.322630069502E+00 -0.160518794990E+00
  0.328150276624E+00 -0.178686713889E+00
  0.333764843983E+00 -0.197023745131E+00
  0.339475384535E+00 -0.215517318988E+00
  0.345283538809E+00 -0.234154393595E+00
  0.351190975373E+00 -0.252921470548E+00
  0.357199391322E+00 -0.271804611967E+00
  0.363310512755E+00 -0.290789458260E+00
  0.369526095281E+00 -0.309861245474E+00
  0.375847924515E+00 -0.329004820944E+00
  0.382277816597E+00 -0.348204655719E+00
  0.388817618711E+00 -0.367444852403E+00
  0.395469209615E+00 -0.386709147184E+00
  0.402234500182E+00 -0.405980905495E+00
  0.409115433950E+00 -0.425243111430E+00
  0.416113987677E+00 -0.444478352113E+00
  0.423232171914E+00 -0.463668799142E+00
  0.430472031575E+00 -0.482796190276E+00
  0.437835646533E+00 -0.501841815039E+00
  0.445325132213E+00 -0.520786508216E+00
  0.452942640197E+00 -0.539610654649E+00
  0.460690358849E+00 -0.558294207848E+00
  0.468570513939E+00 -0.576816723195E+00
  0.476585369283E+00 -0.595157404954E+00
  0.484737227393E+00 -0.613295164450E+00
  0.493028430141E+00 -0.631208685925E+00
  0.501461359428E+00 -0.648876495988E+00
  0.510038437872E+00 -0.666277033180E+00
  0.518762129502E+00 -0.683388714880E+00
  0.527634940466E+00 -0.700190000140E+00
  0.536659419750E+00 -0.716659447881E+00
  0.545838159912E+00 -0.732775770932E+00
  0.555173797828E+00 -0.748517886649E+00
  0.564669015445E+00 -0.763864965277E+00
  0.574326540555E+00 -0.778796476935E+00
  0.584149147579E+00 -0.793292238178E+00
  0.594139658362E+00 -0.807332458628E+00
  0.604300942983E+00 -0.820897788143E+00
  0.614635920584E+00 -0.833969364593E+00
  0.625147560203E+00 -0.846528862298E+00
  0.635838881632E+00 -0.858558540908E+00
  0.646712956279E+00 -0.870041294522E+00
  0.657772908056E+00 -0.880960700703E+00
  0.669021914274E+00 -0.891301069034E+00
  0.680463206553E+00 -0.901047488879E+00
  0.692100071757E+00 -0.910185875920E+00
  0.703935852930E+00 -0.918703017222E+00
  0.715973950265E+00 -0.926586614363E+00
  0.728217822073E+00 -0.933825324498E+00
  0.740670985782E+00 -0.940408798887E+00
  0.753337018944E+00 -0.946327718899E+00
  0.766219560267E+00 -0.951573828983E+00
  0.779322310655E+00 -0.956139966784E+00
  0.792649034274E+00 -0.960020089859E+00
  0.806203559634E+00 -0.963209299293E+00
  0.819989780688E+00 -0.965703859649E+00
  0.834011657951E+00 -0.967501215682E+00
  0.848273219637E+00 -0.968600005191E+00
  0.862778562816E+00 -0.969000068571E+00
  0.877531854593E+00 -0.968702454404E+00
  0.892537333304E+00 -0.967709421734E+00
  0.907799309730E+00 -0.966024438350E+00
  0.923322168344E+00 -0.963652175821E+00
  0.939110368562E+00 -0.960598500549E+00
  0.955168446029E+00 -0.956870461706E+00
  0.971501013919E+00 -0.952476275275E+00
  0.988112764263E+00 -0.947425305144E+00
  0.100500846930E+01 -0.941728040453E+00
  0.102219298283E+01 -0.935396070214E+00
  0.103967124163E+01 -0.928442054388E+00
  0.105744826688E+01 -0.920879692501E+00
  0.107552916556E+01 -0.912723688956E+00
  0.109391913198E+01 -0.903989716186E+00
  0.111262344920E+01 -0.894694374806E+00
  0.113164749062E+01 -0.884855151910E+00
  0.115099672148E+01 -0.874490376703E+00
  0.117067670044E+01 -0.863619174606E+00
  0.119069308118E+01 -0.852261419056E+00
  0.121105161400E+01 -0.840437682110E+00
  0.123175814753E+01 -0.828169183110E+00
  0.125281863036E+01 -0.815477736489E+00
  0.127423911275E+01 -0.802385698011E+00
  0.129602574838E+01 -0.788915910458E+00
  0.131818479615E+01 -0.775091648140E+00
  0.134072262192E+01 -0.760936561128E+00
  0.136364570036E+01 -0.746474618680E+00
  0.138696061684E+01 -0.731730052652E+00
  0.141067406927E+01 -0.716727300450E+00
  0.143479287008E+01 -0.701490948192E+00
  0.145932394813E+01 -0.686045673742E+00
  0.148427435072E+01 -0.670416190150E+00
  0.150965124562E+01 -0.654627189267E+00
  0.153546192313E+01 -0.638703285941E+00
  0.156171379815E+01 -0.622668962657E+00
  0.158841441233E+01 -0.606548514921E+00
  0.161557143624E+01 -0.590365997347E+00
  0.164319267158E+01 -0.574145170631E+00
  0.167128605339E+01 -0.557909449482E+00
  0.169985965236E+01 -0.541681851591E+00
  0.172892167712E+01 -0.525484947825E+00
  0.175848047663E+01 -0.509340813622E+00
  0.178854454257E+01 -0.493270981904E+00
  0.181912251176E+01 -0.477296397407E+00
  0.185022316866E+01 -0.461437372838E+00
  0.188185544788E+01 -0.445713546727E+00
  0.191402843677E+01 -0.430143843471E+00
  0.194675137801E+01 -0.414746435383E+00
  0.198003367225E+01 -0.399538707351E+00
  0.201388488087E+01 -0.384537223868E+00
  0.204831472865E+01 -0.369757699096E+00
  0.208333310664E+01 -0.355214969695E+00
  0.211895007492E+01 -0.340922971102E+00
  0.215517586556E+01 -0.326894716952E+00
  0.219202088554E+01 -0.313142282306E+00
  0.222949571972E+01 -0.299676790329E+00
  0.226761113389E+01 -0.286508403048E+00
  0.230637807786E+01 -0.273646315745E+00
  0.234580768864E+01 -0.261098755547E+00
  0.238591129359E+01 -0.248872983701E+00
  0.242670041369E+01 -0.236975301995E+00
  0.246818676688E+01 -0.225411062737E+00
  0.251038227138E+01 -0.214184682642E+00
  0.255329904913E+01 -0.203299660004E+00
  0.259694942931E+01 -0.192758595365E+00
  0.264134595182E+01 -0.182563215040E+00
  0.268650137092E+01 -0.172714397628E+00
  0.273242865889E+01 -0.163212202820E+00
  0.277914100975E+01 -0.154055902604E+00
  0.282665184305E+01 -0.145244014175E+00
  0.287497480775E+01 -0.136774334591E+00
  0.292412378608E+01 -0.128643976556E+00
  0.297411289761E+01 -0.120849405316E+00
  0.302495650323E+01 -0.113386476138E+00
  0.307666920934E+01 -0.106250472346E+00
  0.312926587198E+01 -0.994361434537E-01
  0.318276160117E+01 -0.929377434077E-01
  0.323717176519E+01 -0.867490685453E-01
  0.329251199502E+01 -0.808634953140E-01
  0.334879818885E+01 -0.752740174484E-01
  0.340604651661E+01 -0.699732826702E-01
  0.346427342464E+01 -0.649536286912E-01
  0.352349564040E+01 -0.602071186042E-01
  0.358373017729E+01 -0.557255755057E-01
  0.364499433952E+01 -0.515006164433E-01
  0.370730572710E+01 -0.475236855776E-01
  0.377068224089E+01 -0.437860866413E-01
  0.383514208773E+01 -0.402790146096E-01
  0.390070378570E+01 -0.369935866424E-01
  0.396738616939E+01 -0.339208722145E-01
  0.403520839537E+01 -0.310519224604E-01
  0.410418994764E+01 -0.283777986419E-01
  0.417435064329E+01 -0.258895997269E-01
  0.424571063811E+01 -0.235784889720E-01
  0.431829043244E+01 -0.214357194638E-01
  0.439211087707E+01 -0.194526585018E-01
  0.446719317918E+01 -0.176208107525E-01
  0.454355890845E+01 -0.159318400551E-01
  0.462123000329E+01 -0.143775898017E-01
  0.470022877710E+01 -0.129501017802E-01
  0.478057792469E+01 -0.116416334093E-01
  0.486230052882E+01 -0.104446732775E-01
  0.494542006682E+01 -0.935195493316E-02
  0.502996041732E+01 -0.835646886950E-02
  0.511594586712E+01 -0.745147268154E-02
  0.520340111819E+01 -0.663049937522E-02
  0.529235129472E+01 -0.588736383947E-02
  0.538282195038E+01 -0.521616750042E-02
  0.547483907563E+01 -0.461130120244E-02
  0.556842910522E+01 -0.406744637126E-02
  0.566361892575E+01 -0.357957453484E-02
  0.576043588341E+01 -0.314294528753E-02
  0.585890779185E+01 -0.275310279841E-02
  0.595906294013E+01 -0.240587097235E-02
  0.606093010089E+01 -0.209734738231E-02
  0.616453853860E+01 -0.182389609617E-02
  0.626991801796E+01 -0.158213952651E-02
  0.637709881244E+01 -0.136894943301E-02
  0.648611171303E+01 -0.118143720817E-02
  0.659698803701E+01 -0.101694357483E-02
  0.670975963701E+01 -0.873027821682E-03
  0.682445891012E+01 -0.747456697869E-03
  0.694111880723E+01 -0.638193082439E-03
  0.705977284247E+01 -0.543384537560E-03
  0.718045510285E+01 -0.461351846806E-03
  0.730320025805E+01 -0.390577631517E-03
  0.742804357036E+01 -0.329695129519E-03
  0.755502090487E+01 -0.277477211313E-03
  0.768416873970E+01 -0.232825699659E-03
  0.781552417653E+01 -0.194761049140E-03
  0.794912495123E+01 -0.162412433222E-03
  0.808500944471E+01 -0.135008277400E-03
  0.822321669397E+01 -0.111867268508E-03
  0.836378640327E+01 -0.923898622183E-04
  0.850675895557E+01 -0.760503031972E-04
  0.865217542412E+01 -0.623891654351E-04
  0.880007758426E+01 -0.510064139595E-04
  0.895050792540E+01 -0.415549834668E-04
  0.910350966329E+01 -0.337348644375E-04
  0.925912675235E+01 -0.272876829899E-04
  0.941740389837E+01 -0.219917570978E-04
  0.957838657131E+01 -0.176576088125E-04
  0.974212101837E+01 -0.141239097694E-04
  0.990865427729E+01 -0.112538354797E-04
  0.100780341899E+02 -0.893180267542E-05
  0.102503094156E+02 -0.706056323149E-05
  0.104255294460E+02 -0.555862789376E-05
  0.106037446182E+02 -0.435799313252E-05
  0.107850061301E+02 -0.340214486695E-05
  0.109693660545E+02 -0.264431349223E-05
  0.111568773546E+02 -0.204595547463E-05
  0.113475938986E+02 -0.157543866015E-05
  0.115415704758E+02 -0.120690782920E-05
  0.117388628119E+02 -0.919310212885E-06
  0.119395275851E+02 -0.695560991796E-06
  0.121436224425E+02 -0.521830084867E-06
  0.123512060167E+02 -0.386932557417E-06
  0.125623379424E+02 -0.281805701289E-06
  0.127770788737E+02 -0.199056147076E-06
  0.129954905016E+02 -0.132560055044E-06
  0.132176355714E+02 -0.770982001129E-07
  0.134435779011E+02 -0.280051714598E-07
  0.136733823996E+02  0.000000000000E+00
  0.139071150853E+02  0.000000000000E+00
  0.141448431051E+02  0.000000000000E+00
  0.143866347536E+02  0.000000000000E+00
  0.146325594929E+02  0.000000000000E+00
  0.148826879724E+02  0.000000000000E+00
  0.151370920491E+02  0.000000000000E+00
  0.153958448085E+02  0.000000000000E+00
  0.156590205852E+02  0.000000000000E+00
  0.159266949846E+02  0.000000000000E+00
  0.161989449042E+02  0.000000000000E+00
  0.164758485562E+02  0.000000000000E+00
  0.167574854897E+02  0.000000000000E+00
  0.170439366135E+02  0.000000000000E+00
  0.173352842195E+02  0.000000000000E+00
  0.176316120062E+02  0.000000000000E+00
  0.179330051029E+02  0.000000000000E+00
  0.182395500940E+02  0.000000000000E+00
  0.185513350438E+02  0.000000000000E+00
  0.188684495222E+02  0.000000000000E+00
  0.191909846301E+02  0.000000000000E+00
  0.195190330255E+02  0.000000000000E+00
  0.198526889504E+02  0.000000000000E+00
  0.201920482577E+02  0.000000000000E+00
  0.205372084387E+02  0.000000000000E+00
  0.208882686513E+02  0.000000000000E+00
  0.212453297483E+02  0.000000000000E+00
  0.216084943064E+02  0.000000000000E+00
  0.219778666558E+02  0.000000000000E+00
  0.223535529101E+02  0.000000000000E+00
  0.227356609965E+02  0.000000000000E+00
  0.231243006874E+02  0.000000000000E+00
  0.235195836314E+02  0.000000000000E+00
  0.239216233857E+02  0.000000000000E+00
  0.243305354485E+02  0.000000000000E+00
  0.247464372923E+02  0.000000000000E+00
  0.251694483977E+02  0.000000000000E+00
  0.255996902876E+02  0.000000000000E+00
  0.260372865621E+02  0.000000000000E+00
  0.264823629342E+02  0.000000000000E+00
  0.269350472658E+02  0.000000000000E+00
  0.273954696042E+02  0.000000000000E+00
  0.278637622200E+02  0.000000000000E+00
  0.283400596445E+02  0.000000000000E+00
  0.288244987087E+02  0.000000000000E+00
  0.293172185826E+02  0.000000000000E+00
  0.298183608151E+02  0.000000000000E+00
  0.303280693747E+02  0.000000000000E+00
  0.308464906907E+02  0.000000000000E+00
  0.313737736956E+02  0.000000000000E+00
  0.319100698676E+02  0.000000000000E+00
  0.324555332743E+02  0.000000000000E+00
  0.330103206165E+02  0.000000000000E+00
  0.335745912742E+02  0.000000000000E+00
  0.341485073512E+02  0.000000000000E+00
  0.347322337226E+02  0.000000000000E+00
  0.353259380817E+02  0.000000000000E+00
  0.359297909882E+02  0.000000000000E+00
  0.365439659174E+02  0.000000000000E+00
  0.371686393098E+02  0.000000000000E+00
  0.378039906221E+02  0.000000000000E+00
  0.384502023784E+02  0.000000000000E+00
  0.391074602228E+02  0.000000000000E+00
  0.397759529727E+02  0.000000000000E+00
  0.404558726733E+02  0.000000000000E+00
  0.411474146522E+02  0.000000000000E+00
  0.418507775762E+02  0.000000000000E+00
  0.425661635077E+02  0.000000000000E+00
  0.432937779633E+02  0.000000000000E+00
  0.440338299725E+02  0.000000000000E+00
  0.447865321380E+02  0.000000000000E+00
  0.455521006966E+02  0.000000000000E+00
  0.463307555812E+02  0.000000000000E+00
  0.471227204844E+02  0.000000000000E+00
  0.479282229223E+02  0.000000000000E+00
  0.487474943003E+02  0.000000000000E+00
  0.495807699790E+02  0.000000000000E+00
  0.504282893426E+02  0.000000000000E+00
  0.512902958668E+02  0.000000000000E+00
  0.521670371896E+02  0.000000000000E+00
  0.530587651817E+02  0.000000000000E+00
  0.539657360193E+02  0.000000000000E+00
  0.548882102576E+02  0.000000000000E+00
  0.558264529055E+02  0.000000000000E+00
  0.567807335021E+02  0.000000000000E+00
  0.577513261938E+02  0.000000000000E+00
  0.587385098129E+02  0.000000000000E+00
  0.597425679582E+02  0.000000000000E+00
  0.607637890763E+02  0.000000000000E+00
  0.618024665441E+02  0.000000000000E+00
  0.628588987537E+02  0.000000000000E+00
  0.639333891975E+02  0.000000000000E+00
  0.650262465558E+02  0.000000000000E+00
  0.661377847856E+02  0.000000000000E+00
  0.672683232100E+02  0.000000000000E+00
  0.684181866111E+02  0.000000000000E+00
  0.695877053222E+02  0.000000000000E+00
  0.707772153235E+02  0.000000000000E+00
  0.719870583381E+02  0.000000000000E+00
  0.732175819307E+02  0.000000000000E+00
  0.744691396067E+02  0.000000000000E+00
  0.757420909145E+02  0.000000000000E+00
  0.770368015483E+02  0.000000000000E+00
  0.783536434535E+02  0.000000000000E+00
  0.796929949333E+02  0.000000000000E+00
  0.810552407574E+02  0.000000000000E+00
         737           1         210
  0.000000000000E+00  0.000000000000E+00
  0.529635113499E-05  0.440578929860E-09
  0.106832360010E-04  0.179256754249E-08
  0.161622021457E-04  0.410270648298E-08
  0.217348235702E-04  0.741960697842E-08
  0.274027011807E-04  0.117938195432E-07
  0.331674632488E-04  0.172779051080E-07
  0.390307658791E-04  0.239265086616E-07
  0.449942934849E-04  0.317964354936E-07
  0.510597592724E-04  0.409467301273E-07
  0.572289057325E-04  0.514387580365E-07
  0.635035051415E-04  0.633362902432E-07
  0.698853600706E-04  0.767055908959E-07
  0.763763039030E-04  0.916155079316E-07
  0.829782013614E-04  0.108137566929E-06
  0.896929490432E-04  0.126346068264E-06
  0.965224759654E-04  0.146318187678E-06
  0.103468744119E-03  0.168134080387E-06
  0.110533749032E-03  0.191876988841E-06
  0.117719520345E-03  0.217633354268E-06
  0.125028122389E-03  0.245492932137E-06
  0.132461654785E-03  0.275548911667E-06
  0.140022253043E-03  0.307898039525E-06
  0.147712089177E-03  0.342640747859E-06
  0.155533372328E-03  0.379881286823E-06
  0.163488349398E-03  0.419727861731E-06
  0.171579305700E-03  0.462292775018E-06
  0.179808565607E-03  0.507692573165E-06
  0.188178493228E-03  0.556048198763E-06
  0.196691493080E-03  0.607485147888E-06
  0.205350010784E-03  0.662133632982E-06
  0.214156533764E-03  0.720128751411E-06
  0.223113591964E-03  0.781610659920E-06
  0.232223758573E-03  0.846724755163E-06
  0.241489650766E-03  0.915621860540E-06
  0.250913930455E-03  0.988458419541E-06
  0.260499305052E-03  0.106539669583E-05
  0.270248528251E-03  0.114660498031E-05
  0.280164400814E-03  0.123225780538E-05
  0.290249771379E-03  0.132253616663E-05
  0.300507537280E-03  0.141762775235E-05
  0.310940645372E-03  0.151772718088E-05
  0.321552092887E-03  0.162303624631E-05
  0.332344928287E-03  0.173376417268E-05
  0.343322252146E-03  0.185012787702E-05
  0.354487218036E-03  0.197235224152E-05
  0.365843033437E-03  0.210067039516E-05
  0.377392960653E-03  0.223532400507E-05
  0.389140317755E-03  0.237656357803E-05
  0.401088479533E-03  0.252464877241E-05
  0.413240878461E-03  0.267984872094E-05
  0.425601005689E-03  0.284244236459E-05
  0.438172412041E-03  0.301271879806E-05
  0.450958709041E-03  0.319097762726E-05
  0.463963569943E-03  0.337752933906E-05
  0.477190730792E-03  0.357269568386E-05
  0.490643991496E-03  0.377681007144E-05
  0.504327216916E-03  0.399021798040E-05
  0.518244337978E-03  0.421327738174E-05
  0.532399352802E-03  0.444635917710E-05
  0.546796327850E-03  0.468984765210E-05
  0.561439399093E-03  0.494414094529E-05
  0.576332773203E-03  0.520965153325E-05
  0.591480728758E-03  0.548680673244E-05
  0.606887617473E-03  0.577604921827E-05
  0.622557865448E-03  0.607783756208E-05
  0.638495974442E-03  0.639264678656E-05
  0.654706523167E-03  0.672096894024E-05
  0.671194168598E-03  0.706331369177E-05
  0.687963647318E-03  0.742020894457E-05
  0.705019776872E-03  0.779220147259E-05
  0.722367457158E-03  0.817985757786E-05
  0.740011671827E-03  0.858376377064E-05
  0.757957489721E-03  0.900452747281E-05
  0.776210066327E-03  0.944277774541E-05
  0.794774645257E-03  0.989916604107E-05
  0.813656559754E-03  0.103743669822E-04
  0.832861234228E-03  0.108690791658E-04
  0.852394185810E-03  0.113840259957E-04
  0.872261025938E-03  0.119199565435E-04
  0.892467461973E-03  0.124776464385E-04
  0.913019298830E-03  0.130578987886E-04
  0.933922440657E-03  0.136615451319E-04
  0.955182892520E-03  0.142894464214E-04
  0.976806762136E-03  0.149424940427E-04
  0.998800261625E-03  0.156216108672E-04
  0.102116970929E-02  0.163277523402E-04
  0.104392153145E-02  0.170619076066E-04
  0.106706226425E-02  0.178251006750E-04
  0.109059855559E-02  0.186183916208E-04
  0.111453716698E-02  0.194428778311E-04
  0.113888497552E-02  0.202996952909E-04
  0.116364897587E-02  0.211900199137E-04
  0.118883628224E-02  0.221150689170E-04
  0.121445413047E-02  0.230761022444E-04
  0.124050988005E-02  0.240744240360E-04
  0.126701101631E-02  0.251113841488E-04
  0.129396515252E-02  0.261883797281E-04
  0.132138003206E-02  0.273068568328E-04
  0.134926353070E-02  0.284683121149E-04
  0.137762365885E-02  0.296742945566E-04
  0.140646856380E-02  0.309264072655E-04
  0.143580653215E-02  0.322263093305E-04
  0.146564599212E-02  0.335757177410E-04
  0.149599551601E-02  0.349764093700E-04
  0.152686382266E-02  0.364302230245E-04
  0.155825977993E-02  0.379390615650E-04
  0.159019240728E-02  0.395048940963E-04
  0.162267087832E-02  0.411297582324E-04
  0.165570452350E-02  0.428157624367E-04
  0.168930283274E-02  0.445650884422E-04
  0.172347545819E-02  0.463799937517E-04
  0.175823221697E-02  0.482628142229E-04
  0.179358309404E-02  0.502159667400E-04
  0.182953824502E-02  0.522419519744E-04
  0.186610799913E-02  0.543433572387E-04
  0.190330286214E-02  0.565228594359E-04
  0.194113351943E-02  0.587832281074E-04
  0.197961083901E-02  0.611273285826E-04
  0.201874587466E-02  0.635581252344E-04
  0.205854986914E-02  0.660786848427E-04
  0.209903425735E-02  0.686921800712E-04
  0.214021066967E-02  0.714018930588E-04
  0.218209093530E-02  0.742112191320E-04
  0.222468708561E-02  0.771236706399E-04
  0.226801135767E-02  0.801428809174E-04
  0.231207619770E-02  0.832726083802E-04
  0.235689426467E-02  0.865167407552E-04
  0.240247843395E-02  0.898792994525E-04
  0.244884180098E-02  0.933644440809E-04
  0.249599768506E-02  0.969764771147E-04
  0.254395963318E-02  0.100719848713E-03
  0.259274142386E-02  0.104599161703E-03
  0.264235707117E-02  0.108619176717E-03
  0.269282082872E-02  0.112784817518E-03
  0.274414719379E-02  0.117101176480E-03
  0.279635091143E-02  0.121573520262E-03
  0.284944697877E-02  0.126207295668E-03
  0.290345064928E-02  0.131008135695E-03
  0.295837743717E-02  0.135981865783E-03
  0.301424312185E-02  0.141134510267E-03
  0.307106375243E-02  0.146472299049E-03
  0.312885565239E-02  0.152001674477E-03
  0.318763542423E-02  0.157729298458E-03
  0.324741995424E-02  0.163662059801E-03
  0.330822641735E-02  0.169807081797E-03
  0.337007228208E-02  0.176171730055E-03
  0.343297531556E-02  0.182763620578E-03
  0.349695358861E-02  0.189590628122E-03
  0.356202548094E-02  0.196660894809E-03
  0.362820968646E-02  0.203982839029E-03
  0.369552521861E-02  0.211565164631E-03
  0.376399141583E-02  0.219416870409E-03
  0.383362794714E-02  0.227547259894E-03
  0.390445481777E-02  0.235965951469E-03
  0.397649237491E-02  0.244682888800E-03
  0.404976131354E-02  0.253708351616E-03
  0.412428268243E-02  0.263052966826E-03
  0.420007789012E-02  0.272727719998E-03
  0.427716871110E-02  0.282743967205E-03
  0.435557729208E-02  0.293113447256E-03
  0.443532615832E-02  0.303848294307E-03
  0.451643822013E-02  0.314961050892E-03
  0.459893677943E-02  0.326464681353E-03
  0.468284553647E-02  0.338372585710E-03
  0.476818859661E-02  0.350698613967E-03
  0.485499047726E-02  0.363457080878E-03
  0.494327611491E-02  0.376662781172E-03
  0.503307087233E-02  0.390331005270E-03
  0.512440054580E-02  0.404477555496E-03
  0.521729137258E-02  0.419118762797E-03
  0.531177003841E-02  0.434271503990E-03
  0.540786368517E-02  0.449953219560E-03
  0.550559991872E-02  0.466181932006E-03
  0.560500681678E-02  0.482976264767E-03
  0.570611293702E-02  0.500355461740E-03
  0.580894732528E-02  0.518339407411E-03
  0.591353952390E-02  0.536948647604E-03
  0.601991958018E-02  0.556204410886E-03
  0.612811805506E-02  0.576128630629E-03
  0.623816603186E-02  0.596743967759E-03
  0.635009512524E-02  0.618073834208E-03
  0.646393749026E-02  0.640142417085E-03
  0.657972583163E-02  0.662974703599E-03
  0.669749341310E-02  0.686596506740E-03
  0.681727406702E-02  0.711034491748E-03
  0.693910220405E-02  0.736316203395E-03
  0.706301282306E-02  0.762470094093E-03
  0.718904152117E-02  0.789525552862E-03
  0.731722450399E-02  0.817512935170E-03
  0.744759859600E-02  0.846463593684E-03
  0.758020125116E-02  0.876409909945E-03
  0.771507056366E-02  0.907385326992E-03
  0.785224527882E-02  0.939424382970E-03
  0.799176480430E-02  0.972562745745E-03
  0.813366922135E-02  0.100683724855E-02
  0.827799929636E-02  0.104228592668E-02
  0.842479649258E-02  0.107894805530E-02
  0.857410298199E-02  0.111686418836E-02
  0.872596165747E-02  0.115607619862E-02
  0.888041614507E-02  0.119662731893E-02
  0.903751081658E-02  0.123856218465E-02
  0.919729080225E-02  0.128192687732E-02
  0.935980200378E-02  0.132676896963E-02
  0.952509110751E-02  0.137313757166E-02
  0.969320559778E-02  0.142108337848E-02
  0.986419377064E-02  0.147065871909E-02
  0.100381047477E-01  0.152191760680E-02
  0.102149884902E-01  0.157491579100E-02
  0.103948958134E-01  0.162971081045E-02
  0.105778784012E-01  0.168636204803E-02
  0.107639888209E-01  0.174493078708E-02
  0.109532805386E-01  0.180548026930E-02
  0.111458079340E-01  0.186807575424E-02
  0.113416263165E-01  0.193278458049E-02
  0.115407919410E-01  0.199967622852E-02
  0.117433620239E-01  0.206882238531E-02
  0.119493947596E-01  0.214029701067E-02
  0.121589493374E-01  0.221417640542E-02
  0.123720859583E-01  0.229053928144E-02
  0.125888658522E-01  0.236946683354E-02
  0.128093512959E-01  0.245104281329E-02
  0.130336056306E-01  0.253535360484E-02
  0.132616932801E-01  0.262248830275E-02
  0.134936797696E-01  0.271253879181E-02
  0.137296317445E-01  0.280559982900E-02
  0.139696169890E-01  0.290176912758E-02
  0.142137044464E-01  0.300114744337E-02
  0.144619642382E-01  0.310383866314E-02
  0.147144676847E-01  0.320994989542E-02
  0.149712873252E-01  0.331959156345E-02
  0.152324969390E-01  0.343287750054E-02
  0.154981715666E-01  0.354992504784E-02
  0.157683875312E-01  0.367085515440E-02
  0.160432224606E-01  0.379579247980E-02
  0.163227553096E-01  0.392486549925E-02
  0.166070663825E-01  0.405820661117E-02
  0.168962373564E-01  0.419595224736E-02
  0.171903513045E-01  0.433824298580E-02
  0.174894927201E-01  0.448522366608E-02
  0.177937475407E-01  0.463704350745E-02
  0.181032031729E-01  0.479385622963E-02
  0.184179485172E-01  0.495582017636E-02
  0.187380739939E-01  0.512309844168E-02
  0.190636715688E-01  0.529585899901E-02
  0.193948347799E-01  0.547427483308E-02
  0.197316587639E-01  0.565852407467E-02
  0.200742402838E-01  0.584879013825E-02
  0.204226777567E-01  0.604526186250E-02
  0.207770712820E-01  0.624813365370E-02
  0.211375226699E-01  0.645760563208E-02
  0.215041354713E-01  0.667388378110E-02
  0.218770150068E-01  0.689718009964E-02
  0.222562683976E-01  0.712771275719E-02
  0.226420045959E-01  0.736570625188E-02
  0.230343344161E-01  0.761139157162E-02
  0.234333705670E-01  0.786500635800E-02
  0.238392276841E-01  0.812679507326E-02
  0.242520223621E-01  0.839700917005E-02
  0.246718731891E-01  0.867590726423E-02
  0.250989007800E-01  0.896375531035E-02
  0.255332278116E-01  0.926082678014E-02
  0.259749790577E-01  0.956740284367E-02
  0.264242814248E-01  0.988377255331E-02
  0.268812639888E-01  0.102102330304E-01
  0.273460580319E-01  0.105470896546E-01
  0.278187970806E-01  0.108946562557E-01
  0.282996169435E-01  0.112532553079E-01
  0.287886557510E-01  0.116232181269E-01
  0.292860539943E-01  0.120048850687E-01
  0.297919545665E-01  0.123986057315E-01
  0.303065028029E-01  0.128047391585E-01
  0.308298465233E-01  0.132236540439E-01
  0.313621360742E-01  0.136557289401E-01
  0.319035243721E-01  0.141013524670E-01
  0.324541669474E-01  0.145609235224E-01
  0.330142219890E-01  0.150348514945E-01
  0.335838503899E-01  0.155235564748E-01
  0.341632157934E-01  0.160274694731E-01
  0.347524846399E-01  0.165470326321E-01
  0.353518262149E-01  0.170826994440E-01
  0.359614126977E-01  0.176349349662E-01
  0.365814192106E-01  0.182042160381E-01
  0.372120238697E-01  0.187910314972E-01
  0.378534078352E-01  0.193958823953E-01
  0.385057553646E-01  0.200192822134E-01
  0.391692538645E-01  0.206617570760E-01
  0.398440939453E-01  0.213238459641E-01
  0.405304694755E-01  0.220061009262E-01
  0.412285776375E-01  0.227090872871E-01
  0.419386189841E-01  0.234333838550E-01
  0.426607974967E-01  0.241795831244E-01
  0.433953206431E-01  0.249482914770E-01
  0.441423994375E-01  0.257401293780E-01
  0.449022485013E-01  0.265557315678E-01
  0.456750861243E-01  0.273957472501E-01
  0.464611343280E-01  0.282608402729E-01
  0.472606189287E-01  0.291516893053E-01
  0.480737696029E-01  0.300689880068E-01
  0.489008199529E-01  0.310134451893E-01
  0.497420075745E-01  0.319857849720E-01
  0.505975741245E-01  0.329867469271E-01
  0.514677653907E-01  0.340170862174E-01
  0.523528313620E-01  0.350775737223E-01
  0.532530263010E-01  0.361689961548E-01
  0.541686088161E-01  0.372921561658E-01
  0.550998419365E-01  0.384478724370E-01
  0.560469931874E-01  0.396369797597E-01
  0.570103346672E-01  0.408603291002E-01
  0.579901431250E-01  0.421187876499E-01
  0.589867000411E-01  0.434132388592E-01
  0.600002917068E-01  0.447445824550E-01
  0.610312093074E-01  0.461137344395E-01
  0.620797490057E-01  0.475216270700E-01
  0.631462120267E-01  0.489692088192E-01
  0.642309047447E-01  0.504574443128E-01
  0.653341387710E-01  0.519873142458E-01
  0.664562310432E-01  0.535598152745E-01
  0.675975039168E-01  0.551759598831E-01
  0.687582852574E-01  0.568367762246E-01
  0.699389085350E-01  0.585433079339E-01
  0.711397129198E-01  0.602966139115E-01
  0.723610433798E-01  0.620977680773E-01
  0.736032507795E-01  0.639478590920E-01
  0.748666919810E-01  0.658479900460E-01
  0.761517299466E-01  0.677992781123E-01
  0.774587338427E-01  0.698028541645E-01
  0.787880791465E-01  0.718598623555E-01
  0.801401477529E-01  0.739714596578E-01
  0.815153280852E-01  0.761388153621E-01
  0.829140152060E-01  0.783631105333E-01
  0.843366109312E-01  0.806455374220E-01
  0.857835239449E-01  0.829872988303E-01
  0.872551699172E-01  0.853896074294E-01
  0.887519716236E-01  0.878536850279E-01
  0.902743590662E-01  0.903807617886E-01
  0.918227695974E-01  0.929720753925E-01
  0.933976480457E-01  0.956288701486E-01
  0.949994468432E-01  0.983523960462E-01
  0.966286261556E-01  0.101143907750E+00
  0.982856540146E-01  0.104004663534E+00
  0.999710064523E-01  0.106935924156E+00
  0.101685167638E+00  0.109938951667E+00
  0.103428630017E+00  0.113015008154E+00
  0.105201894451E+00  0.116165354423E+00
  0.107005470367E+00  0.119391248602E+00
  0.108839875896E+00  0.122693944689E+00
  0.110705638027E+00  0.126074691015E+00
  0.112603292758E+00  0.129534728644E+00
  0.114533385248E+00  0.133075289693E+00
  0.116496469976E+00  0.136697595581E+00
  0.118493110897E+00  0.140402855198E+00
  0.120523881608E+00  0.144192263002E+00
  0.122589365511E+00  0.148066997027E+00
  0.124690155978E+00  0.152028216825E+00
  0.126826856526E+00  0.156077061317E+00
  0.129000080988E+00  0.160214646571E+00
  0.131210453690E+00  0.164442063495E+00
  0.133458609628E+00  0.168760375448E+00
  0.135745194654E+00  0.173170615774E+00
  0.138070865660E+00  0.177673785251E+00
  0.140436290766E+00  0.182270849462E+00
  0.142842149513E+00  0.186962736084E+00
  0.145289133057E+00  0.191750332100E+00
  0.147777944370E+00  0.196634480927E+00
  0.150309298440E+00  0.201615979476E+00
  0.152883922474E+00  0.206695575129E+00
  0.155502556113E+00  0.211873962645E+00
  0.158165951639E+00  0.217151780992E+00
  0.160874874195E+00  0.222529610116E+00
  0.163630102002E+00  0.228007967635E+00
  0.166432426582E+00  0.233587305472E+00
  0.169282652990E+00  0.239268006431E+00
  0.172181600041E+00  0.245050380704E+00
  0.175130100546E+00  0.250934662339E+00
  0.178129001552E+00  0.256921005645E+00
  0.181179164585E+00  0.263009481553E+00
  0.184281465899E+00  0.269200073938E+00
  0.187436796724E+00  0.275492675901E+00
  0.190646063526E+00  0.281887086013E+00
  0.193910188265E+00  0.288383004540E+00
  0.197230108660E+00  0.294980029629E+00
  0.200606778462E+00  0.301677653490E+00
  0.204041167722E+00  0.308475258552E+00
  0.207534263072E+00  0.315372113619E+00
  0.211087068013E+00  0.322367370017E+00
  0.214700603196E+00  0.329460057751E+00
  0.218375906719E+00  0.336649081667E+00
  0.222114034428E+00  0.343933217633E+00
  0.225916060212E+00  0.351311108754E+00
  0.229783076321E+00  0.358781261612E+00
  0.233716193673E+00  0.366342042565E+00
  0.237716542178E+00  0.373991674103E+00
  0.241785271057E+00  0.381728231281E+00
  0.245923549178E+00  0.389549638257E+00
  0.250132565388E+00  0.397453664946E+00
  0.254413528856E+00  0.405437923827E+00
  0.258767669420E+00  0.413499866939E+00
  0.263196237940E+00  0.421636783105E+00
  0.267700506659E+00  0.429845795439E+00
  0.272281769565E+00  0.438123859189E+00
  0.276941342767E+00  0.446467760012E+00
  0.281680564869E+00  0.454874112736E+00
  0.286500797360E+00  0.463339360737E+00
  0.291403424997E+00  0.471859776041E+00
  0.296389856212E+00  0.480431460268E+00
  0.301461523510E+00  0.489050346575E+00
  0.306619883881E+00  0.497712202750E+00
  0.311866419224E+00  0.506412635573E+00
  0.317202636767E+00  0.515147096620E+00
  0.322630069502E+00  0.523910889539E+00
  0.328150276624E+00  0.532699178876E+00
  0.333764843983E+00  0.541507000300E+00
  0.339475384535E+00  0.550329272038E+00
  0.345283538809E+00  0.559160807019E+00
  0.351190975373E+00  0.567996325074E+00
  0.357199391322E+00  0.576830464172E+00
  0.363310512755E+00  0.585657789490E+00
  0.369526095281E+00  0.594472798800E+00
  0.375847924515E+00  0.603269922669E+00
  0.382277816597E+00  0.612043517922E+00
  0.388817618711E+00  0.620787853334E+00
  0.395469209615E+00  0.629497086926E+00
  0.402234500182E+00  0.638165235342E+00
  0.409115433950E+00  0.646786136615E+00
  0.416113987677E+00  0.655353408966E+00
  0.423232171914E+00  0.663860408999E+00
  0.430472031575E+00  0.672300193647E+00
  0.437835646533E+00  0.680665490090E+00
  0.445325132213E+00  0.688948677800E+00
  0.452942640197E+00  0.697141785515E+00
  0.460690358849E+00  0.705236504584E+00
  0.468570513939E+00  0.713224217904E+00
  0.476585369283E+00  0.721096041962E+00
  0.484737227393E+00  0.728842877746E+00
  0.493028430141E+00  0.736455465859E+00
  0.501461359428E+00  0.743924441028E+00
  0.510038437872E+00  0.751240382504E+00
  0.518762129502E+00  0.758393857873E+00
  0.527634940466E+00  0.765375459596E+00
  0.536659419750E+00  0.772175834440E+00
  0.545838159912E+00  0.778785707099E+00
  0.555173797828E+00  0.785195899323E+00
  0.564669015445E+00  0.791397346253E+00
  0.574326540555E+00  0.797381111148E+00
  0.584149147579E+00  0.803138399684E+00
  0.594139658362E+00  0.808660574462E+00
  0.604300942983E+00  0.813939170254E+00
  0.614635920584E+00  0.818965910138E+00
  0.625147560203E+00  0.823732722606E+00
  0.635838881632E+00  0.828231759505E+00
  0.646712956279E+00  0.832455414668E+00
  0.657772908056E+00  0.836396342992E+00
  0.669021914274E+00  0.840047479703E+00
  0.680463206553E+00  0.843402059603E+00
  0.692100071757E+00  0.846453635987E+00
  0.703935852930E+00  0.849196099119E+00
  0.715973950265E+00  0.851623693946E+00
  0.728217822073E+00  0.853731037049E+00
  0.740670985782E+00  0.855513132506E+00
  0.753337018944E+00  0.856965386778E+00
  0.766219560267E+00  0.858083622288E+00
  0.779322310655E+00  0.858864089904E+00
  0.792649034274E+00  0.859303479960E+00
  0.806203559634E+00  0.859398932151E+00
  0.819989780688E+00  0.859148043865E+00
  0.834011657951E+00  0.858548877401E+00
  0.848273219637E+00  0.857599965570E+00
  0.862778562816E+00  0.856300316227E+00
  0.877531854593E+00  0.854649415167E+00
  0.892537333304E+00  0.852647228011E+00
  0.907799309730E+00  0.850294200469E+00
  0.923322168344E+00  0.847591257678E+00
  0.939110368562E+00  0.844539801937E+00
  0.955168446029E+00  0.841141709621E+00
  0.971501013919E+00  0.837399326550E+00
  0.988112764263E+00  0.833315462637E+00
  0.100500846930E+01  0.828893385069E+00
  0.102219298283E+01  0.824136810893E+00
  0.103967124163E+01  0.819049898217E+00
  0.105744826688E+01  0.813637236953E+00
  0.107552916556E+01  0.807903838282E+00
  0.109391913198E+01  0.801855123796E+00
  0.111262344920E+01  0.795496913481E+00
  0.113164749062E+01  0.788835413508E+00
  0.115099672148E+01  0.781877203005E+00
  0.117067670044E+01  0.774629220758E+00
  0.119069308118E+01  0.767098751029E+00
  0.121105161400E+01  0.759293409417E+00
  0.123175814753E+01  0.751221127980E+00
  0.125281863036E+01  0.742890140491E+00
  0.127423911275E+01  0.734308967089E+00
  0.129602574838E+01  0.725486399132E+00
  0.131818479615E+01  0.716431483577E+00
  0.134072262192E+01  0.707153507599E+00
  0.136364570036E+01  0.697661982845E+00
  0.138696061684E+01  0.687966629940E+00
  0.141067406927E+01  0.678077362707E+00
  0.143479287008E+01  0.668004272629E+00
  0.145932394813E+01  0.657757613072E+00
  0.148427435072E+01  0.647347783698E+00
  0.150965124562E+01  0.636785314671E+00
  0.153546192313E+01  0.626080850959E+00
  0.156171379815E+01  0.615245136441E+00
  0.158841441233E+01  0.604288997981E+00
  0.161557143624E+01  0.593223329299E+00
  0.164319267158E+01  0.582059074669E+00
  0.167128605339E+01  0.570807212385E+00
  0.169985965236E+01  0.559478737918E+00
  0.172892167712E+01  0.548084646808E+00
  0.175848047663E+01  0.536635917133E+00
  0.178854454257E+01  0.525143491707E+00
  0.181912251176E+01  0.513618259776E+00
  0.185022316866E+01  0.502071038487E+00
  0.188185544788E+01  0.490512553844E+00
  0.191402843677E+01  0.478953421544E+00
  0.194675137801E+01  0.467404127380E+00
  0.198003367225E+01  0.455875007720E+00
  0.201388488087E+01  0.444376229720E+00
  0.204831472865E+01  0.432917771908E+00
  0.208333310664E+01  0.421509404757E+00
  0.211895007492E+01  0.410160671993E+00
  0.215517586556E+01  0.398880872237E+00
  0.219202088554E+01  0.387679041774E+00
  0.222949571972E+01  0.376563938038E+00
  0.226761113389E+01  0.365544024628E+00
  0.230637807786E+01  0.354627457395E+00
  0.234580768864E+01  0.343822072413E+00
  0.238591129359E+01  0.333135375327E+00
  0.242670041369E+01  0.322574532822E+00
  0.246818676688E+01  0.312146365668E+00
  0.251038227138E+01  0.301857343999E+00
  0.255329904913E+01  0.291713584217E+00
  0.259694942931E+01  0.281720848088E+00
  0.264134595182E+01  0.271884543369E+00
  0.268650137092E+01  0.262209726426E+00
  0.273242865889E+01  0.252701106136E+00
  0.277914100975E+01  0.243363049462E+00
  0.282665184305E+01  0.234199587935E+00
  0.287497480775E+01  0.225214425379E+00
  0.292412378608E+01  0.216410946109E+00
  0.297411289761E+01  0.207792223860E+00
  0.302495650323E+01  0.199361030734E+00
  0.307666920934E+01  0.191119846358E+00
  0.312926587198E+01  0.183070866613E+00
  0.318276160117E+01  0.175216012114E+00
  0.323717176519E+01  0.167556935886E+00
  0.329251199502E+01  0.160095030417E+00
  0.334879818885E+01  0.152831433658E+00
  0.340604651661E+01  0.145767034183E+00
  0.346427342464E+01  0.138902475185E+00
  0.352349564040E+01  0.132238157585E+00
  0.358373017729E+01  0.125774242060E+00
  0.364499433952E+01  0.119510650297E+00
  0.370730572710E+01  0.113447065409E+00
  0.377068224089E+01  0.107582931863E+00
  0.383514208773E+01  0.101917454929E+00
  0.390070378570E+01  0.964496000386E-01
  0.396738616939E+01  0.911780921098E-01
  0.403520839537E+01  0.861014152068E-01
  0.410418994764E+01  0.812178126312E-01
  0.417435064329E+01  0.765252877596E-01
  0.424571063811E+01  0.720216057115E-01
  0.431829043244E+01  0.677042961012E-01
  0.439211087707E+01  0.635706569166E-01
  0.446719317918E+01  0.596177596990E-01
  0.454355890845E+01  0.558424560147E-01
  0.462123000329E+01  0.522413853086E-01
  0.470022877710E+01  0.488109840757E-01
  0.478057792469E+01  0.455474963629E-01
  0.486230052882E+01  0.424469854905E-01
  0.494542006682E+01  0.395053469391E-01
  0.502996041732E+01  0.367183222579E-01
  0.511594586712E+01  0.340815138917E-01
  0.520340111819E+01  0.315904007619E-01
  0.529235129472E+01  0.292403544705E-01
  0.538282195038E+01  0.270266559540E-01
  0.547483907563E+01  0.249445124449E-01
  0.556842910522E+01  0.229890745717E-01
  0.566361892575E+01  0.211554534573E-01
  0.576043588341E+01  0.194387376596E-01
  0.585890779185E+01  0.178340098264E-01
  0.595906294013E+01  0.163363629289E-01
  0.606093010089E+01  0.149409159634E-01
  0.616453853860E+01  0.136428290103E-01
  0.626991801796E+01  0.124373175618E-01
  0.637709881244E+01  0.113196660338E-01
  0.648611171303E+01  0.102852403965E-01
  0.659698803701E+01  0.932949986465E-02
  0.670975963701E+01  0.844800760705E-02
  0.682445891012E+01  0.763644043972E-02
  0.694111880723E+01  0.689059748413E-02
  0.705977284247E+01  0.620640777862E-02
  0.718045510285E+01  0.557993684352E-02
  0.730320025805E+01  0.500739220817E-02
  0.742804357036E+01  0.448512791775E-02
  0.755502090487E+01  0.400964804473E-02
  0.768416873970E+01  0.357760923736E-02
  0.781552417653E+01  0.318582234339E-02
  0.794912495123E+01  0.283125315307E-02
  0.808500944471E+01  0.251102230952E-02
  0.822321669397E+01  0.222240443922E-02
  0.836378640327E+01  0.196282655763E-02
  0.850675895557E+01  0.172986580804E-02
  0.865217542412E+01  0.152124659306E-02
  0.880007758426E+01  0.133483715935E-02
  0.895050792540E+01  0.116864569645E-02
  0.910350966329E+01  0.102081601056E-02
  0.925912675235E+01  0.889622833197E-03
  0.941740389837E+01  0.773466823552E-03
  0.957838657131E+01  0.670869321511E-03
  0.974212101837E+01  0.580466906318E-03
  0.990865427729E+01  0.501005813277E-03
  0.100780341899E+02  0.431336258129E-03
  0.102503094156E+02  0.370406715645E-03
  0.104255294460E+02  0.317258195707E-03
  0.106037446182E+02  0.271018556692E-03
  0.107850061301E+02  0.230896892389E-03
  0.109693660545E+02  0.196178023623E-03
  0.111568773546E+02  0.166217115084E-03
  0.113475938986E+02  0.140434492269E-03
  0.115415704758E+02  0.118310597451E-03
  0.117388628119E+02  0.993811575777E-04
  0.119395275851E+02  0.832325688021E-04
  0.121436224425E+02  0.694975072302E-04
  0.123512060167E+02  0.578507740969E-04
  0.125623379424E+02  0.480053806790E-04
  0.127770788737E+02  0.397088755827E-04
  0.129954905016E+02  0.327399145824E-04
  0.132176355714E+02  0.269050709492E-04
  0.134435779011E+02  0.220358822090E-04
  0.136733823996E+02  0.179861274998E-04
  0.139071150853E+02  0.146293281664E-04
  0.141448431051E+02  0.118564629212E-04
  0.143866347536E+02  0.957388780698E-05
  0.146325594929E+02  0.770145030501E-05
  0.148826879724E+02  0.617078622236E-05
  0.151370920491E+02  0.492378743472E-05
  0.153958448085E+02  0.391122813353E-05
  0.156590205852E+02  0.309153688228E-05
  0.159266949846E+02  0.242970148217E-05
  0.161989449042E+02  0.189629331725E-05
  0.164758485562E+02  0.146659741083E-05
  0.167574854897E+02  0.111983376745E-05
  0.170439366135E+02  0.838454544330E-06
  0.173352842195E+02  0.607499978570E-06
  0.176316120062E+02  0.413993486341E-06
  0.179330051029E+02  0.246352508043E-06
  0.182395500940E+02  0.937858565124E-07
  0.185513350438E+02  0.000000000000E+00
  0.188684495222E+02  0.000000000000E+00
  0.191909846301E+02  0.000000000000E+00
  0.195190330255E+02  0.000000000000E+00
  0.198526889504E+02  0.000000000000E+00
  0.201920482577E+02  0.000000000000E+00
  0.205372084387E+02  0.000000000000E+00
  0.208882686513E+02  0.000000000000E+00
  0.212453297483E+02  0.000000000000E+00
  0.216084943064E+02  0.000000000000E+00
  0.219778666558E+02  0.000000000000E+00
  0.223535529101E+02  0.000000000000E+00
  0.227356609965E+02  0.000000000000E+00
  0.231243006874E+02  0.000000000000E+00
  0.235195836314E+02  0.000000000000E+00
  0.239216233857E+02  0.000000000000E+00
  0.243305354485E+02  0.000000000000E+00
  0.247464372923E+02  0.000000000000E+00
  0.251694483977E+02  0.000000000000E+00
  0.255996902876E+02  0.000000000000E+00
  0.260372865621E+02  0.000000000000E+00
  0.264823629342E+02  0.000000000000E+00
  0.269350472658E+02  0.000000000000E+00
  0.273954696042E+02  0.000000000000E+00
  0.278637622200E+02  0.000000000000E+00
  0.283400596445E+02  0.000000000000E+00
  0.288244987087E+02  0.000000000000E+00
  0.293172185826E+02  0.000000000000E+00
  0.298183608151E+02  0.000000000000E+00
  0.303280693747E+02  0.000000000000E+00
  0.308464906907E+02  0.000000000000E+00
  0.313737736956E+02  0.000000000000E+00
  0.319100698676E+02  0.000000000000E+00
  0.324555332743E+02  0.000000000000E+00
  0.330103206165E+02  0.000000000000E+00
  0.335745912742E+02  0.000000000000E+00
  0.341485073512E+02  0.000000000000E+00
  0.347322337226E+02  0.000000000000E+00
  0.353259380817E+02  0.000000000000E+00
  0.359297909882E+02  0.000000000000E+00
  0.365439659174E+02  0.000000000000E+00
  0.371686393098E+02  0.000000000000E+00
  0.378039906221E+02  0.000000000000E+00
  0.384502023784E+02  0.000000000000E+00
  0.391074602228E+02  0.000000000000E+00
  0.397759529727E+02  0.000000000000E+00
  0.404558726733E+02  0.000000000000E+00
  0.411474146522E+02  0.000000000000E+00
  0.418507775762E+02  0.000000000000E+00
  0.425661635077E+02  0.000000000000E+00
  0.432937779633E+02  0.000000000000E+00
  0.440338299725E+02  0.000000000000E+00
  0.447865321380E+02  0.000000000000E+00
  0.455521006966E+02  0.000000000000E+00
  0.463307555812E+02  0.000000000000E+00
  0.471227204844E+02  0.000000000000E+00
  0.479282229223E+02  0.000000000000E+00
  0.487474943003E+02  0.000000000000E+00
  0.495807699790E+02  0.000000000000E+00
  0.504282893426E+02  0.000000000000E+00
  0.512902958668E+02  0.000000000000E+00
  0.521670371896E+02  0.000000000000E+00
  0.530587651817E+02  0.000000000000E+00
  0.539657360193E+02  0.000000000000E+00
  0.548882102576E+02  0.000000000000E+00
  0.558264529055E+02  0.000000000000E+00
  0.567807335021E+02  0.000000000000E+00
  0.577513261938E+02  0.000000000000E+00
  0.587385098129E+02  0.000000000000E+00
  0.597425679582E+02  0.000000000000E+00
  0.607637890763E+02  0.000000000000E+00
  0.618024665441E+02  0.000000000000E+00
  0.628588987537E+02  0.000000000000E+00
  0.639333891975E+02  0.000000000000E+00
  0.650262465558E+02  0.000000000000E+00
  0.661377847856E+02  0.000000000000E+00
  0.672683232100E+02  0.000000000000E+00
  0.684181866111E+02  0.000000000000E+00
  0.695877053222E+02  0.000000000000E+00
  0.707772153235E+02  0.000000000000E+00
  0.719870583381E+02  0.000000000000E+00
  0.732175819307E+02  0.000000000000E+00
  0.744691396067E+02  0.000000000000E+00
  0.757420909145E+02  0.000000000000E+00
  0.770368015483E+02  0.000000000000E+00
  0.783536434535E+02  0.000000000000E+00
  0.796929949333E+02  0.000000000000E+00
  0.810552407574E+02  0.000000000000E+00
  davegp - end printing all-electron states

 subroutine lderiv: pass   1

 leaving lderiv
