========================================================================
pseudopotential program version  7.3.6   date:  7 - 22 -   15
========================================================================

 ifae =   1    ifpsp =   0    ifprt =   0    ifplw =   0    ilogd =   3
 rlogd=   1.50000     emin=  -2.40000     emax=   1.60000     nnt=   80
 thresh, tol =   1.000E-11   1.000E-09    damp = 0.500    maxit = 250
 z, xion, exfact   8.00000000000000        1.00000000000000     
   5.00000000000000     

          *************************************************************
            O                  PBE - GGA           exchange-correlation
          *************************************************************

 z =  8.00    xion = 1.00    exfact =   5.00000    irel=   0
 ncspvs =    3
 rmax =  80.00000    aasf =   6.00000    bbsf =  59.00000

 value of mesh generated in rinit is   737
 irel = 0 so all electron calculations use schroedinger equations


                         the system has converged with
                                 delta= 0.9371828D-09


                             the eigenvalues are


          orbital          occupation          energy
           100                   1.00             -43.75166
           200                   2.00              -3.21204
           210                   4.00              -2.12531
 etot=   -109.14411 ryd ;      -1484.90551 ev            ebsr,ehar,emvxc=    -58.67698     54.02071      3.55358
  davegp - begin printing all-electron states
           3
         737           0         100
  0.000000000000E+00  0.000000000000E+00
  0.529635113499E-05  0.235671275333E-03
  0.106832360010E-04  0.475370475269E-03
  0.161622021457E-04  0.719165877108E-03
  0.217348235702E-04  0.967126890951E-03
  0.274027011807E-04  0.121932407909E-02
  0.331674632488E-04  0.147582917448E-02
  0.390307658791E-04  0.173671509944E-02
  0.449942934849E-04  0.200205598475E-02
  0.510597592724E-04  0.227192718899E-02
  0.572289057325E-04  0.254640531822E-02
  0.635035051415E-04  0.282556824602E-02
  0.698853600706E-04  0.310949513375E-02
  0.763763039030E-04  0.339826645127E-02
  0.829782013614E-04  0.369196399791E-02
  0.896929490432E-04  0.399067092381E-02
  0.965224759654E-04  0.429447175159E-02
  0.103468744119E-03  0.460345239840E-02
  0.110533749032E-03  0.491770019826E-02
  0.117719520345E-03  0.523730392482E-02
  0.125028122389E-03  0.556235381447E-02
  0.132461654785E-03  0.589294158977E-02
  0.140022253043E-03  0.622916048334E-02
  0.147712089177E-03  0.657110526203E-02
  0.155533372328E-03  0.691887225156E-02
  0.163488349398E-03  0.727255936150E-02
  0.171579305700E-03  0.763226611068E-02
  0.179808565607E-03  0.799809365295E-02
  0.188178493228E-03  0.837014480341E-02
  0.196691493080E-03  0.874852406501E-02
  0.205350010784E-03  0.913333765558E-02
  0.214156533764E-03  0.952469353531E-02
  0.223113591964E-03  0.992270143461E-02
  0.232223758573E-03  0.103274728824E-01
  0.241489650766E-03  0.107391212351E-01
  0.250913930455E-03  0.111577617053E-01
  0.260499305052E-03  0.115835113921E-01
  0.270248528251E-03  0.120164893108E-01
  0.280164400814E-03  0.124568164234E-01
  0.290249771379E-03  0.129046156700E-01
  0.300507537280E-03  0.133600120000E-01
  0.310940645372E-03  0.138231324043E-01
  0.321552092887E-03  0.142941059474E-01
  0.332344928287E-03  0.147730638008E-01
  0.343322252146E-03  0.152601392762E-01
  0.354487218036E-03  0.157554678592E-01
  0.365843033437E-03  0.162591872442E-01
  0.377392960653E-03  0.167714373686E-01
  0.389140317755E-03  0.172923604490E-01
  0.401088479533E-03  0.178221010165E-01
  0.413240878461E-03  0.183608059532E-01
  0.425601005689E-03  0.189086245295E-01
  0.438172412041E-03  0.194657084408E-01
  0.450958709041E-03  0.200322118461E-01
  0.463963569943E-03  0.206082914062E-01
  0.477190730792E-03  0.211941063223E-01
  0.490643991496E-03  0.217898183760E-01
  0.504327216916E-03  0.223955919690E-01
  0.518244337978E-03  0.230115941635E-01
  0.532399352802E-03  0.236379947234E-01
  0.546796327850E-03  0.242749661559E-01
  0.561439399093E-03  0.249226837533E-01
  0.576332773203E-03  0.255813256354E-01
  0.591480728758E-03  0.262510727934E-01
  0.606887617473E-03  0.269321091325E-01
  0.622557865448E-03  0.276246215167E-01
  0.638495974442E-03  0.283287998132E-01
  0.654706523167E-03  0.290448369375E-01
  0.671194168598E-03  0.297729288993E-01
  0.687963647318E-03  0.305132748485E-01
  0.705019776872E-03  0.312660771222E-01
  0.722367457158E-03  0.320315412913E-01
  0.740011671827E-03  0.328098762090E-01
  0.757957489721E-03  0.336012940589E-01
  0.776210066327E-03  0.344060104032E-01
  0.794774645257E-03  0.352242442328E-01
  0.813656559754E-03  0.360562180165E-01
  0.832861234228E-03  0.369021577519E-01
  0.852394185810E-03  0.377622930154E-01
  0.872261025938E-03  0.386368570146E-01
  0.892467461973E-03  0.395260866391E-01
  0.913019298830E-03  0.404302225135E-01
  0.933922440657E-03  0.413495090503E-01
  0.955182892520E-03  0.422841945028E-01
  0.976806762136E-03  0.432345310192E-01
  0.998800261625E-03  0.442007746969E-01
  0.102116970929E-02  0.451831856375E-01
  0.104392153145E-02  0.461820280019E-01
  0.106706226425E-02  0.471975700662E-01
  0.109059855559E-02  0.482300842781E-01
  0.111453716698E-02  0.492798473133E-01
  0.113888497552E-02  0.503471401333E-01
  0.116364897587E-02  0.514322480425E-01
  0.118883628224E-02  0.525354607469E-01
  0.121445413047E-02  0.536570724121E-01
  0.124050988005E-02  0.547973817231E-01
  0.126701101631E-02  0.559566919431E-01
  0.129396515252E-02  0.571353109738E-01
  0.132138003206E-02  0.583335514157E-01
  0.134926353070E-02  0.595517306287E-01
  0.137762365885E-02  0.607901707933E-01
  0.140646856380E-02  0.620491989722E-01
  0.143580653215E-02  0.633291471720E-01
  0.146564599212E-02  0.646303524058E-01
  0.149599551601E-02  0.659531567554E-01
  0.152686382266E-02  0.672979074343E-01
  0.155825977993E-02  0.686649568510E-01
  0.159019240728E-02  0.700546626727E-01
  0.162267087832E-02  0.714673878885E-01
  0.165570452350E-02  0.729035008740E-01
  0.168930283274E-02  0.743633754553E-01
  0.172347545819E-02  0.758473909734E-01
  0.175823221697E-02  0.773559323488E-01
  0.179358309404E-02  0.788893901462E-01
  0.182953824502E-02  0.804481606398E-01
  0.186610799913E-02  0.820326458777E-01
  0.190330286214E-02  0.836432537472E-01
  0.194113351943E-02  0.852803980398E-01
  0.197961083901E-02  0.869444985162E-01
  0.201874587466E-02  0.886359809714E-01
  0.205854986914E-02  0.903552772994E-01
  0.209903425735E-02  0.921028255580E-01
  0.214021066967E-02  0.938790700335E-01
  0.218209093530E-02  0.956844613049E-01
  0.222468708561E-02  0.975194563082E-01
  0.226801135767E-02  0.993845184001E-01
  0.231207619770E-02  0.101280117421E+00
  0.235689426467E-02  0.103206729760E+00
  0.240247843395E-02  0.105164838413E+00
  0.244884180098E-02  0.107154933051E+00
  0.249599768506E-02  0.109177510076E+00
  0.254395963318E-02  0.111233072684E+00
  0.259274142386E-02  0.113322130925E+00
  0.264235707117E-02  0.115445201764E+00
  0.269282082872E-02  0.117602809136E+00
  0.274414719379E-02  0.119795484005E+00
  0.279635091143E-02  0.122023764421E+00
  0.284944697877E-02  0.124288195577E+00
  0.290345064928E-02  0.126589329859E+00
  0.295837743717E-02  0.128927726902E+00
  0.301424312185E-02  0.131303953642E+00
  0.307106375243E-02  0.133718584364E+00
  0.312885565239E-02  0.136172200753E+00
  0.318763542423E-02  0.138665391940E+00
  0.324741995424E-02  0.141198754546E+00
  0.330822641735E-02  0.143772892729E+00
  0.337007228208E-02  0.146388418222E+00
  0.343297531556E-02  0.149045950376E+00
  0.349695358861E-02  0.151746116193E+00
  0.356202548094E-02  0.154489550364E+00
  0.362820968646E-02  0.157276895303E+00
  0.369552521861E-02  0.160108801173E+00
  0.376399141583E-02  0.162985925916E+00
  0.383362794714E-02  0.165908935277E+00
  0.390445481777E-02  0.168878502825E+00
  0.397649237491E-02  0.171895309972E+00
  0.404976131354E-02  0.174960045988E+00
  0.412428268243E-02  0.178073408013E+00
  0.420007789012E-02  0.181236101062E+00
  0.427716871110E-02  0.184448838035E+00
  0.435557729208E-02  0.187712339712E+00
  0.443532615832E-02  0.191027334751E+00
  0.451643822013E-02  0.194394559678E+00
  0.459893677943E-02  0.197814758879E+00
  0.468284553647E-02  0.201288684576E+00
  0.476818859661E-02  0.204817096808E+00
  0.485499047726E-02  0.208400763404E+00
  0.494327611491E-02  0.212040459947E+00
  0.503307087233E-02  0.215736969737E+00
  0.512440054580E-02  0.219491083744E+00
  0.521729137258E-02  0.223303600562E+00
  0.531177003841E-02  0.227175326345E+00
  0.540786368517E-02  0.231107074751E+00
  0.550559991872E-02  0.235099666862E+00
  0.560500681678E-02  0.239153931115E+00
  0.570611293702E-02  0.243270703210E+00
  0.580894732528E-02  0.247450826020E+00
  0.591353952390E-02  0.251695149489E+00
  0.601991958018E-02  0.256004530521E+00
  0.612811805506E-02  0.260379832863E+00
  0.623816603186E-02  0.264821926978E+00
  0.635009512524E-02  0.269331689908E+00
  0.646393749026E-02  0.273910005126E+00
  0.657972583163E-02  0.278557762379E+00
  0.669749341310E-02  0.283275857524E+00
  0.681727406702E-02  0.288065192349E+00
  0.693910220405E-02  0.292926674382E+00
  0.706301282306E-02  0.297861216691E+00
  0.718904152117E-02  0.302869737675E+00
  0.731722450399E-02  0.307953160833E+00
  0.744759859600E-02  0.313112414531E+00
  0.758020125116E-02  0.318348431748E+00
  0.771507056366E-02  0.323662149811E+00
  0.785224527882E-02  0.329054510120E+00
  0.799176480430E-02  0.334526457847E+00
  0.813366922135E-02  0.340078941634E+00
  0.827799929636E-02  0.345712913265E+00
  0.842479649258E-02  0.351429327324E+00
  0.857410298199E-02  0.357229140843E+00
  0.872596165747E-02  0.363113312920E+00
  0.888041614507E-02  0.369082804334E+00
  0.903751081658E-02  0.375138577131E+00
  0.919729080225E-02  0.381281594193E+00
  0.935980200378E-02  0.387512818794E+00
  0.952509110751E-02  0.393833214127E+00
  0.969320559778E-02  0.400243742818E+00
  0.986419377064E-02  0.406745366415E+00
  0.100381047477E-01  0.413339044854E+00
  0.102149884902E-01  0.420025735906E+00
  0.103948958134E-01  0.426806394603E+00
  0.105778784012E-01  0.433681972630E+00
  0.107639888209E-01  0.440653417705E+00
  0.109532805386E-01  0.447721672927E+00
  0.111458079340E-01  0.454887676100E+00
  0.113416263165E-01  0.462152359033E+00
  0.115407919410E-01  0.469516646806E+00
  0.117433620239E-01  0.476981457019E+00
  0.119493947596E-01  0.484547699002E+00
  0.121589493374E-01  0.492216273002E+00
  0.123720859583E-01  0.499988069344E+00
  0.125888658522E-01  0.507863967547E+00
  0.128093512959E-01  0.515844835426E+00
  0.130336056306E-01  0.523931528152E+00
  0.132616932801E-01  0.532124887279E+00
  0.134936797696E-01  0.540425739746E+00
  0.137296317445E-01  0.548834896833E+00
  0.139696169890E-01  0.557353153090E+00
  0.142137044464E-01  0.565981285231E+00
  0.144619642382E-01  0.574720050988E+00
  0.147144676847E-01  0.583570187927E+00
  0.149712873252E-01  0.592532412230E+00
  0.152324969390E-01  0.601607417440E+00
  0.154981715666E-01  0.610795873158E+00
  0.157683875312E-01  0.620098423709E+00
  0.160432224606E-01  0.629515686766E+00
  0.163227553096E-01  0.639048251926E+00
  0.166070663825E-01  0.648696679255E+00
  0.168962373564E-01  0.658461497780E+00
  0.171903513045E-01  0.668343203944E+00
  0.174894927201E-01  0.678342260017E+00
  0.177937475407E-01  0.688459092458E+00
  0.181032031729E-01  0.698694090239E+00
  0.184179485172E-01  0.709047603119E+00
  0.187380739939E-01  0.719519939869E+00
  0.190636715688E-01  0.730111366461E+00
  0.193948347799E-01  0.740822104200E+00
  0.197316587639E-01  0.751652327814E+00
  0.200742402838E-01  0.762602163494E+00
  0.204226777567E-01  0.773671686890E+00
  0.207770712820E-01  0.784860921053E+00
  0.211375226699E-01  0.796169834335E+00
  0.215041354713E-01  0.807598338237E+00
  0.218770150068E-01  0.819146285209E+00
  0.222562683976E-01  0.830813466403E+00
  0.226420045959E-01  0.842599609378E+00
  0.230343344161E-01  0.854504375753E+00
  0.234333705670E-01  0.866527358818E+00
  0.238392276841E-01  0.878668081091E+00
  0.242520223621E-01  0.890925991836E+00
  0.246718731891E-01  0.903300464525E+00
  0.250989007800E-01  0.915790794263E+00
  0.255332278116E-01  0.928396195159E+00
  0.259749790577E-01  0.941115797660E+00
  0.264242814248E-01  0.953948645841E+00
  0.268812639888E-01  0.966893694644E+00
  0.273460580319E-01  0.979949807088E+00
  0.278187970806E-01  0.993115751430E+00
  0.282996169435E-01  0.100639019829E+01
  0.287886557510E-01  0.101977171776E+01
  0.292860539943E-01  0.103325877641E+01
  0.297919545665E-01  0.104684973437E+01
  0.303065028029E-01  0.106054284229E+01
  0.308298465233E-01  0.107433623830E+01
  0.313621360742E-01  0.108822794496E+01
  0.319035243721E-01  0.110221586616E+01
  0.324541669474E-01  0.111629778405E+01
  0.330142219890E-01  0.113047135587E+01
  0.335838503899E-01  0.114473411085E+01
  0.341632157934E-01  0.115908344706E+01
  0.347524846399E-01  0.117351662823E+01
  0.353518262149E-01  0.118803078064E+01
  0.359614126977E-01  0.120262288996E+01
  0.365814192106E-01  0.121728979807E+01
  0.372120238697E-01  0.123202819998E+01
  0.378534078352E-01  0.124683464069E+01
  0.385057553646E-01  0.126170551209E+01
  0.391692538645E-01  0.127663704994E+01
  0.398440939453E-01  0.129162533078E+01
  0.405304694755E-01  0.130666626901E+01
  0.412285776375E-01  0.132175561391E+01
  0.419386189841E-01  0.133688894677E+01
  0.426607974967E-01  0.135206167805E+01
  0.433953206431E-01  0.136726904467E+01
  0.441423994375E-01  0.138250610728E+01
  0.449022485013E-01  0.139776774774E+01
  0.456750861243E-01  0.141304866657E+01
  0.464611343280E-01  0.142834338057E+01
  0.472606189287E-01  0.144364622058E+01
  0.480737696029E-01  0.145895132929E+01
  0.489008199529E-01  0.147425265925E+01
  0.497420075745E-01  0.148954397098E+01
  0.505975741245E-01  0.150481883124E+01
  0.514677653907E-01  0.152007061152E+01
  0.523528313620E-01  0.153529248660E+01
  0.532530263010E-01  0.155047743344E+01
  0.541686088161E-01  0.156561823013E+01
  0.550998419365E-01  0.158070745515E+01
  0.560469931874E-01  0.159573748685E+01
  0.570103346672E-01  0.161070050311E+01
  0.579901431250E-01  0.162558848131E+01
  0.589867000411E-01  0.164039319857E+01
  0.600002917068E-01  0.165510623225E+01
  0.610312093074E-01  0.166971896071E+01
  0.620797490057E-01  0.168422256451E+01
  0.631462120267E-01  0.169860802777E+01
  0.642309047447E-01  0.171286613999E+01
  0.653341387710E-01  0.172698749822E+01
  0.664562310432E-01  0.174096250952E+01
  0.675975039168E-01  0.175478139389E+01
  0.687582852574E-01  0.176843418758E+01
  0.699389085350E-01  0.178191074681E+01
  0.711397129198E-01  0.179520075194E+01
  0.723610433798E-01  0.180829371208E+01
  0.736032507795E-01  0.182117897014E+01
  0.748666919810E-01  0.183384570846E+01
  0.761517299466E-01  0.184628295480E+01
  0.774587338427E-01  0.185847958894E+01
  0.787880791465E-01  0.187042434978E+01
  0.801401477529E-01  0.188210584300E+01
  0.815153280852E-01  0.189351254919E+01
  0.829140152060E-01  0.190463283267E+01
  0.843366109312E-01  0.191545495082E+01
  0.857835239449E-01  0.192596706401E+01
  0.872551699172E-01  0.193615724612E+01
  0.887519716236E-01  0.194601349575E+01
  0.902743590662E-01  0.195552374793E+01
  0.918227695974E-01  0.196467588657E+01
  0.933976480457E-01  0.197345775754E+01
  0.949994468432E-01  0.198185718228E+01
  0.966286261556E-01  0.198986197224E+01
  0.982856540146E-01  0.199745994382E+01
  0.999710064523E-01  0.200463893406E+01
  0.101685167638E+00  0.201138681695E+01
  0.103428630017E+00  0.201769152035E+01
  0.105201894451E+00  0.202354104369E+01
  0.107005470367E+00  0.202892347616E+01
  0.108839875896E+00  0.203382701565E+01
  0.110705638027E+00  0.203823998825E+01
  0.112603292758E+00  0.204215086840E+01
  0.114533385248E+00  0.204554829961E+01
  0.116496469976E+00  0.204842111582E+01
  0.118493110897E+00  0.205075836324E+01
  0.120523881608E+00  0.205254932274E+01
  0.122589365511E+00  0.205378353285E+01
  0.124690155978E+00  0.205445081309E+01
  0.126826856526E+00  0.205454128784E+01
  0.129000080988E+00  0.205404541061E+01
  0.131210453690E+00  0.205295398867E+01
  0.133458609628E+00  0.205125820798E+01
  0.135745194654E+00  0.204894965844E+01
  0.138070865660E+00  0.204602035935E+01
  0.140436290766E+00  0.204246278502E+01
  0.142842149513E+00  0.203826989056E+01
  0.145289133057E+00  0.203343513763E+01
  0.147777944370E+00  0.202795252028E+01
  0.150309298440E+00  0.202181659059E+01
  0.152883922474E+00  0.201502248429E+01
  0.155502556113E+00  0.200756594599E+01
  0.158165951639E+00  0.199944335427E+01
  0.160874874195E+00  0.199065174623E+01
  0.163630102002E+00  0.198118884162E+01
  0.166432426582E+00  0.197105306646E+01
  0.169282652990E+00  0.196024357588E+01
  0.172181600041E+00  0.194876027632E+01
  0.175130100546E+00  0.193660384685E+01
  0.178129001552E+00  0.192377575956E+01
  0.181179164585E+00  0.191027829895E+01
  0.184281465899E+00  0.189611458018E+01
  0.187436796724E+00  0.188128856616E+01
  0.190646063526E+00  0.186580508331E+01
  0.193910188265E+00  0.184966983602E+01
  0.197230108660E+00  0.183288941960E+01
  0.200606778462E+00  0.181547133179E+01
  0.204041167722E+00  0.179742398262E+01
  0.207534263072E+00  0.177875670270E+01
  0.211087068013E+00  0.175947974981E+01
  0.214700603196E+00  0.173960431374E+01
  0.218375906719E+00  0.171914251944E+01
  0.222114034428E+00  0.169810742833E+01
  0.225916060212E+00  0.167651303786E+01
  0.229783076321E+00  0.165437427923E+01
  0.233716193673E+00  0.163170701333E+01
  0.237716542178E+00  0.160852802481E+01
  0.241785271057E+00  0.158485501431E+01
  0.245923549178E+00  0.156070658871E+01
  0.250132565388E+00  0.153610224946E+01
  0.254413528856E+00  0.151106237866E+01
  0.258767669420E+00  0.148560822282E+01
  0.263196237940E+00  0.145976187389E+01
  0.267700506659E+00  0.143354624725E+01
  0.272281769565E+00  0.140698505601E+01
  0.276941342767E+00  0.138010278105E+01
  0.281680564869E+00  0.135292463593E+01
  0.286500797360E+00  0.132547652600E+01
  0.291403424997E+00  0.129778500054E+01
  0.296389856212E+00  0.126987719749E+01
  0.301461523510E+00  0.124178077986E+01
  0.306619883881E+00  0.121352386378E+01
  0.311866419224E+00  0.118513493819E+01
  0.317202636767E+00  0.115664277708E+01
  0.322630069502E+00  0.112807634564E+01
  0.328150276624E+00  0.109946470237E+01
  0.333764843983E+00  0.107083689977E+01
  0.339475384535E+00  0.104222188676E+01
  0.345283538809E+00  0.101364841580E+01
  0.351190975373E+00  0.985144958121E+00
  0.357199391322E+00  0.956739629269E+00
  0.363310512755E+00  0.928460126963E+00
  0.369526095281E+00  0.900333681598E+00
  0.375847924515E+00  0.872387018660E+00
  0.382277816597E+00  0.844646330676E+00
  0.388817618711E+00  0.817137255454E+00
  0.395469209615E+00  0.789884856509E+00
  0.402234500182E+00  0.762913601936E+00
  0.409115433950E+00  0.736247338413E+00
  0.416113987677E+00  0.709909258551E+00
  0.423232171914E+00  0.683921860833E+00
  0.430472031575E+00  0.658306902924E+00
  0.437835646533E+00  0.633085349749E+00
  0.445325132213E+00  0.608277318429E+00
  0.452942640197E+00  0.583902022046E+00
  0.460690358849E+00  0.559977714209E+00
  0.468570513939E+00  0.536521635883E+00
  0.476585369283E+00  0.513549965731E+00
  0.484737227393E+00  0.491077774705E+00
  0.493028430141E+00  0.469118985505E+00
  0.501461359428E+00  0.447686337123E+00
  0.510038437872E+00  0.426791354718E+00
  0.518762129502E+00  0.406444324803E+00
  0.527634940466E+00  0.386654275797E+00
  0.536659419750E+00  0.367428963852E+00
  0.545838159912E+00  0.348774863930E+00
  0.555173797828E+00  0.330697166052E+00
  0.564669015445E+00  0.313199776631E+00
  0.574326540555E+00  0.296285324854E+00
  0.584149147579E+00  0.279955173999E+00
  0.594139658362E+00  0.264209437632E+00
  0.604300942983E+00  0.249047000575E+00
  0.614635920584E+00  0.234465544559E+00
  0.625147560203E+00  0.220461578398E+00
  0.635838881632E+00  0.207030472592E+00
  0.646712956279E+00  0.194166498119E+00
  0.657772908056E+00  0.181862869288E+00
  0.669021914274E+00  0.170111790353E+00
  0.680463206553E+00  0.158904505700E+00
  0.692100071757E+00  0.148231353265E+00
  0.703935852930E+00  0.138081820931E+00
  0.715973950265E+00  0.128444605515E+00
  0.728217822073E+00  0.119307674058E+00
  0.740670985782E+00  0.110658326978E+00
  0.753337018944E+00  0.102483262785E+00
  0.766219560267E+00  0.947686438731E-01
  0.779322310655E+00  0.875001630859E-01
  0.792649034274E+00  0.806631105637E-01
  0.806203559634E+00  0.742424405529E-01
  0.819989780688E+00  0.682228377068E-01
  0.834011657951E+00  0.625887825624E-01
  0.848273219637E+00  0.573246157486E-01
  0.862778562816E+00  0.524146006344E-01
  0.877531854593E+00  0.478429840119E-01
  0.892537333304E+00  0.435940545563E-01
  0.907799309730E+00  0.396521987120E-01
  0.923322168344E+00  0.360019537901E-01
  0.939110368562E+00  0.326280579889E-01
  0.955168446029E+00  0.295154971752E-01
  0.971501013919E+00  0.266495482073E-01
  0.988112764263E+00  0.240158186940E-01
  0.100500846930E+01  0.216002830441E-01
  0.102219298283E+01  0.193893147601E-01
  0.103967124163E+01  0.173697149036E-01
  0.105744826688E+01  0.155287367456E-01
  0.107552916556E+01  0.138541065997E-01
  0.109391913198E+01  0.123340409082E-01
  0.111262344920E+01  0.109572596412E-01
  0.113164749062E+01  0.971299613367E-02
  0.115099672148E+01  0.859100347388E-02
  0.117067670044E+01  0.758155761202E-02
  0.119069308118E+01  0.667545735060E-02
  0.121105161400E+01  0.586402141708E-02
  0.123175814753E+01  0.513908281743E-02
  0.125281863036E+01  0.449298069403E-02
  0.127423911275E+01  0.391854991030E-02
  0.129602574838E+01  0.340910859853E-02
  0.131818479615E+01  0.295844390477E-02
  0.134072262192E+01  0.256079617015E-02
  0.136364570036E+01  0.221084178266E-02
  0.138696061684E+01  0.190367493187E-02
  0.141067406927E+01  0.163478849080E-02
  0.143479287008E+01  0.140005424192E-02
  0.145932394813E+01  0.119570265364E-02
  0.148427435072E+01  0.101830240145E-02
  0.150965124562E+01  0.864739815752E-03
  0.153546192313E+01  0.732198423047E-03
  0.156171379815E+01  0.618138733325E-03
  0.158841441233E+01  0.520278409875E-03
  0.161557143624E+01  0.436572942909E-03
  0.164319267158E+01  0.365196931430E-03
  0.167128605339E+01  0.304526062943E-03
  0.169985965236E+01  0.253119864212E-03
  0.172892167712E+01  0.209705282173E-03
  0.175848047663E+01  0.173161139045E-03
  0.178854454257E+01  0.142503492944E-03
  0.181912251176E+01  0.116871922125E-03
  0.185022316866E+01  0.955167400321E-04
  0.188185544788E+01  0.777871373976E-04
  0.191402843677E+01  0.631202387540E-04
  0.194675137801E+01  0.510310521676E-04
  0.198003367225E+01  0.411032842904E-04
  0.201388488087E+01  0.329809866309E-04
  0.204831472865E+01  0.263609943401E-04
  0.208333310664E+01  0.209861147929E-04
  0.211895007492E+01  0.166390205408E-04
  0.215517586556E+01  0.131367990746E-04
  0.219202088554E+01  0.103261106950E-04
  0.222949571972E+01  0.807890509249E-05
  0.226761113389E+01  0.628864719590E-05
  0.230637807786E+01  0.486700300726E-05
  0.234580768864E+01  0.374093652837E-05
  0.238591129359E+01  0.285016907040E-05
  0.242670041369E+01  0.214495203521E-05
  0.246818676688E+01  0.158410312701E-05
  0.251038227138E+01  0.113325337765E-05
  0.255329904913E+01  0.763247436930E-06
  0.259694942931E+01  0.448631105194E-06
  0.264134595182E+01  0.166146216500E-06
  0.268650137092E+01  0.000000000000E+00
  0.273242865889E+01  0.000000000000E+00
  0.277914100975E+01  0.000000000000E+00
  0.282665184305E+01  0.000000000000E+00
  0.287497480775E+01  0.000000000000E+00
  0.292412378608E+01  0.000000000000E+00
  0.297411289761E+01  0.000000000000E+00
  0.302495650323E+01  0.000000000000E+00
  0.307666920934E+01  0.000000000000E+00
  0.312926587198E+01  0.000000000000E+00
  0.318276160117E+01  0.000000000000E+00
  0.323717176519E+01  0.000000000000E+00
  0.329251199502E+01  0.000000000000E+00
  0.334879818885E+01  0.000000000000E+00
  0.340604651661E+01  0.000000000000E+00
  0.346427342464E+01  0.000000000000E+00
  0.352349564040E+01  0.000000000000E+00
  0.358373017729E+01  0.000000000000E+00
  0.364499433952E+01  0.000000000000E+00
  0.370730572710E+01  0.000000000000E+00
  0.377068224089E+01  0.000000000000E+00
  0.383514208773E+01  0.000000000000E+00
  0.390070378570E+01  0.000000000000E+00
  0.396738616939E+01  0.000000000000E+00
  0.403520839537E+01  0.000000000000E+00
  0.410418994764E+01  0.000000000000E+00
  0.417435064329E+01  0.000000000000E+00
  0.424571063811E+01  0.000000000000E+00
  0.431829043244E+01  0.000000000000E+00
  0.439211087707E+01  0.000000000000E+00
  0.446719317918E+01  0.000000000000E+00
  0.454355890845E+01  0.000000000000E+00
  0.462123000329E+01  0.000000000000E+00
  0.470022877710E+01  0.000000000000E+00
  0.478057792469E+01  0.000000000000E+00
  0.486230052882E+01  0.000000000000E+00
  0.494542006682E+01  0.000000000000E+00
  0.502996041732E+01  0.000000000000E+00
  0.511594586712E+01  0.000000000000E+00
  0.520340111819E+01  0.000000000000E+00
  0.529235129472E+01  0.000000000000E+00
  0.538282195038E+01  0.000000000000E+00
  0.547483907563E+01  0.000000000000E+00
  0.556842910522E+01  0.000000000000E+00
  0.566361892575E+01  0.000000000000E+00
  0.576043588341E+01  0.000000000000E+00
  0.585890779185E+01  0.000000000000E+00
  0.595906294013E+01  0.000000000000E+00
  0.606093010089E+01  0.000000000000E+00
  0.616453853860E+01  0.000000000000E+00
  0.626991801796E+01  0.000000000000E+00
  0.637709881244E+01  0.000000000000E+00
  0.648611171303E+01  0.000000000000E+00
  0.659698803701E+01  0.000000000000E+00
  0.670975963701E+01  0.000000000000E+00
  0.682445891012E+01  0.000000000000E+00
  0.694111880723E+01  0.000000000000E+00
  0.705977284247E+01  0.000000000000E+00
  0.718045510285E+01  0.000000000000E+00
  0.730320025805E+01  0.000000000000E+00
  0.742804357036E+01  0.000000000000E+00
  0.755502090487E+01  0.000000000000E+00
  0.768416873970E+01  0.000000000000E+00
  0.781552417653E+01  0.000000000000E+00
  0.794912495123E+01  0.000000000000E+00
  0.808500944471E+01  0.000000000000E+00
  0.822321669397E+01  0.000000000000E+00
  0.836378640327E+01  0.000000000000E+00
  0.850675895557E+01  0.000000000000E+00
  0.865217542412E+01  0.000000000000E+00
  0.880007758426E+01  0.000000000000E+00
  0.895050792540E+01  0.000000000000E+00
  0.910350966329E+01  0.000000000000E+00
  0.925912675235E+01  0.000000000000E+00
  0.941740389837E+01  0.000000000000E+00
  0.957838657131E+01  0.000000000000E+00
  0.974212101837E+01  0.000000000000E+00
  0.990865427729E+01  0.000000000000E+00
  0.100780341899E+02  0.000000000000E+00
  0.102503094156E+02  0.000000000000E+00
  0.104255294460E+02  0.000000000000E+00
  0.106037446182E+02  0.000000000000E+00
  0.107850061301E+02  0.000000000000E+00
  0.109693660545E+02  0.000000000000E+00
  0.111568773546E+02  0.000000000000E+00
  0.113475938986E+02  0.000000000000E+00
  0.115415704758E+02  0.000000000000E+00
  0.117388628119E+02  0.000000000000E+00
  0.119395275851E+02  0.000000000000E+00
  0.121436224425E+02  0.000000000000E+00
  0.123512060167E+02  0.000000000000E+00
  0.125623379424E+02  0.000000000000E+00
  0.127770788737E+02  0.000000000000E+00
  0.129954905016E+02  0.000000000000E+00
  0.132176355714E+02  0.000000000000E+00
  0.134435779011E+02  0.000000000000E+00
  0.136733823996E+02  0.000000000000E+00
  0.139071150853E+02  0.000000000000E+00
  0.141448431051E+02  0.000000000000E+00
  0.143866347536E+02  0.000000000000E+00
  0.146325594929E+02  0.000000000000E+00
  0.148826879724E+02  0.000000000000E+00
  0.151370920491E+02  0.000000000000E+00
  0.153958448085E+02  0.000000000000E+00
  0.156590205852E+02  0.000000000000E+00
  0.159266949846E+02  0.000000000000E+00
  0.161989449042E+02  0.000000000000E+00
  0.164758485562E+02  0.000000000000E+00
  0.167574854897E+02  0.000000000000E+00
  0.170439366135E+02  0.000000000000E+00
  0.173352842195E+02  0.000000000000E+00
  0.176316120062E+02  0.000000000000E+00
  0.179330051029E+02  0.000000000000E+00
  0.182395500940E+02  0.000000000000E+00
  0.185513350438E+02  0.000000000000E+00
  0.188684495222E+02  0.000000000000E+00
  0.191909846301E+02  0.000000000000E+00
  0.195190330255E+02  0.000000000000E+00
  0.198526889504E+02  0.000000000000E+00
  0.201920482577E+02  0.000000000000E+00
  0.205372084387E+02  0.000000000000E+00
  0.208882686513E+02  0.000000000000E+00
  0.212453297483E+02  0.000000000000E+00
  0.216084943064E+02  0.000000000000E+00
  0.219778666558E+02  0.000000000000E+00
  0.223535529101E+02  0.000000000000E+00
  0.227356609965E+02  0.000000000000E+00
  0.231243006874E+02  0.000000000000E+00
  0.235195836314E+02  0.000000000000E+00
  0.239216233857E+02  0.000000000000E+00
  0.243305354485E+02  0.000000000000E+00
  0.247464372923E+02  0.000000000000E+00
  0.251694483977E+02  0.000000000000E+00
  0.255996902876E+02  0.000000000000E+00
  0.260372865621E+02  0.000000000000E+00
  0.264823629342E+02  0.000000000000E+00
  0.269350472658E+02  0.000000000000E+00
  0.273954696042E+02  0.000000000000E+00
  0.278637622200E+02  0.000000000000E+00
  0.283400596445E+02  0.000000000000E+00
  0.288244987087E+02  0.000000000000E+00
  0.293172185826E+02  0.000000000000E+00
  0.298183608151E+02  0.000000000000E+00
  0.303280693747E+02  0.000000000000E+00
  0.308464906907E+02  0.000000000000E+00
  0.313737736956E+02  0.000000000000E+00
  0.319100698676E+02  0.000000000000E+00
  0.324555332743E+02  0.000000000000E+00
  0.330103206165E+02  0.000000000000E+00
  0.335745912742E+02  0.000000000000E+00
  0.341485073512E+02  0.000000000000E+00
  0.347322337226E+02  0.000000000000E+00
  0.353259380817E+02  0.000000000000E+00
  0.359297909882E+02  0.000000000000E+00
  0.365439659174E+02  0.000000000000E+00
  0.371686393098E+02  0.000000000000E+00
  0.378039906221E+02  0.000000000000E+00
  0.384502023784E+02  0.000000000000E+00
  0.391074602228E+02  0.000000000000E+00
  0.397759529727E+02  0.000000000000E+00
  0.404558726733E+02  0.000000000000E+00
  0.411474146522E+02  0.000000000000E+00
  0.418507775762E+02  0.000000000000E+00
  0.425661635077E+02  0.000000000000E+00
  0.432937779633E+02  0.000000000000E+00
  0.440338299725E+02  0.000000000000E+00
  0.447865321380E+02  0.000000000000E+00
  0.455521006966E+02  0.000000000000E+00
  0.463307555812E+02  0.000000000000E+00
  0.471227204844E+02  0.000000000000E+00
  0.479282229223E+02  0.000000000000E+00
  0.487474943003E+02  0.000000000000E+00
  0.495807699790E+02  0.000000000000E+00
  0.504282893426E+02  0.000000000000E+00
  0.512902958668E+02  0.000000000000E+00
  0.521670371896E+02  0.000000000000E+00
  0.530587651817E+02  0.000000000000E+00
  0.539657360193E+02  0.000000000000E+00
  0.548882102576E+02  0.000000000000E+00
  0.558264529055E+02  0.000000000000E+00
  0.567807335021E+02  0.000000000000E+00
  0.577513261938E+02  0.000000000000E+00
  0.587385098129E+02  0.000000000000E+00
  0.597425679582E+02  0.000000000000E+00
  0.607637890763E+02  0.000000000000E+00
  0.618024665441E+02  0.000000000000E+00
  0.628588987537E+02  0.000000000000E+00
  0.639333891975E+02  0.000000000000E+00
  0.650262465558E+02  0.000000000000E+00
  0.661377847856E+02  0.000000000000E+00
  0.672683232100E+02  0.000000000000E+00
  0.684181866111E+02  0.000000000000E+00
  0.695877053222E+02  0.000000000000E+00
  0.707772153235E+02  0.000000000000E+00
  0.719870583381E+02  0.000000000000E+00
  0.732175819307E+02  0.000000000000E+00
  0.744691396067E+02  0.000000000000E+00
  0.757420909145E+02  0.000000000000E+00
  0.770368015483E+02  0.000000000000E+00
  0.783536434535E+02  0.000000000000E+00
  0.796929949333E+02  0.000000000000E+00
  0.810552407574E+02  0.000000000000E+00
         737           0         200
  0.000000000000E+00  0.000000000000E+00
  0.529635113499E-05  0.603501370637E-04
  0.106832360010E-04  0.121731735364E-03
  0.161622021457E-04  0.184162279112E-03
  0.217348235702E-04  0.247659542594E-03
  0.274027011807E-04  0.312241595141E-03
  0.331674632488E-04  0.377926805850E-03
  0.390307658791E-04  0.444733848385E-03
  0.449942934849E-04  0.512681705855E-03
  0.510597592724E-04  0.581789675772E-03
  0.572289057325E-04  0.652077375088E-03
  0.635035051415E-04  0.723564745321E-03
  0.698853600706E-04  0.796272057756E-03
  0.763763039030E-04  0.870219918734E-03
  0.829782013614E-04  0.945429275032E-03
  0.896929490432E-04  0.102192141932E-02
  0.965224759654E-04  0.109971799572E-02
  0.103468744119E-03  0.117884100543E-02
  0.110533749032E-03  0.125931281247E-02
  0.117719520345E-03  0.134115614949E-02
  0.125028122389E-03  0.142439412368E-02
  0.132461654785E-03  0.150905022282E-02
  0.140022253043E-03  0.159514832131E-02
  0.147712089177E-03  0.168271268643E-02
  0.155533372328E-03  0.177176798463E-02
  0.163488349398E-03  0.186233928790E-02
  0.171579305700E-03  0.195445208030E-02
  0.179808565607E-03  0.204813226455E-02
  0.188178493228E-03  0.214340616875E-02
  0.196691493080E-03  0.224030055317E-02
  0.205350010784E-03  0.233884261718E-02
  0.214156533764E-03  0.243906000629E-02
  0.223113591964E-03  0.254098081929E-02
  0.232223758573E-03  0.264463361546E-02
  0.241489650766E-03  0.275004742200E-02
  0.250913930455E-03  0.285725174144E-02
  0.260499305052E-03  0.296627655927E-02
  0.270248528251E-03  0.307715235163E-02
  0.280164400814E-03  0.318991009316E-02
  0.290249771379E-03  0.330458126490E-02
  0.300507537280E-03  0.342119786241E-02
  0.310940645372E-03  0.353979240389E-02
  0.321552092887E-03  0.366039793855E-02
  0.332344928287E-03  0.378304805500E-02
  0.343322252146E-03  0.390777688981E-02
  0.354487218036E-03  0.403461913620E-02
  0.365843033437E-03  0.416361005282E-02
  0.377392960653E-03  0.429478547271E-02
  0.389140317755E-03  0.442818181234E-02
  0.401088479533E-03  0.456383608079E-02
  0.413240878461E-03  0.470178588909E-02
  0.425601005689E-03  0.484206945961E-02
  0.438172412041E-03  0.498472563569E-02
  0.450958709041E-03  0.512979389132E-02
  0.463963569943E-03  0.527731434095E-02
  0.477190730792E-03  0.542732774950E-02
  0.490643991496E-03  0.557987554239E-02
  0.504327216916E-03  0.573499981586E-02
  0.518244337978E-03  0.589274334721E-02
  0.532399352802E-03  0.605314960540E-02
  0.546796327850E-03  0.621626276160E-02
  0.561439399093E-03  0.638212769998E-02
  0.576332773203E-03  0.655079002858E-02
  0.591480728758E-03  0.672229609033E-02
  0.606887617473E-03  0.689669297421E-02
  0.622557865448E-03  0.707402852652E-02
  0.638495974442E-03  0.725435136233E-02
  0.654706523167E-03  0.743771087696E-02
  0.671194168598E-03  0.762415725774E-02
  0.687963647318E-03  0.781374149576E-02
  0.705019776872E-03  0.800651539784E-02
  0.722367457158E-03  0.820253159861E-02
  0.740011671827E-03  0.840184357268E-02
  0.757957489721E-03  0.860450564703E-02
  0.776210066327E-03  0.881057301344E-02
  0.794774645257E-03  0.902010174108E-02
  0.813656559754E-03  0.923314878927E-02
  0.832861234228E-03  0.944977202031E-02
  0.852394185810E-03  0.967003021248E-02
  0.872261025938E-03  0.989398307312E-02
  0.892467461973E-03  0.101216912519E-01
  0.913019298830E-03  0.103532163543E-01
  0.933922440657E-03  0.105886209548E-01
  0.955182892520E-03  0.108279686108E-01
  0.976806762136E-03  0.110713238762E-01
  0.998800261625E-03  0.113187523155E-01
  0.102116970929E-02  0.115703205174E-01
  0.104392153145E-02  0.118260961093E-01
  0.106706226425E-02  0.120861477712E-01
  0.109059855559E-02  0.123505452505E-01
  0.111453716698E-02  0.126193593760E-01
  0.113888497552E-02  0.128926620727E-01
  0.116364897587E-02  0.131705263767E-01
  0.118883628224E-02  0.134530264496E-01
  0.121445413047E-02  0.137402375939E-01
  0.124050988005E-02  0.140322362677E-01
  0.126701101631E-02  0.143291000999E-01
  0.129396515252E-02  0.146309079058E-01
  0.132138003206E-02  0.149377397018E-01
  0.134926353070E-02  0.152496767217E-01
  0.137762365885E-02  0.155668014313E-01
  0.140646856380E-02  0.158891975451E-01
  0.143580653215E-02  0.162169500410E-01
  0.146564599212E-02  0.165501451769E-01
  0.149599551601E-02  0.168888705064E-01
  0.152686382266E-02  0.172332148943E-01
  0.155825977993E-02  0.175832685336E-01
  0.159019240728E-02  0.179391229606E-01
  0.162267087832E-02  0.183008710717E-01
  0.165570452350E-02  0.186686071397E-01
  0.168930283274E-02  0.190424268297E-01
  0.172347545819E-02  0.194224272154E-01
  0.175823221697E-02  0.198087067961E-01
  0.179358309404E-02  0.202013655123E-01
  0.182953824502E-02  0.206005047625E-01
  0.186610799913E-02  0.210062274198E-01
  0.190330286214E-02  0.214186378478E-01
  0.194113351943E-02  0.218378419175E-01
  0.197961083901E-02  0.222639470235E-01
  0.201874587466E-02  0.226970621004E-01
  0.205854986914E-02  0.231372976391E-01
  0.209903425735E-02  0.235847657030E-01
  0.214021066967E-02  0.240395799446E-01
  0.218209093530E-02  0.245018556213E-01
  0.222468708561E-02  0.249717096115E-01
  0.226801135767E-02  0.254492604308E-01
  0.231207619770E-02  0.259346282478E-01
  0.235689426467E-02  0.264279348995E-01
  0.240247843395E-02  0.269293039075E-01
  0.244884180098E-02  0.274388604929E-01
  0.249599768506E-02  0.279567315919E-01
  0.254395963318E-02  0.284830458708E-01
  0.259274142386E-02  0.290179337408E-01
  0.264235707117E-02  0.295615273727E-01
  0.269282082872E-02  0.301139607112E-01
  0.274414719379E-02  0.306753694893E-01
  0.279635091143E-02  0.312458912419E-01
  0.284944697877E-02  0.318256653194E-01
  0.290345064928E-02  0.324148329009E-01
  0.295837743717E-02  0.330135370070E-01
  0.301424312185E-02  0.336219225124E-01
  0.307106375243E-02  0.342401361580E-01
  0.312885565239E-02  0.348683265621E-01
  0.318763542423E-02  0.355066442323E-01
  0.324741995424E-02  0.361552415753E-01
  0.330822641735E-02  0.368142729080E-01
  0.337007228208E-02  0.374838944663E-01
  0.343297531556E-02  0.381642644147E-01
  0.349695358861E-02  0.388555428544E-01
  0.356202548094E-02  0.395578918312E-01
  0.362820968646E-02  0.402714753426E-01
  0.369552521861E-02  0.409964593441E-01
  0.376399141583E-02  0.417330117548E-01
  0.383362794714E-02  0.424813024624E-01
  0.390445481777E-02  0.432415033269E-01
  0.397649237491E-02  0.440137881839E-01
  0.404976131354E-02  0.447983328466E-01
  0.412428268243E-02  0.455953151071E-01
  0.420007789012E-02  0.464049147364E-01
  0.427716871110E-02  0.472273134840E-01
  0.435557729208E-02  0.480626950751E-01
  0.443532615832E-02  0.489112452081E-01
  0.451643822013E-02  0.497731515497E-01
  0.459893677943E-02  0.506486037295E-01
  0.468284553647E-02  0.515377933328E-01
  0.476818859661E-02  0.524409138923E-01
  0.485499047726E-02  0.533581608781E-01
  0.494327611491E-02  0.542897316862E-01
  0.503307087233E-02  0.552358256255E-01
  0.512440054580E-02  0.561966439032E-01
  0.521729137258E-02  0.571723896085E-01
  0.531177003841E-02  0.581632676940E-01
  0.540786368517E-02  0.591694849559E-01
  0.550559991872E-02  0.601912500117E-01
  0.560500681678E-02  0.612287732765E-01
  0.570611293702E-02  0.622822669363E-01
  0.580894732528E-02  0.633519449197E-01
  0.591353952390E-02  0.644380228675E-01
  0.601991958018E-02  0.655407180993E-01
  0.612811805506E-02  0.666602495776E-01
  0.623816603186E-02  0.677968378704E-01
  0.635009512524E-02  0.689507051097E-01
  0.646393749026E-02  0.701220749482E-01
  0.657972583163E-02  0.713111725125E-01
  0.669749341310E-02  0.725182243541E-01
  0.681727406702E-02  0.737434583963E-01
  0.693910220405E-02  0.749871038787E-01
  0.706301282306E-02  0.762493912979E-01
  0.718904152117E-02  0.775305523448E-01
  0.731722450399E-02  0.788308198386E-01
  0.744759859600E-02  0.801504276570E-01
  0.758020125116E-02  0.814896106619E-01
  0.771507056366E-02  0.828486046222E-01
  0.785224527882E-02  0.842276461319E-01
  0.799176480430E-02  0.856269725237E-01
  0.813366922135E-02  0.870468217785E-01
  0.827799929636E-02  0.884874324307E-01
  0.842479649258E-02  0.899490434680E-01
  0.857410298199E-02  0.914318942266E-01
  0.872596165747E-02  0.929362242821E-01
  0.888041614507E-02  0.944622733339E-01
  0.903751081658E-02  0.960102810854E-01
  0.919729080225E-02  0.975804871175E-01
  0.935980200378E-02  0.991731307578E-01
  0.952509110751E-02  0.100788450942E+00
  0.969320559778E-02  0.102426686073E+00
  0.986419377064E-02  0.104088073866E+00
  0.100381047477E-01  0.105772851196E+00
  0.102149884902E-01  0.107481253935E+00
  0.103948958134E-01  0.109213516780E+00
  0.105778784012E-01  0.110969873075E+00
  0.107639888209E-01  0.112750554630E+00
  0.109532805386E-01  0.114555791527E+00
  0.111458079340E-01  0.116385811917E+00
  0.113416263165E-01  0.118240841819E+00
  0.115407919410E-01  0.120121104898E+00
  0.117433620239E-01  0.122026822245E+00
  0.119493947596E-01  0.123958212140E+00
  0.121589493374E-01  0.125915489810E+00
  0.123720859583E-01  0.127898867181E+00
  0.125888658522E-01  0.129908552613E+00
  0.128093512959E-01  0.131944750633E+00
  0.130336056306E-01  0.134007661652E+00
  0.132616932801E-01  0.136097481675E+00
  0.134936797696E-01  0.138214401997E+00
  0.137296317445E-01  0.140358608896E+00
  0.139696169890E-01  0.142530283305E+00
  0.142137044464E-01  0.144729600479E+00
  0.144619642382E-01  0.146956729650E+00
  0.147144676847E-01  0.149211833665E+00
  0.149712873252E-01  0.151495068621E+00
  0.152324969390E-01  0.153806583474E+00
  0.154981715666E-01  0.156146519652E+00
  0.157683875312E-01  0.158515010641E+00
  0.160432224606E-01  0.160912181562E+00
  0.163227553096E-01  0.163338148737E+00
  0.166070663825E-01  0.165793019238E+00
  0.168962373564E-01  0.168276890423E+00
  0.171903513045E-01  0.170789849456E+00
  0.174894927201E-01  0.173331972815E+00
  0.177937475407E-01  0.175903325778E+00
  0.181032031729E-01  0.178503961904E+00
  0.184179485172E-01  0.181133922488E+00
  0.187380739939E-01  0.183793236008E+00
  0.190636715688E-01  0.186481917547E+00
  0.193948347799E-01  0.189199968209E+00
  0.197316587639E-01  0.191947374505E+00
  0.200742402838E-01  0.194724107737E+00
  0.204226777567E-01  0.197530123347E+00
  0.207770712820E-01  0.200365360266E+00
  0.211375226699E-01  0.203229740233E+00
  0.215041354713E-01  0.206123167095E+00
  0.218770150068E-01  0.209045526099E+00
  0.222562683976E-01  0.211996683156E+00
  0.226420045959E-01  0.214976484085E+00
  0.230343344161E-01  0.217984753849E+00
  0.234333705670E-01  0.221021295755E+00
  0.238392276841E-01  0.224085890651E+00
  0.242520223621E-01  0.227178296090E+00
  0.246718731891E-01  0.230298245482E+00
  0.250989007800E-01  0.233445447226E+00
  0.255332278116E-01  0.236619583812E+00
  0.259749790577E-01  0.239820310917E+00
  0.264242814248E-01  0.243047256471E+00
  0.268812639888E-01  0.246300019707E+00
  0.273460580319E-01  0.249578170185E+00
  0.278187970806E-01  0.252881246806E+00
  0.282996169435E-01  0.256208756793E+00
  0.287886557510E-01  0.259560174665E+00
  0.292860539943E-01  0.262934941179E+00
  0.297919545665E-01  0.266332462259E+00
  0.303065028029E-01  0.269752107904E+00
  0.308298465233E-01  0.273193211079E+00
  0.313621360742E-01  0.276655066578E+00
  0.319035243721E-01  0.280136929880E+00
  0.324541669474E-01  0.283638015979E+00
  0.330142219890E-01  0.287157498197E+00
  0.335838503899E-01  0.290694506983E+00
  0.341632157934E-01  0.294248128688E+00
  0.347524846399E-01  0.297817404334E+00
  0.353518262149E-01  0.301401328357E+00
  0.359614126977E-01  0.304998847344E+00
  0.365814192106E-01  0.308608858748E+00
  0.372120238697E-01  0.312230209594E+00
  0.378534078352E-01  0.315861695175E+00
  0.385057553646E-01  0.319502057731E+00
  0.391692538645E-01  0.323149985126E+00
  0.398440939453E-01  0.326804109506E+00
  0.405304694755E-01  0.330463005959E+00
  0.412285776375E-01  0.334125191163E+00
  0.419386189841E-01  0.337789122033E+00
  0.426607974967E-01  0.341453194364E+00
  0.433953206431E-01  0.345115741471E+00
  0.441423994375E-01  0.348775032835E+00
  0.449022485013E-01  0.352429272742E+00
  0.456750861243E-01  0.356076598940E+00
  0.464611343280E-01  0.359715081291E+00
  0.472606189287E-01  0.363342720437E+00
  0.480737696029E-01  0.366957446481E+00
  0.489008199529E-01  0.370557117679E+00
  0.497420075745E-01  0.374139519146E+00
  0.505975741245E-01  0.377702361587E+00
  0.514677653907E-01  0.381243280053E+00
  0.523528313620E-01  0.384759832713E+00
  0.532530263010E-01  0.388249499670E+00
  0.541686088161E-01  0.391709681794E+00
  0.550998419365E-01  0.395137699608E+00
  0.560469931874E-01  0.398530792201E+00
  0.570103346672E-01  0.401886116194E+00
  0.579901431250E-01  0.405200744752E+00
  0.589867000411E-01  0.408471666648E+00
  0.600002917068E-01  0.411695785388E+00
  0.610312093074E-01  0.414869918392E+00
  0.620797490057E-01  0.417990796252E+00
  0.631462120267E-01  0.421055062053E+00
  0.642309047447E-01  0.424059270779E+00
  0.653341387710E-01  0.426999888795E+00
  0.664562310432E-01  0.429873293422E+00
  0.675975039168E-01  0.432675772609E+00
  0.687582852574E-01  0.435403524699E+00
  0.699389085350E-01  0.438052658308E+00
  0.711397129198E-01  0.440619192312E+00
  0.723610433798E-01  0.443099055959E+00
  0.736032507795E-01  0.445488089103E+00
  0.748666919810E-01  0.447782042572E+00
  0.761517299466E-01  0.449976578679E+00
  0.774587338427E-01  0.452067271882E+00
  0.787880791465E-01  0.454049609590E+00
  0.801401477529E-01  0.455918993143E+00
  0.815153280852E-01  0.457670738958E+00
  0.829140152060E-01  0.459300079849E+00
  0.843366109312E-01  0.460802166539E+00
  0.857835239449E-01  0.462172069364E+00
  0.872551699172E-01  0.463404780181E+00
  0.887519716236E-01  0.464495214481E+00
  0.902743590662E-01  0.465438213728E+00
  0.918227695974E-01  0.466228547922E+00
  0.933976480457E-01  0.466860918394E+00
  0.949994468432E-01  0.467329960855E+00
  0.966286261556E-01  0.467630248682E+00
  0.982856540146E-01  0.467756296482E+00
  0.999710064523E-01  0.467702563908E+00
  0.101685167638E+00  0.467463459766E+00
  0.103428630017E+00  0.467033346395E+00
  0.105201894451E+00  0.466406544348E+00
  0.107005470367E+00  0.465577337370E+00
  0.108839875896E+00  0.464539977681E+00
  0.110705638027E+00  0.463288691580E+00
  0.112603292758E+00  0.461817685364E+00
  0.114533385248E+00  0.460121151576E+00
  0.116496469976E+00  0.458193275593E+00
  0.118493110897E+00  0.456028242543E+00
  0.120523881608E+00  0.453620244576E+00
  0.122589365511E+00  0.450963488476E+00
  0.124690155978E+00  0.448052203630E+00
  0.126826856526E+00  0.444880650355E+00
  0.129000080988E+00  0.441443128577E+00
  0.131210453690E+00  0.437733986874E+00
  0.133458609628E+00  0.433747631880E+00
  0.135745194654E+00  0.429478538051E+00
  0.138070865660E+00  0.424921257787E+00
  0.140436290766E+00  0.420070431914E+00
  0.142842149513E+00  0.414920800528E+00
  0.145289133057E+00  0.409467214178E+00
  0.147777944370E+00  0.403704645403E+00
  0.150309298440E+00  0.397628200611E+00
  0.152883922474E+00  0.391233132281E+00
  0.155502556113E+00  0.384514851500E+00
  0.158165951639E+00  0.377468940805E+00
  0.160874874195E+00  0.370091167328E+00
  0.163630102002E+00  0.362377496237E+00
  0.166432426582E+00  0.354324104445E+00
  0.169282652990E+00  0.345927394582E+00
  0.172181600041E+00  0.337184009211E+00
  0.175130100546E+00  0.328090845267E+00
  0.178129001552E+00  0.318645068702E+00
  0.181179164585E+00  0.308844129317E+00
  0.184281465899E+00  0.298685775747E+00
  0.187436796724E+00  0.288168070596E+00
  0.190646063526E+00  0.277289405665E+00
  0.193910188265E+00  0.266048517285E+00
  0.197230108660E+00  0.254444501680E+00
  0.200606778462E+00  0.242476830371E+00
  0.204041167722E+00  0.230145365550E+00
  0.207534263072E+00  0.217450375411E+00
  0.211087068013E+00  0.204392549385E+00
  0.214700603196E+00  0.190973013234E+00
  0.218375906719E+00  0.177193343960E+00
  0.222114034428E+00  0.163055584461E+00
  0.225916060212E+00  0.148562257884E+00
  0.229783076321E+00  0.133716381592E+00
  0.233716193673E+00  0.118521480674E+00
  0.237716542178E+00  0.102981600903E+00
  0.241785271057E+00  0.871013210340E-01
  0.245923549178E+00  0.708857643434E-01
  0.250132565388E+00  0.543406092715E-01
  0.254413528856E+00  0.374720990403E-01
  0.258767669420E+00  0.202870501082E-01
  0.263196237940E+00  0.279285932137E-02
  0.267700506659E+00 -0.150024903641E-01
  0.272281769565E+00 -0.330904256925E-01
  0.276941342767E+00 -0.514617805122E-01
  0.281680564869E+00 -0.701067947704E-01
  0.286500797360E+00 -0.890151150139E-01
  0.291403424997E+00 -0.108175796200E+00
  0.296389856212E+00 -0.127577304512E+00
  0.301461523510E+00 -0.147207520725E+00
  0.306619883881E+00 -0.167053743600E+00
  0.311866419224E+00 -0.187102692654E+00
  0.317202636767E+00 -0.207340509693E+00
  0.322630069502E+00 -0.227752758522E+00
  0.328150276624E+00 -0.248324422443E+00
  0.333764843983E+00 -0.269039899409E+00
  0.339475384535E+00 -0.289882995081E+00
  0.345283538809E+00 -0.310836914467E+00
  0.351190975373E+00 -0.331884253308E+00
  0.357199391322E+00 -0.353006990760E+00
  0.363310512755E+00 -0.374186485278E+00
  0.369526095281E+00 -0.395403475591E+00
  0.375847924515E+00 -0.416638088572E+00
  0.382277816597E+00 -0.437869855151E+00
  0.388817618711E+00 -0.459077734812E+00
  0.395469209615E+00 -0.480240148175E+00
  0.402234500182E+00 -0.501335016544E+00
  0.409115433950E+00 -0.522339806573E+00
  0.416113987677E+00 -0.543231578203E+00
  0.423232171914E+00 -0.563987033986E+00
  0.430472031575E+00 -0.584582568545E+00
  0.437835646533E+00 -0.604994317239E+00
  0.445325132213E+00 -0.625198203856E+00
  0.452942640197E+00 -0.645169987343E+00
  0.460690358849E+00 -0.664885308067E+00
  0.468570513939E+00 -0.684319734013E+00
  0.476585369283E+00 -0.703448807520E+00
  0.484737227393E+00 -0.722248092938E+00
  0.493028430141E+00 -0.740693225604E+00
  0.501461359428E+00 -0.758759962320E+00
  0.510038437872E+00 -0.776424233505E+00
  0.518762129502E+00 -0.793662196956E+00
  0.527634940466E+00 -0.810450293217E+00
  0.536659419750E+00 -0.826765302328E+00
  0.545838159912E+00 -0.842584401784E+00
  0.555173797828E+00 -0.857885225398E+00
  0.564669015445E+00 -0.872645922782E+00
  0.574326540555E+00 -0.886845219118E+00
  0.584149147579E+00 -0.900462474845E+00
  0.594139658362E+00 -0.913477744985E+00
  0.604300942983E+00 -0.925871837659E+00
  0.614635920584E+00 -0.937626371596E+00
  0.625147560203E+00 -0.948723832167E+00
  0.635838881632E+00 -0.959147625809E+00
  0.646712956279E+00 -0.968882132372E+00
  0.657772908056E+00 -0.977912755352E+00
  0.669021914274E+00 -0.986225969506E+00
  0.680463206553E+00 -0.993809365939E+00
  0.692100071757E+00 -0.100065169410E+01
  0.703935852930E+00 -0.100674290094E+01
  0.715973950265E+00 -0.101207416655E+01
  0.728217822073E+00 -0.101663793672E+01
  0.740670985782E+00 -0.102042795166E+01
  0.753337018944E+00 -0.102343927148E+01
  0.766219560267E+00 -0.102566829748E+01
  0.779322310655E+00 -0.102711279017E+01
  0.792649034274E+00 -0.102777188290E+01
  0.806203559634E+00 -0.102764609208E+01
  0.819989780688E+00 -0.102673732302E+01
  0.834011657951E+00 -0.102504887228E+01
  0.848273219637E+00 -0.102258542556E+01
  0.862778562816E+00 -0.101935305223E+01
  0.877531854593E+00 -0.101535919544E+01
  0.892537333304E+00 -0.101061265890E+01
  0.907799309730E+00 -0.100512358939E+01
  0.923322168344E+00 -0.998903456044E+00
  0.939110368562E+00 -0.991965025602E+00
  0.955168446029E+00 -0.984322334593E+00
  0.971501013919E+00 -0.975990657633E+00
  0.988112764263E+00 -0.966986472983E+00
  0.100500846930E+01 -0.957327424404E+00
  0.102219298283E+01 -0.947032280547E+00
  0.103967124163E+01 -0.936120890916E+00
  0.105744826688E+01 -0.924614139623E+00
  0.107552916556E+01 -0.912533896018E+00
  0.109391913198E+01 -0.899902963366E+00
  0.111262344920E+01 -0.886745024712E+00
  0.113164749062E+01 -0.873084587024E+00
  0.115099672148E+01 -0.858946922837E+00
  0.117067670044E+01 -0.844358010389E+00
  0.119069308118E+01 -0.829344471552E+00
  0.121105161400E+01 -0.813933508431E+00
  0.123175814753E+01 -0.798152838035E+00
  0.125281863036E+01 -0.782030625766E+00
  0.127423911275E+01 -0.765595417228E+00
  0.129602574838E+01 -0.748876068968E+00
  0.131818479615E+01 -0.731901677782E+00
  0.134072262192E+01 -0.714701509051E+00
  0.136364570036E+01 -0.697304923887E+00
  0.138696061684E+01 -0.679741305422E+00
  0.141067406927E+01 -0.662039984200E+00
  0.143479287008E+01 -0.644230162880E+00
  0.145932394813E+01 -0.626340840420E+00
  0.148427435072E+01 -0.608400735852E+00
  0.150965124562E+01 -0.590438212064E+00
  0.153546192313E+01 -0.572481199641E+00
  0.156171379815E+01 -0.554557121405E+00
  0.158841441233E+01 -0.536692817715E+00
  0.161557143624E+01 -0.518914473383E+00
  0.164319267158E+01 -0.501247546274E+00
  0.167128605339E+01 -0.483716698640E+00
  0.169985965236E+01 -0.466345731255E+00
  0.172892167712E+01 -0.449157521521E+00
  0.175848047663E+01 -0.432173965581E+00
  0.178854454257E+01 -0.415415925638E+00
  0.181912251176E+01 -0.398903182422E+00
  0.185022316866E+01 -0.382654393919E+00
  0.188185544788E+01 -0.366687060157E+00
  0.191402843677E+01 -0.351017494987E+00
  0.194675137801E+01 -0.335660804414E+00
  0.198003367225E+01 -0.320630872215E+00
  0.201388488087E+01 -0.305940352110E+00
  0.204831472865E+01 -0.291600666976E+00
  0.208333310664E+01 -0.277622014132E+00
  0.211895007492E+01 -0.264013376920E+00
  0.215517586556E+01 -0.250782541434E+00
  0.219202088554E+01 -0.237936118415E+00
  0.222949571972E+01 -0.225479569080E+00
  0.226761113389E+01 -0.213417234755E+00
  0.230637807786E+01 -0.201752369128E+00
  0.234580768864E+01 -0.190487172940E+00
  0.238591129359E+01 -0.179622830063E+00
  0.242670041369E+01 -0.169159544843E+00
  0.246818676688E+01 -0.159096579872E+00
  0.251038227138E+01 -0.149432294207E+00
  0.255329904913E+01 -0.140164181443E+00
  0.259694942931E+01 -0.131288907842E+00
  0.264134595182E+01 -0.122802350180E+00
  0.268650137092E+01 -0.114699633641E+00
  0.273242865889E+01 -0.106975169667E+00
  0.277914100975E+01 -0.996226941442E-01
  0.282665184305E+01 -0.926353059724E-01
  0.287497480775E+01 -0.860055064016E-01
  0.292412378608E+01 -0.797252391952E-01
  0.297411289761E+01 -0.737859319337E-01
  0.302495650323E+01 -0.681785384483E-01
  0.307666920934E+01 -0.628935825590E-01
  0.312926587198E+01 -0.579212029964E-01
  0.318276160117E+01 -0.532511995099E-01
  0.323717176519E+01 -0.488730799230E-01
  0.329251199502E+01 -0.447761079788E-01
  0.334879818885E+01 -0.409493516359E-01
  0.340604651661E+01 -0.373817315406E-01
  0.346427342464E+01 -0.340620692742E-01
  0.352349564040E+01 -0.309791350364E-01
  0.358373017729E+01 -0.281216943493E-01
  0.364499433952E+01 -0.254785534312E-01
  0.370730572710E+01 -0.230386028545E-01
  0.377068224089E+01 -0.207908591670E-01
  0.383514208773E+01 -0.187245041540E-01
  0.390070378570E+01 -0.168289214838E-01
  0.396738616939E+01 -0.150937304958E-01
  0.403520839537E+01 -0.135088169544E-01
  0.410418994764E+01 -0.120643606199E-01
  0.417435064329E+01 -0.107508595463E-01
  0.424571063811E+01 -0.955915104730E-02
  0.431829043244E+01 -0.848042932431E-02
  0.439211087707E+01 -0.750625978180E-02
  0.446719317918E+01 -0.662859009665E-02
  0.454355890845E+01 -0.583975813824E-02
  0.462123000329E+01 -0.513249686771E-02
  0.470022877710E+01 -0.449993636820E-02
  0.478057792469E+01 -0.393560318147E-02
  0.486230052882E+01 -0.343341714229E-02
  0.494542006682E+01 -0.298768591733E-02
  0.502996041732E+01 -0.259309746424E-02
  0.511594586712E+01 -0.224471063405E-02
  0.520340111819E+01 -0.193794414256E-02
  0.529235129472E+01 -0.166856413687E-02
  0.538282195038E+01 -0.143267058022E-02
  0.547483907563E+01 -0.122668267281E-02
  0.556842910522E+01 -0.104732351874E-02
  0.566361892575E+01 -0.891604239283E-03
  0.576043588341E+01 -0.756807721244E-03
  0.585890779185E+01 -0.640472176583E-03
  0.595906294013E+01 -0.540374675123E-03
  0.606093010089E+01 -0.454514797701E-03
  0.616453853860E+01 -0.381098541691E-03
  0.626991801796E+01 -0.318522595277E-03
  0.637709881244E+01 -0.265359081271E-03
  0.648611171303E+01 -0.220340855869E-03
  0.659698803701E+01 -0.182347432780E-03
  0.670975963701E+01 -0.150391588725E-03
  0.682445891012E+01 -0.123606692691E-03
  0.694111880723E+01 -0.101234788509E-03
  0.705977284247E+01 -0.826154485385E-04
  0.718045510285E+01 -0.671754054397E-04
  0.730320025805E+01 -0.544189594180E-04
  0.742804357036E+01 -0.439191497412E-04
  0.755502090487E+01 -0.353096719916E-04
  0.768416873970E+01 -0.282775162438E-04
  0.781552417653E+01 -0.225562961759E-04
  0.794912495123E+01 -0.179202348474E-04
  0.808500944471E+01 -0.141787711833E-04
  0.822321669397E+01 -0.111717457925E-04
  0.836378640327E+01 -0.876512672767E-05
  0.850675895557E+01 -0.684723365244E-05
  0.865217542412E+01 -0.532541912401E-05
  0.880007758426E+01 -0.412316637582E-05
  0.895050792540E+01 -0.317756409641E-05
  0.910350966329E+01 -0.243712019470E-05
  0.925912675235E+01 -0.185987832371E-05
  0.941740389837E+01 -0.141180291274E-05
  0.957838657131E+01 -0.106540053946E-05
  0.974212101837E+01 -0.798547562300E-06
  0.990865427729E+01 -0.593495924576E-06
  0.100780341899E+02 -0.436030814077E-06
  0.102503094156E+02 -0.314755264845E-06
  0.104255294460E+02 -0.220477620151E-06
  0.106037446182E+02 -0.145677755197E-06
  0.107850061301E+02 -0.840266688098E-07
  0.109693660545E+02 -0.299308673009E-07
  0.111568773546E+02  0.000000000000E+00
  0.113475938986E+02  0.000000000000E+00
  0.115415704758E+02  0.000000000000E+00
  0.117388628119E+02  0.000000000000E+00
  0.119395275851E+02  0.000000000000E+00
  0.121436224425E+02  0.000000000000E+00
  0.123512060167E+02  0.000000000000E+00
  0.125623379424E+02  0.000000000000E+00
  0.127770788737E+02  0.000000000000E+00
  0.129954905016E+02  0.000000000000E+00
  0.132176355714E+02  0.000000000000E+00
  0.134435779011E+02  0.000000000000E+00
  0.136733823996E+02  0.000000000000E+00
  0.139071150853E+02  0.000000000000E+00
  0.141448431051E+02  0.000000000000E+00
  0.143866347536E+02  0.000000000000E+00
  0.146325594929E+02  0.000000000000E+00
  0.148826879724E+02  0.000000000000E+00
  0.151370920491E+02  0.000000000000E+00
  0.153958448085E+02  0.000000000000E+00
  0.156590205852E+02  0.000000000000E+00
  0.159266949846E+02  0.000000000000E+00
  0.161989449042E+02  0.000000000000E+00
  0.164758485562E+02  0.000000000000E+00
  0.167574854897E+02  0.000000000000E+00
  0.170439366135E+02  0.000000000000E+00
  0.173352842195E+02  0.000000000000E+00
  0.176316120062E+02  0.000000000000E+00
  0.179330051029E+02  0.000000000000E+00
  0.182395500940E+02  0.000000000000E+00
  0.185513350438E+02  0.000000000000E+00
  0.188684495222E+02  0.000000000000E+00
  0.191909846301E+02  0.000000000000E+00
  0.195190330255E+02  0.000000000000E+00
  0.198526889504E+02  0.000000000000E+00
  0.201920482577E+02  0.000000000000E+00
  0.205372084387E+02  0.000000000000E+00
  0.208882686513E+02  0.000000000000E+00
  0.212453297483E+02  0.000000000000E+00
  0.216084943064E+02  0.000000000000E+00
  0.219778666558E+02  0.000000000000E+00
  0.223535529101E+02  0.000000000000E+00
  0.227356609965E+02  0.000000000000E+00
  0.231243006874E+02  0.000000000000E+00
  0.235195836314E+02  0.000000000000E+00
  0.239216233857E+02  0.000000000000E+00
  0.243305354485E+02  0.000000000000E+00
  0.247464372923E+02  0.000000000000E+00
  0.251694483977E+02  0.000000000000E+00
  0.255996902876E+02  0.000000000000E+00
  0.260372865621E+02  0.000000000000E+00
  0.264823629342E+02  0.000000000000E+00
  0.269350472658E+02  0.000000000000E+00
  0.273954696042E+02  0.000000000000E+00
  0.278637622200E+02  0.000000000000E+00
  0.283400596445E+02  0.000000000000E+00
  0.288244987087E+02  0.000000000000E+00
  0.293172185826E+02  0.000000000000E+00
  0.298183608151E+02  0.000000000000E+00
  0.303280693747E+02  0.000000000000E+00
  0.308464906907E+02  0.000000000000E+00
  0.313737736956E+02  0.000000000000E+00
  0.319100698676E+02  0.000000000000E+00
  0.324555332743E+02  0.000000000000E+00
  0.330103206165E+02  0.000000000000E+00
  0.335745912742E+02  0.000000000000E+00
  0.341485073512E+02  0.000000000000E+00
  0.347322337226E+02  0.000000000000E+00
  0.353259380817E+02  0.000000000000E+00
  0.359297909882E+02  0.000000000000E+00
  0.365439659174E+02  0.000000000000E+00
  0.371686393098E+02  0.000000000000E+00
  0.378039906221E+02  0.000000000000E+00
  0.384502023784E+02  0.000000000000E+00
  0.391074602228E+02  0.000000000000E+00
  0.397759529727E+02  0.000000000000E+00
  0.404558726733E+02  0.000000000000E+00
  0.411474146522E+02  0.000000000000E+00
  0.418507775762E+02  0.000000000000E+00
  0.425661635077E+02  0.000000000000E+00
  0.432937779633E+02  0.000000000000E+00
  0.440338299725E+02  0.000000000000E+00
  0.447865321380E+02  0.000000000000E+00
  0.455521006966E+02  0.000000000000E+00
  0.463307555812E+02  0.000000000000E+00
  0.471227204844E+02  0.000000000000E+00
  0.479282229223E+02  0.000000000000E+00
  0.487474943003E+02  0.000000000000E+00
  0.495807699790E+02  0.000000000000E+00
  0.504282893426E+02  0.000000000000E+00
  0.512902958668E+02  0.000000000000E+00
  0.521670371896E+02  0.000000000000E+00
  0.530587651817E+02  0.000000000000E+00
  0.539657360193E+02  0.000000000000E+00
  0.548882102576E+02  0.000000000000E+00
  0.558264529055E+02  0.000000000000E+00
  0.567807335021E+02  0.000000000000E+00
  0.577513261938E+02  0.000000000000E+00
  0.587385098129E+02  0.000000000000E+00
  0.597425679582E+02  0.000000000000E+00
  0.607637890763E+02  0.000000000000E+00
  0.618024665441E+02  0.000000000000E+00
  0.628588987537E+02  0.000000000000E+00
  0.639333891975E+02  0.000000000000E+00
  0.650262465558E+02  0.000000000000E+00
  0.661377847856E+02  0.000000000000E+00
  0.672683232100E+02  0.000000000000E+00
  0.684181866111E+02  0.000000000000E+00
  0.695877053222E+02  0.000000000000E+00
  0.707772153235E+02  0.000000000000E+00
  0.719870583381E+02  0.000000000000E+00
  0.732175819307E+02  0.000000000000E+00
  0.744691396067E+02  0.000000000000E+00
  0.757420909145E+02  0.000000000000E+00
  0.770368015483E+02  0.000000000000E+00
  0.783536434535E+02  0.000000000000E+00
  0.796929949333E+02  0.000000000000E+00
  0.810552407574E+02  0.000000000000E+00
         737           1         210
  0.000000000000E+00  0.000000000000E+00
  0.529635113499E-05  0.593455069198E-09
  0.106832360010E-04  0.241456915617E-08
  0.161622021457E-04  0.552630140535E-08
  0.217348235702E-04  0.999413061413E-08
  0.274027011807E-04  0.158861477776E-07
  0.331674632488E-04  0.232731518976E-07
  0.390307658791E-04  0.322287491767E-07
  0.449942934849E-04  0.428294557151E-07
  0.510597592724E-04  0.551548038313E-07
  0.572289057325E-04  0.692874521322E-07
  0.635035051415E-04  0.853132994646E-07
  0.698853600706E-04  0.103321602880E-06
  0.763763039030E-04  0.123405099757E-06
  0.829782013614E-04  0.145660134213E-06
  0.896929490432E-04  0.170186787978E-06
  0.965224759654E-04  0.197089015855E-06
  0.103468744119E-03  0.226474785949E-06
  0.110533749032E-03  0.258456224821E-06
  0.117719520345E-03  0.293149767736E-06
  0.125028122389E-03  0.330676314185E-06
  0.132461654785E-03  0.371161388863E-06
  0.140022253043E-03  0.414735308288E-06
  0.147712089177E-03  0.461533353262E-06
  0.155533372328E-03  0.511695947370E-06
  0.163488349398E-03  0.565368841731E-06
  0.171579305700E-03  0.622703306216E-06
  0.179808565607E-03  0.683856327348E-06
  0.188178493228E-03  0.748990813131E-06
  0.196691493080E-03  0.818275805032E-06
  0.205350010784E-03  0.891886697372E-06
  0.214156533764E-03  0.970005464380E-06
  0.223113591964E-03  0.105282089516E-05
  0.232223758573E-03  0.114052883689E-05
  0.241489650766E-03  0.123333244646E-05
  0.250913930455E-03  0.133144245091E-05
  0.260499305052E-03  0.143507741693E-05
  0.270248528251E-03  0.154446402978E-05
  0.280164400814E-03  0.165983738190E-05
  0.290249771379E-03  0.178144127152E-05
  0.300507537280E-03  0.190952851176E-05
  0.310940645372E-03  0.204436125039E-05
  0.321552092887E-03  0.218621130075E-05
  0.332344928287E-03  0.233536048416E-05
  0.343322252146E-03  0.249210098425E-05
  0.354487218036E-03  0.265673571349E-05
  0.365843033437E-03  0.282957869261E-05
  0.377392960653E-03  0.301095544303E-05
  0.389140317755E-03  0.320120339294E-05
  0.401088479533E-03  0.340067229754E-05
  0.413240878461E-03  0.360972467370E-05
  0.425601005689E-03  0.382873624978E-05
  0.438172412041E-03  0.405809643097E-05
  0.450958709041E-03  0.429820878072E-05
  0.463963569943E-03  0.454949151889E-05
  0.477190730792E-03  0.481237803701E-05
  0.490643991496E-03  0.508731743145E-05
  0.504327216916E-03  0.537477505494E-05
  0.518244337978E-03  0.567523308713E-05
  0.532399352802E-03  0.598919112486E-05
  0.546796327850E-03  0.631716679279E-05
  0.561439399093E-03  0.665969637503E-05
  0.576332773203E-03  0.701733546861E-05
  0.591480728758E-03  0.739065965938E-05
  0.606887617473E-03  0.778026522123E-05
  0.622557865448E-03  0.818676983933E-05
  0.638495974442E-03  0.861081335823E-05
  0.654706523167E-03  0.905305855577E-05
  0.671194168598E-03  0.951419194343E-05
  0.687963647318E-03  0.999492459429E-05
  0.705019776872E-03  0.104959929993E-04
  0.722367457158E-03  0.110181599532E-04
  0.740011671827E-03  0.115622154701E-04
  0.757957489721E-03  0.121289777316E-04
  0.776210066327E-03  0.127192940662E-04
  0.794774645257E-03  0.133340419629E-04
  0.813656559754E-03  0.139741301197E-04
  0.832861234228E-03  0.146404995270E-04
  0.852394185810E-03  0.153341245894E-04
  0.872261025938E-03  0.160560142843E-04
  0.892467461973E-03  0.168072133617E-04
  0.913019298830E-03  0.175888035834E-04
  0.933922440657E-03  0.184019050057E-04
  0.955182892520E-03  0.192476773052E-04
  0.976806762136E-03  0.201273211501E-04
  0.998800261625E-03  0.210420796178E-04
  0.102116970929E-02  0.219932396612E-04
  0.104392153145E-02  0.229821336251E-04
  0.106706226425E-02  0.240101408134E-04
  0.109059855559E-02  0.250786891103E-04
  0.111453716698E-02  0.261892566564E-04
  0.113888497552E-02  0.273433735816E-04
  0.116364897587E-02  0.285426237971E-04
  0.118883628224E-02  0.297886468481E-04
  0.121445413047E-02  0.310831398289E-04
  0.124050988005E-02  0.324278593640E-04
  0.126701101631E-02  0.338246236551E-04
  0.129396515252E-02  0.352753145985E-04
  0.132138003206E-02  0.367818799732E-04
  0.134926353070E-02  0.383463357041E-04
  0.137762365885E-02  0.399707682004E-04
  0.140646856380E-02  0.416573367745E-04
  0.143580653215E-02  0.434082761414E-04
  0.146564599212E-02  0.452258990032E-04
  0.149599551601E-02  0.471125987203E-04
  0.152686382266E-02  0.490708520734E-04
  0.155825977993E-02  0.511032221173E-04
  0.159019240728E-02  0.532123611326E-04
  0.162267087832E-02  0.554010136750E-04
  0.165570452350E-02  0.576720197282E-04
  0.168930283274E-02  0.600283179628E-04
  0.172347545819E-02  0.624729491040E-04
  0.175823221697E-02  0.650090594133E-04
  0.179358309404E-02  0.676399042861E-04
  0.182953824502E-02  0.703688519707E-04
  0.186610799913E-02  0.731993874114E-04
  0.190330286214E-02  0.761351162208E-04
  0.194113351943E-02  0.791797687844E-04
  0.197961083901E-02  0.823372045031E-04
  0.201874587466E-02  0.856114161772E-04
  0.205854986914E-02  0.890065345366E-04
  0.209903425735E-02  0.925268329224E-04
  0.214021066967E-02  0.961767321248E-04
  0.218209093530E-02  0.999608053818E-04
  0.222468708561E-02  0.103883783545E-03
  0.226801135767E-02  0.107950560415E-03
  0.231207619770E-02  0.112166198260E-03
  0.235689426467E-02  0.116535933507E-03
  0.240247843395E-02  0.121065182637E-03
  0.244884180098E-02  0.125759548260E-03
  0.249599768506E-02  0.130624825402E-03
  0.254395963318E-02  0.135667007996E-03
  0.259274142386E-02  0.140892295589E-03
  0.264235707117E-02  0.146307100269E-03
  0.269282082872E-02  0.151918053822E-03
  0.274414719379E-02  0.157732015125E-03
  0.279635091143E-02  0.163756077783E-03
  0.284944697877E-02  0.169997578019E-03
  0.290345064928E-02  0.176464102814E-03
  0.295837743717E-02  0.183163498332E-03
  0.301424312185E-02  0.190103878604E-03
  0.307106375243E-02  0.197293634510E-03
  0.312885565239E-02  0.204741443044E-03
  0.318763542423E-02  0.212456276894E-03
  0.324741995424E-02  0.220447414325E-03
  0.330822641735E-02  0.228724449390E-03
  0.337007228208E-02  0.237297302475E-03
  0.343297531556E-02  0.246176231182E-03
  0.349695358861E-02  0.255371841576E-03
  0.356202548094E-02  0.264895099783E-03
  0.362820968646E-02  0.274757343984E-03
  0.369552521861E-02  0.284970296776E-03
  0.376399141583E-02  0.295546077956E-03
  0.383362794714E-02  0.306497217697E-03
  0.390445481777E-02  0.317836670168E-03
  0.397649237491E-02  0.329577827581E-03
  0.404976131354E-02  0.341734534700E-03
  0.412428268243E-02  0.354321103806E-03
  0.420007789012E-02  0.367352330155E-03
  0.427716871110E-02  0.380843507925E-03
  0.435557729208E-02  0.394810446674E-03
  0.443532615832E-02  0.409269488328E-03
  0.451643822013E-02  0.424237524711E-03
  0.459893677943E-02  0.439732015630E-03
  0.468284553647E-02  0.455771007545E-03
  0.476818859661E-02  0.472373152824E-03
  0.485499047726E-02  0.489557729613E-03
  0.494327611491E-02  0.507344662339E-03
  0.503307087233E-02  0.525754542855E-03
  0.512440054580E-02  0.544808652263E-03
  0.521729137258E-02  0.564528983412E-03
  0.531177003841E-02  0.584938264121E-03
  0.540786368517E-02  0.606059981114E-03
  0.550559991872E-02  0.627918404723E-03
  0.560500681678E-02  0.650538614350E-03
  0.570611293702E-02  0.673946524735E-03
  0.580894732528E-02  0.698168913038E-03
  0.591353952390E-02  0.723233446767E-03
  0.601991958018E-02  0.749168712571E-03
  0.612811805506E-02  0.776004245924E-03
  0.623816603186E-02  0.803770561738E-03
  0.635009512524E-02  0.832499185904E-03
  0.646393749026E-02  0.862222687818E-03
  0.657972583163E-02  0.892974713901E-03
  0.669749341310E-02  0.924790022146E-03
  0.681727406702E-02  0.957704517725E-03
  0.693910220405E-02  0.991755289676E-03
  0.706301282306E-02  0.102698064872E-02
  0.718904152117E-02  0.106342016619E-02
  0.731722450399E-02  0.110111471420E-02
  0.744759859600E-02  0.114010650698E-02
  0.758020125116E-02  0.118043914345E-02
  0.771507056366E-02  0.122215765110E-02
  0.785224527882E-02  0.126530853118E-02
  0.799176480430E-02  0.130993980522E-02
  0.813366922135E-02  0.135610106297E-02
  0.827799929636E-02  0.140384351170E-02
  0.842479649258E-02  0.145322002705E-02
  0.857410298199E-02  0.150428520525E-02
  0.872596165747E-02  0.155709541704E-02
  0.888041614507E-02  0.161170886303E-02
  0.903751081658E-02  0.166818563071E-02
  0.919729080225E-02  0.172658775317E-02
  0.935980200378E-02  0.178697926948E-02
  0.952509110751E-02  0.184942628681E-02
  0.969320559778E-02  0.191399704432E-02
  0.986419377064E-02  0.198076197896E-02
  0.100381047477E-01  0.204979379303E-02
  0.102149884902E-01  0.212116752378E-02
  0.103948958134E-01  0.219496061487E-02
  0.105778784012E-01  0.227125298992E-02
  0.107639888209E-01  0.235012712808E-02
  0.109532805386E-01  0.243166814174E-02
  0.111458079340E-01  0.251596385638E-02
  0.113416263165E-01  0.260310489260E-02
  0.115407919410E-01  0.269318475049E-02
  0.117433620239E-01  0.278629989620E-02
  0.119493947596E-01  0.288254985097E-02
  0.121589493374E-01  0.298203728248E-02
  0.123720859583E-01  0.308486809872E-02
  0.125888658522E-01  0.319115154438E-02
  0.128093512959E-01  0.330100029971E-02
  0.130336056306E-01  0.341453058214E-02
  0.132616932801E-01  0.353186225044E-02
  0.134936797696E-01  0.365311891165E-02
  0.137296317445E-01  0.377842803085E-02
  0.139696169890E-01  0.390792104359E-02
  0.142137044464E-01  0.404173347139E-02
  0.144619642382E-01  0.418000504004E-02
  0.147144676847E-01  0.432287980088E-02
  0.149712873252E-01  0.447050625521E-02
  0.152324969390E-01  0.462303748170E-02
  0.154981715666E-01  0.478063126695E-02
  0.157683875312E-01  0.494345023921E-02
  0.160432224606E-01  0.511166200540E-02
  0.163227553096E-01  0.528543929131E-02
  0.166070663825E-01  0.546496008521E-02
  0.168962373564E-01  0.565040778476E-02
  0.171903513045E-01  0.584197134737E-02
  0.174894927201E-01  0.603984544397E-02
  0.177937475407E-01  0.624423061634E-02
  0.181032031729E-01  0.645533343786E-02
  0.184179485172E-01  0.667336667792E-02
  0.187380739939E-01  0.689854946989E-02
  0.190636715688E-01  0.713110748269E-02
  0.193948347799E-01  0.737127309600E-02
  0.197316587639E-01  0.761928557926E-02
  0.200742402838E-01  0.787539127416E-02
  0.204226777567E-01  0.813984378105E-02
  0.207770712820E-01  0.841290414891E-02
  0.211375226699E-01  0.869484106916E-02
  0.215041354713E-01  0.898593107310E-02
  0.218770150068E-01  0.928645873319E-02
  0.222562683976E-01  0.959671686796E-02
  0.226420045959E-01  0.991700675070E-02
  0.230343344161E-01  0.102476383217E-01
  0.234333705670E-01  0.105889304045E-01
  0.238392276841E-01  0.109412109253E-01
  0.242520223621E-01  0.113048171361E-01
  0.246718731891E-01  0.116800958418E-01
  0.250989007800E-01  0.120674036303E-01
  0.255332278116E-01  0.124671071060E-01
  0.259749790577E-01  0.128795831270E-01
  0.264242814248E-01  0.133052190456E-01
  0.268812639888E-01  0.137444129512E-01
  0.273460580319E-01  0.141975739171E-01
  0.278187970806E-01  0.146651222501E-01
  0.282996169435E-01  0.151474897425E-01
  0.287886557510E-01  0.156451199269E-01
  0.292860539943E-01  0.161584683340E-01
  0.297919545665E-01  0.166880027522E-01
  0.303065028029E-01  0.172342034894E-01
  0.308298465233E-01  0.177975636367E-01
  0.313621360742E-01  0.183785893346E-01
  0.319035243721E-01  0.189778000394E-01
  0.324541669474E-01  0.195957287919E-01
  0.330142219890E-01  0.202329224866E-01
  0.335838503899E-01  0.208899421417E-01
  0.341632157934E-01  0.215673631693E-01
  0.347524846399E-01  0.222657756459E-01
  0.353518262149E-01  0.229857845821E-01
  0.359614126977E-01  0.237280101925E-01
  0.365814192106E-01  0.244930881632E-01
  0.372120238697E-01  0.252816699189E-01
  0.378534078352E-01  0.260944228873E-01
  0.385057553646E-01  0.269320307613E-01
  0.391692538645E-01  0.277951937581E-01
  0.398440939453E-01  0.286846288749E-01
  0.405304694755E-01  0.296010701399E-01
  0.412285776375E-01  0.305452688598E-01
  0.419386189841E-01  0.315179938604E-01
  0.426607974967E-01  0.325200317224E-01
  0.433953206431E-01  0.335521870097E-01
  0.441423994375E-01  0.346152824909E-01
  0.449022485013E-01  0.357101593517E-01
  0.456750861243E-01  0.368376773987E-01
  0.464611343280E-01  0.379987152536E-01
  0.472606189287E-01  0.391941705357E-01
  0.480737696029E-01  0.404249600337E-01
  0.489008199529E-01  0.416920198636E-01
  0.497420075745E-01  0.429963056136E-01
  0.505975741245E-01  0.443387924741E-01
  0.514677653907E-01  0.457204753512E-01
  0.523528313620E-01  0.471423689642E-01
  0.532530263010E-01  0.486055079232E-01
  0.541686088161E-01  0.501109467885E-01
  0.550998419365E-01  0.516597601085E-01
  0.560469931874E-01  0.532530424355E-01
  0.570103346672E-01  0.548919083176E-01
  0.579901431250E-01  0.565774922662E-01
  0.589867000411E-01  0.583109486961E-01
  0.600002917068E-01  0.600934518379E-01
  0.610312093074E-01  0.619261956210E-01
  0.620797490057E-01  0.638103935241E-01
  0.631462120267E-01  0.657472783940E-01
  0.642309047447E-01  0.677381022286E-01
  0.653341387710E-01  0.697841359233E-01
  0.664562310432E-01  0.718866689794E-01
  0.675975039168E-01  0.740470091718E-01
  0.687582852574E-01  0.762664821739E-01
  0.699389085350E-01  0.785464311390E-01
  0.711397129198E-01  0.808882162348E-01
  0.723610433798E-01  0.832932141291E-01
  0.736032507795E-01  0.857628174257E-01
  0.748666919810E-01  0.882984340467E-01
  0.761517299466E-01  0.909014865602E-01
  0.774587338427E-01  0.935734114510E-01
  0.787880791465E-01  0.963156583314E-01
  0.801401477529E-01  0.991296890904E-01
  0.815153280852E-01  0.102016976979E+00
  0.829140152060E-01  0.104979005628E+00
  0.843366109312E-01  0.108017268000E+00
  0.857835239449E-01  0.111133265265E+00
  0.872551699172E-01  0.114328505610E+00
  0.887519716236E-01  0.117604502964E+00
  0.902743590662E-01  0.120962775652E+00
  0.918227695974E-01  0.124404844967E+00
  0.933976480457E-01  0.127932233655E+00
  0.949994468432E-01  0.131546464320E+00
  0.966286261556E-01  0.135249057739E+00
  0.982856540146E-01  0.139041531089E+00
  0.999710064523E-01  0.142925396082E+00
  0.101685167638E+00  0.146902157006E+00
  0.103428630017E+00  0.150973308668E+00
  0.105201894451E+00  0.155140334247E+00
  0.107005470367E+00  0.159404703040E+00
  0.108839875896E+00  0.163767868108E+00
  0.110705638027E+00  0.168231263827E+00
  0.112603292758E+00  0.172796303324E+00
  0.114533385248E+00  0.177464375820E+00
  0.116496469976E+00  0.182236843852E+00
  0.118493110897E+00  0.187115040406E+00
  0.120523881608E+00  0.192100265925E+00
  0.122589365511E+00  0.197193785220E+00
  0.124690155978E+00  0.202396824267E+00
  0.126826856526E+00  0.207710566898E+00
  0.129000080988E+00  0.213136151382E+00
  0.131210453690E+00  0.218674666898E+00
  0.133458609628E+00  0.224327149897E+00
  0.135745194654E+00  0.230094580368E+00
  0.138070865660E+00  0.235977877982E+00
  0.140436290766E+00  0.241977898151E+00
  0.142842149513E+00  0.248095427966E+00
  0.145289133057E+00  0.254331182054E+00
  0.147777944370E+00  0.260685798320E+00
  0.150309298440E+00  0.267159833605E+00
  0.152883922474E+00  0.273753759254E+00
  0.155502556113E+00  0.280467956587E+00
  0.158165951639E+00  0.287302712298E+00
  0.160874874195E+00  0.294258213765E+00
  0.163630102002E+00  0.301334544292E+00
  0.166432426582E+00  0.308531678284E+00
  0.169282652990E+00  0.315849476358E+00
  0.172181600041E+00  0.323287680396E+00
  0.175130100546E+00  0.330845908560E+00
  0.178129001552E+00  0.338523650265E+00
  0.181179164585E+00  0.346320261122E+00
  0.184281465899E+00  0.354234957872E+00
  0.187436796724E+00  0.362266813310E+00
  0.190646063526E+00  0.370414751232E+00
  0.193910188265E+00  0.378677541400E+00
  0.197230108660E+00  0.387053794566E+00
  0.200606778462E+00  0.395541957565E+00
  0.204041167722E+00  0.404140308511E+00
  0.207534263072E+00  0.412846952121E+00
  0.211087068013E+00  0.421659815210E+00
  0.214700603196E+00  0.430576642389E+00
  0.218375906719E+00  0.439594992023E+00
  0.222114034428E+00  0.448712232499E+00
  0.225916060212E+00  0.457925538861E+00
  0.229783076321E+00  0.467231889894E+00
  0.233716193673E+00  0.476628065709E+00
  0.237716542178E+00  0.486110645935E+00
  0.241785271057E+00  0.495676008585E+00
  0.245923549178E+00  0.505320329675E+00
  0.250132565388E+00  0.515039583689E+00
  0.254413528856E+00  0.524829544926E+00
  0.258767669420E+00  0.534685789783E+00
  0.263196237940E+00  0.544603699943E+00
  0.267700506659E+00  0.554578466410E+00
  0.272281769565E+00  0.564605094241E+00
  0.276941342767E+00  0.574678407722E+00
  0.281680564869E+00  0.584793055619E+00
  0.286500797360E+00  0.594943516021E+00
  0.291403424997E+00  0.605124100149E+00
  0.296389856212E+00  0.615328954423E+00
  0.301461523510E+00  0.625552059994E+00
  0.306619883881E+00  0.635787229003E+00
  0.311866419224E+00  0.646028096863E+00
  0.317202636767E+00  0.656268110173E+00
  0.322630069502E+00  0.666500510085E+00
  0.328150276624E+00  0.676718311515E+00
  0.333764843983E+00  0.686914278956E+00
  0.339475384535E+00  0.697080900356E+00
  0.345283538809E+00  0.707210360883E+00
  0.351190975373E+00  0.717294518990E+00
  0.357199391322E+00  0.727324887235E+00
  0.363310512755E+00  0.737292620448E+00
  0.369526095281E+00  0.747188513237E+00
  0.375847924515E+00  0.757003008218E+00
  0.382277816597E+00  0.766726215090E+00
  0.388817618711E+00  0.776347939617E+00
  0.395469209615E+00  0.785857720267E+00
  0.402234500182E+00  0.795244869697E+00
  0.409115433950E+00  0.804498517800E+00
  0.416113987677E+00  0.813607653562E+00
  0.423232171914E+00  0.822561163482E+00
  0.430472031575E+00  0.831347865464E+00
  0.437835646533E+00  0.839956537762E+00
  0.445325132213E+00  0.848375943540E+00
  0.452942640197E+00  0.856594851783E+00
  0.460690358849E+00  0.864602055791E+00
  0.468570513939E+00  0.872386390172E+00
  0.476585369283E+00  0.879936747411E+00
  0.484737227393E+00  0.887242094602E+00
  0.493028430141E+00  0.894291491025E+00
  0.501461359428E+00  0.901074106738E+00
  0.510038437872E+00  0.907579242495E+00
  0.518762129502E+00  0.913796350914E+00
  0.527634940466E+00  0.919715058913E+00
  0.536659419750E+00  0.925325191225E+00
  0.545838159912E+00  0.930616794833E+00
  0.555173797828E+00  0.935580164098E+00
  0.564669015445E+00  0.940205866336E+00
  0.574326540555E+00  0.944484767621E+00
  0.584149147579E+00  0.948408058544E+00
  0.594139658362E+00  0.951967279753E+00
  0.604300942983E+00  0.955154346994E+00
  0.614635920584E+00  0.957961575562E+00
  0.625147560203E+00  0.960381703866E+00
  0.635838881632E+00  0.962407916132E+00
  0.646712956279E+00  0.964033863915E+00
  0.657772908056E+00  0.965253686556E+00
  0.669021914274E+00  0.966062030226E+00
  0.680463206553E+00  0.966454065791E+00
  0.692100071757E+00  0.966425505098E+00
  0.703935852930E+00  0.965972616027E+00
  0.715973950265E+00  0.965092235836E+00
  0.728217822073E+00  0.963781783258E+00
  0.740670985782E+00  0.962039268805E+00
  0.753337018944E+00  0.959863303833E+00
  0.766219560267E+00  0.957253107772E+00
  0.779322310655E+00  0.954208514151E+00
  0.792649034274E+00  0.950729974757E+00
  0.806203559634E+00  0.946818562660E+00
  0.819989780688E+00  0.942475973370E+00
  0.834011657951E+00  0.937704524944E+00
  0.848273219637E+00  0.932507156248E+00
  0.862778562816E+00  0.926887424273E+00
  0.877531854593E+00  0.920849499652E+00
  0.892537333304E+00  0.914398161350E+00
  0.907799309730E+00  0.907538789624E+00
  0.923322168344E+00  0.900277358280E+00
  0.939110368562E+00  0.892620425286E+00
  0.955168446029E+00  0.884575122814E+00
  0.971501013919E+00  0.876149145738E+00
  0.988112764263E+00  0.867350739680E+00
  0.100500846930E+01  0.858188687630E+00
  0.102219298283E+01  0.848672296216E+00
  0.103967124163E+01  0.838811380663E+00
  0.105744826688E+01  0.828616249485E+00
  0.107552916556E+01  0.818097687982E+00
  0.109391913198E+01  0.807266941512E+00
  0.111262344920E+01  0.796135697669E+00
  0.113164749062E+01  0.784716068248E+00
  0.115099672148E+01  0.773020570179E+00
  0.117067670044E+01  0.761062106224E+00
  0.119069308118E+01  0.748853944676E+00
  0.121105161400E+01  0.736409698728E+00
  0.123175814753E+01  0.723743304843E+00
  0.125281863036E+01  0.710869000664E+00
  0.127423911275E+01  0.697801301863E+00
  0.129602574838E+01  0.684554978338E+00
  0.131818479615E+01  0.671145029279E+00
  0.134072262192E+01  0.657586657341E+00
  0.136364570036E+01  0.643895241575E+00
  0.138696061684E+01  0.630086309230E+00
  0.141067406927E+01  0.616175506217E+00
  0.143479287008E+01  0.602178566226E+00
  0.145932394813E+01  0.588111278462E+00
  0.148427435072E+01  0.573989453904E+00
  0.150965124562E+01  0.559828890261E+00
  0.153546192313E+01  0.545645335473E+00
  0.156171379815E+01  0.531454450152E+00
  0.158841441233E+01  0.517271768814E+00
  0.161557143624E+01  0.503112660518E+00
  0.164319267158E+01  0.488992288789E+00
  0.167128605339E+01  0.474925571658E+00
  0.169985965236E+01  0.460927141730E+00
  0.172892167712E+01  0.447011307278E+00
  0.175848047663E+01  0.433192014290E+00
  0.178854454257E+01  0.419482810574E+00
  0.181912251176E+01  0.405896811797E+00
  0.185022316866E+01  0.392446670593E+00
  0.188185544788E+01  0.379144548505E+00
  0.191402843677E+01  0.366002091815E+00
  0.194675137801E+01  0.353030410868E+00
  0.198003367225E+01  0.340240063775E+00
  0.201388488087E+01  0.327641043903E+00
  0.204831472865E+01  0.315242771803E+00
  0.208333310664E+01  0.303054090774E+00
  0.211895007492E+01  0.291083266474E+00
  0.215517586556E+01  0.279337989586E+00
  0.219202088554E+01  0.267825381710E+00
  0.222949571972E+01  0.256552003382E+00
  0.226761113389E+01  0.245523864219E+00
  0.230637807786E+01  0.234746434038E+00
  0.234580768864E+01  0.224224654887E+00
  0.238591129359E+01  0.213962952891E+00
  0.242670041369E+01  0.203965249878E+00
  0.246818676688E+01  0.194234973862E+00
  0.251038227138E+01  0.184775068451E+00
  0.255329904913E+01  0.175588000523E+00
  0.259694942931E+01  0.166675766422E+00
  0.264134595182E+01  0.158039896299E+00
  0.268650137092E+01  0.149681457056E+00
  0.273242865889E+01  0.141601053808E+00
  0.277914100975E+01  0.133798830469E+00
  0.282665184305E+01  0.126274469612E+00
  0.287497480775E+01  0.119027192288E+00
  0.292412378608E+01  0.112055758075E+00
  0.297411289761E+01  0.105358466034E+00
  0.302495650323E+01  0.989331568637E-01
  0.307666920934E+01  0.927772168202E-01
  0.312926587198E+01  0.868875836241E-01
  0.318276160117E+01  0.812607547686E-01
  0.323717176519E+01  0.758927983116E-01
  0.329251199502E+01  0.707793663803E-01
  0.334879818885E+01  0.659157113317E-01
  0.340604651661E+01  0.612967046091E-01
  0.346427342464E+01  0.569168581137E-01
  0.352349564040E+01  0.527703479773E-01
  0.358373017729E+01  0.488510404589E-01
  0.364499433952E+01  0.451525197434E-01
  0.370730572710E+01  0.416681173073E-01
  0.377068224089E+01  0.383909425661E-01
  0.383514208773E+01  0.353139144473E-01
  0.390070378570E+01  0.324297935810E-01
  0.396738616939E+01  0.297312147606E-01
  0.403520839537E+01  0.272107193741E-01
  0.410418994764E+01  0.248607874896E-01
  0.417435064329E+01  0.226738693253E-01
  0.424571063811E+01  0.206424158336E-01
  0.431829043244E+01  0.187589081715E-01
  0.439211087707E+01  0.170158858424E-01
  0.446719317918E+01  0.154059733302E-01
  0.454355890845E+01  0.139219050666E-01
  0.462123000329E+01  0.125565486054E-01
  0.470022877710E+01  0.113029258992E-01
  0.478057792469E+01  0.101542326034E-01
  0.486230052882E+01  0.910385535406E-02
  0.494542006682E+01  0.814538699061E-02
  0.502996041732E+01  0.727263971764E-02
  0.511594586712E+01  0.647965621833E-02
  0.520340111819E+01  0.576071875219E-02
  0.529235129472E+01  0.511035628699E-02
  0.538282195038E+01  0.452334972980E-02
  0.547483907563E+01  0.399473533611E-02
  0.556842910522E+01  0.351980638783E-02
  0.566361892575E+01  0.309411324135E-02
  0.576043588341E+01  0.271346185508E-02
  0.585890779185E+01  0.237391091299E-02
  0.595906294013E+01  0.207176766539E-02
  0.606093010089E+01  0.180358261198E-02
  0.616453853860E+01  0.156614315404E-02
  0.626991801796E+01  0.135646634304E-02
  0.637709881244E+01  0.117179085225E-02
  0.648611171303E+01  0.100956829550E-02
  0.659698803701E+01  0.867454014224E-03
  0.670975963701E+01  0.743297449224E-03
  0.682445891012E+01  0.635132208548E-03
  0.694111880723E+01  0.541165936546E-03
  0.705977284247E+01  0.459770082495E-03
  0.718045510285E+01  0.389469659758E-03
  0.730320025805E+01  0.328933078698E-03
  0.742804357036E+01  0.276962128456E-03
  0.755502090487E+01  0.232482174456E-03
  0.768416873970E+01  0.194532630180E-03
  0.781552417653E+01  0.162257753220E-03
  0.794912495123E+01  0.134897806262E-03
  0.808500944471E+01  0.111780625921E-03
  0.822321669397E+01  0.923136118962E-04
  0.836378640327E+01  0.759761651453E-04
  0.850675895557E+01  0.623125864239E-04
  0.865217542412E+01  0.509254415468E-04
  0.880007758426E+01  0.414693943422E-04
  0.895050792540E+01  0.336455032237E-04
  0.910350966329E+01  0.271959728343E-04
  0.925912675235E+01  0.218993483340E-04
  0.941740389837E+01  0.175661366142E-04
  0.957838657131E+01  0.140348359926E-04
  0.974212101837E+01  0.111683537687E-04
  0.990865427729E+01  0.885078935283E-05
  0.100780341899E+02  0.698455949035E-05
  0.102503094156E+02  0.548784133893E-05
  0.104255294460E+02  0.429230876249E-05
  0.106037446182E+02  0.334113712424E-05
  0.107850061301E+02  0.258725202006E-05
  0.109693660545E+02  0.199179771380E-05
  0.111568773546E+02  0.152280142092E-05
  0.113475938986E+02  0.115400992076E-05
  0.115415704758E+02  0.863875109367E-06
  0.117388628119E+02  0.634664836325E-06
  0.119395275851E+02  0.451674424122E-06
  0.121436224425E+02  0.302512255768E-06
  0.123512060167E+02  0.176429163394E-06
  0.125623379424E+02  0.636552063130E-07
  0.127770788737E+02  0.000000000000E+00
  0.129954905016E+02  0.000000000000E+00
  0.132176355714E+02  0.000000000000E+00
  0.134435779011E+02  0.000000000000E+00
  0.136733823996E+02  0.000000000000E+00
  0.139071150853E+02  0.000000000000E+00
  0.141448431051E+02  0.000000000000E+00
  0.143866347536E+02  0.000000000000E+00
  0.146325594929E+02  0.000000000000E+00
  0.148826879724E+02  0.000000000000E+00
  0.151370920491E+02  0.000000000000E+00
  0.153958448085E+02  0.000000000000E+00
  0.156590205852E+02  0.000000000000E+00
  0.159266949846E+02  0.000000000000E+00
  0.161989449042E+02  0.000000000000E+00
  0.164758485562E+02  0.000000000000E+00
  0.167574854897E+02  0.000000000000E+00
  0.170439366135E+02  0.000000000000E+00
  0.173352842195E+02  0.000000000000E+00
  0.176316120062E+02  0.000000000000E+00
  0.179330051029E+02  0.000000000000E+00
  0.182395500940E+02  0.000000000000E+00
  0.185513350438E+02  0.000000000000E+00
  0.188684495222E+02  0.000000000000E+00
  0.191909846301E+02  0.000000000000E+00
  0.195190330255E+02  0.000000000000E+00
  0.198526889504E+02  0.000000000000E+00
  0.201920482577E+02  0.000000000000E+00
  0.205372084387E+02  0.000000000000E+00
  0.208882686513E+02  0.000000000000E+00
  0.212453297483E+02  0.000000000000E+00
  0.216084943064E+02  0.000000000000E+00
  0.219778666558E+02  0.000000000000E+00
  0.223535529101E+02  0.000000000000E+00
  0.227356609965E+02  0.000000000000E+00
  0.231243006874E+02  0.000000000000E+00
  0.235195836314E+02  0.000000000000E+00
  0.239216233857E+02  0.000000000000E+00
  0.243305354485E+02  0.000000000000E+00
  0.247464372923E+02  0.000000000000E+00
  0.251694483977E+02  0.000000000000E+00
  0.255996902876E+02  0.000000000000E+00
  0.260372865621E+02  0.000000000000E+00
  0.264823629342E+02  0.000000000000E+00
  0.269350472658E+02  0.000000000000E+00
  0.273954696042E+02  0.000000000000E+00
  0.278637622200E+02  0.000000000000E+00
  0.283400596445E+02  0.000000000000E+00
  0.288244987087E+02  0.000000000000E+00
  0.293172185826E+02  0.000000000000E+00
  0.298183608151E+02  0.000000000000E+00
  0.303280693747E+02  0.000000000000E+00
  0.308464906907E+02  0.000000000000E+00
  0.313737736956E+02  0.000000000000E+00
  0.319100698676E+02  0.000000000000E+00
  0.324555332743E+02  0.000000000000E+00
  0.330103206165E+02  0.000000000000E+00
  0.335745912742E+02  0.000000000000E+00
  0.341485073512E+02  0.000000000000E+00
  0.347322337226E+02  0.000000000000E+00
  0.353259380817E+02  0.000000000000E+00
  0.359297909882E+02  0.000000000000E+00
  0.365439659174E+02  0.000000000000E+00
  0.371686393098E+02  0.000000000000E+00
  0.378039906221E+02  0.000000000000E+00
  0.384502023784E+02  0.000000000000E+00
  0.391074602228E+02  0.000000000000E+00
  0.397759529727E+02  0.000000000000E+00
  0.404558726733E+02  0.000000000000E+00
  0.411474146522E+02  0.000000000000E+00
  0.418507775762E+02  0.000000000000E+00
  0.425661635077E+02  0.000000000000E+00
  0.432937779633E+02  0.000000000000E+00
  0.440338299725E+02  0.000000000000E+00
  0.447865321380E+02  0.000000000000E+00
  0.455521006966E+02  0.000000000000E+00
  0.463307555812E+02  0.000000000000E+00
  0.471227204844E+02  0.000000000000E+00
  0.479282229223E+02  0.000000000000E+00
  0.487474943003E+02  0.000000000000E+00
  0.495807699790E+02  0.000000000000E+00
  0.504282893426E+02  0.000000000000E+00
  0.512902958668E+02  0.000000000000E+00
  0.521670371896E+02  0.000000000000E+00
  0.530587651817E+02  0.000000000000E+00
  0.539657360193E+02  0.000000000000E+00
  0.548882102576E+02  0.000000000000E+00
  0.558264529055E+02  0.000000000000E+00
  0.567807335021E+02  0.000000000000E+00
  0.577513261938E+02  0.000000000000E+00
  0.587385098129E+02  0.000000000000E+00
  0.597425679582E+02  0.000000000000E+00
  0.607637890763E+02  0.000000000000E+00
  0.618024665441E+02  0.000000000000E+00
  0.628588987537E+02  0.000000000000E+00
  0.639333891975E+02  0.000000000000E+00
  0.650262465558E+02  0.000000000000E+00
  0.661377847856E+02  0.000000000000E+00
  0.672683232100E+02  0.000000000000E+00
  0.684181866111E+02  0.000000000000E+00
  0.695877053222E+02  0.000000000000E+00
  0.707772153235E+02  0.000000000000E+00
  0.719870583381E+02  0.000000000000E+00
  0.732175819307E+02  0.000000000000E+00
  0.744691396067E+02  0.000000000000E+00
  0.757420909145E+02  0.000000000000E+00
  0.770368015483E+02  0.000000000000E+00
  0.783536434535E+02  0.000000000000E+00
  0.796929949333E+02  0.000000000000E+00
  0.810552407574E+02  0.000000000000E+00
  davegp - end printing all-electron states

 subroutine lderiv: pass   1

 leaving lderiv
