========================================================================
pseudopotential program version  7.3.6   date: 22 -  6 -   16
========================================================================

 ifae =   1    ifpsp =   0    ifprt =  -3    ifplw =   1    ilogd =   3
 rlogd=   2.80000     emin=  -2.40000     emax=   1.60000     nnt=   40
 thresh, tol =   1.000E-07   1.000E-06    damp = 0.500    maxit = 500

          *************************************************************
          gold                      ceperley-alder exchange-correlation
          *************************************************************

 z = 79.00    xion = 0.00    exfact =   0.00000    irel=   2
 ncspvs =   15
 rmax =  80.00000    aasf =  10.00000    bbsf =  50.00000

 value of mesh generated in rinit is   939
 irel = 2 so all electron calculations use koelling-harmon equations


                         the system has converged with
                                 delta= 0.8427735D-06


                             the eigenvalues are


          orbital          occupation          energy
           100                   2.00           -5933.22514
           200                   2.00           -1047.09539
           210                   6.00            -905.50005
           300                   2.00            -247.26115
           310                   6.00            -206.20218
           320                  10.00            -162.29730
           400                   2.00             -53.76745
           410                   6.00             -40.30147
           420                  10.00             -24.14026
           430                  14.00              -6.18541
           500                   2.00              -8.18020
           510                   6.00              -4.59455
           600                   1.00              -0.53922
           610                   0.50              -0.12374
           520                   9.50              -0.67553
 etot= -38002.33078 ryd ;    -517021.69285 ev            ebsr,ehar,emvxc= -23476.63809  14756.10285    230.41016

 subroutine lderiv: pass   1

 leaving lderiv
