========================================================================
pseudopotential program version  7.3.6   date: 20 -  7 -   15
========================================================================

 ifae =   1    ifpsp =   0    ifprt =   0    ifplw =   0    ilogd =   3
 rlogd=   2.20000     emin=  -2.40000     emax=   1.60000     nnt=   80
 thresh, tol =   1.000E-10   1.000E-09    damp = 0.400    maxit = 250

          *************************************************************
          copper               PBE - GGA           exchange-correlation
          *************************************************************

 z = 29.00    xion = 0.00    exfact =   5.00000    irel=   2
 ncspvs =    8
 rmax = 200.00000    aasf =   6.00000    bbsf =  59.00000

 value of mesh generated in rinit is   867
 irel = 2 so all electron calculations use koelling-harmon equations


                         the system has converged with
                                 delta= 0.5798793D-09


                             the eigenvalues are


          orbital          occupation          energy
           100                   2.00            -650.78793
           200                   2.00             -78.36196
           210                   6.00             -67.66859
           300                   2.00              -8.69450
           310                   6.00              -5.56284
           320                   9.50              -0.60493
           400                   1.00              -0.43710
           410                   0.50              -0.10740
 etot=  -3309.44733 ryd ;     -45025.02935 ev            ebsr,ehar,emvxc=  -1921.31497   1428.46774     40.33538

 subroutine lderiv: pass   1

 leaving lderiv
