========================================================================
pseudopotential program version  7.3.6   date:  1 - 27 -   15
========================================================================

 ifae =   1    ifpsp =   0    ifprt =   0    ifplw =   0    ilogd =   3
 rlogd=   1.80000     emin=  -2.00000     emax=   2.00000     nnt=   80
 thresh, tol =   1.000E-10   1.000E-09    damp = 0.100    maxit = 400
 z, xion, exfact   5.00000000000000       0.000000000000000E+000
   5.00000000000000     

          *************************************************************
          B                    PBE - GGA           exchange-correlation
          *************************************************************

 z =  5.00    xion = 0.00    exfact =   5.00000    irel=   0
 ncspvs =    3
 rmax = 100.00000    aasf =   7.00000    bbsf =  60.00000

 value of mesh generated in rinit is   795
 irel = 0 so all electron calculations use schroedinger equations


                         the system has converged with
                                 delta= 0.9928124D-09


                             the eigenvalues are


          orbital          occupation          energy
           100                   2.00             -13.26922
           200                   2.00              -0.69373
           210                   1.00              -0.26524
 etot=    -49.19104 ryd ;       -669.24402 ev            ebsr,ehar,emvxc=    -28.19113     23.11804      2.11813
  davegp - begin printing all-electron states
           3
         795           0         100
  0.000000000000E+00  0.000000000000E+00
  0.306507791728E-05  0.638535242294E-04
  0.618166854669E-05  0.128780138058E-03
  0.935063762790E-05  0.194797819732E-03
  0.125728654505E-04  0.261924846363E-03
  0.158492470984E-04  0.330179798961E-03
  0.191806926988E-04  0.399581567429E-03
  0.225681276746E-04  0.470149355636E-03
  0.260124930018E-04  0.541902686579E-03
  0.295147454706E-04  0.614861407619E-03
  0.330758579515E-04  0.689045695821E-03
  0.366968196654E-04  0.764476063362E-03
  0.403786364581E-04  0.841173363043E-03
  0.441223310802E-04  0.919158793888E-03
  0.479289434710E-04  0.998453906833E-03
  0.517995310473E-04  0.107908061051E-02
  0.557351689972E-04  0.116106117712E-02
  0.597369505788E-04  0.124441824844E-02
  0.638059874238E-04  0.132917484186E-02
  0.679434098463E-04  0.141535435656E-02
  0.721503671571E-04  0.150298057984E-02
  0.764280279823E-04  0.159207769344E-02
  0.807775805886E-04  0.168267028005E-02
  0.852002332130E-04  0.177478332991E-02
  0.896972143987E-04  0.186844224750E-02
  0.942697733359E-04  0.196367285835E-02
  0.989191802093E-04  0.206050141598E-02
  0.103646726551E-03  0.215895460890E-02
  0.108453725598E-03  0.225905956781E-02
  0.113341512659E-03  0.236084387283E-02
  0.118311445485E-03  0.246433556089E-02
  0.123364904643E-03  0.256956313327E-02
  0.128503293906E-03  0.267655556320E-02
  0.133728040636E-03  0.278534230362E-02
  0.139040596186E-03  0.289595329506E-02
  0.144442436300E-03  0.300841897366E-02
  0.149935061524E-03  0.312277027932E-02
  0.155519997622E-03  0.323903866393E-02
  0.161198796001E-03  0.335725609982E-02
  0.166973034141E-03  0.347745508827E-02
  0.172844316036E-03  0.359966866820E-02
  0.178814272634E-03  0.372393042501E-02
  0.184884562295E-03  0.385027449950E-02
  0.191056871249E-03  0.397873559700E-02
  0.197332914067E-03  0.410934899663E-02
  0.203714434135E-03  0.424215056066E-02
  0.210203204136E-03  0.437717674410E-02
  0.216801026551E-03  0.451446460437E-02
  0.223509734148E-03  0.465405181117E-02
  0.230331190502E-03  0.479597665649E-02
  0.237267290505E-03  0.494027806476E-02
  0.244319960897E-03  0.508699560319E-02
  0.251491160797E-03  0.523616949226E-02
  0.258782882252E-03  0.538784061638E-02
  0.266197150786E-03  0.554205053470E-02
  0.273736025968E-03  0.569884149210E-02
  0.281401601976E-03  0.585825643035E-02
  0.289196008187E-03  0.602033899945E-02
  0.297121409764E-03  0.618513356915E-02
  0.305180008259E-03  0.635268524058E-02
  0.313374042222E-03  0.652303985821E-02
  0.321705787828E-03  0.669624402179E-02
  0.330177559502E-03  0.687234509866E-02
  0.338791710571E-03  0.705139123614E-02
  0.347550633908E-03  0.723343137414E-02
  0.356456762605E-03  0.741851525796E-02
  0.365512570643E-03  0.760669345126E-02
  0.374720573583E-03  0.779801734928E-02
  0.384083329262E-03  0.799253919222E-02
  0.393603438507E-03  0.819031207881E-02
  0.403283545853E-03  0.839138998010E-02
  0.413126340281E-03  0.859582775350E-02
  0.423134555964E-03  0.880368115692E-02
  0.433310973027E-03  0.901500686323E-02
  0.443658418317E-03  0.922986247489E-02
  0.454179766191E-03  0.944830653879E-02
  0.464877939314E-03  0.967039856131E-02
  0.475755909468E-03  0.989619902360E-02
  0.486816698383E-03  0.101257693971E-01
  0.498063378571E-03  0.103591721594E-01
  0.509499074182E-03  0.105964708099E-01
  0.521126961872E-03  0.108377298865E-01
  0.532950271683E-03  0.110830149814E-01
  0.544972287946E-03  0.113323927584E-01
  0.557196350186E-03  0.115859309696E-01
  0.569625854054E-03  0.118436984723E-01
  0.582264252271E-03  0.121057652469E-01
  0.595115055584E-03  0.123722024141E-01
  0.608181833744E-03  0.126430822533E-01
  0.621468216494E-03  0.129184782203E-01
  0.634977894582E-03  0.131984649661E-01
  0.648714620784E-03  0.134831183555E-01
  0.662682210944E-03  0.137725154859E-01
  0.676884545040E-03  0.140667347069E-01
  0.691325568254E-03  0.143658556394E-01
  0.706009292076E-03  0.146699591958E-01
  0.720939795412E-03  0.149791275997E-01
  0.736121225719E-03  0.152934444068E-01
  0.751557800160E-03  0.156129945247E-01
  0.767253806771E-03  0.159378642347E-01
  0.783213605655E-03  0.162681412124E-01
  0.799441630192E-03  0.166039145497E-01
  0.815942388271E-03  0.169452747761E-01
  0.832720463542E-03  0.172923138814E-01
  0.849780516689E-03  0.176451253376E-01
  0.867127286725E-03  0.180038041221E-01
  0.884765592310E-03  0.183684467403E-01
  0.902700333086E-03  0.187391512493E-01
  0.920936491041E-03  0.191160172814E-01
  0.939479131892E-03  0.194991460682E-01
  0.958333406491E-03  0.198886404647E-01
  0.977504552258E-03  0.202846049743E-01
  0.996997894634E-03  0.206871457736E-01
  0.101681884856E-02  0.210963707374E-01
  0.103697291999E-02  0.215123894650E-01
  0.105746570740E-02  0.219353133055E-01
  0.107830290337E-02  0.223652553844E-01
  0.109949029614E-02  0.228023306303E-01
  0.112103377123E-02  0.232466558020E-01
  0.114293931308E-02  0.236983495154E-01
  0.116521300671E-02  0.241575322715E-01
  0.118786103938E-02  0.246243264846E-01
  0.121088970238E-02  0.250988565101E-01
  0.123430539270E-02  0.255812486740E-01
  0.125811461484E-02  0.260716313013E-01
  0.128232398264E-02  0.265701347458E-01
  0.130694022107E-02  0.270768914199E-01
  0.133197016814E-02  0.275920358247E-01
  0.135742077677E-02  0.281157045805E-01
  0.138329911673E-02  0.286480364577E-01
  0.140961237663E-02  0.291891724083E-01
  0.143636786587E-02  0.297392555969E-01
  0.146357301669E-02  0.302984314333E-01
  0.149123538627E-02  0.308668476046E-01
  0.151936265878E-02  0.314446541079E-01
  0.154796264751E-02  0.320320032833E-01
  0.157704329711E-02  0.326290498475E-01
  0.160661268571E-02  0.332359509277E-01
  0.163667902723E-02  0.338528660952E-01
  0.166725067361E-02  0.344799574008E-01
  0.169833611719E-02  0.351173894090E-01
  0.172994399300E-02  0.357653292334E-01
  0.176208308121E-02  0.364239465727E-01
  0.179476230956E-02  0.370934137464E-01
  0.182799075582E-02  0.377739057309E-01
  0.186177765032E-02  0.384656001967E-01
  0.189613237853E-02  0.391686775451E-01
  0.193106448366E-02  0.398833209460E-01
  0.196658366929E-02  0.406097163751E-01
  0.200269980208E-02  0.413480526523E-01
  0.203942291454E-02  0.420985214804E-01
  0.207676320775E-02  0.428613174833E-01
  0.211473105427E-02  0.436366382457E-01
  0.215333700097E-02  0.444246843522E-01
  0.219259177196E-02  0.452256594272E-01
  0.223250627160E-02  0.460397701749E-01
  0.227309158750E-02  0.468672264198E-01
  0.231435899364E-02  0.477082411473E-01
  0.235631995343E-02  0.485630305449E-01
  0.239898612299E-02  0.494318140433E-01
  0.244236935428E-02  0.503148143582E-01
  0.248648169849E-02  0.512122575317E-01
  0.253133540933E-02  0.521243729753E-01
  0.257694294645E-02  0.530513935113E-01
  0.262331697892E-02  0.539935554161E-01
  0.267047038869E-02  0.549510984628E-01
  0.271841627425E-02  0.559242659645E-01
  0.276716795419E-02  0.569133048172E-01
  0.281673897098E-02  0.579184655440E-01
  0.286714309466E-02  0.589400023380E-01
  0.291839432669E-02  0.599781731069E-01
  0.297050690386E-02  0.610332395164E-01
  0.302349530222E-02  0.621054670350E-01
  0.307737424111E-02  0.631951249778E-01
  0.313215868724E-02  0.643024865512E-01
  0.318786385888E-02  0.654278288972E-01
  0.324450523003E-02  0.665714331381E-01
  0.330209853479E-02  0.677335844212E-01
  0.336065977165E-02  0.689145719634E-01
  0.342020520800E-02  0.701146890958E-01
  0.348075138464E-02  0.713342333082E-01
  0.354231512032E-02  0.725735062941E-01
  0.360491351648E-02  0.738328139951E-01
  0.366856396197E-02  0.751124666451E-01
  0.373328413787E-02  0.764127788151E-01
  0.379909202244E-02  0.777340694570E-01
  0.386600589605E-02  0.790766619476E-01
  0.393404434633E-02  0.804408841328E-01
  0.400322627329E-02  0.818270683708E-01
  0.407357089456E-02  0.832355515756E-01
  0.414509775079E-02  0.846666752598E-01
  0.421782671099E-02  0.861207855772E-01
  0.429177797812E-02  0.875982333653E-01
  0.436697209468E-02  0.890993741870E-01
  0.444342994841E-02  0.906245683716E-01
  0.452117277809E-02  0.921741810561E-01
  0.460022217945E-02  0.937485822252E-01
  0.468060011117E-02  0.953481467510E-01
  0.476232890096E-02  0.969732544320E-01
  0.484543125179E-02  0.986242900314E-01
  0.492993024819E-02  0.100301643315E+00
  0.501584936264E-02  0.102005709086E+00
  0.510321246211E-02  0.103736887224E+00
  0.519204381470E-02  0.105495582718E+00
  0.528236809635E-02  0.107282205700E+00
  0.537421039771E-02  0.109097171479E+00
  0.546759623114E-02  0.110940900570E+00
  0.556255153774E-02  0.112813818730E+00
  0.565910269459E-02  0.114716356982E+00
  0.575727652208E-02  0.116648951644E+00
  0.585710029135E-02  0.118612044358E+00
  0.595860173187E-02  0.120606082113E+00
  0.606180903914E-02  0.122631517266E+00
  0.616675088250E-02  0.124688807570E+00
  0.627345641316E-02  0.126778416190E+00
  0.638195527222E-02  0.128900811718E+00
  0.649227759895E-02  0.131056468198E+00
  0.660445403916E-02  0.133245865131E+00
  0.671851575368E-02  0.135469487493E+00
  0.683449442706E-02  0.137727825742E+00
  0.695242227634E-02  0.140021375827E+00
  0.707233206002E-02  0.142350639191E+00
  0.719425708714E-02  0.144716122777E+00
  0.731823122654E-02  0.147118339024E+00
  0.744428891630E-02  0.149557805864E+00
  0.757246517323E-02  0.152035046722E+00
  0.770279560269E-02  0.154550590496E+00
  0.783531640840E-02  0.157104971557E+00
  0.797006440256E-02  0.159698729723E+00
  0.810707701603E-02  0.162332410246E+00
  0.824639230874E-02  0.165006563789E+00
  0.838804898030E-02  0.167721746394E+00
  0.853208638067E-02  0.170478519459E+00
  0.867854452119E-02  0.173277449698E+00
  0.882746408560E-02  0.176119109106E+00
  0.897888644141E-02  0.179004074910E+00
  0.913285365137E-02  0.181932929529E+00
  0.928940848512E-02  0.184906260513E+00
  0.944859443113E-02  0.187924660494E+00
  0.961045570874E-02  0.190988727114E+00
  0.977503728046E-02  0.194099062963E+00
  0.994238486445E-02  0.197256275505E+00
  0.101125449472E-01  0.200460976994E+00
  0.102855647966E-01  0.203713784394E+00
  0.104614924747E-01  0.207015319282E+00
  0.106403768515E-01  0.210366207754E+00
  0.108222676182E-01  0.213767080317E+00
  0.110072153012E-01  0.217218571781E+00
  0.111952712761E-01  0.220721321134E+00
  0.113864877819E-01  0.224275971422E+00
  0.115809179354E-01  0.227883169612E+00
  0.117786157463E-01  0.231543566448E+00
  0.119796361319E-01  0.235257816306E+00
  0.121840349326E-01  0.239026577032E+00
  0.123918689270E-01  0.242850509776E+00
  0.126031958482E-01  0.246730278812E+00
  0.128180743995E-01  0.250666551360E+00
  0.130365642707E-01  0.254659997385E+00
  0.132587261548E-01  0.258711289390E+00
  0.134846217650E-01  0.262821102209E+00
  0.137143138514E-01  0.266990112772E+00
  0.139478662190E-01  0.271218999874E+00
  0.141853437448E-01  0.275508443925E+00
  0.144268123963E-01  0.279859126690E+00
  0.146723392498E-01  0.284271731018E+00
  0.149219925086E-01  0.288746940559E+00
  0.151758415227E-01  0.293285439468E+00
  0.154339568071E-01  0.297887912091E+00
  0.156964100623E-01  0.302555042650E+00
  0.159632741936E-01  0.307287514901E+00
  0.162346233317E-01  0.312086011784E+00
  0.165105328530E-01  0.316951215062E+00
  0.167910794009E-01  0.321883804936E+00
  0.170763409068E-01  0.326884459652E+00
  0.173663966117E-01  0.331953855090E+00
  0.176613270887E-01  0.337092664339E+00
  0.179612142648E-01  0.342301557249E+00
  0.182661414438E-01  0.347581199974E+00
  0.185761933297E-01  0.352932254493E+00
  0.188914560500E-01  0.358355378112E+00
  0.192120171798E-01  0.363851222956E+00
  0.195379657658E-01  0.369420435429E+00
  0.198693923514E-01  0.375063655666E+00
  0.202063890018E-01  0.380781516963E+00
  0.205490493292E-01  0.386574645181E+00
  0.208974685193E-01  0.392443658139E+00
  0.212517433574E-01  0.398389164976E+00
  0.216119722554E-01  0.404411765501E+00
  0.219782552794E-01  0.410512049516E+00
  0.223506941768E-01  0.416690596115E+00
  0.227293924054E-01  0.422947972967E+00
  0.231144551616E-01  0.429284735568E+00
  0.235059894096E-01  0.435701426476E+00
  0.239041039116E-01  0.442198574515E+00
  0.243089092575E-01  0.448776693966E+00
  0.247205178957E-01  0.455436283716E+00
  0.251390441647E-01  0.462177826400E+00
  0.255646043244E-01  0.469001787504E+00
  0.259973165888E-01  0.475908614446E+00
  0.264373011585E-01  0.482898735634E+00
  0.268846802542E-01  0.489972559491E+00
  0.273395781508E-01  0.497130473457E+00
  0.278021212118E-01  0.504372842962E+00
  0.282724379242E-01  0.511700010371E+00
  0.287506589347E-01  0.519112293899E+00
  0.292369170855E-01  0.526609986501E+00
  0.297313474514E-01  0.534193354731E+00
  0.302340873774E-01  0.541862637570E+00
  0.307452765167E-01  0.549618045228E+00
  0.312650568696E-01  0.557459757915E+00
  0.317935728228E-01  0.565387924581E+00
  0.323309711898E-01  0.573402661627E+00
  0.328774012512E-01  0.581504051586E+00
  0.334330147968E-01  0.589692141773E+00
  0.339979661672E-01  0.597966942909E+00
  0.345724122970E-01  0.606328427706E+00
  0.351565127582E-01  0.614776529428E+00
  0.357504298048E-01  0.623311140424E+00
  0.363543284174E-01  0.631932110624E+00
  0.369683763497E-01  0.640639246010E+00
  0.375927441744E-01  0.649432307055E+00
  0.382276053310E-01  0.658311007137E+00
  0.388731361740E-01  0.667275010916E+00
  0.395295160216E-01  0.676323932687E+00
  0.401969272058E-01  0.685457334709E+00
  0.408755551229E-01  0.694674725499E+00
  0.415655882849E-01  0.703975558099E+00
  0.422672183722E-01  0.713359228324E+00
  0.429806402866E-01  0.722825072977E+00
  0.437060522054E-01  0.732372368042E+00
  0.444436556366E-01  0.742000326854E+00
  0.451936554747E-01  0.751708098243E+00
  0.459562600579E-01  0.761494764657E+00
  0.467316812256E-01  0.771359340270E+00
  0.475201343777E-01  0.781300769062E+00
  0.483218385340E-01  0.791317922885E+00
  0.491370163952E-01  0.801409599515E+00
  0.499658944049E-01  0.811574520686E+00
  0.508087028122E-01  0.821811330109E+00
  0.516656757361E-01  0.832118591488E+00
  0.525370512300E-01  0.842494786515E+00
  0.534230713484E-01  0.852938312872E+00
  0.543239822137E-01  0.863447482212E+00
  0.552400340846E-01  0.874020518153E+00
  0.561714814259E-01  0.884655554260E+00
  0.571185829789E-01  0.895350632040E+00
  0.580816018336E-01  0.906103698934E+00
  0.590608055013E-01  0.916912606322E+00
  0.600564659893E-01  0.927775107539E+00
  0.610688598765E-01  0.938688855908E+00
  0.620982683898E-01  0.949651402786E+00
  0.631449774827E-01  0.960660195637E+00
  0.642092779144E-01  0.971712576132E+00
  0.652914653308E-01  0.982805778274E+00
  0.663918403465E-01  0.993936926560E+00
  0.675107086282E-01  0.100510303418E+01
  0.686483809800E-01  0.101630100127E+01
  0.698051734291E-01  0.102752761317E+01
  0.709814073144E-01  0.103877953882E+01
  0.721774093749E-01  0.105005332913E+01
  0.733935118412E-01  0.106134541541E+01
  0.746300525273E-01  0.107265210797E+01
  0.758873749247E-01  0.108396959469E+01
  0.771658282978E-01  0.109529393970E+01
  0.784657677806E-01  0.110662108215E+01
  0.797875544759E-01  0.111794683508E+01
  0.811315555550E-01  0.112926688440E+01
  0.824981443603E-01  0.114057678792E+01
  0.838877005086E-01  0.115187197455E+01
  0.853006099966E-01  0.116314774356E+01
  0.867372653083E-01  0.117439926406E+01
  0.881980655238E-01  0.118562157451E+01
  0.896834164303E-01  0.119680958239E+01
  0.911937306349E-01  0.120795806410E+01
  0.927294276791E-01  0.121906166490E+01
  0.942909341551E-01  0.123011489908E+01
  0.958786838248E-01  0.124111215032E+01
  0.974931177401E-01  0.125204767212E+01
  0.991346843652E-01  0.126291558857E+01
  0.100803839701E+00  0.127370989515E+01
  0.102501047413E+00  0.128442445991E+01
  0.104226778959E+00  0.129505302467E+01
  0.105981513719E+00  0.130558920661E+01
  0.107765739132E+00  0.131602649997E+01
  0.109579950826E+00  0.132635827801E+01
  0.111424652761E+00  0.133657779530E+01
  0.113300357366E+00  0.134667819011E+01
  0.115207585683E+00  0.135665248719E+01
  0.117146867509E+00  0.136649360074E+01
  0.119118741546E+00  0.137619433769E+01
  0.121123755549E+00  0.138574740126E+01
  0.123162466481E+00  0.139514539480E+01
  0.125235440662E+00  0.140438082593E+01
  0.127343253931E+00  0.141344611100E+01
  0.129486491807E+00  0.142233357981E+01
  0.131665749647E+00  0.143103548074E+01
  0.133881632814E+00  0.143954398611E+01
  0.136134756846E+00  0.144785119793E+01
  0.138425747624E+00  0.145594915394E+01
  0.140755241551E+00  0.146382983406E+01
  0.143123885722E+00  0.147148516711E+01
  0.145532338109E+00  0.147890703791E+01
  0.147981267743E+00  0.148608729475E+01
  0.150471354898E+00  0.149301775719E+01
  0.153003291280E+00  0.149969022421E+01
  0.155577780221E+00  0.150609648278E+01
  0.158195536874E+00  0.151222831671E+01
  0.160857288411E+00  0.151807751591E+01
  0.163563774222E+00  0.152363588600E+01
  0.166315746129E+00  0.152889525828E+01
  0.169113968585E+00  0.153384750005E+01
  0.171959218892E+00  0.153848452530E+01
  0.174852287415E+00  0.154279830571E+01
  0.177793977804E+00  0.154678088207E+01
  0.180785107214E+00  0.155042437596E+01
  0.183826506533E+00  0.155372100178E+01
  0.186919020613E+00  0.155666307917E+01
  0.190063508507E+00  0.155924304565E+01
  0.193260843703E+00  0.156145346960E+01
  0.196511914371E+00  0.156328706358E+01
  0.199817623607E+00  0.156473669784E+01
  0.203178889684E+00  0.156579541417E+01
  0.206596646310E+00  0.156645643995E+01
  0.210071842882E+00  0.156671320247E+01
  0.213605444756E+00  0.156655934342E+01
  0.217198433511E+00  0.156598873360E+01
  0.220851807222E+00  0.156499548782E+01
  0.224566580739E+00  0.156357397990E+01
  0.228343785966E+00  0.156171885783E+01
  0.232184472153E+00  0.155942505901E+01
  0.236089706180E+00  0.155668782554E+01
  0.240060572861E+00  0.155350271963E+01
  0.244098175239E+00  0.154986563891E+01
  0.248203634897E+00  0.154577283179E+01
  0.252378092266E+00  0.154122091271E+01
  0.256622706944E+00  0.153620687733E+01
  0.260938658020E+00  0.153072811759E+01
  0.265327144395E+00  0.152478243653E+01
  0.269789385122E+00  0.151836806294E+01
  0.274326619741E+00  0.151148366576E+01
  0.278940108624E+00  0.150412836812E+01
  0.283631133326E+00  0.149630176103E+01
  0.288400996938E+00  0.148800391673E+01
  0.293251024454E+00  0.147923540141E+01
  0.298182563135E+00  0.146999728761E+01
  0.303196982885E+00  0.146029116589E+01
  0.308295676629E+00  0.145011915595E+01
  0.313480060705E+00  0.143948391699E+01
  0.318751575253E+00  0.142838865736E+01
  0.324111684615E+00  0.141683714337E+01
  0.329561877747E+00  0.140483370718E+01
  0.335103668625E+00  0.139238325376E+01
  0.340738596671E+00  0.137949126684E+01
  0.346468227180E+00  0.136616381369E+01
  0.352294151753E+00  0.135240754881E+01
  0.358217988738E+00  0.133822971636E+01
  0.364241383685E+00  0.132363815123E+01
  0.370366009797E+00  0.130864127882E+01
  0.376593568400E+00  0.129324811332E+01
  0.382925789410E+00  0.127746825452E+01
  0.389364431818E+00  0.126131188304E+01
  0.395911284178E+00  0.124478975395E+01
  0.402568165101E+00  0.122791318874E+01
  0.409336923765E+00  0.121069406556E+01
  0.416219440423E+00  0.119314480778E+01
  0.423217626929E+00  0.117527837076E+01
  0.430333427271E+00  0.115710822684E+01
  0.437568818104E+00  0.113864834862E+01
  0.444925809305E+00  0.111991319048E+01
  0.452406444532E+00  0.110091766833E+01
  0.460012801785E+00  0.108167713778E+01
  0.467746993992E+00  0.106220737063E+01
  0.475611169588E+00  0.104252452988E+01
  0.483607513118E+00  0.102264514320E+01
  0.491738245838E+00  0.100258607514E+01
  0.500005626339E+00  0.982364498107E+00
  0.508411951168E+00  0.961997862168E+00
  0.516959555470E+00  0.941503863992E+00
  0.525650813634E+00  0.920900414951E+00
  0.534488139953E+00  0.900205608641E+00
  0.543473989299E+00  0.879437687995E+00
  0.552610857797E+00  0.858615012267E+00
  0.561901283526E+00  0.837756024129E+00
  0.571347847220E+00  0.816879217287E+00
  0.580953172983E+00  0.796003104977E+00
  0.590719929025E+00  0.775146189961E+00
  0.600650828396E+00  0.754326936567E+00
  0.610748629743E+00  0.733563745662E+00
  0.621016138075E+00  0.712874933379E+00
  0.631456205545E+00  0.692278714695E+00
  0.642071732238E+00  0.671793192771E+00
  0.652865666979E+00  0.651436354995E+00
  0.663841008154E+00  0.631226075973E+00
  0.675000804539E+00  0.611180127002E+00
  0.686348156149E+00  0.591316189793E+00
  0.697886215099E+00  0.571651870192E+00
  0.709618186480E+00  0.552204704453E+00
  0.721547329248E+00  0.532992147640E+00
  0.733676957131E+00  0.514031530793E+00
  0.746010439547E+00  0.495339972960E+00
  0.758551202544E+00  0.476934236937E+00
  0.771302729746E+00  0.458830525950E+00
  0.784268563328E+00  0.441044231741E+00
  0.797452304993E+00  0.423589661101E+00
  0.810857616976E+00  0.406479781577E+00
  0.824488223061E+00  0.389726032443E+00
  0.838347909615E+00  0.373338238420E+00
  0.852440526641E+00  0.357324642521E+00
  0.866769988844E+00  0.341692046008E+00
  0.881340276723E+00  0.326446018890E+00
  0.896155437675E+00  0.311591131637E+00
  0.911219587115E+00  0.297131162568E+00
  0.926536909629E+00  0.283069251222E+00
  0.942111660125E+00  0.269407988639E+00
  0.957948165024E+00  0.256149451852E+00
  0.974050823456E+00  0.243295198947E+00
  0.990424108486E+00  0.230846242147E+00
  0.100707256835E+01  0.218803013342E+00
  0.102400082774E+01  0.207165331518E+00
  0.104121358904E+01  0.195932377290E+00
  0.105871563370E+01  0.185102676505E+00
  0.107651182350E+01  0.174674093053E+00
  0.109460710195E+01  0.164643830027E+00
  0.111300649563E+01  0.155008438070E+00
  0.113171511559E+01  0.145763829671E+00
  0.115073815881E+01  0.136905298329E+00
  0.117008090957E+01  0.128427541652E+00
  0.118974874099E+01  0.120324687619E+00
  0.120974711649E+01  0.112590323395E+00
  0.123008159129E+01  0.105217526200E+00
  0.125075781399E+01  0.981988958418E-01
  0.127178152813E+01  0.915265885809E-01
  0.129315857375E+01  0.851923520913E-01
  0.131489488906E+01  0.791875612679E-01
  0.133699651206E+01  0.735032547158E-01
  0.135946958225E+01  0.681301717215E-01
  0.138232034227E+01  0.630587895606E-01
  0.140555513972E+01  0.582793609524E-01
  0.142918042886E+01  0.537819515199E-01
  0.145320277240E+01  0.495564770554E-01
  0.147762884339E+01  0.455927404494E-01
  0.150246542700E+01  0.418804680744E-01
  0.152771942244E+01  0.384093454776E-01
  0.155339784487E+01  0.351690521756E-01
  0.157950782735E+01  0.321492954106E-01
  0.160605662282E+01  0.293398426708E-01
  0.163305160612E+01  0.267305528475E-01
  0.166050027603E+01  0.243114058539E-01
  0.168841025735E+01  0.220725305984E-01
  0.171678930304E+01  0.200042311657E-01
  0.174564529635E+01  0.180970111278E-01
  0.177498625302E+01  0.163415958713E-01
  0.180482032349E+01  0.147289528945E-01
  0.183515579522E+01  0.132503099995E-01
  0.186600109490E+01  0.118971713650E-01
  0.189736479088E+01  0.106613314655E-01
  0.192925559550E+01  0.953488685276E-02
  0.196168236751E+01  0.851024580610E-02
  0.199465411457E+01  0.758013589669E-02
  0.202817999570E+01  0.673760950689E-02
  0.206226932387E+01  0.597604737957E-02
  0.209693156855E+01  0.528916026685E-02
  0.213217635837E+01  0.467098877772E-02
  0.216801348377E+01  0.411590151862E-02
  0.220445289974E+01  0.361859164443E-02
  0.224150472857E+01  0.317407193293E-02
  0.227917926268E+01  0.277766851231E-02
  0.231748696745E+01  0.242501336700E-02
  0.235643848417E+01  0.211203575779E-02
  0.239604463295E+01  0.183495268725E-02
  0.243631641575E+01  0.159025854669E-02
  0.247726501943E+01  0.137471407554E-02
  0.251890181888E+01  0.118533476433E-02
  0.256123838014E+01  0.101937882622E-02
  0.260428646363E+01  0.874334858897E-03
  0.264805802744E+01  0.747909311177E-03
  0.269256523061E+01  0.638013862960E-03
  0.273782043654E+01  0.542752818847E-03
  0.278383621641E+01  0.460410608182E-03
  0.283062535268E+01  0.389439475446E-03
  0.287820084264E+01  0.328447436281E-03
  0.292657590199E+01  0.276186565475E-03
  0.297576396858E+01  0.231541674152E-03
  0.302577870607E+01  0.193519424734E-03
  0.307663400775E+01  0.161237923336E-03
  0.312834400044E+01  0.133916821127E-03
  0.318092304836E+01  0.110867947948E-03
  0.323438575712E+01  0.914864942059E-04
  0.328874697783E+01  0.752427497837E-04
  0.334402181117E+01  0.616744025089E-04
  0.340022561163E+01  0.503793926274E-04
  0.345737399172E+01  0.410093147057E-04
  0.351548282637E+01  0.332633535951E-04
  0.357456825730E+01  0.268827372698E-04
  0.363464669750E+01  0.216456858526E-04
  0.369573483581E+01  0.173628334853E-04
  0.375784964156E+01  0.138730973897E-04
  0.382100836925E+01  0.110399668391E-04
  0.388522856339E+01  0.874818343910E-05
  0.395052806333E+01  0.690078329809E-05
  0.401692500824E+01  0.541647103648E-05
  0.408443784215E+01  0.422729522167E-05
  0.415308531904E+01  0.327659442966E-05
  0.422288650812E+01  0.251718267756E-05
  0.429386079903E+01  0.190974211306E-05
  0.436602790733E+01  0.142138935799E-05
  0.443940787990E+01  0.102437929115E-05
  0.451402110052E+01  0.694905762559E-06
  0.458988829559E+01  0.411951843902E-06
  0.466703053980E+01  0.156131489754E-06
  0.474546926205E+01  0.000000000000E+00
  0.482522625138E+01  0.000000000000E+00
  0.490632366303E+01  0.000000000000E+00
  0.498878402457E+01  0.000000000000E+00
  0.507263024219E+01  0.000000000000E+00
  0.515788560705E+01  0.000000000000E+00
  0.524457380173E+01  0.000000000000E+00
  0.533271890685E+01  0.000000000000E+00
  0.542234540774E+01  0.000000000000E+00
  0.551347820121E+01  0.000000000000E+00
  0.560614260251E+01  0.000000000000E+00
  0.570036435236E+01  0.000000000000E+00
  0.579616962407E+01  0.000000000000E+00
  0.589358503082E+01  0.000000000000E+00
  0.599263763309E+01  0.000000000000E+00
  0.609335494611E+01  0.000000000000E+00
  0.619576494757E+01  0.000000000000E+00
  0.629989608536E+01  0.000000000000E+00
  0.640577728544E+01  0.000000000000E+00
  0.651343795996E+01  0.000000000000E+00
  0.662290801535E+01  0.000000000000E+00
  0.673421786065E+01  0.000000000000E+00
  0.684739841598E+01  0.000000000000E+00
  0.696248112113E+01  0.000000000000E+00
  0.707949794423E+01  0.000000000000E+00
  0.719848139073E+01  0.000000000000E+00
  0.731946451234E+01  0.000000000000E+00
  0.744248091627E+01  0.000000000000E+00
  0.756756477452E+01  0.000000000000E+00
  0.769475083341E+01  0.000000000000E+00
  0.782407442324E+01  0.000000000000E+00
  0.795557146804E+01  0.000000000000E+00
  0.808927849562E+01  0.000000000000E+00
  0.822523264768E+01  0.000000000000E+00
  0.836347169014E+01  0.000000000000E+00
  0.850403402362E+01  0.000000000000E+00
  0.864695869411E+01  0.000000000000E+00
  0.879228540384E+01  0.000000000000E+00
  0.894005452227E+01  0.000000000000E+00
  0.909030709732E+01  0.000000000000E+00
  0.924308486679E+01  0.000000000000E+00
  0.939843026992E+01  0.000000000000E+00
  0.955638645923E+01  0.000000000000E+00
  0.971699731244E+01  0.000000000000E+00
  0.988030744471E+01  0.000000000000E+00
  0.100463622210E+02  0.000000000000E+00
  0.102152077688E+02  0.000000000000E+00
  0.103868909906E+02  0.000000000000E+00
  0.105614595773E+02  0.000000000000E+00
  0.107389620214E+02  0.000000000000E+00
  0.109194476302E+02  0.000000000000E+00
  0.111029665398E+02  0.000000000000E+00
  0.112895697288E+02  0.000000000000E+00
  0.114793090327E+02  0.000000000000E+00
  0.116722371580E+02  0.000000000000E+00
  0.118684076971E+02  0.000000000000E+00
  0.120678751431E+02  0.000000000000E+00
  0.122706949049E+02  0.000000000000E+00
  0.124769233226E+02  0.000000000000E+00
  0.126866176832E+02  0.000000000000E+00
  0.128998362366E+02  0.000000000000E+00
  0.131166382114E+02  0.000000000000E+00
  0.133370838318E+02  0.000000000000E+00
  0.135612343341E+02  0.000000000000E+00
  0.137891519839E+02  0.000000000000E+00
  0.140209000929E+02  0.000000000000E+00
  0.142565430373E+02  0.000000000000E+00
  0.144961462748E+02  0.000000000000E+00
  0.147397763635E+02  0.000000000000E+00
  0.149875009800E+02  0.000000000000E+00
  0.152393889382E+02  0.000000000000E+00
  0.154955102087E+02  0.000000000000E+00
  0.157559359378E+02  0.000000000000E+00
  0.160207384678E+02  0.000000000000E+00
  0.162899913566E+02  0.000000000000E+00
  0.165637693984E+02  0.000000000000E+00
  0.168421486444E+02  0.000000000000E+00
  0.171252064240E+02  0.000000000000E+00
  0.174130213662E+02  0.000000000000E+00
  0.177056734214E+02  0.000000000000E+00
  0.180032438837E+02  0.000000000000E+00
  0.183058154135E+02  0.000000000000E+00
  0.186134720604E+02  0.000000000000E+00
  0.189262992866E+02  0.000000000000E+00
  0.192443839905E+02  0.000000000000E+00
  0.195678145310E+02  0.000000000000E+00
  0.198966807520E+02  0.000000000000E+00
  0.202310740074E+02  0.000000000000E+00
  0.205710871863E+02  0.000000000000E+00
  0.209168147390E+02  0.000000000000E+00
  0.212683527032E+02  0.000000000000E+00
  0.216257987306E+02  0.000000000000E+00
  0.219892521140E+02  0.000000000000E+00
  0.223588138151E+02  0.000000000000E+00
  0.227345864922E+02  0.000000000000E+00
  0.231166745290E+02  0.000000000000E+00
  0.235051840637E+02  0.000000000000E+00
  0.239002230179E+02  0.000000000000E+00
  0.243019011274E+02  0.000000000000E+00
  0.247103299718E+02  0.000000000000E+00
  0.251256230063E+02  0.000000000000E+00
  0.255478955928E+02  0.000000000000E+00
  0.259772650319E+02  0.000000000000E+00
  0.264138505956E+02  0.000000000000E+00
  0.268577735606E+02  0.000000000000E+00
  0.273091572416E+02  0.000000000000E+00
  0.277681270258E+02  0.000000000000E+00
  0.282348104079E+02  0.000000000000E+00
  0.287093370251E+02  0.000000000000E+00
  0.291918386934E+02  0.000000000000E+00
  0.296824494441E+02  0.000000000000E+00
  0.301813055612E+02  0.000000000000E+00
  0.306885456191E+02  0.000000000000E+00
  0.312043105209E+02  0.000000000000E+00
  0.317287435381E+02  0.000000000000E+00
  0.322619903498E+02  0.000000000000E+00
  0.328041990836E+02  0.000000000000E+00
  0.333555203565E+02  0.000000000000E+00
  0.339161073169E+02  0.000000000000E+00
  0.344861156870E+02  0.000000000000E+00
  0.350657038060E+02  0.000000000000E+00
  0.356550326745E+02  0.000000000000E+00
  0.362542659986E+02  0.000000000000E+00
  0.368635702360E+02  0.000000000000E+00
  0.374831146417E+02  0.000000000000E+00
  0.381130713153E+02  0.000000000000E+00
  0.387536152490E+02  0.000000000000E+00
  0.394049243756E+02  0.000000000000E+00
  0.400671796186E+02  0.000000000000E+00
  0.407405649420E+02  0.000000000000E+00
  0.414252674016E+02  0.000000000000E+00
  0.421214771969E+02  0.000000000000E+00
  0.428293877241E+02  0.000000000000E+00
  0.435491956296E+02  0.000000000000E+00
  0.442811008644E+02  0.000000000000E+00
  0.450253067405E+02  0.000000000000E+00
  0.457820199864E+02  0.000000000000E+00
  0.465514508051E+02  0.000000000000E+00
  0.473338129324E+02  0.000000000000E+00
  0.481293236961E+02  0.000000000000E+00
  0.489382040765E+02  0.000000000000E+00
  0.497606787677E+02  0.000000000000E+00
  0.505969762404E+02  0.000000000000E+00
  0.514473288048E+02  0.000000000000E+00
  0.523119726752E+02  0.000000000000E+00
  0.531911480362E+02  0.000000000000E+00
  0.540850991088E+02  0.000000000000E+00
  0.549940742185E+02  0.000000000000E+00
  0.559183258642E+02  0.000000000000E+00
  0.568581107884E+02  0.000000000000E+00
  0.578136900485E+02  0.000000000000E+00
  0.587853290894E+02  0.000000000000E+00
  0.597732978170E+02  0.000000000000E+00
  0.607778706735E+02  0.000000000000E+00
  0.617993267133E+02  0.000000000000E+00
  0.628379496807E+02  0.000000000000E+00
  0.638940280890E+02  0.000000000000E+00
  0.649678552998E+02  0.000000000000E+00
  0.660597296055E+02  0.000000000000E+00
  0.671699543116E+02  0.000000000000E+00
  0.682988378209E+02  0.000000000000E+00
  0.694466937194E+02  0.000000000000E+00
  0.706138408633E+02  0.000000000000E+00
  0.718006034678E+02  0.000000000000E+00
  0.730073111967E+02  0.000000000000E+00
  0.742342992543E+02  0.000000000000E+00
  0.754819084787E+02  0.000000000000E+00
  0.767504854358E+02  0.000000000000E+00
  0.780403825164E+02  0.000000000000E+00
  0.793519580336E+02  0.000000000000E+00
  0.806855763222E+02  0.000000000000E+00
  0.820416078403E+02  0.000000000000E+00
  0.834204292722E+02  0.000000000000E+00
  0.848224236326E+02  0.000000000000E+00
  0.862479803734E+02  0.000000000000E+00
  0.876974954918E+02  0.000000000000E+00
  0.891713716401E+02  0.000000000000E+00
  0.906700182380E+02  0.000000000000E+00
  0.921938515857E+02  0.000000000000E+00
  0.937432949801E+02  0.000000000000E+00
  0.953187788321E+02  0.000000000000E+00
  0.969207407862E+02  0.000000000000E+00
  0.985496258423E+02  0.000000000000E+00
  0.100205886479E+03  0.000000000000E+00
  0.101889982779E+03  0.000000000000E+00
         795           0         200
  0.000000000000E+00  0.000000000000E+00
  0.306507791728E-05  0.138735942018E-04
  0.618166854669E-05  0.279803409150E-04
  0.935063762790E-05  0.423241463104E-04
  0.125728654505E-04  0.569089814938E-04
  0.158492470984E-04  0.717388835994E-04
  0.191806926988E-04  0.868179568751E-04
  0.225681276746E-04  0.102150373785E-03
  0.260124930018E-04  0.117740376129E-03
  0.295147454706E-04  0.133592276185E-03
  0.330758579515E-04  0.149710457864E-03
  0.366968196654E-04  0.166099377886E-03
  0.403786364581E-04  0.182763566983E-03
  0.441223310802E-04  0.199707631107E-03
  0.479289434710E-04  0.216936252672E-03
  0.517995310473E-04  0.234454191809E-03
  0.557351689972E-04  0.252266287644E-03
  0.597369505788E-04  0.270377459597E-03
  0.638059874238E-04  0.288792708699E-03
  0.679434098463E-04  0.307517118939E-03
  0.721503671571E-04  0.326555858623E-03
  0.764280279823E-04  0.345914181764E-03
  0.807775805886E-04  0.365597429489E-03
  0.852002332130E-04  0.385611031471E-03
  0.896972143987E-04  0.405960507388E-03
  0.942697733359E-04  0.426651468400E-03
  0.989191802093E-04  0.447689618651E-03
  0.103646726551E-03  0.469080756805E-03
  0.108453725598E-03  0.490830777591E-03
  0.113341512659E-03  0.512945673390E-03
  0.118311445485E-03  0.535431535833E-03
  0.123364904643E-03  0.558294557438E-03
  0.128503293906E-03  0.581541033264E-03
  0.133728040636E-03  0.605177362599E-03
  0.139040596186E-03  0.629210050669E-03
  0.144442436300E-03  0.653645710380E-03
  0.149935061524E-03  0.678491064088E-03
  0.155519997622E-03  0.703752945391E-03
  0.161198796001E-03  0.729438300963E-03
  0.166973034141E-03  0.755554192402E-03
  0.172844316036E-03  0.782107798119E-03
  0.178814272634E-03  0.809106415255E-03
  0.184884562295E-03  0.836557461626E-03
  0.191056871249E-03  0.864468477702E-03
  0.197332914067E-03  0.892847128617E-03
  0.203714434135E-03  0.921701206208E-03
  0.210203204136E-03  0.951038631094E-03
  0.216801026551E-03  0.980867454779E-03
  0.223509734148E-03  0.101119586180E-02
  0.230331190502E-03  0.104203217188E-02
  0.237267290505E-03  0.107338484217E-02
  0.244319960897E-03  0.110526246948E-02
  0.251491160797E-03  0.113767379254E-02
  0.258782882252E-03  0.117062769432E-02
  0.266197150786E-03  0.120413320442E-02
  0.273736025968E-03  0.123819950140E-02
  0.281401601976E-03  0.127283591524E-02
  0.289196008187E-03  0.130805192979E-02
  0.297121409764E-03  0.134385718529E-02
  0.305180008259E-03  0.138026148088E-02
  0.313374042222E-03  0.141727477717E-02
  0.321705787828E-03  0.145490719892E-02
  0.330177559502E-03  0.149316903763E-02
  0.338791710571E-03  0.153207075425E-02
  0.347550633908E-03  0.157162298195E-02
  0.356456762605E-03  0.161183652889E-02
  0.365512570643E-03  0.165272238101E-02
  0.374720573583E-03  0.169429170493E-02
  0.384083329262E-03  0.173655585085E-02
  0.393603438507E-03  0.177952635549E-02
  0.403283545853E-03  0.182321494510E-02
  0.413126340281E-03  0.186763353851E-02
  0.423134555964E-03  0.191279425017E-02
  0.433310973027E-03  0.195870939333E-02
  0.443658418317E-03  0.200539148321E-02
  0.454179766191E-03  0.205285324020E-02
  0.464877939314E-03  0.210110759315E-02
  0.475755909468E-03  0.215016768271E-02
  0.486816698383E-03  0.220004686466E-02
  0.498063378571E-03  0.225075871337E-02
  0.509499074182E-03  0.230231702523E-02
  0.521126961872E-03  0.235473582219E-02
  0.532950271683E-03  0.240802935536E-02
  0.544972287946E-03  0.246221210858E-02
  0.557196350186E-03  0.251729880212E-02
  0.569625854054E-03  0.257330439643E-02
  0.582264252271E-03  0.263024409588E-02
  0.595115055584E-03  0.268813335265E-02
  0.608181833744E-03  0.274698787058E-02
  0.621468216494E-03  0.280682360913E-02
  0.634977894582E-03  0.286765678740E-02
  0.648714620784E-03  0.292950388819E-02
  0.662682210944E-03  0.299238166209E-02
  0.676884545040E-03  0.305630713172E-02
  0.691325568254E-03  0.312129759591E-02
  0.706009292076E-03  0.318737063402E-02
  0.720939795412E-03  0.325454411032E-02
  0.736121225719E-03  0.332283617839E-02
  0.751557800160E-03  0.339226528560E-02
  0.767253806771E-03  0.346285017766E-02
  0.783213605655E-03  0.353460990326E-02
  0.799441630192E-03  0.360756381868E-02
  0.815942388271E-03  0.368173159259E-02
  0.832720463542E-03  0.375713321083E-02
  0.849780516689E-03  0.383378898126E-02
  0.867127286725E-03  0.391171953875E-02
  0.884765592310E-03  0.399094585012E-02
  0.902700333086E-03  0.407148921925E-02
  0.920936491041E-03  0.415337129222E-02
  0.939479131892E-03  0.423661406252E-02
  0.958333406491E-03  0.432123987630E-02
  0.977504552258E-03  0.440727143777E-02
  0.996997894634E-03  0.449473181459E-02
  0.101681884856E-02  0.458364444335E-02
  0.103697291999E-02  0.467403313518E-02
  0.105746570740E-02  0.476592208135E-02
  0.107830290337E-02  0.485933585899E-02
  0.109949029614E-02  0.495429943689E-02
  0.112103377123E-02  0.505083818132E-02
  0.114293931308E-02  0.514897786203E-02
  0.116521300671E-02  0.524874465819E-02
  0.118786103938E-02  0.535016516452E-02
  0.121088970238E-02  0.545326639741E-02
  0.123430539270E-02  0.555807580122E-02
  0.125811461484E-02  0.566462125452E-02
  0.128232398264E-02  0.577293107652E-02
  0.130694022107E-02  0.588303403356E-02
  0.133197016814E-02  0.599495934558E-02
  0.135742077677E-02  0.610873669284E-02
  0.138329911673E-02  0.622439622255E-02
  0.140961237663E-02  0.634196855566E-02
  0.143636786587E-02  0.646148479375E-02
  0.146357301669E-02  0.658297652595E-02
  0.149123538627E-02  0.670647583594E-02
  0.151936265878E-02  0.683201530906E-02
  0.154796264751E-02  0.695962803949E-02
  0.157704329711E-02  0.708934763750E-02
  0.160661268571E-02  0.722120823675E-02
  0.163667902723E-02  0.735524450176E-02
  0.166725067361E-02  0.749149163533E-02
  0.169833611719E-02  0.762998538616E-02
  0.172994399300E-02  0.777076205647E-02
  0.176208308121E-02  0.791385850973E-02
  0.179476230956E-02  0.805931217846E-02
  0.182799075582E-02  0.820716107208E-02
  0.186177765032E-02  0.835744378493E-02
  0.189613237853E-02  0.851019950421E-02
  0.193106448366E-02  0.866546801817E-02
  0.196658366929E-02  0.882328972423E-02
  0.200269980208E-02  0.898370563726E-02
  0.203942291454E-02  0.914675739789E-02
  0.207676320775E-02  0.931248728094E-02
  0.211473105427E-02  0.948093820385E-02
  0.215333700097E-02  0.965215373524E-02
  0.219259177196E-02  0.982617810353E-02
  0.223250627160E-02  0.100030562056E-01
  0.227309158750E-02  0.101828336155E-01
  0.231435899364E-02  0.103655565933E-01
  0.235631995343E-02  0.105512720940E-01
  0.239898612299E-02  0.107400277764E-01
  0.244236935428E-02  0.109318720120E-01
  0.248648169849E-02  0.111268538944E-01
  0.253133540933E-02  0.113250232478E-01
  0.257694294645E-02  0.115264306369E-01
  0.262331697892E-02  0.117311273755E-01
  0.267047038869E-02  0.119391655359E-01
  0.271841627425E-02  0.121505979586E-01
  0.276716795419E-02  0.123654782610E-01
  0.281673897098E-02  0.125838608473E-01
  0.286714309466E-02  0.128058009178E-01
  0.291839432669E-02  0.130313544783E-01
  0.297050690386E-02  0.132605783494E-01
  0.302349530222E-02  0.134935301764E-01
  0.307737424111E-02  0.137302684386E-01
  0.313215868724E-02  0.139708524590E-01
  0.318786385888E-02  0.142153424138E-01
  0.324450523003E-02  0.144637993418E-01
  0.330209853479E-02  0.147162851543E-01
  0.336065977165E-02  0.149728626446E-01
  0.342020520800E-02  0.152335954976E-01
  0.348075138464E-02  0.154985482992E-01
  0.354231512032E-02  0.157677865460E-01
  0.360491351648E-02  0.160413766551E-01
  0.366856396197E-02  0.163193859730E-01
  0.373328413787E-02  0.166018827859E-01
  0.379909202244E-02  0.168889363283E-01
  0.386600589605E-02  0.171806167930E-01
  0.393404434633E-02  0.174769953403E-01
  0.400322627329E-02  0.177781441072E-01
  0.407357089456E-02  0.180841362167E-01
  0.414509775079E-02  0.183950457867E-01
  0.421782671099E-02  0.187109479395E-01
  0.429177797812E-02  0.190319188104E-01
  0.436697209468E-02  0.193580355567E-01
  0.444342994841E-02  0.196893763664E-01
  0.452117277809E-02  0.200260204668E-01
  0.460022217945E-02  0.203680481331E-01
  0.468060011117E-02  0.207155406965E-01
  0.476232890096E-02  0.210685805526E-01
  0.484543125179E-02  0.214272511694E-01
  0.492993024819E-02  0.217916370951E-01
  0.501584936264E-02  0.221618239654E-01
  0.510321246211E-02  0.225378985116E-01
  0.519204381470E-02  0.229199485673E-01
  0.528236809635E-02  0.233080630754E-01
  0.537421039771E-02  0.237023320951E-01
  0.546759623114E-02  0.241028468081E-01
  0.556255153774E-02  0.245096995251E-01
  0.565910269459E-02  0.249229836910E-01
  0.575727652208E-02  0.253427938914E-01
  0.585710029135E-02  0.257692258571E-01
  0.595860173187E-02  0.262023764692E-01
  0.606180903914E-02  0.266423437638E-01
  0.616675088250E-02  0.270892269358E-01
  0.627345641316E-02  0.275431263427E-01
  0.638195527222E-02  0.280041435083E-01
  0.649227759895E-02  0.284723811247E-01
  0.660445403916E-02  0.289479430554E-01
  0.671851575368E-02  0.294309343367E-01
  0.683449442706E-02  0.299214611793E-01
  0.695242227634E-02  0.304196309686E-01
  0.707233206002E-02  0.309255522656E-01
  0.719425708714E-02  0.314393348059E-01
  0.731823122654E-02  0.319610894988E-01
  0.744428891630E-02  0.324909284258E-01
  0.757246517323E-02  0.330289648378E-01
  0.770279560269E-02  0.335753131525E-01
  0.783531640840E-02  0.341300889501E-01
  0.797006440256E-02  0.346934089687E-01
  0.810707701603E-02  0.352653910992E-01
  0.824639230874E-02  0.358461543784E-01
  0.838804898030E-02  0.364358189821E-01
  0.853208638067E-02  0.370345062172E-01
  0.867854452119E-02  0.376423385118E-01
  0.882746408560E-02  0.382594394060E-01
  0.897888644141E-02  0.388859335400E-01
  0.913285365137E-02  0.395219466423E-01
  0.928940848512E-02  0.401676055160E-01
  0.944859443113E-02  0.408230380244E-01
  0.961045570874E-02  0.414883730751E-01
  0.977503728046E-02  0.421637406032E-01
  0.994238486445E-02  0.428492715524E-01
  0.101125449472E-01  0.435450978557E-01
  0.102855647966E-01  0.442513524142E-01
  0.104614924747E-01  0.449681690738E-01
  0.106403768515E-01  0.456956826021E-01
  0.108222676182E-01  0.464340286616E-01
  0.110072153012E-01  0.471833437829E-01
  0.111952712761E-01  0.479437653354E-01
  0.113864877819E-01  0.487154314961E-01
  0.115809179354E-01  0.494984812175E-01
  0.117786157463E-01  0.502930541925E-01
  0.119796361319E-01  0.510992908179E-01
  0.121840349326E-01  0.519173321560E-01
  0.123918689270E-01  0.527473198937E-01
  0.126031958482E-01  0.535893962995E-01
  0.128180743995E-01  0.544437041788E-01
  0.130365642707E-01  0.553103868262E-01
  0.132587261548E-01  0.561895879755E-01
  0.134846217650E-01  0.570814517477E-01
  0.137143138514E-01  0.579861225961E-01
  0.139478662190E-01  0.589037452484E-01
  0.141853437448E-01  0.598344646471E-01
  0.144268123963E-01  0.607784258859E-01
  0.146723392498E-01  0.617357741439E-01
  0.149219925086E-01  0.627066546168E-01
  0.151758415227E-01  0.636912124447E-01
  0.154339568071E-01  0.646895926370E-01
  0.156964100623E-01  0.657019399938E-01
  0.159632741936E-01  0.667283990241E-01
  0.162346233317E-01  0.677691138603E-01
  0.165105328530E-01  0.688242281693E-01
  0.167910794009E-01  0.698938850599E-01
  0.170763409068E-01  0.709782269865E-01
  0.173663966117E-01  0.720773956485E-01
  0.176613270887E-01  0.731915318857E-01
  0.179612142648E-01  0.743207755706E-01
  0.182661414438E-01  0.754652654947E-01
  0.185761933297E-01  0.766251392519E-01
  0.188914560500E-01  0.778005331167E-01
  0.192120171798E-01  0.789915819180E-01
  0.195379657658E-01  0.801984189080E-01
  0.198693923514E-01  0.814211756265E-01
  0.202063890018E-01  0.826599817600E-01
  0.205490493292E-01  0.839149649956E-01
  0.208974685193E-01  0.851862508697E-01
  0.212517433574E-01  0.864739626120E-01
  0.216119722554E-01  0.877782209824E-01
  0.219782552794E-01  0.890991441041E-01
  0.223506941768E-01  0.904368472893E-01
  0.227293924054E-01  0.917914428601E-01
  0.231144551616E-01  0.931630399630E-01
  0.235059894096E-01  0.945517443765E-01
  0.239041039116E-01  0.959576583135E-01
  0.243089092575E-01  0.973808802164E-01
  0.247205178957E-01  0.988215045456E-01
  0.251390441647E-01  0.100279621562E+00
  0.255646043244E-01  0.101755317101E+00
  0.259973165888E-01  0.103248672340E+00
  0.264373011585E-01  0.104759763563E+00
  0.268846802542E-01  0.106288661909E+00
  0.273395781508E-01  0.107835433118E+00
  0.278021212118E-01  0.109400137273E+00
  0.282724379242E-01  0.110982828527E+00
  0.287506589347E-01  0.112583554828E+00
  0.292369170855E-01  0.114202357630E+00
  0.297313474514E-01  0.115839271602E+00
  0.302340873774E-01  0.117494324325E+00
  0.307452765167E-01  0.119167535980E+00
  0.312650568696E-01  0.120858919029E+00
  0.317935728228E-01  0.122568477890E+00
  0.323309711898E-01  0.124296208596E+00
  0.328774012512E-01  0.126042098451E+00
  0.334330147968E-01  0.127806125675E+00
  0.339979661672E-01  0.129588259040E+00
  0.345724122970E-01  0.131388457494E+00
  0.351565127582E-01  0.133206669783E+00
  0.357504298048E-01  0.135042834055E+00
  0.363543284174E-01  0.136896877456E+00
  0.369683763497E-01  0.138768715723E+00
  0.375927441744E-01  0.140658252762E+00
  0.382276053310E-01  0.142565380213E+00
  0.388731361740E-01  0.144489977011E+00
  0.395295160216E-01  0.146431908937E+00
  0.401969272058E-01  0.148391028153E+00
  0.408755551229E-01  0.150367172736E+00
  0.415655882849E-01  0.152360166192E+00
  0.422672183722E-01  0.154369816970E+00
  0.429806402866E-01  0.156395917957E+00
  0.437060522054E-01  0.158438245971E+00
  0.444436556366E-01  0.160496561237E+00
  0.451936554747E-01  0.162570606859E+00
  0.459562600579E-01  0.164660108280E+00
  0.467316812256E-01  0.166764772733E+00
  0.475201343777E-01  0.168884288677E+00
  0.483218385340E-01  0.171018325234E+00
  0.491370163952E-01  0.173166531609E+00
  0.499658944049E-01  0.175328536504E+00
  0.508087028122E-01  0.177503947520E+00
  0.516656757361E-01  0.179692350555E+00
  0.525370512300E-01  0.181893309190E+00
  0.534230713484E-01  0.184106364070E+00
  0.543239822137E-01  0.186331032273E+00
  0.552400340846E-01  0.188566806675E+00
  0.561714814259E-01  0.190813155309E+00
  0.571185829789E-01  0.193069520710E+00
  0.580816018336E-01  0.195335319265E+00
  0.590608055013E-01  0.197609940547E+00
  0.600564659893E-01  0.199892746647E+00
  0.610688598765E-01  0.202183071506E+00
  0.620982683898E-01  0.204480220235E+00
  0.631449774827E-01  0.206783468437E+00
  0.642092779144E-01  0.209092061521E+00
  0.652914653308E-01  0.211405214022E+00
  0.663918403465E-01  0.213722108907E+00
  0.675107086282E-01  0.216041896893E+00
  0.686483809800E-01  0.218363695757E+00
  0.698051734291E-01  0.220686589647E+00
  0.709814073144E-01  0.223009628400E+00
  0.721774093749E-01  0.225331826858E+00
  0.733935118412E-01  0.227652164186E+00
  0.746300525273E-01  0.229969583202E+00
  0.758873749247E-01  0.232282989707E+00
  0.771658282978E-01  0.234591251822E+00
  0.784657677806E-01  0.236893199336E+00
  0.797875544759E-01  0.239187623062E+00
  0.811315555550E-01  0.241473274201E+00
  0.824981443603E-01  0.243748863726E+00
  0.838877005086E-01  0.246013061769E+00
  0.853006099966E-01  0.248264497030E+00
  0.867372653083E-01  0.250501756203E+00
  0.881980655238E-01  0.252723383415E+00
  0.896834164303E-01  0.254927879689E+00
  0.911937306349E-01  0.257113702428E+00
  0.927294276791E-01  0.259279264920E+00
  0.942909341551E-01  0.261422935868E+00
  0.958786838248E-01  0.263543038956E+00
  0.974931177401E-01  0.265637852426E+00
  0.991346843652E-01  0.267705608706E+00
  0.100803839701E+00  0.269744494056E+00
  0.102501047413E+00  0.271752648257E+00
  0.104226778959E+00  0.273728164335E+00
  0.105981513719E+00  0.275669088325E+00
  0.107765739132E+00  0.277573419076E+00
  0.109579950826E+00  0.279439108104E+00
  0.111424652761E+00  0.281264059483E+00
  0.113300357366E+00  0.283046129800E+00
  0.115207585683E+00  0.284783128143E+00
  0.117146867509E+00  0.286472816163E+00
  0.119118741546E+00  0.288112908175E+00
  0.121123755549E+00  0.289701071333E+00
  0.123162466481E+00  0.291234925857E+00
  0.125235440662E+00  0.292712045334E+00
  0.127343253931E+00  0.294129957077E+00
  0.129486491807E+00  0.295486142567E+00
  0.131665749647E+00  0.296778037955E+00
  0.133881632814E+00  0.298003034653E+00
  0.136134756846E+00  0.299158479999E+00
  0.138425747624E+00  0.300241678000E+00
  0.140755241551E+00  0.301249890174E+00
  0.143123885722E+00  0.302180336464E+00
  0.145532338109E+00  0.303030196258E+00
  0.147981267743E+00  0.303796609493E+00
  0.150471354898E+00  0.304476677867E+00
  0.153003291280E+00  0.305067466141E+00
  0.155577780221E+00  0.305566003554E+00
  0.158195536874E+00  0.305969285340E+00
  0.160857288411E+00  0.306274274356E+00
  0.163563774222E+00  0.306477902823E+00
  0.166315746129E+00  0.306577074189E+00
  0.169113968585E+00  0.306568665095E+00
  0.171959218892E+00  0.306449527483E+00
  0.174852287415E+00  0.306216490815E+00
  0.177793977804E+00  0.305866364424E+00
  0.180785107214E+00  0.305395939995E+00
  0.183826506533E+00  0.304801994179E+00
  0.186919020613E+00  0.304081291343E+00
  0.190063508507E+00  0.303230586457E+00
  0.193260843703E+00  0.302246628119E+00
  0.196511914371E+00  0.301126161731E+00
  0.199817623607E+00  0.299865932809E+00
  0.203178889684E+00  0.298462690444E+00
  0.206596646310E+00  0.296913190914E+00
  0.210071842882E+00  0.295214201441E+00
  0.213605444756E+00  0.293362504104E+00
  0.217198433511E+00  0.291354899895E+00
  0.220851807222E+00  0.289188212944E+00
  0.224566580739E+00  0.286859294877E+00
  0.228343785966E+00  0.284365029350E+00
  0.232184472153E+00  0.281702336715E+00
  0.236089706180E+00  0.278868178857E+00
  0.240060572861E+00  0.275859564175E+00
  0.244098175239E+00  0.272673552715E+00
  0.248203634897E+00  0.269307261454E+00
  0.252378092266E+00  0.265757869729E+00
  0.256622706944E+00  0.262022624819E+00
  0.260938658020E+00  0.258098847657E+00
  0.265327144395E+00  0.253983938686E+00
  0.269789385122E+00  0.249675383852E+00
  0.274326619741E+00  0.245170760720E+00
  0.278940108624E+00  0.240467744710E+00
  0.283631133326E+00  0.235564115461E+00
  0.288400996938E+00  0.230457763291E+00
  0.293251024454E+00  0.225146695765E+00
  0.298182563135E+00  0.219629044353E+00
  0.303196982885E+00  0.213903071173E+00
  0.308295676629E+00  0.207967175805E+00
  0.313480060705E+00  0.201819902162E+00
  0.318751575253E+00  0.195459945419E+00
  0.324111684615E+00  0.188886158967E+00
  0.329561877747E+00  0.182097561404E+00
  0.335103668625E+00  0.175093343519E+00
  0.340738596671E+00  0.167872875284E+00
  0.346468227180E+00  0.160435712816E+00
  0.352294151753E+00  0.152781605310E+00
  0.358217988738E+00  0.144910501913E+00
  0.364241383685E+00  0.136822558537E+00
  0.370366009797E+00  0.128518144585E+00
  0.376593568400E+00  0.119997849580E+00
  0.382925789410E+00  0.111262489688E+00
  0.389364431818E+00  0.102313114104E+00
  0.395911284178E+00  0.931510113106E-01
  0.402568165101E+00  0.837777151797E-01
  0.409336923765E+00  0.741950109195E-01
  0.416219440423E+00  0.644049408513E-01
  0.423217626929E+00  0.544098100111E-01
  0.430333427271E+00  0.442121915721E-01
  0.437568818104E+00  0.338149320824E-01
  0.444925809305E+00  0.232211565152E-01
  0.452406444532E+00  0.124342731300E-01
  0.460012801785E+00  0.145797814211E-02
  0.467746993992E+00 -0.970373980133E-02
  0.475611169588E+00 -0.210465953433E-01
  0.483607513118E+00 -0.325660023422E-01
  0.491738245838E+00 -0.442570700099E-01
  0.500005626339E+00 -0.561145992787E-01
  0.508411951168E+00 -0.681330794155E-01
  0.516959555470E+00 -0.803066849164E-01
  0.525650813634E+00 -0.926292727196E-01
  0.534488139953E+00 -0.105094379795E+00
  0.543473989299E+00 -0.117695221183E+00
  0.552610857797E+00 -0.130424688587E+00
  0.561901283526E+00 -0.143275349649E+00
  0.571347847220E+00 -0.156239448107E+00
  0.580953172983E+00 -0.169308905057E+00
  0.590719929025E+00 -0.182475321703E+00
  0.600650828396E+00 -0.195729984014E+00
  0.610748629743E+00 -0.209063869957E+00
  0.621016138075E+00 -0.222467660107E+00
  0.631456205545E+00 -0.235931752763E+00
  0.642071732238E+00 -0.249446284876E+00
  0.652865666979E+00 -0.263001160475E+00
  0.663841008154E+00 -0.276586088291E+00
  0.675000804539E+00 -0.290190630301E+00
  0.686348156149E+00 -0.303804262185E+00
  0.697886215099E+00 -0.317416445439E+00
  0.709618186480E+00 -0.331016708247E+00
  0.721547329248E+00 -0.344594728576E+00
  0.733676957131E+00 -0.358140407894E+00
  0.746010439547E+00 -0.371643918840E+00
  0.758551202544E+00 -0.385095706336E+00
  0.771302729746E+00 -0.398486422263E+00
  0.784268563328E+00 -0.411806780963E+00
  0.797452304993E+00 -0.425047338322E+00
  0.810857616976E+00 -0.438198218142E+00
  0.824488223061E+00 -0.451248830456E+00
  0.838347909615E+00 -0.464187638047E+00
  0.852440526641E+00 -0.477002023509E+00
  0.866769988844E+00 -0.489678287424E+00
  0.881340276723E+00 -0.502201776004E+00
  0.896155437675E+00 -0.514557104717E+00
  0.911219587115E+00 -0.526728426104E+00
  0.926536909629E+00 -0.538699689490E+00
  0.942111660125E+00 -0.550454855498E+00
  0.957948165024E+00 -0.561978048944E+00
  0.974050823456E+00 -0.573253652156E+00
  0.990424108486E+00 -0.584266351195E+00
  0.100707256835E+01 -0.595001151100E+00
  0.102400082774E+01 -0.605443374439E+00
  0.104121358904E+01 -0.615578653986E+00
  0.105871563370E+01 -0.625392926263E+00
  0.107651182350E+01 -0.634872429826E+00
  0.109460710195E+01 -0.644003709812E+00
  0.111300649563E+01 -0.652773629217E+00
  0.113171511559E+01 -0.661169386429E+00
  0.115073815881E+01 -0.669178538372E+00
  0.117008090957E+01 -0.676789028320E+00
  0.118974874099E+01 -0.683989217454E+00
  0.120974711649E+01 -0.690767919226E+00
  0.123008159129E+01 -0.697114435593E+00
  0.125075781399E+01 -0.703018594319E+00
  0.127178152813E+01 -0.708470786496E+00
  0.129315857375E+01 -0.713462003716E+00
  0.131489488906E+01 -0.717983874158E+00
  0.133699651206E+01 -0.722028697282E+00
  0.135946958225E+01 -0.725589476532E+00
  0.138232034227E+01 -0.728659949984E+00
  0.140555513972E+01 -0.731234618445E+00
  0.142918042886E+01 -0.733308771144E+00
  0.145320277240E+01 -0.734878508576E+00
  0.147762884339E+01 -0.735940762814E+00
  0.150246542700E+01 -0.736493314842E+00
  0.152771942244E+01 -0.736534809362E+00
  0.155339784487E+01 -0.736064766604E+00
  0.157950782735E+01 -0.735083591676E+00
  0.160605662282E+01 -0.733592580947E+00
  0.163305160612E+01 -0.731593926081E+00
  0.166050027603E+01 -0.729090715148E+00
  0.168841025735E+01 -0.726086931518E+00
  0.171678930304E+01 -0.722587449894E+00
  0.174564529635E+01 -0.718598030243E+00
  0.177498625302E+01 -0.714125308960E+00
  0.180482032349E+01 -0.709176788045E+00
  0.183515579522E+01 -0.703760821593E+00
  0.186600109490E+01 -0.697886600435E+00
  0.189736479088E+01 -0.691564134175E+00
  0.192925559550E+01 -0.684804231489E+00
  0.196168236751E+01 -0.677618477930E+00
  0.199465411457E+01 -0.670019212089E+00
  0.202817999570E+01 -0.662019499363E+00
  0.206226932387E+01 -0.653633104155E+00
  0.209693156855E+01 -0.644874459778E+00
  0.213217635837E+01 -0.635758636844E+00
  0.216801348377E+01 -0.626301309430E+00
  0.220445289974E+01 -0.616518719760E+00
  0.224150472857E+01 -0.606427640725E+00
  0.227917926268E+01 -0.596045336913E+00
  0.231748696745E+01 -0.585389523532E+00
  0.235643848417E+01 -0.574478323825E+00
  0.239604463295E+01 -0.563330224442E+00
  0.243631641575E+01 -0.551964029295E+00
  0.247726501943E+01 -0.540398811457E+00
  0.251890181888E+01 -0.528653863591E+00
  0.256123838014E+01 -0.516748646609E+00
  0.260428646363E+01 -0.504702736972E+00
  0.264805802744E+01 -0.492535772546E+00
  0.269256523061E+01 -0.480267397366E+00
  0.273782043654E+01 -0.467917205426E+00
  0.278383621641E+01 -0.455504683851E+00
  0.283062535268E+01 -0.443049155745E+00
  0.287820084264E+01 -0.430569723086E+00
  0.292657590199E+01 -0.418085210134E+00
  0.297576396858E+01 -0.405614107715E+00
  0.302577870607E+01 -0.393174518978E+00
  0.307663400775E+01 -0.380784106949E+00
  0.312834400044E+01 -0.368460044571E+00
  0.318092304836E+01 -0.356218967441E+00
  0.323438575712E+01 -0.344076929970E+00
  0.328874697783E+01 -0.332049365033E+00
  0.334402181117E+01 -0.320151047785E+00
  0.340022561163E+01 -0.308396063541E+00
  0.345737399172E+01 -0.296797780297E+00
  0.351548282637E+01 -0.285368825604E+00
  0.357456825730E+01 -0.274121068243E+00
  0.363464669750E+01 -0.263065604240E+00
  0.369573483581E+01 -0.252212747520E+00
  0.375784964156E+01 -0.241572024618E+00
  0.382100836925E+01 -0.231152173603E+00
  0.388522856339E+01 -0.220961146548E+00
  0.395052806333E+01 -0.211006115600E+00
  0.401692500824E+01 -0.201293481940E+00
  0.408443784215E+01 -0.191828887640E+00
  0.415308531904E+01 -0.182617229691E+00
  0.422288650812E+01 -0.173662676214E+00
  0.429386079903E+01 -0.164968684156E+00
  0.436602790733E+01 -0.156538018500E+00
  0.443940787990E+01 -0.148372772388E+00
  0.451402110052E+01 -0.140474388202E+00
  0.458988829559E+01 -0.132843679106E+00
  0.466703053980E+01 -0.125480851153E+00
  0.474546926205E+01 -0.118385525556E+00
  0.482522625138E+01 -0.111556761291E+00
  0.490632366303E+01 -0.104993077717E+00
  0.498878402457E+01 -0.986924774343E-01
  0.507263024219E+01 -0.926524691505E-01
  0.515788560705E+01 -0.868700907959E-01
  0.524457380173E+01 -0.813419327373E-01
  0.533271890685E+01 -0.760641613124E-01
  0.542234540774E+01 -0.710325425942E-01
  0.551347820121E+01 -0.662424665760E-01
  0.560614260251E+01 -0.616889717046E-01
  0.570036435236E+01 -0.573667699111E-01
  0.579616962407E+01 -0.532702720611E-01
  0.589358503082E+01 -0.493936139171E-01
  0.599263763309E+01 -0.457306825144E-01
  0.609335494611E+01 -0.422751429828E-01
  0.619576494757E+01 -0.390204656847E-01
  0.629989608536E+01 -0.359599536439E-01
  0.640577728544E+01 -0.330867701077E-01
  0.651343795996E+01 -0.303939661646E-01
  0.662290801535E+01 -0.278745082406E-01
  0.673421786065E+01 -0.255213053592E-01
  0.684739841598E+01 -0.233272359766E-01
  0.696248112113E+01 -0.212851742596E-01
  0.707949794423E+01 -0.193880156178E-01
  0.719848139073E+01 -0.176287013552E-01
  0.731946451234E+01 -0.160002422691E-01
  0.744248091627E+01 -0.144957410691E-01
  0.756756477452E+01 -0.131084134740E-01
  0.769475083341E+01 -0.118316078799E-01
  0.782407442324E+01 -0.106588234913E-01
  0.795557146804E+01 -0.958372684011E-02
  0.808927849562E+01 -0.860016662234E-02
  0.822523264768E+01 -0.770218681197E-02
  0.836347169014E+01 -0.688403802204E-02
  0.850403402362E+01 -0.614018710870E-02
  0.864695869411E+01 -0.546532502546E-02
  0.879228540384E+01 -0.485437295797E-02
  0.894005452227E+01 -0.430248678056E-02
  0.909030709732E+01 -0.380505989462E-02
  0.924308486679E+01 -0.335772451857E-02
  0.939843026992E+01 -0.295635151360E-02
  0.955638645923E+01 -0.259704883678E-02
  0.971699731244E+01 -0.227615872322E-02
  0.988030744471E+01 -0.199025370382E-02
  0.100463622210E+02 -0.173613157077E-02
  0.102152077688E+02 -0.151080940536E-02
  0.103868909906E+02 -0.131151678447E-02
  0.105614595773E+02 -0.113568828141E-02
  0.107389620214E+02 -0.980955375971E-03
  0.109194476302E+02 -0.845137885115E-03
  0.111029665398E+02 -0.726235022171E-03
  0.112895697288E+02 -0.622416187368E-03
  0.114793090327E+02 -0.532011586796E-03
  0.116722371580E+02 -0.453502770370E-03
  0.118684076971E+02 -0.385513172428E-03
  0.120678751431E+02 -0.326798731072E-03
  0.122706949049E+02 -0.276238654739E-03
  0.124769233226E+02 -0.232826396581E-03
  0.126866176832E+02 -0.195660889367E-03
  0.128998362366E+02 -0.163938085876E-03
  0.131166382114E+02 -0.136942842098E-03
  0.133370838318E+02 -0.114041173284E-03
  0.135612343341E+02 -0.946729059138E-04
  0.137891519839E+02 -0.783447421022E-04
  0.140209000929E+02 -0.646237468918E-04
  0.142565430373E+02 -0.531312633231E-04
  0.144961462748E+02 -0.435372551391E-04
  0.147397763635E+02 -0.355550725099E-04
  0.149875009800E+02 -0.289366322476E-04
  0.152393889382E+02 -0.234680006202E-04
  0.154955102087E+02 -0.189653640554E-04
  0.157559359378E+02 -0.152713707317E-04
  0.160207384678E+02 -0.122518242518E-04
  0.162899913566E+02 -0.979270903037E-05
  0.165637693984E+02 -0.779752500514E-05
  0.168421486444E+02 -0.618491808515E-05
  0.171252064240E+02 -0.488657113351E-05
  0.174130213662E+02 -0.384534307317E-05
  0.177056734214E+02 -0.301363310697E-05
  0.180032438837E+02 -0.235194914693E-05
  0.183058154135E+02 -0.182766063545E-05
  0.186134720604E+02 -0.141391686916E-05
  0.189262992866E+02 -0.108871295613E-05
  0.192443839905E+02 -0.834086609112E-06
  0.195678145310E+02 -0.635430061003E-06
  0.198966807520E+02 -0.480902442415E-06
  0.202310740074E+02 -0.360928937070E-06
  0.205710871863E+02 -0.267773874447E-06
  0.209168147390E+02 -0.195175560040E-06
  0.212683527032E+02 -0.138030987581E-06
  0.216257987306E+02 -0.921184917385E-07
  0.219892521140E+02 -0.538456893702E-07
  0.223588138151E+02 -0.200084316189E-07
  0.227345864922E+02  0.000000000000E+00
  0.231166745290E+02  0.000000000000E+00
  0.235051840637E+02  0.000000000000E+00
  0.239002230179E+02  0.000000000000E+00
  0.243019011274E+02  0.000000000000E+00
  0.247103299718E+02  0.000000000000E+00
  0.251256230063E+02  0.000000000000E+00
  0.255478955928E+02  0.000000000000E+00
  0.259772650319E+02  0.000000000000E+00
  0.264138505956E+02  0.000000000000E+00
  0.268577735606E+02  0.000000000000E+00
  0.273091572416E+02  0.000000000000E+00
  0.277681270258E+02  0.000000000000E+00
  0.282348104079E+02  0.000000000000E+00
  0.287093370251E+02  0.000000000000E+00
  0.291918386934E+02  0.000000000000E+00
  0.296824494441E+02  0.000000000000E+00
  0.301813055612E+02  0.000000000000E+00
  0.306885456191E+02  0.000000000000E+00
  0.312043105209E+02  0.000000000000E+00
  0.317287435381E+02  0.000000000000E+00
  0.322619903498E+02  0.000000000000E+00
  0.328041990836E+02  0.000000000000E+00
  0.333555203565E+02  0.000000000000E+00
  0.339161073169E+02  0.000000000000E+00
  0.344861156870E+02  0.000000000000E+00
  0.350657038060E+02  0.000000000000E+00
  0.356550326745E+02  0.000000000000E+00
  0.362542659986E+02  0.000000000000E+00
  0.368635702360E+02  0.000000000000E+00
  0.374831146417E+02  0.000000000000E+00
  0.381130713153E+02  0.000000000000E+00
  0.387536152490E+02  0.000000000000E+00
  0.394049243756E+02  0.000000000000E+00
  0.400671796186E+02  0.000000000000E+00
  0.407405649420E+02  0.000000000000E+00
  0.414252674016E+02  0.000000000000E+00
  0.421214771969E+02  0.000000000000E+00
  0.428293877241E+02  0.000000000000E+00
  0.435491956296E+02  0.000000000000E+00
  0.442811008644E+02  0.000000000000E+00
  0.450253067405E+02  0.000000000000E+00
  0.457820199864E+02  0.000000000000E+00
  0.465514508051E+02  0.000000000000E+00
  0.473338129324E+02  0.000000000000E+00
  0.481293236961E+02  0.000000000000E+00
  0.489382040765E+02  0.000000000000E+00
  0.497606787677E+02  0.000000000000E+00
  0.505969762404E+02  0.000000000000E+00
  0.514473288048E+02  0.000000000000E+00
  0.523119726752E+02  0.000000000000E+00
  0.531911480362E+02  0.000000000000E+00
  0.540850991088E+02  0.000000000000E+00
  0.549940742185E+02  0.000000000000E+00
  0.559183258642E+02  0.000000000000E+00
  0.568581107884E+02  0.000000000000E+00
  0.578136900485E+02  0.000000000000E+00
  0.587853290894E+02  0.000000000000E+00
  0.597732978170E+02  0.000000000000E+00
  0.607778706735E+02  0.000000000000E+00
  0.617993267133E+02  0.000000000000E+00
  0.628379496807E+02  0.000000000000E+00
  0.638940280890E+02  0.000000000000E+00
  0.649678552998E+02  0.000000000000E+00
  0.660597296055E+02  0.000000000000E+00
  0.671699543116E+02  0.000000000000E+00
  0.682988378209E+02  0.000000000000E+00
  0.694466937194E+02  0.000000000000E+00
  0.706138408633E+02  0.000000000000E+00
  0.718006034678E+02  0.000000000000E+00
  0.730073111967E+02  0.000000000000E+00
  0.742342992543E+02  0.000000000000E+00
  0.754819084787E+02  0.000000000000E+00
  0.767504854358E+02  0.000000000000E+00
  0.780403825164E+02  0.000000000000E+00
  0.793519580336E+02  0.000000000000E+00
  0.806855763222E+02  0.000000000000E+00
  0.820416078403E+02  0.000000000000E+00
  0.834204292722E+02  0.000000000000E+00
  0.848224236326E+02  0.000000000000E+00
  0.862479803734E+02  0.000000000000E+00
  0.876974954918E+02  0.000000000000E+00
  0.891713716401E+02  0.000000000000E+00
  0.906700182380E+02  0.000000000000E+00
  0.921938515857E+02  0.000000000000E+00
  0.937432949801E+02  0.000000000000E+00
  0.953187788321E+02  0.000000000000E+00
  0.969207407862E+02  0.000000000000E+00
  0.985496258423E+02  0.000000000000E+00
  0.100205886479E+03  0.000000000000E+00
  0.101889982779E+03  0.000000000000E+00
         795           1         210
  0.000000000000E+00  0.000000000000E+00
  0.306507791728E-05  0.324641703220E-10
  0.618166854669E-05  0.132048232051E-09
  0.935063762790E-05  0.302136665183E-09
  0.125728654505E-04  0.546247237746E-09
  0.158492470984E-04  0.868035830114E-09
  0.191806926988E-04  0.127130142748E-08
  0.225681276746E-04  0.175999128647E-08
  0.260124930018E-04  0.233820628188E-08
  0.295147454706E-04  0.301020643972E-08
  0.330758579515E-04  0.378041666288E-08
  0.366968196654E-04  0.465343265611E-08
  0.403786364581E-04  0.563402705720E-08
  0.441223310802E-04  0.672715578117E-08
  0.479289434710E-04  0.793796458512E-08
  0.517995310473E-04  0.927179586102E-08
  0.557351689972E-04  0.107341956644E-07
  0.597369505788E-04  0.123309209868E-07
  0.638059874238E-04  0.140679472810E-07
  0.679434098463E-04  0.159514762463E-07
  0.721503671571E-04  0.179879438847E-07
  0.764280279823E-04  0.201840288351E-07
  0.807775805886E-04  0.225466609969E-07
  0.852002332130E-04  0.250830304515E-07
  0.896972143987E-04  0.278005966932E-07
  0.942697733359E-04  0.307070981785E-07
  0.989191802093E-04  0.338105622060E-07
  0.103646726551E-03  0.371193151377E-07
  0.108453725598E-03  0.406419929735E-07
  0.113341512659E-03  0.443875522903E-07
  0.118311445485E-03  0.483652815591E-07
  0.123364904643E-03  0.525848128528E-07
  0.128503293906E-03  0.570561339572E-07
  0.133728040636E-03  0.617896009001E-07
  0.139040596186E-03  0.667959509119E-07
  0.144442436300E-03  0.720863158326E-07
  0.149935061524E-03  0.776722359815E-07
  0.155519997622E-03  0.835656745028E-07
  0.161198796001E-03  0.897790322066E-07
  0.166973034141E-03  0.963251629192E-07
  0.172844316036E-03  0.103217389362E-06
  0.178814272634E-03  0.110469519577E-06
  0.184884562295E-03  0.118095863914E-06
  0.191056871249E-03  0.126111252605E-06
  0.197332914067E-03  0.134531053943E-06
  0.203714434135E-03  0.143371193077E-06
  0.210203204136E-03  0.152648171463E-06
  0.216801026551E-03  0.162379086975E-06
  0.223509734148E-03  0.172581654708E-06
  0.230331190502E-03  0.183274228495E-06
  0.237267290505E-03  0.194475823162E-06
  0.244319960897E-03  0.206206137541E-06
  0.251491160797E-03  0.218485578281E-06
  0.258782882252E-03  0.231335284463E-06
  0.266197150786E-03  0.244777153066E-06
  0.273736025968E-03  0.258833865304E-06
  0.281401601976E-03  0.273528913855E-06
  0.289196008187E-03  0.288886631036E-06
  0.297121409764E-03  0.304932217931E-06
  0.305180008259E-03  0.321691774515E-06
  0.313374042222E-03  0.339192330814E-06
  0.321705787828E-03  0.357461879124E-06
  0.330177559502E-03  0.376529407329E-06
  0.338791710571E-03  0.396424933366E-06
  0.347550633908E-03  0.417179540851E-06
  0.356456762605E-03  0.438825415939E-06
  0.365512570643E-03  0.461395885424E-06
  0.374720573583E-03  0.484925456151E-06
  0.384083329262E-03  0.509449855765E-06
  0.393603438507E-03  0.535006074848E-06
  0.403283545853E-03  0.561632410502E-06
  0.413126340281E-03  0.589368511401E-06
  0.423134555964E-03  0.618255424388E-06
  0.433310973027E-03  0.648335642659E-06
  0.443658418317E-03  0.679653155577E-06
  0.454179766191E-03  0.712253500194E-06
  0.464877939314E-03  0.746183814512E-06
  0.475755909468E-03  0.781492892571E-06
  0.486816698383E-03  0.818231241392E-06
  0.498063378571E-03  0.856451139872E-06
  0.509499074182E-03  0.896206699667E-06
  0.521126961872E-03  0.937553928152E-06
  0.532950271683E-03  0.980550793517E-06
  0.544972287946E-03  0.102525729207E-05
  0.557196350186E-03  0.107173551783E-05
  0.569625854054E-03  0.112004973447E-05
  0.582264252271E-03  0.117026644972E-05
  0.595115055584E-03  0.122245449228E-05
  0.608181833744E-03  0.127668509135E-05
  0.621468216494E-03  0.133303195881E-05
  0.634977894582E-03  0.139157137431E-05
  0.648714620784E-03  0.145238227305E-05
  0.662682210944E-03  0.151554633673E-05
  0.676884545040E-03  0.158114808745E-05
  0.691325568254E-03  0.164927498485E-05
  0.706009292076E-03  0.172001752649E-05
  0.720939795412E-03  0.179346935170E-05
  0.736121225719E-03  0.186972734884E-05
  0.751557800160E-03  0.194889176632E-05
  0.767253806771E-03  0.203106632724E-05
  0.783213605655E-03  0.211635834798E-05
  0.799441630192E-03  0.220487886083E-05
  0.815942388271E-03  0.229674274065E-05
  0.832720463542E-03  0.239206883593E-05
  0.849780516689E-03  0.249098010419E-05
  0.867127286725E-03  0.259360375201E-05
  0.884765592310E-03  0.270007137974E-05
  0.902700333086E-03  0.281051913114E-05
  0.920936491041E-03  0.292508784799E-05
  0.939479131892E-03  0.304392323005E-05
  0.958333406491E-03  0.316717600025E-05
  0.977504552258E-03  0.329500207558E-05
  0.996997894634E-03  0.342756274367E-05
  0.101681884856E-02  0.356502484535E-05
  0.103697291999E-02  0.370756096330E-05
  0.105746570740E-02  0.385534961719E-05
  0.107830290337E-02  0.400857546519E-05
  0.109949029614E-02  0.416742951247E-05
  0.112103377123E-02  0.433210932654E-05
  0.114293931308E-02  0.450281925993E-05
  0.116521300671E-02  0.467977068036E-05
  0.118786103938E-02  0.486318220860E-05
  0.121088970238E-02  0.505327996432E-05
  0.123430539270E-02  0.525029782029E-05
  0.125811461484E-02  0.545447766499E-05
  0.128232398264E-02  0.566606967413E-05
  0.130694022107E-02  0.588533259125E-05
  0.133197016814E-02  0.611253401772E-05
  0.135742077677E-02  0.634795071254E-05
  0.138329911673E-02  0.659186890206E-05
  0.140961237663E-02  0.684458460024E-05
  0.143636786587E-02  0.710640393950E-05
  0.146357301669E-02  0.737764351277E-05
  0.149123538627E-02  0.765863072692E-05
  0.151936265878E-02  0.794970416807E-05
  0.154796264751E-02  0.825121397906E-05
  0.157704329711E-02  0.856352224964E-05
  0.160661268571E-02  0.888700341964E-05
  0.163667902723E-02  0.922204469566E-05
  0.166725067361E-02  0.956904648163E-05
  0.169833611719E-02  0.992842282387E-05
  0.172994399300E-02  0.103006018709E-04
  0.176208308121E-02  0.106860263485E-04
  0.179476230956E-02  0.110851540511E-04
  0.182799075582E-02  0.114984583490E-04
  0.186177765032E-02  0.119264287127E-04
  0.189613237853E-02  0.123695712547E-04
  0.193106448366E-02  0.128284092899E-04
  0.196658366929E-02  0.133034839133E-04
  0.200269980208E-02  0.137953545988E-04
  0.203942291454E-02  0.143045998161E-04
  0.207676320775E-02  0.148318176693E-04
  0.211473105427E-02  0.153776265565E-04
  0.215333700097E-02  0.159426658510E-04
  0.219259177196E-02  0.165275966058E-04
  0.223250627160E-02  0.171331022803E-04
  0.227309158750E-02  0.177598894926E-04
  0.231435899364E-02  0.184086887957E-04
  0.235631995343E-02  0.190802554800E-04
  0.239898612299E-02  0.197753704020E-04
  0.244236935428E-02  0.204948408407E-04
  0.248648169849E-02  0.212395013826E-04
  0.253133540933E-02  0.220102148355E-04
  0.257694294645E-02  0.228078731728E-04
  0.262331697892E-02  0.236333985091E-04
  0.267047038869E-02  0.244877441081E-04
  0.271841627425E-02  0.253718954232E-04
  0.276716795419E-02  0.262868711736E-04
  0.281673897098E-02  0.272337244548E-04
  0.286714309466E-02  0.282135438864E-04
  0.291839432669E-02  0.292274547974E-04
  0.297050690386E-02  0.302766204511E-04
  0.302349530222E-02  0.313622433095E-04
  0.307737424111E-02  0.324855663400E-04
  0.313215868724E-02  0.336478743650E-04
  0.318786385888E-02  0.348504954556E-04
  0.324450523003E-02  0.360948023714E-04
  0.330209853479E-02  0.373822140472E-04
  0.336065977165E-02  0.387141971291E-04
  0.342020520800E-02  0.400922675604E-04
  0.348075138464E-02  0.415179922197E-04
  0.354231512032E-02  0.429929906130E-04
  0.360491351648E-02  0.445189366205E-04
  0.366856396197E-02  0.460975603011E-04
  0.373328413787E-02  0.477306497561E-04
  0.379909202244E-02  0.494200530526E-04
  0.386600589605E-02  0.511676802117E-04
  0.393404434633E-02  0.529755052591E-04
  0.400322627329E-02  0.548455683451E-04
  0.407357089456E-02  0.567799779316E-04
  0.414509775079E-02  0.587809130516E-04
  0.421782671099E-02  0.608506256414E-04
  0.429177797812E-02  0.629914429493E-04
  0.436697209468E-02  0.652057700220E-04
  0.444342994841E-02  0.674960922720E-04
  0.452117277809E-02  0.698649781282E-04
  0.460022217945E-02  0.723150817720E-04
  0.468060011117E-02  0.748491459628E-04
  0.476232890096E-02  0.774700049541E-04
  0.484543125179E-02  0.801805875043E-04
  0.492993024819E-02  0.829839199847E-04
  0.501584936264E-02  0.858831295871E-04
  0.510321246211E-02  0.888814476363E-04
  0.519204381470E-02  0.919822130074E-04
  0.528236809635E-02  0.951888756546E-04
  0.537421039771E-02  0.985050002522E-04
  0.546759623114E-02  0.101934269954E-03
  0.556255153774E-02  0.105480490270E-03
  0.565910269459E-02  0.109147593075E-03
  0.575727652208E-02  0.112939640732E-03
  0.585710029135E-02  0.116860830365E-03
  0.595860173187E-02  0.120915498250E-03
  0.606180903914E-02  0.125108124363E-03
  0.616675088250E-02  0.129443337058E-03
  0.627345641316E-02  0.133925917907E-03
  0.638195527222E-02  0.138560806683E-03
  0.649227759895E-02  0.143353106509E-03
  0.660445403916E-02  0.148308089167E-03
  0.671851575368E-02  0.153431200574E-03
  0.683449442706E-02  0.158728066434E-03
  0.695242227634E-02  0.164204498070E-03
  0.707233206002E-02  0.169866498431E-03
  0.719425708714E-02  0.175720268303E-03
  0.731823122654E-02  0.181772212701E-03
  0.744428891630E-02  0.188028947472E-03
  0.757246517323E-02  0.194497306100E-03
  0.770279560269E-02  0.201184346728E-03
  0.783531640840E-02  0.208097359394E-03
  0.797006440256E-02  0.215243873500E-03
  0.810707701603E-02  0.222631665511E-03
  0.824639230874E-02  0.230268766892E-03
  0.838804898030E-02  0.238163472295E-03
  0.853208638067E-02  0.246324347999E-03
  0.867854452119E-02  0.254760240611E-03
  0.882746408560E-02  0.263480286037E-03
  0.897888644141E-02  0.272493918734E-03
  0.913285365137E-02  0.281810881237E-03
  0.928940848512E-02  0.291441233992E-03
  0.944859443113E-02  0.301395365484E-03
  0.961045570874E-02  0.311684002675E-03
  0.977503728046E-02  0.322318221767E-03
  0.994238486445E-02  0.333309459288E-03
  0.101125449472E-01  0.344669523522E-03
  0.102855647966E-01  0.356410606281E-03
  0.104614924747E-01  0.368545295040E-03
  0.106403768515E-01  0.381086585438E-03
  0.108222676182E-01  0.394047894155E-03
  0.110072153012E-01  0.407443072179E-03
  0.111952712761E-01  0.421286418477E-03
  0.113864877819E-01  0.435592694072E-03
  0.115809179354E-01  0.450377136541E-03
  0.117786157463E-01  0.465655474951E-03
  0.119796361319E-01  0.481443945238E-03
  0.121840349326E-01  0.497759306047E-03
  0.123918689270E-01  0.514618855036E-03
  0.126031958482E-01  0.532040445671E-03
  0.128180743995E-01  0.550042504510E-03
  0.130365642707E-01  0.568644049001E-03
  0.132587261548E-01  0.587864705800E-03
  0.134846217650E-01  0.607724729629E-03
  0.137143138514E-01  0.628245022681E-03
  0.139478662190E-01  0.649447154591E-03
  0.141853437448E-01  0.671353382993E-03
  0.144268123963E-01  0.693986674660E-03
  0.146723392498E-01  0.717370727269E-03
  0.149219925086E-01  0.741529991778E-03
  0.151758415227E-01  0.766489695457E-03
  0.154339568071E-01  0.792275865566E-03
  0.156964100623E-01  0.818915353718E-03
  0.159632741936E-01  0.846435860925E-03
  0.162346233317E-01  0.874865963355E-03
  0.165105328530E-01  0.904235138820E-03
  0.167910794009E-01  0.934573793997E-03
  0.170763409068E-01  0.965913292419E-03
  0.173663966117E-01  0.998285983242E-03
  0.176613270887E-01  0.103172523081E-02
  0.179612142648E-01  0.106626544504E-02
  0.182661414438E-01  0.110194211263E-02
  0.185761933297E-01  0.113879182914E-02
  0.188914560500E-01  0.117685233194E-02
  0.192120171798E-01  0.121616253406E-02
  0.195379657658E-01  0.125676255890E-02
  0.198693923514E-01  0.129869377598E-02
  0.202063890018E-01  0.134199883755E-02
  0.205490493292E-01  0.138672171620E-02
  0.208974685193E-01  0.143290774351E-02
  0.212517433574E-01  0.148060364964E-02
  0.216119722554E-01  0.152985760403E-02
  0.219782552794E-01  0.158071925712E-02
  0.223506941768E-01  0.163323978314E-02
  0.227293924054E-01  0.168747192403E-02
  0.231144551616E-01  0.174347003451E-02
  0.235059894096E-01  0.180129012818E-02
  0.239041039116E-01  0.186098992493E-02
  0.243089092575E-01  0.192262889944E-02
  0.247205178957E-01  0.198626833093E-02
  0.251390441647E-01  0.205197135409E-02
  0.255646043244E-01  0.211980301137E-02
  0.259973165888E-01  0.218983030641E-02
  0.264373011585E-01  0.226212225885E-02
  0.268846802542E-01  0.233674996044E-02
  0.273395781508E-01  0.241378663243E-02
  0.278021212118E-01  0.249330768443E-02
  0.282724379242E-01  0.257539077449E-02
  0.287506589347E-01  0.266011587071E-02
  0.292369170855E-01  0.274756531418E-02
  0.297313474514E-01  0.283782388341E-02
  0.302340873774E-01  0.293097886014E-02
  0.307452765167E-01  0.302712009667E-02
  0.312650568696E-01  0.312634008464E-02
  0.317935728228E-01  0.322873402538E-02
  0.323309711898E-01  0.333439990160E-02
  0.328774012512E-01  0.344343855086E-02
  0.334330147968E-01  0.355595374033E-02
  0.339979661672E-01  0.367205224328E-02
  0.345724122970E-01  0.379184391702E-02
  0.351565127582E-01  0.391544178251E-02
  0.357504298048E-01  0.404296210544E-02
  0.363543284174E-01  0.417452447900E-02
  0.369683763497E-01  0.431025190818E-02
  0.375927441744E-01  0.445027089568E-02
  0.382276053310E-01  0.459471152943E-02
  0.388731361740E-01  0.474370757168E-02
  0.395295160216E-01  0.489739654972E-02
  0.401969272058E-01  0.505591984817E-02
  0.408755551229E-01  0.521942280287E-02
  0.415655882849E-01  0.538805479631E-02
  0.422672183722E-01  0.556196935470E-02
  0.429806402866E-01  0.574132424647E-02
  0.437060522054E-01  0.592628158246E-02
  0.444436556366E-01  0.611700791748E-02
  0.451936554747E-01  0.631367435348E-02
  0.459562600579E-01  0.651645664409E-02
  0.467316812256E-01  0.672553530064E-02
  0.475201343777E-01  0.694109569964E-02
  0.483218385340E-01  0.716332819151E-02
  0.491370163952E-01  0.739242821072E-02
  0.499658944049E-01  0.762859638722E-02
  0.508087028122E-01  0.787203865905E-02
  0.516656757361E-01  0.812296638614E-02
  0.525370512300E-01  0.838159646528E-02
  0.534230713484E-01  0.864815144609E-02
  0.543239822137E-01  0.892285964802E-02
  0.552400340846E-01  0.920595527823E-02
  0.561714814259E-01  0.949767855032E-02
  0.571185829789E-01  0.979827580382E-02
  0.580816018336E-01  0.101079996243E-01
  0.590608055013E-01  0.104271089643E-01
  0.600564659893E-01  0.107558692639E-01
  0.610688598765E-01  0.110945525729E-01
  0.620982683898E-01  0.114434376722E-01
  0.631449774827E-01  0.118028101956E-01
  0.642092779144E-01  0.121729627518E-01
  0.652914653308E-01  0.125541950457E-01
  0.663918403465E-01  0.129468140000E-01
  0.675107086282E-01  0.133511338760E-01
  0.686483809800E-01  0.137674763934E-01
  0.698051734291E-01  0.141961708501E-01
  0.709814073144E-01  0.146375542404E-01
  0.721774093749E-01  0.150919713720E-01
  0.733935118412E-01  0.155597749817E-01
  0.746300525273E-01  0.160413258499E-01
  0.758873749247E-01  0.165369929123E-01
  0.771658282978E-01  0.170471533706E-01
  0.784657677806E-01  0.175721928002E-01
  0.797875544759E-01  0.181125052553E-01
  0.811315555550E-01  0.186684933715E-01
  0.824981443603E-01  0.192405684652E-01
  0.838877005086E-01  0.198291506293E-01
  0.853006099966E-01  0.204346688254E-01
  0.867372653083E-01  0.210575609720E-01
  0.881980655238E-01  0.216982740281E-01
  0.896834164303E-01  0.223572640725E-01
  0.911937306349E-01  0.230349963774E-01
  0.927294276791E-01  0.237319454770E-01
  0.942909341551E-01  0.244485952302E-01
  0.958786838248E-01  0.251854388772E-01
  0.974931177401E-01  0.259429790890E-01
  0.991346843652E-01  0.267217280104E-01
  0.100803839701E+00  0.275222072947E-01
  0.102501047413E+00  0.283449481318E-01
  0.104226778959E+00  0.291904912661E-01
  0.105981513719E+00  0.300593870070E-01
  0.107765739132E+00  0.309521952291E-01
  0.109579950826E+00  0.318694853626E-01
  0.111424652761E+00  0.328118363734E-01
  0.113300357366E+00  0.337798367320E-01
  0.115207585683E+00  0.347740843710E-01
  0.117146867509E+00  0.357951866299E-01
  0.119118741546E+00  0.368437601881E-01
  0.121123755549E+00  0.379204309831E-01
  0.123162466481E+00  0.390258341162E-01
  0.125235440662E+00  0.401606137423E-01
  0.127343253931E+00  0.413254229451E-01
  0.129486491807E+00  0.425209235960E-01
  0.131665749647E+00  0.437477861963E-01
  0.133881632814E+00  0.450066897022E-01
  0.136134756846E+00  0.462983213315E-01
  0.138425747624E+00  0.476233763515E-01
  0.140755241551E+00  0.489825578475E-01
  0.143123885722E+00  0.503765764706E-01
  0.145532338109E+00  0.518061501648E-01
  0.147981267743E+00  0.532720038718E-01
  0.150471354898E+00  0.547748692135E-01
  0.153003291280E+00  0.563154841513E-01
  0.155577780221E+00  0.578945926198E-01
  0.158195536874E+00  0.595129441375E-01
  0.160857288411E+00  0.611712933898E-01
  0.163563774222E+00  0.628703997865E-01
  0.166315746129E+00  0.646110269912E-01
  0.169113968585E+00  0.663939424226E-01
  0.171959218892E+00  0.682199167269E-01
  0.174852287415E+00  0.700897232202E-01
  0.177793977804E+00  0.720041373000E-01
  0.180785107214E+00  0.739639358258E-01
  0.183826506533E+00  0.759698964670E-01
  0.186919020613E+00  0.780227970184E-01
  0.190063508507E+00  0.801234146815E-01
  0.193260843703E+00  0.822725253126E-01
  0.196511914371E+00  0.844709026344E-01
  0.199817623607E+00  0.867193174138E-01
  0.203178889684E+00  0.890185366025E-01
  0.206596646310E+00  0.913693224415E-01
  0.210071842882E+00  0.937724315285E-01
  0.213605444756E+00  0.962286138482E-01
  0.217198433511E+00  0.987386117642E-01
  0.220851807222E+00  0.101303158974E+00
  0.224566580739E+00  0.103922979426E+00
  0.228343785966E+00  0.106598786195E+00
  0.232184472153E+00  0.109331280325E+00
  0.236089706180E+00  0.112121149633E+00
  0.240060572861E+00  0.114969067468E+00
  0.244098175239E+00  0.117875691443E+00
  0.248203634897E+00  0.120841662122E+00
  0.252378092266E+00  0.123867601676E+00
  0.256622706944E+00  0.126954112500E+00
  0.260938658020E+00  0.130101775799E+00
  0.265327144395E+00  0.133311150132E+00
  0.269789385122E+00  0.136582769938E+00
  0.274326619741E+00  0.139917144012E+00
  0.278940108624E+00  0.143314753969E+00
  0.283631133326E+00  0.146776052667E+00
  0.288400996938E+00  0.150301462608E+00
  0.293251024454E+00  0.153891374313E+00
  0.298182563135E+00  0.157546144674E+00
  0.303196982885E+00  0.161266095281E+00
  0.308295676629E+00  0.165051510732E+00
  0.313480060705E+00  0.168902636922E+00
  0.318751575253E+00  0.172819679318E+00
  0.324111684615E+00  0.176802801212E+00
  0.329561877747E+00  0.180852121964E+00
  0.335103668625E+00  0.184967715230E+00
  0.340738596671E+00  0.189149607178E+00
  0.346468227180E+00  0.193397774683E+00
  0.352294151753E+00  0.197712143518E+00
  0.358217988738E+00  0.202092586523E+00
  0.364241383685E+00  0.206538921760E+00
  0.370366009797E+00  0.211050910645E+00
  0.376593568400E+00  0.215628256065E+00
  0.382925789410E+00  0.220270600456E+00
  0.389364431818E+00  0.224977523864E+00
  0.395911284178E+00  0.229748541956E+00
  0.402568165101E+00  0.234583103997E+00
  0.409336923765E+00  0.239480590772E+00
  0.416219440423E+00  0.244440312456E+00
  0.423217626929E+00  0.249461506411E+00
  0.430333427271E+00  0.254543334927E+00
  0.437568818104E+00  0.259684882871E+00
  0.444925809305E+00  0.264885155265E+00
  0.452406444532E+00  0.270143074775E+00
  0.460012801785E+00  0.275457479114E+00
  0.467746993992E+00  0.280827118364E+00
  0.475611169588E+00  0.286250652218E+00
  0.483607513118E+00  0.291726647153E+00
  0.491738245838E+00  0.297253573560E+00
  0.500005626339E+00  0.302829802838E+00
  0.508411951168E+00  0.308453604494E+00
  0.516959555470E+00  0.314123143292E+00
  0.525650813634E+00  0.319836476498E+00
  0.534488139953E+00  0.325591551299E+00
  0.543473989299E+00  0.331386202483E+00
  0.552610857797E+00  0.337218150514E+00
  0.561901283526E+00  0.343085000147E+00
  0.571347847220E+00  0.348984239830E+00
  0.580953172983E+00  0.354913242157E+00
  0.590719929025E+00  0.360869265799E+00
  0.600650828396E+00  0.366849459421E+00
  0.610748629743E+00  0.372850868318E+00
  0.621016138075E+00  0.378870444640E+00
  0.631456205545E+00  0.384905062408E+00
  0.642071732238E+00  0.390951538620E+00
  0.652865666979E+00  0.397006662058E+00
  0.663841008154E+00  0.403067231237E+00
  0.675000804539E+00  0.409130102725E+00
  0.686348156149E+00  0.415192249990E+00
  0.697886215099E+00  0.421250831276E+00
  0.709618186480E+00  0.427303261953E+00
  0.721547329248E+00  0.433347282917E+00
  0.733676957131E+00  0.439381011561E+00
  0.746010439547E+00  0.445402957564E+00
  0.758551202544E+00  0.451411983299E+00
  0.771302729746E+00  0.457407191655E+00
  0.784268563328E+00  0.463387733714E+00
  0.797452304993E+00  0.469352546318E+00
  0.810857616976E+00  0.475300050705E+00
  0.824488223061E+00  0.481227862256E+00
  0.838347909615E+00  0.487132568386E+00
  0.852440526641E+00  0.493009622344E+00
  0.866769988844E+00  0.498853374559E+00
  0.881340276723E+00  0.504657229573E+00
  0.896155437675E+00  0.510413886833E+00
  0.911219587115E+00  0.516115609644E+00
  0.926536909629E+00  0.521754470816E+00
  0.942111660125E+00  0.527322541985E+00
  0.957948165024E+00  0.532812015319E+00
  0.974050823456E+00  0.538215264024E+00
  0.990424108486E+00  0.543524857000E+00
  0.100707256835E+01  0.548733545054E+00
  0.102400082774E+01  0.553834233126E+00
  0.104121358904E+01  0.558819948953E+00
  0.105871563370E+01  0.563683814289E+00
  0.107651182350E+01  0.568419021934E+00
  0.109460710195E+01  0.573018819654E+00
  0.111300649563E+01  0.577476501063E+00
  0.113171511559E+01  0.581785402832E+00
  0.115073815881E+01  0.585938907450E+00
  0.117008090957E+01  0.589930450597E+00
  0.118974874099E+01  0.593753532247E+00
  0.120974711649E+01  0.597401730672E+00
  0.123008159129E+01  0.600868718543E+00
  0.125075781399E+01  0.604148280493E+00
  0.127178152813E+01  0.607234331469E+00
  0.129315857375E+01  0.610120935454E+00
  0.131489488906E+01  0.612802324040E+00
  0.133699651206E+01  0.615272914655E+00
  0.135946958225E+01  0.617527328034E+00
  0.138232034227E+01  0.619560404959E+00
  0.140555513972E+01  0.621367221932E+00
  0.142918042886E+01  0.622943105967E+00
  0.145320277240E+01  0.624283648201E+00
  0.147762884339E+01  0.625384716638E+00
  0.150246542700E+01  0.626242467715E+00
  0.152771942244E+01  0.626853357090E+00
  0.155339784487E+01  0.627214149312E+00
  0.157950782735E+01  0.627321926848E+00
  0.160605662282E+01  0.627174098052E+00
  0.163305160612E+01  0.626768404626E+00
  0.166050027603E+01  0.626102928103E+00
  0.168841025735E+01  0.625176095932E+00
  0.171678930304E+01  0.623986686641E+00
  0.174564529635E+01  0.622533834718E+00
  0.177498625302E+01  0.620817034609E+00
  0.180482032349E+01  0.618836144521E+00
  0.183515579522E+01  0.616591389380E+00
  0.186600109490E+01  0.614083363648E+00
  0.189736479088E+01  0.611313033337E+00
  0.192925559550E+01  0.608281737906E+00
  0.196168236751E+01  0.604991191367E+00
  0.199465411457E+01  0.601443483282E+00
  0.202817999570E+01  0.597641078961E+00
  0.206226932387E+01  0.593586819514E+00
  0.209693156855E+01  0.589283921055E+00
  0.213217635837E+01  0.584735973698E+00
  0.216801348377E+01  0.579946939610E+00
  0.220445289974E+01  0.574921150718E+00
  0.224150472857E+01  0.569663305356E+00
  0.227917926268E+01  0.564178464362E+00
  0.231748696745E+01  0.558472045942E+00
  0.235643848417E+01  0.552549819735E+00
  0.239604463295E+01  0.546417899428E+00
  0.243631641575E+01  0.540082734274E+00
  0.247726501943E+01  0.533551098952E+00
  0.251890181888E+01  0.526830082005E+00
  0.256123838014E+01  0.519927072433E+00
  0.260428646363E+01  0.512849744601E+00
  0.264805802744E+01  0.505606041172E+00
  0.269256523061E+01  0.498204154200E+00
  0.273782043654E+01  0.490652504262E+00
  0.278383621641E+01  0.482959717750E+00
  0.283062535268E+01  0.475134602394E+00
  0.287820084264E+01  0.467186121174E+00
  0.292657590199E+01  0.459123364867E+00
  0.297576396858E+01  0.450955523417E+00
  0.302577870607E+01  0.442691856575E+00
  0.307663400775E+01  0.434341663987E+00
  0.312834400044E+01  0.425914255339E+00
  0.318092304836E+01  0.417418920703E+00
  0.323438575712E+01  0.408864901809E+00
  0.328874697783E+01  0.400261364298E+00
  0.334402181117E+01  0.391617371733E+00
  0.340022561163E+01  0.382941861292E+00
  0.345737399172E+01  0.374243621913E+00
  0.351548282637E+01  0.365531274658E+00
  0.357456825730E+01  0.356813255984E+00
  0.363464669750E+01  0.348097803538E+00
  0.369573483581E+01  0.339392945044E+00
  0.375784964156E+01  0.330706489745E+00
  0.382100836925E+01  0.322046022839E+00
  0.388522856339E+01  0.313418902237E+00
  0.395052806333E+01  0.304832257974E+00
  0.401692500824E+01  0.296292993475E+00
  0.408443784215E+01  0.287807788927E+00
  0.415308531904E+01  0.279383105891E+00
  0.422288650812E+01  0.271025193329E+00
  0.429386079903E+01  0.262740094174E+00
  0.436602790733E+01  0.254533652580E+00
  0.443940787990E+01  0.246411520990E+00
  0.451402110052E+01  0.238379167183E+00
  0.458988829559E+01  0.230441880489E+00
  0.466703053980E+01  0.222604777359E+00
  0.474546926205E+01  0.214872805594E+00
  0.482522625138E+01  0.207250747461E+00
  0.490632366303E+01  0.199743221130E+00
  0.498878402457E+01  0.192354680717E+00
  0.507263024219E+01  0.185089414529E+00
  0.515788560705E+01  0.177951541849E+00
  0.524457380173E+01  0.170945007989E+00
  0.533271890685E+01  0.164073578035E+00
  0.542234540774E+01  0.157340829131E+00
  0.551347820121E+01  0.150750141758E+00
  0.560614260251E+01  0.144304689980E+00
  0.570036435236E+01  0.138007431124E+00
  0.579616962407E+01  0.131861094945E+00
  0.589358503082E+01  0.125868172732E+00
  0.599263763309E+01  0.120030906450E+00
  0.609335494611E+01  0.114351278350E+00
  0.619576494757E+01  0.108831001137E+00
  0.629989608536E+01  0.103471509085E+00
  0.640577728544E+01  0.982739501682E-01
  0.651343795996E+01  0.932391795283E-01
  0.662290801535E+01  0.883677543186E-01
  0.673421786065E+01  0.836599301552E-01
  0.684739841598E+01  0.791156591816E-01
  0.696248112113E+01  0.747345898957E-01
  0.707949794423E+01  0.705160686970E-01
  0.719848139073E+01  0.664591432307E-01
  0.731946451234E+01  0.625625674432E-01
  0.744248091627E+01  0.588248083601E-01
  0.756756477452E+01  0.552440544665E-01
  0.769475083341E+01  0.518182256454E-01
  0.782407442324E+01  0.485449845298E-01
  0.795557146804E+01  0.454217491824E-01
  0.808927849562E+01  0.424457069413E-01
  0.822523264768E+01  0.396138293185E-01
  0.836347169014E+01  0.369228877829E-01
  0.850403402362E+01  0.343694702958E-01
  0.864695869411E+01  0.319499984333E-01
  0.879228540384E+01  0.296607449585E-01
  0.894005452227E+01  0.274978516817E-01
  0.909030709732E+01  0.254573474784E-01
  0.924308486679E+01  0.235351663131E-01
  0.939843026992E+01  0.217271651484E-01
  0.955638645923E+01  0.200291416063E-01
  0.971699731244E+01  0.184368512710E-01
  0.988030744471E+01  0.169460245239E-01
  0.100463622210E+02  0.155523828148E-01
  0.102152077688E+02  0.142516542806E-01
  0.103868909906E+02  0.130395886369E-01
  0.105614595773E+02  0.119119712726E-01
  0.107389620214E+02  0.108646364942E-01
  0.109194476302E+02  0.989347987017E-02
  0.111029665398E+02  0.899446964201E-02
  0.112895697288E+02  0.816365717250E-02
  0.114793090327E+02  0.739718641513E-02
  0.116722371580E+02  0.669130239492E-02
  0.118684076971E+02  0.604235870063E-02
  0.120678751431E+02  0.544682399520E-02
  0.122706949049E+02  0.490128755927E-02
  0.124769233226E+02  0.440246388863E-02
  0.126866176832E+02  0.394719637302E-02
  0.128998362366E+02  0.353246008880E-02
  0.131166382114E+02  0.315536374297E-02
  0.133370838318E+02  0.281315081011E-02
  0.135612343341E+02  0.250319990735E-02
  0.137891519839E+02  0.222302445556E-02
  0.140209000929E+02  0.197027167702E-02
  0.142565430373E+02  0.174272098175E-02
  0.144961462748E+02  0.153828179580E-02
  0.147397763635E+02  0.135499088547E-02
  0.149875009800E+02  0.119100923141E-02
  0.152393889382E+02  0.104461850652E-02
  0.154955102087E+02  0.914217210352E-03
  0.157559359378E+02  0.798316511916E-03
  0.160207384678E+02  0.695535851039E-03
  0.162899913566E+02  0.604598332388E-03
  0.165637693984E+02  0.524325875034E-03
  0.168421486444E+02  0.453634650385E-03
  0.171252064240E+02  0.391530039484E-03
  0.174130213662E+02  0.337101683689E-03
  0.177056734214E+02  0.289518564972E-03
  0.180032438837E+02  0.248024131035E-03
  0.183058154135E+02  0.211931494015E-03
  0.186134720604E+02  0.180618728538E-03
  0.189262992866E+02  0.153524291890E-03
  0.192443839905E+02  0.130142586083E-03
  0.195678145310E+02  0.110019678687E-03
  0.198966807520E+02  0.927491964138E-04
  0.202310740074E+02  0.779684027305E-04
  0.205710871863E+02  0.653544681403E-04
  0.209168147390E+02  0.546209393010E-04
  0.212683527032E+02  0.455144108469E-04
  0.216257987306E+02  0.378114016351E-04
  0.219892521140E+02  0.313154351878E-04
  0.223588138151E+02  0.258543223334E-04
  0.227345864922E+02  0.212776424771E-04
  0.231166745290E+02  0.174544185529E-04
  0.235051840637E+02  0.142709795150E-04
  0.239002230179E+02  0.116290032258E-04
  0.243019011274E+02  0.944373177130E-05
  0.247103299718E+02  0.764235057681E-05
  0.251256230063E+02  0.616252220236E-05
  0.255478955928E+02  0.495106534216E-05
  0.259772650319E+02  0.396276933295E-05
  0.264138505956E+02  0.315933436809E-05
  0.268577735606E+02  0.250842760136E-05
  0.273091572416E+02  0.198284538505E-05
  0.277681270258E+02  0.155977199475E-05
  0.282348104079E+02  0.122012532063E-05
  0.287093370251E+02  0.947980113168E-06
  0.291918386934E+02  0.730059416536E-06
  0.296824494441E+02  0.555284742973E-06
  0.301813055612E+02  0.414375256497E-06
  0.306885456191E+02  0.299485630207E-06
  0.312043105209E+02  0.203871158891E-06
  0.317287435381E+02  0.121566917130E-06
  0.322619903498E+02  0.470649163195E-07
  0.328041990836E+02  0.000000000000E+00
  0.333555203565E+02  0.000000000000E+00
  0.339161073169E+02  0.000000000000E+00
  0.344861156870E+02  0.000000000000E+00
  0.350657038060E+02  0.000000000000E+00
  0.356550326745E+02  0.000000000000E+00
  0.362542659986E+02  0.000000000000E+00
  0.368635702360E+02  0.000000000000E+00
  0.374831146417E+02  0.000000000000E+00
  0.381130713153E+02  0.000000000000E+00
  0.387536152490E+02  0.000000000000E+00
  0.394049243756E+02  0.000000000000E+00
  0.400671796186E+02  0.000000000000E+00
  0.407405649420E+02  0.000000000000E+00
  0.414252674016E+02  0.000000000000E+00
  0.421214771969E+02  0.000000000000E+00
  0.428293877241E+02  0.000000000000E+00
  0.435491956296E+02  0.000000000000E+00
  0.442811008644E+02  0.000000000000E+00
  0.450253067405E+02  0.000000000000E+00
  0.457820199864E+02  0.000000000000E+00
  0.465514508051E+02  0.000000000000E+00
  0.473338129324E+02  0.000000000000E+00
  0.481293236961E+02  0.000000000000E+00
  0.489382040765E+02  0.000000000000E+00
  0.497606787677E+02  0.000000000000E+00
  0.505969762404E+02  0.000000000000E+00
  0.514473288048E+02  0.000000000000E+00
  0.523119726752E+02  0.000000000000E+00
  0.531911480362E+02  0.000000000000E+00
  0.540850991088E+02  0.000000000000E+00
  0.549940742185E+02  0.000000000000E+00
  0.559183258642E+02  0.000000000000E+00
  0.568581107884E+02  0.000000000000E+00
  0.578136900485E+02  0.000000000000E+00
  0.587853290894E+02  0.000000000000E+00
  0.597732978170E+02  0.000000000000E+00
  0.607778706735E+02  0.000000000000E+00
  0.617993267133E+02  0.000000000000E+00
  0.628379496807E+02  0.000000000000E+00
  0.638940280890E+02  0.000000000000E+00
  0.649678552998E+02  0.000000000000E+00
  0.660597296055E+02  0.000000000000E+00
  0.671699543116E+02  0.000000000000E+00
  0.682988378209E+02  0.000000000000E+00
  0.694466937194E+02  0.000000000000E+00
  0.706138408633E+02  0.000000000000E+00
  0.718006034678E+02  0.000000000000E+00
  0.730073111967E+02  0.000000000000E+00
  0.742342992543E+02  0.000000000000E+00
  0.754819084787E+02  0.000000000000E+00
  0.767504854358E+02  0.000000000000E+00
  0.780403825164E+02  0.000000000000E+00
  0.793519580336E+02  0.000000000000E+00
  0.806855763222E+02  0.000000000000E+00
  0.820416078403E+02  0.000000000000E+00
  0.834204292722E+02  0.000000000000E+00
  0.848224236326E+02  0.000000000000E+00
  0.862479803734E+02  0.000000000000E+00
  0.876974954918E+02  0.000000000000E+00
  0.891713716401E+02  0.000000000000E+00
  0.906700182380E+02  0.000000000000E+00
  0.921938515857E+02  0.000000000000E+00
  0.937432949801E+02  0.000000000000E+00
  0.953187788321E+02  0.000000000000E+00
  0.969207407862E+02  0.000000000000E+00
  0.985496258423E+02  0.000000000000E+00
  0.100205886479E+03  0.000000000000E+00
  0.101889982779E+03  0.000000000000E+00
  davegp - end printing all-electron states

 subroutine lderiv: pass   1

 leaving lderiv
