========================================================================
pseudopotential program version  7.3.6   date:  4 - 11 -   16
========================================================================

 ifae =   1    ifpsp =   0    ifprt =   0    ifplw =   0    ilogd =   3
 rlogd=   1.80000     emin=  -2.40000     emax=   1.60000     nnt=   40
 thresh, tol =   1.000E-10   1.000E-09    damp = 0.100    maxit = 400

          *************************************************************
           4.0_Fluorine        Perdew Wang 1991    exchange-correlation
          *************************************************************

 z =  9.00    xion = 1.00    exfact =   4.00000    irel=   2
 ncspvs =    3
 rmax = 200.00000    aasf =   6.00000    bbsf =  59.00000

 value of mesh generated in rinit is   799
 irel = 2 so all electron calculations use koelling-harmon equations


                         the system has converged with
                                 delta= 0.9838867D-09


                             the eigenvalues are


          orbital          occupation          energy
           100                   1.00             -55.42512
           200                   2.00              -3.78955
           210                   5.00              -2.42380
 etot=   -147.53961 ryd ;      -2007.27635 ev            ebsr,ehar,emvxc=    -75.12323     77.02724      4.61086

 subroutine lderiv: pass   1

 leaving lderiv
