========================================================================
pseudopotential program version  7.3.6   date: 28 -  7 -   15
========================================================================

 ifae =   1    ifpsp =   0    ifprt =   0    ifplw =   0    ilogd =   3
 rlogd=   1.80000     emin=  -2.40000     emax=   1.60000     nnt=   40
 thresh, tol =   1.000E-11   1.000E-09    damp = 0.500    maxit = 250

          *************************************************************
          Si                   PBE - GGA           exchange-correlation
          *************************************************************

 z = 14.00    xion = 0.00    exfact =   5.00000    irel=   2
 ncspvs =    5
 rmax = 200.00000    aasf =   7.00000    bbsf =  60.00000

 value of mesh generated in rinit is   899
 irel = 2 so all electron calculations use koelling-harmon equations


                         the system has converged with
                                 delta= 0.8428130D-09


                             the eigenvalues are


          orbital          occupation          energy
           100                   2.00            -131.26353
           200                   2.00             -10.25306
           210                   6.00              -7.02348
           300                   2.00              -0.79473
           310                   2.00              -0.29996
 etot=   -579.67251 ryd ;      -7886.44425 ev            ebsr,ehar,emvxc=   -327.36342    264.31675     12.00766

 subroutine lderiv: pass   1

 leaving lderiv
